1384082002550	,27.14576
1384082002562	,11.696947
1384082002571	,8.648209
1384082002583	,12.233942
1384082002591	,8.205115
1384082002600	,9.171821
1384082002612	,11.831674
1384082002623	,10.929318
1384082002635	,11.654381
1384082002643	,8.070728
1384082002663	,19.836012
1384082002682	,18.883385
1384082002700	,18.270168
1384082002779	,79.41008
1384082002830	,50.17661
1384082002849	,19.642908
1384082002868	,18.56266
1384082002889	,20.760212
1384082002908	,19.055851
1384082002926	,18.003315
1384082002937	,11.48325
1384082002951	,13.15903
1384082002965	,13.8887615
1384082002995	,30.426836
1384082003029	,33.467335
1384082003044	,15.414476
1384082003060	,15.620434
1384082003080	,20.186552
1384082003102	,21.7273
1384082003136	,34.066944
1384082003157	,20.867481
1384082003168	,11.320199
1384082003181	,13.0379
1384082003202	,20.455435
1384082003243	,41.17955
1384082003263	,20.058668
1384082003281	,17.731276
1384082003308	,27.18286
1384082003326	,17.779726
1384082003343	,17.030565
1384082003355	,11.938159
1384082003370	,14.714085
1384082003386	,15.898847
1384082003402	,16.316597
1384082003414	,11.513483
1384082003432	,18.215944
1384082003481	,49.15839
1384082003498	,16.418003
1384082003514	,15.875067
1384082003527	,13.60305
1384082003543	,15.126328
1384082003557	,14.773407
1384082003571	,13.208535
1384082003583	,12.304704
1384082003605	,22.388544
1384082003623	,17.316408
1384082003637	,13.627709
1384082003648	,11.098496
1384082003677	,29.607988
1384082003691	,13.935083
1384082003710	,19.117567
1384082003723	,12.724784
1384082003745	,21.400251
1384082003759	,14.0768795
1384082003776	,16.554724
1384082003793	,17.795452
1384082003807	,13.654812
1384082003834	,26.75256
1384082003846	,11.829255
1384082003861	,14.83096
1384082003903	,42.372093
1384082003924	,20.890207
1384082003939	,14.812311
1384082003954	,15.425538
1384082003967	,12.276723
1384082003978	,11.141143
1384082003991	,12.533662
1384082004003	,12.462038
1384082004021	,17.95406
1384082004035	,13.8209305
1384082004062	,26.822628
1384082004077	,15.181126
1384082004128	,50.835598
1384082004148	,19.795607
1384082004159	,11.324847
1384082004174	,15.098764
1384082004185	,10.877632
1384082004201	,15.717996
1384082004218	,17.006332
1384082004243	,24.393095
1384082004255	,12.472588
1384082004274	,18.502932
1384082004289	,14.830285
1384082004301	,12.497666
1384082004326	,24.729006
1384082004345	,19.153517
1384082004360	,14.705366
1384082004373	,13.158043
1384082004386	,13.01888
1384082004397	,11.263564
1384082004411	,13.694808
1384082004437	,26.139809
1384082004459	,21.137348
1384082004478	,19.243813
1384082004494	,16.203531
1384082004520	,25.36518
1384082004561	,41.244686
1384082004573	,12.006257
1384082004586	,13.387812
1384082004598	,11.169033
1384082004610	,12.450229
1384082004627	,16.342907
1384082004646	,18.89364
1384082004670	,24.153603
1384082004685	,14.825341
1384082004698	,13.333066
1384082004715	,16.80688
1384082004766	,51.065487
1384082004777	,11.266682
1384082004792	,14.66994
1384082004805	,12.922446
1384082004817	,12.320103
1384082004830	,12.366234
1384082004845	,14.679456
1384082004863	,18.148577
1384082004879	,16.394434
1384082004898	,18.489555
1384082004930	,24.25829
1384082004948	,18.408098
1384082004966	,17.218096
1384082004989	,22.855885
1384082005003	,14.767256
1384082005020	,16.37615
1384082005035	,14.727788
1384082005051	,15.963387
1384082005074	,23.517298
1384082005088	,13.606469
1384082005109	,21.090767
1384082005121	,11.601852
1384082005143	,22.428492
1384082005164	,20.768152
1384082005192	,28.23292
1384082005209	,16.671955
1384082005220	,10.783836
1384082005236	,16.164639
1384082005252	,15.371996
1384082005267	,15.423882
1384082005284	,16.99472
1384082005303	,19.2627
1384082005317	,13.494363
1384082005337	,20.014097
1384082005353	,15.464765
1384082005369	,16.214886
1384082005391	,22.201883
1384082005404	,12.845798
1384082005415	,11.000632
1384082005428	,13.099755
1384082005439	,10.3590555
1384082005454	,14.902167
1384082005466	,12.714094
1384082005480	,13.556909
1384082005503	,22.590508
1384082005515	,12.511211
1384082005534	,19.180996
1384082005556	,20.986036
1384082005570	,14.862097
1384082005582	,11.98712
1384082005604	,21.766697
1384082005615	,10.784768
1384082005630	,15.0477085
1384082005645	,15.088687
1384082005661	,15.086551
1384082005671	,10.837513
1384082005707	,35.954506
1384082005722	,14.520527
1384082005736	,14.119515
1384082005758	,22.000824
1384082005775	,16.847435
1384082005786	,10.857464
1384082005811	,25.22182
1384082005823	,11.491335
1384082005837	,14.085445
1384082005848	,10.782387
1384082005861	,12.571703
1384082005873	,12.206595
1384082005885	,11.936578
1384082005914	,29.354908
1384082005928	,13.3878
1384082005943	,15.211755
1384082005957	,13.783182
1384082005978	,21.026613
1384082005990	,11.765206
1384082006021	,30.80135
1384082006033	,12.509406
1384082006049	,15.780422
1384082006063	,14.314463
1384082006077	,13.174489
1384082006097	,20.805466
1384082006123	,25.817951
1384082006135	,11.718202
1384082006155	,19.480276
1384082006171	,16.05458
1384082006184	,13.2010565
1384082006196	,12.433938
1384082006211	,14.508342
1384082006231	,20.23919
1384082006245	,13.593428
1384082006260	,15.168804
1384082006273	,12.808572
1384082006296	,22.412409
1384082006326	,29.86864
1384082006339	,13.771677
1384082006355	,15.830571
1384082006375	,19.44137
1384082006393	,18.323193
1384082006405	,11.57898
1384082006417	,12.325047
1384082006441	,23.947575
1384082006452	,11.293149
1384082006471	,18.16405
1384082006483	,12.635334
1384082006499	,15.973693
1384082006513	,13.731441
1384082006537	,23.506712
1384082006558	,20.698359
1384082006570	,12.495613
1384082006586	,15.995119
1384082006604	,18.22536
1384082006619	,14.442433
1384082006655	,35.608536
1384082006669	,14.109651
1384082006684	,15.001461
1384082006698	,13.786714
1384082006713	,14.773464
1384082006732	,19.544258
1384082006750	,18.181755
1384082006769	,18.133188
1384082006784	,15.688805
1384082006804	,19.683668
1384082006819	,14.97238
1384082006831	,12.208747
1384082006857	,25.149975
1384082006871	,14.672808
1384082006883	,11.986092
1384082006909	,25.390879
1384082006921	,12.476774
1384082006936	,14.944531
1384082006953	,16.96033
1384082006975	,21.808083
1384082006991	,15.627398
1384082007005	,14.388802
1384082007018	,12.511372
1384082007030	,12.092726
1384082007047	,16.422743
1384082007062	,15.009342
1384082007081	,19.055038
1384082007093	,12.146928
1384082007106	,12.91241
1384082007119	,12.60748
1384082007133	,13.975886
1384082007149	,16.252897
1384082007180	,31.21778
1384082007195	,14.589268
1384082007207	,11.593523
1384082007222	,15.879171
1384082007235	,12.485036
1384082007248	,13.374376
1384082007260	,11.543691
1384082007287	,27.019749
1384082007301	,13.364388
1384082007312	,11.47898
1384082007327	,14.785112
1384082007342	,14.660689
1384082007353	,11.11307
1384082007379	,25.696577
1384082007392	,13.859168
1384082007408	,15.292637
1384082007431	,23.107878
1384082007448	,16.614601
1384082007470	,22.339127
1384082007499	,28.650707
1384082007514	,14.567271
1384082007528	,14.116151
1384082007543	,14.487025
1384082007559	,16.357763
1384082007579	,19.2169
1384082007600	,21.230907
1384082007617	,17.237032
1384082007635	,17.82134
1384082007648	,12.912802
1384082007666	,17.533264
1384082007688	,22.063581
1384082007711	,23.62124
1384082007727	,15.044298
1384082007741	,14.17126
1384082007755	,14.124365
1384082007785	,30.15838
1384082007806	,20.784595
1384082007819	,12.405946
1384082007834	,15.261008
1384082007854	,20.219545
1384082007866	,11.933308
1384082007884	,18.315132
1384082007913	,28.63748
1384082007936	,22.455046
1384082007951	,15.199457
1384082007966	,15.2057
1384082007982	,15.422487
1384082008002	,20.009716
1384082008013	,10.90702
1384082008024	,11.177827
1384082008038	,14.378339
1384082008056	,17.104198
1384082008071	,15.021834
1384082008085	,13.896845
1384082008113	,28.164343
1384082008138	,25.433779
1384082008156	,17.67024
1384082008170	,13.530095
1384082008183	,13.834215
1384082008203	,19.695444
1384082008222	,18.908884
1384082008234	,11.267969
1384082008248	,14.119512
1384082008268	,20.730549
1384082008281	,12.164378
1384082008297	,16.381975
1384082008310	,13.131114
1384082008321	,11.078554
1384082008346	,24.300703
1384082008364	,18.544455
1384082008376	,11.168166
1384082008390	,14.116692
1384082008415	,24.907246
1384082008428	,12.898405
1384082008439	,11.223785
1384082008452	,12.9315195
1384082008468	,16.059101
1384082008481	,12.3716135
1384082008493	,12.039637
1384082008509	,16.001179
1384082008532	,23.191801
1384082008555	,22.790052
1384082008568	,13.404599
1384082008584	,15.840714
1384082008603	,18.411158
1384082008617	,14.413622
1384082008631	,13.771425
1384082008647	,16.069223
1384082008662	,15.106609
1384082008682	,19.268444
1384082008695	,13.240649
1384082008712	,17.46696
1384082008741	,28.919409
1384082008767	,25.756615
1384082008782	,15.064243
1384082008801	,18.889301
1384082008816	,14.332489
1384082008829	,13.238683
1384082008845	,15.485783
1384082008856	,11.806503
1384082008868	,11.758358
1384082008889	,20.72634
1384082008904	,15.396052
1384082008919	,14.899851
1384082008932	,12.236803
1384082008947	,15.117458
1384082008967	,19.657097
1384082008978	,11.382325
1384082008992	,13.404824
1384082009010	,18.049936
1384082009023	,12.951651
1384082009043	,20.81237
1384082009055	,11.138869
1384082009073	,18.473272
1384082009104	,30.311619
1384082009118	,14.186464
1384082009133	,15.5278
1384082009156	,22.398815
1384082009183	,26.727549
1384082009198	,15.45734
1384082009215	,17.147644
1384082009226	,11.021405
1384082009241	,14.333756
1384082009254	,13.44099
1384082009269	,14.984275
1384082009281	,11.818965
1384082009301	,20.186132
1384082009315	,13.203512
1384082009330	,14.886085
1384082009408	,78.45059
1384082009448	,39.391075
1384082009464	,16.325785
1384082009481	,17.087347
1384082009493	,11.732468
1384082009516	,22.792355
1384082009532	,16.364998
1384082009543	,10.891248
1384082009554	,10.473228
1384082009566	,11.749152
1384082009580	,13.939777
1384082009590	,10.659341
1384082009602	,11.585805
1384082009657	,55.436718
1384082009669	,11.43213
1384082009685	,15.795095
1384082009696	,11.319414
1384082009716	,19.533348
1384082009727	,10.831087
1384082009748	,21.707012
1384082009763	,14.722387
1384082009776	,13.272176
1384082009787	,10.324387
1384082009798	,11.064575
1384082009818	,20.068855
1384082009864	,46.210743
1384082009877	,12.246943
1384082009892	,15.112884
1384082009904	,11.8111105
1384082009924	,20.456436
1384082009936	,11.973317
1384082009949	,12.371734
1384082009966	,17.1821
1384082009978	,11.699342
1384082009990	,11.945527
1384082010003	,13.587379
1384082010022	,18.78694
1384082010043	,20.725735
1384082010096	,53.26636
1384082010107	,11.058619
1384082010130	,22.594702
1384082010146	,16.30272
1384082010158	,11.412158
1384082010174	,15.597933
1384082010189	,15.591501
1384082010200	,10.668468
1384082010214	,13.812247
1384082010231	,16.860863
1384082010250	,19.420393
1384082010277	,26.98569
1384082010298	,20.656168
1384082010308	,10.418446
1384082010322	,13.25145
1384082010340	,17.803144
1384082010351	,10.882977
1384082010364	,13.881139
1384082010384	,19.665703
1384082010409	,24.57645
1384082010420	,11.396001
1384082010449	,28.904917
1384082010464	,14.779611
1384082010482	,17.576214
1384082010504	,21.953281
1384082010515	,11.259474
1384082010527	,11.563501
1384082010547	,20.185568
1384082010558	,10.931225
1384082010573	,15.529443
1384082010588	,14.322304
1384082010602	,14.252566
1384082010614	,11.8128805
1384082010627	,12.57349
1384082010654	,26.914495
1384082010669	,15.080815
1384082010680	,11.303971
1384082010696	,15.970754
1384082010738	,41.79931
1384082010755	,17.122469
1384082010768	,12.258905
1384082010778	,10.540841
1384082010793	,15.343636
1384082010806	,12.519174
1384082010818	,12.358332
1384082010832	,13.650524
1384082010859	,26.728603
1384082010871	,12.067132
1384082010886	,14.71542
1384082010905	,18.635563
1384082010920	,15.308641
1384082010938	,17.585024
1384082010951	,13.139059
1384082010966	,15.678421
1384082010979	,12.01881
1384082010990	,11.820318
1384082011004	,13.176041
1384082011020	,15.77337
1384082011075	,55.077267
1384082011086	,11.287304
1384082011113	,26.838423
1384082011129	,16.340103
1384082011149	,19.997759
1384082011164	,14.414763
1384082011177	,13.209145
1384082011190	,12.973425
1384082011203	,12.64178
1384082011218	,15.328338
1384082011233	,15.186308
1384082011245	,11.742782
1384082011282	,36.637627
1384082011294	,11.717016
1384082011318	,24.496893
1384082011332	,13.336418
1384082011351	,19.230583
1384082011385	,34.316914
1384082011398	,12.161221
1384082011410	,12.370575
1384082011426	,15.688288
1384082011436	,10.733339
1384082011455	,18.446444
1384082011469	,13.553958
1384082011499	,30.24855
1384082011515	,16.319145
1384082011530	,14.617573
1384082011554	,23.40802
1384082011571	,17.389978
1384082011589	,17.82751
1384082011600	,10.68775
1384082011613	,13.84157
1384082011630	,16.473412
1384082011648	,17.760332
1384082011712	,63.671314
1384082011726	,14.557113
1384082011747	,21.26202
1384082011768	,19.977093
1384082011781	,13.898099
1384082011795	,13.915074
1384082011807	,11.895997
1384082011828	,20.35942
1384082011844	,16.45945
1384082011861	,16.653002
1384082011872	,11.099633
1384082011892	,19.334257
1384082011918	,26.24697
1384082011932	,13.709085
1384082011948	,16.210226
1384082011967	,19.046995
1384082011982	,15.226972
1384082011994	,11.08331
1384082012018	,23.960985
1384082012031	,13.785589
1384082012042	,10.455712
1384082012055	,12.736751
1384082012069	,14.616957
1384082012090	,20.883503
1384082012102	,11.983923
1384082012128	,25.790195
1384082012140	,11.424499
1384082012161	,20.934233
1384082012178	,17.59162
1384082012194	,15.932015
1384082012209	,14.571153
1384082012220	,10.693957
1384082012232	,12.445438
1384082012245	,12.407196
1384082012258	,13.562142
1384082012297	,38.506336
1384082012346	,48.89932
1384082012382	,35.693825
1384082012395	,13.012479
1384082012406	,11.35348
1384082012419	,13.112716
1384082012431	,12.015383
1384082012444	,12.336989
1384082012457	,12.874878
1384082012472	,15.203947
1384082012486	,14.051079
1384082012500	,13.9312315
1384082012517	,16.897623
1384082012531	,13.839244
1384082012562	,30.811588
1384082012577	,14.754943
1384082012596	,19.852728
1384082012612	,15.236091
1384082012626	,14.237554
1384082012641	,15.0303
1384082012667	,26.033424
1384082012681	,13.7351885
1384082012700	,19.091776
1384082012715	,15.212554
1384082012730	,14.755573
1384082012754	,23.816092
1384082012766	,11.544743
1384082012794	,27.798843
1384082012806	,12.16338
1384082012824	,17.867083
1384082012835	,10.718469
1384082012851	,16.531822
1384082012867	,16.201555
1384082012881	,13.95214
1384082012909	,27.949484
1384082012923	,13.726751
1384082012938	,14.557918
1384082012973	,35.581017
1384082012999	,25.926456
1384082013012	,12.598138
1384082013029	,16.421394
1384082013043	,13.991623
1384082013059	,16.635647
1384082013075	,15.310936
1384082013095	,20.287241
1384082013110	,14.730167
1384082013125	,15.04653
1384082013145	,19.939634
1384082013166	,20.875837
1384082013182	,16.271788
1384082013194	,11.520135
1384082013212	,18.563604
1384082013234	,21.613049
1384082013251	,16.440498
1384082013266	,14.955262
1384082013291	,25.609726
1384082013306	,14.264998
1384082013324	,17.994621
1384082013341	,17.016956
1384082013352	,11.553351
1384082013375	,22.468056
1384082013390	,15.200684
1384082013417	,27.370035
1384082013432	,14.881042
1384082013447	,14.563544
1384082013463	,16.294735
1384082013477	,13.102977
1384082013488	,11.720207
1384082013502	,13.690419
1384082013514	,12.069628
1384082013540	,25.330103
1384082013552	,12.48808
1384082013573	,20.77818
1384082013587	,13.834414
1384082013610	,23.177584
1384082013632	,22.22531
1384082013648	,16.004154
1384082013659	,10.756208
1384082013671	,12.055557
1384082013686	,14.264388
1384082013705	,19.017603
1384082013715	,10.1342535
1384082013730	,15.305247
1384082013749	,18.380068
1384082013766	,17.117321
1384082013789	,23.37853
1384082013800	,10.841361
1384082013813	,12.316513
1384082013828	,15.147242
1384082013852	,24.562756
1384082013863	,10.835136
1384082013877	,14.007983
1384082013889	,11.946224
1384082013919	,29.08047
1384082013934	,15.864508
1384082013949	,14.635977
1384082013969	,19.842834
1384082013989	,19.757914
1384082014002	,13.206621
1384082014017	,15.187289
1384082014033	,15.345799
1384082014057	,23.849432
1384082014070	,13.5901575
1384082014082	,12.0271225
1384082014094	,11.729347
1384082014118	,24.201487
1384082014140	,21.858622
1384082014166	,25.243397
1384082014177	,11.516371
1384082014199	,21.651133
1384082014210	,10.937991
1384082014229	,18.488188
1384082014244	,15.455473
1384082014263	,19.006939
1384082014281	,17.913391
1384082014297	,15.852378
1384082014315	,17.89743
1384082014327	,11.795686
1384082014344	,17.0047
1384082014357	,12.692132
1384082014379	,22.705736
1384082014401	,21.182804
1384082014411	,10.312731
1384082014426	,14.876722
1384082014438	,11.923722
1384082014450	,11.627802
1384082014468	,18.753347
1384082014489	,20.17133
1384082014499	,10.422109
1384082014518	,19.31572
1384082014556	,37.029533
1384082014568	,12.592533
1384082014581	,13.23561
1384082014599	,17.752026
1384082014616	,16.337587
1384082014631	,15.285981
1384082014646	,15.09187
1384082014659	,12.912217
1384082014675	,16.162766
1384082014704	,28.453207
1384082014721	,16.862465
1384082014734	,12.892337
1384082014748	,14.590378
1384082014765	,16.123009
1384082014785	,20.050476
1384082014797	,11.755252
1384082014815	,18.66056
1384082014830	,14.887073
1384082014847	,17.150612
1384082014867	,19.674784
1384082014878	,10.921685
1384082014894	,15.833124
1384082014924	,30.13917
1384082014945	,20.713236
1384082014961	,16.219463
1384082014975	,13.29929
1384082014989	,13.957896
1384082015005	,16.11968
1384082015019	,14.339311
1384082015034	,14.934045
1384082015045	,10.62565
1384082015061	,16.508068
1384082015075	,13.250071
1384082015091	,16.694746
1384082015102	,10.908757
1384082015136	,33.459183
1384082015156	,19.153708
1384082015180	,23.183615
1384082015191	,11.783349
1384082015209	,17.031054
1384082015221	,12.68632
1384082015236	,14.204087
1384082015248	,12.895928
1384082015262	,13.883032
1384082015279	,16.634426
1384082015292	,13.183088
1384082015308	,15.993366
1384082015343	,34.66033
1384082015364	,20.881502
1384082015378	,14.2067795
1384082015404	,25.148819
1384082015420	,16.262648
1384082015434	,14.517602
1384082015450	,15.161558
1384082015463	,13.028595
1384082015487	,23.892933
1384082015501	,14.66774
1384082015521	,19.12437
1384082015566	,45.773174
1384082015581	,14.850664
1384082015598	,16.281385
1384082015619	,21.102337
1384082015632	,13.439278
1384082015645	,12.332508
1384082015659	,14.113893
1384082015674	,14.60161
1384082015685	,11.614466
1384082015700	,15.099487
1384082015715	,14.121132
1384082015728	,13.349482
1384082015744	,16.087456
1384082015780	,36.16155
1384082015801	,20.632504
1384082015818	,16.420597
1384082015831	,13.209593
1384082015845	,13.8440275
1384082015865	,19.864492
1384082015883	,18.180595
1384082015893	,10.559731
1384082015907	,13.825991
1384082016030	,122.91525
1384082016048	,17.17005
1384082016060	,11.999138
1384082016080	,20.530035
1384082016093	,12.484179
1384082016113	,20.04476
1384082016124	,11.475762
1384082016140	,15.355036
1384082016154	,14.556315
1384082016167	,12.370815
1384082016179	,11.645869
1384082016191	,11.905794
1384082016250	,59.269867
1384082016262	,11.9581375
1384082016275	,13.333051
1384082016292	,16.925144
1384082016304	,11.296492
1384082016322	,18.418404
1384082016339	,16.569128
1384082016358	,19.54947
1384082016369	,10.962053
1384082016384	,14.403931
1384082016397	,12.786757
1384082016453	,56.496334
1384082016477	,23.626131
1384082016492	,15.196482
1384082016505	,13.231868
1384082016520	,14.767127
1384082016536	,15.520272
1384082016552	,15.758372
1384082016563	,10.966094
1384082016575	,12.2402725
1384082016588	,13.488446
1384082016602	,13.379649
1384082016622	,20.46195
1384082016653	,30.943632
1384082016691	,37.5526
1384082016712	,20.5139
1384082016727	,14.965795
1384082016742	,15.501921
1384082016757	,14.92291
1384082016771	,13.7236805
1384082016785	,13.530135
1384082016796	,11.65901
1384082016808	,11.613652
1384082016820	,12.393732
1384082016844	,23.69
1384082016861	,17.13178
1384082016887	,25.842695
1384082016909	,21.971737
1384082016923	,14.118739
1384082016935	,11.05663
1384082016946	,11.436384
1384082016962	,15.7848835
1384082016974	,12.314922
1384082016989	,14.375143
1384082017013	,24.424948
1384082017029	,16.044077
1384082017042	,12.2884035
1384082017061	,19.366747
1384082017079	,17.880783
1384082017120	,41.246586
1384082017132	,11.91712
1384082017144	,12.013051
1384082017156	,11.7295475
1384082017170	,13.670758
1384082017186	,15.751622
1384082017196	,10.646324
1384082017210	,13.502796
1384082017226	,16.022724
1384082017245	,19.327658
1384082017266	,20.930754
1384082017282	,15.88882
1384082017296	,13.292305
1384082017332	,36.26768
1384082017345	,12.54823
1384082017357	,11.988583
1384082017371	,14.084148
1384082017390	,18.696945
1384082017405	,15.758586
1384082017427	,21.450642
1384082017445	,17.824104
1384082017468	,23.361536
1384082017486	,17.347527
1384082017500	,14.303457
1384082017513	,13.316362
1384082017544	,30.614431
1384082017556	,12.308631
1384082017569	,12.547179
1384082017580	,11.026118
1384082017592	,11.783622
1384082017609	,16.884422
1384082017629	,20.027721
1384082017654	,25.260683
1384082017676	,21.676666
1384082017692	,15.737664
1384082017703	,11.343894
1384082017721	,17.336607
1384082017761	,40.581207
1384082017772	,10.914656
1384082017786	,13.866335
1384082017797	,11.007761
1384082017808	,11.162581
1384082017825	,16.807207
1384082017841	,15.397987
1384082017863	,22.320068
1384082017885	,21.78614
1384082017900	,14.564642
1384082017919	,19.78368
1384082017937	,17.845024
1384082017951	,13.495671
1384082017976	,24.646301
1384082017987	,10.803864
1384082018001	,14.545945
1384082018013	,11.427785
1384082018028	,15.102391
1384082018043	,15.461263
1384082018068	,24.185532
1384082018088	,20.54499
1384082018103	,15.052634
1384082018115	,12.142309
1384082018134	,18.599007
1384082018151	,17.067665
1384082018175	,24.153427
1384082018189	,13.952106
1384082018201	,11.123196
1384082018213	,11.97633
1384082018236	,23.010979
1384082018247	,11.585905
1384082018268	,20.59841
1384082018300	,32.166775
1384082018312	,11.294622
1384082018329	,17.109867
1384082018347	,17.970928
1384082018362	,15.245921
1384082018386	,24.252588
1384082018399	,12.356317
1384082018410	,10.773834
1384082018423	,13.367061
1384082018438	,14.893083
1384082018452	,14.065961
1384082018477	,24.849443
1384082018495	,17.477062
1384082018509	,14.344079
1384082018524	,15.112286
1384082018545	,21.14578
1384082018560	,14.968854
1384082018571	,10.864067
1384082018583	,11.193903
1384082018609	,26.394417
1384082018621	,11.485974
1384082018640	,19.528103
1384082018654	,13.451147
1384082018669	,15.125229
1384082018695	,26.181992
1384082018709	,14.243422
1384082018723	,13.896491
1384082018737	,13.407089
1384082018752	,15.331115
1384082018774	,22.204393
1384082018787	,12.23808
1384082018812	,25.511517
1384082018824	,11.727066
1384082018841	,17.25413
1384082018854	,12.405582
1384082018866	,12.096154
1384082018893	,27.158556
1384082018915	,21.482416
1384082018926	,11.658353
1384082018942	,15.519218
1384082018963	,21.221252
1384082018981	,17.886106
1384082018992	,10.590098
1384082019012	,20.276217
1384082019026	,13.813289
1384082019044	,18.161585
1384082019059	,15.095248
1384082019080	,20.396809
1384082019116	,36.17306
1384082019129	,12.6882305
1384082019143	,13.797273
1384082019158	,14.83468
1384082019173	,15.404826
1384082019186	,13.1273
1384082019198	,11.286915
1384082019214	,16.175224
1384082019247	,33.053535
1384082019263	,15.886506
1384082019281	,17.545294
1384082019293	,12.538784
1384082019324	,30.931515
1384082019335	,11.17528
1384082019349	,13.613839
1384082019363	,13.8079195
1384082019376	,12.809798
1384082019396	,20.293753
1384082019408	,12.291269
1384082019426	,17.56848
1384082019451	,25.099602
1384082019466	,14.453002
1384082019479	,13.353097
1384082019495	,15.465334
1384082019509	,14.660782
1384082019544	,34.90607
1384082019559	,14.29225
1384082019571	,12.392011
1384082019586	,14.790581
1384082019605	,19.173008
1384082019621	,15.908697
1384082019633	,11.502392
1384082019661	,27.70734
1384082019671	,10.831779
1384082019683	,11.170553
1384082019695	,12.375561
1384082019708	,12.534242
1384082019719	,11.060673
1384082019749	,29.988451
1384082019762	,12.649835
1384082019774	,12.061767
1384082019785	,11.776519
1384082019799	,13.468004
1384082019814	,14.873531
1384082019824	,10.233757
1384082019840	,16.112673
1384082019875	,34.21807
1384082019892	,17.438068
1384082019905	,12.754027
1384082019922	,16.426119
1384082019938	,16.225838
1384082019967	,29.290949
1384082019980	,12.84076
1384082019994	,14.258845
1384082020014	,19.892172
1384082020025	,10.9080925
1384082020043	,17.776632
1384082020078	,35.023872
1384082020094	,16.115238
1384082020109	,14.906597
1384082020126	,16.588602
1384082020141	,15.077418
1384082020185	,43.58833
1384082020207	,22.013638
1384082020225	,17.761879
1384082020236	,11.004183
1384082020250	,14.181583
1384082020269	,18.815424
1384082020289	,20.034103
1384082020302	,13.531141
1384082020315	,12.049525
1384082020328	,13.443302
1384082020340	,11.441719
1384082020351	,11.291392
1384082020386	,35.311195
1384082020399	,12.299181
1384082020412	,12.923831
1384082020431	,19.6223
1384082020447	,15.229016
1384082020465	,18.085066
1384082020482	,17.22744
1384082020524	,42.345825
1384082020537	,12.2466545
1384082020550	,12.881944
1384082020563	,13.6038065
1384082020589	,25.790352
1384082020600	,11.13349
1384082020615	,14.905622
1384082020637	,21.792246
1384082020649	,12.258152
1384082020664	,14.715181
1384082020682	,17.4812
1384082020707	,24.96943
1384082020727	,19.718801
1384082020738	,11.202893
1384082020749	,10.942663
1384082020761	,12.144847
1384082020775	,13.897407
1384082020797	,22.114628
1384082020825	,27.86873
1384082020846	,20.365692
1384082020858	,11.982725
1384082020871	,13.545452
1384082020889	,17.89704
1384082020901	,11.673161
1384082020916	,15.040609
1384082020935	,18.40105
1384082020947	,12.392546
1384082020958	,10.746305
1384082020971	,13.413544
1384082020989	,17.263275
1384082021014	,25.461212
1384082021025	,10.750351
1384082021037	,12.5586
1384082021055	,17.045897
1384082021073	,18.535652
1384082021087	,13.99914
1384082021099	,11.536647
1384082021116	,16.897758
1384082021153	,37.07934
1384082021165	,12.112955
1384082021180	,14.983147
1384082021195	,14.403456
1384082021213	,17.913034
1384082021225	,12.404051
1384082021237	,11.7129135
1384082021261	,24.317513
1384082021277	,15.580222
1384082021292	,14.997404
1384082021307	,14.733236
1384082021334	,27.148012
1384082021354	,20.158947
1384082021366	,11.1994
1384082021379	,13.655561
1384082021398	,19.065588
1384082021418	,19.610641
1384082021430	,12.2683115
1384082021443	,12.100237
1384082021483	,40.169125
1384082021498	,15.279238
1384082021516	,18.085363
1384082021534	,17.310429
1384082021547	,12.857741
1384082021560	,13.854412
1384082021572	,11.097353
1384082021584	,12.005463
1384082021603	,19.466434
1384082021620	,16.355448
1384082021639	,19.371237
1384082021650	,10.632112
1384082021665	,14.879523
1384082021685	,20.284279
1384082021701	,16.168633
1384082021715	,13.64882
1384082021732	,16.891212
1384082021744	,11.670679
1384082021761	,16.895613
1384082021774	,13.034336
1384082021812	,38.238686
1384082021828	,16.096478
1384082021839	,10.349314
1384082021850	,11.12299
1384082021867	,17.36978
1384082021889	,22.059359
1384082021905	,15.638703
1384082021920	,14.96342
1384082021937	,16.818329
1384082021952	,14.610953
1384082021964	,12.001034
1384082021977	,13.506211
1384082021995	,17.63237
1384082022013	,18.38948
1384082022030	,16.61333
1384082022041	,10.594819
1384082022057	,16.114326
1384082022069	,11.654066
1384082022089	,20.113482
1384082022124	,34.7587
1384082022139	,15.255133
1384082022157	,17.572495
1384082022168	,11.416648
1384082022180	,11.637134
1384082022203	,16.134163
1384082022219	,15.529398
1384082022232	,13.674944
1384082022253	,20.172113
1384082022263	,10.721972
1384082022276	,12.432796
1384082022293	,17.12096
1384082022317	,24.421297
1384082022341	,23.138605
1384082022353	,12.052699
1384082022369	,16.539988
1384082022381	,11.914164
1384082022396	,14.757348
1384082022413	,16.966831
1384082022442	,28.973839
1384082022454	,11.663072
1384082022468	,13.982341
1384082022482	,14.082128
1384082022493	,11.051291
1384082022515	,22.024069
1384082022533	,18.031775
1384082022553	,20.014544
1384082022572	,18.464392
1384082022584	,12.572837
1384082022600	,15.576985
1384082022617	,16.450632
1384082022628	,11.079091
1384082022647	,19.335487
1384082022657	,10.331243
1384082022672	,14.413602
1384082022683	,10.943103
1384082022699	,15.968143
1384082022716	,17.024168
1384082022732	,15.6756935
1384082022774	,42.3022
1384082022786	,12.280639
1384082022803	,16.4279
1384082022819	,16.482649
1384082022841	,21.273647
1384082022852	,11.615481
1384082022871	,18.51921
1384082022886	,14.589387
1384082022899	,12.913568
1384082022911	,11.797452
1384082022930	,19.130413
1384082022944	,14.160075
1384082022963	,18.566732
1384082022982	,19.17232
1384082022995	,12.956302
1384082023011	,15.8680105
1384082023025	,13.919693
1384082023040	,15.470462
1384082023058	,18.130175
1384082023091	,32.28624
1384082023105	,14.342434
1384082023121	,16.065304
1384082023139	,18.103262
1384082023157	,17.023432
1384082023182	,25.298038
1384082023196	,14.21674
1384082023211	,14.775902
1384082023229	,18.107794
1384082023243	,13.95511
1384082023260	,17.092451
1384082023273	,12.369556
1384082023286	,13.096072
1384082023304	,17.881237
1384082023317	,13.511969
1384082023334	,16.144327
1384082023349	,15.470949
1384082023366	,16.450829
1384082023401	,35.4956
1384082023416	,14.998479
1384082023433	,16.56439
1384082023444	,10.941582
1384082023462	,18.282831
1384082023473	,11.184332
1384082023490	,16.383432
1384082023507	,17.175045
1384082023521	,14.310265
1384082023534	,12.039149
1384082023555	,21.662157
1384082023569	,13.996293
1384082023588	,18.26614
1384082023607	,19.723204
1384082023621	,13.100213
1384082023642	,21.32534
1384082023653	,10.695209
1384082023665	,11.779486
1384082023677	,12.642503
1384082023687	,10.178994
1384082023721	,33.077927
1384082023734	,13.0749235
1384082023749	,15.132402
1384082023773	,23.917255
1384082023784	,11.490781
1384082023804	,19.533789
1384082023823	,18.58753
1384082023841	,18.24653
1384082023854	,12.742205
1384082023868	,13.991622
1384082023884	,15.628323
1384082023898	,14.478919
1384082023914	,15.8346815
1384082023929	,15.154908
1384082023942	,12.615807
1384082023955	,12.658821
1384082023972	,17.126118
1384082023987	,14.951852
1384082024003	,16.155586
1384082024037	,34.02727
1384082024049	,11.474633
1384082024060	,11.398904
1384082024073	,13.115857
1384082024084	,10.855765
1384082024096	,11.774792
1384082024117	,20.59069
1384082024132	,15.76415
1384082024145	,12.385662
1384082024162	,17.251314
1384082024183	,20.379263
1384082024198	,15.614376
1384082024214	,15.191487
1384082024234	,20.267937
1384082024250	,16.306932
1384082024265	,14.465809
1384082024279	,14.216872
1384082024291	,12.316068
1384082024304	,12.423013
1384082024321	,16.874516
1384082024345	,24.496592
1384082024362	,17.033024
1384082024386	,24.008419
1384082024403	,16.042864
1384082024424	,21.040516
1384082024438	,14.052228
1384082024460	,22.250647
1384082024473	,13.037771
1384082024484	,10.91139
1384082024496	,11.616356
1384082024513	,16.771732
1384082024532	,18.807669
1384082024548	,15.98851
1384082024563	,15.19557
1384082024579	,16.297697
1384082024596	,16.628132
1384082024613	,16.60367
1384082024626	,13.322673
1384082024642	,16.444378
1384082024671	,28.503283
1384082024682	,11.190686
1384082024701	,18.633398
1384082024713	,12.407303
1384082024734	,20.678232
1384082024747	,13.002804
1384082024758	,10.954781
1384082024771	,13.023495
1384082024793	,21.645489
1384082024809	,16.124308
1384082024824	,14.534929
1384082024838	,14.332172
1384082024852	,14.016382
1384082024877	,24.841713
1384082024892	,14.915716
1384082024905	,12.683305
1384082024919	,13.881868
1384082024949	,30.527748
1384082024967	,17.556652
1384082024988	,20.77435
1384082025011	,23.016392
1384082025024	,13.085357
1384082025042	,17.65013
1384082025056	,14.221844
1384082025072	,16.252449
1384082025091	,18.192469
1384082025104	,13.297706
1384082025119	,14.93806
1384082025134	,14.6266575
1384082025148	,14.404607
1384082025169	,20.58568
1384082025180	,11.587247
1384082025196	,15.73968
1384082025214	,17.775568
1384082025228	,13.872527
1384082025244	,16.070734
1384082025260	,16.113375
1384082025276	,15.412793
1384082025300	,24.330976
1384082025313	,12.4745
1384082025329	,16.066381
1384082025351	,21.725658
1384082025369	,18.850492
1384082025382	,12.196489
1384082025405	,22.800129
1384082025421	,16.874771
1384082025441	,19.603224
1384082025457	,16.074064
1384082025469	,11.915087
1384082025484	,14.719286
1384082025509	,24.59106
1384082025521	,12.650934
1384082025535	,13.9619
1384082025558	,22.58333
1384082025575	,16.896072
1384082025592	,16.677025
1384082025618	,25.947834
1384082025640	,22.2668
1384082025663	,22.949247
1384082025679	,16.378992
1384082025694	,14.1911955
1384082025705	,11.251189
1384082025724	,18.89102
1384082025742	,17.85485
1384082025759	,16.75635
1384082025774	,14.975257
1384082025786	,12.306655
1384082025801	,15.246346
1384082025818	,16.544235
1384082025837	,19.362566
1384082025850	,12.250558
1384082025869	,19.091803
1384082025883	,14.173934
1384082025895	,12.181706
1384082025912	,16.560534
1384082025940	,28.40931
1384082025956	,15.181628
1384082025977	,21.617136
1384082025993	,15.884031
1384082026008	,15.141069
1384082026026	,17.124962
1384082026043	,17.281199
1384082026056	,12.735185
1384082026071	,15.283622
1384082026092	,21.270802
1384082026105	,12.177345
1384082026118	,13.436075
1384082026144	,25.747162
1384082026156	,12.343668
1384082026181	,24.406878
1384082026193	,12.407782
1384082026207	,13.9298115
1384082026227	,19.753508
1384082026259	,31.628393
1384082026275	,16.431885
1384082026299	,23.89902
1384082026316	,17.087275
1384082026328	,11.959056
1384082026354	,25.800896
1384082026370	,15.350389
1384082026391	,21.142714
1384082026521	,130.09598
1384082026540	,18.533844
1384082026574	,33.94242
1384082026594	,20.155212
1384082026607	,13.427416
1384082026620	,12.591656
1384082026632	,12.20388
1384082026644	,11.837948
1384082026656	,11.917504
1384082026668	,11.859915
1384082026681	,13.334964
1384082026697	,15.2561035
1384082026744	,47.727047
1384082026759	,14.530395
1384082026782	,23.127245
1384082026799	,17.293516
1384082026812	,12.544968
1384082026824	,11.799194
1384082026843	,19.387407
1384082026855	,12.03239
1384082026868	,12.253188
1384082026890	,22.578243
1384082026905	,14.983864
1384082026957	,51.19886
1384082026969	,12.073189
1384082027004	,35.2664
1384082027016	,11.955265
1384082027029	,12.2973385
1384082027041	,12.277115
1384082027053	,11.973715
1384082027065	,11.9988985
1384082027077	,12.029052
1384082027089	,11.906361
1384082027103	,13.701363
1384082027118	,15.5741005
1384082027167	,48.542233
1384082027182	,14.850285
1384082027227	,45.235775
1384082027241	,13.537899
1384082027254	,13.253842
1384082027267	,12.701171
1384082027279	,11.689652
1384082027291	,12.389121
1384082027307	,15.4867525
1384082027322	,15.320299
1384082027349	,27.133787
1384082027382	,33.02414
1384082027394	,11.835838
1384082027425	,30.568933
1384082027437	,12.048927
1384082027449	,12.097468
1384082027470	,20.821417
1384082027482	,12.37238
1384082027495	,12.31391
1384082027513	,18.312431
1384082027560	,47.293617
1384082027589	,28.560408
1384082027606	,16.870846
1384082027636	,29.738955
1384082027648	,11.931356
1384082027660	,11.874085
1384082027671	,11.683573
1384082027683	,11.921606
1384082027695	,11.876597
1384082027710	,15.001627
1384082027725	,14.700702
1384082027740	,14.566901
1384082027764	,24.62349
1384082027790	,25.341856
1384082027808	,18.39516
1384082027829	,20.616446
1384082027856	,26.662891
1384082027870	,14.495369
1384082027882	,12.156018
1384082027895	,12.181283
1384082027910	,15.409205
1384082027926	,16.324188
1384082027941	,14.055451
1384082027962	,21.358122
1384082027979	,17.070827
1384082027995	,16.12096
1384082028020	,24.760286
1384082028038	,17.989695
1384082028055	,17.269428
1384082028068	,12.4169855
1384082028085	,16.567577
1384082028098	,13.534894
1384082028112	,14.092123
1384082028128	,16.003017
1384082028146	,17.23798
1384082028187	,41.78916
1384082028203	,15.015872
1384082028235	,32.01601
1384082028247	,12.3691025
1384082028264	,16.853628
1384082028276	,11.949834
1384082028288	,11.934325
1384082028300	,11.646898
1384082028313	,13.791716
1384082028329	,15.115439
1384082028348	,19.106808
1384082028365	,17.315302
1384082028390	,25.105663
1384082028411	,20.860744
1384082028428	,16.322277
1384082028450	,22.836905
1384082028467	,16.603449
1384082028480	,12.552828
1384082028504	,23.905687
1384082028517	,13.64099
1384082028530	,12.662242
1384082028551	,20.565258
1384082028568	,17.559334
1384082028587	,18.578985
1384082028603	,15.988003
1384082028617	,14.17354
1384082028631	,13.981216
1384082028657	,25.87708
1384082028675	,17.215878
1384082028687	,12.402884
1384082028702	,14.628901
1384082028719	,17.604652
1384082028733	,13.596069
1384082028755	,22.28519
1384082028773	,18.068718
1384082028793	,19.375658
1384082028826	,33.135624
1384082028842	,16.350607
1384082028865	,22.069029
1384082028886	,21.282305
1384082028899	,12.69405
1384082028911	,11.903967
1384082028924	,13.481011
1384082028939	,14.481103
1384082028954	,15.444493
1384082028969	,14.932709
1384082028984	,14.617827
1384082029008	,23.788563
1384082029033	,25.329172
1384082029047	,14.293358
1384082029064	,16.692316
1384082029084	,19.467773
1384082029097	,12.843504
1384082029110	,12.875027
1384082029138	,28.536207
1384082029152	,13.935549
1384082029173	,20.380901
1384082029192	,19.127523
1384082029206	,14.315939
1384082029219	,13.080774
1384082029237	,18.021881
1384082029253	,15.445086
1384082029268	,15.41911
1384082029291	,22.671465
1384082029305	,13.838991
1384082029318	,12.82041
1384082029339	,20.592213
1384082029352	,13.561944
1384082029367	,15.212434
1384082029387	,19.843578
1384082029405	,17.213076
1384082029418	,13.485658
1384082029447	,28.808176
1384082029467	,19.759151
1384082029482	,15.028341
1384082029511	,29.055828
1384082029523	,12.329252
1384082029538	,14.989043
1384082029553	,14.05287
1384082029566	,13.622455
1384082029584	,17.335457
1384082029600	,16.75851
1384082029618	,17.200508
1384082029630	,12.255616
1384082029656	,25.695545
1384082029672	,16.652487
1384082029686	,13.253325
1384082029698	,12.389609
1384082029724	,26.01934
1384082029739	,14.802398
1384082029769	,29.356216
1384082029786	,17.479511
1384082029805	,19.191599
1384082029820	,14.532044
1384082029831	,11.520349
1384082029845	,13.470912
1384082029862	,17.149881
1384082029875	,12.996991
1384082029890	,14.300197
1384082029902	,12.245335
1384082029935	,33.465324
1384082029957	,21.869389
1384082029972	,14.965592
1384082029992	,19.632954
1384082030012	,19.986115
1384082030026	,13.531422
1384082030039	,13.219081
1384082030053	,13.778555
1384082030084	,31.409487
1384082030098	,13.527904
1384082030111	,12.920251
1384082030143	,32.417725
1384082030158	,14.575377
1384082030172	,14.135741
1384082030187	,14.481209
1384082030204	,17.042112
1384082030219	,15.601731
1384082030232	,12.305319
1384082030247	,15.570029
1384082030267	,19.665524
1384082030286	,18.765543
1384082030303	,16.519053
1384082030316	,13.818198
1384082030329	,12.679319
1384082030362	,32.838367
1384082030376	,14.25054
1384082030406	,29.365889
1384082030422	,16.626865
1384082030436	,13.8406515
1384082030449	,12.939972
1384082030463	,13.602099
1384082030479	,15.486177
1384082030495	,16.190346
1384082030508	,13.299088
1384082030521	,12.5735855
1384082030534	,12.902686
1384082030554	,20.043495
1384082030589	,35.595
1384082030615	,25.2199
1384082030634	,19.257008
1384082030648	,14.280481
1384082030663	,14.519812
1384082030677	,13.739385
1384082030706	,29.629892
1384082030721	,14.75338
1384082030735	,13.760055
1384082030752	,16.737535
1384082030766	,14.475336
1384082030800	,33.616505
1384082030819	,18.886208
1384082030836	,16.587664
1384082030847	,11.667211
1384082030860	,12.454603
1384082030875	,15.486256
1384082030898	,22.663282
1384082030916	,17.718014
1384082030931	,12.92122
1384082030945	,14.7515
1384082030962	,16.79926
1384082030982	,19.596449
1384082031042	,59.658817
1384082031054	,12.70229
1384082031068	,13.476143
1384082031081	,13.02282
1384082031094	,12.871501
1384082031109	,15.381248
1384082031124	,14.380332
1384082031136	,11.757888
1384082031148	,12.376357
1384082031163	,14.957238
1384082031177	,14.304891
1384082031216	,38.171234
1384082031253	,37.318405
1384082031267	,13.531926
1384082031281	,14.821719
1384082031297	,15.766167
1384082031311	,14.041849
1384082031327	,15.422469
1384082031340	,13.248586
1384082031365	,24.673038
1384082031379	,13.937827
1384082031399	,20.218496
1384082031424	,24.494003
1384082031441	,17.003119
1384082031462	,21.404
1384082031475	,13.119083
1384082031488	,12.343345
1384082031503	,14.818014
1384082031517	,14.206606
1384082031531	,14.378146
1384082031543	,11.2953
1384082031556	,13.682981
1384082031571	,14.124199
1384082031581	,10.611013
1384082031601	,19.798893
1384082031612	,11.258245
1384082031632	,19.347404
1384082031648	,15.744021
1384082031684	,36.607258
1384082031698	,13.810897
1384082031716	,18.162092
1384082031731	,14.083934
1384082031744	,13.18039
1384082031756	,12.28986
1384082031772	,15.500345
1384082031787	,14.919917
1384082031805	,18.452848
1384082031818	,12.613486
1384082031843	,25.001015
1384082031854	,11.521998
1384082031873	,18.515707
1384082031891	,17.878077
1384082031905	,13.969523
1384082031915	,10.183841
1384082031930	,14.39638
1384082031943	,12.856358
1384082031955	,12.043321
1384082031968	,13.7184925
1384082031987	,18.686905
1384082032007	,19.822992
1384082032021	,13.635662
1384082032042	,21.11678
1384082032055	,12.988629
1384082032068	,12.958319
1384082032082	,14.156917
1384082032097	,14.890619
1384082032108	,10.739133
1384082032119	,10.921947
1384082032132	,13.513834
1384082032158	,25.218277
1384082032173	,15.090965
1384082032186	,13.506024
1384082032198	,10.984478
1384082032220	,22.786673
1384082032233	,12.263559
1384082032248	,15.597136
1384082032266	,17.74883
1384082032279	,12.620214
1384082032312	,33.491146
1384082032324	,11.623141
1384082032334	,10.259212
1384082032349	,14.81356
1384082032363	,13.979301
1384082032376	,13.002072
1384082032390	,13.48478
1384082032409	,19.190712
1384082032427	,17.707706
1384082032442	,15.245475
1384082032472	,29.67889
1384082032486	,14.471626
1384082032501	,14.711541
1384082032517	,15.510388
1384082032528	,11.529756
1384082032540	,11.8839245
1384082032553	,12.308157
1384082032567	,14.726296
1384082032582	,14.527798
1384082032599	,16.782427
1384082032625	,26.327574
1384082032638	,13.154119
1384082032653	,14.940843
1384082032673	,19.641323
1384082032688	,14.962735
1384082032705	,16.27871
1384082032718	,13.237875
1384082032731	,12.757049
1384082032741	,10.147184
1384082032755	,14.409767
1384082032772	,16.604986
1384082032787	,14.981638
1384082032806	,19.236143
1384082032817	,10.733829
1384082032838	,21.20418
1384082032853	,14.421443
1384082032867	,13.726071
1384082032885	,18.771389
1384082032900	,14.730886
1384082032919	,18.734766
1384082032936	,17.25379
1384082032946	,10.044989
1384082032960	,13.8929615
1384082032972	,11.72941
1384082032992	,20.003668
1384082033003	,11.096766
1384082033015	,11.60125
1384082033031	,16.204988
1384082033048	,17.072445
1384082033063	,14.3659115
1384082033083	,20.273891
1384082033104	,20.77347
1384082033121	,16.810001
1384082033133	,12.432118
1384082033145	,11.884859
1384082033157	,12.0029125
1384082033172	,14.349027
1384082033189	,17.609316
1384082033201	,11.810482
1384082033216	,14.325405
1384082033229	,13.382552
1384082033263	,34.201824
1384082033282	,18.76397
1384082033303	,20.809471
1384082033317	,13.982058
1384082033329	,12.21059
1384082033342	,12.353009
1384082033356	,14.671748
1384082033366	,9.922041
1384082033381	,14.888631
1384082033413	,32.00592
1384082033424	,10.830735
1384082033434	,9.919436
1384082033456	,21.753675
1384082033473	,17.273293
1384082033492	,18.771656
1384082033510	,17.595488
1384082033524	,14.113976
1384082033540	,15.559507
1384082033550	,9.795039
1384082033567	,17.641424
1384082033581	,13.46888
1384082033599	,17.711637
1384082033613	,14.028853
1384082033628	,14.923994
1384082033638	,10.351954
1384082033652	,13.7722225
1384082033677	,25.557783
1384082033693	,15.954612
1384082033718	,24.369894
1384082033736	,18.21682
1384082033747	,11.036236
1384082033762	,14.429998
1384082033772	,10.167368
1384082033784	,12.010806
1384082033797	,12.9793005
1384082033812	,14.468485
1384082033824	,12.7565975
1384082033834	,9.841541
1384082033847	,12.33424
1384082033878	,30.932013
1384082033899	,20.936085
1384082033912	,13.0171175
1384082033922	,10.315725
1384082033943	,20.561716
1384082033956	,12.810684
1384082033968	,12.330676
1384082033978	,10.217899
1384082033989	,10.42308
1384082034007	,18.286783
1384082034023	,15.9615755
1384082034042	,19.345407
1384082034057	,14.382415
1384082034070	,13.001889
1384082034085	,15.352874
1384082034108	,23.010798
1384082034120	,11.309178
1384082034135	,14.778676
1384082034149	,14.069154
1384082034162	,12.901495
1384082034171	,9.689586
1384082034181	,9.944147
1384082034201	,19.567583
1384082034218	,17.176384
1384082034234	,15.16815
1384082034246	,12.338195
1384082034258	,11.608379
1384082034270	,12.227734
1384082034288	,18.449228
1384082034310	,21.680237
1384082034322	,11.596962
1384082034334	,12.541623
1384082034356	,21.527094
1384082034371	,15.085677
1384082034385	,13.754489
1384082034395	,10.110809
1384082034408	,12.969964
1384082034424	,16.123734
1384082034437	,12.327903
1384082034448	,11.783278
1384082034461	,12.313955
1384082034478	,16.941229
1384082034494	,16.476032
1384082034524	,30.039255
1384082034538	,13.245739
1384082034551	,12.917226
1384082034565	,13.780192
1384082034575	,10.373728
1384082034584	,9.284289
1384082034596	,11.606494
1384082034608	,11.837274
1384082034625	,17.049572
1384082034637	,12.083922
1384082034650	,12.917316
1384082034674	,24.195448
1384082034686	,11.077616
1384082034705	,19.198908
1384082034722	,17.247124
1384082034735	,12.871287
1384082034745	,10.139127
1384082034755	,9.57203
1384082034767	,12.328684
1384082034783	,16.099493
1384082034793	,9.938598
1384082034803	,9.815963
1384082034814	,10.684669
1384082034837	,22.952635
1384082034852	,14.754868
1384082034868	,16.138252
1384082034882	,14.072321
1384082034899	,16.64307
1384082034917	,17.841877
1384082034933	,16.019743
1384082034946	,13.029356
1384082034956	,10.0324545
1384082034966	,10.475764
1384082034988	,21.453764
1384082034998	,9.614293
1384082035011	,13.176013
1384082035023	,11.791051
1384082035052	,12.6611185
1384082035066	,14.901722
1384082035079	,12.550361
1384082035092	,13.164358
1384082035108	,15.995224
1384082035122	,13.936277
1384082035144	,21.37014
1384082035154	,10.35879
1384082035164	,10.169329
1384082035175	,10.515944
1384082035188	,13.439708
1384082035199	,10.514731
1384082035209	,9.749074
1384082035220	,11.15085
1384082035233	,13.274913
1384082035255	,21.608253
1384082035269	,13.914029
1384082035282	,12.560944
1384082035307	,25.706545
1384082035322	,14.831546
1384082035334	,12.004818
1384082035355	,21.14272
1384082035365	,9.929159
1384082035377	,11.311084
1384082035394	,17.290775
1384082035405	,10.737207
1384082035419	,14.003476
1384082035429	,9.487493
1384082035446	,16.91345
1384082035462	,16.462854
1384082035476	,14.354185
1384082035489	,12.117174
1384082035501	,12.786952
1384082035517	,15.831103
1384082035532	,14.930137
1384082035543	,10.603866
1384082035558	,15.448649
1384082035568	,9.826758
1384082035578	,9.434064
1384082035587	,8.606131
1384082035596	,9.551522
1384082035623	,26.989695
1384082035633	,10.067111
1384082035646	,12.221384
1384082035666	,20.12951
1384082035686	,19.7123
1384082035699	,13.165614
1384082035714	,14.907014
1384082035726	,12.62847
1384082035737	,11.020554
1384082035748	,10.963856
1384082035769	,20.788877
1384082035785	,15.925465
1384082035797	,12.006379
1384082035810	,12.455354
1384082035827	,16.820581
1384082035843	,16.11791
1384082035855	,11.766112
1384082035884	,29.017408
1384082035898	,14.082316
1384082035909	,11.331631
1384082035946	,36.4506
1384082035957	,11.020994
1384082035973	,16.181591
1384082035983	,9.582942
1384082035996	,13.006202
1384082036008	,11.606019
1384082036022	,14.493374
1384082036035	,12.698069
1384082036046	,11.542245
1384082036061	,14.418579
1384082036093	,31.702953
1384082036105	,12.42403
1384082036116	,11.078579
1384082036132	,15.156568
1384082036149	,16.958847
1384082036163	,14.637718
1384082036174	,10.547584
1384082036185	,10.816849
1384082036193	,8.564757
1384082036203	,9.340101
1384082036214	,11.021989
1384082036224	,10.555234
1384082036239	,14.48355
1384082036259	,20.041212
1384082036276	,16.944096
1384082036301	,24.717752
1384082036314	,12.75411
1384082036327	,13.32045
1384082036344	,17.297993
1384082036356	,11.941914
1384082036370	,13.209098
1384082036389	,18.814428
1384082036400	,11.012404
1384082036411	,11.821158
1384082036420	,8.928709
1384082036433	,12.526935
1384082036453	,19.865068
1384082036464	,10.811343
1384082036479	,15.357281
1384082036501	,21.495129
1384082036534	,16.99206
1384082036552	,17.912308
1384082036573	,21.052221
1384082036593	,20.655943
1384082036605	,11.295989
1384082036617	,12.200769
1384082036630	,13.0606575
1384082036645	,15.29055
1384082036660	,14.404575
1384082036677	,16.60717
1384082036691	,13.867708
1384082036716	,25.174444
1384082036728	,12.042405
1384082036745	,17.428055
1384082037073	,327.87622
1384082037164	,90.53667
1384082037176	,11.6365385
1384082037185	,9.1965
1384082037194	,9.349896
1384082037205	,11.113924
1384082037217	,11.553861
1384082037228	,10.987916
1384082037239	,11.266183
1384082037251	,11.207362
1384082037262	,11.361265
1384082037273	,11.193985
1384082037286	,13.009562
1384082037325	,39.10056
1384082037346	,20.786947
1384082037368	,21.225136
1384082037380	,12.248675
1384082037392	,11.577945
1384082037402	,9.994295
1384082037414	,12.219555
1384082037427	,13.40068
1384082037440	,12.632679
1384082037452	,11.54148
1384082037483	,31.591272
1384082037496	,13.0808735
1384082037548	,51.89649
1384082037578	,29.8309
1384082037588	,10.023176
1384082037600	,11.646104
1384082037612	,11.641592
1384082037622	,9.823339
1384082037633	,11.389454
1384082037645	,11.684604
1384082037656	,11.273124
1384082037668	,11.558987
1384082037679	,11.253834
1384082037694	,15.049802
1384082037717	,22.533812
1384082037764	,47.54346
1384082037802	,37.211014
1384082037813	,11.333626
1384082037825	,11.939984
1384082037835	,9.715653
1384082037844	,8.995886
1384082037853	,9.034068
1384082037862	,8.649715
1384082037871	,8.989316
1384082037879	,8.650062
1384082037889	,9.998419
1384082037902	,12.215893
1384082037920	,18.570393
1384082037969	,49.21085
1384082037986	,16.866432
1384082037997	,10.811628
1384082038008	,10.450319
1384082038017	,8.811686
1384082038027	,9.886211
1384082038035	,8.79518
1384082038049	,13.27406
1384082038061	,12.205022
1384082038073	,12.342796
1384082038083	,9.388719
1384082038094	,10.789428
1384082038148	,53.98412
1384082038184	,36.51849
1384082038196	,12.006689
1384082038212	,15.482425
1384082038225	,12.604444
1384082038234	,9.317906
1384082038243	,9.113891
1384082038253	,9.431224
1384082038262	,9.378814
1384082038274	,11.492188
1384082038285	,11.435717
1384082038298	,12.780964
1384082038308	,9.5053
1384082038328	,20.321985
1384082038350	,22.23754
1384082038388	,37.750046
1384082038400	,11.852068
1384082038414	,14.495299
1384082038429	,14.896609
1384082038443	,13.537068
1384082038468	,24.89347
1384082038480	,12.047929
1384082038490	,9.461866
1384082038502	,12.797698
1384082038513	,10.282578
1384082038524	,11.680807
1384082038543	,18.709026
1384082038559	,15.436327
1384082038586	,27.046564
1384082038610	,24.42548
1384082038624	,13.768746
1384082038635	,11.038511
1384082038647	,11.64781
1384082038660	,12.753274
1384082038677	,17.35133
1384082038691	,13.740561
1384082038701	,10.314469
1384082038711	,9.281507
1384082038726	,15.085923
1384082038796	,70.548256
1384082038822	,25.273653
1384082038839	,17.678816
1384082038849	,9.462054
1384082038858	,9.362256
1384082038869	,10.804859
1384082038879	,9.471616
1384082038888	,8.887041
1384082038897	,9.650992
1384082038909	,11.624591
1384082038920	,10.740816
1384082038944	,24.328075
1384082038966	,21.652267
1384082038995	,28.890804
1384082039010	,14.721374
1384082039025	,15.451493
1384082039038	,12.566094
1384082039055	,17.353456
1384082039065	,10.12189
1384082039075	,9.443128
1384082039087	,11.996731
1384082039111	,23.953068
1384082039125	,13.416833
1384082039139	,14.749136
1384082039153	,13.765027
1384082039169	,15.843726
1384082039182	,12.464198
1384082039202	,19.916847
1384082039215	,12.991795
1384082039241	,26.581928
1384082039255	,13.941828
1384082039267	,11.979602
1384082039277	,10.173792
1384082039290	,12.294258
1384082039308	,18.471163
1384082039318	,9.987129
1384082039329	,10.993131
1384082039340	,10.608123
1384082039363	,22.61392
1384082039378	,15.254222
1384082039395	,16.702011
1384082039427	,31.615389
1384082039456	,29.155436
1384082039469	,12.885192
1384082039481	,12.140853
1384082039491	,9.661213
1384082039500	,9.681709
1384082039510	,9.966272
1384082039522	,11.857566
1384082039535	,12.279409
1384082039557	,22.047829
1384082039567	,10.112371
1384082039586	,19.24678
1384082039600	,14.206338
1384082039618	,17.840427
1384082039635	,16.114523
1384082039647	,12.345212
1384082039675	,27.791147
1384082039686	,10.7787
1384082039697	,11.70397
1384082039710	,13.066584
1384082039722	,11.628493
1384082039755	,32.43988
1384082039770	,15.096421
1384082039785	,14.896437
1384082039798	,12.696247
1384082039810	,12.114762
1384082039822	,12.564645
1384082039836	,14.116415
1384082039849	,12.327595
1384082039860	,11.506363
1384082039886	,26.024063
1384082039898	,11.2870655
1384082039910	,12.049737
1384082039924	,14.090365
1384082039937	,12.420461
1384082039951	,14.364055
1384082039960	,9.361546
1384082039978	,17.146221
1384082039999	,20.933727
1384082040011	,12.721057
1384082040025	,13.905714
1384082040055	,29.592203
1384082040069	,14.2504635
1384082040097	,27.479654
1384082040110	,13.032466
1384082040122	,12.004834
1384082040135	,12.851762
1384082040149	,14.151758
1384082040164	,14.28733
1384082040179	,15.241507
1384082040193	,13.852736
1384082040210	,16.813
1384082040224	,13.882503
1384082040244	,20.828266
1384082040256	,11.030736
1384082040266	,10.817412
1384082040280	,13.186634
1384082040289	,9.249556
1384082040316	,27.07408
1384082040330	,13.693409
1384082040340	,9.854148
1384082040382	,42.493557
1384082040399	,16.939013
1384082040414	,15.056882
1384082040429	,14.418679
1384082040439	,9.698644
1384082040451	,11.872883
1384082040462	,11.710809
1384082040475	,12.218866
1384082040486	,11.165067
1384082040496	,9.978356
1384082040519	,22.900719
1384082040533	,13.969941
1384082040551	,17.587355
1384082040570	,19.156218
1384082040587	,17.655878
1384082040612	,24.087511
1384082040623	,10.945508
1384082040635	,12.623958
1384082040647	,11.922868
1384082040661	,13.524498
1384082040687	,25.883087
1384082040699	,12.160983
1384082040711	,12.243299
1384082040742	,31.111893
1384082040756	,13.0192585
1384082040772	,16.684324
1384082040789	,16.904852
1384082040808	,18.894485
1384082040822	,13.551305
1384082040836	,13.8951235
1384082040848	,12.209081
1384082040869	,20.991076
1384082040879	,9.775716
1384082040894	,15.185129
1384082040906	,11.959194
1384082040919	,12.487425
1384082040938	,19.036903
1384082040955	,16.84631
1384082040966	,11.678717
1384082040980	,13.260204
1384082041025	,44.946377
1384082041037	,12.357976
1384082041049	,11.529192
1384082041058	,9.469888
1384082041074	,15.797943
1384082041087	,12.576292
1384082041102	,15.105298
1384082041112	,9.820668
1384082041122	,10.295624
1384082041142	,19.70176
1384082041181	,38.537067
1384082041195	,14.834257
1384082041216	,20.82496
1384082041229	,13.032431
1384082041245	,15.904557
1384082041256	,10.188851
1384082041266	,10.174013
1384082041281	,15.359339
1384082041294	,12.605142
1384082041305	,11.290857
1384082041327	,22.046867
1384082041341	,13.612056
1384082041354	,13.121924
1384082041390	,35.89965
1384082041404	,13.578379
1384082041422	,18.486717
1384082041434	,11.936354
1384082041448	,13.295616
1384082041460	,12.074278
1384082041474	,14.08439
1384082041493	,18.630703
1384082041503	,10.211614
1384082041514	,10.915712
1384082041528	,13.871218
1384082041540	,12.486351
1384082041567	,26.295088
1384082041582	,15.177071
1384082041604	,21.660545
1384082041646	,42.085854
1384082041656	,9.802134
1384082041667	,11.635836
1384082041677	,9.842458
1384082041689	,12.141256
1384082041704	,14.95675
1384082041715	,10.418848
1384082041726	,10.80805
1384082041738	,11.759024
1384082041748	,10.73519
1384082041772	,23.082317
1384082041791	,19.414164
1384082041819	,27.578943
1384082041854	,35.127026
1384082041865	,11.545432
1384082041876	,10.076304
1384082041885	,9.666251
1384082041897	,12.044345
1384082041912	,14.123901
1384082041923	,11.753446
1384082041935	,11.544192
1384082041948	,12.593386
1384082041977	,29.004482
1384082041991	,14.521122
1384082042018	,26.324396
1384082042036	,18.09292
1384082042050	,14.011056
1384082042061	,10.755826
1384082042073	,12.03947
1384082042084	,11.405691
1384082042097	,12.213505
1384082042110	,13.378901
1384082042126	,16.144629
1384082042139	,12.857622
1384082042149	,9.635838
1384082042163	,14.22253
1384082042190	,27.01762
1384082042203	,13.195219
1384082042223	,19.351492
1384082042247	,24.267015
1384082042264	,16.927797
1384082042277	,12.687616
1384082042287	,10.053094
1384082042299	,12.039896
1384082042315	,15.447204
1384082042326	,11.588351
1384082042340	,13.8900795
1384082042351	,10.650518
1384082042361	,9.869737
1384082042375	,13.749781
1384082042400	,25.1336
1384082042418	,17.82122
1384082042466	,48.48
1384082042478	,11.779985
1384082042487	,9.367483
1384082042500	,12.325132
1384082042511	,11.189281
1384082042527	,16.134007
1384082042539	,11.336696
1384082042550	,11.771309
1384082042564	,13.301315
1384082042612	,48.149815
1384082042623	,11.234821
1384082042662	,39.149326
1384082042675	,12.758904
1384082042687	,11.477599
1384082042698	,11.324823
1384082042709	,10.810313
1384082042723	,14.234299
1384082042738	,14.1801605
1384082042757	,19.406466
1384082042773	,15.82578
1384082042787	,13.824013
1384082042806	,19.283371
1384082042827	,20.309263
1384082042841	,14.373761
1384082042865	,24.213642
1384082042879	,13.436377
1384082042893	,14.080281
1384082042909	,16.05243
1384082042919	,10.086233
1384082042942	,22.420996
1384082042952	,10.210229
1384082042965	,12.835552
1384082042974	,9.378396
1384082042990	,16.049185
1384082043007	,16.662521
1384082043032	,24.512877
1384082043049	,17.445848
1384082043084	,35.115204
1384082043096	,12.075972
1384082043108	,11.363582
1384082043119	,11.024807
1384082043131	,11.494298
1384082043148	,17.13927
1384082043158	,10.597915
1384082043171	,12.954707
1384082043188	,16.066132
1384082043216	,28.528725
1384082043236	,20.217659
1384082043255	,18.231012
1384082043274	,19.629719
1384082043290	,15.938871
1384082043302	,11.814762
1384082043312	,9.708951
1384082043323	,11.280354
1384082043339	,15.5006275
1384082043361	,22.364576
1384082043372	,10.337587
1384082043391	,19.069973
1384082043402	,10.819643
1384082043419	,17.5236
1384082043437	,17.468243
1384082043457	,19.864664
1384082043476	,18.767113
1384082043488	,12.707331
1384082043498	,9.498217
1384082043508	,10.388088
1384082043526	,17.906096
1384082043538	,11.854027
1384082043556	,17.50703
1384082043567	,10.73118
1384082043577	,10.296823
1384082043590	,12.629198
1384082043604	,14.153936
1384082043620	,16.059425
1384082043636	,15.4824095
1384082043664	,28.371778
1384082043681	,16.509186
1384082043703	,22.27148
1384082043716	,12.99532
1384082043726	,10.3764105
1384082043738	,11.434202
1384082043748	,10.092539
1384082043768	,20.1832
1384082043782	,13.845131
1384082043797	,14.941539
1384082043808	,10.984362
1384082043824	,16.173582
1384082043851	,26.178574
1384082043882	,31.42128
1384082043892	,10.035843
1384082043902	,9.715847
1384082043916	,14.2922735
1384082043928	,11.727075
1384082043938	,9.797823
1384082043950	,11.906341
1384082043962	,11.787336
1384082043981	,19.02813
1384082043998	,16.608475
1384082044016	,18.635054
1384082044030	,13.982007
1384082044050	,20.027073
1384082044062	,11.592733
1384082044090	,28.155073
1384082044103	,12.800749
1384082044117	,14.10847
1384082044127	,9.99806
1384082044137	,9.787327
1384082044155	,18.146896
1384082044166	,10.182702
1384082044185	,18.941652
1384082044201	,16.196182
1384082044214	,13.272591
1384082044230	,15.898467
1384082044247	,16.658827
1384082044266	,19.270025
1384082044295	,28.701815
1384082044306	,10.765075
1384082044325	,18.844822
1384082044335	,10.226988
1384082044348	,12.6851015
1384082044357	,9.697901
1384082044367	,9.644557
1384082044382	,14.393983
1384082044397	,14.965197
1384082044415	,18.158587
1384082044434	,19.492851
1384082044454	,20.068989
1384082044473	,18.403252
1384082044499	,26.387623
1384082044510	,10.040711
1384082044520	,10.161047
1384082044534	,14.281322
1384082044546	,11.897734
1384082044558	,11.959646
1384082044570	,12.418832
1384082044586	,15.014375
1384082044605	,19.705656
1384082044620	,14.294934
1384082044641	,21.527992
1384082044661	,19.529808
1384082044673	,12.494749
1384082044692	,18.539232
1384082044711	,19.309328
1384082044724	,12.233746
1384082044737	,12.924856
1384082044746	,9.775783
1384082044758	,11.326935
1384082044777	,18.84949
1384082044789	,11.791384
1384082044810	,21.47634
1384082044821	,10.6531315
1384082044836	,15.620681
1384082044850	,13.934495
1384082044862	,11.486103
1384082044882	,20.373009
1384082044903	,20.545183
1384082044917	,13.777997
1384082044927	,10.547695
1384082044951	,23.108534
1384082044961	,10.728212
1384082044973	,11.581351
1384082044986	,12.952086
1384082044999	,12.479569
1384082045020	,21.572338
1384082045034	,13.876072
1384082045047	,13.239744
1384082045062	,14.1727
1384082045086	,23.875917
1384082045109	,23.464993
1384082045125	,16.126314
1384082045137	,11.685292
1384082045154	,16.781878
1384082045164	,9.917135
1384082045178	,14.332952
1384082045192	,13.255995
1384082045205	,13.505196
1384082045229	,24.023588
1384082045243	,13.869632
1384082045266	,22.444307
1384082045278	,12.285538
1384082045291	,12.551842
1384082045311	,20.762815
1384082045328	,16.399197
1384082045344	,15.708619
1384082045355	,11.601388
1384082045365	,9.767301
1384082045377	,12.118283
1384082045390	,12.718261
1384082045406	,16.216003
1384082045420	,13.927619
1384082045444	,23.855492
1384082045459	,14.738651
1384082045473	,14.188347
1384082045488	,15.038515
1384082045501	,12.18036
1384082045526	,25.498377
1384082045538	,11.84465
1384082045552	,14.108368
1384082045570	,17.729893
1384082045582	,12.139453
1384082045593	,10.3467865
1384082045602	,9.399644
1384082045615	,13.288843
1384082045631	,15.798769
1384082045662	,30.485617
1384082045677	,14.78533
1384082045691	,14.327368
1384082045727	,36.23353
1384082045743	,15.850535
1384082045753	,9.464769
1384082045763	,10.088711
1384082045778	,15.665739
1384082045790	,11.533843
1384082045803	,12.831248
1384082045813	,10.225396
1384082045829	,16.048956
1384082045843	,13.378815
1384082045876	,33.575016
1384082045890	,13.11339
1384082045901	,11.431092
1384082045915	,13.631606
1384082045933	,17.998487
1384082045943	,10.029153
1384082045958	,15.029142
1384082045969	,11.190143
1384082045982	,12.432276
1384082045995	,13.152523
1384082046011	,15.797286
1384082046031	,20.440332
1384082046042	,10.325109
1384082046054	,11.99121
1384082046082	,27.909761
1384082046095	,13.09696
1384082046109	,13.738601
1384082046125	,16.689999
1384082046143	,17.958735
1384082046154	,10.403452
1384082046168	,13.894471
1384082046185	,17.36024
1384082046196	,10.940958
1384082046207	,11.231828
1384082046219	,11.518758
1384082046234	,14.545507
1384082046244	,10.041024
1384082046255	,11.440827
1384082046285	,29.45828
1384082046298	,12.954153
1384082046310	,12.02102
1384082046342	,31.778984
1384082046352	,10.679452
1384082046371	,18.673527
1384082046382	,10.767682
1384082046394	,12.05857
1384082046407	,12.555258
1384082046420	,13.423956
1384082046432	,11.82791
1384082046446	,13.6786785
1384082046459	,13.349587
1384082046476	,17.279816
1384082046506	,29.404469
1384082046516	,9.620589
1384082046529	,13.68409
1384082046543	,14.066932
1384082046554	,10.952776
1384082046564	,9.105163
1384082046580	,16.47193
1384082046590	,10.185301
1384082046606	,15.853302
1384082046620	,13.647484
1384082046631	,10.943507
1384082046647	,16.089848
1384082046663	,15.455964
1384082046674	,11.475882
1384082046692	,17.800913
1384082046715	,22.76483
1384082046727	,12.131505
1384082046745	,17.731083
1384082046757	,12.124427
1384082046767	,10.020857
1384082046781	,14.123879
1384082046793	,11.235591
1384082046814	,21.65876
1384082046827	,12.663933
1384082046840	,12.846563
1384082046852	,12.149489
1384082046864	,12.192962
1384082046880	,15.130021
1384082046899	,19.190619
1384082046926	,26.979277
1384082046941	,15.08242
1384082046959	,18.2173
1384082046969	,10.123236
1384082047073	,103.3912
1384082047149	,76.51543
1384082047161	,11.597857
1384082047174	,12.852767
1384082047185	,11.31316
1384082047198	,12.31742
1384082047207	,9.655867
1384082047217	,9.372764
1384082047226	,9.246017
1384082047237	,11.263981
1384082047247	,9.981951
1384082047261	,13.71113
1384082047271	,10.104352
1384082047286	,14.50401
1384082047302	,16.267975
1384082047318	,15.6574745
1384082047367	,48.587223
1384082047379	,12.334725
1384082047390	,10.627267
1384082047399	,9.738239
1384082047411	,11.012474
1384082047424	,13.059439
1384082047441	,17.458107
1384082047453	,11.73234
1384082047462	,9.388763
1384082047472	,9.55203
1384082047482	,9.829402
1384082047504	,22.21563
1384082047526	,22.198772
1384082047575	,48.891823
1384082047593	,17.151588
1384082047603	,10.262098
1384082047613	,9.753374
1384082047624	,11.200212
1384082047634	,9.571614
1384082047643	,9.262261
1384082047652	,9.213137
1384082047661	,9.084318
1384082047670	,9.092474
1384082047680	,9.399978
1384082047693	,13.172702
1384082047710	,16.533638
1384082047725	,14.821691
1384082047777	,52.25204
1384082047799	,22.105934
1384082047809	,9.5988655
1384082047820	,11.461157
1384082047832	,11.854332
1384082047843	,11.059603
1384082047857	,13.950858
1384082047869	,11.35563
1384082047879	,10.462252
1384082047900	,20.834877
1384082047921	,20.685284
1384082047933	,12.47283
1384082047944	,10.927207
1384082047963	,18.253819
1384082047980	,17.149546
1384082047998	,17.92773
1384082048008	,10.244322
1384082048017	,9.3327
1384082048027	,9.929418
1384082048041	,13.434149
1384082048051	,9.917267
1384082048066	,14.828617
1384082048078	,12.073474
1384082048088	,9.757805
1384082048104	,16.319786
1384082048128	,23.403305
1384082048143	,15.3184805
1384082048160	,16.636225
1384082048176	,16.747265
1384082048189	,12.273923
1384082048223	,34.027267
1384082048233	,9.910532
1384082048244	,11.256294
1384082048254	,9.373456
1384082048265	,10.990324
1384082048275	,10.561165
1384082048286	,10.364664
1384082048298	,12.42194
1384082048313	,14.979367
1384082048332	,19.159779
1384082048348	,15.678969
1384082048363	,14.547795
1384082048394	,30.799408
1384082048407	,13.353369
1384082048433	,26.36254
1384082048443	,10.006341
1384082048455	,11.517125
1384082048465	,9.614834
1384082048476	,11.378993
1384082048488	,11.422956
1384082048497	,9.5245
1384082048511	,13.584775
1384082048546	,35.01436
1384082048557	,11.310491
1384082048573	,16.1738
1384082048588	,14.960851
1384082048601	,12.624962
1384082048616	,14.796398
1384082048626	,9.966219
1384082048648	,21.54278
1384082048658	,10.767674
1384082048671	,12.684127
1384082048682	,11.0848
1384082048701	,18.224188
1384082048717	,16.430851
1384082048732	,15.348221
1384082048756	,23.188
1384082048769	,13.386024
1384082048790	,20.312737
1384082048802	,12.711547
1384082048817	,14.483664
1384082048827	,10.12513
1384082048861	,33.856613
1384082048871	,10.206121
1384082048882	,11.134673
1384082048893	,10.757782
1384082048903	,9.956694
1384082048920	,17.01361
1384082048937	,16.612741
1384082048957	,19.5433
1384082048968	,11.10726
1384082048983	,15.344668
1384082049000	,17.24756
1384082049022	,21.63388
1384082049033	,10.858245
1384082049044	,10.881249
1384082049063	,19.48146
1384082049076	,12.598441
1384082049089	,12.992813
1384082049101	,11.37444
1384082049117	,16.397034
1384082049132	,14.456455
1384082049145	,13.678095
1384082049167	,21.883396
1384082049181	,13.979969
1384082049196	,14.316585
1384082049206	,10.7381
1384082049217	,10.154193
1384082049238	,21.008669
1384082049249	,11.107635
1384082049261	,12.499323
1384082049279	,18.001616
1384082049290	,10.629984
1384082049300	,10.287082
1384082049311	,10.432505
1384082049341	,29.574535
1384082049354	,13.398692
1384082049376	,21.61365
1384082049390	,13.94849
1384082049407	,17.684504
1384082049418	,10.235877
1384082049429	,10.805089
1384082049441	,12.166657
1384082049454	,13.264537
1384082049468	,13.992992
1384082049493	,24.537016
1384082049503	,10.376821
1384082049513	,9.637667
1384082049530	,16.889086
1384082049547	,16.875816
1384082049561	,14.242585
1384082049575	,14.328627
1384082049589	,13.574533
1384082049604	,15.222721
1384082049614	,9.540024
1384082049624	,9.83263
1384082049650	,25.972824
1384082049667	,16.661009
1384082049678	,11.844975
1384082049695	,16.01579
1384082049706	,11.250541
1384082049717	,10.832981
1384082049729	,12.291091
1384082049744	,15.013549
1384082049760	,15.830094
1384082049774	,13.844348
1384082049791	,17.168081
1384082049807	,15.618247
1384082049818	,10.781063
1384082049828	,10.243036
1384082049838	,9.590933
1384082049853	,15.513915
1384082049864	,10.800052
1384082049875	,10.701478
1384082049888	,13.0400095
1384082049908	,19.866283
1384082049918	,10.603833
1384082049930	,10.972504
1384082049947	,17.794104
1384082049969	,21.86366
1384082049984	,14.324671
1384082049998	,14.222381
1384082050016	,17.921404
1384082050026	,10.530953
1384082050037	,10.000778
1384082050047	,10.024481
1384082050057	,10.685747
1384082050071	,13.673678
1384082050081	,10.101721
1384082050094	,12.678846
1384082050115	,21.456326
1384082050127	,11.333461
1384082050139	,12.283324
1384082050153	,14.124282
1384082050165	,11.770141
1384082050178	,12.352992
1384082050190	,12.460904
1384082050206	,16.004614
1384082050220	,13.851951
1384082050230	,10.286571
1384082050240	,9.5094595
1384082050252	,11.52479
1384082050274	,22.518158
1384082050285	,11.047933
1384082050295	,10.10837
1384082050306	,10.027352
1384082050322	,15.968643
1384082050337	,15.405302
1384082050350	,12.99832
1384082050366	,16.177773
1384082050381	,14.90408
1384082050399	,17.81938
1384082050415	,15.381347
1384082050425	,10.84341
1384082050436	,10.201245
1384082050446	,10.1001425
1384082050456	,9.873625
1384082050468	,11.669233
1384082050483	,15.434727
1384082050493	,10.337595
1384082050506	,12.325916
1384082050520	,14.456173
1384082050536	,15.922177
1384082050550	,14.003911
1384082050568	,18.142815
1384082050591	,22.137403
1384082050607	,16.310202
1384082050622	,14.551209
1384082050633	,11.711662
1384082050645	,11.915747
1384082050656	,10.722103
1384082050667	,10.842765
1384082050678	,11.251143
1384082050690	,11.984834
1384082050702	,11.633363
1384082050714	,11.376762
1384082050726	,12.108691
1384082050749	,23.17219
1384082050762	,12.51574
1384082050778	,16.397923
1384082050791	,12.784692
1384082050802	,11.199083
1384082050818	,15.682112
1384082050831	,13.116886
1384082050841	,10.263323
1384082050852	,10.374015
1384082050862	,9.871612
1384082050873	,10.847006
1384082050886	,13.505516
1384082050906	,19.868332
1384082050917	,11.0754385
1384082050929	,11.4292555
1384082050941	,12.560524
1384082050972	,30.845877
1384082050984	,12.292863
1384082051002	,16.98603
1384082051020	,18.677336
1384082051033	,12.360234
1384082051044	,10.784224
1384082051054	,10.923975
1384082051065	,10.527791
1384082051075	,10.039461
1384082051086	,11.007846
1384082051097	,11.034181
1384082051114	,16.206564
1384082051126	,12.165781
1384082051139	,12.792184
1384082051149	,10.599219
1384082051167	,17.69976
1384082051187	,20.413004
1384082051205	,16.974632
1384082051225	,20.618729
1384082051236	,10.963116
1384082051246	,10.232707
1384082051258	,11.114343
1384082051268	,10.300634
1384082051280	,11.928191
1384082051290	,9.972672
1384082051301	,11.274455
1384082051316	,14.495718
1384082051330	,13.909889
1384082051344	,14.072552
1384082051358	,13.989955
1384082051372	,13.4341955
1384082051402	,30.123367
1384082051412	,10.645381
1384082051428	,15.367317
1384082051440	,12.165258
1384082051451	,10.420331
1384082051460	,9.534842
1384082051470	,9.572269
1384082051479	,9.635968
1384082051490	,10.881891
1384082051502	,11.410818
1384082051519	,16.941652
1384082051535	,15.750593
1384082051545	,10.46979
1384082051556	,10.93705
1384082051568	,12.176343
1384082051611	,43.05212
1384082051635	,23.489328
1384082051646	,10.736448
1384082051658	,12.628778
1384082051671	,12.791942
1384082051682	,10.302356
1384082051694	,11.876303
1384082051705	,10.908728
1384082051716	,11.138135
1384082051734	,18.695473
1384082051748	,13.611623
1384082051762	,14.276454
1384082051774	,11.368855
1384082051788	,13.623204
1384082051818	,30.37816
1384082051850	,32.262466
1384082051863	,12.77856
1384082051873	,9.81965
1384082051886	,12.435133
1384082051900	,14.403556
1384082051913	,12.691652
1384082051924	,11.39449
1384082051943	,19.082045
1384082051957	,13.373079
1384082051971	,14.15423
1384082051986	,15.469456
1384082051998	,11.148787
1384082052033	,35.328327
1384082052051	,17.87851
1384082052062	,11.31776
1384082052072	,9.838024
1384082052083	,10.35637
1384082052095	,12.281637
1384082052106	,11.40499
1384082052119	,12.2593155
1384082052143	,24.05152
1384082052167	,24.121881
1384082052181	,13.50693
1384082052194	,13.616881
1384082052220	,25.195692
1384082052255	,35.073788
1384082052266	,11.151234
1384082052280	,14.139391
1384082052293	,12.796339
1384082052303	,10.154833
1384082052313	,9.894671
1384082052327	,13.884493
1384082052343	,15.829666
1384082052365	,22.41205
1384082052379	,13.225411
1384082052395	,15.783004
1384082052406	,11.096941
1384082052425	,18.802593
1384082052448	,22.926329
1384082052476	,28.013016
1384082052488	,12.783903
1384082052500	,11.02718
1384082052516	,16.107403
1384082052526	,10.38561
1384082052540	,13.928682
1384082052554	,14.294731
1384082052579	,24.475103
1384082052597	,17.52855
1384082052611	,14.7046385
