1384082052637	,20.229992
1384082052653	,16.30621
1384082052679	,25.961136
1384082052694	,15.117624
1384082052708	,13.600799
1384082052721	,12.7940855
1384082052736	,14.794799
1384082052756	,20.162424
1384082052785	,29.1362
1384082052801	,16.212393
1384082052817	,15.460484
1384082052835	,17.771788
1384082052852	,17.399654
1384082052881	,29.006512
1384082052899	,17.690464
1384082052911	,11.822576
1384082052925	,14.077809
1384082052937	,12.303764
1384082052953	,16.170311
1384082052967	,13.586814
1384082052993	,26.096632
1384082053011	,17.89286
1384082053024	,12.782
1384082053048	,23.575947
1384082053070	,21.899912
1384082053083	,13.909238
1384082053109	,25.081772
1384082053123	,14.081501
1384082053139	,16.18171
1384082053151	,12.025118
1384082053168	,16.92507
1384082053195	,27.160076
1384082053224	,28.492165
1384082053237	,13.127891
1384082053257	,19.79934
1384082053269	,12.239419
1384082053285	,15.998257
1384082053304	,19.107347
1384082053321	,16.36021
1384082053332	,11.438634
1384082053344	,11.615085
1384082053359	,14.713658
1384082053394	,35.652863
1384082053426	,31.400612
1384082053450	,23.782415
1384082053471	,21.081076
1384082053485	,13.717472
1384082053498	,13.905939
1384082053525	,26.566647
1384082053538	,13.206566
1384082053553	,14.587767
1384082053566	,13.251652
1384082053584	,17.71738
1384082053615	,30.518072
1384082053639	,24.752687
1384082053666	,26.039436
1384082053687	,21.090658
1384082053699	,11.974787
1384082053711	,12.266354
1384082053737	,25.696539
1384082053754	,17.083202
1384082053768	,14.15419
1384082053786	,17.886562
1384082053804	,18.211216
1384082053825	,20.899921
1384082053848	,22.585644
1384082053871	,23.467863
1384082053886	,14.469725
1384082053898	,12.383353
1384082053920	,21.267366
1384082053935	,14.785913
1384082053952	,17.80328
1384082053967	,14.314281
1384082053979	,12.377115
1384082054004	,24.182772
1384082054029	,24.964157
1384082054057	,28.18924
1384082054082	,25.595757
1384082054097	,14.101663
1384082054108	,11.661188
1384082054124	,16.024763
1384082054146	,21.734678
1384082054160	,13.506446
1384082054174	,13.949517
1384082054190	,15.8464775
1384082054203	,13.299643
1384082054226	,22.841345
1384082054250	,23.833576
1384082054265	,14.855846
1384082054283	,18.469358
1384082054306	,22.875746
1384082054322	,15.412986
1384082054337	,15.04284
1384082054354	,17.680077
1384082054380	,25.048256
1384082054395	,15.02072
1384082054408	,13.518731
1384082054423	,15.126886
1384082054457	,33.616665
1384082054475	,17.42039
1384082054493	,18.199793
1384082054504	,11.546053
1384082054520	,15.718381
1384082054534	,13.927614
1384082054552	,17.946564
1384082054568	,15.792033
1384082054583	,15.298059
1384082054606	,22.520895
1384082054631	,25.146694
1384082054656	,24.868462
1384082054675	,18.564884
1384082054703	,28.58592
1384082054718	,14.752008
1384082054730	,12.093894
1384082054747	,17.078615
1384082054768	,20.352856
1384082054783	,15.2299595
1384082054802	,18.965233
1384082054816	,13.70846
1384082054835	,19.49683
1384082054872	,36.807434
1384082054890	,18.079184
1384082054909	,18.11518
1384082054926	,16.867159
1384082054937	,11.45515
1384082054949	,11.899116
1384082054961	,11.984452
1384082054975	,13.70877
1384082054990	,15.471128
1384082055022	,31.30449
1384082055039	,17.294893
1384082055059	,19.543373
1384082055097	,38.00572
1384082055112	,15.533363
1384082055127	,14.465702
1384082055139	,11.858651
1384082055152	,12.994068
1384082055167	,15.537613
1384082055180	,12.289659
1384082055194	,13.934308
1384082055208	,14.220638
1384082055232	,23.812115
1384082055252	,20.102777
1384082055267	,14.968623
1384082055290	,23.210573
1384082055313	,22.15582
1384082055334	,21.834356
1384082055346	,11.949381
1384082055360	,13.180266
1384082055374	,14.233264
1384082055393	,18.819118
1384082055407	,14.036118
1384082055423	,15.578987
1384082055447	,23.84588
1384082055461	,14.616579
1384082055488	,26.57758
1384082055515	,27.181795
1384082055529	,13.479341
1384082055549	,20.42732
1384082055563	,14.049264
1384082055577	,13.718463
1384082055593	,15.82892
1384082055606	,13.086694
1384082055621	,14.867337
1384082055657	,35.59779
1384082055674	,17.24049
1384082055694	,20.03755
1384082055729	,35.27807
1384082055741	,11.527499
1384082055752	,11.057633
1384082055764	,12.236824
1384082055783	,18.82364
1384082055797	,14.107617
1384082055814	,16.320284
1384082055828	,14.229751
1384082055843	,14.491143
1384082055873	,30.433828
1384082055887	,14.114052
1384082055901	,13.19471
1384082055929	,27.89938
1384082055946	,17.213156
1384082055962	,16.114025
1384082055978	,16.249128
1384082055991	,13.008611
1384082056007	,15.247628
1384082056027	,19.901749
1384082056040	,13.805332
1384082056060	,19.55838
1384082056094	,34.340054
1384082056116	,21.858997
1384082056139	,22.397951
1384082056151	,12.3703575
1384082056167	,15.919274
1384082056184	,16.322912
1384082056195	,11.426019
1384082056207	,11.684309
1384082056222	,15.012982
1384082056239	,16.594389
1384082056251	,12.108019
1384082056292	,41.72577
1384082056307	,14.356007
1384082056323	,16.01489
1384082056350	,27.42287
1384082056362	,11.430159
1384082056375	,13.048754
1384082056388	,12.425024
1384082056406	,18.588448
1384082056420	,13.33629
1384082056435	,15.653504
1384082056449	,13.404644
1384082056461	,12.171401
1384082056486	,24.916706
1384082056512	,25.86006
1384082056535	,22.687809
1384082056551	,16.21813
1384082056565	,14.161792
1384082056581	,15.561234
1384082056599	,18.286112
1384082056612	,12.802951
1384082056629	,17.142262
1384082056643	,13.517032
1384082056659	,16.56216
1384082056676	,16.857302
1384082056692	,15.525654
1384082056716	,24.070969
1384082056744	,27.808872
1384082056765	,21.459452
1384082056785	,19.133867
1384082056798	,13.068498
1384082056809	,11.751226
1384082056822	,12.955621
1384082056838	,15.731101
1384082056855	,16.9495
1384082056869	,13.621522
1384082056891	,22.164297
1384082056912	,20.33148
1384082056948	,36.20762
1384082056969	,20.937984
1384082056981	,11.939908
1384082056994	,13.05977
1384082057006	,11.884796
1384082057022	,15.715153
1384082057042	,20.731123
1384082057057	,14.598751
1384082057073	,15.98953
1384082057091	,17.795738
1384082057108	,16.892511
1384082057126	,17.822954
1384082057158	,31.64822
1384082057171	,13.137408
1384082057185	,14.192344
1384082057203	,17.73076
1384082057224	,21.141613
1384082057238	,13.586779
1384082057253	,15.442632
1384082057275	,22.207088
1384082057288	,13.0267105
1384082057309	,20.337305
1384082057325	,16.28274
1384082057351	,25.323175
1384082057374	,22.942968
1384082057392	,18.41618
1384082057412	,20.129152
1384082057426	,13.830724
1384082057442	,15.766002
1384082057458	,15.880656
1384082057472	,14.303811
1384082057490	,17.4239
1384082057510	,19.772554
1384082057534	,23.94442
1384082057552	,18.521133
1384082057567	,14.828247
1384082057588	,21.267656
1384082057601	,12.959443
1384082057615	,14.065042
1384082057628	,12.61004
1384082057642	,13.383226
1384082057656	,14.865075
1384082057677	,20.847939
1384082057692	,14.931674
1384082057715	,22.664684
1384082057734	,18.99588
1384082057760	,25.627367
1384082057786	,26.056768
1384082057799	,13.1849
1384082057813	,14.231743
1384082057830	,16.581938
1384082057850	,19.793324
1384082057865	,14.760601
1384082057878	,12.885431
1384082057899	,21.011793
1384082057916	,17.21008
1384082057930	,14.109254
1384082057946	,15.3251915
1384082057962	,16.812653
1384082057983	,20.126495
1384082058002	,19.261692
1384082058017	,15.24222
1384082058039	,21.234947
1384082058053	,14.528265
1384082058066	,12.638474
1384082058083	,16.649715
1384082058098	,15.698595
1384082058112	,13.628709
1384082058128	,15.617782
1384082058153	,25.2575
1384082058169	,16.179901
1384082058184	,15.139918
1384082058212	,27.364328
1384082058226	,13.639871
1384082058237	,11.5190325
1384082058251	,14.280705
1384082058264	,12.706024
1384082058285	,21.065554
1384082058301	,15.200943
1384082058319	,18.623615
1384082058336	,16.948612
1384082058353	,17.164757
1384082058375	,21.474392
1384082058390	,14.427708
1384082058414	,24.638357
1384082058429	,14.917942
1384082058445	,15.996877
1384082058470	,24.719652
1384082058489	,19.019964
1384082058613	,123.45126
1384082058645	,32.697453
1384082058662	,17.012774
1384082058680	,17.787436
1384082058694	,13.814924
1384082058706	,12.043387
1384082058720	,13.233495
1384082058733	,13.605035
1384082058748	,14.309565
1384082058762	,14.412996
1384082058777	,15.11149
1384082058798	,20.86344
1384082058856	,58.169487
1384082058873	,16.599127
1384082058889	,16.396843
1384082058904	,14.315212
1384082058915	,11.072575
1384082058931	,15.554864
1384082058953	,22.337427
1384082058967	,13.6448345
1384082058981	,14.160678
1384082058998	,17.36452
1384082059027	,28.2113
1384082059046	,19.289371
1384082059085	,39.311543
1384082059097	,11.773724
1384082059120	,23.139692
1384082059132	,11.947042
1384082059146	,13.699968
1384082059163	,16.39405
1384082059178	,14.971793
1384082059194	,16.380959
1384082059206	,12.053915
1384082059237	,30.64838
1384082059299	,61.703
1384082059316	,16.919672
1384082059329	,13.243034
1384082059343	,14.4622965
1384082059359	,15.142209
1384082059372	,13.026004
1384082059396	,24.48599
1384082059414	,17.81689
1384082059444	,29.877789
1384082059458	,13.6595335
1384082059476	,18.096237
1384082059513	,37.018604
1384082059524	,11.055706
1384082059535	,11.044257
1384082059550	,14.835081
1384082059565	,14.9767
1384082059587	,22.16731
1384082059609	,21.33181
1384082059625	,16.439447
1384082059657	,31.365854
1384082059675	,18.671106
1384082059732	,56.46396
1384082059745	,13.481466
1384082059759	,13.533568
1384082059773	,14.10178
1384082059787	,13.730714
1384082059804	,17.253668
1384082059816	,11.670545
1384082059827	,11.478659
1384082059851	,23.08026
1384082059863	,12.572133
1384082059884	,20.315376
1384082059917	,32.83038
1384082059947	,30.684338
1384082059964	,16.3484
1384082059977	,13.781212
1384082059991	,13.732915
1384082060013	,21.821056
1384082060038	,24.769058
1384082060067	,29.198915
1384082060084	,16.847485
1384082060098	,13.432171
1384082060109	,11.483428
1384082060120	,10.42601
1384082060136	,16.128534
1384082060156	,19.84689
1384082060166	,10.483571
1384082060181	,15.136829
1384082060201	,19.148645
1384082060225	,23.857584
1384082060238	,13.603909
1384082060254	,15.284126
1384082060276	,22.620018
1384082060294	,17.233797
1384082060310	,16.22646
1384082060330	,19.66624
1384082060372	,42.312103
1384082060385	,12.688432
1384082060397	,12.61776
1384082060415	,18.084682
1384082060432	,16.050468
1384082060448	,16.381878
1384082060472	,24.157492
1384082060492	,20.016172
1384082060528	,35.237537
1384082060544	,16.542133
1384082060561	,16.877428
1384082060590	,28.81872
1384082060603	,12.934381
1384082060615	,11.80608
1384082060631	,15.657209
1384082060651	,20.410933
1384082060670	,18.65602
1384082060687	,17.326035
1384082060702	,14.447209
1384082060715	,13.703643
1384082060727	,11.489983
1384082060738	,10.752394
1384082060749	,11.080013
1384082060761	,11.864092
1384082060775	,13.629832
1384082060804	,29.490965
1384082060841	,37.356632
1384082060853	,11.14797
1384082060868	,15.262803
1384082060890	,22.427359
1384082060910	,19.556105
1384082060927	,16.645512
1384082061044	,116.95983
1384082061075	,30.89945
1384082061091	,16.394014
1384082061106	,14.522417
1384082061131	,25.17224
1384082061148	,17.408077
1384082061161	,12.15194
1384082061172	,10.969305
1384082061183	,11.684923
1384082061197	,13.377942
1384082061208	,10.884566
1384082061220	,12.606831
1384082061235	,14.800045
1384082061249	,13.310147
1384082061278	,28.759653
1384082061296	,18.468914
1384082061308	,11.579693
1384082061324	,15.775614
1384082061337	,13.249386
1384082061350	,12.912762
1384082061361	,11.06048
1384082061375	,14.413709
1384082061388	,12.184913
1384082061399	,11.347303
1384082061413	,13.745777
1384082061435	,22.399416
1384082061455	,19.772984
1384082061467	,11.988975
1384082061485	,17.917952
1384082061523	,37.877464
1384082061535	,12.275141
1384082061548	,12.40325
1384082061560	,11.676399
1384082061571	,11.755167
1384082061588	,16.9779
1384082061600	,11.56495
1384082061611	,11.237372
1384082061623	,11.588254
1384082061634	,11.248758
1384082061647	,12.424964
1384082061658	,11.43567
1384082061674	,15.676988
1384082061693	,19.375454
1384082061718	,24.15297
1384082061741	,23.525446
1384082061767	,26.06908
1384082061779	,11.934276
1384082061790	,10.796266
1384082061804	,13.60822
1384082061820	,16.126513
1384082061840	,19.873196
1384082061854	,13.764328
1384082061865	,11.361002
1384082061881	,16.136824
1384082061932	,50.18751
1384082061945	,13.730961
1384082061957	,11.837951
1384082061968	,10.601346
1384082061981	,13.402587
1384082061997	,15.554832
1384082062011	,13.915726
1384082062029	,18.371286
1384082062069	,39.337425
1384082062083	,14.406444
1384082062099	,15.845802
1384082062116	,17.059591
1384082062154	,37.53522
1384082062166	,12.170723
1384082062178	,12.058228
1384082062191	,12.973605
1384082062205	,13.406558
1384082062224	,19.056707
1384082062241	,17.336826
1384082062257	,15.204
1384082062267	,10.866482
1384082062281	,13.832767
1384082062307	,25.409937
1384082062330	,22.935812
1384082062379	,49.12539
1384082062393	,14.438515
1384082062405	,11.199022
1384082062416	,10.803368
1384082062426	,10.545543
1384082062444	,17.392675
1384082062466	,22.08294
1384082062485	,18.932137
1384082062509	,24.505026
1384082062532	,22.34582
1384082062569	,37.474525
1384082062580	,10.668865
1384082062594	,13.583319
1384082062611	,17.727022
1384082062624	,12.789026
1384082062638	,14.004064
1384082062688	,49.203133
1384082062706	,18.408989
1384082062727	,21.078876
1384082062746	,18.353325
1384082062781	,35.404346
1384082062796	,15.112375
1384082062811	,14.453282
1384082062824	,13.208939
1384082062838	,13.556682
1384082062857	,19.332378
1384082062878	,20.535553
1384082062893	,15.066594
1384082062912	,19.233843
1384082062944	,32.092655
1384082062966	,21.40563
1384082062997	,30.894705
1384082063008	,10.927992
1384082063018	,10.755658
1384082063035	,16.150007
1384082063051	,16.569685
1384082063079	,27.607838
1384082063095	,15.745593
1384082063113	,18.179644
1384082063137	,24.451174
1384082063155	,17.328362
1384082063184	,29.281267
1384082063197	,13.025261
1384082063211	,14.012677
1384082063223	,11.666133
1384082063240	,16.462284
1384082063252	,12.266831
1384082063270	,17.904282
1384082063284	,14.201775
1384082063316	,31.913183
1384082063332	,15.74975
1384082063350	,18.196964
1384082063371	,20.550508
1384082063401	,30.641615
1384082063415	,13.309619
1384082063428	,13.311715
1384082063440	,11.72825
1384082063454	,13.90751
1384082063470	,15.625754
1384082063485	,15.271861
1384082063499	,14.371359
1384082063512	,12.879511
1384082063526	,14.135595
1384082063539	,12.824457
1384082063569	,29.266039
1384082063584	,15.596597
1384082063596	,11.61122
1384082063630	,33.808628
1384082063641	,10.9982815
1384082063654	,13.23654
1384082063666	,11.652287
1384082063689	,22.9465
1384082063705	,15.816674
1384082063717	,12.0315075
1384082063732	,15.584827
1384082063744	,11.925653
1384082063767	,22.560516
1384082063782	,14.746254
1384082063800	,17.72982
1384082063814	,14.6052265
1384082063825	,10.248727
1384082063839	,14.128452
1384082063852	,13.010817
1384082063868	,16.262903
1384082063884	,15.5145855
1384082063899	,15.162803
1384082063910	,11.400592
1384082063941	,30.673595
1384082063960	,18.837278
1384082063975	,15.058797
1384082063987	,12.1713085
1384082064007	,19.808084
1384082064025	,17.382504
1384082064040	,15.041155
1384082064052	,11.8029785
1384082064066	,14.600708
1384082064081	,14.670975
1384082064096	,14.55253
1384082064109	,13.089355
1384082064125	,16.21274
1384082064137	,12.238102
1384082064152	,14.817096
1384082064181	,28.900562
1384082064194	,12.806869
1384082064208	,13.974861
1384082064221	,12.889166
1384082064240	,18.522268
1384082064258	,18.0465
1384082064271	,13.526465
1384082064287	,15.89128
1384082064300	,12.615711
1384082064317	,16.777428
1384082064334	,17.070868
1384082064349	,15.083895
1384082064361	,12.473499
1384082064379	,17.515404
1384082064395	,16.33703
1384082064412	,16.197401
1384082064426	,14.529438
1384082064440	,13.431007
1384082064453	,13.164038
1384082064467	,14.151353
1384082064479	,11.946878
1384082064498	,18.399256
1384082064514	,16.682976
1384082064528	,13.650375
1384082064548	,19.876509
1384082064578	,29.648243
1384082064595	,16.948692
1384082064609	,14.060399
1384082064623	,14.249656
1384082064639	,16.080177
1384082064651	,11.403005
1384082064665	,14.530644
1384082064679	,13.748624
1384082064694	,14.616035
1384082064707	,13.073802
1384082064718	,11.312208
1384082064733	,14.345988
1384082064745	,11.967845
1384082064759	,13.85479
1384082064772	,13.287366
1384082064797	,24.999619
1384082064812	,14.650032
1384082064824	,12.325022
1384082064838	,13.606928
1384082064854	,16.034945
1384082064880	,26.563871
1384082064902	,21.880352
1384082064915	,12.848876
1384082064935	,19.595388
1384082064951	,15.477884
1384082064963	,12.310291
1384082064978	,15.044818
1384082064994	,16.223988
1384082065011	,16.636402
1384082065027	,16.332125
1384082065042	,14.116514
1384082065061	,19.74281
1384082065074	,12.453456
1384082065096	,22.087584
1384082065111	,14.587225
1384082065124	,13.292527
1384082065141	,16.934145
1384082065158	,17.183615
1384082065174	,15.338785
1384082065205	,31.186413
1384082065219	,14.601716
1384082065235	,15.89639
1384082065256	,20.021345
1384082065272	,16.336943
1384082065288	,16.509087
1384082065304	,15.47451
1384082065317	,12.841903
1384082065331	,14.36659
1384082065346	,14.660584
1384082065358	,12.327674
1384082065372	,13.591536
1384082065384	,11.442809
1384082065395	,11.484257
1384082065415	,19.436256
1384082065428	,13.690308
1384082065439	,11.069544
1384082065451	,11.717395
1384082065465	,14.028952
1384082065480	,14.738666
1384082065500	,19.642948
1384082065524	,23.97481
1384082065549	,24.908155
1384082065563	,14.571985
1384082065576	,12.28863
1384082065589	,13.658859
1384082065603	,13.453416
1384082065617	,14.348074
1384082065638	,20.736237
1384082065652	,13.40745
1384082065668	,16.425177
1384082065682	,13.412221
1384082065695	,13.636615
1384082065712	,16.207348
1384082065727	,15.313991
1384082065745	,17.607637
1384082065759	,14.77133
1384082065781	,21.151644
1384082065795	,13.946777
1384082065808	,13.44707
1384082065830	,21.669333
1384082065850	,20.30218
1384082065863	,13.079746
1384082065884	,20.895117
1384082065899	,14.442947
1384082065914	,15.485764
1384082065928	,13.311295
1384082065943	,15.570553
1384082065957	,13.6975355
1384082065971	,14.003762
1384082065989	,17.297615
1384082066001	,12.289216
1384082066016	,14.737568
1384082066035	,19.688057
1384082066053	,17.744576
1384082066067	,13.568072
1384082066085	,17.999077
1384082066106	,20.55176
1384082066124	,18.784496
1384082066153	,28.422478
1384082066171	,18.429756
1384082066186	,14.338677
1384082066199	,13.580265
1384082066215	,15.654758
1384082066231	,15.559179
1384082066251	,20.444984
1384082066262	,11.024328
1384082066274	,11.787269
1384082066301	,27.021687
1384082066322	,20.433533
1384082066336	,14.371575
1384082066353	,17.065405
1384082066371	,17.419031
1384082066388	,17.720018
1384082066406	,17.84763
1384082066418	,11.8112135
1384082066431	,13.063835
1384082066455	,23.860706
1384082066469	,13.951873
1384082066483	,13.644904
1384082066499	,16.192064
1384082066519	,19.78554
1384082066533	,13.85958
1384082066547	,13.576616
1384082066560	,13.053818
1384082066573	,12.790866
1384082066586	,13.506686
1384082066598	,12.052843
1384082066610	,12.141448
1384082066626	,15.016365
1384082066638	,12.419922
1384082066656	,18.362728
1384082066669	,12.895973
1384082066681	,11.20823
1384082066694	,12.885268
1384082066716	,22.058245
1384082066745	,29.038748
1384082066780	,35.582172
1384082066800	,19.235888
1384082066816	,15.888444
1384082066830	,14.422918
1384082066841	,10.493241
1384082066853	,11.929602
1384082066869	,15.988027
1384082066885	,16.252499
1384082066897	,12.236143
1384082066915	,17.817297
1384082066938	,22.757988
1384082066954	,16.105927
1384082066974	,19.77952
1384082066991	,16.607595
1384082067006	,15.333765
1384082067025	,18.534292
1384082067040	,15.184222
1384082067051	,11.071329
1384082067067	,15.519999
1384082067092	,25.84455
1384082067106	,13.462526
1384082067122	,16.18679
1384082067148	,25.77098
1384082067160	,12.3332405
1384082067173	,12.874624
1384082067188	,14.142828
1384082067202	,13.931287
1384082067217	,15.452293
1384082067231	,14.027779
1384082067243	,12.098303
1384082067255	,11.897475
1384082067267	,12.058218
1384082067285	,17.865732
1384082067298	,13.014414
1384082067313	,14.729053
1384082067341	,28.241753
1384082067357	,15.95283
1384082067386	,28.810675
1384082067408	,21.947691
1384082067421	,12.861811
1384082067434	,12.364427
1384082067446	,11.799672
1384082067458	,12.849354
1384082067470	,11.57546
1384082067487	,16.865095
1384082067504	,17.070423
1384082067519	,15.006264
1384082067535	,16.174932
1384082067559	,23.093044
1384082067575	,16.783297
1384082067589	,14.035713
1384082067607	,17.475922
1384082067625	,18.256855
1384082067642	,16.707819
1384082067654	,11.5190525
1384082067666	,12.606845
1384082067681	,15.112516
1384082067695	,13.185551
1384082067717	,21.882101
1384082067733	,16.658024
1384082067761	,27.628408
1384082067776	,14.67651
1384082067789	,13.467628
1384082067805	,15.905322
1384082067817	,11.777982
1384082067833	,15.519553
1384082067848	,15.389955
1384082067861	,12.304548
1384082067875	,14.919795
1384082067892	,16.52745
1384082067909	,17.149752
1384082067924	,15.0090685
1384082067946	,21.106234
1384082067959	,13.889771
1384082068000	,40.517273
1384082068025	,24.957293
1384082068039	,13.886666
1384082068052	,13.072457
1384082068065	,12.47711
1384082068076	,10.844922
1384082068086	,10.708073
1384082068100	,13.426759
1384082068116	,16.556557
1384082068133	,16.36569
1384082068146	,13.545197
1384082068169	,22.449951
1384082068197	,28.231607
1384082068213	,16.027538
1384082068229	,15.883108
1384082068246	,16.899637
1384082068261	,15.001692
1384082068277	,15.444496
1384082068292	,15.638866
1384082068312	,19.707348
1384082068341	,28.479404
1384082068362	,21.699
1384082068379	,15.998776
1384082068401	,22.525352
1384082068413	,11.847905
1384082068425	,11.81607
1384082068437	,12.24782
1384082068454	,16.324945
1384082068467	,13.100983
1384082068480	,12.783405
1384082068491	,11.128175
1384082068506	,14.903549
1384082068525	,18.791641
1384082068545	,20.21824
1384082068559	,14.424605
1384082068575	,15.169702
1384082068589	,14.619499
1384082068623	,33.871105
1384082068652	,28.642666
1384082068664	,11.719858
1384082068676	,11.946335
1384082068688	,12.470315
1384082068699	,10.837738
1384082068713	,13.4506645
1384082068728	,15.195467
1384082068749	,21.212828
1384082068766	,16.944107
1384082068782	,16.182566
1384082068803	,20.358088
1384082068827	,24.28228
1384082068842	,14.401017
1384082068864	,22.236853
1384082068875	,11.073234
1384082068887	,12.111768
1384082068898	,10.961045
1384082068910	,11.5728
1384082068928	,18.623337
1384082068964	,35.371883
1384082068981	,16.637089
1384082068998	,17.473253
1384082069014	,15.969178
1384082069034	,19.429592
1384082069046	,12.776837
1384082069063	,16.058842
1384082069073	,10.699955
1384082069087	,13.725754
1384082069100	,12.919411
1384082069112	,12.375023
1384082069128	,15.220281
1384082069147	,18.83944
1384082069162	,15.406654
1384082069178	,15.418224
1384082069194	,16.599003
1384082069210	,15.504704
1384082069223	,13.458491
1384082069265	,41.388096
1384082069278	,13.496353
1384082069292	,13.75317
1384082069305	,12.779377
1384082069317	,11.704291
1384082069328	,11.370555
1384082069340	,12.146395
1384082069353	,12.419898
1384082069382	,29.423649
1384082069398	,15.931736
1384082069418	,19.643091
1384082069430	,11.994027
1384082069460	,29.942165
1384082069476	,16.201849
1384082069490	,13.817846
1384082069504	,14.032671
1384082069516	,11.831653
1384082069527	,10.564404
1384082069542	,14.855945
1384082069577	,35.298264
1384082069599	,21.428528
1384082069616	,17.518583
1384082069630	,14.026059
1384082069647	,16.46675
1384082069660	,12.760889
1384082069674	,14.934386
1384082069686	,11.171863
1384082069696	,10.623298
1384082069708	,11.703621
1384082069721	,12.49287
1384082069734	,12.858863
1384082069748	,14.093644
1384082069763	,15.650127
1384082069851	,87.87525
1384082069925	,73.95206
1384082069937	,11.064888
1384082069952	,15.1807995
1384082069966	,14.159831
1384082069977	,10.503251
1384082069987	,10.496207
1384082069998	,10.666423
1384082070012	,14.219867
1384082070023	,11.017389
1384082070034	,10.56264
1384082070045	,10.807677
1384082070063	,18.027763
1384082070104	,41.390522
1384082070133	,29.138348
1384082070145	,11.739255
1384082070159	,13.601165
1384082070174	,14.872082
1384082070187	,12.84656
1384082070198	,11.092081
1384082070213	,14.733941
1384082070225	,12.737218
1384082070247	,21.443823
1384082070259	,11.6566925
1384082070272	,13.341155
1384082070284	,11.843222
1384082070334	,50.077198
1384082070352	,17.669687
1384082070368	,15.957312
1384082070380	,12.066059
1384082070392	,12.410202
1384082070405	,12.365454
1384082070418	,13.27474
1384082070432	,13.600265
1384082070443	,11.355972
1384082070457	,13.285545
1384082070470	,13.8125725
1384082070482	,11.065448
1384082070496	,14.663706
1384082070568	,71.24835
1384082070583	,15.0290165
1384082070596	,13.027453
1384082070607	,11.459252
1384082070620	,12.915121
1384082070634	,13.833179
1384082070647	,12.543496
1384082070662	,14.877197
1384082070680	,18.059511
1384082070693	,13.332401
1384082070705	,12.019911
1384082070719	,13.32586
1384082070747	,28.514658
1384082070774	,26.543432
1384082070788	,14.483649
1384082070800	,11.975546
1384082070814	,13.399645
1384082070825	,11.596269
1384082070842	,16.333628
1384082070853	,11.041946
1384082070864	,11.511266
1384082070892	,27.33939
1384082070905	,13.214682
1384082070919	,13.872782
1384082070931	,12.203735
1384082070961	,29.760683
1384082070997	,35.54172
1384082071008	,11.23327
1384082071019	,11.333662
1384082071033	,13.68111
1384082071047	,13.342496
1384082071060	,13.217997
1384082071072	,12.130957
1384082071084	,11.8781185
1384082071100	,16.440048
1384082071116	,15.660995
1384082071129	,12.3947525
1384082071146	,17.7166
1384082071171	,24.330532
1384082071213	,42.543907
1384082071225	,11.171272
1384082071235	,10.588444
1384082071249	,13.744666
1384082071262	,13.395842
1384082071275	,12.574594
1384082071288	,12.8607235
1384082071315	,27.01725
1384082071328	,12.917628
1384082071345	,16.633547
1384082071361	,15.997014
1384082071388	,27.20118
1384082071406	,17.422544
1384082071419	,13.173758
1384082071431	,12.238624
1384082071443	,12.348348
1384082071456	,12.390268
1384082071468	,11.952695
1384082071482	,13.652703
1384082071493	,11.809655
1384082071533	,39.823902
1384082071547	,13.10564
1384082071564	,17.824564
1384082071580	,15.742447
1384082071603	,22.284603
1384082071625	,22.771915
1384082071636	,10.296511
1384082071649	,12.76341
1384082071661	,12.625881
1384082071674	,12.749809
1384082071688	,13.845051
1384082071699	,10.80593
1384082071711	,12.597906
1384082071730	,18.790676
1384082071743	,12.873705
1384082071756	,13.091961
1384082071775	,18.32026
1384082071793	,17.886276
1384082071808	,15.399246
1384082071822	,13.42644
1384082071846	,24.485355
1384082071859	,12.872987
1384082071873	,13.669941
1384082071887	,14.269874
1384082071901	,13.97141
1384082071918	,16.902416
1384082071943	,24.80911
1384082071956	,12.568538
1384082071973	,17.296349
1384082071986	,12.634857
1384082072000	,14.071408
1384082072023	,23.399195
1384082072035	,11.201753
1384082072046	,11.273353
1384082072059	,12.726383
1384082072070	,11.342482
1384082072086	,15.741699
1384082072099	,12.947526
1384082072113	,13.6978035
1384082072130	,17.163546
1384082072161	,31.447474
1384082072176	,14.825543
1384082072188	,12.240486
1384082072207	,18.871439
1384082072226	,18.683191
1384082072250	,23.948072
1384082072265	,14.647407
1384082072276	,10.713037
1384082072286	,10.526546
1384082072301	,15.040692
1384082072314	,12.515323
1384082072325	,10.681805
1384082072342	,17.765583
1384082072363	,20.49008
1384082072376	,12.565867
1384082072393	,17.568604
1384082072409	,15.865605
1384082072421	,11.775767
1384082072438	,16.573141
1384082072455	,17.586782
1384082072473	,18.020657
1384082072486	,12.955282
1384082072500	,13.118332
1384082072514	,14.171701
1384082072527	,13.523056
1384082072548	,20.89053
1384082072572	,23.776398
1384082072585	,12.716742
1384082072596	,11.079156
1384082072615	,18.689669
1384082072625	,10.338047
1384082072635	,10.235725
1384082072656	,20.546705
1384082072669	,13.317644
1384082072682	,12.246166
1384082072698	,15.959444
1384082072708	,10.605089
1384082072726	,17.449516
1384082072744	,17.835602
1384082072757	,13.46619
1384082072794	,36.46813
1384082072807	,12.72787
1384082072822	,15.02394
1384082072832	,10.674306
1384082072843	,10.297181
1384082072876	,33.008553
1384082072888	,12.47767
1384082072899	,10.626317
1384082072909	,10.335287
1384082072921	,11.779647
1384082072936	,14.179956
1384082072949	,13.215939
1384082072961	,11.700564
1384082072976	,15.86063
1384082072996	,19.894867
1384082073009	,12.750274
1384082073024	,14.755671
1384082073036	,11.667041
1384082073052	,15.989442
1384082073063	,10.787329
1384082073083	,19.85848
1384082073098	,15.360839
1384082073112	,13.903321
1384082073128	,16.081827
1384082073142	,14.00609
1384082073157	,14.437515
1384082073179	,22.08894
1384082073199	,19.869286
1384082073211	,12.050327
1384082073221	,10.267374
1384082073235	,14.183496
1384082073248	,12.569273
1384082073258	,10.336074
1384082073269	,10.700379
1384082073299	,30.074144
1384082073311	,11.264511
1384082073326	,15.172075
1384082073339	,13.427428
1384082073355	,15.895088
1384082073370	,14.279035
1384082073383	,13.599797
1384082073420	,36.348045
1384082073435	,14.964086
1384082073446	,11.075665
1384082073458	,12.167222
1384082073474	,15.728186
1384082073500	,25.875118
1384082073519	,19.208313
1384082073530	,10.562051
1384082073543	,13.796071
1384082073557	,13.215662
1384082073569	,12.594824
1384082073584	,14.119877
1384082073599	,15.064675
1384082073612	,13.386995
1384082073627	,14.828021
1384082073640	,13.428151
1384082073657	,16.147154
1384082073671	,14.4598
1384082073683	,11.621346
1384082073695	,11.74838
1384082073738	,43.221046
1384082073752	,13.992751
1384082073766	,13.81582
1384082073783	,17.201569
1384082073800	,16.603281
1384082073818	,18.519945
1384082073829	,11.057115
1384082073841	,11.017034
1384082073857	,16.432106
1384082073869	,11.448435
1384082073882	,13.523556
1384082073895	,12.773898
1384082073909	,14.194566
1384082073936	,26.649885
1384082073957	,20.940825
1384082073974	,17.493523
1384082073988	,13.046119
1384082073999	,11.566876
1384082074023	,24.01972
1384082074035	,11.976711
1384082074056	,21.135633
1384082074067	,10.956227
1384082074081	,13.50437
1384082074092	,10.92067
1384082074104	,12.318548
1384082074117	,12.441847
1384082074144	,27.099262
1384082074165	,20.463633
1384082074178	,13.504017
1384082074192	,13.669833
1384082074208	,16.350496
1384082074222	,13.890215
1384082074233	,11.102502
1384082074248	,14.229363
1384082074262	,13.881744
1384082074272	,10.471663
1384082074285	,12.894264
1384082074295	,10.2238035
1384082074308	,12.403849
1384082074322	,13.715754
1384082074336	,14.136278
1384082074373	,37.108746
1384082074400	,27.079113
1384082074417	,16.847612
1384082074436	,18.955246
1384082074448	,12.154356
1384082074459	,10.475463
1384082074470	,11.582846
1384082074482	,11.1868925
1384082074493	,10.976763
1384082074505	,12.008757
1384082074515	,10.686178
1384082074528	,12.473577
1384082074551	,23.114128
1384082074576	,24.589016
1384082074607	,30.956236
1384082074622	,15.216872
1384082074641	,18.577684
1384082074654	,13.586066
1384082074665	,10.470821
1384082074680	,14.783968
1384082074700	,20.187958
1384082074711	,11.02376
1384082074722	,10.39156
1384082074738	,15.939919
1384082074752	,14.581683
1384082074768	,16.14909
1384082074784	,15.206249
1384082074810	,26.144783
1384082074825	,15.318765
1384082074838	,12.243372
1384082074848	,10.351696
1384082074859	,10.716232
1384082074871	,11.766701
1384082074885	,14.739875
1384082074901	,15.35826
1384082074911	,10.092745
1384082074922	,11.150375
1384082074933	,11.235743
1384082074947	,13.925715
1384082074961	,13.872397
1384082074975	,13.744426
1384082074991	,16.103153
1384082075045	,53.376614
1384082075057	,12.186906
1384082075068	,10.976378
1384082075081	,12.509005
1384082075092	,11.316753
1384082075104	,12.077056
1384082075115	,11.250309
1384082075125	,9.695132
1384082075137	,12.157858
1384082075150	,12.749476
1384082075165	,14.863599
1384082075192	,26.842335
1384082075210	,18.327194
1384082075235	,24.744724
1384082075250	,14.578073
1384082075265	,15.23541
1384082075276	,11.166357
1384082075287	,10.903337
1384082075303	,15.26659
1384082075314	,11.674215
1384082075325	,10.863113
1384082075345	,20.052734
1384082075362	,17.072104
1384082075379	,16.73008
1384082075399	,19.832104
1384082075411	,11.794765
1384082075432	,21.084356
1384082075451	,18.816109
1384082075461	,10.354088
1384082075473	,11.334128
1384082075485	,11.775735
1384082075498	,13.643097
1384082075511	,12.340424
1384082075520	,9.62509
1384082075531	,10.162365
1384082075544	,13.070754
1384082075555	,11.292695
1384082075570	,14.966085
1384082075581	,10.49299
1384082075592	,10.97383
1384082075610	,17.91602
1384082075621	,11.493017
1384082075641	,20.012506
1384082075673	,31.74924
1384082075685	,12.136175
1384082075697	,11.983569
1384082075711	,13.512336
1384082075723	,11.842219
1384082075734	,11.280531
1384082075746	,11.927035
1384082075760	,14.060429
1384082075773	,12.867782
1384082075796	,22.882406
1384082075817	,21.303682
1384082075837	,19.30116
1384082075851	,13.839281
1384082075863	,12.227271
1384082075881	,18.049664
1384082075893	,12.279495
1384082075905	,11.824973
1384082075917	,11.778038
1384082075929	,11.956264
1384082075942	,12.661638
1384082075956	,14.148273
1384082075982	,25.559757
1384082075997	,15.345274
1384082076013	,16.233093
1384082076029	,15.747164
1384082076042	,12.749981
1384082076058	,15.811454
1384082076068	,10.527396
1384082076081	,12.43491
1384082076093	,12.40483
1384082076104	,10.694607
1384082076117	,12.601834
1384082076128	,10.782214
1384082076142	,14.61273
1384082076154	,11.995522
1384082076166	,11.328473
1384082076180	,13.877145
1384082076199	,19.349876
1384082076215	,15.952871
1384082076235	,19.694912
1384082076247	,11.645316
1384082076270	,22.83818
1384082076284	,14.133415
1384082076306	,22.69976
1384082076317	,10.777143
1384082076329	,11.42444
1384082076341	,11.908139
1384082076353	,11.971851
1384082076365	,11.780873
1384082076375	,10.302115
1384082076389	,13.50346
1384082076409	,20.870754
1384082076447	,37.846962
1384082076459	,11.273833
1384082076474	,15.359693
1384082076486	,12.179946
1384082076502	,15.673196
1384082076519	,16.48484
1384082076531	,12.613866
1384082076546	,14.387129
1384082076560	,14.717296
1384082076574	,13.283513
1384082076588	,14.208148
1384082076602	,13.872919
1384082076625	,22.519354
1384082076645	,20.7808
1384082076659	,13.231949
1384082076677	,17.860357
1384082076689	,12.470702
1384082076702	,11.573717
1384082076717	,15.375715
1384082076732	,14.967822
1384082076745	,12.293447
1384082076758	,13.855028
1384082076770	,11.487308
1384082076780	,9.704803
1384082076792	,12.307248
1384082076808	,16.309498
1384082076824	,15.375814
1384082076843	,19.015968
1384082076861	,18.235779
1384082076883	,22.155573
1384082076901	,17.530285
1384082076923	,22.169855
1384082076938	,14.951481
1384082076952	,13.534099
1384082076968	,15.552132
1384082076983	,15.403762
1384082076998	,14.661331
1384082077025	,26.889221
1384082077076	,51.66267
1384082077095	,18.54777
1384082077114	,19.057997
1384082077127	,12.526493
1384082077150	,23.680183
1384082077169	,18.466585
1384082077183	,14.510572
1384082077201	,17.557524
1384082077222	,21.12342
1384082077262	,39.696514
1384082077290	,27.916233
1384082077305	,15.345365
1384082077322	,16.569662
1384082077339	,16.937912
1384082077362	,22.742943
1384082077383	,21.016848
1384082077395	,12.492075
1384082077413	,17.732924
1384082077428	,14.219074
1384082077442	,14.236148
1384082077456	,13.945581
1384082077478	,22.380632
1384082077496	,17.157808
1384082077508	,12.104704
1384082077523	,15.688633
1384082077534	,10.75651
1384082077547	,12.258801
1384082077577	,30.409157
1384082077589	,12.105581
1384082077601	,11.987469
1384082077614	,12.371538
1384082077629	,15.418664
1384082077641	,11.610388
1384082077669	,28.280603
1384082077693	,24.145035
1384082077704	,10.821736
1384082077715	,10.69644
1384082077727	,12.119511
1384082077739	,11.454673
1384082077751	,12.278847
1384082077762	,10.541993
1384082077787	,25.536444
1384082077800	,12.959234
1384082077813	,12.682558
1384082077827	,14.15007
1384082077842	,14.73867
1384082077861	,19.105778
1384082077877	,15.857484
1384082077895	,17.672096
1384082077909	,14.12039
1384082077921	,11.977668
1384082077935	,13.87017
1384082077947	,11.578989
1384082077959	,12.767806
1384082077976	,16.08076
1384082077993	,17.783066
1384082078011	,17.69593
1384082078024	,12.687752
1384082078042	,18.05366
1384082078056	,13.8642845
1384082078070	,13.943434
1384082078100	,29.797495
1384082078112	,12.236922
1384082078122	,9.806438
1384082078133	,11.2576065
1384082078145	,11.456176
1384082078156	,11.581084
1384082078170	,13.43829
1384082078190	,19.697851
1384082078210	,20.230444
1384082078222	,11.912047
1384082078235	,13.095129
1384082078248	,13.115424
1384082078266	,18.031464
1384082078291	,24.6167
1384082078317	,26.1089
1384082078329	,11.962469
1384082078344	,14.688199
1384082078356	,11.610848
1384082078369	,12.949121
1384082078381	,12.284373
1384082078393	,11.684671
1384082078424	,31.019182
1384082078437	,12.814072
1384082078454	,17.239893
1384082078468	,14.365849
1384082078482	,14.107875
1384082078505	,22.556484
1384082078519	,13.862443
1384082078531	,12.37683
1384082078545	,13.320938
1384082078559	,13.684637
1384082078572	,13.289096
1384082078586	,14.011023
1384082078601	,15.348725
1384082078614	,12.798544
1384082078640	,25.572136
1384082078656	,15.794136
1384082078671	,15.416265
1384082078685	,13.282537
1384082078700	,15.8778515
1384082078725	,24.543531
1384082078738	,12.572434
1384082078749	,11.373663
1384082078762	,12.92789
1384082078774	,11.495871
1384082078788	,14.175988
1384082078800	,12.270653
1384082078813	,12.812027
1384082078833	,19.526072
1384082078853	,20.619576
1384082078864	,11.083274
1384082078877	,12.63264
1384082078896	,18.603489
1384082078916	,19.791142
1384082078932	,15.955436
1384082078946	,13.797549
1384082078957	,11.792774
1384082078970	,12.594446
1384082078983	,12.448386
1384082078994	,11.509075
1384082079009	,14.450252
1384082079021	,12.074206
1384082079041	,20.014559
1384082079065	,23.969856
1384082079076	,11.135548
1384082079088	,11.72882
1384082079102	,14.261376
1384082079133	,31.059515
1384082079145	,11.893082
1384082079156	,10.807247
1384082079167	,11.344608
1384082079181	,13.187424
1384082079194	,12.836748
1384082079207	,13.896085
1384082079223	,15.320685
1384082079235	,11.546853
1384082079252	,17.138351
1384082079279	,27.173721
1384082079291	,12.042835
1384082079303	,12.096051
1384082079315	,12.115774
1384082079338	,22.491028
1384082079350	,12.476124
1384082079362	,11.817295
1384082079375	,12.475258
1384082079389	,13.69866
1384082079401	,12.017914
1384082079417	,16.289818
1384082079433	,15.9317465
1384082079448	,14.396846
1384082079462	,14.240676
1384082079476	,13.650861
1384082079488	,12.905636
1384082079501	,12.907192
1384082079515	,13.288861
1384082079535	,19.702776
1384082079548	,12.990357
1384082079563	,15.633646
1384082079574	,10.233113
1384082079587	,13.486377
1384082079601	,14.340171
1384082079615	,12.993372
1384082079626	,11.813254
1384082079641	,14.147908
1384082079656	,14.865925
1384082079676	,20.792116
1384082079700	,23.858068
1384082079711	,10.870364
1384082079724	,12.312743
1384082079746	,21.86016
1384082079759	,13.835026
1384082079771	,11.954344
1384082079785	,13.6269865
1384082079797	,11.956864
1384082079810	,12.529061
1384082079822	,12.11288
1384082079833	,11.203298
1384082079847	,14.130911
1384082079865	,17.39332
1384082079882	,17.485813
1384082079906	,23.407276
1384082079918	,12.280106
1384082079933	,14.60611
1384082079952	,19.083355
1384082079970	,18.400755
1384082079982	,11.889013
1384082079996	,13.266383
1384082080007	,11.089425
1384082080019	,12.559217
1384082080031	,11.944309
1384082080046	,14.524725
1384082080062	,16.105207
1384082080077	,14.803129
1384082080090	,12.709389
1384082080104	,14.116165
1384082080120	,16.459656
1384082080136	,15.141726
1384082080153	,16.833181
1384082080167	,14.399673
1384082080181	,13.884781
1384082080193	,11.45262
1384082080206	,12.924559
1384082080219	,13.226012
1384082080229	,10.409845
1384082080240	,10.959511
1384082080255	,14.786308
1384082080273	,17.758509
1384082080287	,13.822023
1384082080300	,13.415989
1384082080321	,21.139214
1384082080333	,11.891949
1384082080348	,14.58892
1384082080362	,13.94291
1384082080374	,11.728914
1384082080387	,13.286096
1384082080398	,10.315109
1384082080408	,10.42693
1384082080424	,15.489897
1384082080438	,13.881245
1384082080448	,10.880283
1384082080464	,15.117068
1384082080479	,15.01605
1384082080501	,22.36127
1384082080515	,14.314068
1384082080538	,22.55418
1384082080558	,20.302275
1384082080569	,10.500048
1384082080580	,10.423307
1384082080596	,16.610048
1384082080610	,13.892084
1384082080625	,14.514054
1384082080636	,10.761598
1384082080649	,13.648779
1384082080662	,13.173003
1384082080679	,16.580952
1384082080689	,9.55226
1384082080709	,19.853558
1384082080720	,11.765173
1384082080737	,16.957134
1384082080753	,15.118709
1384082081246	,493.29166
1384082081292	,45.976936
1384082081302	,9.830877
1384082081313	,11.228826
1384082081323	,10.212966
1384082081334	,10.484675
1384082081344	,10.40867
1384082081356	,11.2249565
1384082081366	,10.682816
1384082081377	,10.39909
1384082081387	,10.028298
1384082081398	,11.070012
1384082081409	,10.730403
1384082081420	,10.883033
1384082081465	,45.210945
1384082081485	,19.780312
1384082081497	,12.072197
1384082081507	,10.358338
1384082081517	,9.911943
1384082081528	,10.40834
1384082081540	,12.445073
1384082081550	,10.01841
1384082081561	,10.028427
1384082081572	,11.295298
1384082081586	,13.721329
1384082081610	,24.268137
1384082081620	,10.181219
1384082081635	,14.452681
1384082081673	,38.481617
1384082081704	,30.505999
1384082081714	,10.130609
1384082081725	,10.526319
1384082081735	,10.378061
1384082081746	,10.614125
1384082081756	,10.673491
1384082081768	,11.187286
1384082081778	,10.301818
1384082081789	,10.529178
1384082081799	,10.595299
1384082081810	,10.748539
1384082081820	,10.281333
1384082081833	,12.854134
1384082081852	,18.305119
1384082081873	,21.12593
1384082081888	,14.590612
1384082081932	,44.098488
1384082081943	,10.841419
1384082081953	,10.322923
1384082081964	,11.00232
1384082081975	,10.85676
1384082081985	,10.270468
1384082081996	,10.268536
1384082082006	,10.366341
1384082082017	,10.82946
1384082082028	,11.522753
1384082082041	,12.6085825
1384082082060	,18.686964
1384082082083	,23.550167
1384082082108	,24.206356
1384082082121	,13.127804
1384082082134	,13.506898
1384082082146	,11.280869
1384082082159	,12.986618
1384082082170	,10.772252
1384082082180	,10.405615
1384082082191	,11.219615
1384082082203	,11.59426
1384082082216	,12.38575
1384082082243	,27.689035
1384082082266	,22.846384
1384082082286	,19.376335
1384082082309	,23.00942
1384082082327	,18.19409
1384082082343	,16.208242
1384082082353	,9.999717
1384082082364	,10.524003
1384082082374	,10.392535
1384082082385	,10.865573
1384082082396	,10.404013
1384082082406	,10.43201
1384082082417	,10.480486
1384082082428	,10.848798
1384082082440	,12.213723
1384082082452	,12.148984
1384082082476	,23.934145
1384082082493	,17.070229
1384082082509	,16.147337
1384082082525	,15.67372
1384082082539	,13.3677025
1384082082572	,33.695793
1384082082584	,11.34957
1384082082594	,10.447044
1384082082604	,10.213067
1384082082616	,11.209801
1384082082627	,10.879778
1384082082638	,11.271724
1384082082651	,13.170047
1384082082666	,14.572512
1384082082684	,17.653284
1384082082700	,16.745897
1384082082719	,18.850119
1384082082736	,16.745237
1384082082746	,10.228711
1384082082758	,11.250733
1384082082768	,10.548011
1384082082783	,14.3441305
1384082082793	,10.805736
1384082082804	,10.644287
1384082082816	,11.444757
1384082082828	,12.40287
1384082082839	,10.886803
1384082082852	,12.576567
1384082082866	,13.752567
1384082082920	,54.52293
1384082082934	,14.245468
1384082082953	,18.815298
1384082082965	,11.331214
1384082082976	,11.064349
1384082082988	,12.334947
1384082083000	,11.919799
1384082083011	,11.262002
1384082083023	,11.271585
1384082083034	,10.966602
1384082083045	,10.90305
1384082083058	,12.727151
1384082083071	,13.668101
1384082083082	,10.576604
1384082083121	,39.497128
1384082083136	,14.379085
1384082083146	,10.3319
1384082083162	,15.430207
1384082083172	,10.218832
1384082083183	,11.346721
1384082083197	,13.499582
1384082083215	,18.292757
1384082083228	,12.181441
1384082083238	,9.960531
1384082083249	,10.887048
1384082083261	,12.56795
1384082083274	,12.958793
1384082083284	,10.133575
1384082083303	,18.83734
1384082083319	,15.950871
1384082083339	,19.74588
1384082083352	,12.868667
1384082083368	,15.480995
1384082083378	,10.446276
1384082083389	,10.69937
1384082083401	,12.509735
1384082083413	,11.396878
1384082083425	,11.7088175
1384082083436	,11.050007
1384082083447	,11.65649
1384082083459	,11.960934
1384082083473	,13.953008
1384082083485	,11.6719475
1384082083497	,11.8207035
1384082083547	,50.344944
1384082083561	,13.918432
1384082083580	,18.310482
1384082083593	,12.750658
1384082083608	,14.975248
1384082083618	,10.7940445
1384082083629	,10.904828
1384082083639	,9.821422
1384082083650	,10.626978
1384082083661	,10.878403
1384082083672	,11.159213
1384082083684	,11.850372
1384082083696	,12.008328
1384082083725	,28.637825
1384082083749	,23.738676
1384082083760	,11.569069
1384082083770	,10.162975
1384082083783	,12.726508
1384082083796	,12.889369
1384082083810	,14.082375
1384082083821	,11.082715
1384082083832	,10.083261
1384082083843	,11.291404
1384082083863	,20.35814
1384082083874	,10.463198
1384082083886	,12.346891
1384082083898	,11.507447
1384082083909	,11.392249
1384082083929	,19.20489
1384082083945	,16.698418
1384082083961	,16.079191
1384082083972	,10.844719
1384082083988	,15.516766
1384082083999	,11.400583
1384082084009	,10.026856
1384082084020	,10.422719
1384082084031	,10.801996
1384082084040	,9.518432
1384082084052	,11.138569
1384082084064	,12.137959
1384082084075	,11.400265
1384082084088	,13.181284
1384082084099	,10.503016
1384082084112	,13.443756
1384082084124	,11.254522
1384082084150	,26.570044
1384082084177	,26.333977
1384082084188	,10.675465
1384082084210	,22.384678
1384082084223	,12.954327
1384082084233	,10.336636
1384082084244	,10.332006
1384082084255	,11.06494
1384082084266	,11.436648
1384082084278	,11.480569
1384082084290	,12.128394
1384082084300	,10.265079
1384082084311	,10.889689
1384082084325	,14.040884
1384082084339	,13.621338
1384082084376	,37.10239
1384082084388	,11.151471
1384082084399	,11.353635
1384082084412	,13.365713
1384082084424	,11.194863
1384082084436	,12.099551
1384082084446	,9.957792
1384082084457	,11.413858
1384082084470	,13.107581
1384082084493	,22.810444
1384082084503	,9.839996
1384082084513	,9.432906
1384082084529	,16.057667
1384082084539	,10.045359
1384082084548	,9.493834
1384082084564	,15.675909
1384082084579	,14.306236
1384082084590	,11.18791
1384082084600	,9.715395
1384082084611	,11.817693
1384082084624	,12.519865
1384082084635	,10.637914
1384082084645	,9.808329
1384082084654	,9.525986
1384082084666	,11.398975
1384082084679	,13.67348
1384082084691	,11.710981
1384082084702	,10.558998
1384082084711	,9.417016
1384082084721	,10.041153
1384082084739	,17.894352
1384082084749	,10.073753
1384082084764	,14.447619
1384082084784	,20.434496
1384082084804	,19.310152
1384082084814	,9.959204
1384082084833	,19.519302
1384082084846	,12.605872
1384082084856	,10.106737
1384082084867	,10.528198
1384082084877	,9.96691
1384082084888	,10.888545
1384082084899	,11.35012
1384082084909	,9.64071
1384082084918	,9.175425
1384082084928	,10.394445
1384082084950	,21.677526
1384082084961	,11.050694
1384082084977	,15.985784
1384082084997	,19.40004
1384082085010	,13.555239
1384082085021	,10.131464
1384082085031	,10.316056
1384082085042	,11.417635
1384082085052	,9.728143
1384082085061	,9.119139
1384082085071	,9.437423
1384082085080	,9.071098
1384082085092	,12.130709
1384082085107	,14.279172
1384082085118	,10.96721
1384082085127	,8.884934
1384082085137	,10.587311
1384082085153	,15.413142
1384082085162	,9.145761
1384082085174	,11.894735
1384082085187	,12.731388
1384082085196	,8.98129
1384082085208	,12.475656
1384082085217	,8.957806
1384082085227	,10.280647
1384082085237	,9.925099
1384082085249	,11.920417
1384082085261	,11.0604105
1384082085270	,9.118765
1384082085279	,9.440194
1384082085290	,10.617377
1384082085306	,16.213694
1384082085315	,9.11767
1384082085324	,8.799466
1384082085333	,9.081433
1384082085345	,11.542678
1384082085362	,17.181826
1384082085374	,11.854523
1384082085388	,13.413836
1384082085397	,9.510259
1384082085411	,13.56579
1384082085430	,19.100016
1384082085439	,9.364396
1384082085455	,15.403075
1384082085467	,12.350616
1384082085476	,9.003536
1384082085486	,10.208564
1384082085497	,10.750933
1384082085508	,10.420677
1384082085517	,9.449784
1384082085527	,9.212172
1384082085535	,8.911778
1384082085546	,10.449966
1384082085565	,19.09381
1384082085575	,9.866311
1384082085589	,14.048496
1384082085599	,9.718513
1384082085609	,10.116084
1384082085625	,15.859376
1384082085636	,11.208226
1384082085646	,9.343301
1384082085657	,11.565616
1384082085671	,13.608555
1384082085680	,8.596406
1384082085689	,9.445934
1384082085699	,9.825494
1384082085712	,12.923782
1384082085722	,9.621861
1384082085734	,12.154558
1384082085744	,10.304704
1384082085754	,9.827658
1384082085764	,9.794053
1384082085777	,13.185174
1384082085789	,11.538366
1384082085800	,10.965863
1384082085808	,8.458392
1384082085817	,8.824434
1384082085832	,14.254674
1384082085842	,10.680442
1384082085852	,9.35501
1384082085867	,15.540254
1384082085878	,10.543657
1384082085888	,10.187083
1384082085899	,10.5299
1384082085911	,12.029873
1384082085921	,10.3366165
1384082085933	,11.651308
1384082085942	,8.652798
1384082085952	,10.383488
1384082085963	,10.496327
1384082085974	,11.610864
1384082085992	,17.952185
1384082086004	,12.017116
1384082086014	,9.895116
1384082086026	,11.358298
1384082086040	,14.414258
1384082086055	,14.383123
1384082086064	,8.977972
1384082086081	,17.300152
1384082086091	,10.440168
1384082086100	,8.787177
1384082086111	,10.164658
1384082086122	,10.969307
1384082086131	,8.922199
1384082086140	,8.998366
1384082086150	,10.038294
1384082086161	,11.420737
1384082086171	,10.070664
1384082086182	,10.713217
1384082086195	,12.562203
1384082086207	,12.014629
1384082086216	,9.389319
1384082086226	,9.706561
1384082086241	,14.983761
1384082086252	,10.601392
1384082086262	,10.670344
1384082086271	,8.885298
1384082086282	,10.214528
1384082086297	,15.356485
1384082086309	,11.436297
1384082086318	,9.624335
1384082086330	,11.664814
1384082086339	,9.0574045
1384082086348	,9.347243
1384082086366	,16.945997
1384082086375	,9.889823
1384082086386	,10.098989
1384082086399	,13.225113
1384082086411	,11.727483
1384082086420	,8.925749
1384082086429	,8.987086
1384082086438	,9.01607
1384082086451	,13.601694
1384082086462	,10.897864
1384082086473	,10.269537
1384082086483	,9.839511
1384082086500	,17.171495
1384082086510	,10.244342
1384082086520	,10.208982
1384082086531	,10.760581
1384082086540	,8.7512045
1384082086551	,10.583965
1384082086564	,13.444096
1384082086575	,11.137998
1384082086585	,9.137412
1384082086596	,11.810673
1384082086614	,17.386154
1384082086623	,9.028968
1384082086632	,8.722542
1384082086643	,11.261134
1384082086653	,9.706524
1384082086669	,16.478579
1384082086683	,13.776348
1384082086695	,12.078342
1384082086714	,19.034914
1384082086725	,10.938575
1384082086734	,8.723081
1384082086743	,9.168558
1384082086753	,9.187678
1384082086763	,10.170495
1384082086774	,11.3846855
1384082086783	,8.717124
1384082086795	,11.392442
1384082086806	,10.981417
1384082086818	,12.015625
1384082086827	,8.804586
1384082086836	,9.232026
1384082086846	,10.230921
1384082086860	,13.417991
1384082086874	,13.854343
1384082086885	,11.231813
1384082086894	,9.300458
1384082086904	,10.040969
1384082086927	,22.675764
1384082086940	,12.535646
1384082086951	,11.313148
1384082086961	,10.233046
1384082086978	,16.365387
1384082086995	,17.528416
1384082087006	,10.922475
1384082087019	,12.672493
1384082087028	,9.011931
1384082087037	,9.393971
1384082087047	,9.329283
1384082087056	,9.491342
1384082087068	,11.474826
1384082087080	,12.260617
1384082087093	,12.293926
1384082087102	,9.048132
1384082087112	,9.740897
1384082087125	,13.76892
1384082087140	,14.305729
1384082087150	,10.24063
1384082087159	,9.276986
1384082087169	,9.774992
1384082087185	,16.150013
1384082087195	,9.967123
1384082087205	,9.85778
1384082087221	,15.636882
1384082087231	,9.786594
1384082087241	,10.407855
1384082087251	,9.870439
1384082087262	,11.148201
1384082087272	,9.131833
1384082087283	,11.060316
1384082087302	,19.58026
1384082087314	,11.625809
1384082087325	,11.128419
1384082087344	,18.446396
1384082087353	,9.242386
1384082087363	,10.222817
1384082087374	,10.284101
1384082087386	,11.799608
1384082087396	,10.502276
1384082087408	,11.551116
1384082087423	,14.821595
1384082087433	,10.35794
1384082087443	,9.821458
1384082087453	,10.20336
1384082087463	,9.4012165
1384082087473	,10.464603
1384082087486	,12.591174
1384082087497	,11.133651
1384082087510	,12.796157
1384082087520	,10.016893
1384082087534	,14.456065
1384082087559	,24.395123
1384082087569	,9.630063
1384082087579	,10.497158
1384082087590	,11.141203
1384082087609	,19.09689
1384082087626	,16.739061
1384082087638	,11.323538
1384082087647	,9.268936
1384082087657	,10.212457
1384082087667	,9.97831
1384082087678	,10.339012
1384082087693	,15.54352
1384082087706	,12.878569
1384082087717	,11.105594
1384082087733	,15.418961
1384082087744	,11.270525
1384082087765	,21.14011
1384082087776	,10.6202
1384082087789	,13.130714
1384082087804	,15.079703
1384082087818	,13.804747
1384082087835	,16.696115
1384082087848	,13.104766
1384082087859	,10.795859
1384082087873	,14.306878
1384082087883	,10.071651
1384082087894	,10.001984
1384082087904	,10.734093
1384082087923	,18.350368
1384082087941	,17.939484
1384082087954	,13.506668
1384082087970	,15.1858635
1384082087980	,10.322818
1384082087992	,12.466841
1384082088005	,12.308966
1384082088016	,10.691433
1384082088030	,14.853813
1384082088045	,14.250417
1384082088054	,9.662646
1384082088067	,12.223391
1384082088076	,9.587725
1384082088086	,9.320403
1384082088096	,10.384513
1384082088117	,20.261255
1384082088130	,13.157542
1384082088143	,12.998865
1384082088157	,13.709576
1384082088177	,20.051819
1384082088188	,11.523626
1384082088200	,11.358299
1384082088210	,10.763159
1384082088223	,12.710983
1384082088248	,24.5562
1384082088257	,9.137076
1384082088267	,9.613792
1384082088276	,9.000608
1384082088285	,9.555849
1384082088295	,9.892789
1384082088313	,17.82457
1384082088325	,11.775376
1384082088337	,11.9086685
1384082088354	,17.20504
1384082088364	,9.313573
1384082088378	,14.488258
1384082088393	,15.006962
1384082088404	,10.95767
1384082088417	,12.352406
1384082088433	,16.762262
1384082088450	,16.18539
1384082088460	,9.8664255
1384082088470	,10.654167
1384082088480	,10.023249
1384082088494	,13.592266
1384082088505	,10.526419
1384082088517	,12.692469
1384082088530	,12.092186
1384082088552	,22.107323
1384082088569	,16.856098
1384082088579	,10.316911
1384082088601	,22.445686
1384082088612	,10.726291
1384082088624	,11.474322
1384082088635	,11.619269
1384082088646	,10.244329
1384082088659	,12.946415
1384082088669	,9.789681
1384082088678	,9.709952
1384082088690	,11.868661
1384082088701	,10.953984
1384082088711	,9.71899
1384082088731	,20.23232
1384082088747	,15.577161
1384082088760	,13.195722
1384082088777	,16.928827
1384082088789	,11.957226
1384082088807	,18.132648
1384082088825	,17.211172
1384082088838	,12.818754
1384082088851	,13.736541
1384082088871	,19.44784
1384082088881	,9.681789
1384082088890	,9.785353
1384082088900	,9.492068
1384082088910	,10.267137
1384082088922	,11.479948
1384082088939	,17.04932
1384082088953	,14.317338
1384082088965	,11.853134
1384082088979	,13.654576
1384082088991	,11.854732
1384082089005	,14.227343
1384082089021	,15.417993
1384082089032	,11.02832
1384082089046	,14.407675
1384082089061	,14.725006
1384082089072	,10.589786
1384082089085	,13.059689
1384082089096	,11.205965
1384082089106	,10.211875
1384082089117	,11.022942
1384082089132	,14.803103
1384082089149	,17.043472
1384082089161	,11.50833
1384082089180	,18.876747
1384082089193	,13.072898
1384082089207	,13.683742
1384082089221	,14.137458
1384082089235	,13.911517
1384082089248	,12.877867
1384082089260	,12.413877
1384082089274	,13.385484
1384082089283	,9.680247
1384082089293	,9.934759
1384082089304	,10.920539
1384082089314	,9.17156
1384082089324	,10.119063
1384082089334	,10.434549
1384082089353	,18.621887
1384082089370	,16.636728
1384082089380	,9.921675
1384082089395	,14.865726
1384082089407	,12.568548
1384082089421	,13.294772
1384082089442	,21.600328
1384082089452	,10.15906
1384082089465	,12.838068
1384082089478	,13.066132
1384082089488	,9.690515
1384082089497	,8.527289
1384082089507	,9.751251
1384082089516	,9.651434
1384082089526	,9.700167
1384082089537	,10.626037
1384082089551	,13.790722
1384082089566	,14.975003
1384082089576	,10.266955
1384082089587	,11.463903
1384082089599	,11.578649
1384082089616	,16.773695
1384082089628	,11.845503
1384082089644	,16.33725
1384082089655	,10.737864
1384082089674	,19.273533
1384082089684	,9.831803
1384082089695	,10.419403
1384082089705	,10.53965
1384082089716	,10.2230015
1384082089726	,10.852382
1384082089738	,11.464588
1384082089752	,13.570228
1384082089765	,13.66655
1384082089788	,22.535099
1384082089803	,15.067466
1384082089817	,13.87188
1384082089829	,11.97553
1384082089840	,11.144842
1384082089858	,17.748089
1384082089871	,12.646049
1384082089882	,11.500333
1384082089895	,12.255506
1384082089905	,10.16018
1384082089915	,10.456274
1384082089925	,9.967524
1384082089936	,10.589111
1384082089946	,10.16987
1384082089960	,13.816963
1384082089979	,18.464863
1384082089994	,15.179526
1384082090013	,19.080172
1384082090026	,13.258083
1384082090037	,10.654446
1384082090047	,10.281409
1384082090069	,21.86976
1384082090083	,13.444663
1384082090094	,11.585069
1384082090104	,9.69305
1384082090113	,8.909603
1384082090123	,9.866037
1384082090133	,9.837119
1384082090143	,9.645463
1384082090152	,9.748729
1384082090166	,13.569988
1384082090180	,13.692969
1384082090201	,21.017673
1384082090212	,11.092059
1384082090223	,11.48244
1384082090241	,17.011072
1384082090251	,10.579786
1384082090265	,13.530837
1384082090277	,12.602604
1384082090291	,13.149623
1384082090300	,9.021161
1384082090310	,10.294295
1384082090322	,11.574034
1384082090332	,9.941394
1384082090341	,9.297373
1384082090351	,9.698976
1384082090363	,11.873683
1384082090375	,12.114316
1384082090388	,12.851983
1384082090411	,22.581703
1384082090426	,15.103561
1384082090439	,13.230036
1384082090451	,11.823857
1384082090465	,13.9043455
1384082090479	,14.587821
1384082090495	,15.307643
1384082090506	,10.984647
1384082090516	,9.78119
1384082090525	,9.422772
1384082090536	,10.703481
1384082090547	,10.652071
1384082090557	,10.147635
1384082090568	,11.081449
1384082090579	,10.810418
1384082090595	,16.311003
1384082090608	,12.156709
1384082090620	,12.50241
1384082090637	,17.09645
1384082090652	,14.394496
1384082090664	,12.378679
1384082090679	,14.380552
1384082090695	,16.81266
1384082090705	,9.455478
1384082090717	,12.236277
1384082090727	,9.324554
1384082090736	,9.7771
1384082090746	,9.756489
1384082090758	,11.514651
1384082090769	,11.289295
1384082090782	,12.560641
1384082090794	,12.261454
1384082090807	,13.131639
1384082090822	,14.86685
1384082090835	,12.994293
1384082090854	,18.811905
1384082090866	,11.342884
1384082090875	,9.694753
1384082090887	,11.597986
1384082090903	,15.834098
1384082090914	,11.108608
1384082090924	,9.445357
1384082090933	,9.176219
1384082090943	,9.992522
1384082090953	,10.16351
1384082090963	,9.563685
1384082090975	,11.645324
1384082090985	,10.632873
1384082091002	,16.307287
1384082091012	,10.564798
1384082091033	,21.03006
1384082091046	,12.688546
1384082091058	,11.754012
1384082091073	,15.069606
1384082091082	,9.305412
1384082091094	,11.252834
1384082091107	,13.358516
1384082091116	,9.217968
1384082091126	,9.380762
1384082091135	,9.523864
1384082091145	,9.6510725
1384082091156	,11.309202
1384082091166	,9.667572
1384082091177	,11.040077
1384082091188	,10.412726
1384082091200	,12.200761
1384082091218	,18.466162
1384082091231	,12.870918
1384082091247	,16.028292
1384082091259	,11.971827
1384082091280	,20.209776
1384082091292	,12.619303
1384082091309	,16.310495
1384082091320	,10.773439
1384082091330	,10.413401
1384082091342	,12.050985
1384082091353	,10.3687525
1384082091363	,10.178498
1384082091374	,10.890195
1384082091384	,10.0644245
1384082091396	,11.522331
1384082091410	,14.270139
1384082091420	,10.511674
1384082091432	,11.226602
1384082091448	,16.187735
1384082091463	,15.094804
1384082091483	,19.842213
1384082091494	,11.220708
1384082091507	,12.527415
1384082091522	,15.056383
1384082091532	,9.545057
1384082091542	,9.913243
1384082091551	,9.39874
1384082091562	,10.9051285
1384082091572	,10.046147
1384082091583	,10.496577
1384082091593	,10.33738
1384082091606	,12.515292
1384082091617	,10.897286
1384082091629	,12.320349
1384082091639	,9.945059
1384082091664	,25.200203
1384082091765	,100.50172
1384082091799	,34.193405
1384082091812	,12.762388
1384082091827	,14.859442
1384082091843	,16.112043
1384082091853	,9.89484
1384082091872	,19.103256
1384082091890	,17.757927
1384082091899	,9.520082
1384082091908	,8.650174
1384082091918	,10.202792
1384082091931	,12.972691
1384082091942	,10.206447
1384082091953	,11.058707
1384082091964	,11.484042
1384082091977	,12.421833
1384082091997	,20.27322
1384082092012	,14.702033
1384082092024	,12.49866
1384082092036	,11.049303
1384082092046	,10.487269
1384082092057	,10.620275
1384082092070	,12.68971
1384082092082	,12.23001
1384082092093	,11.327145
1384082092109	,15.629357
1384082092118	,9.438997
1384082092129	,10.766755
1384082092141	,11.985626
1384082092151	,9.627034
1384082092160	,9.301096
1384082092171	,10.911179
1384082092184	,13.154261
1384082092211	,26.333782
1384082092228	,16.971733
1384082092243	,14.970501
1384082092256	,13.403241
1384082092278	,21.194927
1384082092299	,21.195087
1384082092308	,8.615611
1384082092317	,9.362793
1384082092326	,9.197852
1384082092336	,9.285113
1384082092345	,9.751548
1384082092355	,9.408603
1384082092364	,9.414984
1384082092374	,9.604996
1384082092385	,10.508669
1384082092403	,18.727076
1384082092428	,24.27172
1384082092439	,10.7745905
1384082092454	,15.5901165
1384082092464	,10.122835
1384082092479	,15.020117
1384082092492	,12.711099
1384082092508	,15.611854
1384082092519	,11.163294
1384082092529	,9.878002
1384082092539	,10.014307
1384082092551	,12.181613
1384082092563	,12.034513
1384082092573	,9.281097
1384082092584	,10.755444
1384082092595	,11.13666
1384082092612	,17.059484
1384082092626	,14.228023
1384082092644	,17.833157
1384082092654	,10.058457
1384082092667	,13.267712
1384082092679	,11.123372
1384082092694	,15.012026
1384082092707	,13.077804
1384082092716	,9.463947
1384082092730	,14.0282345
1384082092740	,9.670773
1384082092752	,11.363436
1384082092764	,11.825406
1384082092773	,9.663937
1384082092784	,10.779803
1384082092795	,10.5702715
1384082092815	,19.779713
1384082092825	,9.983917
1384082092840	,14.967922
1384082092858	,18.702475
1384082092872	,13.431932
1384082092883	,10.6296625
1384082092902	,19.458189
1384082092917	,14.782212
1384082092927	,10.048703
1384082092936	,9.235847
1384082092946	,9.429048
1384082092956	,9.725894
1384082092965	,9.421139
1384082092974	,9.06791
1384082092984	,10.267398
1384082092994	,9.529249
1384082093005	,11.1749735
1384082093022	,16.871157
1384082093035	,12.400984
1384082093056	,20.866241
1384082093073	,17.216246
1384082093083	,10.504821
1384082093100	,16.259182
1384082093109	,8.971129
1384082093118	,9.389974
1384082093133	,14.735639
1384082093143	,9.658138
1384082093152	,9.089061
1384082093164	,11.7732935
1384082093174	,9.902942
1384082093184	,10.39029
1384082093195	,11.365456
1384082093208	,12.357314
1384082093224	,16.204529
1384082093234	,10.036157
1384082093246	,11.308403
1384082093258	,12.022499
1384082093273	,15.095347
1384082093282	,9.456241
1384082093294	,11.569822
1384082093308	,14.167135
1384082093317	,8.521612
1384082093331	,14.416495
1384082093341	,9.344331
1384082093352	,10.815852
1384082093366	,14.494436
1384082093381	,15.026065
1384082093391	,9.820462
1384082093402	,10.559087
1384082093414	,12.038791
1384082093435	,20.842806
1384082093445	,10.655474
1384082093464	,18.118948
1384082093483	,19.6849
1384082093496	,12.79584
1384082093515	,18.358187
1384082093523	,8.608832
1384082093540	,16.248432
1384082093549	,9.817775
1384082093559	,9.227981
1384082093568	,9.130706
1384082093577	,8.763203
1384082093586	,9.648712
1384082093596	,9.212494
1384082093605	,9.632578
1384082093616	,11.085027
1384082093631	,14.432053
1384082093641	,10.028908
1384082093651	,9.870027
1384082093669	,17.943077
1384082093693	,24.470331
1384082093705	,11.437555
1384082093716	,11.158405
1384082093725	,8.715023
1384082093735	,9.912268
1384082093748	,13.436548
1384082093758	,9.637498
1384082093768	,10.109177
1384082093780	,12.0206995
1384082093790	,9.279154
1384082093801	,10.990774
1384082093811	,10.137526
1384082093823	,12.055715
1384082093839	,16.083914
1384082093848	,9.193348
1384082093857	,8.939061
1384082093869	,11.034958
1384082093880	,11.030118
1384082093898	,18.440844
1384082093911	,12.880322
1384082093922	,10.971121
1384082093931	,8.4229145
1384082093941	,10.00899
1384082093955	,13.975209
1384082093964	,9.439488
1384082093979	,15.1191225
1384082093988	,9.133975
1384082094003	,14.863785
1384082094012	,8.545509
1384082094024	,11.641899
1384082094032	,8.536509
1384082094049	,16.488089
1384082094060	,10.6737995
1384082094070	,10.222799
1384082094081	,11.446196
1384082094095	,13.394746
1384082094124	,29.25428
1384082094133	,9.252364
1384082094142	,8.521778
1384082094153	,11.410484
1384082094164	,10.58621
1384082094173	,8.87366
1384082094182	,8.867817
1384082094191	,9.372832
1384082094201	,10.042104
1384082094210	,8.5977335
1384082094220	,9.736409
1384082094229	,8.654487
1384082094237	,8.825694
1384082094254	,16.703842
1384082094265	,10.836322
1384082094274	,8.548536
1384082094288	,14.5999365
1384082094300	,11.529849
1384082094330	,29.896233
1384082094338	,7.995795
1384082094347	,8.727443
1384082094357	,9.960638
1384082094373	,16.02382
1384082094382	,8.629789
1384082094391	,9.83764
1384082094400	,8.858732
1384082094409	,9.000728
1384082094425	,15.199868
1384082094434	,9.730892
1384082094444	,9.863542
1384082094461	,16.282822
1384082094471	,10.350039
1384082094480	,9.1259985
1384082094490	,9.78035
1384082094499	,8.899734
1384082094507	,7.87639
1384082094521	,14.213365
1384082094539	,18.040253
1384082094548	,8.218189
1384082094557	,9.250139
1384082094565	,8.442211
1384082094577	,11.84264
1384082094586	,8.152755
1384082094599	,13.212908
1384082094609	,9.751596
1384082094618	,9.532678
1384082094633	,14.4771595
1384082094643	,10.112842
1384082094653	,10.145466
1384082094675	,21.767937
1384082094685	,9.460519
1384082094696	,11.2958765
1384082094707	,10.5639105
1384082094717	,10.524244
1384082094749	,31.441492
1384082094757	,8.377302
1384082094768	,10.595769
1384082094784	,16.01785
1384082094793	,8.810913
1384082094801	,8.401237
1384082094810	,9.116166
1384082094820	,9.868862
1384082094831	,11.008268
1384082094840	,8.711389
1384082094851	,10.879187
1384082094860	,8.775159
1384082094870	,10.198
1384082094884	,13.516244
1384082094893	,9.275641
1384082094909	,15.942414
1384082094919	,10.014695
1384082094931	,11.954589
1384082094954	,22.791098
1384082094963	,8.988194
1384082094972	,9.024326
1384082094982	,9.818958
1384082094996	,14.392094
1384082095006	,9.570091
1384082095015	,9.175013
1384082095026	,10.945665
1384082095037	,11.081199
1384082095052	,15.073479
1384082095063	,10.461719
1384082095074	,10.618541
1384082095087	,13.458321
1384082095097	,9.634197
1384082095107	,10.140178
1384082095118	,10.523406
1384082095127	,9.107905
1384082095137	,10.191325
1384082095149	,11.473554
1384082095162	,13.026697
1384082095170	,8.17785
1384082095179	,8.585379
1384082095188	,9.336157
1384082095199	,11.438712
1384082095208	,8.625535
1384082095221	,12.769818
1384082095231	,10.268007
1384082095241	,9.3492565
1384082095255	,14.458164
1384082095263	,7.906572
1384082095272	,8.748409
1384082095292	,19.814917
1384082095302	,10.412036
1384082095314	,11.4252825
1384082095328	,14.11521
1384082095337	,9.460891
1384082095350	,12.428296
1384082095372	,21.749804
1384082095382	,10.117313
1384082095391	,8.596028
1384082095407	,16.194881
1384082095416	,8.940331
1384082095425	,9.216995
1384082095436	,11.100923
1384082095445	,8.749594
1384082095455	,9.74572
1384082095463	,8.233553
1384082095473	,9.664811
1384082095485	,12.138841
1384082095495	,9.773331
1384082095504	,8.757803
1384082095513	,8.901963
1384082095529	,16.294441
1384082095542	,12.772851
1384082095551	,9.403028
1384082095562	,10.167474
1384082095577	,14.914949
1384082095584	,7.873205
1384082095594	,9.869923
1384082095603	,8.737282
1384082095617	,14.112261
1384082095627	,9.660331
1384082095638	,10.791811
1384082095647	,9.075517
1384082095660	,12.488717
1384082095670	,10.741581
1384082095683	,12.252787
1384082095693	,10.311199
1384082095704	,10.610913
1384082095713	,8.821227
1384082095721	,8.083212
1384082095733	,12.432956
1384082095744	,10.320922
1384082095754	,10.277825
1384082095763	,8.679661
1384082095774	,11.49549
1384082095784	,9.453122
1384082095792	,8.214202
1384082095800	,7.98499
1384082095809	,9.386789
1384082095821	,11.208979
1384082095829	,8.422758
1384082095851	,21.24366
1384082095860	,9.74749
1384082095873	,12.229299
1384082095882	,9.527688
1384082095899	,17.222858
1384082095911	,11.612777
1384082095921	,9.614079
1384082095932	,10.974002
1384082095945	,12.808323
1384082095954	,9.249157
1384082095962	,8.331154
1384082095975	,12.264186
1384082095996	,20.801363
1384082096004	,8.2618
1384082096014	,9.989352
1384082096024	,10.213915
1384082096032	,8.149273
1384082096041	,8.441138
1384082096051	,10.575723
1384082096060	,8.225988
1384082096069	,9.328042
1384082096078	,8.712013
1384082096088	,10.192721
1384082096099	,10.746888
1384082096109	,10.063099
1384082096118	,8.838537
1384082096127	,8.68444
1384082096136	,8.7265215
1384082096146	,10.582373
1384082096164	,18.143473
1384082096174	,9.962206
1384082096185	,10.151551
1384082096200	,15.075708
1384082096209	,9.106419
1384082096220	,10.625603
1384082096229	,9.774517
1384082096242	,12.804242
1384082096255	,12.505477
1384082096264	,9.070833
1384082096272	,8.102857
1384082096286	,13.533129
1384082096298	,12.0763035
1384082096307	,9.270253
1384082096316	,8.796207
1384082096325	,8.608432
1384082096336	,11.676486
1384082096346	,9.486774
1384082096356	,10.049205
1384082096364	,8.273377
1384082096373	,8.4590645
1384082096383	,10.119643
1384082096392	,8.606807
1384082096406	,14.190933
1384082096414	,8.307336
1384082096424	,9.338687
1384082096434	,10.485303
1384082096446	,11.468722
1384082096458	,12.465912
1384082096477	,18.571548
1384082096489	,12.247734
1384082096500	,10.798464
1384082096511	,10.830034
1384082096524	,13.140867
1384082096535	,10.372767
1384082096545	,10.213505
1384082096555	,9.721064
1384082096564	,8.925115
1384082096571	,7.7838054
1384082096581	,9.8796
1384082096591	,9.513066
1384082096603	,11.955644
1384082096618	,14.940581
1384082096627	,9.291427
1384082096636	,8.303379
1384082096651	,14.958715
1384082096663	,12.213347
1384082096672	,8.748363
1384082096680	,7.869097
1384082096689	,9.397648
1384082096702	,12.245626
1384082096712	,9.982521
1384082096720	,8.583501
1384082096728	,7.947441
1384082096737	,8.877103
1384082096747	,10.143725
1384082096756	,8.653818
1384082096771	,14.40835
1384082096784	,13.654708
1384082096796	,11.599029
1384082096804	,8.379402
1384082096814	,9.441399
1384082096831	,17.6157
1384082096841	,9.418739
1384082096855	,13.985822
1384082096869	,14.055903
1384082096880	,10.491468
1384082096890	,10.734043
1384082096909	,18.335133
1384082096918	,9.521454
1384082096928	,9.994281
1384082096937	,8.466628
1384082096948	,10.616444
1384082096958	,10.42776
1384082096967	,9.025746
1384082096976	,8.267055
1384082096984	,8.237731
1384082096992	,8.166409
1384082097001	,9.146973
1384082097010	,8.45631
1384082097023	,12.752109
1384082097034	,11.052442
1384082097042	,7.8339667
1384082097053	,10.959073
1384082097068	,15.264945
1384082097080	,11.866071
1384082097097	,17.057116
1384082097112	,15.190968
1384082097122	,9.288608
1384082097130	,8.747878
1384082097140	,9.430146
1384082097150	,10.546879
1384082097160	,9.526073
1384082097168	,8.050058
1384082097177	,9.180052
1384082097186	,8.253574
1384082097194	,8.771785
1384082097206	,11.059747
1384082097214	,8.081589
1384082097223	,9.688662
1384082097240	,16.421743
1384082097250	,10.297741
1384082097260	,9.172856
1384082097270	,10.081589
1384082097283	,13.59374
1384082097292	,8.613771
1384082097302	,10.157497
1384082097314	,12.182058
1384082097324	,9.268232
1384082097333	,9.007177
1384082097341	,7.9789047
1384082097350	,9.299353
1384082097363	,12.545249
1384082097372	,9.099609
1384082097380	,7.852708
1384082097389	,9.521311
1384082097405	,15.069213
1384082097418	,13.675161
1384082097427	,8.603532
1384082097436	,8.556781
1384082097454	,18.265816
1384082097464	,10.022735
1384082097478	,14.354164
1384082097491	,13.007856
1384082097502	,10.257654
1384082097524	,21.807213
1384082097532	,8.746886
1384082097541	,8.732931
1384082097550	,8.350529
1384082097561	,11.025116
1384082097570	,9.008682
1384082097578	,7.9566154
1384082097587	,9.010503
1384082097595	,8.031408
1384082097603	,8.117966
1384082097612	,9.2096195
1384082097621	,8.863101
1384082097630	,8.982458
1384082097639	,8.831569
1384082097653	,13.900037
1384082097666	,12.337384
1384082097674	,7.824277
1384082097690	,16.095673
1384082097708	,18.00052
1384082097728	,19.82878
1384082097737	,9.317666
1384082097745	,8.236978
1384082097759	,13.503065
1384082097772	,13.431111
1384082097781	,8.274534
1384082097791	,10.400322
1384082097799	,8.214648
1384082097809	,9.289886
1384082097819	,10.559357
