1384081987562	,14.904024
1384081987571	,8.848397
1384081987611	,39.707245
1384081987642	,30.928408
1384081987648	,5.722698
1384081987670	,21.80525
1384081987700	,29.319647
1384081987742	,41.948532
1384081987785	,43.382416
1384081987804	,18.581087
1384081987837	,33.14551
1384081987865	,27.24861
1384081987876	,11.5937195
1384081987890	,13.124661
1384081987892	,2.586822
1384081987896	,3.401108
1384081987899	,3.014212
1384081987904	,4.007524
1384081987907	,2.816613
1384081987912	,4.763257
1384081987916	,3.909144
1384081987920	,3.725098
1384081987922	,2.522739
1384081987926	,3.761858
1384081987930	,2.931936
1384081987933	,3.54201
1384081987936	,2.764687
1384081987942	,5.12058
1384081987965	,22.679913
1384081987973	,7.853014
1384081987988	,15.222714
1384081987994	,5.309041
1384081987997	,3.5363789
1384081988003	,5.6628838
1384081988015	,11.362648
1384081988031	,15.480518
1384081988036	,4.839129
1384081988048	,12.083421
1384081988051	,2.7674952
1384081988055	,3.538939
1384081988058	,2.671607
1384081988062	,3.695773
1384081988065	,2.906983
1384081988073	,8.4737425
1384081988091	,16.887117
1384081988110	,19.6774
1384081988137	,26.629267
1384081988147	,9.176087
1384081988152	,4.767981
1384081988155	,3.500725
1384081988158	,2.488069
1384081988162	,3.526728
1384081988166	,4.040523
1384081988174	,8.014962
1384081988181	,6.034885
1384081988190	,8.600259
1384081988197	,7.4000897
1384081988205	,7.477251
1384081988227	,21.54317
1384081988245	,9.933189
1384081988258	,13.320628
1384081988310	,51.600616
1384081988329	,18.756756
1384081988341	,11.972199
1384081988346	,4.7740383
1384081988349	,2.7097142
1384081988354	,4.6989026
1384081988357	,2.779502
1384081988361	,3.629691
1384081988364	,2.672741
1384081988368	,3.4865391
1384081988371	,2.634912
1384081988375	,3.6396441
1384081988381	,5.797704
1384081988386	,5.045038
1384081988389	,2.565123
1384081988393	,3.584265
1384081988396	,2.8327692
1384081988400	,3.833395
1384081988403	,3.246272
1384081988409	,5.544032
1384081988412	,2.692076
1384081988417	,4.826579
1384081988420	,2.96893
1384081988425	,4.2019153
1384081988436	,11.151488
1384081988455	,18.4534
1384081988489	,34.27819
1384081988498	,8.602164
1384081988505	,6.154147
1384081988508	,3.3627791
1384081988515	,6.823145
1384081988525	,9.703174
1384081988554	,28.305988
1384081988579	,24.816656
1384081988588	,8.473373
1384081988594	,6.463946
1384081988599	,4.0361843
1384081988603	,4.4524007
1384081988606	,2.8619761
1384081988617	,10.951814
1384081988629	,11.472719
1384081988634	,4.442313
1384081988647	,12.6665945
1384081988652	,4.868893
1384081988658	,6.2950773
1384081988663	,4.476286
1384081988666	,2.67425
1384081988670	,3.804494
1384081988673	,2.541709
1384081988676	,3.55022
1384081988679	,2.4367251
1384081988683	,3.489371
1384081988688	,5.244396
1384081988692	,3.9006078
1384081988695	,2.3988922
1384081988699	,3.5955548
1384081988702	,2.644449
1384081988709	,6.508963
1384081988712	,2.8619962
1384081988715	,3.508176
1384081988722	,6.3552623
1384081988726	,3.523408
1384081988732	,6.353596
1384081988739	,6.9400916
1384081988747	,7.684063
1384081988751	,3.627554
1384081988754	,2.566653
1384081988759	,4.775956
1384081988762	,3.149438
1384081988767	,4.535802
1384081988770	,2.496013
1384081988774	,3.7370548
1384081988777	,2.67154
1384081988787	,10.326993
1384081988801	,13.3994875
1384081988829	,28.042797
1384081988850	,20.979797
1384081988909	,58.871895
1384081988946	,35.873672
1384081988957	,11.155728
1384081988965	,7.638374
1384081988968	,3.204845
1384081988981	,12.122927
1384081988983	,2.705624
1384081988989	,4.841354
1384081989002	,13.573558
1384081989006	,3.579073
1384081989018	,12.0679
1384081989024	,5.4683943
1384081989027	,2.9478369
1384081989031	,3.821416
1384081989035	,3.042376
1384081989040	,5.322728
1384081989045	,4.3031917
1384081989049	,3.983381
1384081989052	,2.762229
1384081989056	,3.54853
1384081989058	,2.500591
1384081989062	,3.5419471
1384081989066	,4.152126
1384081989070	,3.643406
1384081989074	,3.891248
1384081989079	,4.3820124
1384081989084	,4.723104
1384081989087	,3.222768
1384081989092	,4.830999
1384081989096	,3.513081
1384081989099	,2.543972
1384081989106	,7.071645
1384081989110	,3.6689231
1384081989128	,17.855696
1384081989141	,12.663081
1384081989167	,25.81983
1384081989207	,39.489944
1384081989228	,21.45119
1384081989256	,27.430283
1384081989270	,13.218901
1384081989280	,10.552199
1384081989286	,5.0946546
1384081989291	,4.876622
1384081989300	,8.56146
1384081989310	,9.867659
1384081989313	,3.506597
1384081989316	,2.485466
1384081989321	,5.096565
1384081989328	,6.376473
1384081989335	,6.644227
1384081989341	,6.120623
1384081989354	,12.454259
1384081989357	,3.1432662
1384081989362	,4.481387
1384081989365	,2.768768
1384081989371	,5.609576
1384081989374	,3.489502
1384081989378	,3.886988
1384081989381	,2.809308
1384081989386	,4.573215
1384081989394	,7.621744
1384081989398	,4.1623893
1384081989401	,2.792094
1384081989407	,5.094626
1384081989411	,3.724343
1384081989417	,6.5232806
1384081989420	,2.400353
1384081989424	,3.848396
1384081989432	,7.4288445
1384081989440	,8.058245
1384081989445	,4.351817
1384081989449	,4.096377
1384081989452	,2.7514122
1384081989456	,3.471104
1384081989460	,4.164397
1384081989491	,27.843727
1384081989502	,10.517391
1384081989507	,4.9199057
1384081989515	,7.341514
1384081989534	,19.296288
1384081989546	,11.141914
1384081989568	,22.059368
1384081989580	,11.615521
1384081989589	,8.625901
1384081989599	,10.2878685
1384081989609	,9.565351
1384081989622	,13.330158
1384081989629	,6.65935
1384081989632	,2.570133
1384081989639	,6.21803
1384081989642	,3.24455
1384081989647	,4.4159503
1384081989649	,2.663836
1384081989653	,3.561135
1384081989656	,2.686482
1384081989660	,4.0748467
1384081989667	,6.5716
1384081989673	,5.231188
1384081989675	,2.3120759
1384081989679	,3.765062
1384081989682	,2.415051
1384081989685	,3.458504
1384081989688	,2.4600391
1384081989692	,3.895745
1384081989695	,2.931246
1384081989702	,6.910221
1384081989710	,7.402106
1384081989716	,5.344258
1384081989729	,13.383817
1384081989735	,5.489647
1384081989741	,6.237968
1384081989745	,3.4925082
1384081989750	,4.4767337
1384081989754	,4.395154
1384081989758	,3.0121012
1384081989761	,3.424556
1384081989764	,2.76913
1384081989768	,3.653352
1384081989771	,2.9729161
1384081989775	,3.763394
1384081989778	,2.6600091
1384081989782	,3.728341
1384081989789	,6.6418
1384081989799	,10.089196
1384081989802	,2.305205
1384081989810	,8.401506
1384081989817	,6.681415
1384081989821	,4.012072
1384081989848	,26.787237
1384081989860	,12.161812
1384081989882	,21.439188
1384081989892	,10.112899
1384081989910	,17.720736
1384081989932	,21.750378
1384081989956	,23.680134
1384081989983	,26.855253
1384081989992	,8.801316
1384081990010	,17.523806
1384081990014	,4.2241707
1384081990019	,4.862855
1384081990022	,2.7726102
1384081990032	,9.944659
1384081990035	,2.956924
1384081990039	,3.901458
1384081990044	,4.329348
1384081990048	,3.746988
1384081990056	,8.270777
1384081990062	,5.7837873
1384081990068	,5.2934723
1384081990082	,14.455164
1384081990092	,9.066613
1384081990097	,4.880033
1384081990108	,10.852094
1384081990112	,4.311238
1384081990115	,2.656096
1384081990119	,3.600817
1384081990122	,3.360005
1384081990127	,4.470105
1384081990132	,4.297037
1384081990136	,4.722923
1384081990140	,3.1515071
1384081990144	,3.707654
1384081990147	,2.694368
1384081990151	,3.876148
1384081990154	,3.077118
1384081990160	,5.4696946
1384081990162	,2.634316
1384081990166	,3.944259
1384081990169	,2.64093
1384081990173	,3.822251
1384081990177	,3.092346
1384081990206	,28.935472
1384081990253	,46.87735
1384081990295	,41.86919
1384081990333	,37.874245
1384081990356	,22.66412
1384081990364	,8.537511
1384081990370	,5.944542
1384081990374	,3.04185
1384081990378	,3.6909962
1384081990381	,2.807665
1384081990385	,3.777599
1384081990387	,2.484118
1384081990391	,3.496414
1384081990394	,2.804084
1384081990398	,3.563417
1384081990400	,2.488576
1384081990404	,3.4709008
1384081990408	,4.135294
1384081990413	,4.305228
1384081990416	,2.779508
1384081990421	,4.975179
1384081990426	,4.6386843
1384081990435	,9.293105
1384081990440	,4.9553847
1384081990455	,14.907257
1384081990469	,13.259543
1384081990475	,5.645446
1384081990478	,2.652572
1384081990481	,3.504907
1384081990484	,2.595061
1384081990488	,3.780555
1384081990491	,3.065203
1384081990496	,4.282528
1384081990498	,2.510603
1384081990504	,5.5990114
1384081990508	,3.659591
1384081990513	,5.166023
1384081990516	,2.8655062
1384081990520	,3.8947911
1384081990523	,2.716269
1384081990528	,4.466922
1384081990534	,5.995155
1384081990539	,5.115735
1384081990542	,2.5832958
1384081990546	,3.592571
1384081990549	,2.425889
1384081990552	,3.6180449
1384081990568	,15.594214
1384081990583	,14.985197
1384081990588	,4.778874
1384081990593	,4.042171
1384081990595	,2.551426
1384081990599	,3.561677
1384081990602	,2.776437
1384081990607	,4.5088873
1384081990615	,8.205861
1384081990620	,4.528295
1384081990623	,3.329214
1384081990632	,8.642478
1384081990698	,65.44259
1384081990726	,28.486591
1384081990741	,14.134769
1384081990749	,7.992848
1384081990765	,15.785731
1384081990768	,3.016753
1384081990779	,10.361225
1384081990784	,5.718822
1384081990795	,10.207307
1384081990800	,5.4120097
1384081990806	,4.881445
1384081990808	,2.234644
1384081990812	,3.382872
1384081990815	,3.4566598
1384081990821	,5.854726
1384081990824	,2.4009452
1384081990829	,4.983822
1384081990832	,2.417489
1384081990836	,4.488089
1384081990840	,3.2608092
1384081990843	,3.464385
1384081990846	,2.442635
1384081990850	,3.5396268
1384081990852	,2.3828158
1384081990856	,3.4978101
1384081990859	,2.4681818
1384081990862	,3.607648
1384081990865	,2.6010458
1384081990869	,3.910613
1384081990872	,2.365646
1384081990875	,3.472532
1384081990878	,2.4822662
1384081990882	,3.4870138
1384081990884	,2.2569828
1384081990887	,2.832502
1384081990894	,6.6830707
1384081990898	,3.244905
1384081990905	,7.719937
1384081990919	,13.017631
1384081990930	,11.316048
1384081990942	,11.69125
1384081990948	,6.124259
1384081990957	,8.372887
1384081990963	,5.562182
1384081990966	,3.2116861
1384081990976	,10.092963
1384081990979	,2.166761
1384081990984	,4.73814
1384081990992	,7.906881
1384081990995	,3.201843
1384081990998	,3.187003
1384081991003	,4.637876
1384081991007	,3.3264222
1384081991011	,4.197398
1384081991013	,2.173141
1384081991017	,3.53955
1384081991019	,2.0523531
1384081991026	,6.27661
1384081991029	,3.141963
1384081991039	,9.00246
1384081991046	,6.412437
1384081991056	,10.41172
1384081991059	,2.1331809
1384081991062	,3.751211
1384081991065	,2.863571
1384081991070	,4.094634
1384081991072	,1.916866
1384081991076	,4.326457
1384081991078	,1.951941
1384081991082	,3.832251
1384081991085	,2.171501
1384081991089	,3.676575
1384081991091	,2.096998
1384081991095	,3.8701499
1384081991097	,2.050574
1384081991101	,3.6849651
1384081991105	,3.248386
1384081991115	,10.16067
1384081991118	,2.345728
1384081991130	,12.754208
1384081991146	,15.469994
1384081991154	,8.08011
1384081991164	,9.76149
1384081991186	,21.423592
1384081991192	,5.70963
1384081991198	,5.816458
1384081991217	,17.924627
1384081991223	,5.811904
1384081991237	,14.028892
1384081991242	,4.3687663
1384081991244	,2.410808
1384081991251	,6.605894
1384081991257	,5.723237
1384081991262	,5.104476
1384081991265	,2.811958
1384081991269	,4.1358953
1384081991272	,2.898119
1384081991277	,4.073271
1384081991280	,3.10525
1384081991284	,3.732837
1384081991286	,2.404386
1384081991291	,4.423002
1384081991294	,2.6504838
1384081991298	,4.1205306
1384081991301	,2.586618
1384081991305	,4.3638396
1384081991315	,9.538436
1384081991319	,4.094745
1384081991322	,2.186441
1384081991326	,4.2425733
1384081991330	,3.401219
1384081991340	,10.320344
1384081991344	,3.539826
1384081991350	,6.106689
1384081991367	,16.097288
1384081991374	,6.847625
1384081991382	,7.930688
1384081991402	,20.510523
1384081991418	,15.259814
1384081991441	,22.622568
1384081991452	,11.691831
1384081991459	,6.246013
1384081991464	,4.887602
1384081991468	,3.509789
1384081991470	,2.2212281
1384081991474	,3.781489
1384081991476	,2.2525792
1384081991480	,3.646252
1384081991482	,1.935681
1384081991486	,3.563147
1384081991490	,3.4896288
1384081991494	,4.049142
1384081991497	,2.929112
1384081991501	,4.127622
1384081991504	,2.4185839
1384081991508	,4.347886
1384081991511	,2.5850978
1384081991516	,4.883889
1384081991522	,5.684304
1384081991527	,5.1049724
1384081991530	,2.481714
1384081991536	,5.826846
1384081991539	,2.960258
1384081991548	,8.512666
1384081991554	,6.193727
1384081991559	,4.3749647
1384081991562	,2.635254
1384081991565	,3.718918
1384081991570	,4.535347
1384081991575	,4.636855
1384081991578	,2.745228
1384081991582	,3.807624
1384081991585	,2.961193
1384081991590	,4.370953
1384081991592	,2.538382
1384081991597	,4.312778
1384081991599	,2.268081
1384081991604	,4.285435
1384081991607	,3.115448
1384081991613	,5.689755
1384081991618	,4.573959
1384081991627	,9.472824
1384081991630	,2.413737
1384081991634	,4.0388393
1384081991638	,4.1059237
1384081991645	,6.498878
1384081991648	,2.96291
1384081991668	,19.972322
1384081991671	,2.588449
1384081991675	,3.668691
1384081991677	,2.246844
1384081991681	,4.019627
1384081991684	,2.109489
1384081991691	,6.9375286
1384081991694	,2.935792
1384081991698	,4.3157787
1384081991701	,2.2850502
1384081991705	,4.093948
1384081991708	,2.449832
1384081991712	,3.812832
1384081991714	,2.3098822
1384081991719	,4.4819694
1384081991723	,3.493146
1384081991727	,4.434678
1384081991730	,2.5377748
1384081991734	,4.25444
1384081991738	,3.7267299
1384081991743	,4.5262527
1384081991746	,2.966474
1384081991755	,8.872542
1384081991759	,3.589791
1384081991763	,4.608101
1384081991789	,24.998024
1384081991809	,19.821192
1384081991812	,2.7790549
1384081991816	,3.953868
1384081991818	,2.441578
1384081991822	,3.9986908
1384081991826	,3.0892649
1384081991830	,3.7857041
1384081991833	,2.786843
1384081991839	,5.699458
1384081991842	,3.7114031
1384081991848	,5.542833
1384081991851	,2.7278712
1384081991855	,3.794094
1384081991859	,4.203806
1384081991873	,13.122143
1384081991884	,10.804943
1384081991888	,3.866045
1384081991891	,2.7848248
1384081991897	,5.7753453
1384081991899	,1.916801
1384081991903	,3.760999
1384081991905	,2.391289
1384081991909	,3.681897
1384081991911	,2.3320458
1384081991923	,10.913185
1384081991926	,3.101763
1384081991934	,7.526313
1384081991950	,2.665517
1384081991954	,4.309695
1384081991958	,4.222122
1384081991964	,5.5923147
1384081991967	,2.859932
1384081991971	,3.735491
1384081991975	,3.665257
1384081991978	,3.524927
1384081991981	,2.6079009
1384081991985	,3.738823
1384081991988	,2.9786808
1384081991992	,4.4656363
1384081991997	,4.779377
1384081992005	,7.6860323
1384081992031	,25.987368
1384081992036	,5.223553
1384081992039	,2.5333412
1384081992043	,4.403
1384081992047	,3.48085
1384081992051	,3.987792
1384081992053	,2.19429
1384081992057	,3.914477
1384081992059	,2.345354
1384081992064	,3.984568
1384081992067	,2.958172
1384081992071	,3.7322328
1384081992073	,2.393851
1384081992077	,3.732446
1384081992079	,2.08305
1384081992089	,9.196276
1384081992095	,6.168174
1384081992101	,5.702752
1384081992105	,4.0630603
1384081992109	,3.827625
1384081992111	,1.657186
1384081992114	,3.5083292
1384081992123	,8.574162
1384081992127	,3.647222
1384081992129	,2.3738549
1384081992136	,6.5869036
1384081992138	,2.3236551
1384081992142	,4.348996
1384081992145	,2.6107252
1384081992150	,5.160503
1384081992152	,1.940303
1384081992158	,5.322422
1384081992161	,2.796653
1384081992167	,6.421518
1384081992169	,1.8684599
1384081992173	,3.6532018
1384081992175	,2.3218741
1384081992179	,3.764823
1384081992182	,2.28271
1384081992186	,4.07449
1384081992189	,3.6519241
1384081992194	,4.246034
1384081992197	,2.605163
1384081992201	,4.653835
1384081992204	,2.688864
1384081992208	,3.8855891
1384081992210	,2.135645
1384081992214	,3.603859
1384081992216	,2.265167
1384081992220	,3.865259
1384081992223	,3.000917
1384081992228	,4.7336297
1384081992251	,22.44396
1384081992258	,7.183301
1384081992263	,4.9193206
1384081992267	,3.7907882
1384081992269	,1.8158439
1384081992272	,3.450763
1384081992274	,1.990121
1384081992279	,4.398707
1384081992284	,4.565061
1384081992288	,4.2075953
1384081992292	,3.475893
1384081992296	,4.4458017
1384081992313	,16.403988
1384081992319	,6.3920403
1384081992321	,2.066189
1384081992325	,3.6253722
1384081992327	,1.9671999
1384081992331	,3.947769
1384081992334	,3.0267081
1384081992345	,10.422027
1384081992351	,6.287849
1384081992354	,3.262125
1384081992356	,1.660715
1384081992360	,3.713144
1384081992362	,1.899655
1384081992366	,3.914216
1384081992370	,3.815208
1384081992374	,4.466837
1384081992376	,1.894963
1384081992380	,3.372123
1384081992382	,2.423553
1384081992386	,3.852635
1384081992388	,2.221632
1384081992392	,3.6257
1384081992394	,2.17972
1384081992398	,3.72374
1384081992401	,2.294345
1384081992405	,3.794023
1384081992408	,3.071574
1384081992412	,4.148344
1384081992415	,2.5000281
1384081992418	,3.5669541
1384081992421	,2.674217
1384081992426	,5.050973
1384081992429	,2.2683291
1384081992432	,3.531934
1384081992435	,2.4059289
1384081992439	,4.0964437
1384081992441	,2.460698
1384081992446	,4.450797
1384081992450	,4.069887
1384081992476	,26.016212
1384081992480	,4.03342
1384081992485	,3.966145
1384081992486	,1.778471
1384081992490	,3.375364
1384081992492	,2.1535969
1384081992499	,3.834388
1384081992507	,7.865971
1384081992517	,9.608974
1384081992526	,9.0552845
1384081992532	,6.648552
1384081992534	,1.873514
1384081992538	,3.415874
1384081992540	,1.929931
1384081992544	,3.719285
1384081992549	,5.143704
1384081992554	,4.4096518
1384081992555	,1.804814
1384081992559	,3.282427
1384081992561	,2.143543
1384081992565	,3.982337
1384081992568	,2.622657
1384081992574	,5.575938
1384081992576	,2.1796808
1384081992579	,3.2304208
1384081992581	,1.5455511
1384081992584	,3.393845
1384081992586	,1.789597
1384081992590	,3.497641
1384081992592	,1.717071
1384081992595	,3.541432
1384081992597	,1.58849
1384081992601	,3.466755
1384081992603	,2.406968
1384081992607	,3.640702
1384081992609	,1.920227
1384081992613	,3.869897
1384081992615	,2.2561722
1384081992620	,4.869379
1384081992623	,2.7399318
1384081992630	,6.382291
1384081992633	,3.208632
1384081992639	,5.8673396
1384081992642	,2.634042
1384081992646	,3.843353
1384081992648	,2.288712
1384081992659	,11.003897
1384081992664	,4.862317
1384081992669	,4.585936
1384081992677	,8.244605
1384081992683	,6.269556
1384081992689	,5.721294
1384081992696	,6.485248
1384081992698	,1.708008
1384081992701	,3.348687
1384081992704	,2.726968
1384081992708	,3.902679
1384081992710	,2.074474
1384081992714	,4.244453
1384081992717	,2.238665
1384081992720	,3.453274
1384081992723	,2.464545
1384081992727	,3.497524
1384081992729	,2.2926211
1384081992738	,8.511615
1384081992742	,4.4451823
1384081992745	,3.164634
1384081992747	,1.659997
1384081992752	,4.721759
1384081992754	,2.300694
1384081992758	,3.9485319
1384081992761	,2.177145
1384081992765	,4.252108
1384081992768	,2.483608
1384081992771	,3.808804
1384081992774	,2.950248
1384081992781	,6.7246118
1384081992783	,2.044559
1384081992787	,3.945209
1384081992790	,2.4319808
1384081992794	,3.930048
1384081992797	,2.4009619
1384081992801	,4.4646688
1384081992804	,2.655586
1384081992810	,6.2398167
1384081992814	,3.576963
1384081992819	,4.573162
1384081992821	,2.4912982
1384081992825	,3.732802
1384081992829	,4.2473073
1384081992835	,5.9652634
1384081992839	,3.090125
1384081992843	,3.937739
1384081992847	,3.949157
1384081992850	,2.858033
1384081992852	,2.15941
1384081992856	,3.827519
1384081992859	,2.639218
1384081992862	,3.4956179
1384081992865	,2.310888
1384081992869	,4.089892
1384081992872	,3.6167781
1384081992880	,7.1979465
1384081992890	,10.194189
1384081992902	,11.693504
1384081992904	,2.4053369
1384081992908	,3.309581
1384081992910	,1.896771
1384081992914	,3.7485878
1384081992916	,2.059388
1384081992920	,4.182665
1384081992922	,2.0138211
1384081992928	,5.8848453
1384081992932	,3.768954
1384081992941	,9.22885
1384081992944	,2.984355
1384081992953	,8.925812
1384081992959	,5.248971
1384081992963	,4.039194
1384081992968	,5.032623
1384081992975	,7.034896
1384081992978	,2.9673922
1384081992985	,6.724209
1384081992990	,4.7967978
1384081992995	,4.479832
1384081992997	,2.5189729
1384081993001	,3.917081
1384081993004	,2.20715
1384081993008	,4.2144628
1384081993010	,2.430614
1384081993015	,4.497844
1384081993018	,2.735067
1384081993022	,4.0940948
1384081993025	,2.569772
1384081993030	,4.8663893
1384081993032	,2.477468
1384081993037	,5.065002
1384081993046	,8.409602
1384081993058	,12.291732
1384081993063	,4.444994
1384081993067	,4.3950343
1384081993070	,2.429082
1384081993075	,4.961522
1384081993078	,2.842645
1384081993084	,5.499803
1384081993086	,2.352371
1384081993091	,4.9124427
1384081993104	,12.724615
1384081993111	,6.912684
1384081993114	,2.6180139
1384081993117	,3.3350668
1384081993120	,3.100382
1384081993124	,3.3858912
1384081993126	,2.050951
1384081993130	,3.740012
1384081993132	,1.736961
1384081993135	,3.491197
1384081993137	,2.043628
1384081993144	,6.8975296
1384081993154	,9.3366995
1384081993166	,11.801643
1384081993169	,3.587945
1384081993173	,3.4037151
1384081993176	,2.680106
1384081993179	,3.5893712
1384081993181	,1.674048
1384081993185	,3.4711819
1384081993193	,8.072745
1384081993197	,4.078656
1384081993199	,2.1575258
1384081993203	,4.1272492
1384081993207	,3.149749
1384081993212	,4.986609
1384081993214	,2.432868
1384081993218	,3.7521522
1384081993221	,2.4045162
1384081993224	,3.629428
1384081993227	,1.974891
1384081993230	,3.849591
1384081993233	,2.8167682
1384081993238	,4.751372
1384081993241	,2.5403888
1384081993245	,4.024062
1384081993249	,3.70384
1384081993257	,7.8509293
1384081993259	,2.4327052
1384081993264	,4.741579
1384081993268	,4.109873
1384081993274	,5.159664
1384081993283	,9.610845
1384081993290	,6.287355
1384081993295	,5.313139
1384081993302	,6.894527
1384081993306	,3.478892
1384081993311	,5.523859
1384081993329	,17.6485
1384081993334	,5.108213
1384081993339	,4.9537883
1384081993344	,4.541499
1384081993347	,2.694719
1384081993351	,4.517079
1384081993354	,2.2256918
1384081993358	,4.354709
1384081993362	,3.709046
1384081993385	,23.18598
1384081993389	,4.105895
1384081993395	,5.7600718
1384081993398	,3.079526
1384081993403	,4.1632776
1384081993405	,2.56151
1384081993410	,4.5494084
1384081993413	,3.0655792
1384081993419	,5.594354
1384081993423	,3.546576
1384081993429	,5.921181
1384081993434	,5.68188
1384081993439	,4.212173
1384081993441	,2.581017
1384081993446	,4.714045
1384081993449	,2.856241
1384081993454	,4.914837
1384081993458	,4.039314
1384081993464	,5.16473
1384081993469	,5.004053
1384081993475	,6.2954073
1384081993480	,4.452472
1384081993484	,4.366859
1384081993487	,2.529502
1384081993492	,4.843365
1384081993495	,3.337359
1384081993499	,4.143414
1384081993503	,3.414733
1384081993508	,5.220949
1384081993514	,5.8065276
1384081993520	,6.125794
1384081993525	,4.844905
1384081993529	,4.1665154
1384081993535	,5.4090447
1384081993546	,11.475025
1384081993552	,5.2654247
1384081993556	,4.2833757
1384081993558	,2.158291
1384081993563	,3.997528
1384081993565	,1.851617
1384081993569	,3.920531
1384081993571	,2.289285
1384081993575	,4.394481
1384081993578	,2.7080219
1384081993585	,7.058431
1384081993592	,6.637484
1384081993602	,9.310328
1384081993608	,6.083371
1384081993612	,3.9422219
1384081993614	,2.375691
1384081993618	,3.413768
1384081993620	,1.984161
1384081993624	,3.801919
1384081993627	,2.909762
1384081993631	,4.156027
1384081993634	,2.9933321
1384081993638	,3.968149
1384081993643	,4.7353253
1384081993649	,5.9671574
1384081993652	,2.8914251
1384081993657	,4.8673
1384081993660	,2.939439
1384081993666	,5.897921
1384081993670	,3.697126
1384081993675	,4.6850257
1384081993678	,2.76402
1384081993682	,4.036411
1384081993685	,2.966405
1384081993691	,5.65165
1384081993694	,3.542303
1384081993699	,3.48114
1384081993702	,3.126962
1384081993708	,5.3057747
1384081993711	,2.978593
1384081993715	,3.834582
1384081993720	,4.658331
1384081993724	,4.2641287
1384081993728	,3.720143
1384081993732	,3.828841
1384081993734	,2.333741
1384081993744	,9.930836
1384081993752	,7.2544227
1384081993764	,11.819139
1384081993772	,8.011357
1384081993779	,6.967244
1384081993783	,3.711204
1384081993787	,4.190615
1384081993790	,3.203085
1384081993799	,9.150964
1384081993814	,14.356172
1384081993818	,4.1785307
1384081993820	,2.038215
1384081993830	,9.378202
1384081993834	,4.691051
1384081993839	,4.6479
1384081993841	,1.939921
1384081993845	,4.065435
1384081993848	,2.2577019
1384081993852	,4.562122
1384081993855	,2.180275
1384081993860	,5.2941937
1384081993863	,3.0274289
1384081993868	,4.9451003
1384081993872	,3.830864
1384081993875	,2.6883101
1384081993877	,1.786266
1384081993881	,3.880524
1384081993883	,2.365258
1384081993888	,4.5042796
1384081993892	,4.408756
1384081993897	,4.266386
1384081993899	,2.088428
1384081993903	,4.228077
1384081993906	,2.768165
1384081993911	,4.2752023
1384081993965	,54.80256
1384081993969	,3.258572
1384081993976	,6.972983
1384081993986	,10.407814
1384081993991	,4.348498
1384081993993	,1.9377149
1384081993997	,4.427162
1384081994000	,2.460095
1384081994003	,3.400374
1384081994006	,1.969854
1384081994010	,4.554816
1384081994013	,2.486708
1384081994027	,13.853259
1384081994029	,1.947399
1384081994032	,3.2020931
1384081994034	,1.878821
1384081994038	,3.663522
1384081994040	,2.008578
1384081994043	,3.272369
1384081994045	,1.801621
1384081994049	,3.694508
1384081994052	,2.836658
1384081994058	,5.54809
1384081994060	,2.53189
1384081994065	,4.493639
1384081994068	,3.463312
1384081994075	,6.1070437
1384081994078	,2.976898
1384081994081	,3.525674
1384081994083	,1.9661579
1384081994087	,4.002756
1384081994093	,5.355465
1384081994099	,5.6370716
1384081994101	,2.2829838
1384081994105	,3.6383212
1384081994108	,2.666576
1384081994112	,3.8928258
1384081994114	,2.119539
1384081994118	,3.8472338
1384081994120	,2.4439752
1384081994125	,4.214509
1384081994127	,2.603209
1384081994132	,4.115182
1384081994134	,2.5629318
1384081994139	,4.228748
1384081994142	,3.6680162
1384081994147	,4.480646
1384081994150	,2.73966
1384081994153	,3.599226
1384081994155	,1.889729
1384081994159	,3.660476
1384081994161	,1.9460081
1384081994166	,4.555706
1384081994171	,5.316148
1384081994175	,4.037038
1384081994177	,1.850747
1384081994182	,4.2099714
1384081994206	,24.037899
1384081994210	,4.001717
1384081994212	,1.794271
1384081994216	,3.618261
1384081994218	,1.8217851
1384081994221	,3.613392
1384081994224	,2.545799
1384081994229	,5.482116
1384081994232	,2.412149
1384081994237	,4.556918
1384081994239	,1.9357641
1384081994242	,3.558888
1384081994244	,2.032957
1384081994248	,3.3985991
1384081994250	,2.255421
1384081994254	,3.7108421
1384081994256	,2.1550481
1384081994260	,3.978802
1384081994263	,2.7586722
1384081994267	,4.070405
1384081994271	,3.3424199
1384081994276	,4.67859
1384081994294	,18.029167
1384081994299	,5.0913997
1384081994301	,2.241124
1384081994305	,3.763062
1384081994307	,2.005928
1384081994311	,3.674499
1384081994314	,2.527817
1384081994318	,4.2845488
1384081994321	,2.578488
1384081994325	,4.126253
1384081994328	,2.681945
1384081994332	,4.023285
1384081994335	,2.5752141
1384081994339	,4.488499
1384081994343	,3.490122
1384081994347	,4.2874427
1384081994350	,2.768012
1384081994354	,4.180072
1384081994357	,2.631502
1384081994362	,5.031332
1384081994368	,5.637088
1384081994381	,12.982192
1384081994384	,3.3850448
1384081994389	,4.66193
1384081994392	,2.958735
1384081994397	,5.103132
1384081994404	,6.2733073
1384081994417	,13.376824
1384081994422	,4.7915554
1384081994426	,3.855652
1384081994429	,2.735105
1384081994434	,4.4633694
1384081994436	,2.4249551
1384081994444	,8.154497
1384081994446	,2.0183508
1384081994451	,4.330184
1384081994453	,2.225018
1384081994457	,3.579592
1384081994460	,3.108912
1384081994464	,4.043955
1384081994467	,2.370255
1384081994471	,3.870527
1384081994474	,3.210905
1384081994479	,4.87246
1384081994483	,3.586273
1384081994491	,8.500892
1384081994493	,2.108987
1384081994498	,4.111502
1384081994500	,2.394818
1384081994506	,5.498688
1384081994509	,3.292794
1384081994514	,5.045494
1384081994518	,3.1617758
1384081994522	,3.979772
1384081994524	,2.696899
1384081994529	,4.327609
1384081994532	,2.695455
1384081994536	,4.274656
1384081994539	,2.824872
1384081994543	,4.396821
1384081994546	,2.8984761
1384081994551	,4.182725
1384081994554	,3.132963
1384081994559	,4.802385
1384081994562	,2.846314
1384081994566	,4.488099
1384081994571	,4.83043
1384081994576	,4.203308
1384081994585	,8.874781
1384081994589	,4.540377
1384081994594	,4.965045
1384081994612	,17.11467
1384081994626	,14.666078
1384081994632	,5.709032
1384081994634	,2.285671
1384081994639	,4.732586
1384081994641	,1.8300511
1384081994645	,3.679925
1384081994648	,2.449798
1384081994655	,7.554161
1384081994657	,1.9842011
1384081994661	,3.4020681
1384081994663	,2.3862739
1384081994668	,4.1337748
1384081994670	,2.429878
1384081994675	,5.302713
1384081994679	,3.811826
1384081994684	,4.1155353
1384081994686	,2.841055
1384081994692	,4.952752
1384081994698	,5.858802
1384081994701	,3.8429122
1384081994704	,2.007495
1384081994708	,4.544416
1384081994711	,2.689823
1384081994716	,4.703544
1384081994718	,2.605958
1384081994726	,7.015751
1384081994729	,3.36164
1384081994733	,4.022145
1384081994736	,2.515637
1384081994740	,4.202536
1384081994743	,2.6284509
1384081994747	,4.084855
1384081994750	,2.617471
1384081994754	,4.643295
1384081994758	,3.5872738
1384081994764	,5.439144
1384081994768	,4.371174
1384081994773	,5.012353
1384081994776	,3.124176
1384081994781	,4.4749227
1384081994784	,3.372042
1384081994793	,8.628008
1384081994797	,3.989731
1384081994802	,4.622457
1384081994805	,2.8681078
1384081994809	,3.81664
1384081994813	,3.6635249
1384081994817	,4.060065
1384081994821	,4.112511
1384081994825	,3.450876
1384081994829	,4.3296747
1384081994849	,20.3525
1384081994861	,10.95513
1384081994866	,5.7970066
1384081994869	,2.363331
1384081994873	,4.183165
1384081994876	,2.665851
1384081994881	,4.620212
1384081994884	,3.078752
1384081994889	,4.8905897
1384081994893	,3.836406
1384081994898	,5.62879
1384081994904	,5.634272
1384081994908	,3.915078
1384081994912	,3.419332
1384081994916	,4.267086
1384081994919	,3.277889
1384081994924	,4.8966603
1384081994932	,7.034525
1384081994937	,5.434997
1384081994944	,6.9590163
1384081994949	,4.521646
1384081994952	,2.9902189
1384081994958	,6.5718846
1384081994975	,16.094381
1384081994980	,4.761011
1384081994982	,2.858208
1384081994988	,5.516967
1384081994994	,5.823316
1384081995000	,5.688296
1384081995005	,5.025612
1384081995011	,6.498701
1384081995014	,3.129434
1384081995019	,4.085127
1384081995021	,2.715034
1384081995025	,3.9452548
1384081995031	,5.7144923
1384081995036	,4.4284573
1384081995038	,2.318726
1384081995042	,3.7383358
1384081995045	,3.392097
1384081995060	,14.654379
1384081995079	,18.821325
1384081995085	,5.946592
1384081995092	,7.306954
1384081995097	,4.642153
1384081995099	,2.283092
1384081995104	,4.1112413
1384081995109	,5.631713
1384081995114	,4.909663
1384081995116	,1.694525
1384081995120	,3.821887
1384081995122	,1.853566
1384081995125	,3.4775681
1384081995128	,2.136571
1384081995131	,3.585721
1384081995133	,2.012876
1384081995137	,3.8260138
1384081995139	,2.092907
1384081995143	,3.522971
1384081995145	,2.245042
1384081995149	,3.568205
1384081995151	,2.1832628
1384081995155	,3.894868
1384081995157	,2.1689951
1384081995161	,4.001851
1384081995163	,1.8606291
1384081995171	,7.519041
1384081995173	,2.1280138
1384081995177	,3.870383
1384081995181	,3.407167
1384081995185	,4.29802
1384081995188	,2.5334032
1384081995192	,4.746985
1384081995196	,3.051956
1384081995200	,4.6502843
1384081995204	,3.226768
1384081995208	,3.959423
1384081995210	,2.123449
1384081995214	,4.5704083
1384081995217	,2.229335
1384081995221	,3.82062
1384081995223	,2.087177
1384081995227	,3.718226
1384081995229	,2.110573
1384081995232	,3.69381
1384081995235	,2.820374
1384081995239	,3.885445
1384081995242	,2.310112
1384081995256	,14.374791
1384081995266	,9.841436
1384081995270	,3.389961
1384081995272	,2.7363899
1384081995277	,4.3498464
1384081995282	,5.3652167
1384081995295	,12.843353
1384081995312	,16.393642
1384081995322	,10.800524
1384081995324	,1.770071
1384081995329	,4.122549
1384081995331	,2.021405
1384081995335	,3.844474
1384081995337	,2.267163
1384081995341	,3.7192938
1384081995343	,2.645288
1384081995348	,4.7454457
1384081995351	,2.518016
1384081995355	,4.325345
1384081995358	,2.77544
1384081995363	,4.675452
1384081995367	,3.898992
1384081995372	,5.260036
1384081995375	,2.857137
1384081995380	,4.501185
1384081995382	,2.671364
1384081995389	,6.4193387
1384081995393	,4.210024
1384081995400	,6.46991
1384081995404	,3.9093668
1384081995408	,4.12717
1384081995410	,2.000063
1384081995414	,4.4263597
1384081995417	,2.25998
1384081995423	,5.732142
1384081995425	,2.64426
1384081995429	,3.9422052
1384081995432	,2.422163
1384081995437	,4.891744
1384081995440	,3.26774
1384081995444	,3.8201761
1384081995446	,2.4136322
1384081995450	,3.752521
1384081995453	,2.562451
1384081995458	,4.5798044
1384081995460	,2.6867561
1384081995466	,5.171852
1384081995472	,6.4620543
1384081995477	,4.802599
1384081995481	,3.831034
1384081995486	,4.65375
1384081995489	,2.9752772
1384081995495	,5.918038
1384081995503	,8.266007
1384081995513	,9.462922
1384081995519	,6.529094
1384081995531	,11.3391905
1384081995532	,1.863653
1384081995536	,3.3893888
1384081995538	,2.123168
1384081995542	,4.002873
1384081995545	,2.968069
1384081995550	,4.610468
1384081995553	,2.589683
1384081995556	,3.787882
1384081995560	,3.022362
1384081995564	,3.924192
1384081995567	,3.6063359
1384081995575	,7.236571
1384081995578	,3.0278292
1384081995585	,6.7173758
1384081995587	,1.966355
1384081995591	,4.399126
1384081995594	,2.602494
1384081995597	,3.566926
1384081995600	,2.936919
1384081995605	,4.466238
1384081995611	,6.355578
1384081995617	,5.5677996
1384081995620	,3.247695
1384081995625	,4.960106
1384081995629	,3.832833
1384081995636	,6.40079
1384081995638	,2.365552
1384081995644	,5.4201536
1384081995647	,3.36223
1384081995652	,4.321852
1384081995655	,3.5684729
1384081995660	,4.691756
1384081995663	,2.4188612
1384081995667	,4.247277
1384081995670	,2.9762108
1384081995682	,11.518211
1384081995684	,2.552522
1384081995690	,5.140396
1384081995693	,3.234078
1384081995697	,4.487687
1384081995701	,3.230791
1384081995707	,5.661242
1384081995714	,7.817954
1384081995720	,5.484309
1384081995736	,16.300797
1384081995748	,11.503528
1384081995754	,5.8271413
1384081995757	,3.4818711
1384081995761	,3.779991
1384081995766	,4.77942
1384081995770	,3.298422
1384081995774	,4.605743
1384081995777	,2.877575
1384081995782	,4.5952177
1384081995785	,3.165247
1384081995790	,4.485558
1384081995793	,3.572656
1384081995799	,4.36727
1384081995802	,2.6728458
1384081995808	,5.743293
1384081995811	,3.629859
1384081995817	,5.9454627
1384081995821	,3.331912
1384081995827	,5.249584
1384081995830	,3.261964
1384081995834	,3.593817
1384081995838	,3.7057562
1384081995842	,3.712909
1384081995845	,3.568919
1384081995850	,4.2038283
1384081995853	,3.092074
1384081995857	,4.626245
1384081995861	,3.803326
1384081995866	,4.477476
1384081995869	,3.014148
1384081995875	,5.8638606
1384081995879	,4.009506
1384081995902	,23.256262
1384081995908	,6.192458
1384081995913	,4.038166
1384081995916	,3.7794561
1384081995921	,4.9307327
1384081995923	,2.052253
1384081995928	,4.042598
1384081995931	,3.3371918
1384081995936	,5.106281
1384081995939	,2.737074
1384081995943	,4.109231
1384081995950	,6.801654
1384081995962	,12.376565
1384081995972	,9.395471
1384081995978	,5.548994
1384081995979	,1.82863
1384081995984	,4.030603
1384081995985	,1.784662
1384081995989	,3.908634
1384081995992	,2.7699661
1384081995997	,4.507267
1384081995999	,2.582611
1384081996004	,4.157312
1384081996007	,2.871799
1384081996011	,4.647317
1384081996016	,5.189767
1384081996026	,9.46384
1384081996029	,3.003842
1384081996033	,4.051911
1384081996035	,2.151644
1384081996039	,3.924602
1384081996042	,2.679262
1384081996047	,4.692311
1384081996051	,3.586657
1384081996101	,50.148064
1384081996106	,5.18246
1384081996108	,2.031938
1384081996112	,3.627295
1384081996114	,2.2174551
1384081996124	,9.709548
1384081996126	,2.39199
1384081996130	,3.659831
1384081996132	,2.294425
1384081996137	,4.719747
1384081996140	,2.565397
1384081996145	,5.006128
1384081996147	,2.341964
1384081996152	,4.491803
1384081996159	,6.85486
1384081996163	,4.538756
1384081996167	,3.530648
1384081996172	,4.6395497
1384081996175	,3.6391
1384081996180	,4.472453
1384081996182	,2.19037
1384081996186	,3.8410811
1384081996190	,4.161584
1384081996195	,4.154042
1384081996197	,2.6271842
1384081996201	,4.067335
1384081996207	,5.1588655
1384081996224	,16.939032
1384081996233	,8.909481
1384081996236	,3.487349
1384081996238	,2.0993588
1384081996242	,3.685986
1384081996244	,1.866852
1384081996248	,3.70895
1384081996254	,5.815143
1384081996259	,5.270368
1384081996262	,2.644323
1384081996266	,4.4445
1384081996269	,2.889271
1384081996274	,4.4493637
1384081996277	,3.484448
1384081996282	,4.868504
1384081996288	,5.742334
1384081996292	,3.729681
1384081996296	,3.727691
1384081996301	,4.764131
1384081996309	,8.682066
1384081996314	,4.560291
1384081996317	,2.751157
1384081996323	,5.609199
1384081996326	,3.547344
1384081996330	,4.1214743
1384081996339	,8.778301
1384081996343	,4.036331
1384081996346	,2.626252
1384081996350	,3.663844
1384081996353	,2.870381
1384081996357	,3.98994
1384081996360	,2.790597
1384081996369	,8.838037
1384081996371	,2.5273702
1384081996397	,26.12026
1384081996402	,4.4574647
1384081996406	,3.965066
1384081996409	,2.4378412
1384081996412	,3.668952
1384081996415	,2.380706
1384081996419	,3.992185
1384081996421	,2.336455
1384081996425	,3.7591088
1384081996427	,2.1384928
1384081996432	,4.606597
1384081996437	,5.280024
1384081996442	,4.88464
1384081996445	,2.701169
1384081996450	,4.597504
1384081996453	,3.037934
1384081996458	,5.2353683
1384081996461	,2.81055
1384081996466	,4.4817643
1384081996468	,2.614413
1384081996473	,4.88144
1384081996476	,3.0338202
1384081996481	,4.988977
1384081996484	,2.905804
1384081996489	,4.425397
1384081996492	,2.852107
1384081996497	,5.127014
1384081996502	,4.429686
1384081996507	,5.224548
1384081996512	,4.551018
1384081996516	,4.5291767
1384081996519	,2.964394
1384081996525	,5.8109818
1384081996540	,15.259465
1384081996552	,11.91181
1384081996555	,2.507653
1384081996559	,3.475117
1384081996561	,2.571083
1384081996566	,5.062392
1384081996574	,7.0998864
1384081996579	,5.403547
1384081996582	,2.45127
1384081996586	,4.778228
1384081996594	,7.581341
1384081996600	,5.646477
1384081996607	,7.229129
1384081996616	,9.327069
1384081996622	,5.3032823
1384081996626	,4.4962873
1384081996630	,2.99872
1384081996633	,3.8080301
1384081996637	,3.717787
1384081996642	,4.848681
1384081996644	,2.140387
1384081996648	,4.063093
1384081996652	,3.26796
1384081996656	,3.9205801
1384081996658	,2.2253158
1384081996663	,5.167635
1384081996666	,2.996037
1384081996672	,4.974754
1384081996675	,2.920433
1384081996679	,4.8489246
1384081996682	,2.978051
1384081996687	,4.667047
1384081996690	,2.951094
1384081996695	,5.0180907
1384081996699	,3.59094
1384081996703	,4.336113
1384081996708	,4.035204
1384081996712	,4.1893044
1384081996726	,13.622321
1384081996731	,5.160705
1384081996733	,2.592747
1384081996737	,3.7287261
1384081996740	,2.435914
1384081996745	,5.528812
1384081996749	,3.355691
1384081996757	,7.777968
1384081996762	,5.625478
1384081996768	,5.913566
1384081996771	,2.529033
1384081996780	,8.540148
1384081996783	,3.320362
1384081996787	,4.1556287
1384081996790	,2.680647
1384081996794	,4.2862797
1384081996798	,3.588213
1384081996803	,4.638104
1384081996806	,3.1476102
1384081996811	,5.279498
1384081996816	,4.684236
1384081996837	,21.224604
1384081996840	,2.327343
1384081996845	,5.101968
1384081996847	,2.281986
1384081996854	,6.102849
1384081996863	,9.908909
1384081996871	,7.843725
1384081996875	,3.6619098
1384081996879	,4.0001698
1384081996881	,2.1714141
1384081996886	,3.9530559
1384081996889	,3.57023
1384081996893	,3.816374
1384081996896	,2.61558
1384081996901	,5.090077
1384081996904	,3.5122042
1384081996912	,7.520994
1384081996915	,2.9649742
1384081996919	,4.2673416
1384081996922	,2.531399
1384081996931	,8.836916
1384081996933	,1.750018
1384081996940	,7.290279
1384081996942	,2.141607
1384081996947	,4.9193482
1384081996950	,2.1835692
1384081996955	,5.0407805
1384081996957	,2.479053
1384081996962	,4.8578043
1384081996964	,1.50237
1384081996967	,3.188482
1384081996978	,10.550905
1384081996985	,7.347709
1384081996988	,2.385468
1384081996992	,4.5355134
1384081996995	,2.27531
1384081996999	,4.071678
1384081997003	,4.2806582
1384081997007	,3.902346
1384081997010	,2.4398391
1384081997014	,4.230939
1384081997017	,2.730325
1384081997021	,3.946331
1384081997024	,2.7961369
1384081997029	,5.4510508
1384081997059	,30.262228
1384081997064	,4.6052833
1384081997066	,2.181731
1384081997070	,3.555151
1384081997073	,2.59378
1384081997077	,3.7893531
1384081997079	,2.227976
1384081997083	,4.2292233
1384081997085	,2.108713
1384081997090	,4.934287
1384081997093	,2.72897
1384081997098	,4.365895
1384081997100	,2.515449
1384081997105	,4.386191
1384081997108	,2.906124
1384081997113	,5.319684
1384081997117	,4.2776613
1384081997122	,4.8734903
1384081997126	,3.205134
1384081997132	,6.1489573
1384081997137	,5.457274
1384081997143	,5.024672
1384081997145	,2.853463
1384081997153	,7.4009104
1384081997156	,2.652304
1384081997162	,6.4253616
1384081997167	,4.958129
1384081997172	,4.565648
1384081997177	,5.039393
1384081997184	,6.8474607
1384081997193	,9.49089
1384081997197	,3.5159562
1384081997199	,1.681546
1384081997203	,3.88226
1384081997207	,3.581198
1384081997211	,4.0389442
1384081997214	,3.124073
1384081997219	,4.612897
1384081997225	,5.9931784
1384081997229	,4.281044
1384081997231	,2.285841
1384081997236	,4.598059
1384081997239	,3.254901
1384081997244	,4.1234083
1384081997246	,2.473843
1384081997282	,36.284496
1384081997294	,11.156709
1384081997297	,3.3233778
1384081997299	,1.986237
1384081997303	,3.50828
1384081997305	,2.3858168
1384081997309	,3.4296498
1384081997311	,1.805619
1384081997315	,3.91756
1384081997317	,2.554276
1384081997322	,4.817511
1384081997324	,1.903836
1384081997328	,4.18796
1384081997330	,1.982786
1384081997334	,3.984599
1384081997341	,6.610805
1384081997346	,5.023796
1384081997349	,2.481208
1384081997357	,8.366974
1384081997360	,2.673637
1384081997366	,6.1868978
1384081997373	,7.0560517
1384081997378	,4.171102
1384081997380	,2.7037
1384081997387	,6.274765
1384081997395	,7.6614723
1384081997401	,6.7353272
1384081997404	,2.4785979
1384081997409	,4.7005963
1384081997411	,2.3316088
1384081997416	,4.414378
1384081997418	,2.573862
1384081997423	,4.468298
1384081997425	,2.271652
1384081997430	,4.4822903
1384081997432	,2.371164
1384081997436	,3.965617
1384081997440	,3.9406278
1384081997445	,4.2779636
1384081997448	,3.356343
1384081997452	,4.082197
1384081997456	,3.782478
1384081997460	,3.5447261
1384081997462	,2.427616
1384081997468	,5.734228
1384081997470	,2.577626
1384081997475	,4.510024
1384081997478	,2.837617
1384081997513	,35.257946
1384081997519	,5.32433
1384081997525	,6.005797
1384081997528	,2.905948
1384081997532	,4.044571
1384081997534	,2.3045359
1384081997538	,3.758053
1384081997540	,1.8582691
1384081997546	,6.092916
1384081997552	,5.298095
1384081997558	,5.867878
1384081997562	,4.071205
1384081997567	,5.363562
1384081997570	,2.311146
1384081997574	,4.805356
1384081997578	,3.182461
1384081997582	,4.05081
1384081997584	,2.578789
1384081997589	,4.86309
1384081997593	,3.288722
1384081997612	,19.593603
1384081997616	,3.758999
1384081997620	,3.984233
1384081997623	,2.803264
1384081997628	,4.515748
1384081997630	,2.527792
1384081997635	,4.65515
1384081997637	,2.1010091
1384081997641	,4.0660458
1384081997644	,2.340836
1384081997648	,4.1179132
1384081997651	,2.8294241
1384081997655	,4.2169247
1384081997658	,2.482207
1384081997662	,4.434417
1384081997665	,2.503731
1384081997672	,7.210959
1384081997676	,3.6961641
1384081997680	,4.319883
1384081997683	,2.8022099
1384081997688	,4.530851
1384081997691	,2.8515
1384081997696	,5.092419
1384081997720	,23.774233
1384081997732	,11.976342
1384081997734	,1.588822
1384081997737	,3.194409
1384081997739	,1.552824
1384081997742	,3.507896
1384081997744	,1.81048
1384081997748	,3.847886
1384081997750	,2.352592
1384081997755	,4.562946
1384081997757	,1.799232
1384081997761	,4.382595
1384081997763	,2.0833201
1384081997767	,3.652958
1384081997771	,4.183612
1384081997776	,4.01952
1384081997780	,4.368025
1384081997785	,4.979631
1384081997788	,2.570021
1384081997792	,4.030296
1384081997795	,2.660746
1384081997801	,6.123453
1384081997805	,3.690878
1384081997810	,5.435396
1384081997814	,3.6615338
1384081997842	,27.741034
1384081997846	,4.677108
1384081997851	,4.859805
1384081997853	,1.92073
1384081997857	,3.560273
1384081997859	,1.99421
1384081997863	,3.795868
1384081997865	,2.349445
1384081997869	,3.920165
1384081997871	,2.028934
1384081997876	,4.560918
1384081997878	,2.336056
1384081997883	,4.0882273
1384081997885	,2.5142028
1384081997890	,4.2875857
1384081997892	,2.475576
1384081997896	,4.020618
1384081997899	,3.065378
1384081997904	,4.5998816
1384081997907	,3.109257
1384081997911	,3.90699
1384081997916	,4.535895
1384081997922	,6.263339
1384081997933	,10.636519
1384081997946	,12.860872
1384081997952	,5.6998034
1384081997957	,5.2379646
1384081997959	,2.1088321
1384081997963	,3.6432261
1384081997965	,2.474324
1384081997969	,3.480773
1384081997971	,2.018317
1384081997976	,4.894062
1384081997978	,2.236686
1384081997983	,4.348184
1384081997986	,3.539232
1384081997990	,3.833323
1384081997993	,2.43419
1384081997998	,4.6754436
1384081998000	,2.676826
1384081998005	,4.836534
1384081998008	,2.713471
1384081998014	,5.594962
1384081998018	,4.0796113
1384081998023	,5.203218
1384081998026	,2.315133
1384081998031	,4.856986
1384081998033	,2.442569
1384081998042	,8.513406
1384081998047	,5.173158
1384081998051	,4.2823567
1384081998054	,2.394887
1384081998058	,4.155957
1384081998061	,2.491353
1384081998065	,3.97635
1384081998067	,2.416429
1384081998071	,3.847774
1384081998073	,2.2067208
1384081998080	,6.127398
1384081998082	,2.471794
1384081998086	,4.298071
1384081998090	,3.136112
1384081998094	,4.262073
1384081998096	,2.112709
1384081998101	,4.3208733
1384081998103	,2.8355372
1384081998108	,4.5958443
1384081998113	,4.5668454
1384081998117	,4.559247
1384081998120	,2.284031
1384081998124	,3.827996
1384081998126	,2.495089
1384081998132	,5.458147
1384081998134	,2.286456
1384081998138	,4.264693
1384081998145	,6.6673007
1384081998176	,30.920984
1384081998191	,14.864591
1384081998195	,3.508497
1384081998197	,1.95762
1384081998201	,3.891949
1384081998204	,2.7054641
1384081998208	,4.598692
1384081998211	,2.72471
1384081998218	,6.959627
1384081998221	,3.00946
1384081998226	,4.4703636
1384081998229	,3.0772939
1384081998233	,4.3321
1384081998236	,3.136634
1384081998241	,4.785348
1384081998244	,2.4197042
1384081998249	,5.1659083
1384081998253	,4.029478
1384081998258	,4.582851
1384081998263	,4.658042
1384081998267	,4.653071
1384081998270	,2.2512
1384081998274	,3.8867319
1384081998276	,2.593293
1384081998282	,5.7515163
1384081998285	,2.6568038
1384081998290	,4.627967
1384081998293	,3.0547738
1384081998298	,5.6296573
1384081998301	,2.59667
1384081998306	,4.44731
1384081998309	,2.93809
1384081998313	,4.1313767
1384081998320	,7.386682
1384081998326	,5.192239
1384081998329	,3.084265
1384081998333	,4.5598702
1384081998336	,3.04902
1384081998341	,4.277431
1384081998344	,3.128327
1384081998349	,5.291441
1384081998352	,2.87032
1384081998357	,4.636904
1384081998360	,2.4700959
1384081998370	,9.912698
1384081998376	,6.4664598
1384081998401	,25.013592
1384081998408	,6.3044133
1384081998412	,4.050227
1384081998414	,2.285226
1384081998418	,3.81349
1384081998422	,3.650264
1384081998426	,3.871399
1384081998428	,2.3942041
1384081998433	,4.4747996
1384081998436	,2.923116
1384081998442	,6.357159
1384081998449	,6.597899
1384081998453	,3.989311
1384081998456	,3.072864
1384081998463	,7.2172613
1384081998471	,7.603642
1384081998475	,4.152709
1384081998478	,2.434642
1384081998487	,9.481596
1384081998492	,4.768534
1384081998506	,13.986323
1384081998515	,8.885782
1384081998519	,3.581086
1384081998523	,4.1405516
1384081998528	,4.8419456
1384081998531	,2.693703
1384081998535	,4.114422
1384081998539	,3.609797
1384081998544	,5.2072377
1384081998551	,7.119981
1384081998556	,4.5529256
1384081998559	,2.893021
1384081998564	,4.837068
1384081998568	,4.4270086
1384081998572	,4.274626
1384081998576	,3.225874
1384081998580	,4.583647
1384081998584	,3.547738
1384081998592	,7.940264
1384081998622	,30.385199
1384081998630	,7.29094
1384081998632	,2.485603
1384081998636	,3.4580839
1384081998638	,1.766152
1384081998641	,3.602629
1384081998644	,2.3411942
1384081998649	,4.775796
1384081998654	,5.2724457
1384081998660	,5.3914104
1384081998664	,4.544529
1384081998671	,6.565649
1384081998675	,3.88322
1384081998681	,6.35784
1384081998684	,2.488281
1384081998688	,4.345937
1384081998691	,2.45025
1384081998695	,3.810882
1384081998698	,2.8198578
1384081998702	,4.462543
1384081998706	,3.332764
1384081998710	,4.6817822
1384081998715	,4.558143
1384081998722	,6.712564
1384081998725	,3.26769
1384081998731	,5.345015
1384081998733	,2.8312309
1384081998738	,4.106577
1384081998741	,3.688698
1384081998746	,4.9428177
1384081998752	,5.463502
1384081998758	,5.8282433
1384081998762	,3.806335
1384081998766	,4.41368
1384081998769	,3.064981
1384081998774	,4.9921384
1384081998778	,3.744781
1384081998784	,5.288023
1384081998787	,3.5145879
1384081998792	,4.637064
1384081998807	,14.853043
1384081998843	,36.370235
1384081998859	,15.791665
1384081998865	,5.803686
1384081998867	,2.366564
1384081998872	,4.400682
1384081998874	,2.466878
1384081998878	,3.911956
1384081998881	,2.606297
1384081998885	,4.2435
1384081998888	,2.393996
1384081998891	,3.655604
1384081998894	,2.210206
1384081998898	,4.053186
1384081998900	,2.4890811
1384081998905	,4.6061068
1384081998908	,2.9527128
1384081998913	,4.8542747
1384081998916	,2.760622
1384081998924	,8.21578
1384081998927	,2.8437452
1384081998943	,15.701955
1384081998945	,2.477671
1384081998949	,3.72409
1384081998951	,1.7676331
1384081998955	,3.6406078
1384081998957	,2.475556
1384081998961	,3.4293492
1384081998962	,1.275986
1384081998965	,3.403976
1384081998968	,2.101387
1384081998971	,3.4842439
1384081998974	,3.192133
1384081998978	,3.640203
1384081998981	,2.283356
1384081998985	,4.728614
1384081998987	,1.998802
1384081998991	,3.796457
1384081998994	,2.427256
1384081998998	,4.551708
1384081999001	,2.382046
1384081999005	,3.740839
1384081999007	,2.286957
1384081999011	,3.9147391
1384081999013	,2.057438
1384081999017	,3.710093
1384081999019	,2.2139342
1384081999024	,5.059938
1384081999027	,2.48064
1384081999031	,3.98539
1384081999033	,2.143402
1384081999037	,4.267789
1384081999041	,3.294058
1384081999053	,11.840594
1384081999060	,7.516365
1384081999070	,9.451359
1384081999074	,3.589237
1384081999078	,4.141957
1384081999080	,2.347487
1384081999085	,4.2769427
1384081999087	,1.9596429
1384081999091	,4.7850733
1384081999095	,3.047803
1384081999098	,3.43224
1384081999100	,2.00284
1384081999104	,3.8382099
1384081999106	,2.254302
1384081999110	,3.953003
1384081999113	,2.4250062
1384081999117	,4.2256374
1384081999120	,2.457133
1384081999124	,4.065844
1384081999127	,3.245815
1384081999131	,4.15367
1384081999134	,2.1121259
1384081999138	,4.457014
1384081999141	,2.6818302
1384081999145	,4.264601
1384081999148	,2.791827
1384081999152	,4.1492796
1384081999155	,2.516119
1384081999160	,5.186794
1384081999166	,5.69444
1384081999178	,11.905996
1384081999190	,11.678676
1384081999193	,3.879513
1384081999195	,1.752993
1384081999199	,3.791093
1384081999202	,2.610089
1384081999206	,3.6686862
1384081999209	,3.133987
1384081999213	,3.72876
1384081999215	,2.320427
1384081999219	,3.621268
1384081999221	,2.0555391
1384081999226	,5.010257
1384081999228	,2.067394
1384081999233	,4.4600353
1384081999235	,2.50367
1384081999239	,3.803074
1384081999244	,4.427647
1384081999248	,4.504338
1384081999251	,2.6522791
1384081999255	,3.8159919
1384081999257	,2.308272
1384081999262	,5.231636
1384081999265	,2.6288521
1384081999276	,11.264368
1384081999287	,10.09044
1384081999294	,7.6944857
1384081999298	,3.618581
1384081999302	,4.264225
1384081999305	,2.292414
1384081999308	,3.3131201
1384081999310	,1.687802
1384081999314	,3.86546
1384081999316	,1.748569
1384081999319	,3.79462
1384081999321	,1.7430501
1384081999325	,3.475459
1384081999328	,3.00068
1384081999332	,3.75452
1384081999334	,2.384007
1384081999338	,3.98365
1384081999340	,1.9038321
1384081999345	,4.401523
1384081999347	,2.3580449
1384081999351	,3.859167
1384081999353	,2.169341
1384081999357	,3.4162152
1384081999359	,2.240938
1384081999364	,4.525468
1384081999365	,1.633779
1384081999369	,3.912707
1384081999372	,2.387236
1384081999376	,3.831017
1384081999378	,2.153029
1384081999382	,4.153247
1384081999384	,2.385306
1384081999389	,4.266484
1384081999391	,2.082133
1384081999395	,4.1077223
1384081999397	,1.617638
1384081999402	,5.225246
1384081999405	,3.1154099
1384081999410	,4.26681
1384081999412	,2.686454
1384081999416	,3.471804
1384081999418	,2.092556
1384081999422	,3.589289
1384081999424	,2.096266
1384081999430	,5.6238637
1384081999433	,2.911994
1384081999436	,3.56905
1384081999439	,2.248442
1384081999443	,3.984264
1384081999445	,2.2559419
1384081999449	,3.9442701
1384081999452	,2.8908799
1384081999457	,4.8407598
1384081999459	,2.2500339
1384081999464	,4.54044
1384081999467	,3.151649
1384081999471	,3.789075
1384081999473	,1.872901
1384081999476	,3.4774232
1384081999478	,1.994949
1384081999483	,4.1053443
1384081999485	,2.5499609
1384081999537	,51.96817
1384081999593	,56.123028
1384081999598	,4.852684
1384081999600	,1.684026
1384081999604	,4.258794
1384081999609	,4.136184
1384081999612	,3.3836231
1384081999614	,1.996353
1384081999618	,3.8006341
1384081999620	,1.627645
1384081999623	,3.459033
1384081999625	,1.690796
1384081999629	,3.691976
1384081999631	,1.8303261
1384081999635	,3.986269
1384081999638	,3.413821
1384081999642	,3.7591321
1384081999644	,1.647506
1384081999648	,4.2423263
1384081999650	,2.289953
1384081999656	,5.401609
1384081999658	,1.8930191
1384081999662	,4.059208
1384081999665	,2.69082
1384081999668	,3.521123
1384081999675	,6.494464
1384081999680	,4.54232
1384081999682	,2.217002
1384081999685	,3.434896
1384081999687	,1.442585
1384081999691	,3.9410381
1384081999694	,1.949342
1384081999696	,2.455769
1384081999698	,1.70819
1384081999702	,3.726655
1384081999704	,2.002197
1384081999708	,3.812227
1384081999710	,2.203657
1384081999714	,3.944967
1384081999717	,2.427796
1384081999721	,4.076963
1384081999723	,2.245847
1384081999727	,4.060007
1384081999730	,2.230402
1384081999734	,4.133896
1384081999736	,2.336297
1384081999741	,4.7736907
1384081999744	,2.446636
1384081999748	,4.0987597
1384081999754	,6.231555
1384081999762	,7.502501
1384081999767	,5.260908
1384081999783	,15.811109
1384081999788	,5.078371
1384081999792	,3.620892
1384081999794	,2.030193
1384081999798	,4.1703
1384081999801	,2.4527118
1384081999804	,3.80286
1384081999807	,2.4569561
1384081999811	,4.102374
1384081999813	,1.913722
1384081999817	,4.226987
1384081999820	,2.070179
1384081999823	,3.5500429
1384081999827	,3.28811
1384081999831	,4.191546
1384081999833	,2.27106
1384081999837	,3.674221
1384081999841	,4.003989
1384081999846	,4.706725
1384081999849	,3.134923
1384081999854	,4.741405
1384081999857	,2.736927
1384081999860	,3.504257
1384081999862	,1.9882929
1384081999866	,3.458589
1384081999868	,1.9685789
1384081999871	,3.615327
1384081999875	,3.2049909
1384081999878	,3.510969
1384081999882	,3.962647
1384081999887	,4.426048
1384081999890	,2.6739619
1384081999894	,4.2240267
1384081999906	,11.785659
1384081999913	,7.014546
1384081999915	,2.3738549
1384081999920	,4.853588
1384081999922	,1.849639
1384081999926	,3.494109
1384081999928	,1.804533
1384081999933	,5.327758
1384081999936	,2.564477
1384081999940	,3.943547
1384081999943	,2.8714771
1384081999947	,3.922263
1384081999949	,2.224333
1384081999953	,4.028553
1384081999956	,2.655557
1384081999960	,4.4675612
1384081999963	,2.737746
1384081999967	,4.182859
1384081999970	,2.6167161
1384081999974	,4.419778
1384081999977	,2.148743
1384081999983	,6.103078
1384081999988	,5.219195
1384082000004	,15.609527
1384082000009	,5.561342
1384082000014	,4.962729
1384082000016	,1.556096
1384082000020	,4.1301003
1384082000022	,1.436834
1384082000025	,3.2251031
1384082000027	,1.51688
1384082000031	,3.799346
1384082000033	,1.896656
1384082000037	,4.191387
1384082000039	,2.138091
1384082000044	,5.241877
1384082000046	,1.956236
1384082000050	,3.793213
1384082000052	,2.184129
1384082000057	,4.8750973
1384082000060	,2.5367548
1384082000064	,4.3968577
1384082000067	,2.0679529
1384082000072	,4.924048
1384082000073	,1.514199
1384082000077	,3.293946
1384082000078	,1.7964399
1384082000082	,3.360972
1384082000084	,1.9271259
1384082000087	,3.4435601
1384082000090	,2.593352
1384082000093	,3.307949
1384082000095	,1.6687801
1384082000099	,3.3821359
1384082000100	,1.519059
1384082000104	,3.3368158
1384082000106	,2.033446
1384082000110	,3.8506942
1384082000112	,2.2283459
1384082000116	,3.814137
1384082000118	,2.4292471
1384082000123	,4.158936
1384082000125	,2.24109
1384082000129	,4.03394
1384082000131	,2.1761398
1384082000135	,3.931186
1384082000138	,2.2977328
1384082000142	,4.424923
1384082000145	,2.638696
1384082000149	,4.097583
1384082000151	,2.44203
1384082000156	,4.1359773
1384082000158	,2.71666
1384082000163	,4.21382
1384082000166	,2.778013
1384082000169	,3.606076
1384082000172	,2.285327
1384082000179	,7.293034
1384082000181	,2.1296399
1384082000186	,5.021371
1384082000191	,4.522184
1384082000195	,4.0479317
1384082000198	,2.795023
1384082000205	,7.265355
1384082000209	,3.462728
1384082000218	,9.212098
1384082000243	,25.093048
1384082000248	,4.890206
1384082000250	,1.905128
1384082000254	,3.870002
1384082000256	,1.81914
1384082000259	,3.273494
1384082000262	,2.935617
1384082000266	,3.8614528
1384082000268	,2.1328459
1384082000273	,4.04399
1384082000275	,2.7221541
1384082000279	,3.679915
1384082000281	,2.1107118
1384082000285	,3.746701
1384082000288	,3.166537
1384082000294	,5.5622587
1384082000296	,2.367568
1384082000300	,3.534229
1384082000302	,1.858046
1384082000305	,3.24822
1384082000307	,2.099106
1384082000311	,3.8063998
1384082000313	,1.9785129
1384082000317	,3.875104
1384082000320	,2.25635
1384082000323	,3.557077
1384082000325	,1.802668
1384082000329	,3.634286
1384082000331	,1.933656
1384082000335	,3.763509
1384082000337	,2.2478492
1384082000341	,3.939331
1384082000344	,2.529791
1384082000348	,4.058927
1384082000350	,2.257303
1384082000354	,3.757167
1384082000356	,2.106813
1384082000360	,3.585053
1384082000362	,2.55632
1384082000367	,4.460177
1384082000370	,3.274904
1384082000374	,3.911009
1384082000377	,2.404784
1384082000383	,5.91899
1384082000385	,2.55792
1384082000390	,4.6933303
1384082000393	,2.48643
1384082000396	,3.2954562
1384082000398	,1.685823
1384082000402	,4.06024
1384082000405	,2.746187
1384082000410	,4.7310143
1384082000414	,4.788579
1384082000419	,4.90505
1384082000425	,5.2625217
1384082000429	,4.538571
1384082000431	,1.381181
1384082000434	,3.689466
1384082000437	,1.960992
1384082000440	,3.2221632
1384082000441	,1.447619
1384082000445	,3.478837
1384082000447	,1.819242
1384082000451	,3.971953
1384082000453	,1.725042
1384082000456	,3.4214952
1384082000458	,1.548026
1384082000462	,3.880483
1384082000464	,1.906953
1384082000468	,4.0362873
1384082000469	,1.69043
1384082000474	,4.0735173
1384082000475	,1.611079
1384082000478	,2.379044
1384082000481	,2.689545
1384082000484	,2.986061
1384082000486	,2.7415109
1384082000489	,2.677024
1384082000493	,3.572192
1384082000496	,3.1631322
1384082000499	,3.279479
1384082000502	,2.9254742
1384082000505	,2.949459
1384082000508	,2.259403
1384082000513	,5.384353
1384082000516	,2.978905
1384082000519	,2.9660249
1384082000522	,2.585047
1384082000525	,2.916624
1384082000528	,2.902198
1384082000531	,2.8325438
1384082000533	,2.560057
1384082000537	,3.370922
1384082000540	,3.154061
1384082000543	,2.8463578
1384082000550	,6.66857
1384082000556	,6.428501
1384082000567	,10.495256
1384082000570	,3.321839
1384082000572	,2.4784641
1384082000576	,2.9819589
1384082000578	,2.896791
1384082000583	,4.173083
1384082000586	,3.3827171
1384082000592	,5.314853
1384082000598	,6.243916
1384082000601	,3.2500892
1384082000605	,3.893311
1384082000608	,2.816114
1384082000611	,3.088372
1384082000614	,3.155942
1384082000618	,3.245855
1384082000628	,10.491837
1384082000632	,3.790921
1384082000640	,7.578385
1384082000645	,5.669703
1384082000649	,3.283832
1384082000652	,2.906462
1384082000655	,2.9206412
1384082000658	,3.2952971
1384082000661	,2.58547
1384082000663	,2.477459
1384082000666	,2.7238579
1384082000670	,3.465279
1384082000672	,2.727727
1384082000676	,3.6756709
1384082000679	,2.973115
1384082000682	,2.446565
1384082000685	,3.2630148
1384082000688	,2.9818978
1384082000691	,3.114712
1384082000694	,2.840304
1384082000697	,2.769271
1384082000700	,3.181935
1384082000704	,3.857846
1384082000707	,2.704275
1384082000710	,2.9825702
1384082000713	,2.771907
1384082000716	,2.755822
1384082000718	,2.677167
1384082000721	,2.642439
1384082000724	,2.629741
1384082000727	,2.948141
1384082000730	,2.851492
1384082000733	,3.514742
1384082000736	,2.927464
1384082000739	,3.025912
1384082000742	,2.783447
1384082000745	,3.118666
1384082000748	,3.0294771
1384082000752	,3.2295792
1384082000755	,3.1334121
1384082000758	,3.4244509
1384082000762	,3.302614
1384082000766	,4.570697
1384082000769	,2.932608
1384082000772	,2.690884
1384082000776	,3.582323
1384082000780	,3.638632
1384082000783	,3.543642
1384082000786	,2.680691
1384082000791	,4.79037
1384082000794	,3.722361
1384082000797	,2.747467
1384082000801	,3.943781
1384082000805	,3.137695
1384082000809	,3.96589
1384082000812	,3.8280778
1384082000817	,4.7698703
1384082000820	,2.9470239
1384082000824	,4.097247
1384082000827	,2.764271
1384082000831	,3.769812
1384082000834	,3.039502
1384082000837	,2.842625
1384082000840	,2.8529751
1384082000844	,4.3179827
1384082000849	,4.484896
1384082000852	,3.3737519
1384082000856	,3.331881
1384082000859	,2.680348
1384082000862	,2.9310338
1384082000868	,6.85048
1384082000885	,16.384623
1384082000890	,4.860625
1384082000895	,4.7674046
1384082000898	,2.967266
1384082000901	,2.951845
1384082000904	,3.184778
1384082000907	,3.431215
1384082000911	,3.2470548
1384082000914	,3.102521
1384082000917	,2.9765
1384082000920	,2.6337562
1384082000923	,3.017097
1384082000925	,2.597995
1384082000928	,2.809645
1384082000931	,2.639669
1384082000935	,3.451104
1384082000938	,3.2544188
1384082000942	,3.596518
1384082000945	,3.167755
1384082000948	,3.246871
1384082000953	,4.446493
1384082000956	,3.446159
1384082000960	,3.4563181
1384082000963	,3.6731832
1384082000967	,3.194884
1384082000970	,3.8150501
1384082000974	,3.059714
1384082000977	,3.133439
1384082000980	,2.8245978
1384082000983	,3.607025
1384082000989	,5.381273
1384082000994	,5.2746267
1384082001000	,5.601634
1384082001004	,3.7366722
1384082001008	,4.2176557
1384082001011	,3.031569
1384082001014	,3.288951
1384082001018	,3.1545682
1384082001021	,3.478974
1384082001024	,2.9777792
1384082001028	,3.949147
1384082001032	,3.478442
1384082001035	,3.236409
1384082001039	,3.728868
1384082001042	,3.087708
1384082001045	,3.344667
1384082001049	,3.83852
1384082001054	,4.64948
1384082001063	,9.292588
1384082001066	,2.717655
1384082001069	,2.6310682
1384082001072	,2.66692
1384082001074	,2.432324
1384082001077	,2.840208
1384082001082	,5.04708
1384082001085	,3.175601
1384082001088	,2.625918
1384082001091	,2.719913
1384082001094	,3.256175
1384082001097	,3.1272871
1384082001100	,2.895726
1384082001103	,2.691534
1384082001106	,2.863762
1384082001109	,3.143897
1384082001112	,3.207309
1384082001115	,3.0291111
1384082001118	,2.865849
1384082001121	,3.010628
1384082001125	,3.0502748
1384082001128	,3.783439
1384082001131	,2.909051
1384082001134	,2.522394
1384082001137	,2.657898
1384082001139	,2.6342452
1384082001143	,3.67433
1384082001146	,3.269694
1384082001150	,3.1700249
1384082001153	,3.293805
1384082001156	,2.918853
1384082001159	,2.8888998
1384082001162	,3.3198922
1384082001166	,3.140867
1384082001168	,2.89394
1384082001172	,3.1801121
1384082001175	,3.092652
1384082001178	,2.6617
1384082001181	,3.1904562
1384082001184	,2.736847
1384082001190	,6.164612
1384082001213	,23.199753
1384082001218	,4.759018
1384082001229	,10.419712
1384082001231	,2.397954
1384082001234	,2.734585
1384082001239	,5.014711
1384082001242	,3.076957
1384082001246	,3.543596
1384082001249	,3.305701
1384082001253	,3.7655401
1384082001258	,5.165872
1384082001265	,6.7168703
1384082001273	,8.556345
1384082001279	,5.218016
1384082001282	,3.467733
1384082001286	,3.7166722
1384082001289	,2.7780669
1384082001292	,2.734639
1384082001295	,2.8703148
1384082001299	,4.610372
1384082001302	,3.0841842
1384082001305	,2.7873778
1384082001308	,2.5302901
1384082001310	,2.5674179
1384082001313	,2.797261
1384082001317	,3.6266298
1384082001320	,2.9960802
1384082001323	,2.909369
1384082001326	,2.7833269
1384082001329	,3.1366131
1384082001332	,2.488393
1384082001334	,2.7187781
1384082001337	,2.648613
1384082001340	,2.5847409
1384082001343	,2.8077872
1384082001346	,2.86991
1384082001348	,2.818603
1384082001352	,3.533724
1384082001355	,2.8670878
1384082001358	,3.120989
1384082001361	,3.038801
1384082001364	,3.070545
1384082001368	,3.194925
1384082001371	,2.793302
1384082001374	,3.726075
1384082001377	,2.961752
1384082001380	,2.995848
1384082001385	,4.123723
1384082001387	,2.516344
1384082001390	,3.0529318
1384082001393	,2.9357781
1384082001396	,2.5137591
1384082001399	,3.2075038
1384082001402	,3.270653
1384082001406	,3.221617
1384082001416	,9.722664
1384082001424	,8.201608
1384082001431	,7.2335067
1384082001434	,3.064956
1384082001437	,2.513304
1384082001439	,2.356293
1384082001442	,2.379344
1384082001445	,2.949708
1384082001448	,2.910445
1384082001450	,2.752665
1384082001454	,3.1318421
1384082001457	,2.872151
1384082001460	,3.0615711
1384082001463	,3.008071
1384082001465	,2.3871212
1384082001469	,3.380743
1384082001472	,3.7573068
1384082001481	,8.048098
1384082001485	,4.804604
1384082001492	,6.6580095
1384082001495	,2.910903
1384082001498	,2.4392772
1384082001500	,2.7374551
1384082001503	,2.61309
1384082001506	,2.6572618
1384082001509	,2.738506
1384082001511	,2.569989
1384082001514	,2.8591201
1384082001518	,3.298176
1384082001521	,3.317811
1384082001524	,3.033142
1384082001527	,3.250998
1384082001539	,11.333711
1384082001547	,8.269495
1384082001550	,2.655518
1384082001553	,2.64329
1384082001555	,2.580075
1384082001558	,2.66203
1384082001560	,2.4643111
1384082001563	,2.422064
1384082001566	,3.373355
1384082001569	,2.8358898
1384082001572	,2.813855
1384082001575	,2.625677
1384082001578	,3.5203521
1384082001581	,2.389739
1384082001584	,2.822976
1384082001587	,3.5499098
1384082001591	,3.373048
1384082001594	,3.362541
1384082001597	,3.048438
1384082001600	,2.682533
1384082001603	,3.0103788
1384082001606	,2.968876
1384082001609	,2.859466
1384082001615	,5.3660927
1384082001619	,4.27735
1384082001624	,4.9524074
1384082001630	,5.874596
1384082001638	,7.974506
1384082001645	,7.272743
1384082001648	,2.70697
1384082001653	,4.9878254
1384082001657	,3.5664408
1384082001659	,2.763618
1384082001662	,2.7570682
1384082001666	,3.463922
1384082001669	,2.9427972
1384082001672	,3.428012
1384082001676	,3.332557
1384082001678	,2.579292
1384082001683	,4.307912
1384082001697	,14.699945
1384082001701	,3.025379
1384082001704	,3.713427
1384082001707	,2.504024
1384082001709	,2.437595
1384082001712	,2.324032
1384082001714	,2.556238
1384082001717	,2.5629752
1384082001720	,2.577646
1384082001722	,2.662728
1384082001725	,2.443506
1384082001728	,3.348744
1384082001731	,2.960969
1384082001734	,2.79666
1384082001738	,3.912273
1384082001743	,5.1631174
1384082001747	,3.266185
1384082001750	,3.4756608
1384082001753	,2.861394
1384082001756	,2.798691
1384082001759	,3.0898702
1384082001763	,3.259968
1384082001766	,3.818382
1384082001770	,3.9120162
1384082001774	,3.425858
1384082001777	,3.256987
1384082001781	,3.494452
1384082001784	,2.834898
1384082001787	,3.026258
1384082001790	,3.307687
1384082001793	,3.2469919
1384082001797	,3.959757
1384082001800	,2.980032
1384082001804	,2.997678
1384082001806	,2.734542
1384082001809	,2.7743568
1384082001813	,3.3451521
1384082001816	,3.733715
1384082001819	,2.610051
1384082001822	,3.179507
1384082001826	,3.170028
1384082001831	,5.174867
1384082001836	,4.981179
1384082001841	,5.333734
1384082001856	,15.017479
1384082001868	,11.531554
1384082001879	,11.040667
1384082001883	,3.755807
1384082001886	,3.008143
1384082001889	,2.715172
1384082001892	,3.2864318
1384082001895	,3.14031
1384082001902	,6.6353407
1384082001911	,9.029971
1384082001915	,3.644003
1384082001918	,2.898671
1384082001920	,2.50728
1384082001923	,2.701859
1384082001926	,2.5826669
1384082001928	,2.679455
1384082001939	,10.507056
1384082001942	,2.705539
1384082001944	,2.657645
1384082001948	,3.7049809
1384082001951	,2.573071
1384082001953	,2.676036
1384082001956	,2.740385
1384082001959	,2.677218
1384082001962	,2.727117
1384082001965	,2.846214
1384082001967	,2.8186078
1384082001971	,3.153733
1384082001974	,3.485507
1384082001977	,2.588602
1384082001980	,3.0845048
1384082001983	,3.320727
1384082001987	,3.151716
1384082001990	,3.166968
1384082001993	,3.373889
1384082001996	,2.960881
1384082001999	,3.028555
1384082002003	,3.488847
1384082002007	,4.529661
1384082002010	,2.950729
1384082002014	,3.482845
1384082002017	,3.001936
1384082002020	,3.136334
1384082002023	,2.566218
1384082002026	,2.6718998
1384082002029	,3.0269918
1384082002033	,4.025651
1384082002037	,3.856318
1384082002041	,4.395755
1384082002047	,5.566735
1384082002052	,4.742307
1384082002055	,2.91251
1384082002060	,4.475868
1384082002063	,3.454349
1384082002067	,3.289207
1384082002070	,3.6423101
1384082002074	,3.429051
1384082002080	,6.4773884
1384082002083	,3.050267
1384082002089	,5.171775
1384082002092	,3.177618
1384082002095	,3.225882
1384082002099	,3.4215372
1384082002102	,3.028272
1384082002105	,3.4127061
1384082002111	,5.786682
1384082002116	,4.79352
1384082002121	,5.101884
1384082002124	,2.62276
1384082002127	,2.8346488
1384082002129	,2.5851579
1384082002132	,2.979882
1384082002136	,3.883012
1384082002140	,3.256884
1384082002143	,2.939463
1384082002145	,2.4796722
1384082002148	,3.2317839
1384082002152	,3.181207
1384082002155	,3.067861
1384082002158	,2.693988
1384082002161	,3.131123
1384082002164	,2.9428701
1384082002166	,2.53266
1384082002172	,5.197573
1384082002175	,3.4812338
1384082002182	,6.572443
1384082002190	,7.7658463
1384082002195	,5.5380497
1384082002198	,2.429271
1384082002200	,2.355104
1384082002203	,2.839294
1384082002206	,3.0385659
1384082002209	,2.946736
1384082002212	,2.4643679
1384082002215	,3.3627982
1384082002218	,2.678578
1384082002222	,4.493182
1384082002225	,2.719989
1384082002228	,2.8712971
1384082002231	,2.348135
1384082002233	,2.798357
1384082002237	,3.9139838
1384082002241	,3.411694
1384082002244	,2.8733091
1384082002249	,5.430136
1384082002254	,4.7526374
1384082002257	,2.937574
1384082002260	,2.787789
1384082002264	,3.829749
1384082002269	,4.745424
1384082002273	,3.714994
1384082002276	,2.99891
1384082002279	,2.8945658
1384082002282	,3.046633
1384082002285	,3.426237
1384082002290	,4.578384
1384082002295	,4.911179
1384082002298	,3.1694121
1384082002301	,3.0606298
1384082002304	,2.427909
1384082002306	,2.5489862
1384082002309	,2.66775
1384082002313	,4.482345
1384082002318	,4.1629343
1384082002324	,6.5641108
1384082002328	,3.896398
1384082002331	,2.655015
1384082002334	,2.9006188
1384082002338	,4.198998
1384082002341	,2.996792
1384082002344	,2.979371
1384082002348	,3.395419
1384082002351	,2.851269
1384082002354	,2.8324952
1384082002358	,4.005623
1384082002362	,3.820055
1384082002365	,3.503682
1384082002368	,3.210042
1384082002371	,2.961576
1384082002374	,2.846179
1384082002377	,2.85408
1384082002380	,2.7686622
1384082002384	,3.735892
1384082002387	,3.314462
1384082002390	,3.001817
1384082002393	,3.149567
1384082002396	,2.909097
1384082002400	,2.988589
1384082002402	,2.734173
1384082002406	,3.297823
1384082002409	,3.027069
1384082002411	,2.63728
1384082002414	,2.594146
1384082002418	,3.399987
1384082002420	,2.6740959
1384082002426	,5.220045
1384082002429	,2.9262571
1384082002431	,2.401002
1384082002434	,2.681745
1384082002436	,2.564177
1384082002441	,4.337788
1384082002445	,3.923887
1384082002448	,2.9975162
1384082002454	,5.928709
1384082002459	,5.1434417
1384082002462	,2.670948
1384082002465	,2.816376
1384082002468	,3.216437
1384082002473	,4.6787863
1384082002477	,3.809447
1384082002480	,3.06625
1384082002483	,3.014376
1384082002486	,2.712438
1384082002489	,3.779615
1384082002497	,8.025201
