1384082310355	,16.657614
1384082310364	,8.900742
1384082310377	,12.810313
1384082310391	,13.474382
1384082310398	,7.2612357
1384082310405	,7.1407337
1384082310417	,11.83613
1384082310428	,10.412091
1384082310435	,7.216669
1384082310441	,6.308643
1384082310448	,6.414734
1384082310456	,8.596647
1384082310466	,9.807904
1384082310474	,7.6094084
1384082310486	,11.688398
1384082310493	,7.016813
1384082310502	,9.061022
1384082310513	,11.39165
1384082310521	,7.611361
1384082310528	,6.7159333
1384082310535	,7.721893
1384082310543	,7.373717
1384082310557	,13.894384
1384082310567	,10.348799
1384082310577	,9.911701
1384082310589	,11.657361
1384082310600	,10.649154
1384082310609	,9.694111
1384082310617	,7.70215
1384082310625	,7.342368
1384082310635	,10.192153
1384082310643	,8.405976
1384082310650	,6.915622
1384082310658	,7.9236097
1384082310668	,9.155656
1384082310675	,7.9176583
1384082310683	,7.481837
1384082310691	,8.188878
1384082310699	,7.386649
1384082310707	,8.058458
1384082310716	,9.284733
1384082310723	,6.979732
1384082310733	,9.394422
1384082310742	,8.767108
1384082310748	,6.724875
1384082310757	,8.359634
1384082310764	,6.9968
1384082310772	,8.61251
1384082310784	,11.104402
1384082310791	,7.230309
1384082310804	,13.047164
1384082310812	,7.472673
1384082310819	,7.629589
1384082310828	,8.831266
1384082310836	,7.589373
1384082310842	,6.674821
1384082310850	,7.390203
1384082310857	,7.059619
1384082310864	,7.191146
1384082310872	,7.691186
1384082310879	,6.855793
1384082310887	,7.614853
1384082310896	,9.742792
1384082310905	,8.104395
1384082310913	,7.98448
1384082310921	,8.694619
1384082310929	,7.3703923
1384082310936	,6.8810573
1384082310945	,9.585247
1384082310955	,9.942392
1384082310966	,10.112777
1384082310974	,8.280772
1384082310981	,7.327738
1384082310990	,8.700994
1384082310997	,6.9916277
1384082311009	,12.06994
1384082311020	,10.798307
1384082311029	,8.476573
1384082311036	,6.982668
1384082311044	,8.063748
1384082311051	,7.321746
1384082311058	,7.03294
1384082311067	,8.570606
1384082311075	,8.513743
1384082311083	,6.976299
1384082311090	,7.763485
1384082311101	,10.429199
1384082311109	,8.628773
1384082311117	,7.2511573
1384082311126	,8.85709
1384082311133	,6.956358
1384082311140	,7.221951
1384082311148	,7.7187433
1384082311158	,10.588035
1384082311166	,7.7350307
1384082311174	,8.037252
1384082311181	,6.478404
1384082311191	,10.095147
1384082311200	,8.751629
1384082311210	,10.080689
1384082311219	,9.029308
1384082311226	,7.009305
1384082311234	,8.196339
1384082311241	,6.679259
1384082311249	,8.196637
1384082311258	,8.4934225
1384082311265	,6.7127976
1384082311273	,8.014299
1384082311280	,7.631368
1384082311288	,7.7050047
1384082311296	,7.5553694
1384082311303	,7.170122
1384082311312	,8.925947
1384082311320	,7.524065
1384082311328	,8.303992
1384082311335	,7.2318873
1384082311343	,7.6687107
1384082311352	,8.599468
1384082311362	,10.017608
1384082311368	,6.450158
1384082311375	,7.222943
1384082311385	,9.134095
1384082311392	,7.10722
1384082311399	,7.273168
1384082311409	,9.314203
1384082311419	,10.6821575
1384082311426	,7.153543
1384082311438	,11.268883
1384082311444	,6.299577
1384082311451	,6.936154
1384082311458	,6.691363
1384082311464	,6.254548
1384082311471	,6.3460803
1384082311480	,9.758406
1384082311488	,7.050126
1384082311495	,7.574668
1384082311503	,7.55452
1384082311512	,9.239526
1384082311519	,7.060144
1384082311526	,6.7857757
1384082311535	,9.273793
1384082311542	,6.504371
1384082311550	,8.1803
1384082311565	,15.279857
1384082311575	,9.648767
1384082311584	,9.134209
1384082311593	,8.903298
1384082311603	,9.35313
1384082311610	,7.4045563
1384082311620	,9.826719
1384082311628	,7.480773
1384082311635	,7.75655
1384082311643	,7.1229563
1384082311650	,6.9961348
1384082311658	,8.183399
1384082311665	,6.7966537
1384082311672	,7.10944
1384082311682	,10.425668
1384082311690	,7.996881
1384082311698	,7.81627
1384082311705	,6.8941927
1384082311712	,6.822147
1384082311721	,8.900698
1384082311727	,6.2729692
1384082311735	,7.780605
1384082311743	,7.3506956
1384082311751	,7.803646
1384082311764	,13.061337
1384082311778	,13.819683
1384082311787	,9.222377
1384082311801	,14.142472
1384082311809	,7.5934
1384082311820	,11.613697
1384082311835	,14.307783
1384082311845	,9.798418
1384082311851	,6.7098207
1384082311858	,6.543399
1384082311868	,9.58935
1384082311875	,7.33284
1384082311883	,7.554346
1384082311890	,6.989791
1384082311899	,9.033022
1384082311906	,7.3952937
1384082311914	,7.442544
1384082311924	,10.524569
1384082311931	,6.675129
1384082311938	,7.06583
1384082311946	,7.894832
1384082311953	,6.952028
1384082311961	,8.32824
1384082311969	,7.357504
1384082311979	,10.372753
1384082311987	,7.4392366
1384082311995	,8.534347
1384082312005	,9.709374
1384082312013	,8.047385
1384082312020	,6.958474
1384082312038	,17.218557
1384082312045	,7.029943
1384082312052	,7.4424553
1384082312059	,7.199274
1384082312066	,6.882436
1384082312074	,7.7538548
1384082312083	,8.549109
1384082312091	,7.658679
1384082312099	,8.757218
1384082312107	,7.222046
1384082312113	,6.5397263
1384082312120	,6.661096
1384082312129	,9.351613
1384082312139	,9.7713175
1384082312146	,6.870994
1384082312157	,10.550824
1384082312164	,7.457098
1384082312176	,11.401082
1384082312185	,9.45812
1384082312193	,7.4357347
1384082312207	,13.855196
1384082312215	,8.66212
1384082312222	,6.5634704
1384082312229	,7.1958523
1384082312245	,15.546338
1384082312252	,7.3204713
1384082312259	,7.181891
1384082312268	,8.894101
1384082312276	,7.660511
1384082312285	,8.366366
1384082312292	,7.848125
1384082312304	,11.617501
1384082312311	,7.2822413
1384082312318	,6.8531804
1384082312327	,8.269983
1384082312337	,10.081974
1384082312344	,6.736064
1384082312351	,6.952736
1384082312361	,9.774249
1384082312368	,7.27486
1384082312378	,10.173221
1384082312385	,7.178354
1384082312393	,7.397273
1384082312400	,6.7571783
1384082312411	,11.721403
1384082312419	,8.019214
1384082312426	,6.38515
1384082312437	,11.490325
1384082312448	,10.404816
1384082312454	,6.4878674
1384082312461	,6.77167
1384082312468	,6.683487
1384082312475	,6.992146
1384082312485	,9.587718
1384082312492	,7.629842
1384082312499	,7.003849
1384082312507	,7.7458262
1384082312515	,7.35378
1384082312521	,6.711064
1384082312530	,8.454859
1384082312537	,6.9305925
1384082312546	,8.850958
1384082312553	,6.650733
1384082312563	,10.610424
1384082312570	,6.8646336
1384082312579	,8.859987
1384082312587	,7.5948176
1384082312595	,7.790975
1384082312602	,7.486913
1384082312614	,12.085849
1384082312622	,7.436478
1384082312629	,7.066947
1384082312636	,6.642933
1384082312646	,10.432589
1384082312653	,6.7172213
1384082312660	,7.404291
1384082312667	,7.004564
1384082312675	,7.2279973
1384082312682	,7.15838
1384082312690	,7.872482
1384082312697	,7.477858
1384082312705	,7.382476
1384082312720	,14.94822
1384082312726	,6.7231536
1384082312736	,8.379186
1384082312745	,9.274544
1384082312753	,8.2531185
1384082312762	,8.383698
1384082312770	,8.304507
1384082312778	,7.379817
1384082312791	,13.048798
1384082312798	,6.808149
1384082312805	,7.386519
1384082312818	,12.728991
1384082312830	,12.244063
1384082312838	,7.551363
1384082312846	,8.028663
1384082312854	,8.249558
1384082312861	,6.712442
1384082312868	,6.986682
1384082312875	,7.179018
1384082312884	,8.57853
1384082312892	,7.762608
1384082312899	,6.962807
1384082312906	,7.036087
1384082312913	,7.661988
1384082312925	,11.029953
1384082312933	,8.723527
1384082312940	,7.095401
1384082312949	,8.359591
1384082312956	,7.408637
1384082312963	,6.8647747
1384082312971	,8.078504
1384082312980	,8.190551
1384082312990	,10.551152
1384082312998	,7.40633
1384082313005	,7.39614
1384082313014	,8.284605
1384082313023	,9.040757
1384082313030	,7.548491
1384082313038	,7.607986
1384082313048	,9.737793
1384082313057	,9.309037
1384082313065	,8.194895
1384082313073	,8.083116
1384082313081	,7.216388
1384082313089	,8.309389
1384082313098	,9.373892
1384082313105	,6.6327386
1384082313114	,8.3491955
1384082313123	,9.052328
1384082313134	,10.762244
1384082313141	,7.779756
1384082313149	,8.068944
1384082313158	,8.106747
1384082313167	,9.409812
1384082313178	,11.022532
1384082313190	,12.08708
1384082313198	,7.265387
1384082313205	,7.20012
1384082313213	,7.9522624
1384082313225	,12.3740225
1384082313235	,9.81392
1384082313244	,8.365437
1384082313254	,10.619503
1384082313262	,7.9912643
1384082313272	,10.067099
1384082313280	,7.286976
1384082313287	,7.116704
1384082313294	,7.202331
1384082313301	,7.2276583
1384082313309	,7.775663
1384082313317	,7.347721
1384082313325	,8.665286
1384082313333	,7.787392
1384082313341	,7.571855
1384082313348	,7.225395
1384082313356	,7.938338
1384082313366	,10.052509
1384082313374	,8.068554
1384082313384	,9.068559
1384082313393	,9.890102
1384082313403	,9.677995
1384082313411	,7.275006
1384082313420	,9.771239
1384082313429	,8.937022
1384082313441	,11.834124
1384082313449	,8.118426
1384082313458	,8.554603
1384082313466	,7.429885
1384082313475	,9.305607
1384082313482	,7.494728
1384082313490	,7.283774
1384082313499	,9.1281
1384082313506	,6.626216
1384082313513	,7.370163
1384082313520	,6.8592863
1384082313531	,10.5443735
1384082313540	,9.616863
1384082313548	,7.284003
1384082313556	,8.013353
1384082313563	,7.1952853
1384082313574	,11.440831
1384082313582	,7.500742
1384082313591	,8.974261
1384082313599	,7.9460096
1384082313606	,6.932582
1384082313614	,8.178333
1384082313622	,8.120953
1384082313631	,8.315973
1384082313638	,7.586446
1384082313655	,16.515112
1384082313665	,10.351442
1384082313674	,8.533078
1384082313683	,9.094379
1384082313690	,6.7887797
1384082313698	,7.60944
1384082313707	,9.166255
1384082313714	,7.161041
1384082313722	,7.749708
1384082313730	,7.8378778
1384082313737	,6.867963
1384082313747	,10.304148
1384082313755	,7.94376
1384082313762	,6.7709856
1384082313769	,7.13904
1384082313781	,11.512648
1384082313790	,9.422599
1384082313803	,13.144125
1384082313811	,7.404789
1384082313818	,6.982068
1384082313829	,10.909835
1384082313839	,9.843472
1384082313849	,9.977897
1384082313857	,7.884105
1384082313867	,9.889534
1384082313874	,7.17746
1384082313881	,6.948632
1384082313889	,8.079162
1384082313897	,7.9817967
1384082313905	,7.913352
1384082313912	,7.311428
1384082313921	,8.867901
1384082313929	,7.72748
1384082313936	,7.03779
1384082313946	,9.49336
1384082313953	,7.4722347
1384082313961	,7.178368
1384082313968	,6.926184
1384082313977	,9.001843
1384082313990	,12.901294
1384082314002	,12.182106
1384082314009	,6.841981
1384082314018	,8.915026
1384082314026	,8.701979
1384082314034	,7.950944
1384082314042	,7.2039323
1384082314051	,8.880519
1384082314058	,7.498127
1384082314070	,11.417834
1384082314076	,6.71956
1384082314084	,7.6919
1384082314093	,9.194671
1384082314101	,7.2388167
1384082314108	,7.2597194
1384082314116	,8.029415
1384082314124	,7.810995
1384082314132	,8.010823
1384082314139	,7.425139
1384082314149	,9.28031
1384082314158	,9.600537
1384082314165	,6.98634
1384082314172	,6.881358
1384082314182	,9.187033
1384082314193	,11.744105
1384082314204	,10.796929
1384082314211	,6.796397
1384082314218	,7.172144
1384082314227	,8.885362
1384082314236	,8.142832
1384082314243	,7.611557
1384082314251	,7.41727
1384082314258	,7.752387
1384082314268	,9.269818
1384082314278	,10.074517
1384082314286	,8.208664
1384082314296	,10.05158
1384082314306	,9.157155
1384082314313	,7.286285
1384082314322	,8.799679
1384082314328	,6.720578
1384082314337	,8.448864
1384082314345	,7.56534
1384082314353	,8.391534
1384082314365	,11.425701
1384082314372	,7.0463557
1384082314379	,7.0570297
1384082314387	,7.715027
1384082314398	,11.747279
1384082314411	,12.880966
1384082314419	,8.097216
1384082314427	,7.853166
1384082314435	,7.415535
1384082314443	,8.236333
1384082314451	,7.568109
1384082314463	,11.722775
1384082314473	,10.721685
1384082314481	,8.03008
1384082314489	,7.097936
1384082314496	,7.7294197
1384082314505	,8.415114
1384082314512	,6.957577
1384082314520	,8.18626
1384082314528	,7.528925
1384082314536	,7.870135
1384082314542	,6.828004
1384082314550	,7.196762
1384082314557	,7.142297
1384082314565	,8.144134
1384082314572	,7.091543
1384082314580	,7.992259
1384082314589	,8.554445
1384082314599	,9.784581
1384082314613	,14.513126
1384082314621	,7.7271547
1384082314631	,9.370928
1384082314639	,8.38293
1384082314647	,7.915361
1384082314655	,8.07363
1384082314663	,7.406804
1384082314676	,13.022394
1384082314683	,7.3993797
1384082314690	,6.892508
1384082314697	,7.2212777
1384082314706	,8.175569
1384082314713	,7.602178
1384082314722	,8.757914
1384082314729	,7.273344
1384082314737	,8.04664
1384082314745	,7.223212
1384082314753	,7.843958
1384082314762	,9.023971
1384082314769	,7.5492873
1384082314776	,6.941993
1384082314783	,6.893763
1384082314794	,10.259436
1384082314801	,7.565225
1384082314814	,12.9858885
1384082314822	,7.595665
1384082314829	,7.3444524
1384082314839	,9.673427
1384082314848	,9.085382
1384082314856	,7.385375
1384082314863	,7.4002643
1384082314871	,8.147195
1384082314882	,10.588058
1384082314890	,8.528653
1384082314898	,7.177451
1384082314905	,7.552954
1384082314916	,10.523822
1384082314924	,8.170859
1384082314931	,6.912897
1384082314938	,6.9983788
1384082314946	,7.6426573
1384082314953	,7.043639
1384082314960	,7.4782968
1384082314967	,6.993427
1384082314976	,8.955321
1384082314984	,7.475688
1384082314992	,8.290525
1384082315000	,7.3697453
1384082315008	,7.7086573
1384082315022	,14.004355
1384082315030	,7.974354
1384082315039	,9.107188
1384082315048	,8.686253
1384082315056	,8.307239
1384082315065	,9.389616
1384082315074	,8.109186
1384082315084	,10.578895
1384082315092	,8.035128
1384082315099	,7.1657557
1384082315109	,9.358155
1384082315120	,10.898141
1384082315127	,7.0670056
1384082315134	,6.996927
1384082315142	,8.258946
1384082315150	,7.4507947
1384082315158	,7.941993
1384082315165	,7.565563
1384082315174	,8.231764
1384082315181	,7.5929856
1384082315189	,7.346057
1384082315200	,10.836881
1384082315207	,7.570957
1384082315219	,11.346663
1384082315228	,9.2589655
1384082315242	,14.245737
1384082315251	,8.208411
1384082315258	,7.483286
1384082315266	,7.74532
1384082315273	,6.911017
1384082315285	,11.839115
1384082315294	,8.953142
1384082315301	,7.504458
1384082315309	,7.757773
1384082315316	,7.089105
1384082315324	,7.889152
1384082315332	,7.806767
1384082315339	,7.092271
1384082315349	,9.454151
1384082315356	,7.018445
1384082315364	,7.925959
1384082315374	,9.80644
1384082315383	,9.347507
1384082315391	,7.728255
1384082315399	,8.345478
1384082315407	,7.6854467
1384082315415	,8.031024
1384082315427	,12.18378
1384082315435	,7.788444
1384082315444	,9.177853
1384082315453	,8.387118
1384082315461	,7.6607413
1384082315468	,7.204306
1384082315484	,15.657644
1384082315492	,8.620837
1384082315503	,10.825662
1384082315511	,8.308821
1384082315520	,8.2104435
1384082315531	,11.2886915
1384082315540	,8.740237
1384082315548	,8.435539
1384082315556	,7.118484
1384082315564	,8.467777
1384082315571	,7.214871
1384082315578	,7.044916
1384082315588	,9.537585
1384082315596	,8.185647
1384082315605	,8.691216
1384082315612	,7.174893
1384082315622	,10.146
1384082315631	,8.197879
1384082315639	,8.295628
1384082315649	,10.327405
1384082315659	,9.302238
1384082315666	,7.455997
1384082315676	,9.324716
1384082315684	,8.577264
1384082315695	,10.774833
1384082315702	,7.122166
1384082315711	,8.781055
1384082315721	,9.513563
1384082315728	,7.189431
1384082315738	,9.635271
1384082315746	,7.948346
1384082315753	,7.430071
1384082315761	,8.179644
1384082315769	,7.943717
1384082315777	,7.698979
1384082315784	,7.194171
1384082315792	,7.183984
1384082315800	,8.061525
1384082315810	,9.761907
1384082315819	,9.117509
1384082315829	,9.801394
1384082315838	,9.241135
1384082315847	,8.7496195
1384082315856	,9.00406
1384082315866	,9.851039
1384082315873	,6.9951057
1384082315880	,7.568602
1384082315887	,7.1032424
1384082315899	,11.220172
1384082315906	,7.173277
1384082315914	,8.376888
1384082315922	,7.301042
1384082315929	,7.4391184
1384082315938	,8.280353
1384082315945	,7.191176
1384082315952	,6.908222
1384082315960	,8.586025
1384082315968	,7.749704
1384082315978	,9.812582
1384082315986	,7.769513
1384082315996	,9.772346
1384082316004	,7.754377
1384082316011	,7.780399
1384082316020	,8.09164
1384082316030	,10.497573
1384082316037	,7.1527834
1384082316049	,11.150101
1384082316056	,7.8743043
1384082316067	,10.741768
1384082316075	,7.401837
1384082316082	,7.359746
1384082316089	,7.195477
1384082316099	,9.178426
1384082316106	,7.1797233
1384082316113	,7.523721
1384082316125	,11.28032
1384082316134	,8.882159
1384082316141	,7.4217987
1384082316150	,8.369002
1384082316158	,8.173191
1384082316167	,9.526392
1384082316175	,7.844008
1384082316183	,7.643547
1384082316190	,7.015171
1384082316198	,8.115927
1384082316207	,8.932939
1384082316215	,7.8704143
1384082316224	,8.8902025
1384082316233	,9.335226
1384082316240	,6.851374
1384082316253	,12.132499
1384082316262	,8.930133
1384082316271	,9.560025
1384082316279	,7.4707193
1384082316286	,7.295749
1384082316295	,9.401978
1384082316304	,8.242141
1384082316311	,7.214675
1384082316319	,7.417088
1384082316341	,22.01172
1384082316351	,10.774844
1384082316361	,9.1826935
1384082316368	,7.222293
1384082316376	,7.675084
1384082316383	,7.474432
1384082316390	,7.0797987
1384082316398	,7.2805543
1384082316405	,7.366037
1384082316414	,9.019282
1384082316422	,7.455856
1384082316434	,12.72376
1384082316442	,7.7812147
1384082316450	,7.4019914
1384082316465	,15.168569
1384082316477	,12.158284
1384082316484	,6.917461
1384082316491	,6.909031
1384082316500	,8.715943
1384082316509	,8.697434
1384082316516	,6.948043
1384082316523	,7.536839
1384082316533	,9.511669
1384082316540	,7.1782527
1384082316548	,7.948623
1384082316559	,10.828494
1384082316566	,6.863997
1384082316575	,8.575213
1384082316582	,6.98279
1384082316588	,6.827288
1384082316596	,7.040939
1384082316603	,7.7516937
1384082316614	,10.14616
1384082316621	,7.009822
1384082316628	,7.5442176
1384082316639	,10.326211
1384082316646	,7.1428638
1384082316658	,12.34806
1384082316666	,7.486298
1384082316673	,6.887163
1384082316682	,9.104783
1384082316689	,7.567897
1384082316697	,7.105567
1384082316707	,10.44315
1384082316714	,7.2222853
1384082316722	,7.516118
1384082316730	,8.1558
1384082316739	,9.094622
1384082316748	,9.061278
1384082316757	,8.660958
1384082316768	,10.799547
1384082316777	,9.302542
1384082316786	,8.994381
1384082316794	,7.23845
1384082316801	,6.962874
1384082316808	,7.055075
1384082316819	,11.144731
1384082316826	,7.181748
1384082316835	,8.965536
1384082316843	,7.209281
1384082316850	,6.946005
1384082316859	,9.42753
1384082316869	,10.157421
1384082316877	,7.356304
1384082316886	,9.1929455
1384082316893	,6.92976
1384082316901	,8.528918
1384082316912	,10.467799
1384082316920	,8.224755
1384082316928	,7.552417
1384082316935	,7.346048
1384082316944	,9.137721
1384082316954	,9.588888
1384082316965	,10.356911
1384082316972	,7.33938
1384082316980	,7.63471
1384082316988	,8.714477
1384082316996	,7.711016
1384082317003	,6.8073015
1384082317011	,7.497802
1384082317021	,10.018536
1384082317028	,7.5130973
1384082317037	,8.290863
1384082317049	,12.077349
1384082317056	,7.6629457
1384082317065	,8.474748
1384082317077	,12.272111
1384082317090	,12.186248
1384082317097	,7.1103806
1384082317105	,7.810789
1384082317113	,8.08989
1384082317121	,7.8262033
1384082317129	,8.035349
1384082317136	,7.511011
1384082317143	,7.15881
1384082317154	,10.257756
1384082317162	,7.856423
1384082317170	,8.459622
1384082317178	,8.055702
1384082317187	,8.736214
1384082317194	,7.143985
1384082317202	,7.266277
1384082317209	,7.546728
1384082317219	,9.4302635
1384082317227	,8.207005
1384082317237	,10.332094
1384082317247	,9.613224
1384082317254	,7.274543
1384082317265	,10.66911
1384082317274	,9.083276
1384082317282	,7.900515
1384082317290	,7.732704
1384082317299	,8.849637
1384082317308	,8.552948
1384082317317	,8.959494
1384082317324	,7.1674533
1384082317332	,7.945695
1384082317343	,11.233913
1384082317357	,13.619661
1384082317364	,7.600731
1384082317372	,7.766495
1384082317384	,11.819878
1384082317394	,10.099383
1384082317401	,7.0181527
1384082317408	,6.895831
1384082317415	,7.087206
1384082317423	,8.046667
1384082317431	,7.4191613
1384082317439	,8.122715
1384082317451	,12.185956
1384082317459	,7.316464
1384082317468	,8.992433
1384082317477	,8.934494
1384082317487	,9.988163
1384082317497	,9.625418
1384082317505	,8.510847
1384082317512	,7.039735
1384082317520	,8.233631
1384082317529	,8.724055
1384082317537	,7.227262
1384082317544	,7.45962
1384082317551	,7.2586107
1384082317562	,10.609845
1384082317572	,10.124397
1384082317581	,8.838651
1384082317590	,8.828956
1384082317597	,7.244209
1384082317605	,7.959516
1384082317613	,7.315714
1384082317620	,7.651918
1384082317629	,8.376386
1384082317636	,7.185495
1384082317644	,7.960556
1384082317656	,11.567616
1384082317664	,8.124449
1384082317672	,8.222555
1384082317680	,7.4493
1384082317690	,10.474924
1384082317698	,7.575682
1384082317706	,7.697184
1384082317718	,12.653779
1384082317726	,7.266337
1384082317733	,7.652892
1384082317742	,8.830964
1384082317749	,7.2295
1384082317756	,6.74093
1384082317768	,11.911474
1384082317776	,7.543777
1384082317785	,9.569021
1384082317794	,8.728255
1384082317802	,7.384334
1384082317808	,6.639408
1384082317815	,6.6544037
1384082317823	,7.655479
1384082317831	,8.104232
1384082317838	,7.478159
1384082317846	,7.783511
1384082317857	,10.920946
1384082317865	,8.092271
1384082317875	,9.162145
1384082317883	,8.344813
1384082317891	,7.633767
1384082317898	,7.29278
1384082317905	,7.1793838
1384082317918	,12.280867
1384082317925	,7.6795306
1384082317932	,6.745589
1384082317940	,7.3342338
1384082317947	,7.826965
1384082317955	,7.5410533
1384082317964	,9.3205385
1384082317973	,8.3247
1384082317980	,7.371995
1384082317988	,8.194733
1384082317997	,8.937349
1384082318005	,7.6551137
1384082318013	,7.9454637
1384082318020	,7.053387
1384082318028	,8.084112
1384082318036	,7.41521
1384082318044	,8.269874
1384082318052	,7.546777
1384082318064	,11.90178
1384082318071	,6.814227
1384082318079	,7.961578
1384082318086	,7.1144
1384082318093	,7.383326
1384082318104	,10.991219
1384082318115	,10.707293
1384082318126	,10.664544
1384082318133	,7.189014
1384082318141	,8.31454
1384082318149	,7.566546
1384082318156	,7.100988
1384082318165	,9.1254225
1384082318174	,8.2328005
1384082318182	,7.7964582
1384082318191	,9.763944
1384082318199	,7.8534493
1384082318206	,6.982888
1384082318216	,9.126091
1384082318223	,7.0418253
1384082318230	,6.8263197
1384082318237	,7.661901
1384082318244	,7.157418
1384082318252	,7.120396
1384082318263	,11.712308
1384082318272	,8.701241
1384082318284	,11.911854
1384082318292	,7.408557
1384082318299	,6.921947
1384082318306	,7.213684
1384082318315	,8.960827
1384082318324	,9.245276
1384082318334	,9.666189
1384082318341	,7.225625
1384082318350	,9.210707
1384082318359	,8.176015
1384082318369	,10.143745
1384082318377	,7.811479
1384082318385	,8.735652
1384082318394	,8.796597
1384082318402	,7.760182
1384082318409	,6.969112
1384082318417	,8.197295
1384082318424	,7.0025277
1384082318433	,8.021288
1384082318441	,8.335074
1384082318450	,9.040796
1384082318459	,8.503262
1384082318469	,10.676135
1384082318477	,7.883195
1384082318486	,8.944658
1384082318494	,7.879125
1384082318501	,6.913528
1384082318509	,7.272417
1384082318516	,7.64853
1384082318529	,13.027
1384082318538	,8.476485
1384082318545	,7.217611
1384082318552	,7.219274
1384082318560	,7.574202
1384082318568	,7.832728
1384082318575	,7.125435
1384082318583	,7.483874
1384082318594	,11.274692
1384082318603	,8.530542
1384082318612	,9.645597
1384082318621	,8.536405
1384082318628	,7.27112
1384082318636	,8.273901
1384082318644	,7.616652
1384082318651	,7.098529
1384082318660	,8.283205
1384082318671	,11.031464
1384082318679	,8.327549
1384082318688	,8.895114
1384082318695	,7.191916
1384082318703	,7.329466
1384082318710	,7.509038
1384082318718	,7.3392034
1384082318727	,9.352346
1384082318740	,12.546966
1384082318747	,7.0962844
1384082318756	,9.01129
1384082318765	,8.893532
1384082318775	,9.684857
1384082318782	,7.579188
1384082318790	,7.738731
1384082318799	,9.459256
1384082318807	,7.21696
1384082318815	,8.556407
1384082318824	,8.237058
1384082318832	,7.933859
1384082318841	,8.839434
1384082318851	,10.284877
1384082318858	,7.151327
1384082318866	,8.245773
1384082318877	,10.090843
1384082318885	,8.557752
1384082318895	,10.290551
1384082318903	,7.13913
1384082318910	,7.224338
1384082318918	,8.198315
1384082318932	,13.507009
1384082318944	,11.788578
1384082318954	,10.313273
1384082318961	,7.335025
1384082318973	,11.25294
1384082318982	,9.130975
1384082318989	,7.6041365
1384082318998	,8.627616
1384082319008	,9.557792
1384082319015	,7.4497423
1384082319023	,8.135529
1384082319031	,8.05373
1384082319040	,8.863663
1384082319048	,7.5400133
1384082319056	,7.7361727
1384082319064	,8.650665
1384082319075	,10.188504
1384082319083	,8.467607
1384082319094	,10.9214735
1384082319101	,7.2537107
1384082319109	,7.984965
1384082319117	,8.008867
1384082319125	,7.841887
1384082319135	,9.622859
1384082319147	,12.321782
1384082319156	,8.315648
1384082319164	,7.7795773
1384082319171	,7.450538
1384082319180	,9.216362
1384082319188	,7.343958
1384082319196	,7.7161174
1384082319206	,10.59106
1384082319215	,8.497265
1384082319227	,12.196715
1384082319237	,10.345446
1384082319246	,8.313402
1384082319253	,7.20639
1384082319262	,8.498873
1384082319272	,10.029411
1384082319284	,12.201006
1384082319295	,11.1010475
1384082319303	,7.625409
1384082319311	,7.800498
1384082319318	,7.727559
1384082319326	,7.767577
1384082319336	,10.028793
1384082319346	,9.810696
1384082319357	,10.542168
1384082319368	,11.540153
1384082319378	,9.349441
1384082319387	,9.587599
1384082319395	,7.672452
1384082319403	,7.791108
1384082319413	,10.2941265
1384082319421	,7.693511
1384082319431	,9.982696
1384082319443	,11.767488
1384082319451	,8.162684
1384082319459	,7.488065
1384082319466	,7.232772
1384082319474	,8.245921
1384082319484	,9.172172
1384082319492	,8.580582
1384082319502	,9.65451
1384082319511	,8.858182
1384082319518	,7.330369
1384082319526	,7.7247176
1384082319537	,10.52471
1384082319548	,11.494448
1384082319558	,10.091877
1384082319568	,9.268135
1384082319576	,8.310176
1384082319584	,8.245093
1384082319594	,9.230668
1384082319601	,7.698286
1384082319610	,8.722674
1384082319619	,8.980958
1384082319628	,9.039399
1384082319638	,10.161757
1384082319648	,10.035121
1384082319657	,8.443483
1384082319664	,7.093247
1384082319672	,8.060528
1384082319682	,9.3355875
1384082319692	,10.552314
1384082319701	,8.903171
1384082319710	,9.100092
1384082319719	,8.081687
1384082319728	,9.080788
1384082319735	,7.230406
1384082319743	,8.158774
1384082319753	,9.33765
1384082319761	,8.589586
1384082319771	,10.188539
1384082319780	,8.201063
1384082319788	,8.334232
1384082319796	,7.413443
1384082319803	,7.354094
1384082319811	,7.933453
1384082319830	,19.182487
1384082319839	,9.066921
1384082319853	,13.970871
1384082319861	,7.843295
1384082319869	,7.964925
1384082319881	,11.65004
1384082319892	,10.8077545
1384082319903	,10.887971
1384082319911	,7.876182
1384082319918	,7.386578
1384082319926	,7.455501
1384082319933	,7.513589
1384082319942	,8.744721
1384082319950	,8.050794
1384082319958	,7.982868
1384082319968	,9.80859
1384082319982	,13.709175
1384082319991	,9.474049
1384082320000	,8.3746
1384082320007	,7.46478
1384082320015	,7.557911
1384082320023	,8.328463
1384082320033	,9.662595
1384082320041	,7.851314
1384082320051	,10.494321
1384082320065	,13.078649
1384082320075	,10.718394
1384082320086	,10.562143
1384082320095	,8.92602
1384082320104	,9.068033
1384082320111	,7.2665277
1384082320119	,7.845095
1384082320127	,7.329338
1384082320135	,8.52711
1384082320144	,8.344803
1384082320151	,7.665851
1384082320161	,9.304227
1384082320169	,8.444098
1384082320179	,9.604803
1384082320188	,8.957536
1384082320196	,7.740648
1384082320205	,9.342861
1384082320213	,8.228215
1384082320223	,9.068359
1384082320230	,7.634187
1384082320238	,7.7927737
1384082320247	,8.482359
1384082320256	,9.535
1384082320266	,9.350524
1384082320274	,8.69258
1384082320283	,8.5853195
1384082320291	,8.119513
1384082320303	,12.078539
1384082320312	,8.428054
1384082320319	,7.3626213
1384082320327	,7.5749607
1384082320335	,7.6495457
1384082320344	,9.443889
1384082320353	,8.386925
1384082320361	,8.710434
1384082320370	,8.291157
1384082320378	,7.95375
1384082320389	,11.140864
1384082320396	,7.241856
1384082320404	,7.7091756
1384082320412	,7.9070973
1384082320420	,7.96752
1384082320428	,8.415136
1384082320437	,8.156626
1384082320446	,9.444247
1384082320455	,9.272893
1384082320468	,12.1262665
1384082320478	,10.552591
1384082320486	,8.105234
1384082320494	,7.487853
1384082320502	,8.290069
1384082320512	,9.820978
1384082320520	,7.46177
1384082320528	,7.941045
1384082320535	,7.4061546
1384082320543	,8.090611
1384082320552	,9.098983
1384082320561	,8.568166
1384082320569	,7.514815
1384082320577	,8.3616
1384082320589	,11.428222
1384082320598	,9.859512
1384082320606	,7.874549
1384082320615	,8.953815
1384082320624	,8.595669
1384082320632	,7.7354407
1384082320640	,7.780157
1384082320648	,8.116527
1384082320656	,8.561605
1384082320675	,18.779444
1384082320691	,15.442876
1384082320699	,8.531365
1384082320708	,8.295901
1384082320716	,8.28641
1384082320723	,7.16461
1384082320731	,7.872875
1384082320739	,7.820441
1384082320747	,8.098742
1384082320757	,9.640683
1384082320766	,8.854592
1384082320774	,7.74447
1384082320786	,12.380392
1384082320794	,8.173612
1384082320803	,8.691401
1384082320811	,7.541146
1384082320818	,7.1336346
1384082320828	,9.658325
1384082320835	,7.379076
1384082320843	,7.673288
1384082320850	,6.803647
1384082320857	,7.503066
1384082320866	,8.537019
1384082320873	,7.751333
1384082320883	,9.471596
1384082320896	,12.758233
1384082320905	,8.7953825
1384082320915	,10.30924
1384082320924	,8.976044
1384082320931	,7.1344743
1384082320941	,9.346777
1384082320948	,7.208153
1384082320956	,8.291904
1384082320964	,7.9988723
1384082320972	,7.3713894
1384082320979	,7.631961
1384082320987	,7.240599
1384082320995	,8.342657
1384082321005	,9.787217
1384082321013	,8.085949
1384082321020	,7.227227
1384082321028	,7.044706
1384082321035	,7.3688626
1384082321042	,7.325378
1384082321050	,7.88336
1384082321058	,7.755131
1384082321066	,7.921195
1384082321074	,7.891749
1384082321082	,8.411535
1384082321096	,13.354809
1384082321110	,14.278121
1384082321119	,8.740928
1384082321127	,8.172696
1384082321135	,7.491871
1384082321143	,8.220488
1384082321150	,7.30194
1384082321159	,8.244251
1384082321167	,8.361706
1384082321174	,7.2042937
1384082321182	,7.349523
1384082321190	,7.862429
1384082321198	,8.270189
1384082321206	,8.068012
1384082321215	,8.921236
1384082321224	,8.437184
1384082321233	,9.41255
1384082321241	,7.667949
1384082321249	,7.6633034
1384082321257	,8.075248
1384082321265	,8.21021
1384082321274	,8.829364
1384082321282	,7.769156
1384082321289	,7.256424
1384082321300	,11.306487
1384082321319	,18.29375
1384082321327	,8.260249
1384082321334	,7.0424666
1384082321341	,7.1114283
1384082321349	,8.104525
1384082321357	,7.47686
1384082321366	,8.540995
1384082321374	,8.68713
1384082321381	,6.88131
1384082321388	,7.119015
1384082321397	,8.2392025
1384082321406	,9.561965
1384082321415	,8.665445
1384082321423	,8.003184
1384082321434	,10.596946
1384082321441	,7.641025
1384082321449	,7.356181
1384082321457	,7.89791
1384082321464	,7.361645
1384082321473	,8.200322
1384082321480	,7.865365
1384082321489	,8.856074
1384082321513	,23.141813
1384082321539	,26.61718
1384082321551	,12.072579
1384082321560	,8.709828
1384082321575	,14.539429
1384082321586	,11.066678
1384082321594	,8.075119
1384082321602	,7.624499
1384082321612	,10.081914
1384082321621	,9.267071
1384082321631	,9.658387
1384082321639	,7.692236
1384082321647	,7.9641557
1384082321655	,8.187161
1384082321662	,7.270388
1384082321670	,7.65916
1384082321679	,9.091925
1384082321687	,7.5685697
1384082321694	,7.4123473
1384082321702	,7.992561
1384082321710	,7.38557
1384082321718	,8.187355
1384082321727	,9.0801325
1384082321747	,19.932793
1384082321757	,9.567909
1384082321766	,8.969219
1384082321774	,8.208754
1384082321781	,7.2680364
1384082321789	,8.042967
1384082321798	,8.773889
1384082321807	,8.262273
1384082321814	,7.8462033
1384082321822	,7.570198
1384082321833	,10.803644
1384082321842	,8.994947
1384082321851	,9.355307
1384082321860	,8.915617
1384082321868	,7.53228
1384082321877	,8.823676
1384082321884	,7.2524047
1384082321892	,7.471007
1384082321900	,7.9869905
1384082321907	,7.076717
1384082321915	,7.597589
1384082321924	,9.726395
1384082321935	,10.289913
1384082321946	,10.888509
1384082321955	,9.771816
1384082321966	,10.729994
1384082321981	,14.669344
1384082321988	,7.423914
1384082321996	,7.805262
1384082322004	,7.6406317
1384082322016	,11.504363
1384082322027	,11.839468
1384082322040	,12.230943
1384082322049	,8.891501
1384082322057	,8.647092
1384082322067	,9.161895
1384082322074	,7.187916
1384082322082	,7.783812
1384082322089	,7.624081
1384082322098	,8.765109
1384082322106	,7.8307033
1384082322113	,7.1406
1384082322122	,8.478458
1384082322129	,7.559257
1384082322138	,8.794792
1384082322151	,13.191019
1384082322164	,12.292155
1384082322174	,10.057973
1384082322183	,9.023657
1384082322191	,7.569193
1384082322198	,7.04706
1384082322205	,7.275239
1384082322213	,7.781525
1384082322221	,7.597465
1384082322228	,7.5330887
1384082322236	,8.208693
1384082322246	,9.312644
1384082322253	,7.105536
1384082322260	,7.236349
1384082322269	,8.266902
1384082322276	,7.4098177
1384082322284	,7.930063
1384082322292	,8.170373
1384082322300	,7.9103923
1384082322312	,11.327414
1384082322320	,8.423117
1384082322338	,17.422092
1384082322354	,16.927114
1384082322371	,16.689566
1384082322379	,8.181271
1384082322387	,7.1823273
1384082322394	,7.5287232
1384082322402	,7.46671
1384082322409	,7.311807
1384082322417	,7.4159503
1384082322425	,8.045149
1384082322432	,7.1282167
1384082322439	,7.186706
1384082322450	,11.229101
1384082322460	,9.922084
1384082322470	,9.28982
1384082322478	,7.7667327
1384082322485	,7.057887
1384082322492	,7.52661
1384082322500	,7.620483
1384082322507	,7.1199417
1384082322515	,7.482484
1384082322522	,7.1143017
1384082322529	,7.313001
1384082322537	,7.3479257
1384082322549	,12.444935
1384082322559	,10.080243
1384082322568	,8.15342
1384082322575	,7.503398
1384082322587	,11.883566
1384082322595	,7.540092
1384082322604	,9.107171
1384082322612	,8.020642
1384082322619	,7.5423217
1384082322628	,8.424722
1384082322636	,7.655076
1384082322644	,8.030041
1384082322652	,8.296226
1384082322665	,12.84509
1384082322673	,7.940921
1384082322682	,9.108628
1384082322690	,7.738657
1384082322697	,7.239117
1384082322705	,7.98375
1384082322713	,7.37459
1384082322721	,8.078521
1384082322729	,8.060121
1384082322736	,7.363214
1384082322744	,7.955271
1384082322757	,12.482195
1384082322767	,10.283908
1384082322777	,9.970016
1384082322788	,10.709611
1384082322800	,11.581769
1384082322807	,7.490392
1384082322815	,7.81356
1384082322823	,7.896957
1384082322831	,8.404993
1384082322840	,8.212882
1384082322847	,7.3289056
1384082322855	,8.095618
1384082322863	,7.962357
1384082322873	,9.464005
1384082322880	,7.45372
1384082322888	,8.055793
1384082322896	,7.1981297
1384082322903	,7.686419
1384082322912	,8.208795
1384082322919	,7.282898
1384082322927	,7.522503
1384082322934	,7.515339
1384082322941	,7.1846843
1384082322951	,9.667285
1384082322963	,12.190008
1384082322974	,10.836425
1384082322983	,8.677181
1384082322995	,12.234296
1384082323004	,8.553247
1384082323011	,7.076008
1384082323018	,7.0901546
1384082323026	,7.558204
1384082323034	,8.514431
1384082323042	,7.529971
1384082323050	,7.725412
1384082323057	,7.676169
1384082323066	,8.319185
1384082323075	,9.474522
1384082323084	,8.391138
1384082323101	,17.609867
1384082323111	,9.380985
1384082323118	,7.299755
1384082323126	,7.329062
1384082323133	,7.450778
1384082323141	,7.5015287
1384082323149	,8.327601
1384082323163	,13.5067
1384082323173	,9.822248
1384082323180	,7.158707
1384082323187	,7.471167
1384082323196	,8.588411
1384082323205	,9.103417
1384082323215	,10.005106
1384082323223	,7.826671
1384082323231	,7.6328454
1384082323238	,7.4533234
1384082323246	,7.805147
1384082323254	,8.042325
1384082323262	,7.9599037
1384082323269	,7.261255
1384082323281	,11.771473
1384082323293	,11.462633
1384082323301	,7.870288
1384082323310	,8.714034
1384082323318	,8.265711
1384082323326	,7.7785926
1384082323333	,7.2196727
1384082323341	,7.5592947
1384082323349	,7.892479
1384082323358	,9.0157795
1384082323366	,8.059213
1384082323377	,10.955798
1384082323385	,8.047679
1384082323394	,9.482255
1384082323403	,9.0222645
1384082323415	,11.806541
1384082323430	,14.243755
1384082323438	,8.6893015
1384082323446	,7.69521
1384082323453	,7.16738
1384082323461	,8.038837
1384082323469	,7.0918503
1384082323478	,9.2670765
1384082323487	,8.6118145
1384082323495	,8.472713
1384082323502	,7.051013
1384082323510	,7.999791
1384082323518	,7.419315
1384082323525	,7.426721
1384082323532	,7.108155
1384082323540	,7.121765
1384082323547	,7.12129
1384082323554	,7.312336
1384082323564	,9.755478
1384082323573	,9.119754
1384082323583	,9.871411
1384082323595	,12.142627
1384082323608	,13.029254
1384082323619	,10.421337
1384082323627	,7.6745353
1384082323634	,7.197564
1384082323641	,7.378435
1384082323649	,7.261122
1384082323656	,7.074628
1384082323663	,7.407237
1384082323670	,6.9164867
1384082323678	,7.407853
1384082323686	,8.161608
1384082323699	,13.556232
1384082323707	,7.757204
1384082323715	,7.3570333
1384082323724	,9.354742
1384082323732	,7.481321
1384082323739	,7.241865
1384082323746	,7.4130573
1384082323754	,7.85903
1384082323764	,9.3066025
1384082323774	,10.647233
1384082323785	,10.933211
1384082323793	,7.531742
1384082323800	,7.437737
1384082323809	,8.875747
1384082323818	,8.372513
1384082323829	,10.730011
1384082323840	,11.463508
1384082323847	,7.107057
1384082323856	,8.20859
1384082323863	,7.703301
1384082323871	,7.237493
1384082323878	,7.551655
1384082323886	,7.386468
1384082323901	,14.991391
1384082323912	,11.413056
1384082323921	,8.484092
1384082323928	,7.2618217
1384082323936	,7.996215
1384082323944	,7.4538016
1384082323951	,7.409055
1384082323959	,8.423343
1384082323969	,8.968625
1384082323979	,10.680663
1384082323991	,11.526157
1384082323998	,7.354403
1384082324010	,11.562201
1384082324021	,10.97659
1384082324033	,11.588662
1384082324044	,11.351172
1384082324051	,7.080024
1384082324059	,7.820015
1384082324067	,7.824813
1384082324075	,7.596416
1384082324082	,6.9774694
1384082324089	,7.5953827
1384082324097	,7.296081
1384082324105	,8.868065
1384082324115	,9.001127
1384082324123	,7.9965954
1384082324130	,7.157737
1384082324137	,7.509968
1384082324146	,8.429843
1384082324153	,7.564167
1384082324161	,7.322689
1384082324169	,7.7832613
1384082324177	,8.067202
1384082324186	,9.601056
1384082324196	,9.408198
1384082324203	,7.36761
1384082324213	,9.155013
1384082324227	,13.945656
1384082324235	,8.350935
1384082324246	,11.412552
1384082324254	,7.131045
1384082324262	,8.342791
1384082324272	,9.528397
1384082324279	,7.518337
1384082324287	,7.5555153
1384082324294	,7.55184
1384082324302	,7.558623
1384082324311	,8.478234
1384082324321	,10.068346
1384082324330	,9.209162
1384082324340	,10.346332
1384082324348	,7.690571
1384082324355	,7.1308913
1384082324362	,7.2041
1384082324370	,7.839518
1384082324379	,8.698237
1384082324388	,8.923002
1384082324397	,8.634957
1384082324404	,7.454481
1384082324414	,7.671648
1384082324421	,7.2197423
1384082324428	,7.3236527
1384082324437	,8.786505
1384082324447	,9.820849
1384082324457	,10.0511265
1384082324465	,7.904516
1384082324473	,7.979975
1384082324480	,7.1530848
1384082324488	,7.636481
1384082324496	,7.560421
1384082324503	,7.16608
1384082324511	,7.705259
1384082324518	,6.9592557
1384082324532	,13.693094
1384082324540	,8.707242
1384082324548	,7.662669
1384082324555	,6.920765
1384082324562	,6.6834693
1384082324569	,7.038125
1384082324579	,10.131434
1384082324588	,8.786625
1384082324595	,7.3855066
1384082324604	,8.569146
1384082324611	,7.137667
1384082324619	,8.320605
1384082324628	,7.9871173
1384082324646	,18.569546
1384082324659	,12.481997
1384082324668	,8.689156
1384082324675	,7.854007
1384082324683	,7.278872
1384082324690	,7.5479093
1384082324699	,8.2076
1384082324705	,6.746415
1384082324714	,8.465943
1384082324721	,7.13285
1384082324730	,9.137269
1384082324739	,8.45546
1384082324747	,7.670446
1384082324754	,7.7878933
1384082324763	,8.305117
1384082324771	,7.823985
1384082324779	,8.064637
1384082324788	,8.8074045
1384082324799	,11.235176
1384082324809	,9.90564
1384082324817	,7.9360533
1384082324824	,7.397567
1384082324831	,7.041628
1384082324846	,14.710535
1384082324859	,12.66613
1384082324867	,8.169959
1384082324875	,8.244026
1384082324882	,6.9150677
1384082324890	,7.763119
1384082324898	,7.68117
1384082324906	,7.7621374
1384082324913	,6.977995
1384082324920	,7.3059483
1384082324928	,7.534266
1384082324936	,8.000718
1384082324944	,8.188487
1384082324953	,8.528316
1384082324961	,8.252666
1384082324969	,8.657051
1384082324977	,7.793254
1384082324986	,8.338846
1384082324995	,8.78381
1384082325002	,7.4454513
1384082325012	,10.075866
1384082325020	,7.352108
1384082325027	,7.166224
1384082325034	,7.173811
1384082325042	,8.206334
1384082325050	,7.954698
1384082325060	,10.014586
1384082325074	,13.868072
1384082325082	,7.6486173
1384082325089	,7.434792
1384082325097	,7.637887
1384082325106	,8.317982
1384082325114	,8.12185
1384082325122	,8.179318
1384082325130	,7.746
1384082325138	,8.03656
1384082325146	,8.376844
1384082325159	,12.934226
1384082325169	,10.083363
1384082325177	,7.1715097
1384082325185	,8.50284
1384082325196	,10.415667
1384082325204	,8.076693
1384082325213	,9.241962
1384082325221	,7.679471
1384082325230	,8.722924
1384082325237	,7.418187
1384082325247	,9.435217
1384082325254	,7.688478
1384082325263	,8.492339
1384082325275	,12.471165
1384082325284	,8.628665
1384082325292	,7.865456
1384082325299	,6.851702
1384082325306	,7.22168
1384082325314	,7.623254
1384082325322	,7.790418
1384082325330	,8.080908
1384082325337	,7.388334
1384082325345	,7.739408
1384082325353	,7.672583
1384082325362	,9.289129
1384082325370	,7.422854
1384082325378	,8.434258
1384082325386	,8.125731
1384082325394	,7.403521
1384082325402	,8.077243
1384082325417	,15.441634
1384082325431	,13.483776
1384082325438	,7.1371183
1384082325447	,8.763136
1384082325454	,6.7402997
1384082325470	,16.276829
1384082325484	,13.586266
1384082325492	,7.8751097
1384082325498	,6.735478
1384082325506	,7.094184
1384082325513	,7.2357807
1384082325520	,7.416022
1384082325528	,7.552551
1384082325536	,7.8072357
1384082325544	,8.049502
1384082325552	,8.160556
1384082325560	,7.9251547
1384082325572	,11.268856
1384082325581	,9.485673
1384082325591	,9.593172
1384082325599	,8.562578
1384082325608	,8.425454
1384082325615	,7.067018
1384082325628	,12.5762
1384082325635	,6.98468
1384082325642	,7.732774
1384082325650	,8.008447
1384082325658	,7.3064303
1384082325666	,7.831437
1384082325674	,7.9876423
1384082325685	,11.026901
1384082325695	,9.823052
1384082325702	,6.771132
1384082325709	,7.4428396
1384082325716	,7.05057
1384082325724	,7.2502203
1384082325731	,7.771341
1384082325740	,8.255615
1384082325747	,7.76443
1384082325755	,7.240169
1384082325762	,6.989135
1384082325773	,11.179819
1384082325786	,12.58169
1384082325796	,10.042656
1384082325803	,7.407189
1384082325810	,7.028187
1384082325817	,6.8645897
1384082325826	,8.878627
1384082325837	,10.776215
1384082325845	,7.4124846
1384082325853	,8.853417
1384082325862	,8.146189
1384082325871	,9.19601
1384082325879	,7.877862
1384082325889	,10.493596
1384082325904	,14.304675
1384082325912	,7.667417
1384082325919	,7.750973
1384082325928	,8.356982
1384082325936	,8.410604
1384082325944	,7.1092377
1384082325951	,7.8838377
1384082325959	,7.0644493
1384082325966	,7.356516
1384082325975	,8.517153
1384082325983	,7.9932833
1384082325991	,8.065197
1384082326002	,10.757202
1384082326010	,8.795473
1384082326018	,7.308606
1384082326026	,7.9516068
1384082326038	,12.296637
1384082326045	,7.065694
1384082326053	,8.2192545
1384082326060	,6.919979
1384082326068	,7.918883
1384082326076	,7.523076
1384082326091	,14.754534
1384082326101	,10.295295
1384082326108	,7.158411
1384082326116	,7.0401
1384082326123	,7.054533
1384082326129	,6.732787
1384082326138	,8.340273
1384082326145	,7.471108
1384082326158	,12.865791
1384082326165	,6.9157567
1384082326174	,8.651841
1384082326184	,10.001462
1384082326198	,14.319162
1384082326206	,7.406313
1384082326216	,9.688508
1384082326222	,6.7958074
1384082326231	,8.943059
1384082326243	,11.036308
1384082326251	,8.046781
1384082326258	,7.631435
1384082326266	,7.179848
1384082326273	,7.030374
1384082326281	,8.538584
1384082326289	,7.2212977
1384082326297	,8.877276
1384082326312	,14.613165
1384082326320	,8.096188
1384082326328	,7.316147
1384082326336	,7.8830037
1384082326343	,7.4582863
1384082326351	,8.080641
1384082326360	,8.858429
1384082326368	,7.5713243
1384082326375	,7.146816
1384082326383	,8.26701
1384082326391	,8.122484
1384082326410	,18.24595
1384082326418	,8.306764
1384082326425	,7.0676737
1384082326434	,8.5985985
1384082326446	,11.673209
1384082326454	,8.140049
1384082326463	,8.911201
1384082326470	,6.987618
1384082326479	,9.145766
1384082326488	,8.43963
1384082326496	,8.4039545
1384082326504	,8.431559
1384082326517	,12.12397
1384082326524	,7.408921
1384082326531	,7.344209
1384082326540	,8.066963
1384082326548	,7.9398103
1384082326554	,6.671044
1384082326563	,8.520172
1384082326570	,6.940545
1384082326577	,7.0812798
1384082326584	,6.9009466
1384082326594	,9.765627
1384082326601	,7.3949237
1384082326618	,16.654234
1384082326631	,12.599333
1384082326640	,8.942572
1384082326652	,11.853253
1384082326661	,9.013411
1384082326668	,7.6317883
1384082326676	,7.764044
1384082326685	,8.618042
1384082326693	,8.004348
1384082326700	,7.395332
1384082326710	,10.124045
1384082326727	,16.476454
1384082326735	,7.780002
1384082326743	,8.3616
1384082326751	,7.537836
1384082326758	,7.328585
1384082326767	,8.235544
1384082326774	,7.044499
1384082326781	,7.6573367
1384082326789	,7.103659
1384082326799	,10.350132
1384082326807	,7.673207
1384082326819	,12.7074
1384082326827	,7.862392
1384082326835	,7.688267
1384082326845	,9.769995
1384082326859	,13.974642
1384082326867	,8.387609
1384082326875	,7.028088
1384082326882	,7.1880517
1384082326890	,7.7822127
1384082326898	,7.993317
1384082326905	,7.739123
1384082326913	,7.5196033
1384082326927	,14.170346
1384082326936	,8.768615
1384082326944	,7.862345
1384082326951	,7.270708
1384082326959	,8.085153
1384082326969	,8.989839
1384082326976	,7.474721
1384082326983	,7.182635
1384082326991	,7.34918
1384082327000	,9.4369335
1384082327010	,10.056182
1384082327022	,11.662756
1384082327037	,15.05729
1384082327046	,8.836682
1384082327056	,9.87974
1384082327069	,12.68237
1384082327076	,7.7108274
1384082327085	,8.6295395
1384082327093	,7.854831
1384082327104	,11.268839
1384082327113	,8.574127
1384082327122	,8.67679
1384082327129	,7.4147873
1384082327144	,14.623739
1384082327157	,12.689332
1384082327165	,7.961587
1384082327172	,7.4452453
1384082327179	,6.9478073
1384082327187	,7.320064
1384082327194	,6.8551373
1384082327200	,6.9295173
1384082327210	,9.162142
1384082327221	,11.053842
1384082327229	,7.829102
1384082327239	,9.864169
1384082327247	,8.331719
1384082327255	,8.062474
1384082327264	,8.73724
1384082327273	,9.445022
1384082327281	,7.345257
1384082327289	,8.10361
1384082327297	,7.693501
1384082327306	,9.563992
1384082327314	,7.307733
1384082327322	,8.714892
1384082327331	,8.228906
1384082327342	,11.728616
1384082327351	,8.91778
1384082327360	,8.881305
1384082327369	,8.578829
1384082327376	,7.3062806
1384082327384	,7.3271728
1384082327391	,7.785852
1384082327399	,7.301538
1384082327411	,12.1479845
1384082327426	,15.0823765
1384082327435	,8.482255
1384082327445	,10.629239
1384082327453	,7.216047
1384082327463	,10.28409
1384082327472	,9.152371
1384082327480	,7.855243
1384082327489	,8.611956
1384082327497	,7.948952
1384082327505	,8.366271
1384082327512	,7.2089953
1384082327523	,10.866182
1384082327531	,7.409325
1384082327539	,7.767622
1384082327555	,15.895684
1384082327562	,7.2118654
1384082327569	,7.180397
1384082327577	,8.1721945
1384082327585	,7.16643
1384082327592	,7.332763
1384082327599	,7.261725
1384082327607	,7.648356
1384082327618	,11.282147
1384082327632	,13.905206
1384082327641	,8.876701
1384082327658	,16.51347
1384082327669	,10.809203
1384082327676	,7.098577
1384082327685	,8.831496
1384082327692	,7.6728253
1384082327700	,7.163444
1384082327709	,9.46921
1384082327717	,7.945392
1384082327727	,9.854163
1384082327734	,7.136027
1384082327742	,7.260949
1384082327750	,7.842596
1384082327764	,14.177043
1384082327771	,7.583105
1384082327779	,7.549785
1384082327786	,7.404274
1384082327794	,7.519045
1384082327801	,7.262027
1384082327809	,7.2692137
1384082327816	,7.314679
1384082327825	,9.439805
1384082327838	,12.848173
1384082327849	,10.827915
1384082327859	,10.023099
1384082327869	,9.959082
1384082327878	,8.957228
1384082327886	,8.221035
1384082327896	,9.805441
1384082327904	,7.272428
1384082327912	,8.607772
1384082327921	,8.18242
1384082327928	,7.541026
1384082327935	,7.3152013
1384082327943	,7.5140543
1384082327951	,8.44223
1384082327962	,10.883072
1384082327973	,10.056285
1384082327980	,7.416902
1384082327987	,6.783878
1384082327994	,6.784167
1384082328000	,6.508733
1384082328007	,6.7379208
1384082328016	,8.991101
1384082328026	,9.96309
1384082328041	,15.024712
1384082328049	,7.996757
1384082328060	,10.49266
1384082328068	,7.9785542
1384082328078	,9.803756
1384082328084	,6.64205
1384082328094	,9.856971
1384082328102	,7.534519
1384082328109	,7.288647
1384082328117	,7.8377776
1384082328125	,7.885915
1384082328133	,7.936166
1384082328140	,7.50815
1384082328148	,7.940498
1384082328156	,7.559202
1384082328165	,9.4441395
1384082328179	,13.656827
1384082328187	,7.561827
1384082328194	,7.07407
1384082328201	,7.172709
1384082328208	,7.000135
1384082328216	,7.4565363
1384082328224	,8.246096
1384082328232	,7.685944
1384082328243	,11.526211
1384082328253	,9.252236
1384082328262	,9.2915535
1384082328280	,18.273659
1384082328289	,8.235872
1384082328298	,9.537232
1384082328306	,7.785732
1384082328314	,8.19155
1384082328321	,6.8497167
1384082328330	,8.899623
1384082328339	,8.7343645
1384082328346	,6.876454
1384082328354	,7.983387
1384082328362	,8.149416
1384082328369	,7.282675
1384082328378	,8.919665
1384082328387	,8.480324
1384082328395	,7.473914
1384082328402	,7.024997
1384082328409	,7.226145
1384082328416	,7.209424
1384082328424	,7.4703627
1384082328433	,8.867816
1384082328441	,8.462715
1384082328453	,11.4415045
1384082328467	,14.668251
1384082328475	,7.908374
1384082328484	,8.345963
1384082328493	,9.095785
1384082328503	,9.755852
1384082328510	,6.877395
1384082328517	,7.6685076
1384082328524	,6.395829
1384082328532	,8.501655
1384082328540	,7.416218
1384082328547	,7.154252
1384082328555	,8.178993
1384082328565	,9.601731
1384082328575	,9.482915
1384082328582	,7.312337
1384082328596	,13.7029
1384082328603	,7.648113
1384082328610	,6.88507
1384082328617	,6.7360334
1384082328624	,6.908515
1384082328634	,9.623092
1384082328644	,10.620837
1384082328656	,11.13972
1384082328669	,13.422506
1384082328678	,8.913101
1384082328688	,10.164672
1384082328698	,10.092007
1384082328707	,8.434786
1384082328715	,7.603251
1384082328723	,8.042671
1384082328730	,7.6466393
1384082328738	,7.3934083
1384082328745	,7.439147
1384082328752	,7.011308
1384082328759	,6.9894447
1384082328770	,10.873598
1384082328779	,8.222835
1384082328787	,8.609841
1384082328801	,13.726917
1384082328809	,7.8115363
1384082328816	,7.2328033
1384082328823	,6.941106
1384082328830	,7.136847
1384082328839	,8.304782
1384082328848	,9.518497
1384082328859	,10.888419
1384082328876	,16.18988
1384082328883	,7.574768
1384082328896	,12.274451
1384082328906	,10.442541
1384082328914	,7.573678
1384082328921	,6.739884
1384082328928	,7.11201
1384082328936	,8.294917
1384082328945	,8.908029
1384082328952	,7.321527
1384082328961	,8.789062
1384082328972	,11.063235
1384082328980	,7.676675
1384082328989	,8.649261
1384082328996	,7.2234
1384082329006	,9.5679455
1384082329014	,8.063305
1384082329021	,7.266138
1384082329029	,7.4620657
1384082329036	,7.458765
1384082329044	,7.9190984
1384082329052	,7.779029
1384082329063	,11.312174
1384082329078	,14.874631
1384082329088	,9.227852
1384082329099	,11.58705
1384082329109	,9.842787
1384082329117	,8.144893
1384082329126	,8.187255
1384082329132	,6.88656
1384082329139	,6.937648
1384082329147	,7.555275
1384082329155	,7.533141
1384082329162	,7.2693577
1384082329171	,9.206195
1384082329179	,8.178113
1384082329189	,9.164557
1384082329197	,7.973689
1384082329205	,8.390356
1384082329214	,9.029465
1384082329221	,6.984642
1384082329230	,8.927252
1384082329238	,7.169547
1384082329246	,8.737897
1384082329254	,8.070259
1384082329271	,16.51026
1384082329282	,10.863539
1384082329291	,9.528285
1384082329306	,14.863506
1384082329315	,8.190259
1384082329322	,7.37333
1384082329330	,7.799769
1384082329337	,7.471274
1384082329345	,7.215807
1384082329352	,6.9541173
1384082329359	,6.808492
1384082329365	,6.632637
1384082329373	,7.568954
1384082329382	,8.617363
1384082329393	,11.510729
1384082329401	,7.943443
1384082329410	,8.694307
1384082329419	,9.464925
1384082329427	,7.6004963
1384082329436	,8.635641
1384082329445	,9.218858
1384082329454	,8.431147
1384082329461	,6.908589
1384082329473	,12.192167
1384082329483	,10.01051
1384082329493	,9.826432
1384082329506	,13.268629
1384082329515	,8.396838
1384082329522	,7.064858
1384082329529	,7.592461
1384082329539	,9.37031
1384082329546	,7.349093
1384082329554	,7.689764
1384082329563	,8.81898
1384082329571	,8.145738
1384082329579	,7.901348
1384082329586	,7.415488
1384082329597	,11.010744
1384082329607	,9.542293
1384082329615	,7.8777547
1384082329624	,9.337444
1384082329632	,7.578494
1384082329640	,8.030132
1384082329651	,10.329064
1384082329658	,7.175418
1384082329665	,7.089418
1384082329677	,11.999623
1384082329689	,11.95263
1384082329699	,10.354054
1384082329710	,10.5371475
1384082329718	,8.306599
1384082329725	,6.821525
1384082329734	,9.127252
1384082329743	,8.947551
1384082329751	,7.662455
1384082329758	,7.2441907
1384082329766	,7.843226
1384082329774	,7.22244
1384082329782	,8.254371
1384082329790	,8.393961
1384082329801	,10.14001
1384082329808	,7.507195
1384082329815	,7.248024
1384082329824	,8.308787
1384082329831	,7.484515
1384082329840	,8.083458
1384082329849	,9.7137785
1384082329860	,10.644179
1384082329868	,8.248624
1384082329886	,17.36204
1384082329894	,8.045889
1384082329906	,12.281527
1384082329917	,10.590553
1384082329925	,7.7112927
1384082329933	,8.583076
1384082329941	,7.487959
1384082329948	,6.696534
1384082329955	,7.1481233
1384082329962	,7.022273
1384082329969	,6.843566
1384082329976	,6.962227
1384082329982	,6.6302633
1384082329990	,7.719908
1384082329998	,7.833043
1384082330010	,11.819717
1384082330018	,7.638134
1384082330027	,9.12557
1384082330035	,8.607116
1384082330046	,10.947348
1384082330054	,7.877129
1384082330063	,8.627699
1384082330070	,7.164224
1384082330083	,12.13788
1384082330093	,9.982217
1384082330102	,9.428877
1384082330112	,9.453082
1384082330122	,10.496493
1384082330131	,8.632122
1384082330139	,8.100051
1384082330150	,11.054716
1384082330157	,7.295996
1384082330165	,7.1737137
1384082330172	,7.34934
1384082330179	,7.204487
1384082330190	,10.466184
1384082330198	,7.7230897
1384082330207	,9.331459
1384082330215	,7.4965506
1384082330222	,7.313724
1384082330229	,7.0006623
1384082330238	,8.763622
1384082330245	,7.0227127
1384082330253	,8.52641
1384082330264	,10.182389
1384082330271	,7.045465
1384082330278	,7.415708
1384082330292	,13.835133
1384082330303	,10.3768835
1384082330315	,11.944417
1384082330326	,11.043439
1384082330334	,8.376793
1384082330344	,9.298773
1384082330351	,6.900536
1384082330358	,7.7184153
1384082330366	,7.195793
1384082330373	,7.182948
1384082330380	,7.338821
1384082330387	,6.985096
1384082330395	,7.9575877
1384082330403	,8.063988
1384082330413	,9.378621
1384082330421	,7.681127
1384082330428	,7.088249
1384082330436	,8.549725
1384082330444	,7.847771
1384082330453	,9.00577
1384082330463	,9.33824
1384082330472	,9.398903
1384082330480	,7.593968
1384082330489	,8.933384
1384082330504	,15.430375
1384082330515	,10.541599
1384082330527	,11.778183
1384082330534	,7.734982
1384082330543	,8.8631735
1384082330552	,8.824824
1384082330559	,7.0173206
1384082330566	,7.112447
1384082330574	,7.565789
1384082330582	,7.636883
1384082330590	,7.678213
1384082330598	,8.084639
1384082330606	,7.9002414
1384082330613	,7.429998
1384082330621	,8.238569
1384082330629	,7.7189817
1384082330637	,7.406171
1384082330648	,10.982776
1384082330655	,7.334455
1384082330662	,7.13082
1384082330671	,8.695654
1384082330679	,7.5607634
1384082330687	,8.2237425
1384082330696	,8.974245
1384082330705	,9.114894
1384082330716	,11.084572
1384082330728	,11.444434
1384082330735	,7.1495037
1384082330744	,8.653377
1384082330751	,7.462028
1384082330759	,7.269609
1384082330768	,9.384176
1384082330775	,6.949194
1384082330782	,6.942987
1384082330789	,7.4516582
1384082330798	,8.381123
1384082330808	,9.727867
1384082330816	,8.401516
1384082330826	,9.5105505
1384082330836	,10.207627
1384082330844	,8.201225
1384082330855	,10.460721
1384082330862	,7.14425
1384082330873	,11.155363
1384082330881	,7.638891
1384082330890	,8.746786
1384082330899	,9.253697
1384082330909	,9.544217
1384082330918	,9.829734
1384082330937	,18.719109
1384082330953	,15.3327055
1384082330960	,7.4979773
1384082330968	,8.083224
1384082330977	,8.385295
1384082330984	,7.3109503
1384082330991	,7.0167317
1384082331001	,9.31699
1384082331010	,9.340963
1384082331019	,9.046453
1384082331026	,7.0919
1384082331034	,8.127029
1384082331041	,6.831532
1384082331049	,7.7734246
1384082331058	,8.641505
1384082331066	,7.834603
1384082331077	,11.190178
1384082331086	,8.531815
1384082331094	,8.237894
1384082331108	,14.195404
1384082331124	,15.672905
1384082331132	,8.171603
1384082331140	,7.869361
1384082331150	,9.840558
1384082331161	,10.798875
1384082331169	,7.885206
1384082331176	,7.1182747
1384082331184	,7.7178016
1384082331191	,7.6987796
1384082331199	,7.316248
1384082331206	,7.665373
1384082331215	,8.2609415
1384082331222	,7.512554
1384082331230	,7.297812
1384082331239	,8.719583
1384082331248	,9.005205
1384082331257	,9.847854
1384082331266	,8.056281
1384082331276	,10.559162
1384082331284	,8.010118
1384082331292	,8.130245
1384082331304	,11.205107
1384082331312	,8.399526
1384082331321	,9.158099
1384082331333	,11.108136
1384082331340	,7.891953
1384082331352	,11.83917
1384082331360	,7.3325677
1384082331367	,7.423964
1384082331376	,8.814036
1384082331386	,10.064757
1384082331394	,7.4330573
1384082331401	,7.129337
1384082331409	,8.14603
1384082331419	,9.358196
1384082331427	,7.972878
1384082331434	,6.921345
1384082331442	,8.365352
1384082331450	,8.295147
1384082331458	,7.2301097
1384082331466	,8.789706
1384082331475	,8.352983
1384082331484	,9.135608
1384082331493	,8.856345
1384082331501	,7.4880247
1384082331508	,7.756148
1384082331516	,7.239402
1384082331524	,8.175273
1384082331534	,10.252704
1384082331542	,7.380376
1384082331551	,9.083344
1384082331560	,9.563992
1384082331569	,8.38005
1384082331576	,7.2273664
1384082331583	,6.97459
1384082331596	,13.031774
1384082331604	,7.664
1384082331612	,7.998178
1384082331621	,8.694501
1384082331628	,7.227953
1384082331636	,8.14051
1384082331646	,9.345892
1384082331654	,8.270309
1384082331662	,7.878969
1384082331669	,7.396574
1384082331679	,9.226771
1384082331689	,10.599568
1384082331699	,9.239418
1384082331708	,9.773259
1384082331718	,9.7622595
1384082331727	,9.117055
1384082331740	,12.131048
1384082331747	,7.542945
1384082331757	,10.030794
1384082331766	,8.894814
1384082331777	,10.9662695
1384082331785	,7.962235
1384082331793	,7.34675
1384082331801	,7.896283
1384082331808	,7.459013
1384082331816	,7.6867843
1384082331824	,7.74664
1384082331831	,7.319275
1384082331838	,7.2950153
1384082331847	,8.075183
1384082331854	,7.8090944
1384082331865	,10.627489
1384082331872	,6.979917
1384082331884	,11.745
1384082331894	,9.745765
1384082331902	,8.046481
1384082331911	,8.920546
1384082331921	,9.748662
1384082331929	,8.649811
1384082331939	,9.37422
1384082331947	,8.290592
1384082331956	,8.756545
1384082331964	,7.601756
1384082331971	,7.640122
1384082331979	,7.984027
1384082331988	,8.877762
1384082331996	,7.434101
1384082332005	,8.846772
1384082332013	,7.945942
1384082332021	,8.404478
1384082332029	,7.8977833
1384082332037	,8.038719
1384082332045	,7.389126
1384082332054	,9.45307
1384082332062	,8.376103
1384082332070	,7.522249
1384082332078	,7.57516
1384082332087	,9.585483
1384082332096	,8.2276945
1384082332106	,9.884168
1384082332116	,9.931068
1384082332124	,8.282833
1384082332133	,9.1324
1384082332142	,8.724286
1384082332149	,7.3158684
1384082332159	,9.390807
1384082332169	,10.047535
1384082332176	,7.5582347
1384082332187	,10.805426
1384082332195	,7.466043
1384082332203	,8.2167015
1384082332211	,7.660846
1384082332218	,7.303375
1384082332227	,9.186629
1384082332235	,7.24345
1384082332242	,7.649956
1384082332251	,8.117238
1384082332259	,8.653221
1384082332273	,14.1979265
1384082332282	,8.539267
1384082332291	,8.430942
1384082332299	,8.477368
1384082332307	,7.379503
1384082332323	,16.24933
1384082332331	,7.819663
1384082332338	,7.572568
1384082332348	,10.048689
1384082332357	,8.63991
1384082332366	,8.562077
1384082332373	,7.485198
1384082332384	,10.97219
1384082332393	,8.833583
1384082332400	,6.9802547
1384082332408	,7.234934
1384082332416	,8.610873
1384082332424	,7.8479323
1384082332432	,7.412115
1384082332439	,7.458809
1384082332447	,7.430027
1384082332454	,7.244426
1384082332461	,7.353972
1384082332471	,9.284133
1384082332479	,8.058722
1384082332488	,9.01065
1384082332498	,10.188
1384082332507	,8.601107
1384082332517	,10.646856
1384082332526	,8.877513
1384082332535	,8.861167
1384082332543	,7.676612
1384082332550	,6.740622
1384082332558	,8.270852
1384082332569	,11.317109
1384082332578	,8.048589
1384082332587	,9.329471
1384082332595	,7.803365
1384082332604	,8.96281
1384082332613	,9.217128
1384082332621	,7.4576297
1384082332630	,9.138686
1384082332637	,7.4635506
1384082332648	,10.8535595
1384082332656	,7.499576
1384082332663	,7.5320706
1384082332672	,9.036638
1384082332680	,7.933996
1384082332689	,8.106907
1384082332696	,7.798815
1384082332705	,8.060515
1384082332712	,7.1762776
1384082332727	,15.479466
1384082332736	,8.403449
1384082332743	,7.47602
1384082332751	,7.207884
1384082332758	,7.5567613
1384082332767	,9.24531
1384082332775	,7.685855
1384082332783	,7.558246
1384082332792	,9.080147
1384082332801	,9.222826
1384082332809	,7.594921
1384082332817	,7.7925763
1384082332824	,7.293171
1384082332833	,8.366239
1384082332841	,8.571834
1384082332848	,7.049757
1384082332855	,6.815813
1384082332864	,8.337241
1384082332871	,7.526375
1384082332880	,9.063746
1384082332888	,8.129087
1384082332896	,7.2161574
1384082332907	,11.649639
1384082332923	,15.2392
1384082332937	,14.030605
1384082332946	,8.851346
1384082332955	,9.340936
1384082332963	,7.848142
1384082332977	,14.038044
1384082332984	,7.08995
1384082332992	,8.060961
1384082333001	,8.657978
1384082333010	,8.809632
1384082333017	,7.1255803
1384082333025	,7.637356
1384082333033	,8.366552
1384082333041	,7.766337
1384082333049	,7.661138
1384082333056	,7.282487
1384082333064	,7.4999332
1384082333071	,7.0300603
1384082333078	,7.226955
1384082333087	,8.5362
1384082333099	,12.056572
1384082333109	,10.692641
1384082333118	,8.165512
1384082333125	,7.676412
1384082333138	,12.502087
1384082333147	,9.0865
1384082333154	,7.2377853
1384082333161	,6.6521287
1384082333172	,10.517541
1384082333182	,10.02336
1384082333189	,7.344141
1384082333198	,8.610771
1384082333206	,7.866354
1384082333214	,7.9187193
1384082333221	,7.545489
1384082333230	,8.20178
1384082333238	,8.155615
1384082333247	,8.756222
1384082333255	,8.174379
1384082333263	,8.485536
1384082333272	,8.178215
1384082333279	,7.2860928
1384082333289	,9.543991
1384082333297	,8.553792
1384082333306	,8.791435
1384082333315	,9.083575
1384082333323	,8.092728
1384082333331	,7.92169
1384082333345	,13.485053
1384082333353	,7.726395
1384082333360	,7.406735
1384082333368	,7.368439
1384082333378	,10.727522
1384082333387	,8.705076
1384082333395	,7.4792776
1384082333405	,9.870048
1384082333414	,9.269932
1384082333421	,7.2203274
1384082333428	,7.0250354
1384082333438	,9.910942
1384082333447	,8.300499
1384082333454	,7.480318
1384082333461	,7.343267
1384082333469	,7.10091
1384082333478	,9.440251
1384082333486	,7.972451
1384082333495	,9.245504
1384082333504	,8.17771
1384082333513	,9.460404
1384082333524	,10.286465
1384082333531	,7.838599
1384082333540	,8.864502
1384082333558	,17.703892
1384082333569	,10.596518
1384082333580	,11.402132
1384082333589	,8.435151
1384082333597	,7.921546
1384082333604	,7.307337
1384082333612	,8.385468
1384082333622	,9.522645
1384082333630	,7.718685
1384082333639	,9.199757
1384082333647	,7.618203
1384082333654	,7.4701242
1384082333662	,7.3151336
1384082333669	,7.126945
1384082333676	,7.358138
1384082333684	,7.566709
1384082333692	,8.135818
1384082333701	,8.653311
1384082333711	,10.335864
1384082333721	,10.0673485
1384082333729	,7.58472
1384082333740	,10.812459
1384082333749	,9.458488
1384082333757	,7.6518874
1384082333766	,8.791789
1384082333773	,7.5215096
1384082333785	,11.720304
1384082333793	,7.899178
1384082333803	,9.559132
1384082333810	,7.449335
1384082333818	,7.4057508
1384082333827	,8.939031
1384082333835	,8.11469
1384082333843	,8.319085
1384082333851	,7.6700583
1384082333860	,8.79734
1384082333868	,8.600319
1384082333877	,8.109042
1384082333884	,7.48321
1384082333891	,7.211247
1384082333901	,9.119919
1384082333909	,8.4077015
1384082333917	,7.496584
1384082333925	,8.402642
1384082333934	,8.571132
1384082333946	,12.371446
1384082333953	,7.084477
1384082333961	,7.947934
1384082333970	,8.528901
1384082333978	,7.687099
1384082333987	,9.496178
1384082333995	,7.308693
1384082334004	,9.402745
1384082334012	,7.538922
1384082334022	,10.203828
1384082334030	,8.032841
1384082334037	,6.918315
1384082334046	,8.932176
1384082334054	,8.288001
1384082334062	,7.493204
1384082334070	,7.972124
1384082334077	,7.444693
1384082334085	,7.55808
1384082334094	,9.43431
1384082334102	,7.844538
1384082334113	,10.812401
1384082334122	,8.847519
1384082334129	,7.391408
1384082334138	,8.428629
1384082334150	,12.116101
1384082334158	,7.657204
1384082334168	,10.256421
1384082334177	,8.550741
1384082334186	,9.139415
1384082334196	,9.957688
1384082334208	,11.500395
1384082334215	,7.598537
1384082334223	,7.434818
1384082334231	,8.3630495
1384082334239	,7.65653
1384082334247	,8.613345
1384082334255	,7.2445297
1384082334263	,7.898639
1384082334271	,7.772547
1384082334278	,7.434957
1384082334285	,7.3072453
1384082334293	,7.302061
1384082334300	,7.385145
1384082334307	,7.16542
1384082334316	,8.604046
1384082334325	,8.656739
1384082334335	,9.74074
1384082334345	,10.635624
1384082334355	,10.182818
1384082334377	,21.162107
1384082334387	,9.981917
1384082334394	,7.604817
1384082334403	,8.34924
1384082334412	,8.709955
1384082334419	,7.476771
1384082334427	,7.836414
1384082334435	,7.85909
1384082334447	,11.730908
1384082334455	,8.384342
1384082334462	,7.2085457
1384082334472	,9.359906
1384082334479	,7.185325
1384082334490	,11.031966
1384082334497	,7.190876
1384082334506	,9.012997
1384082334514	,7.1027927
1384082334523	,9.55604
1384082334531	,7.493284
1384082334539	,8.274894
1384082334553	,13.867756
1384082334561	,7.8252587
1384082334569	,8.042732
1384082334578	,9.247181
1384082334586	,7.2121162
1384082334593	,7.816938
1384082334602	,8.747954
1384082334610	,7.557337
1384082334620	,10.492862
1384082334628	,7.437057
1384082334636	,7.840271
1384082334645	,9.375429
1384082334653	,7.884208
1384082334661	,7.3603654
1384082334669	,8.063466
1384082334676	,7.265961
1384082334684	,7.6292167
1384082334691	,6.958857
1384082334698	,7.740048
1384082334706	,7.4584837
1384082334713	,7.281055
1384082334724	,10.221425
1384082334735	,11.062084
1384082334743	,8.203565
1384082334754	,10.556732
1384082334762	,8.52406
1384082334770	,7.301681
1384082334780	,10.108881
1384082334787	,7.5711575
1384082334798	,10.562331
1384082334807	,9.003048
1384082334816	,8.464527
1384082334825	,9.535839
1384082334846	,8.338538
1384082334863	,16.74666
1384082334871	,7.852415
1384082334879	,7.887259
1384082334886	,6.975711
1384082334893	,6.8373218
1384082334900	,7.0884438
1384082334907	,7.654214
1384082334915	,7.080966
1384082334923	,8.124755
1384082334932	,9.041413
1384082334941	,9.378134
1384082334952	,10.609891
1384082334965	,12.921959
1384082334973	,7.606967
1384082334980	,7.309891
1384082334989	,8.711258
1384082334998	,8.983043
1384082335006	,8.588504
1384082335014	,7.431105
1384082335022	,7.921264
1384082335030	,7.56571
1384082335037	,7.0495296
1384082335044	,7.379115
1384082335055	,10.875585
1384082335063	,7.9253664
1384082335071	,7.692183
1384082335080	,9.027688
1384082335088	,7.791491
1384082335096	,8.21626
1384082335103	,7.396111
1384082335111	,7.497691
1384082335119	,8.3235855
1384082335127	,8.090143
1384082335135	,7.4575553
1384082335143	,8.40712
1384082335152	,8.8701725
1384082335163	,10.5606785
1384082335172	,9.390765
1384082335179	,6.9760733
1384082335189	,9.87485
1384082335199	,9.123462
1384082335206	,7.683369
1384082335214	,7.532897
1384082335221	,6.920813
1384082335230	,9.079497
1384082335237	,7.0703473
1384082335245	,7.413485
1384082335253	,8.638278
1384082335262	,8.196895
1384082335269	,7.046004
1384082335277	,8.113833
1384082335286	,8.67584
1384082335293	,7.27895
1384082335300	,6.6693234
1384082335307	,7.388978
1384082335314	,6.9289637
1384082335321	,7.1651897
1384082335330	,8.9603405
1384082335338	,7.353147
1384082335349	,10.899881
1384082335358	,8.850292
1384082335370	,12.64459
1384082335378	,7.399167
1384082335386	,8.378058
1384082335394	,7.633324
1384082335401	,6.762751
1384082335410	,8.950048
1384082335418	,8.128012
1384082335425	,7.240375
1384082335434	,8.375238
1384082335442	,8.341184
1384082335449	,7.0427833
1384082335458	,8.494714
1384082335467	,9.544238
1384082335475	,8.126512
1384082335483	,7.154827
1384082335492	,9.404554
1384082335500	,7.735617
1384082335508	,7.743941
1384082335515	,7.2319407
1384082335522	,7.0719924
1384082335536	,14.381111
1384082335544	,7.3487597
1384082335551	,6.990639
1384082335563	,12.327012
1384082335573	,9.769946
1384082335581	,8.278194
1384082335590	,8.523567
1384082335598	,8.337159
1384082335607	,8.1937
1384082335616	,9.273997
1384082335623	,6.9469333
1384082335630	,7.1398787
1384082335638	,8.2445755
1384082335646	,7.2437
1384082335653	,6.997849
1384082335660	,7.324524
1384082335668	,7.601144
1384082335676	,7.879824
1384082335684	,7.8281183
1384082335692	,8.35925
1384082335700	,7.673967
1384082335707	,6.922391
1384082335715	,8.313688
1384082335722	,7.283305
1384082335733	,10.330228
1384082335741	,7.975272
1384082335749	,8.047712
1384082335757	,7.999918
1384082335765	,8.257037
1384082335774	,8.674062
1384082335782	,8.145322
1384082335791	,8.299289
1384082335798	,7.337361
1384082335807	,9.041111
1384082335815	,8.242188
1384082335822	,6.883603
1384082335829	,6.981622
1384082335837	,7.1464543
1384082335847	,10.383629
1384082335855	,7.7098217
1384082335863	,7.654482
1384082335870	,7.7351832
1384082335878	,7.383144
1384082335885	,7.036988
1384082335892	,7.2738338
1384082335901	,8.564955
1384082335908	,7.507699
1384082335916	,7.19857
1384082335923	,6.8854866
1384082335931	,8.27881
1384082335939	,7.616248
1384082335947	,7.955304
1384082335953	,6.874597
1384082335967	,13.150264
1384082335977	,10.360839
1384082335986	,8.364245
1384082335994	,8.146091
1384082336004	,10.331542
1384082336011	,6.9931374
1384082336023	,11.563653
1384082336032	,8.672227
1384082336039	,7.3168607
1384082336046	,7.189198
1384082336056	,9.593456
1384082336064	,7.974362
1384082336071	,7.317975
1384082336080	,9.087608
1384082336088	,7.692474
1384082336095	,7.023414
1384082336104	,8.289117
1384082336111	,7.409808
1384082336119	,7.615037
1384082336126	,7.4478054
1384082336134	,7.764336
1384082336142	,7.7349763
1384082336149	,7.514035
1384082336157	,7.694004
1384082336167	,10.174223
1384082336179	,11.9024725
1384082336188	,9.059792
1384082336199	,10.13074
1384082336208	,9.381329
1384082336218	,9.748138
1384082336225	,6.957481
1384082336233	,8.458082
1384082336241	,7.110924
1384082336249	,7.9411087
1384082336257	,8.054945
1384082336264	,7.52031
1384082336273	,9.00028
1384082336281	,7.783126
1384082336290	,9.016773
1384082336298	,7.744519
1384082336308	,10.220461
1384082336316	,7.2655344
1384082336322	,6.763186
1384082336330	,7.382395
1384082336340	,9.89502
1384082336349	,9.212551
1384082336358	,8.99978
1384082336367	,9.077468
1384082336379	,11.70382
1384082336389	,10.0085125
1384082336399	,9.66385
1384082336408	,9.107048
1384082336416	,7.602476
1384082336424	,8.192338
1384082336432	,7.736414
1384082336439	,7.012854
