1384082336458	,9.576612
1384082336469	,11.243696
1384082336479	,9.269112
1384082336489	,9.856525
1384082336496	,7.7402873
1384082336505	,8.744177
1384082336516	,10.499254
1384082336525	,8.91063
1384082336533	,8.070565
1384082336543	,10.375653
1384082336553	,9.535159
1384082336562	,9.40038
1384082336575	,12.250329
1384082336587	,11.979155
1384082336597	,10.25076
1384082336607	,10.441134
1384082336617	,9.358935
1384082336626	,9.635503
1384082336635	,8.794674
1384082336645	,10.095637
1384082336654	,8.397025
1384082336677	,22.641323
1384082336686	,9.2129135
1384082336696	,10.236464
1384082336705	,8.974489
1384082336714	,9.218151
1384082336723	,8.433319
1384082336731	,7.526038
1384082336740	,9.1006775
1384082336750	,9.817274
1384082336758	,8.233936
1384082336767	,8.7756605
1384082336778	,10.997602
1384082336790	,12.265509
1384082336799	,8.743929
1384082336813	,13.619669
1384082336822	,8.957081
1384082336832	,10.421018
1384082336840	,8.156916
1384082336850	,9.391421
1384082336859	,8.951603
1384082336867	,8.57587
1384082336877	,9.093392
1384082336887	,9.948138
1384082336895	,8.404429
1384082336905	,9.791353
1384082336913	,8.321014
1384082336924	,10.623118
1384082336933	,9.150455
1384082336943	,9.469377
1384082336956	,12.91679
1384082336964	,8.458291
1384082336974	,10.030778
1384082336987	,12.479138
1384082336997	,10.08558
1384082337007	,10.1479645
1384082337018	,11.088171
1384082337027	,8.5567465
1384082337037	,9.968565
1384082337047	,9.790182
1384082337056	,9.5721245
1384082337065	,8.925024
1384082337074	,9.175109
1384082337085	,10.235916
1384082337094	,9.2715645
1384082337103	,8.481264
1384082337111	,8.389227
1384082337120	,8.37761
1384082337131	,10.956419
1384082337138	,7.853575
1384082337150	,11.082096
1384082337159	,9.609882
1384082337168	,8.847562
1384082337179	,11.179008
1384082337190	,11.000296
1384082337199	,8.678848
1384082337209	,10.275108
1384082337219	,9.872463
1384082337228	,8.935285
1384082337237	,8.40072
1384082337245	,8.009926
1384082337254	,9.348019
1384082337264	,9.093516
1384082337272	,8.451678
1384082337281	,8.8486395
1384082337294	,13.070853
1384082337305	,10.55212
1384082337313	,8.379522
1384082337321	,7.8020964
1384082337333	,11.731517
1384082337341	,8.4478035
1384082337351	,9.650694
1384082337360	,8.584136
1384082337369	,9.428094
1384082337378	,8.609377
1384082337387	,9.3011265
1384082337396	,9.195731
1384082337408	,11.359743
1384082337419	,11.15472
1384082337431	,11.566123
1384082337440	,9.726795
1384082337449	,8.133569
1384082337458	,9.302975
1384082337467	,9.411613
1384082337475	,7.87566
1384082337485	,9.766688
1384082337494	,8.377171
1384082337504	,10.854812
1384082337515	,10.179631
1384082337523	,8.42128
1384082337534	,10.901811
1384082337542	,8.070506
1384082337552	,9.419016
1384082337563	,11.64792
1384082337573	,9.69125
1384082337582	,8.501747
1384082337590	,8.334277
1384082337602	,11.730084
1384082337613	,10.771228
1384082337623	,9.962218
1384082337633	,10.571326
1384082337643	,9.575981
1384082337652	,8.765496
1384082337661	,8.611998
1384082337669	,8.469632
1384082337678	,9.022868
1384082337687	,8.643667
1384082337696	,9.44287
1384082337707	,10.299221
1384082337717	,10.2791395
1384082337725	,8.174501
1384082337734	,8.696031
1384082337742	,8.412055
1384082337752	,9.716219
1384082337763	,10.551261
1384082337771	,8.384736
1384082337781	,9.436318
1384082337791	,10.328743
1384082337803	,11.879264
1384082337813	,9.527404
1384082337824	,11.451674
1384082337833	,8.314272
1384082337843	,10.552867
1384082337852	,8.631647
1384082337860	,8.070121
1384082337871	,10.945182
1384082337880	,8.6042595
1384082337889	,8.891354
1384082337896	,7.793993
1384082337908	,11.057178
1384082337919	,11.332207
1384082337930	,11.317516
1384082337939	,8.831453
1384082337948	,8.605214
1384082337958	,9.719401
1384082337968	,10.001908
1384082337976	,8.376594
1384082337987	,10.6332245
1384082337996	,8.6656475
1384082338008	,11.976323
1384082338019	,11.247053
1384082338028	,9.344907
1384082338038	,9.328431
1384082338049	,11.40086
1384082338058	,8.351678
1384082338067	,9.658848
1384082338076	,8.379936
1384082338086	,9.987404
1384082338096	,9.722865
1384082338105	,9.74613
1384082338116	,10.548486
1384082338125	,8.755661
1384082338136	,11.018964
1384082338145	,9.4773445
1384082338158	,12.967825
1384082338168	,9.565874
1384082338180	,12.025532
1384082338193	,12.63213
1384082338203	,10.3036375
1384082338212	,9.208238
1384082338226	,13.161241
1384082338235	,9.30992
1384082338244	,9.065428
1384082338255	,10.444315
1384082338264	,8.88833
1384082338273	,9.711497
1384082338282	,8.364508
1384082338291	,9.384076
1384082338300	,8.595167
1384082338309	,9.371119
1384082338319	,9.838492
1384082338328	,9.03392
1384082338340	,11.710285
1384082338348	,8.467364
1384082338360	,11.628301
1384082338371	,10.596068
1384082338379	,8.076367
1384082338387	,7.9566727
1384082338398	,10.910673
1384082338409	,11.321476
1384082338419	,9.598918
1384082338430	,11.294772
1384082338440	,9.551098
1384082338449	,9.149747
1384082338458	,8.35904
1384082338466	,8.529514
1384082338475	,8.385381
1384082338483	,8.189909
1384082338491	,8.55334
1384082338500	,8.753737
1384082338509	,8.450865
1384082338517	,8.65612
1384082338531	,13.709011
1384082338542	,11.239373
1384082338550	,7.6752243
1384082338560	,9.993884
1384082338570	,9.650938
1384082338579	,8.707106
1384082338587	,8.392179
1384082338597	,10.022054
1384082338607	,9.861937
1384082338617	,9.527304
1384082338627	,9.966619
1384082338636	,9.080883
1384082338645	,9.260125
1384082338654	,8.902916
1384082338664	,9.830248
1384082338674	,9.526218
1384082338682	,8.523291
1384082338691	,8.334938
1384082338700	,9.729951
1384082338709	,8.487098
1384082338719	,10.215902
1384082338728	,8.792172
1384082338738	,10.145436
1384082338751	,12.899702
1384082338760	,8.98423
1384082338774	,13.381508
1384082338785	,10.846239
1384082338794	,9.353938
1384082338806	,12.12382
1384082338815	,8.5273905
1384082338824	,9.125349
1384082338835	,10.832066
1384082338845	,9.912686
1384082338854	,9.123295
1384082338863	,8.9347315
1384082338874	,10.549498
1384082338883	,9.04267
1384082338892	,8.863107
1384082338901	,9.070394
1384082338910	,9.085401
1384082338920	,9.9083185
1384082338928	,8.248486
1384082338938	,9.844027
1384082338952	,13.592828
1384082338960	,8.362324
1384082338969	,8.330041
1384082338981	,12.369679
1384082338990	,8.733299
1384082338998	,8.623136
1384082339013	,14.722726
1384082339021	,7.9739532
1384082339034	,12.570923
1384082339044	,9.83643
1384082339052	,8.558461
1384082339061	,8.7443695
1384082339070	,8.554194
1384082339080	,9.810603
1384082339088	,8.348695
1384082339097	,8.6479845
1384082339106	,8.813179
1384082339115	,9.327468
1384082339125	,9.709232
1384082339133	,8.331601
1384082339141	,8.307263
1384082339160	,18.817057
1384082339169	,8.221338
1384082339179	,9.984055
1384082339188	,8.802179
1384082339196	,8.410547
1384082339205	,8.640628
1384082339223	,18.116848
1384082339233	,10.143003
1384082339244	,11.073694
1384082339255	,10.995499
1384082339264	,8.351963
1384082339272	,8.194147
1384082339283	,10.91073
1384082339292	,8.669569
1384082339300	,8.311523
1384082339308	,8.340096
1384082339317	,8.786504
1384082339327	,9.4219
1384082339335	,8.362468
1384082339343	,7.9913607
1384082339352	,8.860555
1384082339364	,11.42876
1384082339373	,9.693093
1384082339389	,15.137477
1384082339397	,8.376012
1384082339407	,10.1968775
1384082339425	,17.492384
1384082339435	,9.812953
1384082339444	,8.807184
1384082339452	,8.906159
1384082339463	,10.313691
1384082339471	,8.534666
1384082339480	,8.612379
1384082339490	,9.751836
1384082339499	,8.71319
1384082339508	,9.350518
1384082339517	,8.9189625
1384082339526	,8.961254
1384082339536	,9.396514
1384082339545	,8.815809
1384082339554	,9.27384
1384082339564	,10.3053255
1384082339573	,8.90818
1384082339584	,10.675972
1384082339595	,11.529363
1384082339605	,9.500557
1384082339613	,8.067141
1384082339627	,14.120398
1384082339638	,10.85087
1384082339647	,8.909773
1384082339657	,9.753381
1384082339667	,10.293611
1384082339676	,8.215905
1384082339684	,8.408447
1384082339693	,9.205648
1384082339702	,8.3715925
1384082339712	,10.008004
1384082339721	,8.921224
1384082339730	,9.3313675
1384082339743	,12.826186
1384082339751	,8.051845
1384082339761	,9.974395
1384082339777	,15.260615
1384082339788	,11.49859
1384082339798	,9.925327
1384082339806	,7.996138
1384082339815	,8.457795
1384082339823	,8.739682
1384082339840	,16.238815
1384082339850	,10.35739
1384082339859	,8.923644
1384082339869	,9.477215
1384082339877	,7.884602
1384082339886	,9.060371
1384082339897	,10.734366
1384082339906	,9.037881
1384082339914	,8.01759
1384082339922	,8.363344
1384082339931	,8.446602
1384082339939	,8.488046
1384082339949	,9.520027
1384082339958	,9.179024
1384082339967	,9.075403
1384082339976	,9.087232
1384082339992	,15.990954
1384082340004	,12.163589
1384082340016	,11.107189
1384082340026	,9.876503
1384082340043	,16.936588
1384082340055	,12.500038
1384082340064	,8.527505
1384082340073	,9.231625
1384082340083	,9.884739
1384082340092	,9.387386
1384082340101	,8.715234
1384082340110	,8.712119
1384082340119	,8.69762
1384082340128	,8.805623
1384082340137	,9.482751
1384082340146	,8.867281
1384082340155	,9.241964
1384082340165	,9.529622
1384082340173	,8.162345
1384082340182	,8.802138
1384082340197	,15.068471
1384082340209	,11.590817
1384082340218	,8.951991
1384082340227	,9.565184
1384082340243	,15.959387
1384082340255	,11.67168
1384082340264	,8.571492
1384082340273	,9.494911
1384082340283	,9.316528
1384082340291	,8.788817
1384082340301	,9.524637
1384082340309	,8.405174
1384082340318	,8.846332
1384082340328	,9.303065
1384082340336	,8.563942
1384082340346	,9.492717
1384082340354	,8.514686
1384082340363	,8.095376
1384082340371	,8.3317175
1384082340380	,8.649042
1384082340394	,14.478059
1384082340411	,16.697731
1384082340421	,9.75689
1384082340431	,9.714883
1384082340440	,9.091333
1384082340453	,12.862165
1384082340461	,8.23609
1384082340469	,8.412045
1384082340478	,8.428629
1384082340486	,8.338786
1384082340495	,8.617588
1384082340504	,9.351758
1384082340513	,8.713706
1384082340523	,9.368891
1384082340531	,8.818366
1384082340541	,9.745643
1384082340549	,7.99406
1384082340559	,9.231948
1384082340568	,8.982496
1384082340576	,8.308698
1384082340586	,9.770452
1384082340594	,8.481392
1384082340607	,13.087999
1384082340616	,8.799996
1384082340629	,12.224746
1384082340638	,9.160149
1384082340655	,17.605925
1384082340664	,8.234284
1384082340672	,8.38405
1384082340681	,8.498204
1384082340689	,8.494837
1384082340699	,9.390921
1384082340707	,8.456796
1384082340718	,10.655177
1384082340726	,8.4010105
1384082340735	,8.96275
1384082340745	,9.652022
1384082340754	,8.380553
1384082340763	,9.090377
1384082340777	,14.5412
1384082340785	,7.907557
1384082340795	,9.25011
1384082340802	,7.70714
1384082340814	,11.510089
1384082340822	,8.218973
1384082340834	,11.81465
1384082340843	,9.1821
1384082340851	,7.789085
1384082340867	,16.277136
1384082340876	,8.217527
1384082340884	,8.339326
1384082340895	,10.3663845
1384082340903	,8.355182
1384082340912	,8.945353
1384082340921	,8.591365
1384082340929	,8.721198
1384082340938	,8.992434
1384082340949	,10.027832
1384082340957	,8.203901
1384082340965	,8.570275
1384082340973	,7.884262
1384082340982	,8.555031
1384082340990	,8.196692
1384082340998	,8.232431
1384082341008	,9.395701
1384082341026	,18.23744
1384082341039	,12.346208
1384082341048	,9.367672
1384082341056	,8.025638
1384082341071	,14.587481
1384082341080	,9.322676
1384082341088	,8.028
1384082341097	,8.227895
1384082341105	,8.169129
1384082341114	,8.785379
1384082341126	,12.18505
1384082341135	,9.253168
1384082341145	,9.677239
1384082341153	,7.8440733
1384082341162	,9.002097
1384082341172	,10.050617
1384082341181	,8.937966
1384082341189	,8.213875
1384082341198	,8.961022
1384082341206	,8.245919
1384082341215	,8.234809
1384082341223	,8.161195
1384082341235	,12.054378
1384082341255	,20.119408
1384082341266	,10.673939
1384082341279	,13.006315
1384082341288	,8.769885
1384082341296	,8.276762
1384082341305	,8.289317
1384082341313	,8.369741
1384082341322	,8.992496
1384082341331	,9.224045
1384082341341	,9.313098
1384082341350	,8.937721
1384082341358	,8.00363
1384082341366	,8.041591
1384082341375	,9.108535
1384082341384	,8.410305
1384082341392	,8.638915
1384082341403	,10.257029
1384082341411	,8.670384
1384082341419	,7.919784
1384082341428	,9.0693445
1384082341439	,10.196047
1384082341452	,13.388451
1384082341462	,9.457142
1384082341470	,8.163868
1384082341483	,13.606394
1384082341492	,8.0454
1384082341500	,7.934934
1384082341508	,8.694388
1384082341516	,7.759053
1384082341524	,7.970934
1384082341533	,8.481286
1384082341544	,10.932635
1384082341554	,9.942994
1384082341562	,8.181185
1384082341570	,7.777569
1384082341580	,10.695439
1384082341589	,8.350919
1384082341597	,8.045179
1384082341605	,7.670422
1384082341614	,9.681598
1384082341623	,8.315055
1384082341631	,8.343005
1384082341644	,12.594402
1384082341655	,11.06553
1384082341669	,13.658917
1384082341678	,9.183827
1384082341690	,12.239742
1384082341698	,8.003726
1384082341707	,8.496284
1384082341716	,9.041074
1384082341725	,8.765058
1384082341734	,8.950079
1384082341747	,12.842431
1384082341756	,8.835151
1384082341764	,8.409216
1384082341772	,8.142005
1384082341781	,8.478931
1384082341790	,9.201744
1384082341798	,8.038656
1384082341813	,14.379265
1384082341821	,8.299541
1384082341830	,8.532624
1384082341838	,7.9921803
1384082341852	,14.242713
1384082341864	,11.845578
1384082341878	,13.841851
1384082341890	,12.101461
1384082341898	,8.003035
1384082341907	,9.06451
1384082341915	,8.279577
1384082341924	,8.047347
1384082341933	,8.977301
1384082341941	,8.6139765
1384082341954	,12.581675
1384082341962	,8.032243
1384082341971	,8.721915
1384082341979	,8.419369
1384082341988	,8.535924
1384082341997	,9.2803
1384082342007	,9.698586
1384082342015	,8.238837
1384082342024	,8.259261
1384082342031	,7.8002253
1384082342040	,8.562348
1384082342054	,14.053495
1384082342062	,8.057885
1384082342073	,10.522842
1384082342087	,14.389304
1384082342098	,10.579021
1384082342106	,8.342153
1384082342116	,9.754735
1384082342126	,10.305949
1384082342135	,8.236832
1384082342144	,8.792874
1384082342153	,9.577469
1384082342163	,9.313545
1384082342171	,8.726755
1384082342180	,8.176949
1384082342188	,7.9502387
1384082342196	,8.222492
1384082342205	,9.156214
1384082342214	,8.494897
1384082342222	,8.208532
1384082342230	,7.8098073
1384082342239	,9.2291155
1384082342247	,8.19336
1384082342263	,15.572563
1384082342272	,9.232743
1384082342282	,9.838658
1384082342301	,19.097727
1384082342310	,8.708529
1384082342318	,8.177962
1384082342327	,8.3633375
1384082342336	,9.569764
1384082342344	,8.148658
1384082342354	,9.935448
1384082342367	,12.329605
1384082342376	,8.612672
1384082342384	,8.313935
1384082342393	,9.274363
1384082342403	,9.859686
1384082342412	,8.789816
1384082342422	,9.594457
1384082342429	,7.547916
1384082342437	,7.833942
1384082342445	,7.469171
1384082342452	,7.481822
1384082342460	,7.937019
1384082342474	,13.348136
1384082342483	,9.025225
1384082342493	,9.919445
1384082342511	,18.321947
1384082342519	,8.330981
1384082342528	,8.077989
1384082342536	,8.261832
1384082342545	,9.298475
1384082342554	,8.72643
1384082342564	,10.031192
1384082342573	,8.798821
1384082342581	,8.105717
1384082342589	,8.132017
1384082342598	,8.402933
1384082342607	,8.9302845
1384082342617	,9.706661
1384082342625	,8.341983
1384082342634	,8.538139
1384082342641	,7.543146
1384082342649	,8.292692
1384082342658	,8.743863
1384082342667	,8.667336
1384082342681	,14.008157
1384082342689	,8.387223
1384082342699	,9.845293
1384082342712	,12.77258
1384082342720	,7.940543
1384082342730	,9.944425
1384082342739	,8.561215
1384082342747	,8.147488
1384082342756	,8.649307
1384082342764	,8.474477
1384082342774	,9.537761
1384082342782	,8.385634
1384082342792	,9.5230665
1384082342800	,7.636417
1384082342808	,8.812608
1384082342819	,10.611357
1384082342828	,8.885957
1384082342836	,7.742831
1384082342844	,8.296833
1384082342854	,9.469304
1384082342862	,8.522647
1384082342880	,17.486198
1384082342888	,8.389045
1384082342899	,10.166759
1384082342909	,10.382667
1384082342924	,14.762645
1384082342932	,7.7783637
1384082342939	,7.7323523
1384082342948	,8.780777
1384082342956	,7.985362
1384082342965	,8.79566
1384082342976	,10.553293
1384082342985	,9.128986
1384082342994	,8.884165
1384082343002	,7.82349
1384082343010	,8.052008
1384082343021	,10.767657
1384082343029	,7.997207
1384082343039	,9.934567
1384082343047	,8.015599
1384082343055	,7.66779
1384082343063	,8.681574
1384082343071	,7.473539
1384082343088	,17.133022
1384082343097	,9.096818
1384082343108	,10.489146
1384082343117	,8.685779
1384082343133	,15.998737
1384082343140	,7.68953
1384082343149	,8.546359
1384082343158	,8.843793
1384082343166	,8.124752
1384082343176	,10.078648
1384082343187	,10.517728
1384082343194	,7.383422
1384082343201	,7.251125
1384082343209	,7.199801
1384082343217	,8.244657
1384082343227	,9.970067
1384082343235	,8.00504
1384082343242	,7.153279
1384082343250	,7.97664
1384082343258	,7.83592
1384082343266	,8.064984
1384082343275	,8.33247
1384082343291	,16.290174
1384082343302	,10.614962
1384082343314	,12.122781
1384082343321	,7.465308
1384082343334	,12.389254
1384082343344	,9.716749
1384082343353	,8.985776
1384082343360	,7.717229
1384082343370	,9.241385
1384082343378	,8.105409
1384082343387	,9.46825
1384082343396	,8.086022
1384082343405	,9.597582
1384082343413	,7.925816
1384082343424	,10.74926
1384082343435	,10.852731
1384082343443	,7.548503
1384082343450	,7.2333407
1384082343459	,8.672817
1384082343467	,8.126795
1384082343475	,8.380167
1384082343483	,8.113407
1384082343568	,84.6091
1384082343590	,21.693054
1384082343598	,8.512803
1384082343606	,7.616
1384082343618	,12.150989
1384082343627	,8.808083
1384082343642	,14.581398
1384082343652	,10.270543
1384082343660	,7.94167
1384082343668	,7.7878942
1384082343677	,8.720641
1384082343685	,8.047689
1384082343693	,8.171419
1384082343702	,8.942829
1384082343710	,8.476103
1384082343719	,8.194174
1384082343727	,7.839012
1384082343734	,7.707352
1384082343751	,16.943756
1384082343759	,7.6629753
1384082343785	,25.713053
1384082343797	,12.406378
1384082343811	,14.020808
1384082343820	,8.79397
1384082343829	,8.673059
1384082343838	,8.702765
1384082343846	,7.738132
1384082343854	,8.29819
1384082343866	,12.085257
1384082343874	,8.147367
1384082343883	,9.218983
1384082343893	,9.652834
1384082343901	,7.702048
1384082343909	,7.8605227
1384082343917	,8.025674
1384082343925	,8.166738
1384082343933	,8.187891
1384082343943	,9.72274
1384082343961	,18.055264
1384082343970	,8.671866
1384082343990	,20.03722
1384082344001	,10.69676
1384082344010	,9.441455
1384082344025	,14.21215
1384082344034	,9.708221
1384082344043	,9.062956
1384082344051	,7.675027
1384082344060	,8.754769
1384082344069	,8.522584
1384082344077	,8.32744
1384082344094	,16.998545
1384082344103	,8.746777
1384082344111	,7.9157634
1384082344119	,8.21585
1384082344127	,7.890181
1384082344135	,8.002015
1384082344146	,10.375318
1384082344155	,8.934789
1384082344163	,8.435711
1384082344171	,7.8876653
1384082344181	,10.267534
1384082344198	,16.122883
1384082344216	,18.031944
1384082344223	,7.63321
1384082344231	,7.741308
1384082344239	,7.794625
1384082344247	,8.4207945
1384082344255	,7.4749637
1384082344265	,10.223777
1384082344273	,7.952886
1384082344281	,8.072074
1384082344290	,8.625792
1384082344298	,7.8843703
1384082344306	,7.740955
1384082344313	,7.6416183
1384082344321	,7.900689
1384082344331	,9.46862
1384082344339	,7.8145647
1384082344348	,9.51908
1384082344357	,8.1105795
1384082344369	,11.840454
1384082344377	,8.878447
1384082344387	,9.283234
1384082344400	,13.046561
1384082344417	,17.539871
1384082344426	,8.3264065
1384082344436	,9.786
1384082344444	,7.893096
1384082344452	,8.325996
1384082344460	,8.328546
1384082344469	,8.162776
1384082344476	,7.674305
1384082344485	,8.382651
1384082344494	,9.247636
1384082344507	,13.321264
1384082344516	,8.237003
1384082344524	,8.2912
1384082344533	,8.630959
1384082344541	,7.85618
1384082344548	,7.645649
1384082344559	,10.367717
1384082344570	,10.979942
1384082344578	,8.447615
1384082344588	,9.646288
1384082344599	,10.733835
1384082344607	,8.571232
1384082344622	,14.249907
1384082344637	,15.584345
1384082344645	,7.584597
1384082344653	,8.140882
1384082344661	,7.987648
1384082344669	,7.914813
1384082344678	,8.467989
1384082344685	,7.5224047
1384082344700	,14.370532
1384082344708	,8.35544
1384082344717	,8.557676
1384082344725	,7.787413
1384082344734	,8.94735
1384082344742	,7.893089
1384082344750	,8.684751
1384082344759	,9.026892
1384082344769	,9.18431
1384082344776	,7.442724
1384082344784	,7.729484
1384082344793	,9.256444
1384082344802	,9.11472
1384082344813	,10.771841
1384082344821	,8.023477
1384082344838	,16.941805
1384082344846	,7.8968177
1384082344853	,7.151824
1384082344862	,8.575681
1384082344870	,8.377941
1384082344879	,8.722275
1384082344886	,7.065789
1384082344895	,8.388243
1384082344903	,8.313775
1384082344913	,9.404756
1384082344920	,7.577509
1384082344928	,8.082229
1384082344939	,10.063232
1384082344946	,7.5007663
1384082344953	,7.32477
1384082344965	,11.488763
1384082344974	,9.245211
1384082344984	,9.494016
1384082344993	,8.724074
1384082345002	,9.279413
1384082345009	,7.183348
1384082345017	,7.973455
1384082345024	,7.153328
1384082345042	,17.829607
1384082345051	,8.621224
1384082345059	,7.724653
1384082345067	,8.221727
1384082345075	,7.8296127
1384082345083	,8.402928
1384082345091	,7.8405743
1384082345099	,7.228128
1384082345108	,9.455676
1384082345120	,11.549552
1384082345128	,8.22457
1384082345135	,7.215405
1384082345143	,7.7300534
1384082345151	,7.7331
1384082345159	,8.258816
1384082345168	,8.531177
1384082345181	,13.208303
1384082345189	,8.084122
1384082345199	,9.492786
1384082345206	,7.513603
1384082345215	,8.433635
1384082345224	,9.275423
1384082345232	,7.699156
1384082345244	,12.483662
1384082345258	,13.838011
1384082345270	,11.458898
1384082345277	,7.680159
1384082345285	,7.586114
1384082345293	,7.9313836
1384082345300	,7.295597
1384082345315	,14.507668
1384082345323	,8.325164
1384082345332	,8.284949
1384082345340	,8.068943
1384082345348	,7.941476
1384082345356	,7.778883
1384082345365	,9.595428
1384082345380	,14.998442
1384082345390	,9.816293
1384082345398	,7.346441
1384082345407	,9.493252
1384082345415	,7.374124
1384082345428	,13.763744
1384082345436	,7.6562424
1384082345443	,7.299602
1384082345451	,6.98916
1384082345463	,12.059585
1384082345479	,16.69585
1384082345488	,8.314726
1384082345497	,9.176258
1384082345505	,8.256613
1384082345514	,8.446707
1384082345524	,9.814797
1384082345531	,7.724483
1384082345540	,8.124802
1384082345547	,7.491089
1384082345555	,7.836573
1384082345565	,9.659434
1384082345582	,16.837439
1384082345593	,10.954671
1384082345601	,8.680661
1384082345610	,8.436201
1384082345617	,7.393378
1384082345626	,8.576205
1384082345634	,7.9282727
1384082345641	,7.320138
1384082345649	,7.886665
1384082345656	,7.145973
1384082345667	,10.070279
1384082345687	,20.5922
1384082345695	,7.869044
1384082345703	,7.3080764
1384082345710	,7.6742673
1384082345717	,7.121942
1384082345726	,8.37593
1384082345738	,12.289379
1384082345747	,8.5103
1384082345754	,7.127292
1384082345762	,7.883077
1384082345771	,8.9129305
1384082345781	,9.566296
1384082345788	,7.847436
1384082345799	,10.647934
1384082345810	,10.804212
1384082345818	,7.824144
1384082345825	,7.036819
1384082345839	,14.453912
1384082345847	,7.863056
1384082345857	,9.101595
1384082345864	,7.742044
1384082345874	,9.910119
1384082345892	,17.77372
1384082345903	,11.184087
1384082345911	,7.3626223
1384082345918	,7.59102
1384082345932	,13.912467
1384082345940	,7.8742013
1384082345948	,7.889944
1384082345956	,8.073208
1384082345964	,7.954107
1384082345973	,8.8622675
1384082345981	,8.013258
1384082345990	,8.660254
1384082345999	,9.225922
1384082346008	,8.370887
1384082346016	,8.24092
1384082346024	,7.665167
1384082346031	,6.778811
1384082346042	,11.629749
1384082346050	,8.011156
1384082346058	,7.21742
1384082346065	,7.045619
1384082346073	,8.546387
1384082346081	,7.294551
1384082346092	,11.325991
1384082346107	,14.504602
1384082346118	,10.941222
1384082346125	,7.296346
1384082346132	,7.180777
1384082346140	,7.494643
1384082346148	,8.311159
1384082346156	,7.652412
1384082346164	,7.761193
1384082346171	,7.031439
1384082346179	,8.281773
1384082346188	,8.586842
1384082346195	,7.691713
1384082346204	,8.72175
1384082346216	,11.591853
1384082346223	,7.457895
1384082346231	,7.292438
1384082346237	,6.6590323
1384082346247	,9.652358
1384082346254	,6.4019923
1384082346261	,7.425067
1384082346268	,6.3429036
1384082346277	,9.245039
1384082346284	,7.317269
1384082346292	,7.546388
1384082346300	,7.722046
1384082346313	,13.433103
1384082346320	,6.4851203
1384082346327	,7.261608
1384082346333	,6.4740353
1384082346341	,7.528232
1384082346351	,10.311504
1384082346358	,6.9392996
1384082346365	,6.623798
1384082346372	,7.115523
1384082346380	,7.93512
1384082346390	,9.194048
1384082346396	,6.4371862
1384082346406	,10.237242
1384082346419	,13.004064
1384082346426	,6.515649
1384082346432	,6.413104
1384082346440	,7.282046
1384082346448	,8.508449
1384082346456	,7.711813
1384082346463	,6.939654
1384082346470	,6.7465906
1384082346478	,8.286023
1384082346486	,8.199021
1384082346494	,7.10782
1384082346501	,7.49228
1384082346508	,6.956263
1384082346534	,26.150917
1384082346542	,7.1527452
1384082346549	,7.6103816
1384082346556	,6.94226
1384082346563	,6.988256
1384082346570	,7.14722
1384082346579	,8.189159
1384082346587	,8.256444
1384082346596	,9.09111
1384082346603	,7.055235
1384082346612	,8.684859
1384082346621	,8.904476
1384082346628	,7.1274123
1384082346635	,6.99705
1384082346642	,6.586423
1384082346650	,7.709489
1384082346658	,7.931832
1384082346667	,8.985584
1384082346674	,7.002058
1384082346682	,8.031461
1384082346689	,6.663389
1384082346696	,7.5485
1384082346704	,7.387247
1384082346712	,8.737733
1384082346722	,9.151975
1384082346729	,7.873924
1384082346739	,9.2662945
1384082346748	,9.202484
1384082346755	,6.9737577
1384082346762	,6.865744
1384082346769	,7.061117
1384082346776	,7.309498
1384082346785	,8.10016
1384082346793	,8.626451
1384082346801	,7.1595707
1384082346809	,8.388739
1384082346818	,8.921457
1384082346825	,7.1588655
1384082346832	,6.652213
1384082346844	,11.963732
1384082346851	,7.1849036
1384082346860	,8.4831085
1384082346868	,7.908296
1384082346874	,6.61901
1384082346882	,7.49519
1384082346889	,6.901893
1384082346896	,7.05234
1384082346904	,8.039228
1384082346911	,7.0964513
1384082346918	,6.75667
1384082346925	,7.2281947
1384082346934	,8.198232
1384082346941	,7.6261
1384082346950	,8.749336
1384082346957	,7.156004
1384082346967	,10.167579
1384082346974	,6.780973
1384082346981	,6.9974713
1384082346991	,9.600532
1384082346999	,7.8170533
1384082347006	,7.331375
1384082347015	,8.615143
1384082347029	,14.219733
1384082347037	,7.296084
1384082347043	,6.843832
1384082347050	,6.821636
1384082347059	,8.773345
1384082347068	,8.907266
1384082347076	,7.427998
1384082347084	,8.263128
1384082347091	,7.430365
1384082347099	,7.5954304
1384082347107	,7.658892
1384082347114	,7.2531548
1384082347121	,7.329258
1384082347129	,7.710445
1384082347137	,7.606105
1384082347168	,31.385817
1384082347179	,10.170386
1384082347187	,8.554968
1384082347198	,10.792551
1384082347206	,7.4860153
1384082347215	,8.939459
1384082347224	,9.068414
1384082347233	,9.552847
1384082347241	,7.9130964
1384082347249	,7.9170113
1384082347257	,7.98499
1384082347265	,8.137028
1384082347276	,10.117448
1384082347284	,8.23147
1384082347292	,8.514671
1384082347300	,7.265221
1384082347307	,7.518583
1384082347315	,7.571942
1384082347324	,8.540957
1384082347334	,9.891585
1384082347343	,9.912916
1384082347351	,7.426398
1384082347359	,7.844685
1384082347367	,8.16636
1384082347376	,8.3750515
1384082347384	,8.450051
1384082347394	,10.186855
1384082347403	,9.061278
1384082347411	,7.495801
1384082347420	,9.088108
1384082347431	,10.969219
1384082347438	,6.72787
1384082347445	,7.443988
1384082347453	,7.794834
1384082347461	,7.302449
1384082347468	,7.687924
1384082347481	,12.905181
1384082347489	,8.076131
1384082347496	,6.9810333
1384082347503	,6.51155
1384082347510	,7.07091
1384082347517	,6.8491297
1384082347524	,6.911911
1384082347531	,7.064705
1384082347538	,7.2525716
1384082347546	,7.684228
1384082347554	,7.6580095
1384082347561	,7.238543
1384082347569	,7.299847
1384082347576	,7.381544
1384082347585	,8.759262
1384082347594	,8.7909
1384082347605	,10.986184
1384082347612	,6.793067
1384082347619	,7.0110517
1384082347629	,10.405566
1384082347640	,11.352273
1384082347648	,7.487066
1384082347655	,7.431921
1384082347662	,6.973768
1384082347670	,7.7517624
1384082347678	,7.425318
1384082347686	,7.953465
1384082347694	,7.999163
1384082347701	,6.7867613
1384082347709	,7.8711653
1384082347717	,8.013967
1384082347724	,6.973753
1384082347731	,7.422448
1384082347739	,7.301537
1384082347746	,7.36162
1384082347761	,15.208973
1384082347768	,6.948466
1384082347778	,9.448651
1384082347789	,11.571796
1384082347810	,20.353132
1384082347817	,7.672133
1384082347826	,8.207755
1384082347833	,7.054534
1384082347844	,11.361853
1384082347851	,7.19923
1384082347858	,6.895078
1384082347866	,7.0938244
1384082347873	,6.923925
1384082347880	,7.076436
1384082347888	,8.256977
1384082347898	,9.869613
1384082347905	,7.4230123
1384082347913	,7.339808
1384082347920	,6.961015
1384082347927	,7.101648
1384082347934	,7.128771
1384082347942	,7.5147643
1384082347951	,8.921052
1384082347958	,6.97794
1384082347967	,8.823969
1384082347974	,7.255463
1384082347982	,8.175696
1384082347989	,6.6633663
1384082347997	,7.740192
1384082348005	,8.095194
1384082348020	,15.445283
1384082348029	,9.067475
1384082348037	,7.152263
1384082348046	,9.49814
1384082348053	,6.9054427
1384082348060	,6.9034257
1384082348067	,6.85104
1384082348074	,6.953453
1384082348081	,7.435951
1384082348089	,7.3714647
1384082348105	,15.5537195
1384082348112	,7.624106
1384082348119	,7.112182
1384082348127	,7.259482
1384082348134	,7.745938
1384082348142	,7.657229
1384082348149	,6.840495
1384082348156	,6.958761
1384082348163	,6.9777727
1384082348173	,9.621366
1384082348180	,7.311416
1384082348187	,7.143006
1384082348194	,7.048728
1384082348203	,8.793503
1384082348213	,9.5843525
1384082348226	,12.817042
1384082348235	,8.682058
1384082348245	,10.265166
1384082348253	,8.241513
1384082348264	,10.532725
1384082348271	,7.117274
1384082348278	,7.020453
1384082348286	,7.369086
1384082348293	,7.048853
1384082348300	,7.348668
1384082348308	,7.926535
1384082348315	,6.662757
1384082348321	,6.3683453
1384082348328	,6.9646287
1384082348335	,6.7741194
1384082348350	,14.726381
1384082348357	,7.300744
1384082348365	,8.153519
1384082348373	,8.079722
1384082348382	,8.9746475
1384082348389	,6.585148
1384082348396	,7.12076
1384082348405	,8.203253
1384082348414	,9.613509
1384082348424	,9.780712
1384082348436	,11.874655
1384082348446	,10.236669
1384082348453	,6.827983
1384082348461	,7.3978233
1384082348468	,7.452044
1384082348475	,7.246
1384082348483	,7.084106
1384082348490	,7.450665
1384082348498	,7.637881
1384082348505	,7.3714113
1384082348515	,9.977081
1384082348523	,8.153399
1384082348531	,7.1486697
1384082348537	,6.664268
1384082348544	,6.6624084
1384082348551	,6.635544
1384082348558	,7.696555
1384082348568	,9.109114
1384082348575	,7.6229763
1384082348585	,9.785893
1384082348592	,7.273951
1384082348600	,7.157604
1384082348607	,7.319584
1384082348614	,7.054365
1384082348622	,7.477371
1384082348633	,11.64222
1384082348644	,11.055135
1384082348652	,7.418728
1384082348659	,7.403075
1384082348667	,7.219151
1384082348675	,8.142791
1384082348683	,7.9860306
1384082348691	,7.594541
1384082348697	,6.7222013
1384082348704	,6.297755
1384082348711	,7.6406155
1384082348721	,9.999606
1384082348730	,8.835065
1384082348737	,6.180202
1384082348743	,6.482726
1384082348750	,6.543529
1384082348756	,6.566285
1384082348763	,6.525736
1384082348769	,6.2777853
1384082348776	,6.554989
1384082348783	,6.7785296
1384082348792	,9.631009
1384082348799	,6.154727
1384082348805	,6.531143
1384082348812	,6.4512367
1384082348819	,7.591027
1384082348830	,10.436072
1384082348841	,11.059864
1384082348851	,10.065832
1384082348858	,6.582082
1384082348864	,5.7667403
1384082348870	,5.998629
1384082348878	,7.964067
1384082348884	,6.639286
1384082348891	,6.992185
1384082348899	,7.4669247
1384082348906	,6.824186
1384082348913	,7.5683837
1384082348920	,6.741539
1384082348928	,7.7414513
1384082348935	,7.3648043
1384082348942	,6.80768
1384082348949	,6.205851
1384082348955	,6.6908884
1384082348962	,6.479757
1384082348968	,6.3544188
1384082348976	,7.51236
1384082348983	,7.497969
1384082348991	,7.959662
1384082349000	,8.222888
1384082349007	,6.895251
1384082349014	,7.543082
1384082349022	,7.33108
1384082349029	,7.8410306
1384082349062	,32.380093
1384082349079	,17.485544
1384082349090	,10.4450655
1384082349097	,7.294438
1384082349104	,6.882031
1384082349112	,7.3584514
1384082349119	,6.8828444
1384082349126	,7.12382
1384082349133	,7.698664
1384082349142	,8.568031
1384082349150	,7.4927893
1384082349157	,6.843453
1384082349164	,6.9192176
1384082349171	,7.281696
1384082349179	,8.08394
1384082349187	,8.370927
1384082349195	,7.552936
1384082349205	,10.379632
1384082349213	,7.727832
1384082349221	,7.404229
1384082349229	,7.956173
1384082349236	,7.370346
1384082349249	,12.852457
1384082349257	,8.363131
1384082349265	,7.133239
1384082349280	,15.323844
1384082349287	,7.250636
1384082349294	,6.790268
1384082349302	,7.587554
1384082349309	,7.360956
1384082349317	,7.9811087
1384082349325	,7.437428
1384082349333	,7.959023
1384082349343	,9.750014
1384082349352	,9.8530445
1384082349361	,8.084428
1384082349368	,7.2373233
1384082349376	,7.799086
1384082349383	,7.53682
1384082349392	,8.327242
1384082349401	,8.94607
1384082349409	,8.088629
1384082349417	,8.05178
1384082349425	,8.066018
1384082349433	,7.692271
1384082349444	,11.177766
1384082349457	,12.599315
1384082349466	,9.157371
1384082349473	,7.331133
1384082349486	,12.892352
1384082349496	,9.276868
1384082349503	,7.381854
1384082349511	,7.551062
1384082349520	,8.9267025
1384082349527	,7.29448
1384082349535	,7.607524
1384082349542	,7.232986
1384082349550	,8.326425
1384082349559	,8.3975
1384082349566	,7.0823483
1384082349573	,6.624599
1384082349580	,7.0405297
1384082349586	,6.715199
1384082349594	,7.803669
1384082349602	,7.58789
1384082349610	,7.7875257
1384082349619	,8.699355
1384082349626	,7.590736
1384082349634	,7.869215
1384082349645	,10.408644
1384082349651	,6.877128
1384082349670	,18.672565
1384082349677	,6.985719
1384082349691	,13.295051
1384082349697	,6.622145
1384082349704	,6.544976
1384082349710	,6.56626
1384082349717	,6.628253
1384082349726	,8.619114
1384082349733	,7.35286
1384082349740	,6.8497024
1384082349749	,8.330465
1384082349756	,7.644416
1384082349764	,7.423579
1384082349772	,7.941264
1384082349778	,6.519156
1384082349785	,6.773985
1384082349792	,6.8717203
1384082349800	,8.092193
1384082349808	,7.4851317
1384082349828	,19.973888
1384082349835	,7.220877
1384082349842	,7.041459
1384082349850	,7.98105
1384082349857	,7.25674
1384082349870	,12.113138
1384082349876	,6.587976
1384082349886	,10.060085
1384082349897	,10.639036
1384082349904	,6.4322567
1384082349910	,6.434145
1384082349917	,7.2154713
1384082349925	,7.7690477
1384082349932	,6.780528
1384082349940	,7.5834637
1384082349947	,7.356811
1384082349954	,6.970504
1384082349961	,6.982266
1384082349970	,9.041214
1384082349977	,6.758035
1384082349985	,8.080056
1384082349992	,6.992736
1384082350000	,7.492917
1384082350008	,8.59913
1384082350016	,7.864389
1384082350025	,8.776787
1384082350035	,10.310804
1384082350044	,8.2809925
1384082350051	,7.0777807
1384082350060	,8.622372
1384082350072	,11.987432
1384082350079	,7.691239
1384082350087	,7.6706758
1384082350094	,7.098816
1384082350105	,10.70598
1384082350112	,6.969329
1384082350119	,6.879193
1384082350128	,8.759591
1384082350135	,7.0823894
1384082350142	,6.8274703
1384082350148	,6.2927737
1384082350155	,6.793545
1384082350163	,7.723476
1384082350171	,8.478834
1384082350179	,7.53042
1384082350186	,7.2945123
1384082350194	,7.0867596
1384082350202	,7.987693
1384082350210	,8.220037
1384082350218	,7.64745
1384082350225	,7.744638
1384082350234	,8.535978
1384082350244	,9.540354
1384082350253	,9.125505
1384082350261	,8.310008
1384082350271	,9.910651
1384082350283	,12.027467
1384082350291	,8.11338
1384082350298	,7.1511526
1384082350308	,9.784347
1384082350315	,6.922556
1384082350323	,7.516972
1384082350331	,7.5825334
1384082350338	,7.2284617
1384082350346	,8.061009
1384082350353	,7.273111
1384082350360	,7.0545382
1384082350371	,11.048449
1384082350380	,8.847654
1384082350387	,6.732689
1384082350394	,6.787685
1384082350401	,6.787411
1384082350409	,8.095038
1384082350417	,8.3627405
1384082350425	,7.725728
1384082350432	,6.595831
1384082350439	,6.6425123
1384082350451	,12.886771
1384082350460	,8.308116
1384082350467	,7.3602633
1384082350474	,7.033834
1384082350483	,8.529618
1384082350491	,7.6083093
1384082350499	,7.9439387
1384082350505	,6.305195
1384082350514	,9.195009
1384082350521	,6.7456946
1384082350528	,6.6910906
1384082350535	,7.339939
1384082350542	,6.6981173
1384082350549	,6.570084
1384082350555	,6.719358
1384082350563	,7.27254
1384082350570	,6.8254657
1384082350578	,7.9615
1384082350586	,8.200597
1384082350594	,7.831893
1384082350600	,6.56218
1384082350607	,7.0894513
1384082350614	,7.005335
1384082350622	,7.016734
1384082350630	,8.365111
1384082350638	,8.018961
1384082350646	,7.530721
1384082350655	,9.288371
1384082350664	,8.491913
1384082350673	,9.273241
1384082350694	,21.361828
1384082350710	,15.264569
1384082350718	,8.411901
1384082350727	,8.642499
1384082350734	,6.839233
1384082350741	,6.840246
1384082350749	,8.819528
1384082350757	,7.242901
1384082350763	,6.744555
1384082350770	,6.9440823
1384082350779	,8.374787
1384082350788	,8.776393
1384082350796	,8.032399
1384082350803	,6.866887
1384082350810	,7.3299913
1384082350818	,7.598728
1384082350825	,7.484152
1384082350833	,7.276568
1384082350841	,7.954476
1384082350848	,7.5493627
1384082350857	,8.622973
1384082350866	,9.472742
1384082350875	,8.653488
1384082350882	,6.9824457
1384082350889	,6.372979
1384082350898	,8.808686
1384082350904	,6.594876
1384082350917	,13.131219
1384082350926	,8.602247
1384082350933	,7.082984
1384082350941	,8.1308565
1384082350948	,7.07234
1384082350957	,8.76634
1384082350965	,7.9128733
1384082350975	,10.082675
1384082350988	,12.283042
1384082350999	,11.597573
1384082351006	,7.041835
1384082351013	,6.7464857
1384082351020	,6.978012
1384082351027	,6.87276
1384082351036	,9.071152
1384082351043	,7.0092807
1384082351051	,7.3940763
1384082351059	,8.054637
1384082351071	,11.485153
1384082351078	,7.2048483
1384082351085	,7.378233
1384082351092	,6.621098
1384082351101	,8.752838
1384082351109	,7.802859
1384082351120	,11.048696
1384082351135	,14.9605
1384082351143	,7.777618
1384082351150	,7.035119
1384082351156	,6.708503
1384082351164	,7.3298616
1384082351171	,6.8925657
1384082351178	,7.538907
1384082351186	,8.153059
1384082351194	,7.929584
1384082351204	,9.126148
1384082351212	,7.852242
1384082351219	,7.7031584
1384082351227	,7.3906593
1384082351235	,7.723588
1384082351243	,7.9305696
1384082351250	,7.4723454
1384082351259	,8.411854
1384082351267	,7.962333
1384082351275	,8.468239
1384082351285	,10.199594
1384082351293	,7.329895
1384082351300	,7.099793
1384082351309	,8.901848
1384082351316	,7.603973
1384082351329	,12.411762
1384082351338	,8.872505
1384082351347	,9.111325
1384082351354	,6.844802
1384082351361	,7.083877
1384082351369	,7.532459
1384082351376	,7.217734
1384082351383	,7.0158
1384082351391	,7.518597
1384082351398	,7.5945363
1384082351408	,9.252323
1384082351415	,7.891742
1384082351423	,7.5860457
1384082351430	,7.151326
1384082351437	,6.935145
1384082351445	,7.3404922
1384082351453	,8.428912
1384082351461	,7.523175
1384082351469	,8.031485
1384082351477	,7.859654
1384082351490	,12.981129
1384082351496	,6.652788
1384082351503	,6.554913
1384082351513	,9.745946
1384082351520	,7.098845
1384082351528	,7.495753
1384082351538	,10.159794
1384082351546	,8.228363
1384082351553	,7.278067
1384082351561	,7.691926
1384082351847	,286.1889
1384082351877	,29.322727
1384082351887	,10.179542
1384082351894	,6.783343
1384082351901	,6.763447
1384082351907	,6.6345477
1384082351915	,7.2994237
1384082351922	,7.314481
1384082351929	,7.007243
1384082351936	,6.789936
1384082351943	,6.8126593
1384082351950	,6.566105
1384082351956	,6.821128
1384082351963	,6.5162663
1384082351970	,6.9315333
1384082351977	,6.560755
1384082351990	,13.803217
1384082351998	,7.722034
1384082352005	,6.725545
1384082352012	,7.079494
1384082352019	,6.9920287
1384082352026	,7.024337
1384082352034	,7.651646
1384082352041	,7.259766
1384082352052	,10.484186
1384082352081	,28.896679
1384082352088	,7.072001
1384082352095	,7.238727
1384082352102	,6.684678
1384082352109	,7.1765122
1384082352116	,6.8237996
1384082352123	,7.098367
1384082352130	,6.805476
1384082352137	,7.0406556
1384082352144	,7.202942
1384082352151	,6.961575
1384082352158	,7.047392
1384082352165	,6.788999
1384082352175	,9.170251
1384082352193	,18.025997
1384082352206	,13.682081
1384082352216	,9.609716
1384082352223	,7.102902
1384082352229	,6.109292
1384082352237	,7.168673
1384082352244	,7.726789
1384082352251	,6.601702
1384082352258	,7.092143
1384082352265	,7.0340447
1384082352294	,28.669455
1384082352301	,6.9059553
1384082352308	,6.616985
1384082352315	,7.036999
1384082352322	,6.9281497
1384082352329	,7.507155
1384082352336	,6.9733577
1384082352344	,7.191541
1384082352351	,7.4200497
1384082352358	,7.009033
1384082352365	,7.332129
1384082352373	,7.185414
1384082352380	,7.080988
1384082352387	,7.413835
1384082352396	,8.418873
1384082352407	,10.827497
1384082352413	,6.584943
1384082352420	,6.3387136
1384082352426	,6.380652
1384082352433	,6.40985
1384082352439	,6.448449
1384082352447	,7.497836
1384082352453	,6.771132
1384082352461	,7.920581
1384082352469	,8.023064
1384082352477	,7.126139
1384082352491	,14.770394
1384082352515	,23.896389
1384082352524	,8.417231
1384082352530	,6.2327766
1384082352537	,6.913054
1384082352544	,6.42975
1384082352550	,6.75323
1384082352557	,6.641143
1384082352564	,6.666138
1384082352570	,6.561408
1384082352578	,7.221938
1384082352584	,6.573913
1384082352592	,8.053067
1384082352600	,7.595766
1384082352609	,8.649825
1384082352616	,6.773325
1384082352622	,6.288293
1384082352628	,6.154374
1384082352635	,6.561328
1384082352642	,7.116164
1384082352649	,7.3184524
1384082352656	,6.593554
1384082352663	,7.145152
1384082352671	,7.509543
1384082352677	,6.67629
1384082352685	,7.4704237
1384082352698	,12.724637
1384082352714	,15.788464
1384082352721	,6.923729
1384082352731	,10.368662
1384082352738	,6.892173
1384082352745	,7.077343
1384082352752	,6.8280764
1384082352759	,6.982332
1384082352766	,7.074197
1384082352774	,7.3688083
1384082352780	,6.675742
1384082352788	,7.839913
1384082352798	,9.553705
1384082352805	,7.489071
1384082352816	,10.881913
1384082352838	,21.73632
1384082352846	,8.020557
1384082352853	,7.098529
1384082352860	,6.783473
1384082352867	,6.965599
1384082352876	,8.630985
1384082352883	,7.183426
1384082352891	,7.5844693
1384082352902	,10.836636
1384082352909	,7.335005
1384082352928	,18.517656
1384082352934	,6.234721
1384082352940	,5.809749
1384082352946	,6.010829
1384082352953	,7.5537577
1384082352960	,6.6290593
1384082352967	,7.244174
1384082352974	,6.4394627
1384082352981	,6.679647
1384082352988	,6.845105
1384082352995	,7.187179
1384082353002	,7.5467997
1384082353013	,10.6704235
1384082353020	,7.144826
1384082353027	,6.320716
1384082353033	,6.6246967
1384082353042	,8.5636015
1384082353048	,6.0649133
1384082353055	,7.3029675
1384082353062	,6.269123
1384082353069	,6.805566
1384082353076	,7.02732
1384082353083	,6.779888
1384082353090	,7.6667414
1384082353097	,6.955775
1384082353111	,13.363507
1384082353117	,6.371921
1384082353125	,7.4560437
1384082353134	,9.620189
1384082353153	,18.382162
1384082353160	,7.288396
1384082353166	,5.940438
1384082353173	,6.574998
1384082353180	,7.259419
1384082353187	,6.551331
1384082353194	,7.1284723
1384082353202	,8.139643
1384082353210	,7.9669743
1384082353219	,8.671638
1384082353225	,6.539321
1384082353232	,6.321081
1384082353238	,6.5000257
1384082353245	,6.8959494
1384082353253	,7.27133
1384082353260	,7.21539
1384082353267	,6.988988
1384082353273	,6.428121
1384082353282	,8.589134
1384082353290	,7.468556
1384082353296	,5.975581
1384082353302	,6.1951137
1384082353313	,11.222962
1384082353319	,6.328878
1384082353326	,6.084392
1384082353338	,12.25638
1384082353348	,10.279934
1384082353355	,6.414237
1384082353361	,6.667923
1384082353369	,7.014951
1384082353374	,5.9218464
1384082353382	,7.131333
1384082353388	,6.341295
1384082353395	,6.603255
1384082353402	,7.333937
1384082353409	,7.145004
1384082353417	,7.63823
1384082353425	,7.4363523
1384082353431	,6.679079
1384082353437	,6.039011
1384082353444	,6.117116
1384082353450	,6.8005123
1384082353470	,19.270906
1384082353476	,6.1466413
1384082353483	,7.446745
1384082353492	,8.401493
1384082353498	,6.578266
1384082353505	,6.337648
1384082353515	,9.632368
1384082353521	,6.8054457
1384082353528	,6.115632
1384082353534	,6.402666
1384082353543	,9.341969
1384082353557	,13.246925
1384082353563	,6.5139837
1384082353570	,6.1803904
1384082353576	,6.4731984
1384082353582	,6.133822
1384082353589	,6.7775793
1384082353596	,6.4989667
1384082353603	,7.390337
1384082353610	,7.342709
1384082353617	,6.436965
1384082353626	,8.590175
1384082353632	,6.253725
1384082353639	,6.913598
1384082353646	,6.914208
1384082353654	,7.663979
1384082353660	,6.599437
1384082353667	,6.6460733
1384082353675	,8.220461
1384082353682	,6.2950974
1384082353689	,7.729964
1384082353697	,7.567261
1384082353703	,5.8968396
1384082353710	,6.5710554
1384082353720	,10.17163
1384082353729	,9.391155
1384082353735	,6.0242586
1384082353741	,5.961038
1384082353747	,5.9367423
1384082353755	,7.197595
1384082353764	,9.2460985
1384082353777	,13.436855
1384082353784	,6.880432
1384082353791	,6.1136174
1384082353800	,9.269156
1384082353807	,6.776085
1384082353814	,7.6614265
1384082353821	,6.299884
1384082353830	,8.7579155
1384082353836	,6.541665
1384082353843	,6.5208054
1384082353850	,6.9963827
1384082353857	,7.061792
1384082353865	,7.832798
1384082353871	,6.173026
1384082353886	,14.427567
1384082353896	,10.159659
1384082353903	,6.700093
1384082353909	,6.011816
1384082353916	,6.881438
1384082353925	,9.770107
1384082353932	,6.664568
1384082353938	,6.135855
1384082353945	,6.5078883
1384082353952	,6.667113
1384082353966	,14.60102
1384082353972	,6.233235
1384082353979	,6.141785
1384082353985	,6.15379
1384082353991	,6.2054152
1384082353997	,6.2726784
1384082354004	,6.1482463
1384082354011	,7.5892377
1384082354019	,7.198458
1384082354025	,6.82419
1384082354033	,7.749177
1384082354039	,6.20686
1384082354045	,5.449382
1384082354051	,5.660684
1384082354057	,6.290119
1384082354064	,6.933125
1384082354071	,6.9929266
1384082354077	,6.004985
1384082354104	,27.217031
1384082354111	,6.082746
1384082354117	,6.032401
1384082354124	,7.393682
1384082354130	,6.331375
1384082354137	,6.7394266
1384082354143	,5.810671
1384082354150	,6.345649
1384082354156	,6.273964
1384082354163	,7.0643063
1384082354180	,16.869667
1384082354186	,5.936519
1384082354192	,6.234612
1384082354199	,6.4619923
1384082354206	,7.270051
1384082354215	,8.454139
1384082354223	,7.9429607
1384082354229	,6.581766
1384082354237	,7.783496
1384082354243	,6.157333
1384082354250	,6.497981
1384082354256	,6.380128
1384082354263	,6.66503
1384082354272	,8.817793
1384082354278	,6.272732
1384082354284	,6.209128
1384082354291	,6.504751
1384082354298	,6.627306
1384082354309	,11.09754
1384082354316	,6.751616
1384082354322	,6.451703
1384082354330	,7.848657
1384082354336	,6.331318
1384082354345	,8.731098
1384082354351	,6.0710373
1384082354357	,5.5495114
1384082354363	,6.171416
1384082354370	,6.317281
1384082354379	,9.726014
1384082354386	,6.771685
1384082354392	,5.4103
1384082354399	,6.962023
1384082354409	,10.207968
1384082354419	,10.026752
1384082354425	,6.4409437
1384082354432	,6.1920943
1384082354439	,7.2188187
1384082354445	,5.6705
1384082354451	,5.838985
1384082354456	,5.862453
1384082354463	,6.178754
1384082354469	,6.437625
1384082354477	,7.627967
1384082354484	,6.606693
1384082354490	,6.010138
1384082354496	,6.694324
1384082354503	,6.105891
1384082354513	,10.256407
1384082354519	,5.82325
1384082354525	,6.0008407
1384082354532	,7.488542
1384082354538	,5.838928
1384082354545	,6.347886
1384082354551	,5.902679
1384082354556	,5.716432
1384082354563	,6.253248
1384082354569	,5.946377
1384082354575	,6.6198397
1384082354588	,12.888934
1384082354594	,5.555905
1384082354600	,5.736937
1384082354606	,5.926329
1384082354612	,6.007616
1384082354618	,6.685163
1384082354625	,6.439397
1384082354631	,6.307782
1384082354639	,7.551745
1384082354645	,5.90564
1384082354652	,7.104556
1384082354658	,5.997376
1384082354664	,5.844118
1384082354671	,6.5899763
1384082354677	,6.585878
1384082354683	,6.163084
1384082354690	,6.23148
1384082354697	,7.496686
1384082354704	,6.421143
1384082354711	,7.3880057
1384082354730	,18.539568
1384082354736	,5.9695783
1384082354742	,5.797672
1384082354748	,6.0165534
1384082354755	,6.713175
1384082354760	,5.7681804
1384082354767	,7.004978
1384082354773	,5.7274714
1384082354780	,6.407845
1384082354786	,6.561042
1384082354796	,9.976996
1384082354802	,5.57505
1384082354808	,6.019575
1384082354814	,6.175056
1384082354822	,7.2935534
1384082354828	,6.517619
1384082354835	,6.913962
1384082354842	,6.672335
1384082354848	,6.063925
1384082354854	,6.167296
1384082354861	,6.473795
1384082354867	,6.221289
1384082354874	,6.571027
1384082354881	,7.3319693
1384082354887	,6.073835
1384082354894	,6.475937
1384082354900	,5.978468
1384082354906	,6.352415
1384082354913	,6.824806
1384082354919	,6.20112
1384082354930	,10.388034
1384082354936	,6.2855477
1384082354942	,6.278357
1384082354949	,6.328712
1384082354958	,9.067511
1384082354964	,6.1946087
1384082354970	,5.3630657
1384082354975	,5.646904
1384082354981	,5.831036
1384082354987	,5.9827156
1384082354993	,6.058963
1384082355003	,9.561456
1384082355010	,6.756477
1384082355017	,6.796228
1384082355024	,7.2250543
1384082355037	,13.151374
1384082355045	,7.773509
1384082355051	,5.78137
1384082355069	,18.077747
1384082355076	,6.505281
1384082355083	,6.998886
1384082355089	,6.760741
1384082355097	,7.1146173
1384082355104	,7.43986
1384082355110	,6.087883
1384082355117	,7.0097117
1384082355123	,5.9382787
1384082355133	,9.894844
1384082355140	,6.9358206
1384082355146	,5.6266937
1384082355152	,5.7023892
1384082355157	,5.748357
1384082355163	,5.822019
1384082355169	,5.8116574
1384082355175	,6.0423207
1384082355182	,6.1890926
1384082355189	,7.088102
1384082355195	,6.235415
1384082355202	,7.1961927
1384082355210	,7.7397356
1384082355215	,5.4435697
1384082355221	,5.93967
1384082355228	,6.161809
1384082355235	,7.1078777
1384082355241	,5.90565
1384082355248	,6.958965
1384082355254	,5.579742
1384082355260	,6.783368
1384082355266	,6.038095
1384082355272	,5.938827
1384082355279	,6.479641
1384082355286	,6.590791
1384082355292	,5.943375
1384082355298	,6.351414
1384082355306	,7.5146184
1384082355312	,6.4940877
1384082355318	,6.059687
1384082355324	,5.916684
1384082355336	,11.500002
1384082355347	,10.938001
1384082355354	,7.316216
1384082355361	,6.409955
1384082355366	,5.706706
1384082355372	,5.3814
1384082355378	,5.7360277
1384082355384	,6.085351
1384082355390	,5.924058
1384082355396	,6.549704
1384082355405	,8.190795
1384082355415	,10.571375
1384082355422	,6.739394
1384082355429	,6.936082
1384082355436	,6.506592
1384082355441	,5.860703
1384082355449	,6.983862
1384082355454	,5.808397
1384082355461	,6.4173703
1384082355467	,6.366207
1384082355474	,6.1851287
1384082355480	,5.9340715
1384082355486	,6.276393
1384082355492	,6.100324
1384082355498	,6.035496
1384082355508	,9.871985
1384082355515	,6.9583187
1384082355521	,6.063099
1384082355527	,5.534342
1384082355535	,8.23914
1384082355543	,7.5740733
1384082355550	,7.32329
1384082355556	,5.653974
1384082355564	,8.375668
1384082355574	,9.630555
1384082355580	,6.035624
1384082355586	,5.539898
1384082355592	,6.467108
1384082355598	,5.9583054
1384082355604	,6.345718
1384082355611	,6.149152
1384082355617	,6.421444
1384082355628	,10.768085
1384082355639	,11.223609
1384082355645	,5.932891
1384082355652	,7.128625
1384082355665	,12.312695
1384082355671	,6.3210964
1384082355677	,5.882934
1384082355683	,6.071041
1384082355690	,6.922576
1384082355696	,6.21293
1384082355703	,6.155979
1384082355710	,7.322455
1384082355718	,8.214258
1384082355724	,5.866233
1384082355730	,5.600031
1384082355738	,8.220037
1384082355744	,6.110447
1384082355751	,6.679194
1384082355756	,5.210805
1384082355762	,5.546503
1384082355767	,5.522567
1384082355774	,6.082963
1384082355780	,6.0510983
1384082355786	,6.028561
1384082355792	,6.3211985
1384082355798	,5.749061
1384082355804	,6.1239057
1384082355811	,6.377415
1384082355817	,6.289043
1384082355828	,11.202829
1384082355837	,8.720684
1384082355843	,6.198301
1384082355849	,5.335894
1384082355855	,6.4221363
1384082355861	,5.670921
1384082355867	,6.074318
1384082355874	,6.959664
1384082355881	,7.368292
1384082355889	,7.153548
1384082355894	,5.44213
1384082355900	,5.875255
1384082355906	,5.888244
1384082355913	,7.23163
1384082355919	,5.915291
1384082355926	,6.35242
1384082355932	,5.926663
1384082355946	,13.91796
1384082355953	,7.5728216
1384082355959	,5.885556
1384082355969	,9.932828
1384082355977	,7.806898
1384082355983	,5.761458
1384082355988	,5.2757597
1384082355995	,6.773775
1384082356001	,5.570603
1384082356007	,6.049965
1384082356013	,6.297442
1384082356019	,5.908444
1384082356025	,5.631874
1384082356043	,17.894838
1384082356050	,7.26875
1384082356056	,5.7429056
1384082356062	,5.720141
1384082356067	,5.7720733
1384082356073	,5.9644837
1384082356080	,6.149937
1384082356086	,6.134009
1384082356095	,9.288437
1384082356102	,6.441953
1384082356108	,6.2969856
1384082356116	,7.639647
1384082356123	,6.9992156
1384082356131	,7.776064
1384082356136	,5.846149
1384082356143	,5.980472
1384082356149	,6.22534
1384082356155	,5.929841
1384082356161	,5.792604
1384082356166	,5.266036
1384082356172	,5.867478
1384082356178	,5.584601
1384082356184	,6.3801737
1384082356191	,6.6682053
1384082356196	,5.62649
1384082356202	,5.950373
1384082356208	,5.518551
1384082356214	,6.185602
1384082356221	,6.62406
1384082356227	,6.189531
1384082356233	,6.033667
1384082356239	,5.93527
1384082356268	,29.184145
1384082356274	,5.942151
1384082356283	,8.525542
1384082356289	,5.996963
1384082356295	,6.128781
1384082356301	,5.383312
1384082356307	,6.306958
1384082356313	,6.0549703
1384082356319	,5.61799
1384082356326	,6.765953
1384082356333	,7.689145
1384082356339	,5.943229
1384082356345	,5.818984
1384082356353	,7.262436
1384082356359	,6.3735
1384082356364	,5.189232
1384082356370	,5.242418
1384082356375	,5.066982
1384082356380	,5.5557528
1384082356386	,5.388405
1384082356391	,5.365962
1384082356396	,5.036787
1384082356402	,5.62702
1384082356408	,5.873048
1384082356414	,5.9599714
1384082356419	,5.599335
1384082356426	,6.027464
1384082356431	,5.634101
1384082356437	,5.643088
1384082356443	,5.552878
1384082356448	,5.1838617
1384082356462	,14.403302
1384082356468	,6.13013
1384082356474	,5.198459
1384082356479	,5.301917
1384082356484	,4.9660497
1384082356492	,7.7421412
1384082356498	,5.670025
1384082356503	,5.1910048
1384082356508	,5.327497
1384082356514	,5.646378
1384082356520	,5.631432
1384082356525	,5.872329
1384082356532	,6.264569
1384082356538	,5.7542367
1384082356544	,6.149722
1384082356553	,8.714073
1384082356558	,5.84504
1384082356567	,8.792091
1384082356573	,5.408168
1384082356580	,7.1431603
1384082356585	,5.206538
1384082356594	,8.517537
1384082356601	,7.107964
1384082356607	,5.555039
1384082356612	,5.312523
1384082356617	,5.2828274
1384082356622	,4.918648
1384082356628	,5.749754
1384082356634	,5.610351
1384082356639	,5.6303186
1384082356645	,5.659588
1384082356651	,5.837665
1384082356656	,5.0467253
1384082356664	,7.923142
1384082356671	,6.532223
1384082356678	,7.486976
1384082356684	,5.3237414
1384082356689	,5.235269
1384082356694	,5.310543
1384082356700	,5.6806
1384082356706	,5.7657013
1384082356711	,5.6327147
1384082356717	,5.734601
1384082356723	,5.400873
1384082356729	,6.261168
1384082356735	,5.585814
1384082356741	,6.11685
1384082356747	,5.890357
1384082356753	,5.717709
1384082356759	,5.95468
1384082356764	,5.3333864
1384082356770	,5.612917
1384082356775	,5.3002434
1384082356780	,5.409403
1384082356786	,5.294522
1384082356792	,5.937129
1384082356798	,6.2723293
1384082356804	,6.31547
1384082356810	,5.206456
1384082356815	,5.2136307
1384082356821	,5.4679866
1384082356827	,5.9919972
1384082356832	,5.2684827
1384082356838	,5.858311
1384082356843	,5.622436
1384082356850	,6.065886
1384082356855	,5.6509714
1384082356861	,5.261526
1384082356867	,6.827798
1384082356873	,5.679253
1384082356881	,7.234473
1384082356886	,5.8857107
1384082356891	,4.9063597
1384082356897	,5.170063
1384082356909	,11.86073
1384082356914	,5.359887
1384082356920	,6.334691
1384082356925	,4.878557
1384082356931	,5.84373
1384082356936	,5.1934857
1384082356943	,6.486166
1384082356952	,8.983912
1384082356958	,5.714358
1384082356963	,4.959252
1384082356968	,4.831108
1384082356973	,5.225873
1384082356978	,4.73666
1384082356983	,4.9608216
1384082356987	,4.6910744
1384082356993	,5.453453
1384082356998	,4.7891498
1384082357003	,5.087728
1384082357008	,5.0708017
1384082357013	,5.092421
1384082357018	,4.959591
1384082357024	,5.5031233
1384082357029	,5.238801
1384082357035	,5.980517
1384082357041	,5.7082253
1384082357047	,6.167217
1384082357052	,5.3170667
1384082357059	,6.10452
1384082357065	,5.948382
1384082357071	,5.997904
1384082357076	,5.065246
1384082357085	,8.978483
1384082357090	,4.998838
1384082357095	,4.894058
1384082357101	,5.779067
1384082357106	,5.500604
1384082357112	,5.655282
1384082357117	,4.99533
1384082357123	,5.603065
1384082357129	,6.584982
1384082357134	,4.7367883
1384082357139	,4.9802403
1384082357146	,6.590629
1384082357153	,7.343362
1384082357161	,7.621914
1384082357166	,5.428408
1384082357172	,5.194905
1384082357178	,6.114089
1384082357183	,5.481105
1384082357190	,6.978225
1384082357196	,5.192197
1384082357201	,5.351863
1384082357207	,5.933651
1384082357219	,12.232507
1384082357225	,5.831956
1384082357231	,5.7108083
1384082357236	,5.387623
1384082357243	,6.225354
1384082357248	,5.10013
1384082357253	,5.298747
1384082357259	,6.131339
1384082357265	,5.13147
1384082357271	,6.183762
1384082357276	,5.578984
1384082357282	,5.707096
1384082357294	,11.9336405
1384082357300	,5.795495
1384082357306	,5.531919
1384082357311	,5.5218596
1384082357317	,5.36564
1384082357322	,5.249212
1384082357328	,5.908143
1384082357334	,5.827424
1384082357339	,5.4861298
1384082357345	,5.6935506
1384082357351	,5.42314
1384082357361	,10.199337
1384082357368	,6.7153997
1384082357373	,5.13233
1384082357378	,5.5303273
1384082357383	,4.946577
1384082357389	,5.740937
1384082357394	,5.0805078
1384082357400	,5.563682
1384082357406	,5.760855
1384082357412	,6.236589
1384082357418	,6.4491878
1384082357424	,5.39166
1384082357429	,4.712502
1384082357434	,5.273504
1384082357439	,5.419373
1384082357445	,5.6618443
1384082357452	,6.5527987
1384082357457	,5.363333
1384082357463	,5.959516
1384082357469	,5.631106
1384082357474	,5.095842
1384082357479	,5.2022624
1384082357485	,5.541911
1384082357490	,5.340199
1384082357498	,7.222535
1384082357504	,6.0597167
1384082357508	,4.711167
1384082357514	,5.4324493
1384082357519	,4.823165
1384082357527	,8.0549345
1384082357536	,8.686293
1384082357541	,4.811336
1384082357546	,5.530022
1384082357551	,4.959343
1384082357556	,4.993817
1384082357568	,11.7453575
1384082357573	,5.276497
1384082357593	,19.423775
1384082357599	,5.623307
1384082357605	,6.1233187
1384082357611	,6.2500687
1384082357617	,6.01827
1384082357623	,5.610771
1384082357628	,5.635399
1384082357634	,5.913812
1384082357640	,5.8975697
1384082357646	,5.770871
1384082357654	,7.528215
1384082357661	,6.8385754
1384082357669	,7.8523684
1384082357674	,5.527203
1384082357679	,5.1198006
1384082357684	,4.981514
1384082357691	,6.1103444
1384082357698	,6.921673
1384082357706	,8.152651
1384082357712	,6.069653
1384082357718	,5.946653
1384082357723	,5.5346785
1384082357731	,7.203572
1384082357736	,5.305336
1384082357742	,5.4176803
1384082357747	,5.393563
1384082357752	,5.37952
1384082357757	,5.0304837
1384082357764	,6.230333
1384082357771	,6.8288093
1384082357777	,6.319677
1384082357782	,4.844389
1384082357787	,5.093485
1384082357792	,4.6718655
1384082357798	,6.195826
1384082357803	,5.063018
1384082357808	,5.006616
1384082357813	,4.88509
1384082357818	,5.065446
1384082357823	,5.176419
1384082357829	,5.0894656
1384082357836	,7.3578463
1384082357842	,5.7968836
1384082357847	,5.012246
1384082357852	,5.021977
1384082357858	,5.944969
1384082357863	,5.391252
1384082357869	,5.15139
1384082357876	,6.848391
1384082357881	,5.5130963
1384082357886	,4.9783826
1384082357892	,5.325013
1384082357897	,5.4921603
1384082357903	,5.39801
1384082357911	,8.010784
1384082357917	,6.6164694
1384082357923	,5.605461
1384082357928	,5.0300813
1384082357934	,5.592133
1384082357939	,5.0319247
1384082357944	,5.2250133
1384082357949	,5.1311994
1384082357955	,5.9789248
1384082357960	,5.105813
1384082357968	,7.5110297
1384082357977	,8.609295
1384082357982	,5.400377
1384082357987	,4.822431
1384082357993	,5.768083
1384082357999	,6.134286
1384082358005	,5.6434913
1384082358010	,5.395432
1384082358016	,5.8845344
1384082358022	,5.6673493
1384082358029	,6.951591
1384082358034	,5.401722
1384082358040	,5.253172
1384082358045	,5.134727
1384082358050	,5.105232
1384082358056	,5.6755877
1384082358061	,5.591541
1384082358068	,6.541493
1384082358073	,5.462014
1384082358079	,5.833858
1384082358084	,5.125636
1384082358089	,4.86303
1384082358095	,5.10834
1384082358099	,4.438577
1384082358104	,5.261024
1384082358110	,5.502009
1384082358117	,6.950255
1384082358124	,7.031083
1384082358130	,5.6904597
1384082358136	,6.112727
1384082358147	,10.769351
1384082358153	,6.211052
1384082358158	,5.223897
1384082358163	,5.043186
1384082358172	,8.950961
1384082358180	,7.053439
1384082358186	,6.173925
1384082358191	,4.926308
1384082358196	,5.109706
1384082358202	,5.7405343
1384082358207	,5.2708235
1384082358213	,5.779807
1384082358218	,5.06354
1384082358223	,4.6860847
1384082358228	,5.160839
1384082358233	,5.5445247
1384082358239	,5.723757
1384082358245	,5.403087
1384082358250	,5.5790877
1384082358256	,5.271117
1384082358261	,5.621704
1384082358267	,5.75652
1384082358274	,6.595057
1384082358279	,4.861291
1384082358285	,5.8984103
1384082358290	,5.691266
1384082358296	,5.060267
1384082358301	,5.2801843
1384082358306	,5.463516
1384082358312	,5.1804104
1384082358317	,5.310597
1384082358326	,8.727355
1384082358332	,6.3617997
1384082358341	,8.529127
1384082358347	,6.5963807
1384082358353	,6.004102
1384082358359	,5.225096
1384082358364	,4.9419723
1384082358370	,5.797091
1384082358377	,7.288917
1384082358383	,6.1735134
1384082358389	,5.967548
1384082358395	,5.3402205
1384082358400	,4.940813
1384082358405	,5.0439
1384082358410	,5.674973
1384082358416	,5.599243
1384082358421	,5.011866
1384082358426	,5.0580974
1384082358432	,5.8825183
1384082358437	,5.168119
1384082358443	,5.076497
1384082358448	,5.4643474
1384082358456	,8.129751
1384082358463	,6.443141
1384082358469	,5.967893
1384082358475	,5.816792
1384082358480	,5.7484426
1384082358487	,6.297771
1384082358492	,4.669997
1384082358497	,5.0070257
1384082358501	,4.5910373
1384082358506	,5.062963
1384082358512	,5.589189
1384082358518	,5.505977
1384082358524	,5.9376793
1384082358531	,7.095209
1384082358537	,6.493512
1384082358544	,6.3623233
1384082358549	,4.934577
1384082358554	,5.669107
1384082358561	,6.488202
1384082358566	,5.3121862
1384082358576	,9.561212
1384082358587	,10.813438
1384082358593	,5.720366
1384082358598	,4.993638
1384082358604	,5.939292
1384082358609	,5.483316
1384082358615	,5.3446155
1384082358620	,5.682012
1384082358625	,5.113438
1384082358631	,5.8496547
1384082358639	,7.5052443
1384082358646	,6.728143
1384082358651	,5.147378
1384082358659	,7.7713428
1384082358664	,5.626664
1384082358670	,5.147867
1384082358675	,4.98681
1384082358680	,5.509138
1384082358687	,7.057425
1384082358694	,6.435167
1384082358699	,4.95768
1384082358704	,4.926384
1384082358709	,4.860721
1384082358714	,5.524602
1384082358719	,4.570658
1384082358725	,5.7561088
1384082358731	,6.2425323
1384082358737	,6.199191
1384082358747	,9.601009
1384082358757	,10.241398
1384082358767	,9.652045
1384082358772	,5.124183
1384082358778	,6.2509427
1384082358787	,8.4725
1384082358791	,4.15619
1384082358798	,6.7595706
1384082358802	,4.368577
1384082358807	,4.4680667
1384082358811	,4.097869
1384082358816	,4.735048
1384082358820	,4.276337
1384082358825	,4.6078253
1384082358829	,4.394711
1384082358834	,4.621142
1384082358839	,5.220199
1384082358844	,4.688332
1384082358849	,4.7013836
1384082358854	,5.5661907
1384082358859	,4.558833
1384082358864	,5.112727
1384082358870	,5.5976048
1384082358875	,4.8109903
1384082358881	,6.439862
1384082358888	,6.4160037
1384082358892	,4.653243
1384082358897	,4.486535
1384082358902	,4.963477
1384082358912	,9.655393
1384082358920	,8.819634
1384082358930	,9.260939
1384082358938	,7.765127
1384082358963	,25.529129
1384082358974	,10.946997
1384082358985	,11.013497
1384082358999	,13.735754
1384082359010	,10.761886
1384082359020	,9.989621
1384082359029	,8.63653
1384082359037	,8.11857
1384082359045	,7.781999
1384082359052	,7.785097
1384082359061	,8.726416
1384082359077	,15.285415
1384082359091	,14.627349
1384082359101	,9.905204
1384082359111	,9.812012
1384082359119	,7.836729
1384082359131	,12.001224
1384082359141	,9.956405
1384082359151	,9.680302
1384082359158	,7.5952997
1384082359176	,17.78905
1384082359185	,8.831244
1384082359197	,11.740836
1384082359204	,7.266776
1384082359213	,8.323081
1384082359224	,11.671055
1384082359232	,7.8201346
1384082359241	,8.68706
1384082359249	,7.589826
1384082359256	,7.375685
1384082359267	,10.559921
1384082359280	,13.215552
1384082359290	,10.261005
1384082359300	,9.612614
1384082359312	,11.526324
1384082359319	,7.491356
1384082359328	,9.287541
1384082359337	,8.846785
1384082359346	,8.581232
1384082359355	,8.558507
1384082359363	,8.544307
1384082359375	,12.004186
1384082359399	,23.23372
1384082359407	,7.95471
1384082359416	,9.605657
1384082359428	,11.4126835
1384082359440	,11.732991
1384082359448	,7.958951
1384082359456	,8.034032
1384082359463	,7.6101403
1384082359472	,8.299494
1384082359481	,9.479649
1384082359490	,9.224394
1384082359501	,10.394938
1384082359513	,12.542686
1384082359521	,7.412765
1384082359531	,9.7596
1384082359540	,8.813406
1384082359548	,8.099315
1384082359557	,9.496048
1384082359565	,7.950421
1384082359579	,13.9924555
1384082359599	,19.892506
1384082359608	,8.599657
1384082359617	,9.332613
1384082359625	,7.309588
1384082359633	,7.901359
1384082359643	,9.823777
1384082359650	,7.720918
1384082359660	,9.886753
1384082359668	,7.507512
1384082359678	,10.042964
1384082359686	,8.066141
1384082359698	,11.601738
1384082359715	,17.36772
1384082359723	,7.380592
1384082359731	,8.206402
1384082359738	,7.30348
1384082359749	,10.559586
1384082359758	,8.589385
1384082359766	,8.009877
1384082359774	,8.447218
1384082359786	,11.514963
1384082359807	,21.292301
1384082359815	,7.49334
1384082359823	,7.978008
1384082359832	,8.997757
1384082359839	,7.724577
1384082359847	,7.854313
1384082359855	,7.336142
1384082359862	,7.439637
1384082359870	,7.327212
1384082359878	,8.793472
1384082359887	,8.164487
1384082359900	,13.645021
1384082359911	,10.987011
1384082359923	,11.559954
1384082359931	,8.143051
1384082359941	,9.778398
1384082359948	,7.381956
1384082359956	,7.923335
1384082359964	,7.441877
1384082359974	,9.7992325
1384082359985	,11.38771
1384082359995	,9.969998
1384082360019	,23.432533
1384082360026	,7.581238
1384082360034	,7.364266
1384082360042	,8.246282
1384082360050	,7.85611
1384082360058	,7.812147
1384082360065	,7.15261
1384082360073	,7.483129
1384082360083	,10.764764
1384082360093	,9.187071
1384082360103	,10.001554
1384082360113	,9.968189
1384082360124	,11.150403
1384082360132	,7.543026
1384082360139	,6.9307833
1384082360147	,8.0554
1384082360154	,7.3734407
1384082360165	,11.050583
1384082360172	,7.213825
1384082360180	,7.789447
1384082360193	,12.240847
1384082360210	,16.907045
1384082360219	,9.475998
1384082360231	,11.668322
1384082360238	,7.305641
1384082360247	,8.405839
1384082360254	,7.502664
1384082360265	,10.331946
1384082360272	,7.5130134
1384082360280	,7.780644
1384082360287	,7.28027
1384082360296	,8.449844
1384082360306	,10.394984
1384082360318	,11.210858
1384082360335	,17.924772
1384082360344	,8.197488
1384082360351	,7.517457
1384082360360	,8.242571
1384082360368	,8.629779
1384082360376	,7.8281593
1384082360385	,8.391302
1384082360394	,9.521251
1384082360404	,9.339713
1384082360421	,17.12584
1384082360429	,7.7232833
1384082360437	,8.392294
1384082360444	,6.956298
1384082360452	,8.278934
1384082360460	,7.492422
1384082360469	,8.759592
1384082360477	,7.932672
1384082360485	,8.599436
1384082360494	,8.206053
1384082360504	,10.481657
1384082360516	,11.802379
1384082360527	,10.537675
1384082360538	,11.668677
1384082360547	,8.878878
1384082360556	,8.284833
1384082360564	,8.322431
1384082360572	,8.366922
1384082360581	,8.205539
1384082360592	,11.480394
1384082360603	,11.080197
1384082360621	,17.970413
1384082360634	,12.14945
1384082360642	,7.948871
1384082360649	,7.4358063
1384082360658	,9.246573
1384082360666	,7.643025
1384082360674	,7.60538
1384082360682	,7.805314
1384082360703	,21.604443
1384082360714	,10.310975
1384082360721	,7.329547
1384082360732	,10.850537
1384082360743	,11.035874
1384082360752	,9.095664
1384082360759	,7.064436
1384082360771	,12.129764
1384082360779	,7.928263
1384082360787	,7.346793
1384082360805	,18.17837
1384082360826	,21.360725
1384082360834	,7.939673
1384082360845	,10.8579
1384082360853	,7.655707
1384082360861	,8.249047
1384082360869	,7.436225
1384082360877	,8.363816
1384082360885	,7.2858357
1384082360892	,7.548255
1384082360900	,7.304932
1384082360913	,13.442744
1384082360922	,9.052656
1384082360934	,11.503526
1384082360952	,18.05942
1384082360960	,8.460841
1384082360969	,8.10105
1384082360976	,7.511069
1384082360984	,8.202281
1384082360993	,8.151596
1384082361007	,14.373969
1384082361023	,16.377417
1384082361033	,9.553773
1384082361040	,7.077706
1384082361048	,7.428875
1384082361055	,7.367625
1384082361063	,7.8876557
1384082361072	,9.19787
1384082361081	,8.220636
1384082361092	,11.492473
1384082361100	,7.603945
1384082361110	,10.171498
1384082361119	,9.476463
1384082361131	,11.113279
1384082361140	,9.466323
1384082361161	,21.155165
1384082361169	,7.6659293
1384082361177	,7.736438
1384082361184	,7.389438
1384082361192	,7.499226
1384082361202	,10.433961
1384082361212	,9.100476
1384082361221	,9.905727
1384082361237	,15.722955
1384082361249	,11.247342
1384082361258	,8.864221
1384082361265	,7.3593206
1384082361273	,7.942407
1384082361280	,7.170622
1384082361288	,8.133314
1384082361296	,7.505602
1384082361303	,7.439322
1384082361314	,10.116121
1384082361323	,9.36924
1384082361331	,7.449786
1384082361338	,7.7030907
1384082361345	,7.091814
1384082361358	,12.329164
1384082361365	,7.524399
1384082361376	,10.349835
1384082361383	,6.9617453
1384082361391	,8.509427
1384082361400	,8.373164
1384082361409	,8.691591
1384082361417	,8.277944
1384082361431	,13.647186
1384082361446	,15.03377
1384082361455	,9.149723
1384082361463	,7.58605
1384082361472	,8.979873
1384082361480	,8.034226
1384082361489	,9.338205
1384082361496	,7.1328464
1384082361504	,7.438686
1384082361513	,9.423376
1384082361525	,11.30974
1384082361532	,7.7379284
1384082361543	,10.620499
1384082361552	,8.324553
1384082361568	,16.398012
1384082361575	,7.2544103
1384082361583	,7.5741982
1384082361590	,7.506312
1384082361600	,9.6324835
1384082361608	,8.131392
1384082361616	,7.231336
1384082361628	,12.522423
1384082361637	,9.000356
1384082361647	,10.020445
1384082361656	,8.308471
1384082361663	,7.1624293
1384082361670	,7.492061
1384082361678	,7.781742
1384082361686	,7.753889
1384082361695	,8.98527
1384082361702	,7.166323
1384082361710	,7.77775
1384082361721	,11.028894
1384082361730	,8.633485
1384082361738	,8.416988
1384082361748	,9.664776
1384082361756	,7.655023
1384082361764	,7.6555247
1384082361773	,9.115617
1384082361781	,8.528139
1384082361789	,7.880855
1384082361798	,8.219856
1384082361809	,10.940416
1384082361817	,7.9462557
1384082361827	,10.489515
1384082361835	,8.365909
1384082361845	,9.115899
1384082361853	,7.795309
1384082361860	,7.676634
1384082361869	,8.487269
1384082361878	,9.40564
1384082361886	,8.164202
1384082361894	,7.459189
1384082361902	,7.561245
1384082361909	,7.6512194
1384082361917	,7.4825068
1384082361928	,11.114364
1384082361935	,7.3213654
1384082361943	,7.938251
1384082361951	,7.5758967
