1384082301671	,4.11064
1384082301675	,3.49903
1384082301678	,2.662171
1384082301682	,3.845461
1384082301685	,2.988465
1384082301689	,3.3755171
1384082301694	,4.296331
1384082301697	,2.8648
1384082301703	,6.2020307
1384082301707	,3.620563
1384082301709	,2.2069051
1384082301712	,2.584843
1384082301715	,3.374827
1384082301721	,5.406679
1384082301725	,3.626389
1384082301729	,4.437676
1384082301732	,2.143825
1384082301736	,4.075735
1384082301738	,2.034135
1384082301742	,3.311981
1384082301744	,2.5085921
1384082301749	,4.137505
1384082301752	,2.937426
1384082301754	,1.954771
1384082301757	,3.1870701
1384082301760	,2.2182539
1384082301763	,3.209904
1384082301766	,2.500183
1384082301769	,3.435064
1384082301772	,2.4131818
1384082301776	,4.136064
1384082301779	,2.800569
1384082301783	,3.315007
1384082301786	,2.835299
1384082301788	,2.289742
1384082301792	,3.588681
1384082301797	,4.333246
1384082301800	,3.308774
1384082301803	,2.301865
1384082301806	,3.387325
1384082301809	,2.425249
1384082301814	,4.2077622
1384082301816	,2.055821
1384082301820	,3.5165992
1384082301822	,2.356208
1384082301826	,3.469343
1384082301829	,3.5126522
1384082301834	,4.535564
1384082301843	,8.311112
1384082301850	,7.20083
1384082301853	,2.501834
1384082301856	,3.322302
1384082301860	,2.888278
1384082301863	,2.989784
1384082301867	,3.575626
1384082301871	,3.830458
1384082301873	,2.385662
1384082301877	,3.647047
1384082301880	,2.596739
1384082301891	,3.763741
1384082301894	,2.530398
1384082301898	,3.666035
1384082301900	,2.438629
1384082301904	,3.452607
1384082301908	,3.537096
1384082301911	,3.561755
1384082301914	,2.4669409
1384082301918	,3.26265
1384082301920	,2.605988
1384082301926	,5.1286173
1384082301931	,4.102614
1384082301935	,4.213282
1384082301939	,3.2070591
1384082301942	,3.480717
1384082301945	,2.392883
1384082301948	,3.150258
1384082301951	,2.108984
1384082301954	,3.384438
1384082301957	,2.391532
1384082301960	,3.564089
1384082301963	,2.771169
1384082301968	,4.254835
1384082301971	,2.8068879
1384082301975	,3.871611
1384082301978	,3.038384
1384082301983	,4.181961
1384082301986	,2.688732
1384082301989	,3.639538
1384082301992	,2.610384
1384082301996	,3.1800191
1384082301998	,2.080435
1384082302001	,3.188375
1384082302004	,2.421815
1384082302008	,3.417471
1384082302010	,2.6068468
1384082302014	,3.7973711
1384082302017	,2.298853
1384082302020	,3.2716389
1384082302023	,2.3652189
1384082302027	,3.613936
1384082302030	,3.065013
1384082302034	,3.901723
1384082302037	,2.519184
1384082302044	,5.8986278
1384082302047	,2.817962
1384082302058	,11.056869
1384082302061	,3.352803
1384082302065	,3.201426
1384082302067	,2.156621
1384082302071	,3.295277
1384082302073	,2.541046
1384082302077	,3.476434
1384082302080	,2.6379151
1384082302084	,4.053688
1384082302087	,2.840885
1384082302092	,4.3044868
1384082302095	,2.549408
1384082302099	,3.918264
1384082302101	,2.222111
1384082302105	,3.3598602
1384082302108	,2.882719
1384082302113	,4.369439
1384082302115	,2.468752
1384082302119	,3.6888778
1384082302122	,2.3832982
1384082302126	,3.767222
1384082302128	,2.260487
1384082302132	,3.473124
1384082302135	,3.209313
1384082302141	,5.4523587
1384082302144	,2.284082
1384082302147	,3.281314
1384082302149	,2.1098778
1384082302153	,3.4057128
1384082302156	,2.49702
1384082302159	,3.409112
1384082302162	,2.794441
1384082302166	,3.673661
1384082302178	,11.157822
1384082302181	,2.806575
1384082302183	,2.003429
1384082302186	,2.7906299
1384082302188	,2.255147
1384082302191	,3.247586
1384082302194	,2.111815
1384082302198	,4.151479
1384082302200	,1.8012099
1384082302203	,2.886645
1384082302206	,2.374802
1384082302211	,5.0843863
1384082302213	,2.16456
1384082302217	,3.851759
1384082302220	,2.265403
1384082302223	,3.428415
1384082302226	,2.432611
1384082302229	,3.456858
1384082302232	,2.501791
1384082302236	,3.918115
1384082302239	,2.3443449
1384082302244	,4.678961
1384082302247	,2.690322
1384082302250	,3.653393
1384082302253	,2.131752
1384082302258	,4.643486
1384082302260	,2.349698
1384082302264	,3.350951
1384082302266	,1.927014
1384082302269	,2.989094
1384082302271	,2.210235
1384082302278	,6.51758
1384082302281	,3.034453
1384082302289	,7.060831
1384082302292	,3.443794
1384082302295	,3.217408
1384082302299	,3.6190581
1384082302302	,2.139465
1384082302305	,3.055874
1384082302307	,2.327925
1384082302311	,3.803615
1384082302314	,2.461075
1384082302318	,3.326731
1384082302321	,2.7669022
1384082302325	,3.744652
1384082302327	,2.491985
1384082302331	,3.6875172
1384082302334	,2.5312262
1384082302338	,3.913038
1384082302341	,3.047055
1384082302349	,7.3757873
1384082302351	,2.611387
1384082302355	,3.156891
1384082302357	,2.2278912
1384082302361	,3.109334
1384082302364	,2.854392
1384082302367	,3.286721
1384082302369	,2.1150382
1384082302373	,3.02874
1384082302375	,2.029747
1384082302378	,3.128427
1384082302381	,2.412626
1384082302385	,3.725042
1384082302387	,2.1760979
1384082302391	,3.368512
1384082302393	,2.3118129
1384082302397	,3.866451
1384082302400	,2.735419
1384082302403	,3.197146
1384082302410	,6.812956
1384082302414	,3.400117
1384082302417	,2.430821
1384082302420	,3.539749
1384082302423	,2.5524719
1384082302427	,3.468611
1384082302437	,3.0364552
1384082302441	,3.5611289
1384082302462	,21.212788
1384082302468	,5.2609
1384082302473	,5.379
1384082302478	,4.932109
1384082302481	,2.143065
1384082302484	,3.33582
1384082302487	,2.2323248
1384082302490	,3.433856
1384082302493	,2.332418
1384082302497	,4.318766
1384082302500	,2.96001
1384082302504	,3.4905171
1384082302506	,2.160341
1384082302510	,3.2339242
1384082302512	,2.3740249
1384082302516	,4.001395
1384082302519	,2.4666178
1384082302522	,3.058396
1384082302525	,2.52406
1384082302529	,3.528003
1384082302531	,2.096345
1384082302534	,3.201571
1384082302537	,2.257634
1384082302540	,3.408135
1384082302543	,2.349691
1384082302547	,4.167147
1384082302551	,3.47703
1384082302555	,4.155941
1384082302559	,3.0161788
1384082302562	,3.20472
1384082302564	,1.913616
1384082302567	,3.020628
1384082302570	,2.243415
1384082302574	,3.791036
1384082302578	,4.088616
1384082302582	,3.518992
1384082302584	,2.446374
1384082302588	,3.162925
1384082302590	,2.3302472
1384082302593	,3.206541
1384082302596	,2.208641
1384082302606	,10.167902
1384082302609	,2.473185
1384082302612	,2.555809
1384082302614	,2.4812982
1384082302617	,2.669888
1384082302619	,2.263305
1384082302623	,3.356905
1384082302625	,2.162226
1384082302629	,3.192335
1384082302631	,2.394922
1384082302634	,3.024064
1384082302637	,2.5772219
1384082302641	,4.2799993
1384082302644	,2.1124742
1384082302647	,3.0134299
1384082302649	,2.124438
1384082302652	,3.191254
1384082302655	,2.550909
1384082302658	,3.092787
1384082302667	,8.6721525
1384082302673	,6.138404
1384082302678	,3.9853292
1384082302684	,5.701953
1384082302685	,1.690213
1384082302689	,2.972826
1384082302691	,1.996999
1384082302694	,3.114278
1384082302696	,2.310313
1384082302700	,3.199533
1384082302702	,1.8745699
1384082302706	,3.641334
1384082302708	,1.893453
1384082302711	,3.19721
1384082302713	,1.942096
1384082302717	,3.367929
1384082302720	,3.25666
1384082302723	,3.025482
1384082302725	,2.019407
1384082302729	,3.292272
1384082302731	,2.237977
1384082302735	,3.151522
1384082302737	,2.108416
1384082302740	,3.166138
1384082302742	,1.932781
1384082302746	,3.416559
1384082302749	,2.6364388
1384082302752	,3.434939
1384082302755	,2.5222008
1384082302759	,3.472029
1384082302762	,2.889633
1384082302765	,3.041558
1384082302767	,2.05457
1384082302770	,3.169129
1384082302773	,2.254087
1384082302778	,4.737487
1384082302780	,2.640651
1384082302784	,3.064538
1384082302786	,2.0698502
1384082302789	,3.352897
1384082302792	,2.021056
1384082302795	,3.086615
1384082302797	,2.233502
1384082302801	,3.259054
1384082302803	,1.864796
1384082302808	,4.903313
1384082302810	,1.941743
1384082302813	,3.0699222
1384082302815	,2.067816
1384082302819	,3.145812
1384082302822	,2.8312361
1384082302826	,4.2258883
1384082302828	,1.908821
1384082302831	,3.122903
1384082302833	,2.0459461
1384082302837	,3.220469
1384082302840	,2.600444
1384082302844	,4.390603
1384082302847	,2.559354
1384082302850	,3.2410681
1384082302852	,1.995965
1384082302856	,3.4252229
1384082302858	,2.1905038
1384082302862	,3.55655
1384082302865	,2.4076278
1384082302874	,9.199572
1384082302876	,1.931529
1384082302879	,3.094319
1384082302882	,2.751261
1384082302886	,3.482982
1384082302888	,2.128073
1384082302891	,3.041458
1384082302894	,2.030619
1384082302897	,3.181429
1384082302900	,2.454308
1384082302903	,3.508549
1384082302908	,4.571513
1384082302911	,3.024905
1384082302913	,1.9326761
1384082302917	,3.617775
1384082302921	,3.551428
1384082302929	,8.199649
1384082302932	,2.3989222
1384082302935	,3.264687
1384082302937	,2.210684
1384082302941	,3.387989
1384082302943	,2.0615559
1384082302947	,3.232798
1384082302949	,2.384666
1384082302952	,3.1835048
1384082302956	,3.021492
1384082302960	,4.229144
1384082302964	,4.242649
1384082302968	,3.6093621
1384082302970	,1.84762
1384082302973	,3.050618
1384082302976	,2.056473
1384082302979	,3.2951589
1384082302981	,2.0752041
1384082302986	,4.848085
1384082302989	,2.8319762
1384082302993	,3.20102
1384082302995	,1.845883
1384082302998	,3.271879
1384082303001	,2.60849
1384082303004	,3.437329
1384082303007	,2.4381201
1384082303010	,3.221568
1384082303012	,1.926066
1384082303017	,4.861308
1384082303020	,2.084541
1384082303023	,3.144659
1384082303025	,2.1401331
1384082303029	,3.4532719
1384082303031	,2.101846
1384082303035	,3.4413521
1384082303037	,2.1371188
1384082303041	,3.355752
1384082303043	,2.597482
1384082303047	,3.428549
1384082303051	,3.9379952
1384082303054	,3.27407
1384082303057	,2.196369
1384082303061	,3.457622
1384082303063	,2.0245
1384082303066	,3.2165
1384082303069	,2.887878
1384082303073	,4.104737
1384082303077	,3.768894
1384082303081	,3.762452
1384082303085	,3.4968278
1384082303090	,4.764451
1384082303094	,3.554475
1384082303097	,2.897825
1384082303099	,1.8404659
1384082303102	,3.198751
1384082303104	,2.053932
1384082303107	,2.936779
1384082303109	,1.681185
1384082303112	,3.014509
1384082303115	,2.015366
1384082303123	,8.218353
1384082303126	,2.5465128
1384082303128	,2.4969342
1384082303131	,1.7676309
1384082303133	,2.698187
1384082303135	,1.923978
1384082303139	,3.5203922
1384082303142	,2.523874
1384082303145	,3.134603
1384082303147	,2.050608
1384082303151	,3.410775
1384082303160	,8.989021
1384082303164	,4.015746
1384082303168	,3.822209
1384082303172	,4.288551
1384082303175	,2.341427
1384082303178	,3.206616
1384082303181	,2.7968702
1384082303185	,3.34483
1384082303187	,2.080616
1384082303191	,3.485382
1384082303193	,2.556182
1384082303197	,3.395519
1384082303199	,2.1874242
1384082303203	,3.366689
1384082303206	,2.960002
1384082303209	,3.093872
1384082303212	,2.560311
1384082303216	,4.019023
1384082303225	,9.003639
1384082303229	,3.26627
1384082303231	,1.9978709
1384082303234	,3.1459951
1384082303236	,2.1394951
1384082303239	,3.156799
1384082303242	,2.300215
1384082303245	,3.1220162
1384082303247	,2.246068
1384082303251	,3.259885
1384082303253	,1.793523
1384082303256	,2.971766
1384082303258	,1.906091
1384082303261	,3.335195
1384082303265	,3.538292
1384082303269	,3.77078
1384082303271	,2.204833
1384082303274	,3.139139
1384082303276	,1.7248731
1384082303284	,7.648826
1384082303287	,3.238519
1384082303292	,4.3308253
1384082303295	,2.6504061
1384082303299	,3.948107
1384082303301	,1.866616
1384082303304	,2.913789
1384082303318	,14.023282
1384082303321	,3.382691
1384082303324	,2.415318
1384082303327	,3.23345
1384082303329	,1.858603
1384082303333	,3.148812
1384082303335	,2.1224198
1384082303339	,3.647635
1384082303341	,2.475949
1384082303346	,4.1884933
1384082303348	,2.479483
1384082303352	,3.436312
1384082303355	,2.473771
1384082303358	,3.484114
1384082303361	,2.71901
1384082303365	,4.1571136
1384082303367	,1.953161
1384082303371	,3.791822
1384082303374	,2.3958068
1384082303377	,3.3679419
1384082303381	,3.222147
1384082303384	,3.2135458
1384082303386	,1.7679
1384082303389	,2.914176
1384082303392	,2.146407
1384082303395	,3.463092
1384082303397	,2.11797
1384082303401	,3.334209
1384082303403	,1.774443
1384082303406	,3.262328
1384082303409	,2.25359
1384082303412	,3.035503
1384082303414	,1.805227
1384082303417	,3.288603
1384082303419	,1.915313
1384082303423	,3.094291
1384082303425	,1.991287
1384082303428	,3.179269
1384082303431	,3.300022
1384082303435	,3.280012
1384082303437	,1.759852
1384082303440	,2.982251
1384082303442	,2.412469
1384082303445	,2.7822242
1384082303448	,2.1401122
1384082303451	,3.1012251
1384082303454	,2.824394
1384082303457	,3.159152
1384082303460	,2.24336
1384082303463	,3.093165
1384082303465	,1.966216
1384082303468	,2.921001
1384082303470	,2.198117
1384082303474	,3.158883
1384082303476	,2.34846
1384082303479	,3.062875
1384082303481	,1.912227
1384082303486	,4.16978
1384082303489	,3.086101
1384082303494	,4.539491
1384082303496	,1.912349
1384082303499	,3.478796
1384082303502	,2.026278
1384082303505	,3.066582
1384082303507	,1.793126
1384082303510	,2.997914
1384082303512	,2.3250449
1384082303516	,3.156776
1384082303519	,2.891561
1384082303523	,4.333128
1384082303525	,1.949733
1384082303529	,3.22458
1384082303531	,1.973826
1384082303534	,3.270091
1384082303536	,1.9105761
1384082303539	,3.110846
1384082303542	,2.0807261
1384082303545	,3.322203
1384082303548	,2.605701
1384082303551	,3.239092
1384082303554	,2.35899
1384082303557	,3.1328292
1384082303559	,1.957507
1384082303562	,3.052085
1384082303571	,8.272462
1384082303575	,3.904865
1384082303579	,4.1597157
1384082303585	,6.022649
1384082303588	,2.654031
1384082303591	,3.006276
1384082303594	,2.635994
1384082303599	,4.989423
1384082303601	,1.75539
1384082303604	,3.012165
1384082303607	,2.7261412
1384082303610	,3.044776
1384082303613	,2.13018
1384082303616	,3.2100778
1384082303618	,1.8637061
1384082303621	,2.91815
1384082303623	,1.8556579
1384082303626	,2.927785
1384082303628	,1.8990899
1384082303631	,3.101249
1384082303634	,2.5151331
1384082303637	,2.999462
1384082303639	,1.9733061
1384082303643	,3.183762
1384082303645	,2.2404919
1384082303649	,3.288177
1384082303651	,2.161816
1384082303655	,3.751023
1384082303657	,1.899413
1384082303660	,2.962395
1384082303668	,7.343553
1384082303671	,3.297652
1384082303673	,1.763738
1384082303691	,15.815872
1384082303694	,2.428595
1384082303696	,2.069122
1384082303698	,2.317922
1384082303700	,2.133394
1384082303704	,3.092958
1384082303707	,3.072405
1384082303712	,4.661694
1384082303714	,2.195294
1384082303716	,2.153276
1384082303718	,2.27228
1384082303721	,2.200573
1384082303723	,2.196146
1384082303726	,2.7552428
1384082303728	,2.1585739
1384082303731	,2.3889909
1384082303733	,2.404434
1384082303735	,2.105986
1384082303738	,2.370251
1384082303740	,2.42087
1384082303742	,2.032856
1384082303744	,1.974824
1384082303747	,1.997702
1384082303749	,2.40333
1384082303752	,2.604019
1384082303754	,2.624728
1384082303757	,2.237335
1384082303759	,2.074949
1384082303761	,2.181633
1384082303763	,2.204322
1384082303766	,2.077433
1384082303775	,9.143348
1384082303777	,2.433715
1384082303780	,2.188652
1384082303783	,3.020355
1384082303788	,5.016169
1384082303792	,3.954046
1384082303794	,1.83997
1384082303796	,2.546808
1384082303798	,1.7321041
1384082303801	,3.071049
1384082303803	,2.0994742
1384082303806	,2.150301
1384082303808	,1.982159
1384082303811	,3.3582041
1384082303813	,2.111915
1384082303818	,4.590309
1384082303820	,2.021483
1384082303823	,2.835582
1384082303825	,2.127873
1384082303829	,3.8092911
1384082303831	,1.5214311
1384082303833	,2.705693
1384082303836	,2.248453
1384082303839	,2.7477791
1384082303841	,1.988797
1384082303844	,2.919125
1384082303846	,1.726791
1384082303849	,2.9126642
1384082303851	,2.0094101
1384082303854	,3.017679
1384082303856	,2.2560172
1384082303859	,3.060372
1384082303861	,1.895056
1384082303864	,3.004882
1384082303866	,1.862783
1384082303869	,3.0365949
1384082303871	,1.9368831
1384082303874	,3.023272
1384082303878	,3.164132
1384082303882	,4.34476
1384082303885	,2.3020282
1384082303888	,3.054395
1384082303890	,2.398156
1384082303894	,3.8140569
1384082303896	,1.923279
1384082303899	,3.257689
1384082303902	,2.202104
1384082303911	,9.048243
1384082303914	,2.966636
1384082303919	,4.460404
1384082303921	,1.9496579
1384082303924	,3.044687
1384082303928	,4.317055
1384082303932	,3.178705
1384082303934	,2.1349862
1384082303937	,2.7165682
1384082303938	,1.816638
1384082303941	,2.865217
1384082303943	,1.68158
1384082303946	,3.105906
1384082303948	,1.941067
1384082303952	,3.0434108
1384082303954	,2.0512571
1384082303957	,2.945235
1384082303959	,1.8774
1384082303962	,3.199552
1384082303964	,1.892365
1384082303967	,2.9283602
1384082303969	,1.9940931
1384082303972	,2.947156
1384082303974	,2.2423959
1384082303978	,3.372052
1384082303980	,2.211643
1384082303983	,3.024969
1384082303985	,1.97217
1384082303990	,3.963459
1384082303992	,2.5073779
1384082303997	,4.7379007
1384082303999	,2.1392028
1384082304002	,2.823436
1384082304004	,1.7261701
1384082304007	,3.1329088
1384082304009	,1.834896
1384082304014	,4.368667
1384082304017	,3.257701
1384082304020	,2.6423821
1384082304021	,1.669572
1384082304024	,2.7100549
1384082304026	,1.815863
1384082304029	,2.979712
1384082304036	,1.7958161
1384082304039	,2.9563491
1384082304041	,1.981167
1384082304044	,3.431227
1384082304046	,1.951846
1384082304055	,8.662316
1384082304057	,1.812986
1384082304061	,3.499512
1384082304062	,1.78946
1384082304065	,2.9570968
1384082304067	,1.810297
1384082304071	,3.184323
1384082304073	,1.914394
1384082304076	,2.838031
1384082304078	,1.8307719
1384082304081	,2.908794
1384082304083	,2.053897
1384082304086	,2.9336212
1384082304088	,1.948302
1384082304091	,3.376283
1384082304094	,3.10762
1384082304097	,2.666921
1384082304099	,1.5271031
1384082304102	,2.799578
1384082304103	,1.813013
1384082304106	,2.874684
1384082304108	,1.628947
1384082304111	,2.772682
1384082304114	,2.4452028
1384082304117	,3.359137
1384082304119	,2.107124
1384082304122	,3.187336
1384082304126	,3.6067529
1384082304130	,4.065883
1384082304133	,2.226291
1384082304136	,3.5577352
1384082304139	,2.5168169
1384082304142	,2.61435
1384082304143	,1.6078149
1384082304146	,2.8194952
1384082304148	,1.5566529
1384082304151	,2.9547029
1384082304161	,10.0843935
1384082304164	,3.132039
1384082304166	,1.8763471
1384082304169	,2.9921288
1384082304171	,1.6517061
1384082304174	,2.742272
1384082304176	,1.769876
1384082304179	,2.829041
1384082304181	,1.843613
1384082304188	,7.120395
1384082304191	,3.2095292
1384082304194	,2.7669418
1384082304197	,2.9214208
1384082304202	,5.398351
1384082304205	,2.8534741
1384082304209	,3.802216
1384082304212	,2.0957701
1384082304214	,2.879901
1384082304216	,1.493776
1384082304219	,3.204435
1384082304221	,1.47276
1384082304224	,2.742809
1384082304226	,1.751823
1384082304229	,3.057486
1384082304231	,1.699829
1384082304233	,2.719614
1384082304235	,1.5794489
1384082304238	,2.51196
1384082304240	,2.192906
1384082304243	,2.735685
1384082304245	,2.125449
1384082304248	,2.822391
1384082304250	,1.812833
1384082304253	,3.0376189
1384082304255	,1.99055
1384082304258	,3.0667071
1384082304260	,2.224263
1384082304263	,2.6765249
1384082304265	,1.60697
1384082304268	,2.944699
1384082304270	,1.8659229
1384082304273	,2.9179618
1384082304275	,1.74301
1384082304278	,3.017397
1384082304279	,1.629729
1384082304283	,3.024209
1384082304284	,1.7743101
1384082304289	,4.426121
1384082304291	,2.1823559
1384082304294	,3.085239
1384082304297	,2.3485968
1384082304300	,2.848967
1384082304302	,2.1336088
1384082304305	,2.750874
1384082304307	,1.771506
1384082304310	,2.9193912
1384082304311	,1.777186
1384082304315	,3.2690191
1384082304317	,1.959355
1384082304322	,4.633812
1384082304328	,6.582434
1384082304333	,4.194964
1384082304335	,1.80685
1384082304338	,3.107019
1384082304340	,1.7647021
1384082304342	,2.6607609
1384082304344	,1.7482469
1384082304347	,2.7517319
1384082304349	,2.2773821
1384082304352	,3.065461
1384082304354	,1.5782889
1384082304357	,2.6496031
1384082304359	,1.627365
1384082304361	,2.802449
1384082304364	,2.557817
1384082304367	,3.080342
1384082304369	,1.7391629
1384082304372	,3.091425
1384082304374	,1.705426
1384082304377	,3.1844618
1384082304379	,1.659813
1384082304382	,2.829795
1384082304384	,1.677873
1384082304387	,3.0782719
1384082304389	,1.768686
1384082304392	,2.959105
1384082304394	,2.294199
1384082304397	,2.9708831
1384082304399	,1.849991
1384082304404	,4.168106
1384082304406	,2.0940912
1384082304410	,4.1103997
1384082304412	,2.2079332
1384082304415	,2.834285
1384082304417	,1.894613
1384082304420	,2.994982
1384082304423	,2.993287
1384082304426	,2.6594121
1384082304428	,1.561198
1384082304431	,2.8006852
1384082304432	,1.743169
1384082304435	,2.9336088
1384082304437	,1.6505699
1384082304440	,2.739899
1384082304443	,3.431534
1384082304446	,2.8555062
1384082304448	,1.602807
1384082304451	,2.798262
1384082304453	,1.645252
1384082304456	,3.002647
1384082304458	,2.137023
1384082304461	,3.179269
1384082304463	,1.8235761
1384082304466	,2.7835119
1384082304468	,1.911099
1384082304471	,3.080548
1384082304473	,1.849303
1384082304476	,3.059742
1384082304478	,1.7418029
1384082304481	,2.902199
1384082304483	,2.062253
1384082304487	,3.8158631
1384082304489	,1.569173
1384082304492	,3.198212
1384082304495	,2.3450668
1384082304498	,3.661073
1384082304500	,2.156626
1384082304503	,2.746882
1384082304505	,1.67191
1384082304509	,3.554489
1384082304511	,2.5186732
1384082304515	,3.8484929
1384082304518	,2.5200582
1384082304521	,2.767318
1384082304523	,1.8044361
1384082304525	,2.709607
1384082304528	,2.4591508
1384082304535	,7.043827
1384082304541	,5.762013
1384082304545	,3.8100228
1384082304547	,1.735176
1384082304550	,2.9253569
1384082304552	,1.747533
1384082304554	,2.792936
1384082304556	,1.816599
1384082304559	,3.094719
1384082304562	,2.081893
1384082304565	,2.988978
1384082304567	,2.382333
1384082304570	,2.999462
1384082304572	,2.00503
1384082304576	,3.157319
1384082304578	,2.7604308
1384082304582	,2.983339
1384082304583	,1.784053
1384082304587	,3.2069318
1384082304589	,2.1216059
1384082304593	,3.6943312
1384082304595	,2.276694
1384082304599	,3.386552
1384082304601	,1.922821
1384082304604	,2.829987
1384082304606	,2.5447671
1384082304610	,3.6469
1384082304613	,3.366771
1384082304617	,4.07295
1384082304620	,2.3198369
1384082304624	,3.643196
1384082304627	,2.769437
1384082304629	,2.7048721
1384082304631	,1.597076
1384082304634	,2.7013102
1384082304635	,1.515829
1384082304638	,2.7399452
1384082304640	,1.55585
1384082304643	,3.5083158
1384082304645	,1.773619
1384082304648	,2.762746
1384082304650	,1.817776
1384082304653	,3.0381122
1384082304655	,2.059947
1384082304659	,3.5161211
1384082304661	,1.892119
1384082304664	,2.772038
1384082304666	,1.8860999
1384082304669	,2.646534
1384082304670	,1.801077
1384082304673	,2.9231489
1384082304675	,1.892853
1384082304679	,3.066128
1384082304680	,1.847396
1384082304683	,2.824532
1384082304685	,2.026583
1384082304689	,3.1297991
1384082304690	,1.559063
1384082304693	,2.8654952
1384082304695	,1.467213
1384082304698	,2.6874938
1384082304700	,2.6543531
1384082304704	,3.1771488
1384082304706	,2.207491
1384082304710	,3.6211731
1384082304711	,1.684563
1384082304714	,2.910612
1384082304717	,2.313794
1384082304722	,4.589303
1384082304723	,1.565693
1384082304726	,3.0277562
1384082304729	,2.2882228
1384082304732	,2.871531
1384082304733	,1.6362331
1384082304736	,2.316529
1384082304739	,2.712529
1384082304743	,4.055501
1384082304747	,4.2170544
1384082304752	,4.442869
1384082304754	,2.2707639
1384082304756	,2.227295
1384082304759	,2.23594
1384082304761	,2.26963
1384082304763	,2.313262
1384082304766	,2.522476
1384082304770	,3.550477
1384082304772	,2.4300091
1384082304777	,4.963179
1384082304780	,2.779259
1384082304783	,2.4618201
1384082304785	,2.561522
1384082304792	,7.155733
1384082304795	,2.830262
1384082304800	,4.114159
1384082304803	,2.857409
1384082304805	,2.238611
1384082304807	,2.3488579
1384082304810	,2.304552
1384082304814	,4.190673
1384082304817	,3.110074
1384082304826	,8.412939
1384082304828	,2.701087
1384082304831	,2.2722561
1384082304833	,2.4108
1384082304836	,2.212371
1384082304838	,2.397893
1384082304841	,2.543212
1384082304843	,2.65513
1384082304846	,2.370929
1384082304848	,2.185026
1384082304851	,2.606222
1384082304853	,2.373258
1384082304856	,2.480398
1384082304859	,2.631072
1384082304861	,2.445824
1384082304864	,2.519211
1384082304867	,2.8459818
1384082304869	,2.3811588
1384082304871	,2.203281
1384082304874	,2.366431
1384082304876	,2.3680449
1384082304879	,2.63477
1384082304881	,2.304167
1384082304884	,2.42332
1384082304888	,4.2506347
1384082304891	,2.601358
1384082304893	,2.2582152
1384082304896	,2.819164
1384082304898	,2.141875
1384082304901	,2.735734
1384082304904	,2.525889
1384082304906	,2.290693
1384082304909	,2.453729
1384082304911	,2.474112
1384082304914	,2.380259
1384082304916	,2.612062
1384082304919	,2.893049
1384082304922	,2.8607242
1384082304925	,2.522042
1384082304928	,2.559426
1384082304930	,2.6835792
1384082304934	,3.978628
1384082304937	,2.517672
1384082304940	,2.7353811
1384082304943	,2.552791
1384082304958	,14.921546
1384082304961	,3.082133
1384082304963	,2.50705
1384082304966	,2.3343391
1384082304968	,2.3832529
1384082304972	,3.233643
1384082304974	,2.637024
1384082304977	,2.642935
1384082304980	,2.624913
1384082304983	,3.250336
1384082304986	,3.169776
1384082304989	,3.034118
1384082304992	,2.810498
1384082304995	,2.3910792
1384082304998	,2.6833339
1384082305001	,3.178663
1384082305004	,2.966834
1384082305006	,2.222558
1384082305009	,2.4040601
1384082305012	,3.413644
1384082305016	,3.6214838
1384082305019	,2.653568
1384082305021	,2.678232
1384082305025	,3.038511
1384082305028	,2.948848
1384082305030	,2.5356321
1384082305033	,2.3784142
1384082305036	,3.78408
1384082305039	,2.468465
1384082305042	,2.405192
1384082305044	,2.3932142
1384082305047	,3.060499
1384082305050	,2.663371
1384082305053	,2.638552
1384082305055	,2.743366
1384082305058	,2.3797219
1384082305060	,2.282479
1384082305063	,2.344199
1384082305066	,2.9135249
1384082305068	,2.3346632
1384082305071	,2.499916
1384082305073	,2.298226
1384082305076	,2.416477
1384082305078	,2.3355749
1384082305081	,2.50505
1384082305083	,2.335177
1384082305085	,2.352201
1384082305088	,2.554572
1384082305091	,2.365863
1384082305093	,2.290352
1384082305096	,2.6015959
1384082305098	,2.632499
1384082305101	,2.49593
1384082305104	,2.648686
1384082305107	,3.3463469
1384082305109	,2.2148812
1384082305112	,2.26124
1384082305114	,2.280472
1384082305117	,2.458963
1384082305119	,2.592245
1384082305122	,2.2894719
1384082305124	,2.299095
1384082305127	,2.7059069
1384082305131	,4.446682
1384082305135	,3.886672
1384082305138	,2.8882089
1384082305141	,2.39294
1384082305143	,2.247501
1384082305146	,2.7829032
1384082305149	,2.3059618
1384082305151	,2.2221441
1384082305153	,2.312847
1384082305156	,2.4622428
1384082305159	,2.751698
1384082305161	,2.69583
1384082305164	,2.75198
1384082305167	,2.608733
1384082305170	,2.7305892
1384082305172	,2.599096
1384082305175	,2.137718
1384082305177	,2.3685348
1384082305180	,2.382934
1384082305182	,2.329613
1384082305184	,2.356315
1384082305187	,2.3930779
1384082305189	,2.42118
1384082305192	,2.566503
1384082305195	,2.476065
1384082305197	,2.698848
1384082305200	,2.607867
1384082305203	,2.804097
1384082305206	,2.784946
1384082305208	,2.3339
1384082305211	,2.613509
1384082305213	,2.173148
1384082305215	,2.0493279
1384082305218	,2.609171
1384082305221	,2.413008
1384082305224	,3.445098
1384082305228	,4.070593
1384082305231	,2.661505
1384082305234	,2.702594
1384082305237	,2.703092
1384082305239	,2.564556
1384082305242	,2.644281
1384082305244	,2.169675
1384082305247	,2.372452
1384082305249	,2.5559318
1384082305252	,2.251179
1384082305254	,2.233849
1384082305257	,2.508252
1384082305259	,2.264599
1384082305262	,2.584209
1384082305264	,2.650054
1384082305268	,3.222908
1384082305270	,2.237062
1384082305273	,2.9094179
1384082305275	,2.2723181
1384082305278	,2.592484
1384082305281	,2.632508
1384082305283	,2.4224389
1384082305286	,2.2808611
1384082305288	,2.782981
1384082305292	,3.450409
1384082305294	,2.243073
1384082305297	,2.768045
1384082305300	,2.397804
1384082305302	,2.308381
1384082305305	,3.2735481
1384082305308	,2.791548
1384082305311	,2.464658
1384082305313	,2.500303
1384082305316	,2.458916
1384082305319	,3.012603
1384082305322	,2.64836
1384082305324	,2.258825
1384082305327	,2.714688
1384082305331	,3.915883
1384082305334	,2.5332959
1384082305336	,2.5319371
1384082305339	,2.8490162
1384082305341	,2.2038999
1384082305345	,3.188572
1384082305347	,2.641368
1384082305351	,3.013977
1384082305353	,2.447845
1384082305355	,2.189867
1384082305358	,2.189148
1384082305360	,2.745503
1384082305364	,3.476799
1384082305366	,2.254997
1384082305369	,2.453062
1384082305372	,3.408941
1384082305375	,2.560245
1384082305377	,2.1683588
1384082305379	,2.159607
1384082305382	,2.36972
1384082305384	,2.21503
1384082305387	,2.700726
1384082305390	,2.4270601
1384082305392	,2.4473689
1384082305395	,2.9300492
1384082305398	,2.9091752
1384082305401	,2.912569
1384082305404	,3.323548
1384082305407	,2.2837782
1384082305409	,2.515333
1384082305413	,3.0029352
1384082305415	,2.84917
1384082305418	,2.4846609
1384082305422	,3.4204519
1384082305424	,2.2204309
1384082305426	,2.2807329
1384082305429	,2.784131
1384082305432	,3.019685
1384082305435	,2.251044
1384082305438	,3.014411
1384082305440	,2.605108
1384082305444	,3.703082
1384082305447	,2.313751
1384082305449	,2.3655229
1384082305452	,2.600975
1384082305454	,2.43993
1384082305457	,2.4334319
1384082305459	,2.653737
1384082305462	,2.473335
1384082305465	,3.0220912
1384082305467	,2.2847571
1384082305470	,2.407181
1384082305473	,3.018838
1384082305477	,4.08082
1384082305480	,2.3896852
1384082305482	,2.3213038
1384082305486	,4.114902
1384082305489	,2.424043
1384082305491	,2.3892639
1384082305494	,2.5208392
1384082305496	,2.618783
1384082305499	,2.503033
1384082305502	,2.4211721
1384082305504	,2.423079
1384082305507	,3.013144
1384082305510	,2.562051
1384082305512	,2.1749442
1384082305514	,2.336267
1384082305517	,2.277366
1384082305519	,2.3772042
1384082305522	,2.363927
1384082305525	,3.040421
1384082305528	,3.270121
1384082305530	,2.382025
1384082305533	,2.501351
1384082305536	,3.281534
1384082305539	,2.357121
1384082305541	,2.192476
1384082305544	,2.309725
1384082305550	,6.269588
1384082305553	,2.7379289
1384082305555	,1.869298
1384082305557	,1.953174
1384082305559	,2.264534
1384082305561	,2.372103
1384082305564	,2.764046
1384082305567	,2.5907938
1384082305569	,2.211302
1384082305572	,2.7794418
1384082305574	,2.3186111
1384082305578	,3.4379718
1384082305580	,2.187011
1384082305582	,2.214109
1384082305585	,2.3541288
1384082305587	,2.31777
1384082305590	,2.335629
1384082305592	,2.245718
1384082305594	,2.315501
1384082305597	,2.81867
1384082305600	,2.376977
1384082305602	,2.3762949
1384082305604	,2.270834
1384082305607	,2.222251
1384082305609	,2.451221
1384082305611	,2.273388
1384082305614	,2.295716
1384082305617	,2.988631
1384082305621	,4.085882
1384082305624	,3.110424
1384082305627	,3.037083
1384082305630	,2.3677008
1384082305633	,3.3532991
1384082305636	,2.717381
1384082305638	,2.062748
1384082305641	,2.3564398
1384082305643	,2.222091
1384082305646	,3.4383602
1384082305649	,2.3211522
1384082305651	,2.38003
1384082305654	,2.203831
1384082305656	,2.3471642
1384082305658	,2.149021
1384082305661	,2.256096
1384082305663	,2.177022
1384082305665	,2.548933
1384082305669	,3.303973
1384082305671	,2.4162362
1384082305674	,2.409919
1384082305677	,2.9752972
1384082305679	,2.146125
1384082305681	,2.285229
1384082305684	,2.483772
1384082305686	,2.375648
1384082305689	,2.301904
1384082305691	,2.458281
1384082305694	,2.2652462
1384082305696	,2.699828
1384082305699	,2.394671
1384082305701	,2.469843
1384082305704	,2.3336809
1384082305706	,2.508241
1384082305712	,5.004009
1384082305714	,2.328348
1384082305716	,2.408735
1384082305727	,10.47895
1384082305730	,2.874361
1384082305733	,2.665715
1384082305735	,2.471311
1384082305738	,2.3069708
1384082305740	,2.5542972
1384082305744	,3.2214851
1384082305747	,2.8840668
1384082305750	,3.4336221
1384082305753	,2.9175382
1384082305757	,3.480122
1384082305759	,2.2396011
1384082305761	,2.202572
1384082305764	,2.982904
1384082305767	,3.039646
1384082305770	,2.591394
1384082305773	,2.416362
1384082305775	,2.455497
1384082305778	,2.500151
1384082305782	,4.142059
1384082305785	,3.093224
1384082305787	,2.223177
1384082305790	,2.4496012
1384082305793	,2.51232
1384082305795	,2.291891
1384082305797	,2.454897
1384082305800	,2.347607
1384082305802	,2.441711
1384082305805	,2.906553
1384082305809	,3.859119
1384082305812	,2.275357
1384082305814	,2.2381241
1384082305816	,2.282647
1384082305819	,3.0603082
1384082305823	,3.0129752
1384082305825	,2.638241
1384082305828	,2.507761
1384082305830	,2.310434
1384082305833	,3.1272452
1384082305837	,3.117518
1384082305840	,3.0880759
1384082305848	,8.102754
1384082305852	,3.5850272
1384082305854	,2.430167
1384082305857	,2.609762
1384082305862	,5.089624
1384082305865	,2.946677
1384082305868	,2.507094
1384082305871	,2.8475778
1384082305874	,2.907478
1384082305876	,2.384198
1384082305879	,3.050225
1384082305882	,2.813227
1384082305884	,2.159271
1384082305887	,2.3199952
1384082305889	,2.34727
1384082305892	,2.603814
1384082305894	,2.467604
1384082305897	,3.017456
1384082305900	,2.559205
1384082305902	,2.248738
1384082305905	,2.32142
1384082305907	,2.4675229
1384082305911	,3.586875
1384082305914	,2.615163
1384082305916	,2.46166
1384082305919	,2.3549972
1384082305921	,2.4493349
1384082305924	,2.473929
1384082305926	,2.42272
1384082305930	,3.913985
1384082305933	,2.806948
1384082305936	,2.325564
1384082305938	,2.405154
1384082305941	,2.529355
1384082305943	,2.5070338
1384082305946	,2.778367
1384082305948	,2.201671
1384082305951	,2.4427242
1384082305954	,2.5281398
1384082305957	,3.481585
1384082305961	,3.3737319
1384082305964	,2.955472
1384082305966	,2.2768779
1384082305968	,2.427938
1384082305971	,2.466209
1384082305975	,3.493461
1384082305977	,2.324676
1384082305979	,2.430919
1384082305982	,2.537224
1384082305985	,2.344398
1384082305988	,3.134741
1384082305990	,2.3621411
1384082305993	,2.400344
1384082305995	,2.3107681
1384082305998	,2.457033
1384082306000	,2.643156
1384082306003	,2.497835
1384082306005	,2.515251
1384082306008	,2.827799
1384082306011	,2.995439
1384082306014	,2.516594
1384082306017	,2.364817
1384082306019	,2.719351
1384082306022	,2.485261
1384082306027	,4.549813
1384082306029	,2.769341
1384082306032	,2.595794
1384082306036	,4.3469
1384082306040	,2.97595
1384082306042	,2.446328
1384082306045	,2.805795
1384082306048	,2.4748468
1384082306050	,2.621047
1384082306055	,4.242516
1384082306060	,5.1841726
1384082306065	,4.975666
1384082306068	,2.455487
1384082306070	,2.7346041
1384082306073	,2.476084
1384082306075	,2.2603369
1384082306077	,2.157857
1384082306081	,3.731817
1384082306084	,2.493584
1384082306086	,2.4218612
1384082306089	,2.49343
1384082306092	,2.4313278
1384082306094	,2.5417008
1384082306096	,2.273165
1384082306100	,3.5263588
1384082306103	,2.376191
1384082306105	,2.194793
1384082306107	,2.4538279
1384082306110	,2.380764
1384082306112	,2.624212
1384082306115	,2.4048479
1384082306118	,2.5855892
1384082306120	,2.274256
1384082306122	,2.413844
1384082306125	,2.5009222
1384082306128	,2.525861
1384082306130	,2.297977
1384082306133	,2.403517
1384082306135	,2.4410481
1384082306138	,2.518459
1384082306141	,3.364815
1384082306144	,3.1038702
1384082306147	,2.685921
1384082306150	,2.48329
1384082306152	,2.50343
1384082306155	,2.576834
1384082306157	,2.479398
1384082306161	,3.863921
1384082306164	,2.358956
1384082306166	,2.3844
1384082306169	,2.34829
1384082306172	,2.998908
1384082306174	,2.2249541
1384082306176	,2.3467472
1384082306179	,2.4735281
1384082306182	,2.560719
1384082306184	,2.66688
1384082306187	,2.759885
1384082306190	,2.828208
1384082306193	,2.425738
1384082306197	,4.116571
1384082306199	,2.172475
1384082306202	,2.285148
1384082306204	,2.145438
1384082306206	,2.104715
1384082306208	,2.238915
1384082306211	,3.156552
1384082306214	,2.700748
1384082306217	,2.423331
1384082306219	,2.11227
1384082306221	,2.276549
1384082306224	,2.445714
1384082306227	,3.750946
1384082306230	,2.315198
1384082306232	,2.5613348
1384082306235	,2.433402
1384082306239	,4.444312
1384082306242	,2.5771441
1384082306244	,2.031169
1384082306246	,1.899641
1384082306249	,2.539239
1384082306251	,2.412069
1384082306253	,2.098571
1384082306256	,2.802772
1384082306259	,2.667321
1384082306265	,5.733245
1384082306267	,2.37146
1384082306269	,2.164191
1384082306272	,2.372149
1384082306274	,2.190478
1384082306277	,2.800986
1384082306279	,2.6090128
1384082306283	,3.750742
1384082306286	,2.789398
1384082306288	,2.19119
1384082306291	,2.3177838
1384082306293	,2.27442
1384082306296	,2.444676
1384082306298	,2.399455
1384082306301	,2.630869
1384082306304	,2.699599
1384082306306	,2.277198
1384082306308	,2.195427
1384082306311	,2.2873569
1384082306313	,2.309617
1384082306318	,5.0044007
1384082306320	,2.1493
1384082306323	,2.481917
1384082306325	,2.5216632
1384082306328	,2.35177
1384082306330	,2.354434
1384082306333	,2.396028
1384082306335	,2.452409
1384082306338	,2.3818269
1384082306341	,3.1418512
1384082306345	,3.678549
1384082306347	,2.6583679
1384082306350	,2.4578512
1384082306352	,2.3694742
1384082306355	,2.5982308
1384082306357	,2.297062
1384082306360	,2.617658
1384082306365	,4.666485
1384082306368	,2.675102
1384082306370	,2.413028
1384082306373	,2.564764
1384082306376	,3.163838
1384082306378	,2.111265
1384082306380	,2.2703931
1384082306383	,2.766352
1384082306386	,2.5501761
1384082306388	,2.578285
1384082306391	,2.717908
1384082306394	,2.429727
1384082306397	,2.782031
1384082306399	,2.581458
1384082306402	,2.438193
1384082306404	,2.223825
1384082306407	,2.425103
1384082306409	,2.428982
1384082306412	,2.431397
1384082306414	,2.6488922
1384082306417	,2.569824
1384082306420	,2.551874
1384082306422	,2.359281
1384082306425	,2.771457
1384082306427	,2.393238
1384082306430	,2.63291
1384082306433	,2.513377
1384082306436	,2.9067352
1384082306438	,2.487604
1384082306441	,2.4295611
1384082306444	,3.1812549
1384082306446	,2.4244008
1384082306449	,2.5154
1384082306452	,2.508934
1384082306454	,2.573511
1384082306457	,2.347921
1384082306459	,2.357145
1384082306462	,2.431476
1384082306465	,3.3302839
1384082306469	,3.520103
1384082306471	,2.667999
1384082306474	,2.802272
1384082306485	,10.893532
1384082306489	,3.4404109
1384082306491	,2.593704
1384082306494	,2.425014
1384082306496	,2.605244
1384082306499	,2.641229
1384082306502	,2.447173
1384082306505	,3.008189
1384082306507	,2.366064
1384082306510	,2.39608
1384082306512	,2.392457
1384082306515	,2.459384
1384082306517	,2.7527099
1384082306521	,2.985468
1384082306525	,3.906506
1384082306527	,2.4367518
1384082306529	,2.394197
1384082306532	,2.298458
1384082306534	,2.388694
1384082306537	,2.465207
1384082306539	,2.445594
1384082306542	,2.3710139
1384082306545	,2.8098779
1384082306548	,2.787489
1384082306550	,2.392714
1384082306552	,2.415954
1384082306555	,2.3148
1384082306557	,2.402667
1384082306561	,3.177588
1384082306563	,2.379962
1384082306566	,2.3947
1384082306568	,2.681592
1384082306571	,2.415126
1384082306574	,2.7769308
1384082306578	,4.492089
1384082306581	,2.367585
1384082306583	,2.822022
1384082306586	,2.3719938
1384082306589	,3.130999
1384082306592	,2.879845
1384082306594	,2.1380162
1384082306597	,2.228904
1384082306599	,2.418894
1384082306602	,2.795117
1384082306604	,2.209661
1384082306607	,2.454428
1384082306609	,2.603
1384082306612	,2.404123
1384082306614	,2.470418
1384082306618	,3.9276412
1384082306621	,2.630028
1384082306624	,2.488351
1384082306627	,2.881248
1384082306629	,2.635491
1384082306632	,2.377743
1384082306634	,2.179991
1384082306638	,3.7296069
1384082306641	,2.733501
1384082306644	,2.853369
1384082306648	,4.139981
1384082306650	,2.315437
1384082306653	,2.533544
1384082306655	,2.221535
1384082306657	,2.393313
1384082306660	,2.272493
1384082306662	,2.2842548
1384082306667	,4.297315
1384082306669	,2.69475
1384082306673	,3.424628
1384082306678	,4.889078
1384082306681	,2.757291
1384082306683	,2.294942
1384082306685	,2.3056831
1384082306688	,2.320311
1384082306691	,3.313742
1384082306694	,2.4250839
1384082306696	,2.325276
1384082306698	,2.291454
1384082306701	,2.634718
1384082306703	,2.360871
1384082306706	,2.7442281
1384082306709	,3.009918
1384082306712	,2.216003
1384082306719	,7.3058977
1384082306722	,3.2758799
1384082306725	,2.402427
1384082306727	,2.400552
1384082306730	,2.4987009
1384082306732	,2.491395
1384082306735	,2.50572
1384082306738	,2.853974
1384082306741	,2.6457472
1384082306743	,2.4740639
1384082306746	,2.3817
1384082306748	,2.741585
1384082306751	,2.436087
1384082306754	,2.633866
1384082306756	,2.531461
1384082306759	,2.5286899
1384082306762	,2.7446952
1384082306765	,3.038679
1384082306767	,2.5724819
1384082306771	,3.249248
1384082306774	,2.941968
1384082306777	,3.446438
1384082306782	,4.295162
1384082306784	,2.143993
1384082306786	,2.324405
1384082306789	,3.0195582
1384082306792	,2.432201
1384082306794	,2.241524
1384082306797	,2.37656
1384082306799	,2.466998
1384082306802	,2.567974
1384082306804	,2.613108
1384082306807	,3.002658
1384082306810	,2.2946298
1384082306812	,2.265359
1384082306815	,2.2882838
1384082306817	,2.4440272
1384082306820	,2.7523181
1384082306824	,3.9651918
1384082306827	,3.009554
1384082306830	,2.73036
1384082306832	,2.404956
1384082306835	,2.37712
1384082306837	,2.722562
1384082306840	,2.553845
1384082306843	,2.5185568
1384082306845	,2.455488
1384082306848	,2.781291
1384082306851	,3.1196709
1384082306854	,2.44521
1384082306856	,2.698615
1384082306859	,2.448453
1384082306861	,2.39091
1384082306864	,2.8074331
1384082306867	,2.327291
1384082306869	,2.549489
1384082306872	,2.501362
1384082306874	,2.410144
1384082306877	,2.58623
1384082306881	,3.666125
1384082306883	,2.336605
1384082306886	,2.9609828
1384082306889	,2.570162
1384082306891	,2.474993
1384082306896	,4.968811
1384082306900	,3.1093798
1384082306902	,2.4348788
1384082306904	,2.328752
1384082306907	,2.4310892
1384082306910	,3.0394762
1384082306913	,2.4088268
1384082306917	,3.956038
1384082306919	,2.649558
1384082306922	,2.452029
1384082306925	,2.893716
1384082306927	,2.421553
1384082306930	,2.462775
1384082306933	,2.739016
1384082306936	,3.0116498
1384082306938	,2.550896
1384082306941	,2.640216
1384082306944	,2.598793
1384082306946	,2.628863
1384082306949	,2.6605768
1384082306952	,2.790666
1384082306955	,3.3836908
1384082306958	,2.438652
1384082306961	,2.571903
1384082306963	,2.7630358
1384082306966	,2.311982
1384082306968	,2.3324919
1384082306971	,2.716899
1384082306974	,2.738966
1384082306976	,2.3695319
1384082306979	,2.323455
1384082306982	,3.441644
1384082306985	,2.764249
1384082306987	,2.375243
1384082306990	,2.444448
1384082306992	,2.23205
1384082306995	,2.305182
1384082306997	,2.137719
1384082306999	,2.5195372
1384082307002	,2.4453988
1384082307004	,2.397903
1384082307007	,2.316585
1384082307010	,3.357528
1384082307013	,2.909579
1384082307015	,2.189723
1384082307018	,2.159205
1384082307020	,2.4291131
1384082307023	,2.441173
1384082307025	,2.6162758
1384082307028	,2.705046
1384082307031	,3.1746202
1384082307034	,2.762726
1384082307037	,2.5302591
1384082307039	,2.429949
1384082307042	,2.511099
1384082307045	,3.0350668
1384082307047	,2.370276
1384082307050	,2.755269
1384082307053	,2.598392
1384082307056	,3.048647
1384082307058	,2.357479
1384082307061	,2.583533
1384082307064	,2.448145
1384082307067	,3.226977
1384082307069	,2.278241
1384082307072	,2.390135
1384082307074	,2.4054508
1384082307077	,2.5049431
1384082307080	,2.9696941
1384082307083	,3.349591
1384082307086	,2.674625
1384082307089	,3.296877
1384082307092	,2.915997
1384082307095	,2.329956
1384082307098	,2.951998
1384082307100	,2.290989
1384082307102	,2.136813
1384082307105	,2.691117
1384082307108	,2.439024
1384082307110	,2.27671
1384082307114	,4.455691
1384082307117	,2.122642
1384082307119	,2.193684
1384082307122	,3.018713
1384082307124	,2.321828
1384082307127	,2.7093601
1384082307130	,2.337003
1384082307132	,2.5710301
1384082307135	,2.3158422
1384082307137	,2.150363
1384082307139	,2.4193358
1384082307142	,2.23407
1384082307144	,2.320791
1384082307146	,2.3610191
1384082307149	,2.4104161
1384082307151	,2.4576359
1384082307154	,2.82397
1384082307158	,3.9775028
1384082307161	,2.513739
1384082307163	,2.2816598
1384082307166	,2.284546
1384082307168	,2.3775291
1384082307170	,2.3343549
1384082307173	,2.624789
1384082307176	,2.556229
1384082307178	,2.2959762
1384082307181	,2.502816
1384082307183	,2.504466
1384082307187	,3.412113
1384082307189	,2.422085
1384082307192	,2.509722
1384082307194	,2.611969
1384082307197	,2.669859
1384082307200	,2.907707
1384082307203	,3.149167
1384082307206	,2.2868102
1384082307208	,2.368285
1384082307210	,2.097952
1384082307213	,2.3177452
1384082307215	,2.6184862
1384082307226	,10.063065
1384082307228	,2.571087
1384082307231	,2.342842
1384082307234	,3.14815
1384082307236	,2.292918
1384082307238	,2.191773
1384082307241	,2.614603
1384082307243	,2.25616
1384082307246	,2.3898292
1384082307248	,2.333996
1384082307251	,2.658586
1384082307254	,2.801066
1384082307257	,2.613481
1384082307259	,2.42144
1384082307262	,2.9517028
1384082307265	,3.3376079
1384082307268	,2.636542
1384082307271	,2.623087
1384082307273	,2.569291
1384082307276	,2.091196
1384082307278	,2.397675
1384082307281	,2.460187
1384082307283	,2.258964
1384082307285	,2.1824222
1384082307288	,3.003949
1384082307291	,3.030967
1384082307294	,3.02254
1384082307298	,2.9831622
1384082307301	,3.743433
1384082307304	,2.2162828
1384082307306	,2.4097319
1384082307308	,2.148989
1384082307311	,2.260076
1384082307313	,2.489633
1384082307316	,2.760256
1384082307318	,2.4102461
1384082307321	,2.3906379
1384082307324	,2.4638731
1384082307327	,2.9544318
1384082307329	,2.644053
1384082307332	,2.242562
1384082307334	,2.1513221
1384082307336	,2.011751
1384082307338	,2.187023
1384082307341	,2.394745
1384082307343	,2.310973
1384082307345	,2.381368
1384082307348	,2.323965
1384082307350	,2.368798
1384082307353	,2.290824
1384082307355	,2.323159
1384082307357	,2.33432
1384082307360	,2.3902361
1384082307362	,2.2326689
1384082307365	,2.465102
1384082307367	,2.446746
1384082307370	,2.416749
1384082307372	,2.534596
1384082307374	,2.120019
1384082307377	,2.5902429
1384082307380	,2.622002
1384082307383	,3.11453
1384082307386	,2.4729981
1384082307390	,4.156757
1384082307393	,2.875
1384082307396	,3.303061
1384082307398	,2.363752
1384082307401	,2.162159
1384082307403	,2.209369
1384082307407	,3.817486
1384082307410	,2.700521
1384082307412	,2.583905
1384082307415	,2.4791632
1384082307417	,2.49414
1384082307420	,2.569929
1384082307422	,2.212599
1384082307425	,2.372615
1384082307428	,3.017401
1384082307431	,2.7999651
1384082307433	,2.2600381
1384082307436	,2.729615
1384082307438	,2.44277
1384082307441	,2.69925
1384082307444	,2.337542
1384082307446	,2.176114
1384082307448	,2.34681
1384082307451	,2.464636
1384082307453	,2.329683
1384082307456	,2.725846
1384082307458	,2.430461
1384082307461	,2.808285
1384082307464	,2.8913999
1384082307467	,2.493839
1384082307470	,2.690017
1384082307472	,2.361915
1384082307475	,2.844972
1384082307477	,2.274598
1384082307479	,2.100041
1384082307482	,2.4215891
1384082307485	,2.6711168
1384082307488	,2.7829008
1384082307490	,2.123868
1384082307492	,2.4656389
1384082307495	,2.482709
1384082307500	,4.642718
1384082307507	,7.791914
1384082307511	,3.517325
1384082307514	,3.1597662
1384082307517	,3.065147
1384082307520	,2.234038
1384082307522	,2.259979
1384082307524	,2.385218
1384082307527	,2.758064
1384082307530	,2.483279
1384082307533	,2.963584
1384082307535	,2.191205
1384082307537	,2.281687
1384082307540	,2.318501
1384082307542	,2.211129
1384082307545	,2.7039862
1384082307548	,2.979764
1384082307550	,2.390115
1384082307553	,2.344327
1384082307555	,2.5209951
1384082307558	,2.5373511
1384082307561	,2.4916818
1384082307563	,2.578796
1384082307566	,2.488466
1384082307568	,2.4648688
1384082307571	,3.0016432
1384082307574	,2.725707
1384082307577	,2.408203
1384082307580	,3.26997
1384082307583	,2.517483
1384082307585	,2.554073
1384082307588	,2.2677739
1384082307590	,2.610096
1384082307593	,2.494812
1384082307596	,2.900247
1384082307598	,2.5229952
1384082307602	,3.098905
1384082307604	,2.389902
1384082307606	,2.169376
1384082307609	,2.638632
1384082307612	,2.5034442
1384082307614	,2.400892
1384082307617	,2.47055
1384082307619	,2.878808
1384082307622	,2.5586832
1384082307634	,11.519586
1384082307637	,3.128543
1384082307640	,2.8207219
1384082307642	,1.8217419
1384082307645	,2.989564
1384082307647	,2.2882218
1384082307649	,2.00435
1384082307651	,2.166613
1384082307653	,2.201704
1384082307656	,2.704959
1384082307659	,2.553863
1384082307661	,2.134127
1384082307663	,2.081634
1384082307666	,2.381698
1384082307668	,2.3901842
1384082307671	,2.8920019
1384082307673	,2.491707
1384082307676	,2.817709
1384082307680	,4.117508
1384082307683	,2.053527
1384082307685	,2.128609
1384082307687	,2.168771
1384082307689	,2.353858
1384082307692	,2.2395482
1384082307694	,2.6938841
1384082307697	,2.3672051
1384082307703	,6.23139
1384082307707	,4.032954
1384082307714	,7.046079
1384082307718	,3.448384
1384082307722	,4.664452
1384082307724	,2.078992
1384082307727	,2.3408659
1384082307731	,3.751379
1384082307733	,2.289787
1384082307736	,2.862684
1384082307738	,1.9817419
1384082307740	,2.249885
1384082307743	,2.4630911
1384082307745	,2.253763
1384082307748	,2.483981
1384082307750	,2.269112
1384082307752	,2.2016919
1384082307754	,2.275117
1384082307757	,2.399375
1384082307760	,2.653491
1384082307762	,2.281954
1384082307765	,2.441984
1384082307767	,2.348721
1384082307769	,2.3371508
1384082307773	,3.191258
1384082307775	,2.412221
1384082307777	,2.237005
1384082307781	,3.1623988
1384082307783	,2.286715
1384082307785	,2.4179661
1384082307788	,2.7135658
1384082307791	,2.91229
1384082307794	,2.977509
1384082307796	,2.1258059
1384082307799	,2.4166389
1384082307801	,2.331195
1384082307804	,2.379045
1384082307808	,4.205092
1384082307811	,2.913496
1384082307814	,2.762034
1384082307817	,2.743305
1384082307819	,2.558703
1384082307822	,2.878522
1384082307825	,2.3243139
1384082307827	,2.2482152
1384082307829	,2.204092
1384082307832	,2.630084
1384082307834	,1.989673
1384082307836	,2.3707619
1384082307839	,2.666398
1384082307842	,3.018966
1384082307844	,2.158273
1384082307847	,2.4606721
1384082307849	,2.2491012
1384082307852	,2.400851
1384082307854	,2.265896
1384082307856	,2.4791212
1384082307859	,2.705144
1384082307862	,2.296071
1384082307864	,2.496356
1384082307867	,2.571206
1384082307870	,2.6980162
1384082307872	,2.4985101
1384082307876	,3.4834518
1384082307881	,5.014412
1384082307884	,3.2022338
1384082307887	,2.567521
1384082307889	,2.722426
1384082307892	,2.234385
1384082307894	,2.2414389
1384082307896	,2.215938
1384082307899	,2.497794
1384082307901	,2.4372041
1384082307905	,3.993997
1384082307908	,2.963843
1384082307911	,2.5409951
1384082307914	,2.8619452
1384082307917	,3.2763941
1384082307922	,4.726251
1384082307935	,12.835538
1384082307939	,3.514193
1384082307941	,2.552655
1384082307944	,2.612885
1384082307947	,2.674
1384082307949	,2.746644
1384082307952	,2.743053
1384082307955	,2.864413
1384082307958	,2.673978
1384082307961	,2.898439
1384082307964	,2.844513
1384082307966	,2.5650878
1384082307969	,2.540436
1384082307972	,2.732764
1384082307975	,2.957054
1384082307978	,2.844042
1384082307981	,2.908052
1384082307984	,3.425486
1384082307987	,2.585297
1384082307989	,2.418664
1384082307992	,2.716424
1384082307996	,4.43089
1384082307999	,2.366197
1384082308002	,2.872812
1384082308004	,2.6022801
1384082308007	,2.0912461
1384082308009	,2.426249
1384082308012	,3.231405
1384082308015	,2.408176
1384082308018	,2.731356
1384082308020	,2.229671
1384082308022	,2.1935048
1384082308025	,2.354296
1384082308027	,2.309526
1384082308029	,2.292288
1384082308032	,2.164726
1384082308035	,2.9596899
1384082308037	,2.1211622
1384082308039	,2.320472
1384082308043	,3.335383
1384082308045	,2.269176
1384082308047	,2.483789
1384082308050	,2.086615
1384082308052	,2.204716
1384082308054	,2.2785149
1384082308056	,2.132332
1384082308059	,2.245332
1384082308061	,2.514606
1384082308063	,2.1358378
1384082308066	,2.057099
1384082308068	,2.32257
1384082308070	,2.194625
1384082308072	,2.2872849
1384082308075	,2.5463798
1384082308078	,2.4875162
1384082308081	,3.6628768
1384082308084	,2.1106951
1384082308087	,3.013843
1384082308089	,2.1735191
1384082308092	,2.659869
1384082308094	,2.30791
1384082308096	,2.240939
1384082308099	,2.325106
1384082308101	,2.444152
1384082308109	,7.5537806
1384082308112	,3.306524
1384082308115	,2.614686
1384082308118	,2.731686
1384082308122	,4.288518
1384082308126	,3.7781708
1384082308128	,2.688085
1384082308131	,2.1497848
1384082308133	,2.652024
1384082308138	,4.1319304
1384082308140	,2.7717538
1384082308143	,2.200829
1384082308145	,2.140532
1384082308147	,2.115852
1384082308149	,2.204539
1384082308151	,2.084103
1384082308154	,2.350436
1384082308156	,2.385009
1384082308159	,2.890876
1384082308162	,2.3392491
1384082308164	,2.183158
1384082308167	,2.6189551
1384082308169	,2.181566
1384082308171	,2.3511622
1384082308174	,2.337686
1384082308176	,2.662739
1384082308179	,2.564583
1384082308182	,2.5532649
1384082308185	,3.1614819
1384082308189	,3.7348578
1384082308191	,2.049993
1384082308193	,2.57149
1384082308196	,2.208028
1384082308199	,2.885459
1384082308201	,2.451659
1384082308204	,2.458652
1384082308206	,2.614386
1384082308209	,2.819447
1384082308212	,2.365191
1384082308214	,2.162557
1384082308216	,2.317905
1384082308218	,2.141732
1384082308221	,2.414603
1384082308223	,2.119545
1384082308225	,2.101281
1384082308227	,2.2105758
1384082308230	,2.39712
1384082308232	,2.271496
1384082308235	,2.436186
1384082308237	,2.571726
1384082308240	,2.2894828
1384082308242	,2.394915
1384082308244	,2.314809
1384082308247	,2.28838
1384082308250	,2.7946022
1384082308252	,2.359318
1384082308254	,2.046365
1384082308257	,2.3394618
1384082308259	,2.293052
1384082308261	,2.209054
1384082308263	,2.187887
1384082308266	,2.132171
1384082308268	,2.1339571
1384082308270	,2.071347
1384082308272	,2.083314
1384082308274	,2.0413399
1384082308277	,2.260854
1384082308279	,2.078516
1384082308281	,2.4162729
1384082308285	,3.4145472
1384082308288	,2.9714189
1384082308290	,2.757863
1384082308293	,2.528252
1384082308295	,2.150707
1384082308297	,1.9918901
1384082308299	,2.05232
1384082308302	,2.069583
1384082308304	,2.2502801
1384082308306	,2.2165768
1384082308309	,2.3848279
1384082308312	,3.3064508
1384082308314	,2.216523
1384082308317	,2.951791
1384082308320	,2.557141
1384082308322	,2.503044
1384082308325	,2.395458
1384082308328	,2.737925
1384082308330	,2.762737
1384082308333	,2.234274
1384082308335	,1.97961
1384082308338	,3.191874
1384082308341	,2.628754
1384082308344	,2.9201832
1384082308346	,2.207953
1384082308348	,2.073742
1384082308350	,2.251
1384082308353	,2.425515
1384082308356	,2.7327108
1384082308358	,2.2205238
1384082308360	,2.113576
1384082308362	,2.155627
1384082308365	,2.229064
1384082308367	,1.9999571
1384082308369	,2.248809
1384082308371	,2.034864
1384082308374	,2.400331
1384082308376	,2.410138
1384082308379	,2.3896842
1384082308383	,4.497747
1384082308386	,2.4340138
1384082308389	,3.390528
1384082308391	,2.212293
1384082308394	,2.212317
1384082308396	,2.65222
1384082308399	,2.614995
1384082308402	,3.1020539
1384082308405	,3.0486202
1384082308407	,2.166121
1384082308410	,2.4187882
1384082308412	,2.452781
1384082308415	,2.502698
1384082308418	,2.582751
1384082308420	,2.570087
1384082308423	,3.058014
1384082308426	,2.511069
1384082308429	,2.794248
1384082308432	,2.6684608
1384082308434	,2.2078578
1384082308436	,2.559551
1384082308439	,2.1077409
1384082308441	,2.2273412
1384082308444	,2.495508
1384082308447	,3.074435
1384082308449	,2.373009
1384082308452	,2.45673
1384082308455	,2.860348
1384082308457	,2.6526341
1384082308460	,2.263298
1384082308462	,2.3598878
1384082308465	,2.8077781
1384082308467	,2.474124
1384082308469	,1.958406
1384082308472	,2.193275
1384082308474	,2.15946
1384082308476	,2.244981
1384082308478	,2.18944
1384082308481	,2.082701
1384082308483	,2.346722
1384082308485	,2.166513
1384082308487	,2.031703
1384082308491	,3.219372
1384082308493	,2.3714352
1384082308497	,4.016376
1384082308500	,2.423847
1384082308502	,2.414697
1384082308504	,2.261383
1384082308507	,2.190174
1384082308509	,2.229834
1384082308511	,2.286587
1384082308515	,3.5160892
1384082308517	,2.6331608
1384082308520	,2.862803
1384082308523	,2.7724562
1384082308525	,2.136324
1384082308528	,2.3866432
1384082308530	,2.1492672
1384082308533	,2.353461
1384082308535	,2.258801
1384082308537	,2.2329972
1384082308540	,2.6893082
1384082308542	,2.514427
1384082308547	,4.909142
1384082308550	,2.274942
1384082308552	,2.2526698
1384082308554	,2.2956202
1384082308557	,2.258434
1384082308559	,2.155941
1384082308561	,2.0896919
1384082308563	,2.137164
1384082308566	,2.466155
1384082308568	,2.4453778
1384082308572	,3.981095
1384082308575	,2.223571
1384082308577	,2.3163059
1384082308579	,2.309294
1384082308582	,2.2508879
1384082308584	,2.700084
1384082308587	,2.374261
1384082308590	,2.8329298
1384082308592	,2.364249
1384082308595	,2.252551
1384082308597	,2.4583392
1384082308599	,2.376465
1384082308602	,2.158214
1384082308604	,2.5181608
1384082308607	,2.840435
1384082308610	,2.523979
1384082308613	,2.818511
1384082308625	,11.991347
1384082308628	,2.9188778
1384082308630	,2.431107
1384082308633	,2.319185
1384082308635	,2.3936942
1384082308638	,2.558001
1384082308641	,2.9474509
1384082308643	,2.563988
1384082308646	,2.740088
1384082308649	,3.012524
1384082308651	,2.215611
1384082308654	,2.398811
1384082308656	,2.48159
1384082308659	,2.575234
1384082308662	,2.571269
1384082308664	,2.435397
1384082308667	,3.0134861
1384082308669	,2.13031
1384082308674	,4.1086507
1384082308676	,2.412965
1384082308678	,2.425024
1384082308681	,2.4787672
1384082308684	,2.699385
1384082308686	,2.316833
1384082308689	,3.0156422
1384082308692	,2.3827848
1384082308694	,2.7338068
1384082308697	,2.502661
1384082308700	,2.438121
1384082308702	,2.6489441
1384082308705	,2.397187
1384082308707	,2.095374
1384082308709	,1.970063
1384082308711	,2.080853
1384082308714	,2.368297
1384082308716	,2.582895
1384082308719	,2.832805
1384082308722	,2.442887
1384082308724	,2.405177
1384082308727	,3.171115
1384082308729	,2.171187
1384082308732	,2.402504
1384082308734	,2.4361908
1384082308738	,3.6757581
1384082308741	,2.9470382
1384082308746	,4.457276
1384082308748	,2.364217
1384082308751	,2.34896
1384082308753	,2.536865
1384082308755	,2.1584032
1384082308758	,2.178124
1384082308760	,2.1741111
1384082308762	,2.3521268
1384082308765	,2.241133
1384082308769	,4.508564
1384082308771	,2.33914
1384082308774	,2.291648
1384082308776	,2.306576
1384082308779	,2.491082
1384082308782	,2.698153
1384082308784	,2.666374
1384082308787	,2.5094972
1384082308789	,2.625225
1384082308793	,3.489059
1384082308796	,2.638245
1384082308799	,3.336164
1384082308801	,2.278237
1384082308804	,2.407117
1384082308806	,2.464297
1384082308809	,2.429604
1384082308811	,2.414624
1384082308814	,2.4540172
1384082308816	,2.2712538
1384082308819	,2.362741
1384082308821	,2.5082128
1384082308824	,2.7356331
1384082308826	,2.27788
1384082308829	,2.2035081
1384082308831	,2.522625
1384082308834	,2.366435
1384082308836	,2.5536
1384082308839	,2.2394261
1384082308841	,2.4350839
1384082308844	,2.6392639
1384082308846	,2.234111
1384082308849	,2.501518
1384082308852	,3.2985592
1384082308855	,2.648435
1384082308857	,2.321707
1384082308859	,2.33088
1384082308863	,3.323539
1384082308868	,4.931161
1384082308870	,2.258437
1384082308873	,2.277411
1384082308875	,2.333262
1384082308878	,2.5311232
1384082308880	,2.369598
1384082308883	,2.5550601
1384082308885	,2.4262881
1384082308887	,2.241817
1384082308890	,2.561727
1384082308892	,2.245878
1384082308895	,2.4771311
1384082308897	,2.487427
1384082308900	,2.846623
1384082308903	,2.607162
1384082308905	,2.154284
1384082308907	,2.292639
1384082308910	,2.2058492
1384082308912	,2.1795769
1384082308914	,2.447034
1384082308917	,2.2547638
1384082308920	,3.614468
1384082308923	,2.318048
1384082308926	,2.768383
1384082308928	,2.3071952
1384082308932	,3.4864619
1384082308934	,2.336111
1384082308937	,2.9595501
1384082308939	,2.1150339
1384082308943	,3.967798
1384082308947	,4.154813
1384082308950	,2.599897
1384082308952	,2.266927
1384082308956	,3.812582
1384082308959	,2.126494
1384082308961	,2.2157671
1384082308963	,2.1849961
1384082308965	,2.32692
1384082308968	,2.579216
1384082308971	,3.166416
1384082308974	,2.9118721
1384082308977	,2.558585
1384082308979	,2.415967
1384082308982	,2.221506
1384082308984	,2.2088182
1384082308986	,2.3036
1384082308989	,2.581914
1384082308992	,2.6665812
1384082308995	,3.403729
1384082308998	,2.695468
1384082309000	,2.411094
1384082309003	,2.248426
1384082309005	,2.4878879
1384082309008	,2.281063
1384082309010	,2.6309319
1384082309013	,2.3073301
1384082309015	,2.279094
1384082309017	,2.48491
1384082309020	,2.3302772
1384082309022	,2.198487
1384082309025	,2.321028
1384082309027	,2.465071
1384082309030	,2.467098
1384082309032	,2.466021
1384082309035	,2.371851
1384082309038	,3.138584
1384082309041	,2.7744088
1384082309043	,2.630077
1384082309046	,2.245754
1384082309049	,2.961141
1384082309052	,3.018128
1384082309054	,2.4552538
1384082309057	,2.3918378
1384082309059	,2.42765
1384082309061	,2.265451
1384082309064	,2.417168
1384082309067	,2.585391
1384082309069	,2.436254
1384082309072	,2.8019881
1384082309074	,2.371188
1384082309077	,2.405394
1384082309079	,2.25647
1384082309081	,2.243241
1384082309084	,2.3199332
1384082309086	,2.363693
1384082309089	,2.6644099
1384082309092	,2.630828
1384082309094	,2.53095
1384082309097	,2.5745049
1384082309100	,2.871322
1384082309103	,2.9152339
1384082309106	,2.7021499
1384082309110	,3.9045658
1384082309112	,2.823801
1384082309115	,2.372859
1384082309117	,2.290237
1384082309120	,2.865758
1384082309123	,2.300256
1384082309125	,2.214927
1384082309127	,2.401388
1384082309130	,2.647851
1384082309133	,3.350335
1384082309137	,3.316982
1384082309139	,2.1745539
1384082309142	,2.79408
1384082309144	,2.2469528
1384082309147	,2.3649108
1384082309149	,2.8317819
1384082309154	,4.200377
1384082309156	,2.491447
1384082309159	,2.6118522
1384082309161	,2.37447
1384082309164	,2.205071
1384082309166	,2.27059
1384082309168	,2.2608879
1384082309171	,2.4804142
1384082309173	,2.334396
1384082309176	,2.733636
1384082309179	,2.360031
1384082309181	,2.5307949
1384082309184	,2.6081321
1384082309187	,2.73381
1384082309189	,2.4292452
1384082309192	,2.516164
1384082309194	,2.2401578
1384082309196	,2.35608
1384082309199	,2.5624142
1384082309201	,2.4248831
1384082309205	,3.4259279
1384082309208	,2.943943
1384082309211	,2.597108
1384082309213	,2.267122
1384082309215	,2.239791
1384082309218	,2.238239
1384082309220	,2.827352
1384082309223	,2.479748
1384082309225	,2.301217
1384082309228	,2.3957329
1384082309230	,2.2690668
1384082309233	,2.5564752
1384082309235	,2.377531
1384082309239	,3.523539
1384082309241	,2.36491
1384082309246	,4.9448
1384082309248	,2.2129471
1384082309251	,2.465901
1384082309254	,2.437577
1384082309256	,2.420786
1384082309258	,2.432091
1384082309261	,2.4826312
1384082309264	,2.4343789
1384082309266	,2.908241
1384082309269	,2.844312
1384082309272	,2.564107
1384082309275	,2.741605
1384082309278	,2.783289
1384082309280	,2.351837
1384082309282	,2.326724
1384082309285	,2.234845
1384082309287	,2.201235
1384082309289	,2.177084
1384082309292	,2.237653
1384082309294	,2.301564
1384082309303	,9.221716
1384082309306	,3.119899
1384082309309	,2.727811
1384082309312	,2.398887
1384082309314	,2.7305381
1384082309317	,2.9077759
1384082309320	,2.4084032
1384082309322	,2.41326
1384082309325	,2.4551299
1384082309327	,2.191874
1384082309330	,2.521239
1384082309332	,2.22381
1384082309334	,2.468731
1384082309337	,2.997507
1384082309340	,2.336605
1384082309343	,2.5759242
1384082309345	,2.7778711
1384082309348	,2.556095
1384082309352	,4.029169
1384082309355	,2.635691
1384082309358	,3.545261
1384082309361	,2.621267
1384082309363	,2.239325
1384082309366	,2.208014
1384082309368	,2.1844342
1384082309370	,2.301667
1384082309373	,2.5113368
1384082309375	,2.2478712
1384082309377	,2.1702209
1384082309380	,2.394865
1384082309382	,2.4126608
1384082309385	,2.299408
1384082309387	,2.4011412
1384082309389	,2.334121
1384082309392	,2.550247
1384082309395	,2.571605
1384082309397	,2.456216
1384082309400	,2.7608402
1384082309402	,2.123497
1384082309405	,2.267075
1384082309407	,2.380115
1384082309411	,3.585092
1384082309413	,2.516777
1384082309416	,2.9970272
1384082309419	,2.316904
1384082309421	,2.3781412
1384082309423	,2.37566
1384082309426	,2.565201
1384082309429	,2.727129
1384082309431	,2.465464
1384082309434	,2.530184
1384082309437	,3.194105
1384082309440	,2.4970162
1384082309443	,3.593635
1384082309446	,2.2976
1384082309449	,3.197735
1384082309452	,2.62549
1384082309454	,2.374764
1384082309457	,3.073125
1384082309460	,2.261248
1384082309462	,2.18674
1384082309465	,2.6641278
1384082309467	,2.643141
1384082309470	,2.304621
1384082309472	,2.345501
1384082309475	,2.358311
1384082309477	,2.269846
1384082309479	,2.41737
1384082309482	,2.304957
1384082309484	,2.611772
1384082309487	,2.3791862
1384082309489	,2.2386332
1384082309491	,2.134678
1384082309494	,2.2048979
1384082309496	,2.562784
1384082309498	,2.237284
1384082309501	,2.435091
1384082309503	,2.195493
1384082309506	,2.572764
1384082309508	,2.2999332
1384082309511	,2.853898
1384082309514	,2.821134
1384082309517	,2.5695739
1384082309519	,2.401124
1384082309522	,2.612894
1384082309525	,2.754976
1384082309527	,2.290165
1384082309529	,2.117265
1384082309533	,3.684614
1384082309535	,2.5532959
1384082309538	,2.812344
1384082309541	,2.125679
1384082309543	,2.495597
1384082309546	,2.626301
1384082309549	,2.7895281
1384082309551	,2.5299542
1384082309555	,3.995126
1384082309557	,2.078291
1384082309560	,2.281127
1384082309563	,3.129059
1384082309566	,2.7725801
1384082309569	,3.0736508
1384082309572	,2.669508
1384082309574	,2.366631
1384082309577	,2.598151
1384082309579	,2.365875
1384082309582	,3.128142
1384082309585	,2.3368149
1384082309587	,2.3351212
1384082309589	,2.142356
1384082309592	,2.275443
1384082309594	,2.460938
1384082309597	,2.550628
1384082309599	,2.3224452
1384082309602	,2.971869
1384082309605	,2.413658
1384082309607	,2.5867338
1384082309610	,3.0267491
1384082309613	,2.9984078
1384082309616	,2.178614
1384082309618	,2.336927
1384082309621	,2.3564079
1384082309623	,2.438478
1384082309625	,2.277673
1384082309628	,2.458652
1384082309630	,2.5586112
1384082309633	,2.3518069
1384082309635	,2.402782
1384082309638	,2.364156
1384082309640	,2.331785
1384082309643	,2.3277838
1384082309645	,2.1809838
1384082309648	,3.257579
1384082309651	,2.629801
1384082309653	,2.577393
1384082309656	,2.65768
1384082309659	,2.604227
1384082309661	,2.478585
1384082309664	,2.603541
1384082309666	,2.355695
1384082309669	,2.1676369
1384082309671	,2.210235
1384082309673	,2.104779
1384082309676	,2.318814
1384082309678	,2.721574
1384082309681	,2.2757208
1384082309683	,2.182893
1384082309686	,3.092467
1384082309689	,2.435533
1384082309691	,2.186495
1384082309693	,2.3854408
1384082309696	,2.228946
1384082309698	,2.3540702
1384082309700	,2.1632528
1384082309702	,2.164277
1384082309705	,2.378668
1384082309707	,2.206677
1384082309710	,2.4606311
1384082309712	,2.496024
1384082309715	,2.505081
1384082309718	,2.752409
1384082309721	,3.158541
1384082309724	,3.433076
1384082309729	,5.0122204
1384082309732	,2.671737
1384082309735	,2.778495
1384082309737	,2.12898
1384082309740	,2.373421
1384082309742	,2.372224
1384082309745	,2.541438
1384082309747	,2.485034
1384082309749	,2.311877
1384082309752	,2.266949
1384082309754	,2.465174
1384082309757	,2.472543
1384082309759	,2.2856178
1384082309761	,2.194697
1384082309764	,2.359195
1384082309767	,3.011272
1384082309769	,2.225416
1384082309772	,2.279837
1384082309774	,2.764752
1384082309777	,2.228607
1384082309780	,3.0171049
1384082309783	,2.78826
1384082309785	,2.230748
1384082309787	,2.454408
1384082309790	,2.325634
1384082309792	,2.373891
1384082309795	,2.367111
1384082309797	,2.355704
1384082309800	,2.3536952
1384082309802	,2.400894
1384082309805	,2.588298
1384082309807	,2.332115
1384082309809	,2.40048
1384082309814	,4.000914
1384082309817	,3.582469
1384082309819	,2.165308
1384082309822	,2.147711
1384082309824	,2.5659008
1384082309827	,2.346674
1384082309829	,2.434161
1384082309832	,2.336128
1384082309834	,2.541931
1384082309837	,2.568491
1384082309839	,2.450984
1384082309842	,2.279221
1384082309844	,2.406961
1384082309846	,2.231143
1384082309849	,2.506376
1384082309852	,3.0973911
1384082309855	,2.413128
1384082309857	,2.115314
1384082309859	,2.3015912
1384082309862	,2.779588
1384082309864	,2.327201
1384082309867	,2.175121
1384082309869	,2.2307758
1384082309872	,2.869196
1384082309874	,2.2995472
1384082309876	,2.172486
1384082309879	,2.6463768
1384082309881	,2.180677
1384082309884	,2.3281841
1384082309886	,2.297178
1384082309889	,2.547031
1384082309892	,3.716166
1384082309895	,2.502437
1384082309898	,2.50467
1384082309900	,2.280555
1384082309902	,2.25524
1384082309905	,2.388009
1384082309907	,2.272362
1384082309910	,2.6154609
1384082309912	,2.276731
1384082309914	,2.261514
1384082309918	,3.130462
1384082309920	,2.6555681
1384082309923	,2.6458478
1384082309926	,2.460657
1384082309928	,2.15727
1384082309931	,2.914114
1384082309935	,3.9745471
1384082309937	,2.330951
1384082309940	,2.480854
1384082309942	,2.7374308
1384082309945	,2.280751
1384082309947	,2.4531069
1384082309950	,2.2521942
1384082309952	,2.367411
1384082309965	,12.832091
1384082309968	,2.848068
1384082309972	,4.412784
1384082309975	,3.0302749
1384082309978	,2.226677
1384082309983	,5.282535
1384082309986	,2.451232
1384082309991	,5.312504
1384082309994	,3.009896
1384082309996	,2.262086
1384082309999	,2.1766012
1384082310001	,2.062591
1384082310003	,2.214751
1384082310006	,2.949103
1384082310008	,2.3566089
1384082310011	,2.4245
1384082310013	,2.4445338
1384082310016	,2.485854
1384082310020	,4.08233
1384082310023	,3.0550978
1384082310026	,3.360139
1384082310029	,2.16509
1384082310031	,2.029626
1384082310033	,2.337483
1384082310035	,2.171803
1384082310038	,2.193267
1384082310040	,2.1545682
1384082310042	,2.159871
1384082310044	,2.08093
1384082310046	,2.2268999
1384082310049	,2.722198
1384082310052	,2.897099
1384082310055	,2.6015382
1384082310058	,2.5448
1384082310060	,2.4386961
1384082310063	,2.543814
1384082310066	,3.3008559
1384082310070	,3.785906
1384082310072	,2.241627
1384082310075	,2.362384
1384082310077	,2.290134
1384082310079	,2.281967
1384082310082	,2.4490669
1384082310084	,2.1972299
1384082310086	,2.1775272
1384082310089	,2.243587
1384082310091	,2.1223779
1384082310094	,2.747143
1384082310096	,2.8746002
1384082310099	,2.536288
1384082310101	,2.33738
1384082310104	,2.163707
1384082310108	,3.7790601
1384082310110	,2.334426
1384082310113	,2.603019
1384082310115	,2.3254728
1384082310117	,2.36895
1384082310120	,2.5551932
1384082310123	,2.4961312
1384082310125	,2.321361
1384082310128	,2.844907
1384082310130	,2.522294
1384082310133	,2.735217
1384082310138	,4.635436
1384082310141	,3.520998
1384082310145	,3.0624108
1384082310147	,2.4104872
1384082310150	,2.386401
1384082310152	,2.198558
1384082310154	,2.4655411
1384082310157	,2.373847
1384082310160	,2.84551
1384082310162	,2.346604
1384082310164	,2.240864
1384082310169	,5.0522327
1384082310172	,2.867944
1384082310175	,2.3038578
1384082310178	,2.827333
1384082310180	,2.677054
1384082310184	,3.502506
1384082310186	,2.4278378
1384082310189	,2.327668
1384082310191	,2.130698
1384082310193	,2.336584
1384082310196	,2.337737
1384082310198	,2.3267071
1384082310200	,2.1388302
1384082310203	,2.179187
1384082310205	,2.3924608
1384082310208	,2.5491211
1384082310210	,2.3880439
1384082310213	,2.343471
1384082310215	,2.751848
1384082310218	,2.3278139
1384082310220	,2.259878
1384082310222	,2.2956011
1384082310225	,2.631785
1384082310228	,2.4618502
1384082310230	,2.263304
1384082310232	,2.374374
1384082310235	,2.160594
1384082310237	,2.3303459
1384082310239	,2.351017
1384082310242	,2.6502018
1384082310245	,2.854654
1384082310247	,2.352884
1384082310250	,2.353737
1384082310252	,2.370614
1384082310255	,2.5296068
1384082310257	,2.376906
1384082310260	,2.44262
1384082310262	,2.367511
1384082310265	,2.701252
1384082310268	,2.624992
1384082310270	,2.3173811
1384082310274	,3.805315
1384082310277	,3.397902
1384082310280	,2.7982152
1384082310284	,3.361612
1384082310286	,2.207663
1384082310288	,2.4027739
1384082310291	,2.317523
1384082310293	,2.23842
1384082310296	,2.384206
1384082310298	,2.532574
1384082310303	,4.695937
1384082310306	,2.475002
1384082310308	,2.321811
1384082310310	,2.2786908
