1384081270549	,13.650323
1384081270560	,10.829047
1384081270567	,7.08127
1384081270574	,6.943298
1384081270582	,8.488788
1384081270590	,8.037512
1384081270599	,9.148459
1384081270610	,10.431181
1384081270621	,11.457054
1384081270632	,10.7723055
1384081270639	,6.921938
1384081270651	,11.985826
1384081270661	,9.67315
1384081270671	,10.069587
1384081270679	,8.070224
1384081270687	,7.231719
1384081270693	,6.6399283
1384081270701	,7.4090543
1384081270709	,7.7760773
1384081270715	,6.7230687
1384081270722	,7.1588206
1384081270729	,6.836673
1384081270736	,7.082241
1384081270743	,6.873821
1384081270751	,7.280078
1384081270758	,6.9016957
1384081270765	,6.895258
1384081270772	,6.831122
1384081270778	,6.806643
1384081270787	,8.640943
1384081270794	,6.8089914
1384081270801	,6.8855066
1384081270808	,7.113171
1384081270815	,7.069397
1384081270823	,8.330769
1384081270831	,7.614223
1384081270838	,7.141265
1384081270849	,10.174244
1384081270856	,7.511638
1384081270866	,9.996582
1384081270873	,6.5947223
1384081270880	,7.2239056
1384081270887	,6.5745344
1384081270893	,6.755354
1384081270904	,10.6125765
1384081270912	,8.099338
1384081270920	,7.338253
1384081270926	,6.63536
1384081270933	,7.079629
1384081270941	,7.020892
1384081270948	,6.969047
1384081270955	,7.4555573
1384081270962	,6.94837
1384081270969	,6.787234
1384081270975	,6.444091
1384081270982	,6.6169
1384081270990	,7.667756
1384081270996	,6.516253
1384081271004	,7.2223597
1384081271011	,7.68289
1384081271018	,6.682138
1384081271026	,8.177703
1384081271034	,8.060676
1384081271041	,6.892936
1384081271049	,7.93081
1384081271058	,8.741406
1384081271066	,7.798538
1384081271073	,6.676698
1384081271079	,6.7532997
1384081271086	,6.739288
1384081271093	,6.589026
1384081271100	,7.0941057
1384081271110	,9.447213
1384081271117	,7.781707
1384081271124	,7.005537
1384081271131	,6.979384
1384081271138	,6.781637
1384081271145	,6.761919
1384081271152	,7.1253
1384081271161	,8.1631365
1384081271168	,7.1685143
1384081271175	,7.2742977
1384081271182	,6.753252
1384081271190	,8.042599
1384081271197	,6.959308
1384081271204	,6.722735
1384081271214	,9.939923
1384081271221	,7.428975
1384081271231	,10.088558
1384081271239	,7.739162
1384081271247	,7.630231
1384081271254	,7.342526
1384081271269	,14.759696
1384081271277	,7.948263
1384081271284	,6.909114
1384081271291	,6.7767673
1384081271297	,6.38037
1384081271304	,6.6322117
1384081271311	,6.533873
1384081271318	,7.568504
1384081271325	,6.805341
1384081271332	,6.8628187
1384081271339	,6.477097
1384081271345	,6.643075
1384081271352	,6.723382
1384081271359	,6.814762
1384081271366	,7.127981
1384081271374	,8.101596
1384081271381	,6.746381
1384081271389	,7.754312
1384081271396	,7.102256
1384081271403	,6.723408
1384081271410	,6.545518
1384081271417	,6.988521
1384081271423	,6.716874
1384081271433	,9.421501
1384081271441	,8.447976
1384081271448	,6.752937
1384081271456	,7.829473
1384081271465	,8.798413
1384081271472	,6.7770743
1384081271480	,8.035629
1384081271487	,7.261476
1384081271494	,6.76187
1384081271501	,6.621236
1384081271507	,6.7047653
1384081271514	,6.732461
1384081271522	,7.7873616
1384081271529	,7.116617
1384081271537	,7.6249094
1384081271544	,7.3713207
1384081271551	,7.159891
1384081271560	,8.088578
1384081271567	,6.987584
1384081271574	,7.252261
1384081271581	,7.017764
1384081271588	,6.921831
1384081271595	,7.3186107
1384081271602	,6.674779
1384081271609	,6.699772
1384081271617	,7.94379
1384081271624	,7.215206
1384081271633	,8.415875
1384081271641	,8.686033
1384081271651	,9.21995
1384081271658	,7.0833626
1384081271665	,6.756066
1384081271671	,6.721807
1384081271679	,7.5548444
1384081271689	,9.947752
1384081271696	,7.184314
1384081271703	,6.9733653
1384081271710	,6.82197
1384081271717	,6.728529
1384081271724	,7.4612203
1384081271731	,6.878821
1384081271739	,7.372035
1384081271746	,6.843891
1384081271753	,6.72654
1384081271760	,6.91112
1384081271767	,7.239388
1384081271775	,7.8489847
1384081271782	,6.937023
1384081271789	,7.1005993
1384081271796	,7.4540706
1384081271803	,6.659252
1384081271810	,6.5920706
1384081271817	,6.872953
1384081271825	,8.52372
1384081271834	,8.40635
1384081271842	,8.122313
1384081271850	,7.71562
1384081271859	,9.214066
1384081271866	,7.274984
1384081271873	,6.843056
1384081271880	,6.882333
1384081271888	,7.995191
1384081271896	,8.040354
1384081271904	,7.3512
1384081271911	,6.728637
1384081271917	,6.747314
1384081271924	,6.7456737
1384081271931	,7.1537137
1384081271939	,7.70359
1384081271946	,6.8442492
1384081271953	,6.848338
1384081271960	,6.65384
1384081271968	,8.417034
1384081271980	,12.338655
1384081271988	,7.272369
1384081271997	,8.660582
1384081272004	,6.93802
1384081272010	,6.78175
1384081272017	,6.8785048
1384081272024	,6.884153
1384081272031	,7.05799
1384081272039	,7.671377
1384081272048	,8.592846
1384081272055	,6.780864
1384081272062	,7.8872824
1384081272069	,6.757522
1384081272079	,9.269547
1384081272086	,7.032163
1384081272095	,9.626169
1384081272102	,6.737382
1384081272109	,7.235489
1384081272116	,6.853829
1384081272123	,7.00136
1384081272132	,8.774811
1384081272140	,7.5053186
1384081272147	,6.843603
1384081272155	,7.7124457
1384081272162	,7.479333
1384081272169	,6.90661
1384081272177	,7.7520037
1384081272184	,6.92568
1384081272191	,7.132849
1384081272199	,7.974521
1384081272206	,7.1224074
1384081272213	,6.776605
1384081272220	,7.130633
1384081272227	,7.110997
1384081272235	,7.567142
1384081272242	,6.873881
1384081272249	,7.460673
1384081272257	,7.55076
1384081272265	,7.491094
1384081272271	,6.777934
1384081272278	,6.601312
1384081272285	,7.091006
1384081272299	,13.392076
1384081272307	,8.294235
1384081272314	,6.841649
1384081272321	,6.869878
1384081272328	,6.788392
1384081272334	,6.668884
1384081272342	,6.9867263
1384081272348	,6.888838
1384081272355	,6.820599
1384081272362	,6.693759
1384081272369	,6.619564
1384081272376	,6.846521
1384081272386	,10.447005
1384081272394	,7.397352
1384081272402	,8.146437
1384081272409	,7.366924
1384081272416	,6.813523
1384081272423	,6.9935412
1384081272430	,7.089083
1384081272440	,9.152952
1384081272450	,10.357131
1384081272457	,7.470735
1384081272466	,7.992291
1384081272476	,10.162494
1384081272486	,10.141903
1384081272493	,7.186973
1384081272500	,6.677018
1384081272508	,7.937101
1384081272517	,9.447113
1384081272525	,7.098124
1384081272531	,6.847355
1384081272538	,6.9261813
1384081272546	,7.955897
1384081272554	,7.069042
1384081272561	,6.950102
1384081272567	,6.79491
1384081272574	,6.88593
1384081272581	,7.0000563
1384081272589	,7.627207
1384081272597	,7.788368
1384081272605	,7.536036
1384081272612	,7.623824
1384081272619	,6.824119
1384081272626	,7.054651
1384081272633	,6.9155097
1384081272641	,7.719217
1384081272649	,7.8896203
1384081272657	,7.879962
1384081272666	,8.684371
1384081272673	,6.873246
1384081272679	,6.445194
1384081272687	,7.6960373
1384081272694	,7.1588416
1384081272701	,7.164348
1384081272709	,7.8167977
1384081272716	,7.160171
1384081272723	,6.777256
1384081272730	,6.881264
1384081272737	,6.5954514
1384081272744	,7.250164
1384081272753	,9.17534
1384081272761	,7.842339
1384081272769	,7.616064
1384081272776	,7.2099447
1384081272783	,6.883665
1384081272790	,7.195015
1384081272797	,6.834473
1384081272805	,7.764973
1384081272814	,8.444609
1384081272820	,6.7354207
1384081272827	,6.690498
1384081272834	,7.053205
1384081272841	,6.973422
1384081272850	,9.055038
1384081272859	,7.967063
1384081272866	,7.1588206
1384081272873	,6.8221984
1384081272880	,7.6243863
1384081272887	,6.948327
1384081272894	,7.165225
1384081272902	,7.023976
1384081272910	,7.9280562
1384081272917	,7.0363274
1384081272924	,7.4165573
1384081272931	,7.152816
1384081272938	,6.6997347
1384081272945	,6.993511
1384081272952	,6.8966317
1384081272959	,7.123928
1384081272966	,7.039288
1384081272973	,6.967596
1384081272980	,7.053526
1384081272987	,6.910022
1384081272996	,8.907359
1384081273003	,6.8392158
1384081273012	,9.039836
1384081273020	,7.109235
1384081273027	,6.891048
1384081273034	,6.9549046
1384081273041	,7.080931
1384081273049	,8.087344
1384081273062	,13.375694
1384081273070	,8.16448
1384081273079	,8.80538
1384081273086	,7.043436
1384081273094	,7.1388655
1384081273101	,7.4044294
1384081273109	,7.532478
1384081273116	,7.2456117
1384081273123	,6.944734
1384081273130	,6.6963387
1384081273137	,6.8814178
1384081273146	,9.485316
1384081273154	,7.41117
1384081273161	,7.7019973
1384081273169	,7.858005
1384081273176	,7.045486
1384081273183	,6.6796803
1384081273190	,6.9818892
1384081273197	,6.763127
1384081273204	,6.94728
1384081273214	,9.784917
1384081273221	,7.489667
1384081273228	,6.8557177
1384081273235	,6.9670954
1384081273242	,6.829755
1384081273249	,6.91731
1384081273257	,7.3427157
1384081273265	,7.978787
1384081273273	,7.887579
1384081273280	,6.925772
1384081273287	,6.9279647
1384081273293	,6.794686
1384081273301	,7.8782787
1384081273311	,9.370809
1384081273318	,7.080314
1384081273325	,7.296475
1384081273332	,6.942028
1384081273339	,6.426626
1384081273346	,7.5928903
1384081273353	,6.62375
1384081273360	,7.055566
1384081273369	,8.945382
1384081273377	,7.554306
1384081273385	,7.663423
1384081273392	,7.151301
1384081273399	,6.966663
1384081273406	,7.110095
1384081273415	,8.680904
1384081273423	,8.677349
1384081273431	,7.327266
1384081273438	,6.896377
1384081273444	,6.6377177
1384081273452	,7.832183
1384081273459	,7.054431
1384081273468	,8.580163
1384081273475	,7.40234
1384081273483	,7.081862
1384081273490	,7.2549877
1384081273497	,7.2450857
1384081273504	,6.74503
1384081273511	,6.8854036
1384081273519	,8.34297
1384081273526	,6.640194
1384081273533	,6.675187
1384081273540	,6.743477
1384081273549	,9.244787
1384081273556	,7.309078
1384081273563	,7.01705
1384081273571	,7.386546
1384081273578	,6.782485
1384081273584	,6.600341
1384081273591	,6.421588
1384081273597	,6.603075
1384081273604	,6.391884
1384081273612	,7.814125
1384081273628	,16.595755
1384081273637	,8.800424
1384081273645	,7.517496
1384081273653	,8.105154
1384081273660	,6.832192
1384081273668	,7.640582
1384081273675	,7.9261823
1384081273682	,6.528993
1384081273690	,7.673297
1384081273700	,9.740569
1384081273710	,9.990213
1384081273722	,12.579004
1384081273734	,11.498368
1384081273745	,11.01512
1384081273762	,17.10351
1384081273773	,10.548278
1384081273781	,8.011473
1384081273791	,10.273901
1384081273802	,11.259239
1384081273813	,10.915673
1384081273825	,11.560664
1384081273834	,8.956222
1384081273842	,7.7030277
1384081273849	,7.5050793
1384081273858	,8.334637
1384081273867	,8.938051
1384081273875	,8.758644
1384081273884	,8.562551
1384081273891	,7.28855
1384081273899	,7.6817307
1384081273907	,7.386943
1384081273917	,10.268239
1384081273927	,10.098308
1384081273934	,7.362467
1384081273942	,7.950768
1384081273950	,7.2144523
1384081273957	,7.364295
1384081273966	,8.533857
1384081273973	,7.161077
1384081273985	,12.3846035
1384081273994	,8.1364975
1384081274001	,7.28235
1384081274008	,7.1432443
1384081274016	,7.665615
1384081274026	,10.076838
1384081274034	,8.431279
1384081274044	,9.853704
1384081274052	,7.759688
1384081274060	,8.216187
1384081274069	,8.898114
1384081274078	,8.185991
1384081274086	,8.455384
1384081274093	,7.2151527
1384081274105	,10.941003
1384081274112	,7.76521
1384081274120	,7.419089
1384081274128	,8.500695
1384081274136	,7.3986506
1384081274143	,7.295733
1384081274151	,7.595295
1384081274159	,7.641483
1384081274168	,8.95203
1384081274176	,8.042146
1384081274184	,8.265563
1384081274191	,7.375381
1384081274199	,7.5697308
1384081274207	,7.717238
1384081274214	,7.435287
1384081274223	,8.499918
1384081274233	,10.023848
1384081274240	,7.552921
1384081274248	,7.487936
1384081274257	,8.829026
1384081274264	,7.37017
1384081274274	,9.718447
1384081274282	,7.8254848
1384081274291	,9.370998
1384081274301	,9.129949
1384081274308	,7.459761
1384081274316	,7.488404
1384081274323	,7.525143
1384081274331	,8.1216955
1384081274339	,7.15959
1384081274352	,13.580473
1384081274360	,7.432249
1384081274367	,7.419358
1384081274379	,12.063085
1384081274387	,8.103384
1384081274396	,7.989031
1384081274404	,8.38637
1384081274411	,7.308657
1384081274419	,7.256081
1384081274427	,8.437877
1384081274434	,7.296422
1384081274442	,7.351326
1384081274450	,8.191913
1384081274458	,8.28561
1384081274466	,7.528788
1384081274474	,7.707275
1384081274482	,8.487947
1384081274490	,7.9280324
1384081274498	,7.344217
1384081274505	,7.083146
1384081274512	,7.390684
1384081274520	,7.754562
1384081274528	,7.448422
1384081274536	,8.471053
1384081274544	,7.9165983
1384081274552	,8.057098
1384081274560	,7.719913
1384081274567	,7.141222
1384081274575	,7.3929353
1384081274583	,8.732875
1384081274592	,8.144051
1384081274601	,9.262267
1384081274610	,9.099561
1384081274618	,7.380517
1384081274626	,8.129525
1384081274635	,9.262812
1384081274642	,7.253193
1384081274651	,8.17968
1384081274659	,8.642054
1384081274668	,8.431708
1384081274676	,8.0812025
1384081274684	,7.629557
1384081274692	,8.38484
1384081274699	,7.274824
1384081274707	,7.102293
1384081274714	,7.337724
1384081274722	,7.5650363
1384081274729	,7.202164
1384081274738	,9.041153
1384081274745	,7.084958
1384081274752	,7.298332
1384081274760	,7.160399
1384081274767	,7.7516537
1384081274775	,7.508827
1384081274786	,10.604704
1384081274794	,8.337705
1384081274802	,7.5050783
1384081274809	,7.256266
1384081274816	,7.4560437
1384081274824	,7.343296
1384081274834	,9.617889
1384081274841	,7.474186
1384081274852	,10.787313
1384081274860	,8.246751
1384081274870	,9.500157
1384081274878	,8.00656
1384081274887	,8.86038
1384081274895	,8.1763735
1384081274904	,8.728726
1384081274913	,9.354789
1384081274921	,7.3109837
1384081274928	,7.27834
1384081274937	,8.954817
1384081274945	,7.565939
1384081274952	,7.2709646
1384081274959	,7.234774
1384081274967	,7.758952
1384081274974	,7.4393053
1384081274982	,7.511695
1384081274993	,11.201739
1384081275001	,7.986881
1384081275011	,9.301099
1384081275019	,8.457065
1384081275027	,7.9068913
1384081275037	,9.743758
1384081275045	,7.8618703
1384081275053	,7.8708987
1384081275062	,8.926577
1384081275075	,13.247303
1384081275087	,12.373682
1384081275100	,12.254565
1384081275107	,7.294289
1384081275115	,7.844055
1384081275122	,7.35716
1384081275130	,7.591591
1384081275139	,8.878161
1384081275149	,9.429283
1384081275157	,8.168874
1384081275168	,11.067023
1384081275175	,7.438214
1384081275183	,7.88898
1384081275191	,7.636497
1384081275199	,7.603929
1384081275209	,10.237254
1384081275219	,9.622081
1384081275226	,7.371969
1384081275234	,7.463198
1384081275241	,7.564536
1384081275249	,7.9794703
1384081275257	,7.7241573
1384081275264	,7.408444
1384081275274	,9.451515
1384081275284	,9.613807
1384081275302	,18.732658
1384081275311	,8.218632
1384081275318	,7.345603
1384081275325	,7.3474092
1384081275333	,7.0278263
1384081275341	,8.309945
1384081275349	,7.6553903
1384081275356	,7.4884877
1384081275363	,7.221079
1384081275371	,7.498226
1384081275378	,7.2605047
1384081275386	,7.339027
1384081275393	,7.614063
1384081275401	,7.688074
1384081275409	,7.673688
1384081275422	,12.761439
1384081275430	,7.778971
1384081275438	,8.233082
1384081275446	,7.93536
1384081275453	,7.584653
1384081275461	,7.599037
1384081275473	,11.3831215
1384081275480	,7.7888837
1384081275490	,9.562753
1384081275500	,9.958267
1384081275513	,13.16687
1384081275523	,9.925202
1384081275532	,8.677699
1384081275539	,7.178873
1384081275548	,8.930569
1384081275558	,9.712801
1384081275565	,7.3141212
1384081275573	,7.772502
1384081275581	,7.647379
1384081275588	,7.5566373
1384081275596	,7.3482556
1384081275603	,7.2803674
1384081275611	,7.3339868
1384081275619	,7.87685
1384081275626	,7.474585
1384081275634	,7.5076947
1384081275642	,8.585389
1384081275650	,7.684892
1384081275658	,7.450764
1384081275665	,7.371087
1384081275673	,8.06268
1384081275682	,8.834955
1384081275698	,16.135326
1384081275706	,7.412185
1384081275719	,12.84254
1384081275730	,11.785864
1384081275738	,7.729762
1384081275747	,8.545939
1384081275754	,7.5258837
1384081275762	,7.1570296
1384081275769	,7.167142
1384081275778	,9.499466
1384081275786	,7.556401
1384081275795	,9.002753
1384081275802	,7.0884876
1384081275809	,7.134081
1384081275818	,8.741385
1384081275827	,8.568393
1384081275836	,9.406293
1384081275844	,7.870205
1384081275852	,7.8772492
1384081275861	,9.223927
1384081275869	,7.422788
1384081275877	,8.321753
1384081275885	,7.8278513
1384081275894	,9.113297
1384081275904	,9.43205
1384081275911	,7.259666
1384081275922	,10.8668785
1384081275929	,7.4265113
1384081275937	,7.903278
1384081275945	,7.388564
1384081275953	,7.79539
1384081275961	,7.8122597
1384081275968	,6.9397597
1384081275975	,7.007414
1384081275982	,7.418112
1384081275989	,7.183287
1384081275997	,7.548882
1384081276004	,7.1681137
1384081276011	,7.160358
1384081276019	,7.297072
1384081276027	,8.408254
1384081276035	,7.613197
1384081276042	,7.395546
1384081276051	,8.198558
1384081276058	,7.5937166
1384081276066	,7.4757643
1384081276074	,7.997149
1384081276084	,9.751831
1384081276094	,10.589185
1384081276103	,9.168123
1384081276111	,6.9746766
1384081276119	,8.798806
1384081276128	,8.649453
1384081276142	,13.69799
1384081276149	,7.251459
1384081276157	,7.3359237
1384081276165	,8.34556
1384081276172	,7.39237
1384081276179	,6.992534
1384081276187	,7.015697
1384081276193	,6.873475
1384081276202	,8.117522
1384081276209	,6.992466
1384081276216	,6.8577967
1384081276223	,6.885221
1384081276230	,7.1042433
1384081276238	,8.057242
1384081276246	,7.934018
1384081276253	,7.651391
1384081276260	,6.80407
1384081276268	,7.250307
1384081276275	,7.160521
1384081276283	,7.547113
1384081276290	,7.859882
1384081276298	,7.992915
1384081276307	,8.90657
1384081276315	,7.226423
1384081276322	,7.133179
1384081276330	,8.489773
1384081276339	,8.787493
1384081276347	,7.596662
1384081276355	,7.704912
1384081276362	,6.993382
1384081276369	,7.262856
1384081276376	,7.0518007
1384081276383	,7.1473913
1384081276391	,7.0328627
1384081276398	,7.6492167
1384081276406	,8.03407
1384081276413	,7.12044
1384081276421	,7.1459637
1384081276428	,7.376725
1384081276437	,8.832704
1384081276448	,10.727912
1384081276456	,8.002476
1384081276463	,7.155112
1384081276472	,8.706689
1384081276480	,7.742404
1384081276488	,8.164521
1384081276495	,7.1762433
1384081276503	,7.680104
1384081276511	,8.466055
1384081276519	,7.992186
1384081276527	,7.835101
1384081276538	,10.810194
1384081276548	,9.805042
1384081276556	,7.956904
1384081276564	,7.572597
1384081276571	,7.318265
1384081276579	,7.813925
1384081276586	,7.249693
1384081276594	,7.49183
1384081276601	,7.563651
1384081276609	,7.3747683
1384081276616	,7.341865
1384081276623	,7.170797
1384081276631	,7.53865
1384081276638	,7.2878428
1384081276647	,8.783799
1384081276655	,7.666212
1384081276663	,7.764475
1384081276670	,7.014035
1384081276678	,8.199306
1384081276686	,7.588242
1384081276694	,8.391755
1384081276704	,10.189131
1384081276715	,10.414578
1384081276723	,8.469963
1384081276731	,7.671733
1384081276741	,9.311524
1384081276751	,10.054414
1384081276759	,8.413933
1384081276767	,7.455064
1384081276774	,7.41833
1384081276783	,8.601591
1384081276791	,8.132002
1384081276799	,7.7297473
1384081276807	,7.819264
1384081276815	,8.395429
1384081276822	,7.403766
1384081276830	,7.7394257
1384081276838	,7.337279
1384081276845	,7.73314
1384081276854	,8.367819
1384081276862	,7.736797
1384081276869	,7.654694
1384081276877	,8.018375
1384081276885	,7.771642
1384081276896	,10.200293
1384081276904	,8.733248
1384081276914	,9.274966
1384081276922	,8.500126
1384081276930	,7.6006784
1384081276937	,7.222148
1384081276946	,8.829941
1384081276955	,8.395383
1384081276964	,8.964468
1384081276971	,7.425706
1384081276979	,7.463505
1384081276986	,7.4949503
1384081276994	,7.6830506
1384081277001	,7.551828
1384081277011	,9.634078
1384081277021	,9.947138
1384081277029	,7.4149914
1384081277036	,7.640834
1384081277044	,7.8890867
1384081277052	,7.889657
1384081277062	,10.088256
1384081277070	,7.7276573
1384081277077	,7.2924314
1384081277086	,8.1535225
1384081277094	,8.410494
1384081277102	,7.841777
1384081277110	,8.177814
1384081277120	,9.540202
1384081277127	,7.353056
1384081277135	,7.871282
1384081277145	,9.46493
1384081277154	,8.833603
1384081277167	,13.6183
1384081277175	,7.975226
1384081277183	,7.624499
1384081277191	,8.4405365
1384081277199	,7.5587873
1384081277207	,7.5792537
1384081277215	,7.749315
1384081277222	,7.600322
1384081277230	,7.8513923
1384081277238	,7.849042
1384081277246	,7.855485
1384081277254	,7.883812
1384081277263	,8.882696
1384081277271	,8.213171
1384081277279	,7.735015
1384081277286	,7.504741
1384081277295	,8.984933
1384081277303	,7.786039
1384081277312	,9.02032
1384081277327	,14.552737
1384081277335	,8.28497
1384081277343	,7.920728
1384081277354	,10.838386
1384081277363	,8.368035
1384081277374	,11.707674
1384081277383	,8.4766865
1384081277391	,7.9487844
1384081277400	,9.114332
1384081277408	,7.602378
1384081277416	,7.8853807
1384081277424	,7.951088
1384081277432	,8.068487
1384081277440	,8.404774
1384081277448	,7.8497443
1384081277456	,8.0866
1384081277465	,8.7860985
1384081277473	,7.9967747
1384081277482	,8.584801
1384081277490	,8.478787
1384081277502	,11.034081
1384081277511	,9.481479
1384081277519	,7.917566
1384081277530	,10.701948
1384081277538	,8.036392
1384081277546	,7.816161
1384081277556	,10.165055
1384081277565	,8.508201
1384081277573	,8.297445
1384081277582	,9.001538
1384081277590	,8.137098
1384081277598	,8.2980585
1384081277607	,8.51525
1384081277616	,9.022474
1384081277626	,9.367168
1384081277635	,9.634954
1384081277643	,8.177634
1384081277652	,8.025489
1384081277661	,9.388901
1384081277670	,8.567561
1384081277679	,9.754091
1384081277687	,7.7918234
1384081277695	,7.7639084
1384081277706	,10.794877
1384081277715	,9.025595
1384081277723	,7.971889
1384081277733	,9.674814
1384081277741	,7.9771347
1384081277749	,7.8275123
1384081277757	,8.259822
1384081277767	,10.0308895
1384081277775	,8.257506
1384081277787	,11.969239
1384081277796	,8.062246
1384081277803	,7.898733
1384081277812	,8.509939
1384081277820	,8.0021715
1384081277828	,8.003738
1384081277836	,7.854607
1384081277844	,7.990895
1384081277852	,7.9238176
1384081277860	,8.151459
1384081277869	,8.68083
1384081277877	,8.232697
1384081277886	,8.209403
1384081277895	,9.103861
1384081277904	,9.630713
1384081277913	,8.704392
1384081277922	,8.551409
1384081277933	,10.614978
1384081277943	,10.738195
1384081277952	,9.095243
1384081277962	,9.773626
1384081277972	,9.411961
1384081277982	,10.154233
1384081277995	,12.53446
1384081278003	,8.570548
1384081278013	,10.138463
1384081278024	,11.04267
1384081278033	,8.575668
1384081278042	,8.907258
1384081278051	,9.189536
1384081278060	,8.486103
1384081278069	,8.792043
1384081278079	,10.33496
1384081278087	,7.9665008
1384081278098	,10.920491
1384081278106	,8.327051
1384081278118	,11.847297
1384081278126	,8.044585
1384081278137	,10.477425
1384081278147	,9.736586
1384081278155	,8.242174
1384081278164	,9.208665
1384081278174	,9.370916
1384081278183	,8.984199
1384081278191	,8.38199
1384081278201	,10.065119
1384081278215	,13.032986
1384081278224	,9.733419
1384081278233	,8.247723
1384081278241	,8.126801
1384081278252	,11.606795
1384081278261	,8.448927
1384081278269	,8.424835
1384081278278	,8.954118
1384081278287	,8.131923
1384081278295	,8.489638
1384081278304	,8.92492
1384081278314	,9.562518
1384081278324	,10.303266
1384081278335	,10.795052
1384081278343	,8.265612
1384081278351	,8.115859
1384081278365	,13.159069
1384081278373	,8.378912
1384081278386	,12.40243
1384081278394	,8.310301
1384081278405	,11.239765
1384081278413	,7.758288
1384081278422	,9.314219
1384081278431	,8.105162
1384081278439	,8.164686
1384081278447	,8.406116
1384081278460	,12.632549
1384081278469	,9.0584755
1384081278478	,9.154421
1384081278487	,8.679026
1384081278495	,8.065654
1384081278504	,9.279333
1384081278515	,10.845904
1384081278524	,8.9517355
1384081278532	,7.767205
1384081278543	,10.950769
1384081278552	,8.596359
1384081278569	,17.15118
1384081278578	,8.740185
1384081278589	,11.109247
1384081278597	,8.400456
1384081278614	,16.567757
1384081278623	,8.404185
1384081278633	,10.050879
1384081278643	,10.414466
1384081278651	,8.133533
1384081278660	,8.433966
1384081278668	,8.616665
1384081278678	,9.201902
1384081278687	,9.412869
1384081278696	,8.538035
1384081278705	,8.860541
1384081278714	,9.581228
1384081278724	,9.308175
1384081278743	,19.208252
1384081278751	,8.196028
1384081278760	,8.756661
1384081278768	,8.293333
1384081278777	,8.300912
1384081278786	,9.565525
1384081278798	,11.384677
1384081278806	,8.250513
1384081278817	,10.903834
1384081278825	,8.299666
1384081278834	,8.629779
1384081278843	,8.435967
1384081278851	,8.258732
1384081278859	,8.511803
1384081278870	,10.967852
1384081278880	,9.085993
1384081278889	,9.39044
1384081278899	,9.704842
1384081278907	,7.945136
1384081278920	,13.03136
1384081278939	,19.049725
1384081278948	,9.500801
1384081278957	,8.584781
1384081278965	,8.378726
1384081278974	,8.137765
1384081278982	,8.029742
1384081278991	,8.919135
1384081279000	,9.357362
1384081279008	,8.276406
1384081279018	,9.845247
1384081279028	,9.493857
1384081279037	,9.504321
1384081279046	,8.030392
1384081279054	,7.909131
1384081279062	,8.019564
1384081279070	,7.923664
1384081279086	,16.752193
1384081279095	,8.665701
1384081279103	,8.100704
1384081279111	,8.169156
1384081279120	,8.644072
1384081279129	,8.423689
1384081279137	,8.702544
1384081279147	,9.131666
1384081279155	,8.040549
1384081279164	,9.283945
1384081279173	,8.955793
1384081279181	,8.343723
1384081279190	,8.802305
1384081279200	,9.824341
1384081279210	,9.521827
1384081279221	,11.380206
1384081279233	,11.852909
1384081279244	,10.821755
1384081279253	,8.830664
1384081279262	,9.047349
1384081279271	,8.701697
1384081279279	,8.596391
1384081279290	,10.665535
1384081279299	,8.866858
1384081279308	,9.256141
1384081279317	,8.33166
1384081279327	,9.797591
1384081279339	,11.9956
1384081279347	,8.620209
1384081279358	,10.867971
1384081279367	,9.198833
1384081279376	,8.258751
1384081279384	,8.487464
1384081279393	,8.8337555
1384081279403	,9.304162
1384081279412	,9.024805
1384081279420	,8.683512
1384081279429	,8.910417
1384081279438	,8.643644
1384081279448	,10.365392
1384081279457	,8.2862835
1384081279465	,8.502508
1384081279473	,8.04497
1384081279481	,7.95853
1384081279497	,15.722138
1384081279509	,12.120301
1384081279518	,8.8558
1384081279532	,13.146908
1384081279543	,11.562163
1384081279551	,8.043591
1384081279561	,10.095851
1384081279570	,8.469575
1384081279578	,7.858375
1384081279586	,7.859537
1384081279595	,9.190267
1384081279603	,8.129994
1384081279613	,9.92238
1384081279623	,9.730662
1384081279635	,12.234616
1384081279645	,9.563118
1384081279657	,11.541566
1384081279667	,10.800902
1384081279676	,8.372496
1384081279684	,8.419965
1384081279693	,8.501376
1384081279701	,8.430297
1384081279710	,8.528489
1384081279718	,7.9451404
1384081279727	,9.087679
1384081279737	,9.818607
1384081279746	,9.189307
1384081279755	,8.822103
1384081279765	,9.7328825
1384081279775	,9.8560915
1384081279783	,8.675573
1384081279792	,8.554149
1384081279803	,11.166724
1384081279813	,9.978436
1384081279824	,10.1516905
1384081279833	,9.722532
1384081279844	,10.192933
1384081279854	,10.60234
1384081279866	,11.752241
1384081279875	,8.768965
1384081279883	,8.093012
1384081279891	,8.349227
1384081279902	,10.165992
1384081279910	,8.424828
1384081279919	,9.291765
1384081279931	,11.778867
1384081279943	,11.143341
1384081279952	,9.576373
1384081279962	,10.085571
1384081279972	,9.48446
1384081279980	,8.556353
1384081279989	,8.169054
1384081280002	,13.384124
1384081280011	,8.8210745
1384081280020	,8.775661
1384081280029	,9.394756
1384081280038	,8.32115
1384081280048	,10.018665
1384081280056	,8.308413
1384081280064	,8.2683115
1384081280073	,9.008716
1384081280082	,8.410591
1384081280091	,8.845359
1384081280099	,8.373065
1384081280109	,10.174275
1384081280122	,12.875901
1384081280131	,8.939116
1384081280139	,7.246973
1384081280153	,14.580801
1384081280161	,7.8255305
1384081280170	,8.661968
1384081280179	,9.235422
1384081280187	,7.986782
1384081280195	,7.274775
1384081280202	,7.407011
1384081280210	,7.618177
1384081280218	,7.94214
1384081280225	,7.422933
1384081280233	,7.799614
1384081280241	,7.801887
1384081280249	,7.8619256
1384081280257	,7.705228
1384081280267	,10.584148
1384081280277	,9.966908
1384081280285	,7.658932
1384081280295	,9.925702
1384081280304	,9.324303
1384081280312	,7.846282
1384081280320	,7.823989
1384081280328	,7.945743
1384081280337	,8.66522
1384081280345	,7.667241
1384081280353	,8.175313
1384081280360	,7.335667
1384081280368	,8.1659355
1384081280377	,8.608254
1384081280385	,8.052804
1384081280393	,7.585871
1384081280401	,7.658607
1384081280408	,7.518453
1384081280416	,7.992796
1384081280426	,9.708275
1384081280434	,7.873136
1384081280443	,8.942731
1384081280453	,9.639969
1384081280463	,10.277937
1384081280470	,7.215799
1384081280479	,8.834378
1384081280488	,9.0596895
1384081280496	,7.5167203
1384081280504	,7.866761
1384081280514	,10.434391
1384081280522	,7.888363
1384081280530	,7.708105
1384081280538	,8.539159
1384081280546	,7.5589304
1384081280555	,8.5502
1384081280562	,7.6773243
1384081280571	,9.042084
1384081280580	,8.435612
1384081280588	,8.201265
1384081280596	,8.084645
1384081280604	,7.754335
1384081280612	,7.5729103
1384081280620	,7.7984447
1384081280627	,7.327547
1384081280635	,8.072768
1384081280643	,7.4094343
1384081280650	,7.698381
1384081280658	,7.4505067
1384081280667	,8.609947
1384081280674	,7.7197013
1384081280683	,9.0719185
1384081280692	,8.423305
1384081280700	,7.670655
1384081280708	,7.864667
1384081280715	,7.541889
1384081280723	,7.737708
1384081280740	,16.757816
1384081280747	,7.479311
1384081280759	,12.1260605
1384081280769	,9.932194
1384081280777	,7.611289
1384081280785	,7.5462403
1384081280794	,9.322332
1384081280801	,7.318213
1384081280810	,8.573882
1384081280818	,7.679061
1384081280826	,7.617295
1384081280834	,8.18544
1384081280842	,7.7657146
1384081280849	,7.52035
1384081280857	,7.657569
1384081280865	,8.487595
1384081280873	,7.772668
1384081280881	,8.029826
1384081280889	,7.481369
1384081280900	,10.885172
1384081280908	,8.1535015
1384081280917	,9.009869
1384081280925	,8.200263
1384081280939	,13.327703
1384081280948	,9.234584
1384081280959	,11.172762
1384081280975	,16.095055
1384081280986	,10.205393
1384081280994	,8.5627985
1384081281002	,7.521408
1384081281011	,8.834576
1384081281019	,7.866354
1384081281027	,7.796063
1384081281034	,7.2823033
1384081281044	,9.89042
1384081281058	,7.015353
1384081281066	,8.400421
1384081281074	,7.360998
1384081281088	,13.882389
1384081281096	,8.00467
1384081281105	,9.592829
1384081281114	,8.263434
1384081281122	,8.396837
1384081281131	,8.324953
1384081281138	,7.816229
1384081281147	,8.367619
1384081281155	,7.807452
1384081281165	,9.951431
1384081281173	,8.32617
1384081281180	,7.332029
1384081281189	,8.714496
1384081281197	,8.038411
1384081281205	,7.514973
1384081281212	,7.3143997
1384081281223	,10.94813
1384081281237	,14.262869
1384081281245	,7.771396
1384081281253	,7.7093167
1384081281261	,7.7909627
1384081281273	,12.320301
1384081281283	,9.256805
1384081281292	,9.576022
1384081281300	,7.645339
1384081281307	,7.236319
1384081281317	,9.275098
1384081281324	,7.8714867
1384081281332	,7.795451
1384081281341	,8.456801
1384081281354	,12.883768
1384081281363	,9.328932
1384081281371	,8.211929
1384081281379	,7.708127
1384081281387	,8.058325
1384081281396	,8.793678
1384081281406	,9.648914
1384081281413	,7.4635563
1384081281421	,7.664405
1384081281429	,7.643777
1384081281436	,7.611509
1384081281444	,7.471064
1384081281454	,10.138007
1384081281469	,15.1332035
1384081281477	,7.710209
1384081281488	,10.811245
1384081281498	,9.595965
1384081281516	,18.139896
1384081281523	,7.408525
1384081281533	,10.138582
1384081281543	,9.7147665
1384081281551	,7.676124
1384081281560	,9.060234
1384081281571	,10.44074
1384081281579	,7.902514
1384081281586	,7.758997
1384081281594	,7.649869
1384081281603	,8.651819
1384081281610	,7.2819934
1384081281617	,7.245132
1384081281629	,11.650724
1384081281636	,7.274973
1384081281644	,7.84391
1384081281652	,7.621437
1384081281661	,8.805922
1384081281671	,9.9599085
1384081281678	,7.464859
1384081281687	,8.895188
1384081281695	,7.9142346
1384081281706	,11.00014
1384081281716	,9.127419
1384081281725	,9.693075
1384081281735	,9.877211
1384081281746	,10.688137
1384081281758	,11.496198
1384081281765	,7.671661
1384081281774	,9.192956
1384081281782	,7.763534
1384081281790	,7.576664
1384081281798	,8.314119
1384081281807	,8.784271
1384081281815	,8.067501
1384081281831	,15.294864
1384081281838	,7.473108
1384081281846	,7.464071
1384081281853	,7.505027
1384081281861	,7.778089
1384081281869	,7.46591
1384081281876	,7.773106
1384081281884	,7.528126
1384081281892	,7.872611
1384081281900	,7.6155343
1384081281908	,8.331836
1384081281916	,8.279919
1384081281925	,8.6354885
1384081281933	,8.276842
1384081281941	,7.512322
1384081281949	,8.160416
1384081281957	,7.912783
1384081281970	,13.294747
1384081281978	,7.841742
1384081281986	,7.779379
1384081281999	,12.3894415
1384081282007	,8.120512
1384081282015	,8.247371
1384081282023	,7.6866603
1384081282033	,10.516067
1384081282041	,7.80633
1384081282051	,9.955847
1384081282059	,7.734634
1384081282069	,10.253256
1384081282077	,7.470207
1384081282085	,8.020937
1384081282093	,7.558679
1384081282102	,8.927993
1384081282109	,7.8101573
1384081282120	,10.766437
1384081282131	,10.242626
1384081282140	,9.0613575
1384081282149	,9.348725
1384081282157	,7.5980706
1384081282164	,7.227117
1384081282172	,7.671631
1384081282181	,8.675099
1384081282189	,7.960522
1384081282196	,7.847063
1384081282204	,7.875197
1384081282213	,8.506411
1384081282221	,8.217242
1384081282229	,7.493672
1384081282236	,7.669068
1384081282244	,7.677557
1384081282252	,7.4383063
1384081282259	,7.352257
1384081282267	,7.541349
1384081282276	,9.440772
1384081282284	,8.013311
1384081282292	,7.46794
1384081282301	,8.889727
1384081282308	,7.2370067
1384081282316	,7.475441
1384081282327	,11.160806
1384081282340	,13.661962
1384081282351	,10.536613
1384081282358	,7.031812
1384081282366	,7.766254
1384081282375	,9.285134
1384081282384	,8.325108
1384081282392	,8.143149
1384081282400	,7.8853493
1384081282408	,7.7836623
1384081282416	,8.381669
1384081282425	,9.064713
1384081282435	,10.154768
1384081282443	,7.732172
1384081282451	,7.531332
1384081282458	,7.525779
1384081282466	,7.216516
1384081282473	,7.3531632
1384081282480	,7.3551497
1384081282488	,7.407983
1384081282495	,7.12426
1384081282503	,7.518081
1384081282510	,7.732727
1384081282518	,7.2050962
1384081282525	,7.45891
1384081282533	,8.126401
1384081282544	,10.132936
1384081282551	,7.865696
1384081282559	,7.489523
1384081282567	,8.027294
1384081282575	,7.529925
1384081282587	,12.004609
1384081282595	,8.178379
1384081282603	,8.0366
1384081282611	,7.963379
1384081282619	,7.5159483
1384081282628	,9.088527
1384081282638	,10.315148
1384081282648	,9.435004
1384081282655	,7.347068
1384081282662	,6.965029
1384081282669	,7.303899
1384081282677	,7.558341
1384081282685	,8.0589075
1384081282692	,7.2101173
1384081282700	,7.313768
1384081282708	,8.500057
1384081282716	,7.3193407
1384081282723	,7.3100343
1384081282731	,7.8326793
1384081282739	,7.825927
1384081282750	,11.228138
1384081282767	,16.46441
1384081282775	,8.182884
1384081282783	,8.417739
1384081282791	,8.019813
1384081282799	,7.7071643
1384081282808	,8.367086
1384081282822	,13.914517
1384081282829	,7.4977612
1384081282837	,7.66569
1384081282844	,7.559312
1384081282852	,7.538693
1384081282860	,7.501541
1384081282871	,11.514991
1384081282880	,8.598682
1384081282889	,8.765105
1384081282897	,8.245229
1384081282905	,8.044952
1384081282915	,9.929062
1384081282923	,7.567643
1384081282930	,7.4839993
1384081282943	,12.580137
1384081282950	,7.092208
1384081282965	,14.8319025
1384081282973	,8.091457
1384081282981	,8.241785
1384081282992	,10.604998
1384081283000	,7.626413
1384081283010	,9.789607
1384081283021	,11.206507
1384081283028	,7.613511
1384081283045	,16.31745
1384081283057	,11.906422
1384081283068	,11.520704
1384081283081	,12.769056
1384081283099	,17.758581
1384081283112	,12.945286
1384081283123	,10.464328
1384081283134	,11.576522
1384081283148	,14.214444
1384081283164	,15.97224
1384081283176	,11.909638
1384081283192	,15.0642185
1384081283207	,15.438116
1384081283221	,14.179259
1384081283233	,11.162847
1384081283249	,16.878141
1384081283264	,14.094196
1384081283277	,13.415778
1384081283288	,10.718873
1384081283301	,13.602425
1384081283312	,10.829201
1384081283327	,14.583624
1384081283337	,10.128769
1384081283352	,14.343635
1384081283364	,12.582752
1384081283383	,18.788372
1384081283398	,15.175776
1384081283410	,11.854506
1384081283422	,12.193533
1384081283437	,14.114864
1384081283447	,10.478114
1384081283460	,12.82036
1384081283473	,12.878884
1384081283489	,15.606382
1384081283505	,16.230528
1384081283518	,12.80396
1384081283529	,11.216332
1384081283544	,14.445995
1384081283558	,14.100901
1384081283572	,13.870961
1384081283591	,19.216595
1384081283608	,17.163729
1384081283625	,16.731642
1384081283641	,15.628653
1384081283651	,10.50751
1384081283665	,13.644162
1384081283677	,12.355584
1384081283690	,12.6542845
1384081283701	,10.59307
1384081283713	,12.357518
1384081283723	,10.359554
1384081283735	,11.508206
1384081283748	,12.828219
1384081283765	,16.533825
1384081283783	,18.099573
1384081283795	,11.9741335
1384081283809	,14.276443
1384081283824	,14.974733
1384081283839	,15.204132
1384081283853	,13.338775
1384081283868	,15.027216
1384081283879	,10.834811
1384081283892	,13.006779
1384081283903	,10.758064
1384081283918	,14.899387
1384081283934	,16.33582
1384081283949	,15.35842
1384081283960	,10.850902
1384081283976	,15.937702
1384081283999	,22.21548
1384081284023	,24.421131
1384081284034	,11.216622
1384081284046	,11.235889
1384081284058	,11.894684
1384081284072	,14.145946
1384081284088	,16.556988
1384081284101	,12.636136
1384081284115	,14.380278
1384081284133	,17.454716
1384081284151	,17.615759
1384081284167	,16.05515
1384081284180	,13.260151
1384081284192	,12.084974
1384081284205	,12.360862
1384081284229	,24.246418
1384081284240	,11.428697
1384081284253	,12.273813
1384081284264	,11.23387
1384081284276	,12.388417
1384081284292	,15.891513
1384081284308	,15.713653
1384081284324	,16.288893
1384081284340	,15.507904
1384081284357	,16.816214
1384081284372	,15.012229
1384081284384	,12.151812
1384081284397	,12.284082
1384081284410	,13.26853
1384081284425	,15.465344
1384081284441	,15.733945
1384081284455	,13.528299
1384081284469	,14.322108
1384081284484	,14.946434
1384081284496	,12.127013
1384081284509	,12.274878
1384081284525	,16.709215
1384081284536	,11.04708
1384081284549	,12.876383
1384081284564	,14.086387
1384081284575	,11.206857
1384081284587	,12.346308
1384081284602	,14.608156
1384081284615	,13.319353
1384081284639	,23.797216
1384081284650	,11.184835
1384081284662	,11.3162565
1384081284674	,11.788004
1384081284688	,14.224367
1384081284704	,15.94532
1384081284718	,14.195632
1384081284732	,13.641886
1384081284746	,14.063783
1384081284766	,19.555698
1384081284782	,15.941234
1384081284796	,14.174489
1384081284808	,12.314415
1384081284821	,12.6065855
1384081284840	,18.759653
1384081284862	,21.97535
1384081284873	,11.113763
1384081284889	,15.871884
1384081284905	,16.028976
1384081284921	,16.133055
1384081284932	,10.718651
1384081284944	,12.062723
1384081284957	,13.459097
1384081284969	,11.050261
1384081284982	,13.57147
1384081284996	,14.181845
1384081285008	,11.464822
1384081285022	,13.570672
1384081285035	,13.661396
1384081285056	,19.063787
1384081285070	,13.989421
1384081285081	,10.892684
1384081285093	,12.365682
1384081285108	,14.282176
1384081285120	,12.024485
1384081285136	,16.2189
1384081285152	,16.175957
1384081285166	,13.695005
1384081285177	,11.524096
1384081285200	,22.86855
1384081285215	,14.771213
1384081285235	,19.363901
1384081285248	,12.895982
1384081285264	,16.128042
1384081285275	,11.459771
1384081285290	,14.662468
1384081285305	,15.44018
1384081285321	,15.67646
1384081285338	,16.567905
1384081285353	,15.57757
1384081285369	,15.961664
1384081285382	,12.714756
1384081285403	,21.059965
1384081285422	,18.358103
1384081285434	,12.149079
1384081285446	,11.507764
1384081285465	,19.141848
1384081285478	,13.740986
1384081285490	,11.613663
1384081285507	,16.613218
1384081285521	,14.065685
1384081285535	,14.380725
1384081285548	,12.31555
1384081285559	,10.706186
1384081285571	,12.14157
1384081285587	,16.496536
1384081285605	,18.015255
1384081285623	,17.214792
1384081285642	,19.611557
1384081285656	,13.966752
1384081285671	,14.349933
1384081285685	,13.822618
1384081285700	,15.495184
1384081285721	,21.274366
1384081285737	,15.682439
1384081285751	,13.359381
1384081285761	,10.426947
1384081285778	,17.067276
1384081285797	,18.274513
1384081285811	,14.114723
1384081285826	,15.491204
1384081285848	,21.871778
1384081285867	,19.126297
1384081285887	,19.594889
1384081285898	,11.23707
1384081285910	,11.726186
1384081285922	,11.918973
1384081285934	,12.040097
1384081285947	,13.239893
1384081285961	,13.307178
1384081285980	,19.297493
1384081285994	,14.07287
1384081286010	,16.105278
1384081286032	,21.212217
1384081286048	,16.895292
1384081286064	,15.62883
1384081286077	,13.01449
1384081286099	,21.766687
1384081286110	,10.5624275
1384081286123	,13.248285
1384081286135	,12.51083
1384081286149	,13.977166
1384081286160	,10.762792
1384081286172	,12.084116
1384081286188	,15.595632
1384081286206	,17.760986
1384081286216	,10.255315
1384081286231	,15.100723
1384081286242	,10.627889
1384081286255	,13.2440195
1384081286266	,11.19518
1384081286280	,13.678954
1384081286297	,16.806488
1384081286314	,16.858213
1384081286329	,15.448712
1384081286341	,11.641356
1384081286361	,20.05412
1384081286375	,13.961767
1384081286387	,11.566501
1384081286399	,11.556603
1384081286412	,13.020379
1384081286426	,14.007544
1384081286445	,19.732523
1384081286462	,16.365828
1384081286474	,11.746729
1384081286486	,12.212493
1384081286498	,11.600549
1384081286513	,15.305424
1384081286525	,11.727753
1384081286536	,10.871731
1384081286547	,11.627126
1384081286560	,12.683226
1384081286576	,15.4465
1384081286591	,15.323094
1384081286603	,11.49064
1384081286617	,14.793513
1384081286631	,13.560414
1384081286647	,15.919132
1384081286661	,14.181244
1384081286672	,11.078256
1384081286688	,15.270387
1384081286702	,13.951484
1384081286717	,15.489928
1384081286729	,12.142125
1384081286745	,15.818768
1384081286760	,14.597494
1384081286772	,11.947811
1384081286784	,12.43743
1384081286796	,11.044507
1384081286808	,11.900305
1384081286821	,13.328776
1384081286832	,11.250104
1384081286849	,16.273815
1384081286868	,19.095158
1384081286879	,11.046875
1384081286892	,13.598893
1384081286907	,14.33549
1384081286921	,14.042599
1384081286933	,11.854292
1384081286950	,17.311169
1384081286965	,14.235022
1384081286975	,10.724227
1384081286988	,12.4406
1384081287003	,14.831126
1384081287020	,17.225212
1384081287035	,14.637334
1384081287049	,14.761388
1384081287066	,16.435726
1384081287079	,12.968409
1384081287091	,11.98864
1384081287107	,16.377968
1384081287118	,10.689582
1384081287134	,16.155035
1384081287150	,15.837647
1384081287167	,16.710785
1384081287180	,12.513045
1384081287192	,12.629138
1384081287203	,11.027891
1384081287224	,20.889832
1384081287238	,13.592326
1384081287254	,15.914057
1384081287268	,14.40804
1384081287279	,10.16814
1384081287290	,10.845837
1384081287304	,13.949678
1384081287315	,11.6261835
1384081287326	,11.136673
1384081287348	,21.787825
1384081287361	,13.021963
1384081287372	,10.933551
1384081287384	,11.606185
1384081287397	,13.368964
1384081287415	,17.508057
1384081287430	,15.297393
1384081287442	,11.185023
1384081287456	,13.881429
1384081287467	,11.171279
1384081287479	,12.504463
1384081287491	,11.994269
1384081287501	,10.0350065
1384081287513	,11.1396055
1384081287532	,19.362755
1384081287551	,19.216534
1384081287565	,13.712858
1384081287578	,12.735022
1384081287588	,10.404031
1384081287601	,12.232663
1384081287612	,11.733583
1384081287625	,12.173143
1384081287638	,13.764766
1384081287650	,11.651462
1384081287663	,12.490736
1384081287682	,19.536753
1384081287697	,14.311793
1384081287708	,11.336585
1384081287723	,15.150835
1384081287738	,14.966983
1384081287762	,23.364908
1384081287778	,16.64199
1384081287789	,10.722843
1384081287803	,13.260479
1384081287814	,11.101606
1384081287828	,14.344526
1384081287840	,11.681816
1384081287851	,10.768226
1384081287866	,15.08651
1384081287883	,17.61357
1384081287895	,11.726187
1384081287907	,11.806488
1384081287922	,14.435116
1384081287932	,10.446967
1384081287943	,11.0981865
1384081287955	,12.060204
1384081287974	,18.557348
1384081287985	,11.213069
1384081287998	,12.64806
1384081288009	,11.095582
1384081288024	,15.340415
1384081288043	,18.596256
1384081288053	,10.242561
1384081288066	,12.042515
1384081288079	,13.424451
1384081288093	,13.989821
1384081288107	,13.891019
1384081288123	,16.240828
1384081288142	,19.044443
1384081288154	,11.916559
1384081288168	,13.647039
1384081288181	,13.216407
1384081288194	,12.141356
1384081288210	,16.747879
1384081288225	,14.938871
1384081288241	,15.844631
1384081288263	,22.060032
1384081288274	,10.963189
1384081288288	,13.769353
1384081288300	,11.538433
1384081288311	,11.150605
1384081288328	,17.084738
1384081288342	,14.186981
1384081288357	,14.799439
1384081288368	,10.655382
1384081288386	,17.629873
1384081288402	,16.191465
1384081288416	,14.445747
1384081288428	,11.80509
1384081288440	,11.742186
1384081288456	,16.174818
1384081288475	,18.309294
1384081288486	,11.614709
1384081288498	,12.047972
1384081288510	,11.535097
1384081288525	,14.4689
1384081288535	,10.643469
1384081288550	,14.418485
1384081288561	,11.107208
1384081288572	,11.386656
1384081288590	,18.034327
1384081288606	,15.8977785
1384081288621	,14.9597435
1384081288633	,11.397883
1384081288645	,11.866598
1384081288658	,12.806307
1384081288670	,11.871814
1384081288682	,12.037192
1384081288696	,14.538761
1384081288714	,17.88007
1384081288728	,13.733995
1384081288739	,10.624412
1384081288750	,11.286371
1384081288766	,16.430296
1384081288799	,20.607744
1384081288812	,13.078589
1384081288825	,12.287698
1384081288837	,12.229759
1384081288851	,13.603249
1384081288863	,12.573865
1384081288876	,12.672145
1384081288890	,13.793736
1384081288906	,16.435436
1384081288917	,10.688683
1384081288931	,13.751503
1384081288942	,11.409582
1384081288958	,15.729193
1384081288971	,12.830307
1384081288984	,12.800709
1384081288999	,15.538911
1384081289014	,14.258175
1384081289028	,14.005208
1384081289040	,12.73863
1384081289051	,10.929954
1384081289064	,12.460393
1384081289081	,16.911469
1384081289097	,15.867165
1384081289113	,15.901382
1384081289127	,13.871402
1384081289138	,10.793948
1384081289149	,11.15204
1384081289162	,13.001314
1384081289178	,16.08956
1384081289194	,16.269512
1384081289206	,11.822268
1384081289220	,13.8615055
1384081289232	,12.3073225
1384081289245	,12.141656
1384081289256	,11.401955
1384081289271	,14.861754
1384081289283	,11.704443
1384081289299	,15.784116
1384081289311	,12.091796
1384081289326	,15.049037
1384081289337	,11.237775
1384081289348	,11.294917
1384081289365	,16.831808
1384081289381	,15.548538
1384081289394	,12.586349
1384081289408	,14.811844
1384081289427	,18.145199
1384081289438	,11.235151
1384081289450	,12.132211
1384081289462	,11.315993
1384081289482	,20.32444
1384081289499	,16.976595
1384081289518	,18.64052
1384081289528	,10.391126
1384081289544	,16.132544
1384081289555	,10.843218
1384081289568	,12.487379
1384081289581	,12.846952
1384081289595	,13.92133
1384081289606	,11.088184
1384081289618	,11.802798
1384081289633	,15.465991
1384081289647	,13.631424
1384081289661	,13.776049
1384081289675	,13.927157
1384081289689	,14.039065
1384081289703	,13.763772
1384081289716	,13.796501
1384081289733	,17.07208
1384081289748	,13.9834385
1384081289758	,10.459561
1384081289773	,15.145144
1384081289784	,10.621181
1384081289798	,13.919667
1384081289809	,11.200781
1384081289823	,13.548982
1384081289843	,20.473854
1384081289858	,14.731851
1384081289871	,13.100348
1384081289882	,10.602846
1384081289893	,11.46184
1384081289907	,13.718777
1384081289925	,18.187649
1384081289940	,14.510684
1384081289950	,10.072635
1384081289961	,11.025702
1384081289975	,13.547315
1384081289987	,12.173714
1384081290001	,14.035051
1384081290013	,11.745502
1384081290027	,14.266338
1384081290040	,12.745068
1384081290053	,12.986117
1384081290067	,13.607103
1384081290081	,13.833748
1384081290096	,15.724844
1384081290108	,11.752013
1384081290126	,17.77134
1384081290142	,15.6598215
1384081290157	,14.77392
1384081290167	,10.228242
1384081290191	,11.019517
1384081290208	,17.519913
1384081290225	,16.552988
1384081290240	,15.260874
1384081290254	,14.256398
1384081290267	,12.30687
1384081290281	,14.133895
1384081290298	,16.9608
1384081290312	,13.568506
1384081290324	,12.84498
1384081290336	,11.206073
1384081290351	,15.400684
1384081290366	,14.822506
1384081290383	,16.63974
1384081290395	,11.73947
1384081290406	,11.754891
1384081290421	,13.993954
1384081290432	,11.351901
1384081290446	,13.739424
1384081290469	,23.609108
1384081290486	,16.240353
1384081290501	,15.814075
1384081290517	,15.045131
1384081290530	,13.420212
1384081290543	,12.56542
1384081290554	,11.537761
1384081290566	,11.958811
1384081290577	,11.149453
1384081290589	,11.794681
1384081290603	,13.573401
1384081290618	,14.765297
1384081290633	,15.640133
1384081290649	,15.719954
1384081290661	,11.930308
1384081290675	,13.825682
1384081290687	,11.645723
1384081290699	,11.8537
1384081290711	,12.547391
1384081290725	,13.442689
1384081290740	,15.447144
1384081290755	,14.213053
1384081290768	,13.40138
1384081290780	,11.99308
1384081290794	,13.769939
1384081290805	,11.187029
1384081290818	,13.166417
1384081290831	,12.630073
1384081290843	,11.872383
1384081290857	,13.816504
1384081290875	,17.764061
1384081290889	,14.284339
1384081290899	,10.061026
1384081290910	,11.250127
1384081290929	,18.35203
1384081290943	,13.769684
1384081290955	,11.839723
1384081290971	,16.43347
1384081290990	,18.442938
1384081291007	,16.928288
1384081291022	,14.938201
1384081291034	,12.884675
1384081291047	,12.28005
1384081291060	,13.001942
1384081291076	,16.317665
1384081291094	,17.7898
1384081291108	,13.503662
1384081291127	,19.041687
1384081291139	,12.273838
1384081291151	,11.854853
1384081291161	,10.295364
1384081291175	,13.799962
1384081291188	,12.392514
1384081291198	,10.473548
1384081291210	,11.776052
1384081291223	,12.606116
1384081291240	,17.26864
1384081291251	,11.202103
1384081291265	,13.286456
1384081291275	,10.807942
1384081291287	,11.527723
1384081291299	,11.415294
1384081291310	,11.134952
1384081291325	,15.443607
1384081291338	,12.77028
1384081291349	,11.395426
1384081291363	,13.184703
1384081291378	,15.034035
1384081291388	,10.406198
1384081291406	,17.632267
1384081291424	,17.82407
1384081291439	,15.198703
1384081291452	,12.425707
1384081291463	,11.431268
1384081291474	,10.469039
1384081291488	,14.589906
1384081291506	,17.398909
1384081291517	,11.44117
1384081291529	,11.837862
1384081291551	,21.452955
1384081291565	,14.79043
1384081291583	,17.86661
1384081291595	,11.160029
1384081291607	,12.690088
1384081291622	,14.830603
1384081291638	,15.597051
1384081291654	,16.374987
1384081291672	,17.260435
1384081291690	,17.877695
1384081291705	,15.162846
1384081291717	,12.080699
1384081291733	,16.092554
1384081291745	,12.389336
1384081291757	,11.04466
1384081291769	,12.201628
1384081291782	,13.423034
1384081291798	,15.353366
1384081291808	,10.696847
1384081291821	,12.891825
1384081291832	,10.39629
1384081291849	,17.119577
1384081291865	,15.49162
1384081291876	,11.73613
1384081291897	,20.561594
1384081291910	,12.991805
1384081291925	,14.911068
1384081291937	,11.970997
1384081291954	,17.064816
1384081291964	,10.310367
1384081291979	,14.32127
1384081291994	,15.42795
1384081292010	,15.210954
1384081292026	,16.317879
1384081292041	,15.212062
1384081292052	,10.744372
1384081292064	,12.15547
1384081292077	,12.744459
1384081292090	,12.53922
1384081292103	,12.902381
1384081292122	,18.86284
1384081292136	,14.362606
1384081292147	,11.36653
1384081292162	,15.005949
1384081292175	,12.952383
1384081292190	,14.082708
1384081292204	,14.178374
1384081292218	,14.088291
1384081292234	,15.951366
1384081292254	,20.306868
1384081292270	,15.17753
1384081292281	,11.815497
1384081292294	,12.770103
1384081292306	,11.957093
1384081292327	,20.324203
1384081292338	,10.805094
1384081292353	,15.1754875
1384081292365	,11.93222
1384081292375	,10.491586
1384081292387	,11.79121
1384081292398	,10.492367
1384081292409	,11.031114
1384081292422	,12.858162
1384081292436	,13.87681
1384081292446	,10.744294
1384081292458	,11.317297
1384081292478	,20.481888
1384081292489	,10.867785
1384081292507	,17.890135
1384081292518	,10.916486
1384081292535	,17.309156
1384081292550	,14.818156
1384081292565	,14.90434
1384081292579	,14.003475
1384081292592	,12.480657
1384081292604	,11.855975
1384081292614	,10.297069
1384081292625	,10.967472
1384081292639	,13.423501
1384081292653	,14.231719
1384081292673	,19.629387
1384081292688	,15.431797
1384081292701	,12.72196
1384081292712	,10.73551
1384081292722	,10.479843
1384081292740	,18.030771
1384081292754	,13.21175
1384081292764	,10.592252
1384081292786	,21.890642
1384081292797	,10.339167
1384081292810	,13.268487
1384081292822	,12.193555
1384081292834	,11.466306
1384081292848	,14.077323
1384081292859	,10.763325
1384081292870	,11.144358
1384081292884	,14.156092
1384081292900	,15.825508
1384081292916	,16.041414
1384081292930	,13.934893
1384081292944	,13.572141
1384081292956	,12.808389
1384081292969	,12.813493
1384081292984	,15.053128
1384081293001	,16.561647
1384081293013	,12.321894
1384081293026	,12.38691
1384081293037	,10.98432
1384081293049	,12.135941
1384081293061	,12.122988
1384081293072	,11.109874
1384081293094	,21.355106
1384081293105	,10.608522
1384081293123	,18.751692
1384081293135	,12.091934
1384081293148	,12.193076
1384081293167	,18.849352
1384081293180	,13.049013
1384081293193	,13.149693
1384081293205	,11.93363
1384081293218	,12.535315
1384081293228	,10.46434
1384081293240	,12.041482
1384081293251	,10.608157
1384081293264	,13.268542
1384081293283	,18.38358
1384081293300	,17.713974
1384081293311	,10.928985
1384081293324	,13.0653715
1384081293341	,16.023922
1384081293357	,16.205294
1384081293368	,10.988815
1384081293378	,10.141441
1384081293389	,11.388732
1384081293408	,18.805052
1384081293421	,12.354333
1384081293435	,14.282915
1384081293451	,15.701723
1384081293466	,14.800372
1384081293478	,12.119073
1384081293491	,12.880397
1384081293504	,13.031764
1384081293515	,10.853965
1384081293527	,12.201375
1384081293543	,15.647627
1384081293562	,18.946724
1384081293577	,15.264088
1384081293588	,10.7896185
1384081293601	,12.869901
1384081293611	,10.391741
1384081293623	,11.994343
1384081293635	,11.975909
1384081293648	,12.68491
1384081293659	,10.50005
1384081293670	,11.453687
1384081293682	,11.862027
1384081293697	,15.249717
1384081293709	,11.938394
1384081293723	,13.657908
1384081293739	,15.578599
1384081293753	,14.174489
1384081293766	,12.319292
1384081293779	,13.44819
1384081293793	,13.450668
1384081293804	,11.60797
1384081293815	,10.887185
1384081293828	,12.683157
1384081293838	,9.842318
1384081293852	,14.216131
1384081293862	,10.276353
1384081293875	,12.535535
1384081293888	,12.873457
1384081293906	,17.568535
1384081293922	,16.231543
1384081293936	,14.17237
1384081293947	,11.0427065
1384081293959	,12.196172
1384081293976	,16.993225
1384081293994	,17.621092
1384081294007	,13.059046
1384081294020	,12.181017
1384081294033	,13.176598
1384081294047	,14.545641
1384081294061	,13.192519
1384081294078	,16.894428
1384081294090	,12.271781
1384081294102	,11.650007
1384081294115	,13.543709
1384081294130	,14.480122
1384081294146	,16.539318
1384081294164	,17.200048
1384081294176	,12.150066
1384081294191	,14.774189
1384081294204	,12.877609
1384081294221	,16.944
1384081294235	,14.067781
1384081294245	,10.536644
1384081294259	,13.646444
1384081294272	,12.862215
1384081294284	,11.67277
1384081294296	,12.693002
1384081294307	,10.187656
1384081294318	,11.201755
1384081294336	,17.987213
1384081294351	,15.246892
1384081294361	,9.958283
1384081294378	,16.217014
1384081294388	,10.518528
1384081294407	,18.497517
1384081294419	,12.431058
1384081294433	,13.663043
1384081294447	,14.011094
1384081294463	,15.572853
1384081294473	,9.91304
1384081294485	,12.276414
1384081294497	,12.180912
1384081294513	,15.443957
1384081294525	,12.518516
1384081294539	,13.662445
1384081294552	,12.601959
1384081294568	,16.74836
1384081294580	,11.642393
1384081294595	,14.900943
1384081294608	,13.319396
1384081294624	,15.886971
1384081294645	,20.934517
1384081294657	,11.732026
1384081294668	,11.039056
1384081294681	,12.281388
1384081294690	,9.53004
1384081294705	,15.090452
1384081294724	,18.94736
1384081294744	,19.948982
1384081294761	,16.743578
1384081294774	,12.47337
1384081294785	,11.646486
1384081294798	,12.579476
1384081294812	,13.856241
1384081294823	,11.276411
1384081294835	,11.926435
1384081294846	,10.717145
1384081294857	,10.626475
1384081294871	,14.294003
1384081294881	,9.650509
1384081294892	,11.630946
1384081294905	,12.460687
1384081294918	,12.745905
1384081294932	,13.888212
1384081294947	,15.634091
1384081294964	,16.693855
1384081294978	,13.678079
1384081294988	,10.199209
1384081295000	,12.07713
1384081295019	,18.453115
1384081295031	,12.05627
1384081295044	,12.575018
1384081295060	,15.934426
1384081295074	,13.924158
1384081295084	,10.520605
1384081295095	,11.050833
1384081295109	,13.466393
1384081295124	,14.631999
1384081295139	,15.441328
1384081295149	,10.255243
1384081295163	,13.719612
1384081295175	,11.471918
1384081295190	,14.935003
1384081295205	,15.560368
1384081295216	,10.402001
1384081295226	,10.744579
1384081295242	,15.110444
1384081295254	,12.365338
1384081295274	,20.214312
1384081295285	,10.845644
1384081295301	,15.524588
1384081295315	,14.04073
1384081295328	,13.067998
1384081295341	,13.095119
1384081295357	,15.558136
1384081295367	,10.340995
1384081295379	,12.180292
1384081295392	,12.553297
1384081295404	,12.032253
1384081295418	,13.989031
1384081295434	,16.108873
1384081295448	,13.654717
1384081295461	,12.867394
1384081295471	,9.996795
1384081295484	,12.465536
1384081295493	,9.8142
1384081295505	,11.584386
1384081295517	,12.239123
1384081295533	,15.230176
1384081295548	,15.658348
1384081295573	,24.803032
1384081295589	,15.62336
1384081295600	,10.759565
1384081295615	,14.685977
1384081295626	,11.268576
1384081295642	,15.743204
1384081295658	,15.994735
1384081295672	,14.552611
1384081295687	,14.63033
1384081295697	,9.757825
1384081295708	,11.597206
1384081295721	,12.755223
1384081295732	,10.997535
1384081295744	,11.167195
1384081295759	,15.159501
1384081295775	,16.207832
1384081295793	,17.88974
1384081295803	,9.708793
1384081295818	,15.601127
1384081295828	,9.667228
1384081295840	,11.449359
1384081295854	,14.589923
1384081295865	,10.226799
1384081295878	,13.356627
1384081295892	,13.589847
1384081295902	,10.215111
1384081295916	,13.910363
1384081295928	,11.574804
1384081295941	,13.273494
1384081295952	,10.587814
1384081295968	,16.150185
1384081295979	,11.154745
1384081295998	,18.635403
1384081296007	,9.377956
1384081296020	,12.944993
1384081296032	,12.345111
1384081296046	,13.495113
1384081296059	,12.648435
1384081296071	,12.530722
1384081296084	,12.453843
1384081296100	,15.835686
1384081296113	,13.058301
1384081296130	,16.916641
1384081296139	,9.543603
1384081296155	,15.111977
1384081296167	,12.157058
1384081296183	,15.596996
1384081296202	,19.430618
1384081296213	,11.293132
1384081296227	,13.186089
1384081296239	,12.167093
1384081296254	,14.832869
1384081296270	,15.887053
1384081296285	,15.521011
1384081296299	,14.126272
1384081296311	,11.32814
1384081296322	,10.721315
1384081296335	,13.254572
1384081296352	,16.794308
1384081296369	,16.691824
1384081296382	,13.044986
1384081296397	,14.983628
1384081296408	,10.718696
1384081296420	,12.674437
1384081296438	,17.59355
1384081296448	,10.31962
1384081296464	,15.838189
1384081296478	,13.956477
1384081296493	,14.697442
1384081296511	,17.70922
1384081296523	,12.434918
1384081296540	,16.272701
1384081296551	,11.76035
1384081296565	,13.446996
1384081296577	,12.403883
1384081296589	,11.906741
1384081296601	,12.014732
1384081296617	,15.301403
1384081296635	,18.497099
1384081296645	,9.761016
1384081296662	,16.507189
1384081296672	,10.41059
1384081296684	,11.921019
1384081296696	,11.557954
1384081296709	,13.381611
1384081296719	,10.031982
1384081296731	,11.808162
1384081296749	,17.929928
1384081296767	,17.843836
1384081296777	,9.905653
1384081296795	,18.356745
1384081296808	,12.60889
1384081296823	,14.861335
1384081296836	,13.37884
1384081296853	,16.728178
1384081296868	,14.842436
1384081296883	,14.437491
1384081296898	,14.808546
1384081296908	,10.695893
1384081296919	,11.164359
1384081296933	,13.786963
1384081296948	,14.510776
1384081296966	,17.712023
1384081296982	,16.49084
1384081296998	,15.712724
1384081297010	,11.594269
1384081297022	,12.230695
1384081297032	,9.995257
1384081297044	,11.525903
1384081297055	,11.494827
1384081297068	,13.181432
1384081297082	,13.894377
1384081297102	,19.76191
1384081297113	,10.651882
1384081297129	,15.963898
1384081297139	,10.380837
1384081297151	,11.771712
1384081297165	,14.040896
1384081297178	,12.36987
1384081297194	,16.300121
1384081297211	,16.753891
1384081297222	,10.674259
1384081297234	,12.548925
1384081297247	,12.304069
1384081297260	,13.446709
1384081297274	,14.064346
1384081297289	,14.711185
1384081297305	,16.356579
1384081297320	,14.966671
1384081297331	,10.038774
1384081297344	,13.401165
1384081297357	,12.7693815
1384081297369	,12.08074
1384081297381	,12.415512
1384081297393	,11.531538
1384081297414	,20.769695
1384081297426	,11.9931755
1384081297441	,14.589816
1384081297452	,11.181993
1384081297462	,10.335514
1384081297477	,14.705689
1384081297493	,15.785652
1384081297508	,14.950048
1384081297522	,13.731517
1384081297532	,10.744219
1384081297547	,14.218408
1384081297559	,12.711685
1384081297570	,10.106412
1384081297584	,14.050875
1384081297594	,10.195373
1384081297608	,14.008149
1384081297620	,12.148751
1384081297631	,11.213732
1384081297642	,10.064572
1384081297656	,14.201065
1384081297666	,10.385401
1384081297679	,12.280741
1384081297691	,11.90411
1384081297705	,14.302992
1384081297715	,10.097234
1384081297729	,14.136303
1384081297749	,19.343668
1384081297762	,12.8159275
1384081297773	,11.316265
1384081297788	,14.508174
1384081297801	,13.661301
1384081297815	,13.758881
1384081297828	,13.052818
1384081297843	,14.262597
1384081297856	,13.549482
1384081297868	,11.344465
1384081297883	,15.1426
1384081297902	,19.016228
1384081297913	,11.053224
1384081297926	,12.787081
1384081297939	,13.047769
1384081297955	,16.256886
1384081297969	,14.101715
1384081297982	,12.222705
1384081297992	,9.927838
1384081298003	,11.557491
1384081298020	,16.929485
1384081298042	,21.42977
1384081298058	,16.542711
1384081298073	,15.087421
1384081298084	,10.053799
1384081298099	,15.068822
1384081298113	,13.963262
1384081298126	,12.952838
1384081298136	,10.483397
1384081298149	,13.102723
1384081298160	,10.531135
1384081298172	,11.529909
1384081298182	,10.878828
1384081298196	,13.811469
1384081298207	,10.949699
1384081298220	,12.712629
1384081298238	,17.440859
1384081298250	,12.09081
1384081298265	,14.890431
1384081298279	,14.235948
1384081298289	,9.882392
1384081298301	,11.999851
1384081298316	,14.637899
1384081298331	,15.711455
1384081298350	,18.51498
1384081298368	,17.94667
1384081298379	,11.339414
1384081298393	,13.036543
1384081298409	,16.714605
1384081298421	,11.707759
1384081298434	,13.313569
1384081298450	,15.631965
1384081298461	,11.129413
1384081298474	,12.586716
1384081298485	,10.890419
1384081298502	,16.881084
1384081298521	,18.6415
1384081298534	,13.465194
1384081298544	,9.694746
1384081298558	,13.702724
1384081298568	,10.533907
1384081298582	,13.362107
1384081298592	,10.241653
1384081298609	,16.74701
1384081298620	,11.368595
1384081298639	,18.375187
1384081298654	,14.849128
1384081298665	,11.241193
1384081298678	,13.608672
1384081298690	,11.358906
1384081298700	,9.879602
1384081298716	,16.604017
1384081298732	,15.238286
1384081298751	,19.38173
1384081298762	,10.306436
1384081298776	,14.038084
1384081298787	,11.350021
1384081298799	,11.881036
1384081298812	,13.114793
1384081298829	,17.20238
1384081298843	,13.752606
1384081298858	,14.638778
1384081298868	,9.877171
1384081298880	,12.355377
1384081298890	,9.842466
1384081298902	,11.690828
1384081298915	,13.364727
1384081298926	,10.74275
1384081298937	,10.586022
1384081298952	,15.361361
1384081298968	,15.68564
1384081298991	,22.643848
1384081299006	,15.021204
1384081299023	,17.143085
1384081299037	,13.692836
1384081299049	,12.375801
1384081299066	,17.23968
1384081299079	,12.941872
1384081299094	,14.488531
1384081299106	,11.481963
1384081299118	,11.907561
1384081299131	,13.505103
1384081299145	,13.645497
1384081299161	,16.002779
1384081299173	,12.325523
1384081299190	,16.278381
1384081299204	,13.942362
1384081299217	,13.137899
1384081299228	,11.105969
1384081299240	,12.46559
1384081299254	,13.3031025
1384081299271	,16.657331
1384081299289	,18.08426
1384081299302	,12.871458
1384081299313	,11.413171
1384081299326	,12.727309
1384081299338	,12.374816
1384081299350	,11.383793
1384081299366	,16.166258
1384081299383	,16.798952
1384081299399	,15.671318
1384081299417	,18.862526
1384081299428	,10.726771
1384081299444	,15.323263
1384081299458	,14.193545
1384081299473	,14.714931
1384081299484	,11.636597
1384081299498	,13.554169
1384081299511	,13.018192
1384081299526	,15.390722
1384081299536	,9.749542
1384081299549	,12.269018
1384081299561	,12.079563
1384081299577	,16.11135
1384081299592	,14.958334
1384081299610	,17.723835
1384081299625	,14.974236
1384081299639	,14.241183
1384081299653	,13.622084
1384081299669	,16.715572
1384081299685	,15.708878
1384081299703	,17.712555
1384081299718	,14.528926
1384081299729	,11.670375
1384081299743	,13.344614
1384081299755	,12.162461
1384081299768	,13.449779
1384081299781	,12.549508
1384081299795	,13.420723
1384081299807	,12.825296
1384081299826	,18.172941
1384081299838	,12.566857
1384081299852	,14.071882
1384081299868	,15.175243
1384081299882	,14.490087
1384081299902	,19.804173
1384081299921	,18.97152
1384081299933	,12.060414
1384081299946	,12.404257
1384081299960	,14.476805
1384081299974	,13.426374
1384081299992	,18.394747
1384081300004	,11.589413
1384081300017	,12.828321
1384081300030	,13.038425
1384081300042	,12.047916
1384081300055	,13.543697
1384081300071	,15.327533
1384081300081	,10.296662
1384081300098	,16.700603
1384081300108	,10.261674
1384081300124	,15.840722
1384081300138	,13.564447
1384081300149	,10.956059
1384081300162	,13.467327
1384081300175	,12.32954
1384081300185	,10.191218
1384081300199	,13.727664
1384081300211	,11.930809
1384081300233	,22.303236
1384081300247	,13.867686
1384081300259	,11.577977
1384081300272	,12.797096
1384081300284	,12.005109
1384081300295	,11.165304
1384081300311	,16.412235
1384081300326	,14.22881
1384081300342	,16.072733
1384081300352	,9.987255
1384081300365	,13.216545
1384081300375	,10.014525
1384081300394	,18.662857
1384081300408	,14.105819
1384081300423	,15.352056
1384081300439	,15.80485
1384081300454	,14.542736
1384081300469	,15.421882
1384081300480	,10.918513
1384081300496	,15.112379
1384081300515	,18.963596
1384081300526	,10.928207
1384081300542	,16.184824
1384081300555	,13.585051
1384081300569	,13.637465
1384081300583	,14.101134
1384081300598	,14.214309
1384081300611	,13.445272
1384081300624	,12.5035515
1384081300643	,18.892406
1384081300654	,11.190357
1384081300668	,13.916798
1384081300682	,14.091108
1384081300692	,10.26925
1384081300704	,11.828506
1384081300723	,19.095957
1384081300739	,15.641722
1384081300752	,12.89322
1384081300764	,11.870278
1384081300776	,11.731086
1384081300787	,11.06867
1384081300799	,11.659798
1384081300820	,21.890575
1384081300838	,17.159431
1384081300856	,18.274807
1384081300866	,10.404083
1384081300882	,15.48185
1384081300896	,13.8851595
1384081300909	,12.756369
1384081300919	,10.555503
1384081300935	,15.317115
1384081300947	,12.228962
1384081300964	,16.784481
1384081300980	,15.827833
1384081300993	,13.56031
1384081301006	,12.756086
1384081301022	,16.120256
1384081301034	,11.182427
1384081301053	,19.088474
1384081301065	,11.854278
1384081301081	,16.438557
1384081301097	,16.19218
1384081301114	,16.818895
1384081301130	,15.371069
1384081301150	,20.543053
1384081301163	,13.121147
1384081301178	,14.394818
1384081301192	,14.394869
1384081301211	,19.058079
1384081301232	,20.648872
1384081301245	,12.785314
1384081301261	,16.080175
1384081301277	,16.18615
1384081301292	,14.186475
1384081301303	,11.738361
1384081301316	,12.193202
1384081301330	,13.937778
1384081301345	,15.461955
1384081301357	,12.02044
1384081301372	,14.361518
1384081301387	,15.227835
1384081301397	,10.094901
1384081301413	,15.313152
1384081301425	,12.851377
1384081301437	,11.691398
1384081301460	,22.995579
1384081301478	,17.302675
1384081301491	,12.940394
1384081301502	,11.169136
1384081301517	,15.4335785
1384081301532	,14.517281
1384081301542	,10.387807
1384081301559	,16.619137
1384081301571	,12.34255
1384081301589	,17.731628
1384081301600	,10.366344
1384081301614	,14.647549
1384081301628	,13.873197
1384081301644	,15.834207
1384081301660	,15.917672
1384081301673	,13.25095
1384081301692	,19.00515
1384081301710	,17.192076
1384081301723	,13.641109
1384081301737	,13.08139
1384081301747	,10.42582
1384081301760	,12.975797
1384081301785	,24.741894
1384081301797	,12.507977
1384081301812	,14.413037
1384081301831	,19.337183
1384081301843	,11.8270035
1384081301862	,19.064045
1384081301873	,10.882566
1384081301890	,16.412617
1384081301903	,13.017515
1384081301915	,12.561907
1384081301925	,9.567033
1384081301938	,12.459907
1384081301949	,11.6843815
1384081301964	,14.455864
1384081301979	,14.62002
1384081301991	,12.753091
1384081302003	,11.602142
1384081302021	,17.866516
1384081302033	,11.960098
1384081302048	,15.39261
1384081302062	,13.68863
1384081302079	,17.215324
1384081302099	,19.232843
1384081302110	,11.2103
1384081302122	,11.675094
1384081302134	,11.850283
1384081302149	,15.345228
1384081302165	,15.924999
1384081302179	,14.3721075
1384081302194	,14.284582
1384081302206	,11.920691
1384081302222	,15.797752
1384081302234	,12.046188
1384081302248	,13.874766
1384081302265	,17.025652
1384081302278	,13.26554
1384081302291	,12.5643215
1384081302305	,13.852253
1384081302320	,15.791989
1384081302335	,14.944806
1384081302346	,10.330933
1384081302358	,12.529778
1384081302372	,13.647941
1384081302403	,30.820114
1384081302415	,11.751492
1384081302432	,17.134813
1384081302443	,10.961063
1384081302455	,12.0723295
1384081302476	,20.390066
1384081302490	,14.640553
1384081302506	,16.138264
1384081302518	,11.787339
1384081302530	,12.094484
1384081302546	,15.368751
1384081302561	,15.298991
1384081302572	,10.7172575
1384081302583	,11.16998
1384081302599	,15.980051
1384081302612	,12.288958
1384081302628	,15.887036
1384081302640	,12.214995
1384081302653	,12.991804
1384081302671	,17.69776
1384081302683	,12.29871
1384081302698	,14.576263
1384081302728	,29.947836
1384081302755	,26.807854
1384081302768	,13.102432
1384081302778	,10.752211
1384081302792	,13.211306
1384081302813	,21.210787
1384081302827	,13.965822
1384081302847	,19.459251
1384081302860	,13.820141
1384081302876	,15.765264
1384081302890	,14.062359
1384081302901	,10.651051
1384081302914	,12.568877
1384081302926	,11.778356
1384081302939	,13.210753
1384081302950	,10.846931
1384081302963	,13.597038
1384081302978	,14.287988
1384081302994	,16.290022
1384081303008	,13.607001
1384081303024	,16.315666
1384081303044	,19.942327
1384081303059	,14.925508
1384081303069	,10.208663
1384081303084	,14.465318
1384081303098	,14.403706
1384081303111	,12.471141
1384081303127	,16.376366
1384081303139	,11.640914
1384081303151	,11.535133
1384081303165	,14.591749
1384081303178	,12.560685
1384081303190	,12.045219
1384081303202	,12.202166
1384081303219	,16.538937
1384081303241	,22.379673
1384081303253	,11.700418
1384081303265	,11.966846
1384081303282	,16.459236
1384081303291	,9.755974
1384081303305	,13.415815
1384081303317	,12.267848
1384081303335	,17.863506
1384081303353	,17.843454
1384081303367	,14.11735
1384081303379	,11.669482
1384081303391	,12.015218
1384081303401	,9.768631
1384081303413	,12.05741
1384081303426	,12.776478
1384081303446	,20.400496
1384081303457	,10.344253
1384081303472	,15.395757
1384081303491	,19.038939
1384081303515	,23.737026
1384081303534	,18.551176
1384081303550	,16.405365
1384081303562	,11.688806
1384081303574	,12.482105
1384081303584	,10.021254
1384081303596	,11.69321
1384081303608	,11.519766
1384081303621	,12.678984
1384081303630	,9.713019
1384081303652	,21.44037
1384081303673	,21.406752
1384081303690	,17.016872
1384081303701	,10.232692
1384081303717	,16.145344
1384081303731	,14.156699
1384081303743	,11.649796
1384081303754	,11.333195
1384081303767	,12.619782
1384081303777	,10.272498
1384081303790	,12.74121
1384081303800	,10.054448
1384081303813	,12.832717
1384081303823	,10.492929
1384081303836	,12.151599
1384081303859	,23.10828
1384081303871	,11.857482
1384081303883	,12.214546
1384081303897	,14.220066
1384081303908	,10.326634
1384081303920	,11.956186
1384081303939	,19.00933
1384081303957	,17.939491
1384081303969	,12.059297
1384081303983	,14.5084095
1384081303999	,15.572358
1384081304014	,14.746271
1384081304024	,10.265528
1384081304040	,15.353982
1384081304050	,9.851517
1384081304068	,17.89738
1384081304079	,11.209421
1384081304095	,16.592075
1384081304109	,13.677293
1384081304122	,12.384798
1384081304138	,16.09136
1384081304153	,15.088328
1384081304168	,14.971335
1384081304183	,14.752935
1384081304196	,12.855208
1384081304206	,10.584165
1384081304217	,10.605486
1384081304229	,12.320542
1384081304241	,12.089365
1384081304254	,12.772344
1384081304271	,16.71005
1384081304290	,19.273169
1384081304304	,13.262537
