1384081304343	,22.95216
1384081304359	,15.029935
1384081304376	,16.9449
1384081304390	,14.570837
1384081304407	,17.290295
1384081304425	,17.211197
1384081304438	,13.417811
1384081304457	,18.912312
1384081304476	,18.667557
1384081304489	,13.274183
1384081304502	,13.100782
1384081304520	,17.97464
1384081304533	,12.605163
1384081304557	,24.097258
1384081304580	,23.306648
1384081304597	,16.690237
1384081304610	,12.37841
1384081304625	,14.961407
1384081304640	,15.745511
1384081304657	,16.62691
1384081304675	,18.290846
1384081304693	,17.81166
1384081304706	,12.636563
1384081304724	,18.11484
1384081304737	,12.4421015
1384081304758	,21.109928
1384081304772	,13.940586
1384081304786	,13.859866
1384081304803	,17.27949
1384081304820	,16.649868
1384081304835	,15.585728
1384081304851	,15.583386
1384081304865	,13.612133
1384081304883	,18.730808
1384081304909	,25.481234
1384081304926	,16.698372
1384081304943	,17.027088
1384081304967	,24.44968
1384081304981	,13.284976
1384081304999	,18.09768
1384081305013	,13.899295
1384081305027	,14.112609
1384081305040	,12.645413
1384081305060	,20.115482
1384081305076	,16.129126
1384081305095	,19.225183
1384081305113	,17.634884
1384081305131	,18.233408
1384081305143	,11.723041
1384081305160	,16.997898
1384081305180	,19.23126
1384081305200	,20.888172
1384081305224	,23.850893
1384081305243	,18.229324
1384081305257	,14.500897
1384081305274	,16.595377
1384081305288	,14.519295
1384081305305	,16.981068
1384081305319	,13.008461
1384081305336	,16.9708
1384081305349	,13.6366415
1384081305373	,23.519527
1384081305385	,12.513454
1384081305400	,14.811669
1384081305418	,17.365137
1384081305434	,16.124292
1384081305448	,13.585394
1384081305465	,16.987705
1384081305481	,16.717941
1384081305504	,22.210112
1384081305524	,20.622751
1384081305539	,14.362511
1384081305553	,14.381375
1384081305568	,14.462692
1384081305586	,18.554668
1384081305602	,15.468614
1384081305615	,12.725715
1384081305633	,18.30518
1384081305649	,16.0569
1384081305666	,17.128862
1384081305684	,17.73041
1384081305698	,13.669882
1384081305719	,21.185778
1384081305732	,13.055287
1384081305746	,14.133945
1384081305761	,14.674636
1384081305778	,17.111113
1384081305800	,21.847145
1384081305820	,19.888042
1384081305839	,18.531384
1384081305857	,18.2379
1384081305877	,19.739788
1384081305892	,15.319798
1384081305912	,19.51656
1384081305929	,17.6747
1384081305943	,13.502348
1384081305956	,12.595162
1384081305973	,17.861557
1384081305987	,13.526329
1384081306006	,18.559883
1384081306022	,15.838626
1384081306036	,14.751569
1384081306054	,17.867176
1384081306074	,19.807116
1384081306092	,18.07967
1384081306107	,14.956009
1384081306132	,25.06826
1384081306147	,14.077418
1384081306160	,13.18762
1384081306178	,17.940094
1384081306190	,12.375973
1384081306207	,16.845032
1384081306224	,16.473793
1384081306236	,12.575494
1384081306256	,19.259691
1384081306273	,17.195963
1384081306286	,12.568056
1384081306302	,16.144377
1384081306319	,17.06724
1384081306335	,15.848034
1384081306347	,12.53374
1384081306366	,18.316048
1384081306382	,16.076782
1384081306396	,14.028674
1384081306414	,17.780107
1384081306435	,21.535788
1384081306453	,17.118734
1384081306467	,14.33909
1384081306486	,18.623917
1384081306507	,21.233324
1384081306524	,16.52186
1384081306540	,16.320139
1384081306553	,13.087198
1384081306568	,15.342593
1384081306584	,15.463495
1384081306599	,15.234984
1384081306622	,22.811165
1384081306641	,18.632275
1384081306657	,16.20617
1384081306671	,14.081518
1384081306689	,17.617504
1384081306708	,19.058203
1384081306721	,13.036443
1384081306754	,32.88891
1384081306768	,13.927142
1384081306787	,18.956978
1384081306801	,14.327412
1384081306817	,15.956769
1384081306830	,12.631432
1384081306847	,16.85129
1384081306861	,14.074738
1384081306876	,14.935069
1384081306894	,18.03874
1384081306910	,16.07364
1384081306923	,12.319307
1384081306946	,23.232553
1384081306960	,13.550862
1384081306979	,19.340042
1384081306997	,18.014317
1384081307016	,18.362276
1384081307028	,12.880265
1384081307053	,24.938496
1384081307067	,13.636214
1384081307085	,18.052183
1384081307103	,17.512753
1384081307117	,14.060735
1384081307135	,17.990652
1384081307150	,15.357215
1384081307168	,17.197165
1384081307186	,18.496023
1384081307199	,12.804186
1384081307215	,16.065884
1384081307236	,20.6683
1384081307250	,14.447518
1384081307267	,16.876932
1384081307283	,15.6665125
1384081307300	,16.504658
1384081307313	,13.559765
1384081307326	,12.304447
1384081307344	,17.874872
1384081307356	,12.302341
1384081307383	,26.991552
1384081307400	,16.607582
1384081307414	,14.067919
1384081307427	,12.992324
1384081307445	,18.319872
1384081307461	,15.823383
1384081307475	,13.861711
1384081307494	,18.968653
1384081307515	,21.401468
1384081307532	,16.906446
1384081307547	,14.781223
1384081307561	,14.161435
1384081307583	,21.452833
1384081307597	,13.776604
1384081307614	,16.717472
1384081307628	,14.819551
1384081307641	,12.534115
1384081307655	,13.934373
1384081307669	,13.828609
1384081307695	,26.391386
1384081307710	,14.623792
1384081307725	,15.186469
1384081307740	,15.024528
1384081307756	,16.120056
1384081307774	,18.041735
1384081307789	,14.291805
1384081307807	,18.645157
1384081307822	,14.719051
1384081307841	,18.333843
1384081307863	,22.52528
1384081307881	,18.006319
1384081307900	,18.566038
1384081307919	,18.688251
1384081307931	,12.806507
1384081307951	,19.889128
1384081307963	,11.24786
1384081307979	,15.817559
1384081308009	,30.629015
1384081308023	,13.640798
1384081308036	,12.453551
1384081308050	,14.632579
1384081308065	,15.028333
1384081308084	,18.179005
1384081308099	,15.059439
1384081308120	,20.963017
1384081308131	,11.410616
1384081308150	,18.671713
1384081308167	,16.883823
1384081308184	,16.764576
1384081308201	,17.53419
1384081308218	,16.37981
1384081308231	,13.685674
1384081308247	,15.253403
1384081308264	,16.825891
1384081308277	,13.526383
1384081308291	,13.369442
1384081308320	,29.577656
1384081308333	,12.7718
1384081308350	,16.98576
1384081308364	,13.6713085
1384081308382	,18.37155
1384081308407	,24.41029
1384081308420	,12.691369
1384081308433	,12.978523
1384081308449	,16.812183
1384081308469	,19.053127
1384081308484	,15.360753
1384081308497	,13.232961
1384081308515	,17.24253
1384081308534	,19.278381
1384081308553	,18.59976
1384081308569	,16.711012
1384081308587	,17.61914
1384081308602	,15.247404
1384081308620	,17.538233
1384081308633	,13.29565
1384081308649	,15.800005
1384081308662	,12.564777
1384081308683	,21.608267
1384081308696	,12.3608265
1384081308711	,15.058811
1384081308723	,12.408936
1384081308741	,17.504713
1384081308757	,16.11797
1384081308771	,13.472402
1384081308786	,15.099291
1384081308805	,19.539587
1384081308821	,15.39997
1384081308839	,18.3072
1384081308851	,12.1111965
1384081308868	,16.958673
1384081308886	,17.614
1384081308904	,17.883968
1384081308922	,18.288176
1384081308946	,23.29548
1384081308961	,15.504158
1384081308976	,14.402614
1384081308992	,15.686174
1384081309012	,20.926672
1384081309027	,13.975303
1384081309040	,13.393143
1384081309054	,14.274775
1384081309070	,15.585179
1384081309082	,12.165699
1384081309102	,20.128878
1384081309119	,16.707607
1384081309139	,20.147
1384081309151	,12.00857
1384081309171	,19.610413
1384081309188	,16.829218
1384081309203	,15.179811
1384081309221	,17.967903
1384081309234	,12.545199
1384081309254	,19.985388
1384081309272	,17.78177
1384081309285	,13.349927
1384081309303	,17.513235
1384081309319	,16.481136
1384081309332	,12.795767
1384081309347	,15.128469
1384081309366	,18.659304
1384081309384	,17.819607
1384081309398	,13.937315
1384081309416	,18.134432
1384081309429	,12.929852
1384081309441	,11.481182
1384081309454	,13.886182
1384081309470	,15.476167
1384081309488	,18.449356
1384081309502	,13.678983
1384081309516	,14.008528
1384081309529	,13.01243
1384081309561	,31.46122
1384081309573	,12.192591
1384081309588	,15.21845
1384081309604	,15.633599
1384081309622	,17.568031
1384081309636	,14.350379
1384081309652	,16.233084
1384081309669	,16.10163
1384081309683	,14.727281
1384081309702	,18.761711
1384081309719	,16.771486
1384081309734	,14.780936
1384081309754	,19.949955
1384081309768	,14.222268
1384081309788	,20.234943
1384081309802	,13.642111
1384081309815	,13.213898
1384081309832	,16.256777
1384081309847	,15.384091
1384081309865	,17.99264
1384081309880	,14.443154
1384081309894	,14.07869
1384081309909	,15.33526
1384081309922	,12.825375
1384081309937	,14.653081
1384081309956	,18.868015
1384081309972	,15.844232
1384081309990	,18.743237
1384081310003	,12.7389555
1384081310018	,14.237114
1384081310032	,14.651948
1384081310052	,19.66907
1384081310072	,19.62183
1384081310088	,16.1622
1384081310103	,15.118888
1384081310115	,11.872108
1384081310131	,16.00649
1384081310148	,17.319582
1384081310168	,19.960812
1384081310194	,25.373104
1384081310208	,14.381259
1384081310222	,13.965265
1384081310237	,14.310226
1384081310257	,20.11687
1384081310272	,15.376793
1384081310287	,14.155133
1384081310305	,17.964256
1384081310316	,11.471965
1384081310334	,17.412176
1384081310351	,17.43243
1384081310367	,16.246998
1384081310380	,12.970755
1384081310399	,18.768108
1384081310414	,14.852188
1384081310430	,15.997352
1384081310445	,14.928136
1384081310464	,19.066938
1384081310481	,16.952168
1384081310511	,29.640392
1384081310524	,13.385025
1384081310542	,17.326
1384081310558	,15.662706
1384081310578	,20.430748
1384081310593	,14.481098
1384081310607	,14.379616
1384081310619	,11.942027
1384081310639	,19.712015
1384081310654	,15.04213
1384081310668	,13.982827
1384081310684	,16.167442
1384081310702	,17.539095
1384081310715	,13.36025
1384081310729	,13.692909
1384081310745	,16.367863
1384081310762	,17.106289
1384081310782	,19.9411
1384081310797	,14.015449
1384081310817	,20.460257
1384081310837	,20.21458
1384081310853	,15.743337
1384081310873	,19.992891
1384081310890	,17.100687
1384081310904	,14.0267935
1384081310921	,16.750784
1384081310939	,17.828243
1384081310954	,15.157188
1384081310969	,14.163312
1384081310985	,16.042315
1384081310999	,14.229961
1384081311013	,14.018114
1384081311027	,13.868329
1384081311039	,11.961226
1384081311055	,15.995486
1384081311073	,17.86954
1384081311086	,12.983383
1384081311099	,12.975127
1384081311121	,22.11448
1384081311133	,11.742637
1384081311148	,14.428263
1384081311167	,19.42426
1384081311187	,19.903767
1384081311205	,18.077467
1384081311221	,15.933587
1384081311239	,17.861752
1384081311255	,16.280565
1384081311272	,16.254183
1384081311289	,17.101423
1384081311302	,12.782679
1384081311315	,13.587954
1384081311330	,15.106111
1384081311347	,16.958885
1384081311362	,14.468245
1384081311375	,12.973655
1384081311390	,15.124287
1384081311408	,17.594194
1384081311425	,17.298744
1384081311451	,25.747528
1384081311465	,14.210316
1384081311481	,15.847226
1384081311494	,12.746683
1384081311509	,14.93164
1384081311526	,16.517708
1384081311543	,16.898643
1384081311556	,13.859102
1384081311577	,20.306057
1384081311594	,17.168533
1384081311613	,19.137665
1384081311627	,13.270806
1384081311641	,14.023682
1384081311656	,15.608489
1384081311674	,17.566416
1384081311688	,14.096423
1384081311705	,16.86648
1384081311721	,15.697123
1384081311739	,18.477167
1384081311762	,22.28636
1384081311777	,15.112194
1384081311798	,21.186516
1384081311820	,22.191372
1384081311833	,12.269747
1384081311851	,18.097816
1384081311868	,17.527267
1384081311886	,18.039879
1384081311904	,17.535446
1384081311919	,14.381107
1384081311936	,17.017094
1384081311954	,18.31148
1384081311971	,17.0875
1384081311984	,12.793789
1384081312002	,18.0012
1384081312029	,26.80312
1384081312045	,16.314901
1384081312067	,21.529144
1384081312079	,12.199993
1384081312094	,15.006283
1384081312111	,16.478062
1384081312128	,16.963163
1384081312141	,13.507846
1384081312155	,13.4172325
1384081312168	,13.329853
1384081312184	,16.039402
1384081312204	,19.306452
1384081312224	,20.121164
1384081312239	,14.840798
1384081312256	,17.546413
1384081312276	,19.86266
1384081312292	,15.947287
1384081312309	,16.781996
1384081312324	,15.045866
1384081312340	,15.705425
1384081312357	,16.752771
1384081312380	,23.292267
1384081312395	,14.937615
1384081312411	,15.8733425
1384081312429	,17.830637
1384081312443	,14.385718
1384081312459	,15.680844
1384081312475	,16.117899
1384081312488	,12.594702
1384081312501	,13.373354
1384081312518	,16.126999
1384081312533	,14.922374
1384081312551	,18.27133
1384081312564	,13.128119
1384081312580	,16.256071
1384081312598	,17.365984
1384081312612	,13.7772875
1384081312624	,12.078212
1384081312639	,15.566176
1384081312652	,12.994065
1384081312668	,15.800659
1384081312683	,14.896578
1384081312698	,14.710661
1384081312713	,14.983196
1384081312733	,19.515316
1384081312749	,15.9526825
1384081312766	,16.866652
1384081312779	,13.619536
1384081312798	,18.161724
1384081312817	,19.118156
1384081312834	,16.81616
1384081312850	,16.664906
1384081312865	,14.91819
1384081312881	,15.560218
1384081312897	,16.521353
1384081312910	,12.046302
1384081312927	,17.605743
1384081312944	,16.773664
1384081312958	,13.701782
1384081312976	,18.58784
1384081313005	,28.318924
1384081313021	,16.473063
1384081313040	,18.351053
1384081313051	,10.873559
1384081313066	,15.506133
1384081313080	,14.073527
1384081313096	,15.938135
1384081313112	,15.250444
1384081313127	,15.689705
1384081313141	,13.450699
1384081313154	,12.938172
1384081313170	,16.198446
1384081313188	,17.7941
1384081313203	,14.408276
1384081313225	,22.10337
1384081313241	,16.597721
1384081313261	,19.545317
1384081313280	,18.953407
1384081313295	,13.726112
1384081313318	,23.272736
1384081313335	,16.914885
1384081313353	,17.892828
1384081313372	,18.898901
1384081313389	,16.75146
1384081313405	,15.8179245
1384081313426	,21.651321
1384081313440	,13.823942
1384081313452	,11.308915
1384081313472	,19.81262
1384081313486	,14.613804
1384081313501	,14.765114
1384081313517	,15.994923
1384081313534	,16.361347
1384081313546	,12.753892
1384081313560	,14.024209
1384081313576	,15.185045
1384081313594	,18.437912
1384081313607	,12.779951
1384081313634	,26.822117
1384081313645	,10.753887
1384081313658	,13.08453
1384081313675	,17.361704
1384081313691	,15.942993
1384081313703	,11.505903
1384081313719	,16.290056
1384081313735	,15.745421
1384081313748	,13.036053
1384081313763	,15.288502
1384081313781	,17.886982
1384081313798	,16.775696
1384081313814	,15.452224
1384081313833	,19.492477
1384081313846	,13.086818
1384081313859	,12.044639
1384081313878	,19.830679
1384081313891	,12.726739
1384081313904	,13.020394
1384081313917	,12.5823965
1384081313932	,15.525212
1384081313946	,13.797102
1384081313963	,16.851955
1384081313974	,11.143675
1384081313989	,14.230209
1384081314003	,13.966872
1384081314017	,13.930916
1384081314037	,20.162428
1384081314051	,13.684234
1384081314070	,19.6154
1384081314085	,14.760421
1384081314098	,12.516005
1384081314116	,17.725212
1384081314131	,15.401423
1384081314146	,14.836958
1384081314160	,13.508951
1384081314180	,20.32752
1384081314192	,12.033407
1384081314209	,16.8225
1384081314223	,14.02172
1384081314252	,29.398031
1384081314265	,12.653573
1384081314288	,22.995989
1384081314302	,13.416502
1384081314315	,13.270139
1384081314329	,14.448014
1384081314347	,17.654707
1384081314362	,14.475289
1384081314379	,16.886028
1384081314395	,16.341923
1384081314409	,13.616822
1384081314425	,16.111917
1384081314444	,19.183287
1384081314462	,17.427355
1384081314476	,14.102678
1384081314490	,14.161404
1384081314506	,15.719551
1384081314517	,11.569787
1384081314532	,14.72913
1384081314547	,14.254817
1384081314569	,22.650738
1384081314586	,16.885584
1384081314602	,15.63943
1384081314614	,12.173502
1384081314629	,14.588088
1384081314644	,15.528116
1384081314662	,17.2892
1384081314676	,13.8482685
1384081314693	,16.921253
1384081314708	,15.053619
1384081314720	,12.512668
1384081314734	,13.181584
1384081314746	,12.745288
1384081314761	,14.150288
1384081314779	,18.886547
1384081314794	,14.556342
1384081314808	,14.3784075
1384081314825	,16.442682
1384081314843	,18.345325
1384081314872	,28.20544
1384081314884	,12.453366
1384081314895	,10.84075
1384081314913	,18.251148
1384081314927	,13.138937
1384081314940	,13.280136
1384081314955	,14.50975
1384081314972	,16.95819
1384081314984	,12.195727
1384081314998	,14.321182
1384081315014	,15.83088
1384081315033	,18.518703
1384081315047	,14.006772
1384081315062	,14.782846
1384081315084	,22.7498
1384081315104	,19.410456
1384081315118	,14.337022
1384081315132	,13.615372
1384081315147	,15.058424
1384081315164	,17.129965
1384081315182	,17.295652
1384081315194	,12.304255
1384081315208	,13.7435665
1384081315227	,19.66475
1384081315245	,17.378798
1384081315265	,19.64312
1384081315288	,22.931725
1384081315301	,13.385447
1384081315314	,12.75914
1384081315332	,17.722332
1384081315348	,16.747646
1384081315365	,16.468924
1384081315380	,15.439923
1384081315394	,13.751654
1384081315406	,12.051377
1384081315426	,19.561556
1384081315445	,19.37188
1384081315469	,23.15688
1384081315497	,28.545633
1384081315511	,14.238508
1384081315526	,14.862782
1384081315546	,19.84584
1384081315566	,19.18358
1384081315584	,18.219156
1384081315598	,13.78891
1384081315614	,16.100273
1384081315636	,21.94522
1384081315650	,13.909334
1384081315663	,13.50554
1384081315680	,16.193716
1384081315701	,21.220177
1384081315714	,13.117284
1384081315728	,13.510137
1384081315746	,17.978813
1384081315762	,16.48795
1384081315781	,19.060144
1384081315798	,16.992607
1384081315826	,27.845951
1384081315839	,12.548286
1384081315856	,17.002691
1384081315873	,16.641064
1384081315886	,13.143258
1384081315905	,18.786001
1384081315918	,12.784662
1384081315933	,15.25176
1384081315948	,15.43109
1384081315963	,14.519649
1384081315980	,16.832468
1384081315992	,12.494004
1384081316006	,14.02405
1384081316020	,13.08024
1384081316035	,15.09
1384081316051	,15.933718
1384081316067	,16.405664
1384081316081	,13.377491
1384081316102	,20.982292
1384081316118	,16.340517
1384081316132	,14.21626
1384081316144	,11.978789
1384081316161	,16.355389
1384081316172	,11.300928
1384081316186	,13.949639
1384081316199	,12.397059
1384081316215	,16.717558
1384081316233	,17.16695
1384081316251	,18.226149
1384081316268	,17.254868
1384081316282	,13.71424
1384081316302	,19.415472
1384081316322	,20.011675
1384081316333	,11.485966
1384081316351	,17.519243
1384081316369	,18.351372
1384081316387	,18.248217
1384081316402	,14.623583
1384081316417	,14.681685
1384081316437	,19.859402
1384081316452	,15.012226
1384081316465	,13.041323
1384081316480	,14.542199
1384081316495	,15.688859
1384081316514	,18.573824
1384081316535	,20.66348
1384081316548	,13.813845
1384081316567	,17.96042
1384081316582	,15.821247
1384081316599	,16.825336
1384081316616	,16.448227
1384081316627	,11.097576
1384081316643	,15.988471
1384081316664	,20.812435
1384081316678	,13.899711
1384081316693	,15.39278
1384081316713	,19.869768
1384081316725	,12.045968
1384081316746	,20.344713
1384081316757	,11.197518
1384081316773	,16.15406
1384081316787	,13.846618
1384081316803	,15.478896
1384081316819	,15.94953
1384081316834	,15.410098
1384081316847	,12.641238
1384081316867	,20.510427
1384081316879	,11.325686
1384081316897	,18.043758
1384081316917	,20.274847
1384081316933	,15.402064
1384081316949	,16.458952
1384081316969	,19.31927
1384081316988	,19.127684
1384081317001	,13.303786
1384081317016	,14.884452
1384081317033	,17.158909
1384081317060	,26.761423
1384081317077	,17.002153
1384081317091	,13.273547
1384081317108	,17.011003
1384081317123	,15.26156
1384081317138	,15.104976
1384081317156	,17.764595
1384081317169	,13.090707
1384081317184	,15.332764
1384081317202	,17.322622
1384081317216	,14.356402
1384081317229	,12.762723
1384081317248	,18.332098
1384081317265	,17.44516
1384081317278	,12.789629
1384081317295	,16.625778
1384081317307	,12.839639
1384081317329	,21.938604
1384081317345	,15.216274
1384081317363	,18.407812
1384081317374	,11.159179
1384081317393	,18.107721
1384081317409	,16.890429
1384081317424	,14.827688
1384081317440	,15.354823
1384081317456	,16.116098
1384081317469	,12.728578
1384081317486	,17.305565
1384081317501	,14.769487
1384081317520	,18.6884
1384081317541	,21.368698
1384081317557	,15.35167
1384081317570	,12.952047
1384081317588	,17.928848
1384081317599	,11.866909
1384081317613	,13.282191
1384081317624	,11.152351
1384081317641	,17.425476
1384081317657	,15.831717
1384081317678	,20.197115
1384081317695	,16.915535
1384081317707	,12.635313
1384081317728	,21.155535
1384081317753	,24.196861
1384081317769	,15.760212
1384081317782	,13.417563
1384081317797	,14.928289
1384081317816	,18.942274
1384081317827	,11.304743
1384081317843	,15.723198
1384081317862	,18.784351
1384081317882	,20.352804
1384081317906	,23.012589
1384081317923	,17.21087
1384081317942	,19.147917
1384081317960	,17.444962
1384081317972	,12.864762
1384081317991	,18.106087
1384081318005	,14.231365
1384081318020	,15.239578
1384081318031	,11.102295
1384081318045	,13.365339
1384081318056	,11.122508
1384081318070	,14.29437
1384081318083	,12.724369
1384081318107	,23.396967
1384081318119	,12.778975
1384081318143	,23.137157
1384081318164	,21.47313
1384081318179	,14.905901
1384081318195	,15.954472
1384081318216	,20.407095
1384081318232	,15.969778
1384081318249	,17.453537
1384081318262	,13.116564
1384081318277	,14.345511
1384081318295	,18.577877
1384081318310	,15.089239
1384081318323	,12.328212
1384081318340	,16.928091
1384081318359	,18.800957
1384081318372	,13.68932
1384081318387	,14.833606
1384081318405	,17.701548
1384081318419	,14.013553
1384081318437	,17.983768
1384081318453	,15.59989
1384081318475	,21.8064
1384081318487	,12.211331
1384081318506	,18.864101
1384081318526	,20.327393
1384081318543	,16.370964
1384081318562	,18.780909
1384081318574	,12.513702
1384081318590	,16.14241
1384081318613	,22.914246
1384081318629	,15.8285055
1384081318645	,15.959319
1384081318661	,15.934703
1384081318678	,16.418634
1384081318693	,15.25572
1384081318711	,17.965092
1384081318731	,19.71786
1384081318746	,14.994903
1384081318762	,16.227362
1384081318779	,17.230358
1384081318793	,13.120344
1384081318810	,17.379818
1384081318824	,14.349735
1384081318838	,13.829103
1384081318850	,11.717424
1384081318866	,15.769773
1384081318883	,17.432816
1384081318897	,13.612287
1384081318914	,17.382504
1384081318928	,13.250252
1384081318943	,14.788278
1384081318955	,12.249668
1384081318968	,13.053648
1384081318980	,12.245263
1384081318997	,16.954437
1384081319018	,20.625
1384081319031	,12.387448
1384081319044	,13.395994
1384081319057	,13.158856
1384081319074	,16.91465
1384081319090	,16.093603
1384081319104	,13.427775
1384081319118	,14.046298
1384081319137	,19.51642
1384081319151	,13.148069
1384081319166	,15.415998
1384081319177	,11.022331
1384081319195	,18.187496
1384081319208	,12.687901
1384081319222	,13.905051
1384081319236	,13.64591
1384081319249	,13.490161
1384081319263	,13.860711
1384081319281	,17.896952
1384081319299	,17.254759
1384081319316	,16.907017
1384081319327	,10.912799
1384081319342	,15.171426
1384081319359	,16.738096
1384081319373	,14.008164
1384081319385	,12.302957
1384081319401	,15.721459
1384081319417	,15.76592
1384081319434	,17.714102
1384081319452	,17.711132
1384081319469	,17.132961
1384081319487	,17.601068
1384081319508	,20.432451
1384081319522	,14.551955
1384081319538	,16.103804
1384081319552	,13.223195
1384081319569	,16.8745
1384081319580	,11.016981
1384081319594	,14.226912
1384081319605	,11.353575
1384081319620	,14.703291
1384081319632	,12.168941
1384081319651	,18.695436
1384081319668	,16.845287
1384081319688	,19.998756
1384081319705	,16.431358
1384081319719	,14.281637
1384081319735	,15.648618
1384081319751	,15.979038
1384081319763	,12.512561
1384081319778	,14.703439
1384081319792	,14.3320465
1384081319809	,16.941904
1384081319823	,13.319342
1384081319841	,18.37991
1384081319854	,12.567253
1384081319866	,12.3731365
1384081319879	,12.540544
1384081319891	,12.072659
1384081319905	,14.030011
1384081319919	,13.71467
1384081319931	,12.45093
1384081319945	,13.357694
1384081319957	,11.658408
1384081319969	,12.617495
1384081319985	,15.6322775
1384081319998	,12.592506
1384081320012	,14.801407
1384081320026	,13.739857
1384081320043	,16.716091
1384081320062	,18.721447
1384081320077	,15.410253
1384081320096	,18.491343
1384081320111	,15.084496
1384081320125	,14.211123
1384081320138	,12.921318
1384081320158	,19.770828
1384081320169	,11.390231
1384081320186	,16.153486
1384081320200	,13.97731
1384081320215	,15.047574
1384081320230	,15.016877
1384081320247	,17.173304
1384081320263	,15.853215
1384081320277	,14.212104
1384081320288	,10.654804
1384081320303	,15.185358
1384081320324	,21.055986
1384081320342	,18.037485
1384081320360	,17.45552
1384081320374	,14.352913
1384081320389	,14.939053
1384081320404	,14.152068
1384081320419	,15.597685
1384081320435	,15.284226
1384081320450	,15.076299
1384081320471	,20.900904
1384081320481	,10.3313465
1384081320496	,14.415295
1384081320515	,18.938581
1384081320531	,15.933795
1384081320542	,11.588078
1384081320556	,13.641379
1384081320567	,11.248403
1384081320582	,14.481686
1384081320594	,12.346011
1384081320612	,17.45505
1384081320626	,14.492637
1384081320639	,13.162624
1384081320653	,13.05188
1384081320670	,17.30673
1384081320687	,16.728682
1384081320704	,17.275576
1384081320720	,15.601585
1384081320733	,13.615406
1384081320747	,13.459882
1384081320767	,19.83183
1384081320787	,19.949411
1384081320801	,14.269986
1384081320816	,14.679753
1384081320829	,13.210058
1384081320840	,10.896823
1384081320857	,16.390413
1384081320871	,13.912377
1384081320888	,17.899586
1384081320904	,15.416741
1384081320921	,16.962019
1384081320938	,16.510088
1384081320951	,13.010249
1384081320964	,13.049863
1384081320981	,16.850914
1384081320993	,12.166722
1384081321007	,13.951647
1384081321018	,10.803599
1384081321033	,15.056843
1384081321048	,15.102497
1384081321067	,18.878958
1384081321087	,20.453045
1384081321105	,17.75868
1384081321117	,11.73979
1384081321131	,14.278319
1384081321148	,16.366247
1384081321164	,16.498554
1384081321179	,14.470144
1384081321194	,15.33465
1384081321210	,15.180401
1384081321226	,16.220415
1384081321238	,11.786424
1384081321252	,13.748749
1384081321265	,13.737189
1384081321283	,17.79066
1384081321302	,19.131493
1384081321320	,17.822847
1384081321334	,13.790366
1384081321348	,13.928027
1384081321361	,13.099828
1384081321380	,19.186287
1384081321393	,12.022388
1384081321413	,20.206059
1384081321423	,10.093989
1384081321438	,15.423094
1384081321452	,13.789975
1384081321465	,12.161491
1384081321480	,15.709057
1384081321498	,17.537663
1384081321514	,15.63762
1384081321533	,19.841908
1384081321554	,20.34634
1384081321571	,17.55414
1384081321583	,11.866641
1384081321600	,16.834087
1384081321612	,11.365457
1384081321627	,15.614756
1384081321641	,13.105494
1384081321657	,16.515064
1384081321670	,13.105558
1384081321690	,19.32244
1384081321704	,14.673386
1384081321719	,14.913288
1384081321731	,11.513959
1384081321745	,14.156908
1384081321762	,16.412533
1384081321780	,17.910688
1384081321796	,16.709484
1384081321812	,15.582986
1384081321824	,11.900374
1384081321839	,14.49
1384081321850	,10.971514
1384081321864	,14.1856165
1384081321879	,15.382455
1384081321896	,16.489212
1384081321909	,13.404587
1384081321923	,13.370516
1384081321934	,11.3442745
1384081321948	,13.596055
1384081321959	,10.865398
1384081321975	,16.52314
1384081321991	,16.152391
1384081322010	,18.017084
1384081322031	,21.33916
1384081322046	,14.881017
1384081322061	,14.980475
1384081322077	,15.6113615
1384081322090	,13.610173
1384081322103	,12.430731
1384081322115	,12.507864
1384081322137	,21.152508
1384081322155	,18.17454
1384081322172	,17.254381
1384081322183	,11.2562895
1384081322199	,15.762732
1384081322210	,10.908376
1384081322224	,13.421197
1384081322236	,12.197298
1384081322249	,12.988988
1384081322265	,15.895047
1384081322285	,20.223873
1384081322303	,17.532816
1384081322314	,11.575543
1384081322336	,21.951492
1384081322351	,14.072736
1384081322363	,12.083414
1384081322375	,12.326576
1384081322390	,14.765297
1384081322405	,14.591049
1384081322420	,15.071289
1384081322436	,16.634733
1384081322450	,14.032872
1384081322465	,14.346044
1384081322480	,15.254874
1384081322496	,16.025015
1384081322507	,10.410703
1384081322522	,14.923221
1384081322535	,12.810993
1384081322553	,18.156689
1384081322563	,10.293326
1384081322575	,12.223782
1384081322590	,14.862673
1384081322604	,13.950508
1384081322618	,13.238417
1384081322632	,14.074024
1384081322651	,19.403145
1384081322664	,12.247274
1384081322674	,10.408428
1384081322691	,16.521194
1384081322703	,11.969401
1384081322715	,12.551334
1384081322730	,15.038392
1384081322748	,17.326723
1384081322759	,10.947814
1384081322773	,14.582474
1384081322787	,13.366118
1384081322802	,15.366883
1384081322820	,17.431501
1384081322838	,18.318829
1384081322855	,16.679102
1384081322870	,15.668386
1384081322883	,12.530948
1384081322900	,16.699966
1384081322916	,16.617113
1384081322933	,16.422628
1384081322949	,15.971512
1384081322964	,15.293465
1384081322976	,11.743731
1384081322988	,12.239169
1384081323002	,13.195062
1384081323016	,14.57824
1384081323030	,13.98541
1384081323048	,17.373749
1384081323062	,14.001056
1384081323076	,14.58185
1384081323093	,16.709827
1384081323109	,15.290318
1384081323126	,17.248665
1384081323145	,18.669588
1384081323158	,13.015711
1384081323171	,13.719182
1384081323182	,10.453383
1384081323197	,14.577794
1384081323222	,25.753267
1384081323239	,16.915684
1384081323254	,14.815161
1384081323275	,20.372068
1384081323286	,11.280713
1384081323301	,14.530217
1384081323312	,10.869797
1384081323331	,19.449732
1384081323346	,15.307236
1384081323363	,16.555243
1384081323375	,11.55925
1384081323394	,19.372744
1384081323408	,14.341692
1384081323420	,11.664016
1384081323435	,14.953183
1384081323452	,16.583189
1384081323468	,15.673261
1384081323483	,15.400429
1384081323499	,15.96136
1384081323516	,16.68778
1384081323530	,13.719989
1384081323543	,13.420531
1384081323559	,15.6694355
1384081323578	,18.89758
1384081323588	,10.341454
1384081323603	,14.880779
1384081323620	,16.698715
1384081323637	,17.348991
1384081323651	,14.166781
1384081323667	,15.761208
1384081323684	,16.452448
1384081323697	,13.261476
1384081323713	,15.567643
1384081323730	,17.657124
1384081323746	,15.350651
1384081323760	,13.923458
1384081323773	,13.010244
1384081323790	,17.51252
1384081323804	,13.031697
1384081323821	,17.557182
1384081323839	,17.842417
1384081323854	,14.637639
1384081323870	,16.24368
1384081323890	,19.877647
1384081323904	,14.260336
1384081323918	,13.151692
1384081323933	,15.299519
1384081323952	,18.692158
1384081323965	,13.29201
1384081323984	,19.390224
1384081323995	,10.569269
1384081324010	,15.142555
1384081324025	,14.439633
1384081324044	,18.755552
1384081324057	,13.023332
1384081324069	,12.434635
1384081324084	,15.229559
1384081324104	,19.674503
1384081324119	,14.564756
1384081324137	,17.87213
1384081324153	,16.308897
1384081324174	,20.903389
1384081324188	,14.160934
1384081324208	,19.216743
1384081324223	,15.246069
1384081324239	,16.422792
1384081324251	,11.342783
1384081324268	,17.612587
1384081324283	,14.813264
1384081324298	,14.217416
1384081324317	,19.413733
1384081324338	,21.24543
1384081324363	,24.053148
1384081324383	,20.46523
1384081324395	,11.414973
1384081324410	,15.604111
1384081324426	,15.800443
1384081324443	,16.894217
1384081324453	,10.203502
1384081324467	,13.650052
1384081324482	,15.177444
1384081324500	,17.9747
1384081324523	,22.418968
1384081324539	,16.208525
1384081324552	,12.629388
1384081324565	,13.640379
1384081324586	,20.447653
1384081324600	,13.7981825
1384081324618	,18.643816
1384081324643	,24.587708
1384081324658	,14.856983
1384081324672	,14.294401
1384081324689	,16.405817
1384081324706	,17.33533
1384081324718	,12.098298
1384081324734	,15.474129
1384081324747	,12.655304
1384081324763	,16.585077
1384081324779	,15.396621
1384081324796	,17.306091
1384081324813	,16.458126
1384081324826	,13.615127
1384081324840	,13.831639
1384081324859	,18.659678
1384081324873	,14.418225
1384081324888	,14.712517
1384081324902	,13.708286
1384081324918	,16.452133
1384081324933	,14.268565
1384081324950	,16.78808
1384081324966	,16.389435
1384081324984	,17.575216
1384081324998	,14.485817
1384081325017	,18.873013
1384081325029	,11.705227
1384081325046	,17.0435
1384081325060	,14.218875
1384081325076	,15.8508005
1384081325090	,14.05824
1384081325106	,15.148347
1384081325123	,17.231413
1384081325140	,17.607195
1384081325152	,11.754923
1384081325167	,14.991772
1384081325183	,15.788839
1384081325199	,15.745216
1384081325210	,11.229551
1384081325228	,18.091578
1384081325246	,17.643719
1384081325262	,15.418026
1384081325273	,11.212621
1384081325290	,16.986488
1384081325305	,15.434345
1384081325326	,20.739138
1384081325347	,20.332346
1384081325364	,17.28021
1384081325375	,11.233209
1384081325390	,15.012068
1384081325405	,15.117864
1384081325423	,17.197279
1384081325437	,14.503394
1384081325476	,38.913643
1384081325488	,11.445564
1384081325503	,14.775781
1384081325519	,16.215168
1384081325534	,15.251044
1384081325546	,11.987083
1384081325563	,16.934282
1384081325578	,15.09101
1384081325595	,16.229185
1384081325607	,12.631371
1384081325628	,20.120695
1384081325647	,19.04534
1384081325664	,16.945007
1384081325681	,17.002468
1384081325698	,16.992105
1384081325712	,14.526512
1384081325726	,14.138369
1384081325739	,12.851351
1384081325752	,12.817934
1384081325766	,13.651325
1384081325779	,12.819132
1384081325792	,13.190378
1384081325811	,18.481539
1384081325824	,12.932971
1384081325841	,17.179985
1384081325856	,14.806698
1384081325871	,14.884047
1384081325883	,12.195432
1384081325897	,14.04801
1384081325911	,14.347387
1384081325930	,18.83888
1384081325942	,11.837953
1384081325957	,15.085984
1384081325974	,16.550922
1384081325989	,14.707923
1384081326004	,14.9588785
1384081326022	,18.172356
1384081326039	,17.383135
1384081326054	,14.02716
1384081326069	,15.13591
1384081326090	,20.927303
1384081326105	,15.309869
1384081326122	,16.290585
1384081326135	,13.482409
1384081326151	,16.031948
1384081326165	,13.925331
1384081326185	,19.71087
1384081326197	,12.418748
1384081326217	,19.404854
1384081326237	,19.584957
1384081326253	,16.713676
1384081326269	,15.50255
1384081326291	,22.202087
1384081326304	,12.4117985
1384081326319	,15.514585
1384081326335	,15.913213
1384081326356	,21.325768
1384081326373	,16.310705
1384081326391	,18.447145
1384081326403	,11.744571
1384081326420	,16.918425
1384081326431	,10.553147
1384081326446	,15.625395
1384081326459	,12.683767
1384081326475	,16.190409
1384081326497	,21.578754
1384081326513	,15.682041
1384081326527	,14.137897
1384081326544	,16.984825
1384081326557	,12.73216
1384081326574	,16.764547
1384081326600	,25.828249
1384081326625	,25.002068
1384081326640	,15.068138
1384081326661	,20.98405
1384081326676	,15.665398
1384081326700	,23.04299
1384081326711	,10.889252
1384081326723	,12.375566
1384081326735	,12.209441
1384081326752	,16.381123
1384081326765	,13.531414
1384081326782	,16.416847
1384081326798	,16.35526
1384081326818	,19.611235
1384081326832	,13.706746
1384081326847	,14.783421
1384081326864	,17.077225
1384081326878	,14.767526
1384081326895	,16.8027
1384081326913	,17.784327
1384081326924	,10.888149
1384081326939	,15.043083
1384081326951	,11.8517685
1384081326969	,17.42472
1384081326985	,16.61309
1384081327005	,19.695854
1384081327034	,28.48764
1384081327048	,14.17194
1384081327068	,19.794336
1384081327080	,12.606461
1384081327096	,15.831249
1384081327116	,20.174656
1384081327130	,13.2097225
1384081327144	,14.38869
1384081327161	,16.956648
1384081327177	,16.041002
1384081327189	,11.178997
1384081327205	,15.997355
1384081327219	,14.544131
1384081327238	,19.016352
1384081327250	,11.782516
1384081327264	,13.929842
1384081327282	,17.60999
1384081327299	,17.498636
1384081327318	,18.593683
1384081327336	,18.41977
1384081327352	,15.726197
1384081327368	,16.085516
1384081327379	,10.343319
1384081327394	,15.168101
1384081327407	,12.967955
1384081327422	,15.109183
1384081327443	,20.891685
1384081327458	,14.783661
1384081327475	,16.936832
1384081327490	,15.133018
1384081327503	,13.206859
1384081327519	,15.251174
1384081327533	,13.961728
1384081327551	,18.358156
1384081327563	,11.738123
1384081327577	,14.152392
1384081327594	,16.356052
1384081327608	,14.47449
1384081327623	,15.175774
1384081327649	,25.58884
1384081327661	,11.641412
1384081327676	,15.075253
1384081327694	,18.32064
1384081327717	,23.048841
1384081327734	,16.312258
1384081327753	,19.053389
1384081327763	,10.651785
1384081327780	,16.609962
1384081327796	,16.169613
1384081327812	,15.941518
1384081327827	,14.673315
1384081327844	,16.783123
1384081327863	,18.962996
1384081327876	,12.853547
1384081327889	,13.005213
1384081327911	,21.936062
1384081327925	,13.640481
1384081327943	,18.51916
1384081327958	,14.56263
1384081327974	,16.399971
1384081327989	,14.645083
1384081328005	,15.557769
1384081328016	,11.325001
1384081328033	,16.99653
1384081328053	,20.345848
1384081328072	,17.997414
1384081328083	,11.850445
1384081328098	,14.4448
1384081328113	,15.268597
1384081328131	,17.659986
1384081328146	,15.39923
1384081328161	,14.971219
1384081328177	,15.826048
1384081328192	,14.837612
1384081328209	,17.1301
1384081328220	,10.817279
1384081328234	,13.721467
1384081328248	,13.942082
1384081328265	,17.090948
1384081328279	,13.701978
1384081328290	,11.040722
1384081328304	,13.423781
1384081328316	,12.071301
1384081328329	,13.534577
1384081328345	,16.086391
1384081328364	,18.230137
1384081328381	,16.807623
1384081328395	,14.62114
1384081328412	,16.454876
1384081328425	,13.63735
1384081328440	,13.981959
1384081328455	,15.844879
1384081328473	,17.99888
1384081328484	,10.4855995
1384081328498	,13.711889
1384081328511	,12.785625
1384081328525	,14.787443
1384081328544	,18.42972
1384081328555	,11.308982
1384081328569	,14.022546
1384081328582	,13.007129
1384081328594	,11.843983
1384081328608	,13.086944
1384081328621	,13.378905
1384081328637	,15.985032
1384081328655	,17.547422
1384081328669	,14.235636
1384081328686	,16.627922
1384081328698	,11.881054
1384081328710	,12.604484
1384081328725	,15.210386
1384081328743	,17.189749
1384081328760	,17.604425
1384081328770	,9.756986
1384081328785	,15.107433
1384081328799	,14.119188
1384081328815	,15.629823
1384081328833	,17.814596
1384081328846	,12.468009
1384081328859	,13.330347
1384081328874	,14.537485
1384081328886	,12.316504
1384081328902	,16.28289
1384081328916	,14.034693
1384081328932	,15.7603655
1384081328950	,17.972815
1384081328969	,18.915169
1384081328988	,18.964703
1384081329004	,15.67192
1384081329023	,18.506445
1384081329038	,15.829878
1384081329051	,12.525428
1384081329067	,15.622891
1384081329083	,16.268064
1384081329099	,16.27387
1384081329116	,16.233505
1384081329133	,17.483027
1384081329148	,14.722305
1384081329162	,14.000681
1384081329176	,13.811469
1384081329188	,12.136907
1384081329200	,11.8341055
1384081329216	,15.65984
1384081329229	,13.211725
1384081329243	,13.932222
1384081329254	,10.562212
1384081329269	,15.685268
1384081329284	,14.590963
1384081329301	,17.20904
1384081329313	,12.072587
1384081329326	,12.848652
1384081329338	,11.654456
1384081329352	,14.362247
1384081329367	,14.704657
1384081329384	,16.445833
1384081329398	,14.566809
1384081329412	,13.607789
1384081329428	,15.717805
1384081329447	,18.812572
1384081329458	,11.68541
1384081329472	,13.4265375
1384081329484	,12.582763
1384081329498	,13.87137
1384081329514	,15.948099
1384081329526	,11.644158
1384081329540	,13.742384
1384081329555	,14.661809
1384081329569	,13.995592
1384081329585	,16.451036
1384081329600	,14.329825
1384081329611	,11.761076
1384081329622	,10.656296
1384081329638	,15.944245
1384081329648	,10.04542
1384081329663	,14.886883
1384081329679	,16.083284
1384081329695	,16.126318
1384081329709	,13.627185
1384081329725	,15.479933
1384081329741	,16.394997
1384081329763	,21.375502
1384081329778	,15.75188
1384081329794	,15.419413
1384081329804	,10.167562
1384081329821	,16.8875
1384081329835	,14.047391
1384081329850	,14.89929
1384081329864	,13.739909
1384081329876	,12.264288
1384081329890	,13.557157
1384081329912	,22.231821
1384081329928	,16.127731
1384081329942	,13.833588
1384081329957	,14.465825
1384081329971	,13.958321
1384081329986	,14.992677
1384081330001	,15.559033
1384081330018	,17.025969
1384081330030	,11.960258
1384081330044	,13.020127
1384081330058	,13.97764
1384081330072	,14.031507
1384081330090	,18.019808
1384081330099	,9.176546
1384081330112	,12.849641
1384081330130	,17.939116
1384081330143	,12.810297
1384081330153	,10.636349
1384081330169	,15.985304
1384081330184	,14.785608
1384081330201	,16.488152
1384081330215	,13.798979
1384081330236	,21.565563
1384081330253	,16.930044
1384081330271	,17.458605
1384081330286	,14.988628
1384081330300	,13.962176
1384081330314	,14.399723
1384081330333	,18.655294
1384081330344	,10.73229
1384081330360	,16.598312
1384081330372	,11.56653
1384081330385	,12.857392
1384081330399	,13.863925
1384081330418	,19.017017
1384081330430	,11.634227
1384081330446	,16.292097
1384081330462	,16.349794
1384081330479	,16.713537
1384081330495	,15.687136
1384081330512	,17.311834
1384081330522	,9.836326
1384081330541	,18.734915
1384081330554	,12.431327
1384081330568	,14.056726
1384081330582	,14.048452
1384081330599	,16.860487
1384081330615	,16.256296
1384081330633	,17.50176
1384081330643	,10.5222435
1384081330658	,14.600968
1384081330673	,14.836705
1384081330696	,22.795706
1384081330710	,14.613045
1384081330724	,13.410775
1384081330737	,13.588777
1384081330756	,18.51489
1384081330772	,16.52896
1384081330791	,18.6581
1384081330805	,14.085148
1384081330824	,18.428085
1384081330838	,14.375792
1384081330852	,13.456961
1384081330867	,15.219211
1384081330885	,18.34008
1384081330897	,11.209487
1384081330915	,18.38897
1384081330930	,15.167587
1384081330943	,12.847078
1384081330957	,14.136189
1384081330976	,18.117569
1384081331000	,23.812508
1384081331016	,16.637974
1384081331026	,9.511527
1384081331041	,15.040189
1384081331053	,11.941416
1384081331067	,14.070003
1384081331079	,11.746468
1384081331098	,19.249344
1384081331108	,9.820286
1384081331124	,15.634091
1384081331136	,12.572311
1384081331152	,16.088455
1384081331168	,15.457032
1384081331180	,11.951727
1384081331190	,9.994585
1384081331205	,14.67899
1384081331218	,13.346081
1384081331234	,15.89539
1384081331246	,12.16598
1384081331262	,15.160322
1384081331275	,13.792651
1384081331292	,16.873232
1384081331306	,13.23617
1384081331317	,11.339343
1384081331330	,12.525821
1384081331344	,14.167426
1384081331353	,9.491959
1384081331366	,12.436964
1384081331380	,13.716931
1384081331393	,13.661326
1384081331407	,13.230787
1384081331423	,16.543434
1384081331436	,12.859124
1384081331448	,11.749569
1384081331462	,14.275171
1384081331481	,18.661505
1384081331495	,13.988891
1384081331509	,13.6235075
1384081331522	,13.57562
1384081331539	,16.533558
1384081331555	,16.209496
1384081331568	,12.545052
1384081331585	,17.543493
1384081331601	,15.893329
1384081331619	,17.942753
1384081331636	,16.9535
1384081331653	,16.66022
1384081331668	,14.3539095
1384081331682	,14.016986
1384081331699	,17.687447
1384081331714	,14.609202
1384081331731	,16.769367
1384081331746	,15.263063
1384081331762	,15.3837805
1384081331772	,10.407443
1384081331791	,18.898245
1384081331802	,11.043038
1384081331819	,16.454803
1384081331832	,13.662549
1384081331846	,13.854393
1384081331858	,11.783645
1384081331873	,14.742907
1384081331885	,12.132885
1384081331904	,19.137768
1384081331916	,11.279444
1384081331933	,17.633072
1384081331948	,14.8730755
1384081331966	,18.061554
1384081331976	,9.4966345
1384081331993	,16.872347
1384081332006	,13.182315
1384081332022	,16.153582
1384081332038	,15.35627
1384081332056	,18.612772
1384081332076	,19.36755
1384081332094	,17.982494
1384081332108	,14.471646
1384081332120	,11.446719
1384081332130	,10.003522
1384081332144	,13.578096
1384081332157	,13.394514
1384081332176	,18.601877
1384081332196	,20.380068
1384081332213	,16.917076
1384081332228	,14.738697
1384081332241	,13.245746
1384081332256	,14.921202
1384081332275	,19.087166
1384081332287	,11.910824
1384081332299	,11.182796
1384081332313	,13.999941
1384081332324	,11.559632
1384081332337	,13.126722
1384081332351	,13.688402
1384081332368	,16.439453
1384081332383	,15.315726
1384081332408	,24.599714
1384081332422	,13.763622
1384081332433	,11.183263
1384081332446	,12.953475
1384081332456	,9.933443
1384081332471	,15.0445
1384081332485	,14.227056
1384081332502	,16.486238
1384081332519	,17.557522
1384081332536	,16.61374
1384081332552	,16.09918
1384081332566	,14.116269
1384081332582	,15.580806
1384081332599	,17.359797
1384081332611	,11.112391
1384081332625	,14.609122
1384081332638	,12.912233
1384081332652	,13.585528
1384081332663	,10.916328
1384081332682	,18.877764
1384081332696	,14.435874
1384081332712	,15.788088
1384081332723	,11.16471
1384081332737	,13.309323
1384081332750	,12.819011
1384081332767	,17.615181
1384081332784	,17.11742
1384081332804	,19.295128
1384081332817	,12.946395
1384081332830	,13.206987
1384081332844	,13.539041
1384081332864	,19.78097
1384081332877	,13.578488
1384081332892	,14.463681
1384081332902	,10.611606
1384081332920	,17.682076
1384081332929	,9.233801
1384081332945	,15.15331
1384081332957	,12.562466
1384081332979	,22.199331
1384081332993	,13.900199
1384081333014	,20.646812
1384081333032	,17.69311
1384081333043	,10.861434
1384081333055	,12.638176
1384081333071	,15.439685
1384081333088	,16.579437
1384081333106	,18.393465
1384081333126	,20.252493
1384081333136	,9.074824
1384081333148	,12.736208
1384081333162	,14.089209
1384081333179	,16.825665
1384081333204	,24.186779
1384081333219	,15.4426565
1384081333235	,16.243296
1384081333246	,11.032492
1384081333260	,13.768335
1384081333277	,16.55723
1384081333289	,12.407855
1384081333307	,17.411783
1384081333323	,16.036644
1384081333335	,12.166049
1384081333344	,9.11724
1384081333357	,12.297636
1384081333367	,10.678584
1384081333378	,10.926547
1384081333393	,14.274391
1384081333405	,11.854167
1384081333418	,13.061807
1384081333430	,11.919042
1384081333442	,11.7766695
1384081333453	,11.817877
1384081333465	,11.419029
1384081333487	,22.193974
1384081333498	,10.383515
1384081333513	,15.718731
1384081333531	,16.980873
1384081333545	,14.760638
1384081333558	,12.987844
1384081333574	,15.609607
1384081333585	,10.688024
1384081333598	,12.712052
1384081333610	,11.970651
1384081333623	,13.700178
1384081333633	,9.404335
1384081333651	,18.480724
1384081333665	,13.852982
1384081333681	,15.481187
1384081333695	,14.084484
1384081333709	,14.374217
1384081333726	,16.210045
1384081333745	,19.132252
1384081333759	,13.728076
1384081333776	,16.893415
1384081333792	,16.624407
1384081333803	,11.216146
1384081333821	,17.805668
1384081333833	,11.272635
1384081333847	,13.811481
1384081333865	,18.3099
1384081333879	,13.666428
1384081333896	,17.269266
1384081333908	,12.478392
1384081333922	,13.434471
1384081333937	,14.838561
1384081333949	,12.110149
1384081333959	,10.115992
1384081333975	,15.69596
1384081333989	,13.524782
1384081334004	,15.602022
1384081334015	,10.671425
1384081334027	,11.687891
1384081334040	,13.183439
1384081334056	,16.070627
1384081334070	,14.222223
1384081334087	,16.558538
1384081334106	,19.264395
1384081334121	,14.4155445
1384081334140	,19.48115
1384081334157	,16.560585
1384081334171	,13.735507
1384081334185	,14.478364
1384081334202	,16.657244
1384081334221	,19.17884
1384081334235	,13.804285
1384081334249	,13.857776
1384081334264	,14.53138
1384081334277	,12.927542
1384081334286	,9.532619
1384081334308	,21.836681
1384081334326	,17.470633
1384081334339	,13.554559
1384081334350	,10.914422
1384081334361	,11.121902
1384081334373	,11.571381
1384081334391	,17.844324
1384081334406	,15.505939
1384081334425	,18.767601
1384081334435	,9.743233
1384081334449	,14.216409
1384081334461	,11.2669935
1384081334472	,11.319666
1384081334483	,10.988328
1384081334495	,12.060438
1384081334508	,13.096228
1384081334520	,11.536439
1384081334532	,11.888088
1384081334548	,16.172113
1384081334560	,11.658431
1384081334572	,12.135128
1384081334583	,10.462302
1384081334596	,12.899648
1384081334611	,15.156083
1384081334629	,18.087097
1384081334638	,9.092918
1384081334652	,13.452987
1384081334663	,11.4047785
1384081334677	,14.146617
1384081334688	,10.753291
1384081334703	,15.005811
1384081334718	,14.631835
1384081334730	,11.948043
1384081334746	,16.581507
1384081334760	,13.056744
1384081334770	,10.327096
1384081334785	,15.160207
1384081334797	,12.07341
1384081334811	,13.527113
1384081334822	,11.052399
1384081334838	,16.420847
1384081334853	,14.339339
1384081334870	,17.488333
1384081334889	,18.808477
1384081334904	,14.344892
1384081334915	,10.9481535
1384081334930	,15.701413
1384081334943	,12.426866
1384081334956	,13.142936
1384081334968	,11.757132
1384081334983	,15.0135
1384081334998	,14.626177
1384081335010	,12.554736
1384081335028	,17.283102
1384081335041	,13.633416
1384081335056	,14.405333
1384081335072	,15.786407
1384081335085	,12.84037
1384081335101	,16.556242
1384081335115	,13.751142
1384081335133	,17.945011
1384081335142	,9.316227
1384081335158	,15.923347
1384081335171	,12.952053
1384081335185	,13.47536
1384081335199	,14.520625
1384081335216	,16.389639
1384081335229	,12.806318
1384081335244	,15.377275
1384081335256	,11.656536
1384081335271	,15.509686
1384081335288	,16.152996
1384081335302	,14.1989765
1384081335311	,9.476091
1384081335324	,12.01374
1384081335340	,16.719536
1384081335355	,14.312473
1384081335370	,15.414951
1384081335385	,15.175013
1384081335395	,9.663077
1384081335408	,12.661421
1384081335423	,14.903824
1384081335443	,19.900385
1384081335457	,14.351681
1384081335476	,19.096249
1384081335493	,16.397871
1384081335513	,19.991447
1384081335523	,9.850236
1384081335537	,14.456914
1384081335552	,15.043099
1384081335567	,14.926141
1384081335578	,10.760579
1384081335593	,14.934788
1384081335607	,14.187677
1384081335623	,15.821914
1384081335645	,21.63211
1384081335656	,11.508925
1384081335669	,13.013962
1384081335684	,14.830388
1384081335694	,10.031569
1384081335707	,12.271365
1384081335726	,19.085806
1384081335743	,16.979977
1384081335758	,14.695915
1384081335769	,11.335254
1384081335783	,14.248488
1384081335796	,12.187222
1384081335811	,15.310036
1384081335828	,17.37187
1384081335840	,11.647636
1384081335854	,13.347873
1384081335867	,13.106036
1384081335883	,16.455122
1384081335898	,14.7932625
1384081335913	,14.703831
1384081335926	,13.0885515
1384081335939	,13.185737
1384081335956	,16.66603
1384081335971	,14.662012
1384081335980	,9.656045
1384081335996	,15.447139
1384081336007	,11.362827
1384081336018	,11.0780525
1384081336031	,12.7048435
1384081336045	,13.653362
1384081336054	,9.234246
1384081336066	,11.960363
1384081336079	,12.262632
1384081336093	,14.801058
1384081336104	,10.94526
1384081336121	,17.05189
1384081336139	,17.51264
1384081336151	,11.571763
1384081336165	,14.69214
1384081336178	,12.230939
1384081336188	,10.454099
1384081336202	,13.383885
1384081336211	,9.486259
1384081336226	,14.662608
1384081336237	,11.006723
1384081336250	,12.842682
1384081336260	,10.082859
1384081336274	,13.585944
1384081336285	,11.522385
1384081336299	,13.540014
1384081336312	,12.476609
1384081336327	,15.401936
1384081336347	,20.22364
1384081336366	,18.752998
1384081336384	,18.24565
1384081336406	,21.778267
1384081336416	,9.917334
1384081336430	,13.375051
1384081336443	,12.911342
1384081336461	,18.093065
1384081336477	,15.772556
1384081336492	,15.136655
1384081336506	,13.838089
1384081336527	,21.196053
1384081336538	,11.052282
1384081336556	,18.26486
1384081336574	,18.042027
1384081336587	,12.717504
1384081336598	,10.358229
1384081336611	,13.12813
1384081336624	,12.758041
1384081336640	,16.290184
1384081336654	,13.799767
1384081336671	,17.004023
1384081336682	,10.968029
1384081336698	,15.6162405
1384081336714	,16.17157
1384081336725	,11.510651
1384081336737	,11.869797
1384081336755	,17.344847
1384081336767	,11.872648
1384081336780	,12.814709
1384081336790	,10.137009
1384081336802	,11.98903
1384081336819	,17.018175
1384081336834	,15.293351
1384081336848	,14.021538
1384081336864	,16.01966
1384081336880	,15.059107
1384081336901	,21.579718
1384081336912	,10.855804
1384081336927	,14.920981
1384081336942	,14.782622
1384081336961	,19.094046
1384081336980	,18.732212
1384081336995	,15.06969
1384081337008	,13.243809
1384081337022	,14.114946
1384081337031	,8.804679
1384081337044	,12.327429
1384081337054	,10.5062275
1384081337066	,12.097635
1384081337081	,14.929777
1384081337099	,17.80387
1384081337113	,13.461434
1384081337127	,14.148466
1384081337139	,12.2603445
1384081337151	,11.836845
1384081337163	,11.399092
1384081337178	,15.626719
1384081337194	,15.31387
1384081337209	,15.259528
1384081337219	,9.537087
1384081337232	,13.541368
1384081337245	,12.587475
1384081337260	,15.002011
1384081337271	,11.248966
1384081337288	,16.763721
1384081337303	,14.6622715
1384081337319	,16.06658
1384081337334	,15.384881
1384081337353	,18.997072
1384081337363	,9.599638
1384081337386	,23.21696
1384081337397	,10.770722
1384081337410	,12.038166
1384081337423	,12.718032
1384081337434	,11.04463
1384081337446	,12.03809
1384081337461	,14.367621
1384081337472	,11.5862665
1384081337485	,12.736255
1384081337495	,10.343816
1384081337512	,16.114618
1384081337522	,10.778406
1384081337535	,12.753673
1384081337551	,15.256347
1384081337569	,17.946228
1384081337584	,14.879281
1384081337597	,13.902019
1384081337608	,10.400554
1384081337621	,12.617318
1384081337635	,14.018715
1384081337652	,16.859097
1384081337664	,12.73268
1384081337680	,15.5823965
1384081337690	,9.438515
1384081337701	,11.242481
1384081337712	,10.801759
1384081337723	,11.100568
1384081337735	,12.397585
1384081337746	,11.119428
1384081337760	,13.915579
1384081337772	,11.972467
1384081337788	,15.399356
1384081337806	,18.16045
1384081337826	,19.462225
1384081337838	,11.876039
1384081337851	,13.305077
1384081337866	,14.71772
1384081337879	,13.034242
1384081337892	,13.238462
1384081337905	,12.796885
1384081337918	,13.1784725
1384081337928	,9.384333
1384081337942	,14.165926
1384081337956	,14.1519985
1384081337971	,14.765415
1384081337986	,14.980113
1384081338014	,27.93816
1384081338028	,13.843612
1384081338040	,12.119095
1384081338055	,14.660619
1384081338070	,14.847502
1384081338083	,13.828176
1384081338104	,19.968378
1384081338117	,13.741591
1384081338135	,17.19002
1384081338144	,9.627977
1384081338159	,14.900225
1384081338174	,14.365771
1384081338192	,17.961977
1384081338205	,12.953933
1384081338217	,12.679017
1384081338227	,9.080076
1384081338240	,13.554334
1384081338261	,20.424244
1384081338271	,10.618366
1384081338283	,11.217088
1384081338299	,16.58073
1384081338312	,13.084761
1384081338326	,13.51785
1384081338336	,9.828114
1384081338349	,12.912473
1384081338358	,9.4880085
1384081338373	,14.178708
1384081338387	,14.376002
1384081338400	,12.897077
1384081338413	,13.304523
1384081338432	,18.867622
1384081338446	,14.004917
1384081338457	,10.635635
1384081338468	,10.536525
1384081338477	,9.802118
1384081338487	,9.04217
1384081338499	,12.081992
1384081338507	,7.972714
1384081338517	,10.550889
1384081338526	,8.3635645
1384081338537	,10.897154
1384081338545	,8.319977
1384081338555	,10.118007
1384081338565	,9.790799
1384081338575	,9.983962
1384081338585	,9.82538
1384081338607	,21.711567
1384081338617	,9.743023
1384081338638	,21.118769
1384081338647	,8.919336
1384081338658	,11.494142
1384081338667	,8.492535
1384081338677	,10.50625
1384081338686	,8.415167
1384081338697	,11.290204
1384081338705	,8.069396
1384081338715	,9.9346485
1384081338724	,8.780731
1384081338735	,10.561245
1384081338745	,9.67883
1384081338758	,13.333142
1384081338766	,8.274363
1384081338776	,9.834447
1384081338786	,9.648399
1384081338802	,15.766467
1384081338811	,9.211967
1384081338822	,11.149071
1384081338830	,7.9895363
1384081338845	,14.863712
1384081338855	,9.908587
1384081338867	,11.329745
1384081338878	,10.288218
1384081338888	,10.268069
1384081338899	,10.862556
1384081338909	,10.089834
1384081338917	,8.060026
1384081338927	,9.848221
1384081338936	,9.198919
1384081338946	,10.045536
1384081338955	,8.437523
1384081338965	,9.909967
1384081338973	,8.241809
1384081338984	,10.569387
1384081338995	,10.751499
1384081339008	,13.577237
1384081339019	,10.155861
1384081339029	,10.153956
1384081339039	,9.779036
1384081339052	,13.79535
1384081339070	,17.505829
1384081339081	,10.807496
1384081339089	,8.432011
1384081339099	,9.609957
1384081339108	,8.570323
1384081339118	,10.422603
1384081339127	,8.4533615
1384081339137	,10.61945
1384081339147	,9.702814
1384081339157	,10.38605
1384081339166	,8.514214
1384081339177	,11.0695305
1384081339186	,8.622
1384081339199	,13.359402
1384081339208	,8.403862
1384081339220	,12.131353
1384081339228	,8.4296055
1384081339239	,10.936898
1384081339253	,13.562926
1384081339263	,10.3831215
1384081339272	,8.563517
1384081339282	,10.117243
1384081339292	,9.887041
1384081339302	,10.152643
1384081339311	,8.606234
1384081339321	,10.172503
1384081339329	,8.125172
1384081339340	,10.423385
1384081339349	,8.710258
1384081339361	,12.208947
1384081339373	,12.21808
1384081339383	,9.915048
1384081339392	,8.963317
1384081339405	,12.95442
1384081339414	,8.486997
1384081339426	,12.304523
1384081339434	,8.151496
1384081339446	,11.964934
1384081339460	,13.199867
1384081339471	,11.731661
1384081339481	,9.842545
1384081339497	,15.556017
1384081339507	,10.089798
1384081339517	,9.555615
1384081339525	,7.824916
1384081339535	,9.964974
1384081339543	,7.9313693
1384081339554	,11.621862
1384081339563	,8.404102
1384081339573	,10.363597
1384081339582	,9.033965
1384081339592	,10.014957
1384081339602	,9.834339
1384081339612	,10.060638
1384081339623	,10.64064
1384081339634	,10.859588
1384081339645	,10.636529
1384081339657	,12.367688
1384081339667	,10.314186
1384081339681	,13.241943
1384081339694	,12.832716
1384081339704	,10.293493
1384081339713	,9.186925
1384081339723	,10.15824
1384081339731	,7.77863
1384081339745	,13.982666
1384081339754	,8.565291
1384081339764	,10.0070715
1384081339772	,8.212383
1384081339784	,11.835518
1384081339793	,8.343553
1384081339806	,13.768989
1384081339815	,8.343926
1384081339826	,11.375839
1384081339834	,8.016703
1384081339845	,10.463194
1384081339853	,8.519426
1384081339867	,13.317043
1384081339875	,7.912889
1384081339885	,10.6853895
1384081339895	,9.328809
1384081339905	,10.249789
1384081339915	,9.50405
1384081339925	,10.088163
1384081339933	,8.246254
1384081339943	,9.839089
1384081339951	,7.903881
1384081339961	,10.361939
1384081339971	,9.605647
1384081339986	,14.964351
1384081339995	,8.281111
1384081340007	,12.365377
1384081340015	,7.8899217
1384081340025	,10.161558
1384081340033	,8.084697
1384081340044	,10.766044
1384081340052	,8.1133995
1384081340063	,10.968919
1384081340072	,8.915368
1384081340084	,11.265487
1384081340092	,8.612917
1384081340105	,12.613739
1384081340115	,9.994279
1384081340125	,9.79471
1384081340134	,8.901922
1384081340144	,10.077707
1384081340152	,7.675921
1384081340162	,9.845033
1384081340170	,8.46085
1384081340180	,10.143596
1384081340189	,8.217239
1384081340199	,10.115862
1384081340208	,9.48859
1384081340219	,10.73061
1384081340229	,9.658778
1384081340239	,10.610058
1384081340249	,9.5146265
1384081340260	,10.549624
1384081340268	,8.634471
1384081340282	,13.322756
1384081340296	,14.055108
1384081340307	,11.131806
1384081340318	,10.859647
1384081340333	,15.502194
1384081340344	,10.82687
1384081340355	,10.749627
1384081340363	,8.246581
1384081340375	,11.13135
1384081340383	,8.050533
1384081340393	,9.72323
1384081340403	,10.670424
1384081340414	,10.440925
1384081340424	,9.811207
1384081340436	,12.185808
1384081340444	,8.119972
1384081340456	,11.660663
1384081340464	,8.626131
1384081340478	,13.188512
1384081340490	,12.083209
1384081340501	,10.809846
1384081340511	,9.846947
1384081340524	,13.190878
1384081340533	,8.775467
1384081340543	,10.288978
1384081340551	,8.094163
1384081340562	,10.496015
1384081340570	,8.529357
1384081340580	,10.190677
1384081340589	,8.09093
1384081340607	,17.933767
1384081340623	,15.98881
1384081340634	,10.8592205
1384081340643	,9.605509
1384081340655	,12.138969
1384081340666	,10.417548
1384081340678	,12.511783
1384081340687	,8.293333
1384081340703	,16.044151
1384081340711	,7.652924
1384081340725	,14.287916
1384081340737	,12.260224
1384081340748	,10.50709
1384081340756	,8.025715
1384081340766	,9.958364
1384081340776	,9.622574
1384081340788	,11.852326
1384081340800	,12.1147
1384081340817	,17.483904
1384081340826	,8.898775
1384081340841	,15.184198
1384081340854	,12.397073
1384081340864	,10.4050665
1384081340874	,9.344404
1384081340889	,15.357634
1384081340908	,19.137844
1384081340919	,10.825371
1384081340931	,11.193941
1384081340942	,11.752125
1384081340952	,9.430128
1384081340965	,13.458197
1384081340978	,13.075104
1384081340995	,16.194342
1384081341008	,13.458058
1384081341025	,17.196436
1384081341037	,11.481185
1384081341049	,12.160135
1384081341062	,13.052877
1384081341081	,18.26382
1384081341094	,12.831691
1384081341111	,17.189928
1384081341124	,13.558197
1384081341141	,16.822756
1384081341154	,12.207184
1384081341169	,14.967053
1384081341178	,8.878435
1384081341191	,13.702881
1384081341205	,13.934455
1384081341221	,16.167667
1384081341230	,8.885328
1384081341242	,11.2190075
1384081341252	,9.848219
1384081341262	,10.168737
1384081341273	,11.182663
1384081341289	,16.084057
1384081341298	,9.057512
1384081341315	,16.636642
1384081341324	,8.5884
1384081341339	,15.36446
1384081341349	,9.968169
1384081341359	,10.163338
1384081341371	,12.055674
1384081341387	,15.226671
1384081341400	,13.422404
1384081341415	,14.558101
1384081341430	,15.421052
1384081341445	,14.566327
1384081341457	,12.54508
1384081341474	,16.942795
1384081341488	,13.071966
1384081341502	,14.518419
1384081341515	,12.629522
1384081341533	,17.928064
1384081341541	,8.348025
1384081341553	,11.648864
1384081341561	,8.177327
1384081341575	,14.057921
1384081341584	,8.16837
1384081341596	,12.137609
1384081341608	,12.328996
1384081341624	,15.902517
1384081341634	,9.672362
1384081341651	,16.906996
1384081341662	,11.10961
1384081341678	,15.581253
1384081341693	,15.000556
1384081341703	,10.587804
1384081341715	,11.82817
1384081341732	,16.785473
1384081341741	,8.55509
1384081341752	,11.609282
1384081341764	,11.65281
1384081341778	,14.085253
1384081341790	,12.090869
1384081341805	,14.231407
1384081341813	,8.506829
1384081341834	,21.120312
1384081341844	,9.350132
1384081341854	,10.485072
1384081341864	,9.552662
1384081341876	,11.986554
1384081341886	,10.182285
1384081341901	,14.708077
1384081341911	,9.604292
1384081341923	,12.17997
1384081341938	,15.391069
1384081341951	,12.907156
1384081341961	,9.811775
1384081341973	,11.878941
1384081341985	,11.357713
1384081342000	,15.417993
1384081342012	,12.230404
1384081342028	,16.126764
1384081342043	,14.7604265
1384081342057	,13.609353
1384081342066	,8.537204
1384081342077	,11.738006
1384081342090	,12.584034
1384081342107	,17.354418
1384081342119	,11.648704
1384081342132	,12.6148405
1384081342156	,24.502628
1384081342169	,12.542518
1384081342179	,10.088513
1384081342193	,13.811283
1384081342206	,13.240874
1384081342220	,13.516903
1384081342235	,15.280836
1384081342246	,10.426506
1384081342259	,13.205607
1384081342272	,13.486285
1384081342280	,7.897079
1384081342292	,11.358838
1384081342305	,12.734544
1384081342321	,16.189753
1384081342332	,11.111055
1384081342347	,14.99409
1384081342359	,12.279238
1384081342372	,12.762434
1384081342382	,9.974772
1384081342397	,14.716261
1384081342410	,12.7324915
1384081342424	,14.159907
1384081342438	,14.026607
1384081342452	,13.538175
1384081342465	,13.203965
1384081342476	,10.499466
1384081342484	,8.50027
1384081342499	,15.096335
1384081342513	,13.384681
1384081342527	,14.517606
1384081342541	,13.648828
1384081342558	,16.942608
1384081342574	,16.43887
1384081342586	,11.969321
1384081342597	,10.0142
1384081342612	,14.897791
1384081342624	,12.33131
1384081342641	,17.051523
1384081342654	,13.241387
1384081342670	,15.344978
1384081342678	,8.513887
1384081342693	,14.390809
1384081342704	,10.933417
1384081342718	,14.424057
1384081342731	,12.698548
1384081342746	,14.867798
1384081342767	,20.799904
1384081342781	,14.54798
1384081342790	,8.467135
1384081342800	,10.240777
1384081342810	,9.796322
1384081342825	,14.521761
1384081342836	,10.913057
1384081342850	,14.803845
1384081342861	,10.279445
1384081342874	,12.727812
1384081342883	,9.371701
1384081342893	,9.872576
1384081342904	,11.316912
1384081342919	,14.220848
1384081342932	,12.9311905
1384081342946	,14.075814
1384081342960	,13.982429
1384081342974	,14.205195
1384081342991	,17.190218
1384081343002	,10.413997
1384081343012	,9.854895
1384081343026	,14.513504
1384081343039	,13.135225
1384081343052	,13.039139
1384081343061	,8.257847
1384081343072	,10.990654
1384081343086	,14.223475
1384081343100	,13.318503
1384081343109	,9.4242935
1384081343124	,15.216691
1384081343136	,11.752327
1384081343149	,12.44926
1384081343159	,10.511686
1384081343169	,10.176426
1384081343184	,14.12859
1384081343207	,23.77998
1384081343216	,8.671921
1384081343230	,14.284556
1384081343243	,12.18739
1384081343259	,15.876041
1384081343269	,10.551152
1384081343280	,11.075746
1384081343290	,9.902558
1384081343304	,13.774443
1384081343317	,12.586586
1384081343331	,13.955251
1384081343341	,10.438185
1384081343352	,10.327559
1384081343362	,10.502547
1384081343376	,13.371115
1384081343386	,10.657793
1384081343405	,18.390669
1384081343414	,9.06804
1384081343426	,11.765614
1384081343436	,9.951935
1384081343447	,11.381814
1384081343463	,15.471062
1384081343482	,18.95466
1384081343495	,13.259462
1384081343509	,13.5558405
1384081343519	,10.586065
1384081343532	,12.862802
1384081343543	,10.907215
1384081343556	,12.772843
1384081343565	,8.624314
1384081343577	,12.193934
1384081343591	,13.426651
1384081343605	,14.363543
1384081343615	,9.564525
1384081343625	,9.894327
1384081343634	,9.659575
1384081343649	,14.254202
1384081343664	,15.593753
1384081343678	,13.202661
1384081343689	,11.816422
1384081343710	,20.115685
1384081343718	,8.68656
1384081343733	,14.925576
1384081343746	,12.400031
1384081343761	,14.782337
1384081343770	,8.862984
1384081343785	,15.669248
1384081343800	,14.222929
1384081343821	,21.464336
1384081343833	,11.781439
1384081343846	,12.943144
1384081343858	,12.204543
1384081343877	,18.503023
1384081343889	,12.007585
1384081343904	,14.916357
1384081343916	,12.582267
1384081343929	,12.274488
1384081343940	,11.026734
1384081343950	,9.951519
1384081343963	,13.1175585
1384081343976	,13.267378
1384081343985	,8.381359
1384081343998	,13.405106
1384081344012	,13.558027
1384081344024	,12.404925
1384081344037	,12.542112
1384081344048	,11.059742
1384081344062	,13.466062
1384081344081	,19.504496
1384081344093	,12.01596
1384081344109	,16.093401
1384081344120	,11.076959
1384081344131	,10.714353
1384081344143	,12.165932
1384081344155	,11.282913
1384081344168	,13.4602
1384081344182	,13.374493
1384081344193	,11.29859
1384081344207	,14.193056
1384081344220	,12.089078
1384081344240	,20.87702
1384081344252	,11.446782
1384081344265	,12.474829
1384081344278	,13.017306
1384081344292	,14.723633
1384081344306	,13.544783
1384081344323	,16.83776
1384081344339	,15.519265
1384081344349	,10.782942
1384081344359	,9.208701
1384081344373	,14.376955
1384081344387	,13.428824
1384081344402	,15.284814
1384081344416	,13.9337
1384081344431	,15.338476
1384081344443	,11.815121
1384081344453	,9.904859
1384081344462	,8.671265
1384081344478	,16.395996
1384081344492	,13.455822
1384081344506	,13.842462
1384081344515	,9.460971
1384081344534	,18.243233
1384081344546	,12.806607
1384081344561	,14.289444
1384081344575	,13.979405
1384081344585	,10.324992
1384081344597	,11.499035
1384081344609	,12.381262
1384081344620	,11.045309
1384081344646	,26.134409
1384081344659	,12.779146
1384081344668	,8.989826
1384081344678	,10.037283
1384081344693	,14.952578
1384081344706	,12.467159
1384081344721	,15.434848
1384081344730	,8.786812
1384081344745	,14.511413
1384081344753	,8.485618
1384081344767	,14.056793
1384081344780	,12.767227
1384081344796	,15.520513
1384081344811	,14.67625
1384081344824	,13.642524
1384081344839	,14.488351
1384081344850	,11.579758
1384081344865	,14.09894
1384081344877	,12.05763
1384081344888	,11.35042
1384081344901	,13.019726
1384081344911	,10.202913
1384081344922	,10.537326
1384081344935	,12.537127
1384081344946	,10.985532
1384081344960	,14.741269
1384081344970	,9.809417
1384081344984	,13.205243
1384081344998	,14.209281
1384081345006	,8.3608885
1384081345020	,14.156682
1384081345029	,8.629232
1384081345043	,13.748514
1384081345057	,14.442988
1384081345077	,19.124947
1384081345093	,16.551144
1384081345109	,16.088118
1384081345123	,13.3757515
1384081345139	,16.086147
1384081345152	,12.533275
1384081345163	,10.85871
1384081345175	,12.268111
1384081345186	,11.1484
1384081345199	,12.390551
1384081345213	,13.857923
1384081345221	,8.514156
1384081345237	,15.46386
1384081345249	,12.112778
1384081345272	,22.808887
1384081345280	,8.575267
1384081345291	,10.273849
1384081345299	,8.164759
1384081345311	,12.46156
1384081345323	,11.7105665
1384081345339	,16.36954
1384081345354	,14.146368
1384081345368	,13.966
1384081345379	,11.696905
1384081345390	,10.262027
1384081345403	,12.853184
1384081345416	,13.40017
1384081345427	,10.8764
1384081345439	,12.339062
1384081345449	,9.155441
1384081345463	,14.028805
1384081345484	,21.581629
1384081345495	,10.441033
1384081345507	,11.828724
1384081345522	,14.83498
1384081345534	,11.750921
1384081345548	,14.235711
1384081345557	,9.564325
1384081345569	,11.211976
1384081345584	,15.038359
1384081345597	,13.020505
1384081345607	,10.068415
1384081345617	,10.431606
1384081345630	,12.053221
1384081345647	,17.150068
1384081345661	,13.653386
1384081345675	,14.749525
1384081345694	,18.699987
1384081345707	,13.149558
1384081345719	,11.63284
1384081345733	,14.189076
1384081345746	,12.823456
1384081345763	,16.555225
1384081345775	,11.999742
1384081345789	,14.0096445
1384081345800	,10.738197
1384081345812	,12.40068
1384081345823	,11.345516
1384081345836	,12.642681
1384081345846	,9.883892
1384081345860	,14.147876
1384081345872	,11.585309
1384081345893	,20.950989
1384081345903	,10.127572
1384081345913	,10.129469
1384081345923	,9.688155
1384081345942	,18.792814
1384081345956	,14.023137
1384081345965	,9.416884
1384081345974	,8.833658
1384081345989	,14.866683
1384081346002	,13.05297
1384081346016	,13.631451
1384081346025	,8.7413
1384081346036	,11.306624
1384081346047	,10.250165
1384081346057	,10.681216
1384081346070	,13.111594
1384081346086	,15.334319
1384081346112	,25.894333
1384081346125	,12.840523
1384081346134	,9.696152
1384081346148	,13.113542
1384081346157	,9.61881
1384081346173	,15.316743
1384081346181	,8.72964
1384081346197	,15.476173
1384081346213	,15.639331
1384081346227	,14.09916
1384081346239	,12.198378
1384081346256	,16.597263
1384081346264	,8.246182
1384081346277	,12.902967
1384081346291	,13.986696
1384081346302	,10.596593
1384081346314	,12.261405
1384081346324	,10.380335
1384081346333	,8.591705
1384081346346	,12.883588
1384081346358	,12.137909
1384081346373	,14.598951
1384081346385	,12.316056
1384081346400	,14.640133
1384081346411	,11.079594
1384081346421	,10.104312
1384081346432	,10.259933
1384081346444	,12.298394
1384081346457	,12.577544
1384081346470	,13.699922
1384081346483	,12.893049
1384081346495	,11.838151
1384081346507	,11.739633
1384081346521	,13.906211
1384081346529	,8.316327
1384081346541	,12.073627
1384081346552	,10.978571
1384081346568	,15.982291
1384081346581	,12.374025
1384081346597	,16.305151
1384081346610	,12.268195
1384081346624	,14.147642
1384081346636	,11.955372
1384081346652	,16.094444
1384081346663	,11.300829
1384081346676	,12.315614
1384081346687	,11.511275
1384081346697	,9.756614
1384081346712	,14.992317
1384081346723	,10.736369
1384081346734	,10.91232
1384081346746	,12.092533
1384081346758	,11.4240265
1384081346772	,14.417588
1384081346783	,10.840395
1384081346795	,11.616287
1384081346806	,11.579443
1384081346819	,13.010935
1384081346827	,7.800015
1384081346838	,10.326165
1384081346849	,11.844958
1384081346863	,13.583826
1384081346877	,13.644693
1384081346891	,14.064444
1384081346903	,11.788638
1384081346917	,13.891767
1384081346926	,9.120645
1384081346937	,11.5041895
1384081346946	,8.331199
1384081346960	,14.0647545
1384081346979	,19.071783
1384081346994	,14.812553
1384081347008	,13.668173
1384081347022	,14.313666
1384081347035	,12.967562
1384081347048	,13.071456
1384081347058	,9.59193
1384081347071	,13.55458
1384081347083	,11.804523
1384081347097	,13.184726
1384081347110	,12.925025
1384081347126	,15.939085
1384081347135	,9.599211
1384081347148	,12.5294895
1384081347159	,10.796753
1384081347172	,12.945725
1384081347184	,12.5921335
1384081347198	,13.884797
1384081347212	,14.155322
1384081347226	,13.557039
1384081347239	,12.891318
1384081347252	,12.939132
1384081347260	,8.336968
1384081347274	,13.102504
1384081347286	,12.546208
1384081347300	,13.948008
1384081347313	,12.413433
1384081347323	,10.474447
1384081347336	,12.778026
1384081347349	,12.557517
1384081347359	,10.723345
1384081347369	,10.012523
1384081347381	,11.374818
1384081347392	,10.691705
1384081347401	,9.483676
1384081347420	,18.410645
1384081347428	,7.920941
1384081347440	,12.328606
1384081347451	,11.298257
1384081347465	,13.862272
1384081347476	,11.172617
1384081347492	,15.171586
1384081347503	,11.193407
1384081347516	,13.314694
1384081347525	,8.74529
1384081347543	,17.660938
1384081347563	,19.687485
1384081347573	,9.816069
1384081347585	,12.74399
1384081347599	,13.798183
1384081347611	,12.196353
1384081347624	,12.702455
1384081347635	,11.244955
1384081347647	,11.484879
1384081347659	,12.311613
1384081347673	,13.739008
1384081347685	,11.367499
1384081347695	,10.259921
1384081347707	,11.659188
1384081347720	,13.129694
1384081347729	,9.493213
1384081347747	,17.56009
1384081347756	,9.227862
1384081347767	,10.883818
1384081347777	,9.2541485
1384081347791	,14.479223
1384081347802	,11.142416
1384081347815	,12.944995
1384081347824	,8.453481
1384081347836	,12.242092
1384081347848	,11.762863
1384081347861	,13.097508
1384081347872	,11.358735
1384081347886	,13.843068
1384081347900	,13.627032
1384081347914	,14.358694
1384081347929	,14.638495
1384081347946	,16.501474
1384081347959	,13.497196
1384081347974	,14.141719
1384081347987	,13.7552395
1384081348002	,14.262876
1384081348016	,13.8148365
1384081348032	,16.075567
1384081348044	,12.479952
1384081348061	,16.963087
1384081348073	,12.138579
1384081348087	,13.888036
1384081348102	,14.187946
1384081348117	,15.825141
1384081348132	,14.618641
1384081348147	,14.577048
1384081348163	,15.83405
1384081348177	,14.655702
1384081348191	,13.254447
1384081348205	,13.7649
1384081348217	,11.987131
1384081348230	,13.826609
1384081348243	,12.620345
1384081348257	,13.923705
1384081348269	,11.962499
1384081348283	,13.867011
1384081348295	,11.705468
1384081348306	,11.600699
