1384081262067	,3.6402838
1384081262070	,3.255695
1384081262074	,3.04523
1384081262077	,2.783716
1384081262079	,2.653419
1384081262082	,2.719234
1384081262090	,7.3706737
1384081262093	,2.924612
1384081262099	,5.742753
1384081262102	,3.136542
1384081262105	,2.5372272
1384081262108	,2.688642
1384081262111	,2.930671
1384081262114	,3.0702991
1384081262117	,2.9917848
1384081262121	,3.242476
1384081262124	,2.838625
1384081262127	,2.716799
1384081262130	,2.831218
1384081262133	,2.6727338
1384081262136	,2.883269
1384081262139	,2.885948
1384081262142	,2.905284
1384081262145	,2.803763
1384081262148	,3.24598
1384081262151	,2.898236
1384081262155	,2.875705
1384081262158	,2.919689
1384081262161	,3.3958402
1384081262165	,3.3453832
1384081262168	,3.323313
1384081262172	,3.446793
1384081262175	,3.1207771
1384081262179	,3.17727
1384081262185	,5.531752
1384081262189	,4.393373
1384081262197	,7.221577
1384081262201	,4.286232
1384081262204	,2.913389
1384081262207	,3.0912461
1384081262211	,3.319318
1384081262219	,7.410819
1384081262222	,3.1546059
1384081262225	,3.260201
1384081262229	,3.063864
1384081262233	,3.5778449
1384081262236	,3.13621
1384081262240	,4.099898
1384081262244	,3.6297958
1384081262247	,2.7559881
1384081262250	,2.8155549
1384081262253	,2.636162
1384081262257	,3.409666
1384081262260	,3.2340481
1384081262264	,4.063936
1384081262267	,2.796598
1384081262271	,3.2777128
1384081262275	,3.819603
1384081262278	,2.820134
1384081262290	,3.212668
1384081262294	,3.307877
1384081262297	,3.1058302
1384081262301	,3.192928
1384081262304	,3.7630072
1384081262307	,2.686916
1384081262310	,2.643791
1384081262313	,2.6775272
1384081262316	,2.81357
1384081262320	,3.4371278
1384081262324	,4.506936
1384081262328	,3.429646
1384081262331	,2.74055
1384081262334	,2.631479
1384081262338	,3.75828
1384081262341	,2.631757
1384081262344	,2.967187
1384081262347	,2.730249
1384081262350	,3.3395638
1384081262353	,2.820632
1384081262360	,6.813807
1384081262364	,3.1113799
1384081262367	,2.888846
1384081262370	,2.8680582
1384081262373	,2.744989
1384081262376	,2.804451
1384081262379	,2.8623378
1384081262382	,3.010689
1384081262385	,2.878959
1384081262389	,3.408559
1384081262392	,2.903561
1384081262395	,2.895202
1384081262398	,2.749674
1384081262401	,2.736884
1384081262404	,2.64026
1384081262407	,3.012847
1384081262410	,2.739001
1384081262413	,2.7238932
1384081262416	,2.966177
1384081262420	,3.2752929
1384081262423	,3.282174
1384081262426	,2.6527119
1384081262429	,2.96827
1384081262432	,2.865576
1384081262436	,3.246177
1384081262439	,3.035581
1384081262442	,3.2486641
1384081262446	,3.440919
1384081262449	,3.153964
1384081262453	,3.184105
1384081262456	,3.0945559
1384081262459	,3.007365
1384081262465	,5.08044
1384081262468	,2.936172
1384081262471	,3.019259
1384081262475	,3.667612
1384081262479	,3.609893
1384081262482	,2.706065
1384081262485	,2.753216
1384081262487	,2.827324
1384081262491	,3.407167
1384081262495	,3.4010081
1384081262498	,2.651098
1384081262501	,2.798074
1384081262503	,2.696441
1384081262507	,3.317189
1384081262510	,2.653913
1384081262513	,2.722873
1384081262516	,2.687605
1384081262519	,2.792645
1384081262521	,2.5503712
1384081262525	,3.018169
1384081262527	,2.5725482
1384081262530	,2.828237
1384081262534	,3.118997
1384081262537	,3.1423411
1384081262540	,2.8816931
1384081262543	,2.626668
1384081262547	,3.7156432
1384081262558	,10.736174
1384081262561	,2.917743
1384081262564	,2.81201
1384081262567	,2.586345
1384081262570	,2.832236
1384081262573	,2.6051202
1384081262576	,3.148319
1384081262580	,3.60847
1384081262583	,2.856691
1384081262586	,2.963342
1384081262590	,3.3997638
1384081262593	,3.284057
1384081262597	,3.311332
1384081262600	,2.9470248
1384081262603	,2.772175
1384081262606	,2.675148
1384081262609	,2.8159938
1384081262612	,2.767941
1384081262614	,2.699817
1384081262617	,2.560071
1384081262620	,2.525873
1384081262623	,2.520945
1384081262626	,3.149413
1384081262629	,2.376832
1384081262632	,3.249585
1384081262635	,2.9313579
1384081262638	,2.481584
1384081262641	,2.493605
1384081262644	,2.8065739
1384081262646	,2.7440538
1384081262650	,2.8874772
1384081262657	,7.0223904
1384081262660	,2.989982
1384081262668	,7.399089
1384081262670	,2.776315
1384081262673	,2.643687
1384081262677	,3.361766
1384081262681	,3.556774
1384081262683	,2.508444
1384081262686	,2.76406
1384081262689	,2.947667
1384081262693	,3.028583
1384081262696	,3.231132
1384081262701	,4.3299494
1384081262704	,2.7312882
1384081262707	,3.016752
1384081262711	,4.434545
1384081262714	,2.698181
1384081262718	,3.084458
1384081262721	,2.84405
1384081262724	,2.873625
1384081262727	,3.100796
1384081262730	,2.558871
1384081262733	,2.894279
1384081262736	,3.211742
1384081262740	,3.1632042
1384081262743	,2.937608
1384081262747	,3.76181
1384081262749	,2.459247
1384081262752	,2.950841
1384081262755	,2.5394099
1384081262758	,2.682261
1384081262764	,5.712325
1384081262767	,3.3017118
1384081262770	,2.7114651
1384081262773	,2.901624
1384081262776	,2.800946
1384081262780	,3.155581
1384081262782	,2.680254
1384081262797	,14.016721
1384081262800	,2.8090992
1384081262802	,2.6168458
1384081262805	,2.6614509
1384081262808	,2.764956
1384081262811	,3.081209
1384081262822	,3.123887
1384081262825	,2.80956
1384081262828	,2.99656
1384081262832	,3.78458
1384081262835	,2.9788249
1384081262838	,2.4982152
1384081262841	,2.464874
1384081262843	,2.331415
1384081262846	,2.698617
1384081262849	,2.346404
1384081262853	,3.9949021
1384081262856	,3.2835162
1384081262859	,2.4606168
1384081262861	,2.3853002
1384081262864	,2.600966
1384081262867	,2.4226909
1384081262870	,2.57187
1384081262873	,3.35607
1384081262876	,2.721174
1384081262900	,24.335524
1384081262905	,4.212821
1384081262908	,3.312106
1384081262912	,3.1560779
1384081262914	,2.4956908
1384081262917	,2.834541
1384081262921	,3.060282
1384081262924	,3.048548
1384081262927	,2.6957982
1384081262930	,2.529126
1384081262932	,2.5259671
1384081262936	,3.747163
1384081262939	,2.778909
1384081262942	,2.759794
1384081262945	,3.0470018
1384081262949	,3.057411
1384081262952	,2.883452
1384081262954	,2.515964
1384081262957	,2.3684862
1384081262960	,2.559651
1384081262963	,3.178059
1384081262966	,2.910568
1384081262969	,2.8951669
1384081262972	,2.663031
1384081262974	,2.317844
1384081262979	,3.9922261
1384081262981	,2.417818
1384081262984	,2.631344
1384081262987	,2.4531941
1384081262989	,2.503989
1384081262992	,2.429553
1384081262995	,2.38294
1384081263007	,11.746558
1384081263010	,3.385542
1384081263013	,2.877002
1384081263023	,9.79587
1384081263026	,2.818351
1384081263029	,2.676459
1384081263032	,2.9153512
1384081263036	,4.070441
1384081263038	,2.429569
1384081263042	,3.0954342
1384081263044	,2.466738
1384081263047	,2.528858
1384081263049	,2.208118
1384081263052	,2.354203
1384081263054	,2.39578
1384081263057	,2.633478
1384081263060	,2.773324
1384081263063	,2.63723
1384081263066	,2.6160429
1384081263068	,2.608327
1384081263071	,2.389325
1384081263074	,2.4576411
1384081263076	,2.7207701
1384081263079	,2.766718
1384081263082	,2.324881
1384081263085	,2.525501
1384081263087	,2.610819
1384081263090	,2.621831
1384081263093	,2.892897
1384081263096	,2.7123501
1384081263099	,2.6726508
1384081263102	,2.83088
1384081263107	,4.687582
1384081263109	,2.445802
1384081263113	,3.0899332
1384081263115	,2.581471
1384081263118	,2.930646
1384081263122	,3.02428
1384081263125	,2.909432
1384081263128	,2.832074
1384081263131	,2.8710258
1384081263134	,2.724677
1384081263137	,2.916688
1384081263140	,2.764952
1384081263143	,2.8394418
1384081263146	,3.024955
1384081263149	,2.720818
1384081263152	,2.7574642
1384081263154	,2.785675
1384081263158	,2.958436
1384081263161	,2.809647
1384081263164	,2.944615
1384081263166	,2.321388
1384081263169	,2.645695
1384081263172	,3.067889
1384081263175	,2.7258039
1384081263178	,3.078352
1384081263181	,2.9610171
1384081263184	,2.663522
1384081263187	,2.923844
1384081263190	,2.772919
1384081263193	,2.695221
1384081263196	,2.8869169
1384081263199	,2.7496412
1384081263203	,3.8112662
1384081263206	,3.209533
1384081263209	,2.703115
1384081263213	,3.830119
1384081263216	,2.6596022
1384081263219	,2.654984
1384081263222	,2.749584
1384081263225	,2.6724179
1384081263227	,2.622674
1384081263230	,2.5687141
1384081263233	,2.6201508
1384081263236	,2.812345
1384081263239	,2.869721
1384081263242	,3.078461
1384081263245	,2.61569
1384081263249	,3.514865
1384081263252	,3.066735
1384081263255	,2.750164
1384081263258	,2.791521
1384081263261	,2.670944
1384081263263	,2.666132
1384081263266	,2.770244
1384081263270	,3.388914
1384081263273	,3.039437
1384081263276	,2.440909
1384081263279	,2.731188
1384081263283	,3.847388
1384081263286	,2.8814242
1384081263288	,2.348738
1384081263291	,2.786177
1384081263295	,3.403075
1384081263298	,2.7828
1384081263300	,2.6753612
1384081263303	,2.6440392
1384081263307	,3.504623
1384081263311	,3.85751
1384081263314	,2.536905
1384081263317	,2.834718
1384081263320	,2.681322
1384081263322	,2.718944
1384081263325	,2.685421
1384081263328	,2.76579
1384081263331	,3.107013
1384081263336	,4.6380944
1384081263339	,2.7994642
1384081263342	,2.78016
1384081263347	,4.342448
1384081263350	,3.099463
1384081263353	,3.372577
1384081263356	,2.9100878
1384081263360	,2.957813
1384081263363	,2.796098
1384081263365	,2.728719
1384081263374	,3.2512329
1384081263377	,3.5694509
1384081263380	,2.808938
1384081263383	,2.972785
1384081263387	,3.0095372
1384081263390	,2.912112
1384081263393	,3.316625
1384081263396	,2.972979
1384081263399	,3.05026
1384081263403	,2.991648
1384081263406	,3.4396
1384081263409	,2.69927
1384081263412	,2.9699628
1384081263415	,2.998047
1384081263418	,2.826334
1384081263421	,2.7673688
1384081263425	,3.25531
1384081263428	,3.307648
1384081263431	,2.928174
1384081263434	,2.772708
1384081263437	,3.00418
1384081263440	,2.6432242
1384081263443	,2.7993941
1384081263447	,3.460104
1384081263450	,3.293901
1384081263453	,2.593418
1384081263456	,3.21622
1384081263459	,2.6914089
1384081263462	,2.7029982
1384081263465	,2.706434
1384081263469	,3.551105
1384081263471	,2.5735471
1384081263474	,2.594784
1384081263477	,2.652721
1384081263480	,2.7074108
1384081263491	,10.567137
1384081263493	,2.4031942
1384081263496	,2.869558
1384081263499	,2.689751
1384081263501	,2.4082959
1384081263504	,2.429731
1384081263507	,2.7195349
1384081263510	,3.099965
1384081263514	,3.537175
1384081263517	,3.237685
1384081263520	,2.844991
1384081263530	,2.76887
1384081263533	,3.2811952
1384081263536	,2.352784
1384081263538	,2.57163
1384081263541	,2.819071
1384081263544	,2.793529
1384081263547	,2.74359
1384081263550	,2.773388
1384081263553	,2.699806
1384081263556	,2.716125
1384081263558	,2.619561
1384081263561	,2.956524
1384081263564	,2.3864222
1384081263566	,2.227931
1384081263569	,2.255703
1384081263571	,2.4662218
1384081263578	,2.9340968
1384081263580	,2.361307
1384081263590	,2.6653502
1384081263592	,2.5472758
1384081263595	,2.9331598
1384081263598	,2.8945472
1384081263601	,2.620354
1384081263614	,2.819588
1384081263617	,2.875866
1384081263620	,2.8107162
1384081263622	,2.617336
1384081263625	,2.687745
1384081263628	,2.670637
1384081263631	,2.924387
1384081263634	,2.7844589
1384081263637	,2.719367
1384081263639	,2.57018
1384081263642	,2.792609
1384081263645	,2.63168
1384081263648	,2.6653779
1384081263651	,2.753738
1384081263654	,3.3299909
1384081263657	,2.547424
1384081263659	,2.555044
1384081263662	,2.924564
1384081263665	,2.653993
1384081263668	,2.7212172
1384081263671	,2.6788158
1384081263674	,2.630337
1384081263676	,2.703846
1384081263679	,2.6571522
1384081263682	,2.8220382
1384081263685	,2.816086
1384081263688	,2.423769
1384081263690	,2.693728
1384081263693	,2.762362
1384081263696	,2.8110611
1384081263707	,10.32798
1384081263710	,2.922434
1384081263712	,2.5147781
1384081263716	,3.949924
1384081263720	,3.796233
1384081263723	,2.5694418
1384081263726	,2.4503798
1384081263728	,2.5255668
1384081263731	,2.531399
1384081263734	,2.567113
1384081263737	,3.2134829
1384081263740	,2.797532
1384081263743	,2.528117
1384081263745	,2.683739
1384081263748	,2.369874
1384081263751	,2.634404
1384081263754	,2.852108
1384081263757	,3.097312
1384081263760	,3.109968
1384081263763	,2.9344342
1384081263766	,2.6553512
1384081263769	,2.6823168
1384081263772	,3.091758
1384081263776	,3.908158
1384081263779	,2.3763611
1384081263782	,2.5712528
1384081263784	,2.4601731
1384081263787	,2.580425
1384081263790	,2.9340682
1384081263793	,2.7947419
1384081263796	,2.773101
1384081263799	,2.6892939
1384081263802	,2.598577
1384081263805	,2.754607
1384081263808	,3.296849
1384081263812	,3.607248
1384081263815	,3.081305
1384081263818	,3.133107
1384081263822	,3.186924
1384081263825	,3.000719
1384081263827	,2.631736
1384081263831	,3.001708
1384081263833	,2.640072
1384081263836	,2.78446
1384081263839	,2.907048
1384081263842	,2.628364
1384081263845	,2.751185
1384081263848	,2.671627
1384081263851	,2.618818
1384081263854	,2.954963
1384081263857	,3.249301
1384081263860	,2.5632682
1384081263864	,3.660096
1384081263868	,3.9881551
1384081263871	,2.820219
1384081263874	,2.7186341
1384081263876	,2.488931
1384081263880	,3.487377
1384081263883	,3.375499
1384081263886	,2.578454
1384081263889	,2.460758
1384081263891	,2.62175
1384081263894	,2.659737
1384081263897	,2.828654
1384081263901	,3.5976388
1384081263904	,2.4031742
1384081263906	,2.524894
1384081263910	,3.108727
1384081263913	,2.9074252
1384081263916	,3.192014
1384081263920	,3.7169561
1384081263924	,3.9908822
1384081263927	,2.7994838
1384081263930	,2.7538002
1384081263933	,2.786481
1384081263938	,5.131688
1384081263941	,2.489882
1384081263943	,2.691101
1384081263946	,2.854605
1384081263949	,2.6338181
1384081263952	,2.763101
1384081263955	,2.533884
1384081263958	,2.620237
1384081263961	,2.77071
1384081263963	,2.594359
1384081263966	,3.0096269
1384081263969	,2.482106
1384081263972	,2.48747
1384081263974	,2.576975
1384081263977	,2.7361312
1384081263980	,2.7952209
1384081263983	,2.311447
1384081263985	,2.557348
1384081263988	,2.536183
1384081263991	,2.600754
1384081263994	,2.702924
1384081263996	,2.392469
1384081264000	,3.8366818
1384081264003	,2.647854
1384081264006	,2.597038
1384081264009	,2.660185
1384081264012	,2.970987
1384081264014	,2.341854
1384081264017	,2.439431
1384081264019	,2.5994952
1384081264025	,5.773216
1384081264028	,2.8077528
1384081264031	,2.8750381
1384081264035	,3.818581
1384081264038	,2.666429
1384081264043	,4.7179646
1384081264046	,2.669544
1384081264051	,5.0442977
1384081264054	,2.476773
1384081264056	,2.425113
1384081264059	,2.438236
1384081264062	,3.050245
1384081264065	,2.886225
1384081264068	,2.796659
1384081264072	,4.2517977
1384081264075	,2.762507
1384081264078	,2.873455
1384081264081	,3.431042
1384081264084	,3.0852609
1384081264087	,2.16729
1384081264089	,2.278547
1384081264091	,2.247366
1384081264094	,2.227624
1384081264096	,2.248259
1384081264098	,2.166428
1384081264101	,2.55533
1384081264104	,3.210184
1384081264107	,2.348228
1384081264109	,2.186682
1384081264112	,2.611134
1384081264114	,2.3002071
1384081264116	,2.193202
1384081264119	,2.295284
1384081264121	,2.6658669
1384081264133	,11.517
1384081264135	,2.259431
1384081264138	,2.2013712
1384081264140	,2.503887
1384081264143	,2.340496
1384081264145	,2.2609808
1384081264148	,2.5799222
1384081264150	,2.0780811
1384081264152	,2.100601
1384081264154	,1.919594
1384081264157	,2.4965
1384081264159	,2.487203
1384081264162	,2.461446
1384081264164	,2.410255
1384081264167	,2.362176
1384081264169	,2.29458
1384081264173	,3.618722
1384081264175	,2.27846
1384081264178	,2.271813
1384081264180	,2.091826
1384081264182	,2.4005892
1384081264185	,2.437857
1384081264188	,2.831702
1384081264191	,2.997201
1384081264193	,2.2122672
1384081264196	,2.545207
1384081264198	,2.47949
1384081264201	,2.377937
1384081264203	,2.535276
1384081264206	,2.308145
1384081264208	,2.33359
1384081264210	,2.2035258
1384081264213	,2.267709
1384081264216	,2.81427
1384081264218	,2.365723
1384081264220	,2.439718
1384081264223	,2.486831
1384081264225	,2.1991532
1384081264228	,2.203317
1384081264230	,2.307062
1384081264232	,2.3281808
1384081264235	,2.280198
1384081264238	,2.8229399
1384081264240	,2.396625
1384081264243	,2.3394432
1384081264245	,2.422175
1384081264248	,2.691719
1384081264260	,4.5842443
1384081264262	,2.515887
1384081264265	,3.162092
1384081264268	,2.773787
1384081264271	,2.201143
1384081264274	,3.0012548
1384081264276	,2.4894319
1384081264280	,3.268838
1384081264282	,2.108564
1384081264284	,2.1691961
1384081264286	,2.106612
1384081264289	,2.6393678
1384081264291	,2.336458
1384081264294	,2.371725
1384081264296	,2.3515859
1384081264299	,2.312531
1384081264301	,2.301626
1384081264304	,2.54204
1384081264306	,2.5139222
1384081264309	,3.0380878
1384081264312	,2.4999318
1384081264315	,2.942057
1384081264318	,2.437746
1384081264320	,2.800053
1384081264323	,2.435066
1384081264327	,4.0877957
1384081264330	,2.580082
1384081264332	,2.458493
1384081264335	,2.9952018
1384081264338	,2.302253
1384081264340	,2.432556
1384081264343	,2.619489
1384081264346	,2.620922
1384081264349	,3.266324
1384081264352	,2.374461
1384081264354	,2.461478
1384081264357	,2.247781
1384081264359	,2.3185701
1384081264362	,2.5026178
1384081264364	,2.213239
1384081264366	,2.412889
1384081264369	,2.624064
1384081264371	,2.265116
1384081264374	,2.4388359
1384081264376	,2.3772118
1384081264379	,2.7079642
1384081264383	,3.798817
1384081264386	,3.079536
1384081264399	,12.369277
1384081264402	,2.580071
1384081264404	,2.156338
1384081264406	,2.4675748
1384081264409	,2.266763
1384081264411	,2.296152
1384081264414	,2.548513
1384081264417	,2.8619142
1384081264419	,2.596568
1384081264422	,2.7565472
1384081264424	,2.364259
1384081264427	,2.241051
1384081264429	,2.235211
1384081264432	,2.570888
1384081264434	,2.583036
1384081264437	,2.604384
1384081264440	,2.906586
1384081264443	,2.719713
1384081264445	,2.478905
1384081264448	,2.691564
1384081264451	,2.732589
1384081264462	,10.643807
1384081264464	,2.394722
1384081264467	,2.62247
1384081264470	,2.7772949
1384081264473	,2.8822591
1384081264476	,2.6834729
1384081264478	,2.567998
1384081264482	,3.29984
1384081264485	,3.062788
1384081264488	,2.731245
1384081264490	,2.3548331
1384081264494	,3.5065448
1384081264497	,3.679859
1384081264500	,2.320162
1384081264502	,2.57381
1384081264505	,2.694036
1384081264508	,2.5946202
1384081264511	,2.687206
1384081264514	,3.054488
1384081264517	,2.8871422
1384081264519	,2.530134
1384081264522	,2.748939
1384081264525	,2.423
1384081264527	,2.335316
1384081264531	,3.28828
1384081264534	,3.365757
1384081264537	,2.964783
1384081264540	,2.522511
1384081264542	,2.475351
1384081264545	,2.3778589
1384081264547	,2.612246
1384081264550	,2.3385649
1384081264552	,2.516556
1384081264555	,2.229971
1384081264557	,2.531519
1384081264560	,2.406665
1384081264562	,2.3782759
1384081264565	,2.5949628
1384081264568	,2.574124
1384081264570	,2.5342748
1384081264573	,2.529377
1384081264576	,2.523632
1384081264579	,2.8482099
1384081264581	,2.577261
1384081264584	,3.015311
1384081264587	,2.611236
1384081264590	,2.638438
1384081264592	,2.4430778
1384081264595	,2.620761
1384081264598	,2.551472
1384081264600	,2.5556078
1384081264603	,2.404448
1384081264606	,2.783904
1384081264608	,2.763808
1384081264611	,2.55624
1384081264614	,2.492021
1384081264617	,2.793247
1384081264619	,2.4860878
1384081264622	,3.061817
1384081264625	,2.597462
1384081264628	,3.028396
1384081264631	,2.668129
1384081264634	,2.865984
1384081264638	,3.8050501
1384081264640	,2.616193
1384081264643	,2.5167391
1384081264646	,2.716366
1384081264649	,2.693807
1384081264651	,2.477507
1384081264654	,2.5728889
1384081264657	,2.575619
1384081264659	,2.600727
1384081264662	,2.9158401
1384081264665	,2.381231
1384081264667	,2.693417
1384081264670	,2.6332562
1384081264673	,2.856876
1384081264676	,2.8789089
1384081264679	,2.7734241
1384081264682	,2.653855
1384081264685	,2.9457228
1384081264688	,2.690133
1384081264691	,3.007627
1384081264696	,5.0641212
1384081264698	,2.6058059
1384081264701	,2.320552
1384081264704	,2.514386
1384081264706	,2.464119
1384081264709	,2.705606
1384081264712	,2.5863478
1384081264714	,2.751937
1384081264718	,3.330472
1384081264722	,4.5327177
1384081264725	,2.568839
1384081264727	,2.24157
1384081264730	,2.2760248
1384081264733	,3.347238
1384081264736	,2.5867019
1384081264738	,2.355437
1384081264741	,2.122278
1384081264743	,2.4662929
1384081264746	,3.100382
1384081264749	,2.8072991
1384081264752	,2.422748
1384081264754	,2.3544772
1384081264756	,2.247103
1384081264759	,2.358806
1384081264761	,2.372426
1384081264764	,2.35628
1384081264766	,2.317396
1384081264769	,2.51536
1384081264771	,2.401782
1384081264774	,2.693053
1384081264777	,2.363938
1384081264779	,2.401866
1384081264781	,2.308311
1384081264784	,2.461519
1384081264787	,2.556815
1384081264789	,2.714498
1384081264792	,2.262412
1384081264794	,2.493271
1384081264797	,2.3390849
1384081264799	,2.689281
1384081264802	,2.5912519
1384081264805	,2.313249
1384081264809	,4.00009
1384081264811	,2.42425
1384081264813	,2.1415381
1384081264816	,2.31835
1384081264818	,2.603932
1384081264821	,2.4244199
1384081264824	,2.6909318
1384081264827	,2.7961159
1384081264829	,2.496531
1384081264832	,2.638365
1384081264835	,2.525462
1384081264837	,2.595715
1384081264840	,2.2460191
1384081264842	,2.5321178
1384081264845	,2.573202
1384081264848	,2.724513
1384081264851	,3.24228
1384081264854	,2.677347
1384081264856	,2.386992
1384081264859	,2.569819
1384081264862	,2.5389771
1384081264864	,2.653076
1384081264867	,2.553396
1384081264870	,2.667363
1384081264872	,2.595866
1384081264875	,2.638509
1384081264878	,2.588341
1384081264881	,2.6841831
1384081264883	,2.463896
1384081264886	,2.5795429
1384081264889	,2.844175
1384081264892	,2.780344
1384081264894	,2.514605
1384081264897	,2.37532
1384081264899	,2.221705
1384081264901	,2.271092
1384081264904	,2.533585
1384081264907	,2.6251469
1384081264909	,2.371696
1384081264912	,2.723398
1384081264914	,2.426145
1384081264917	,2.4291
1384081264920	,3.038773
1384081264923	,2.974769
1384081264925	,2.2083168
1384081264928	,2.7847242
1384081264931	,2.1098611
1384081264933	,2.553793
1384081264936	,2.708845
1384081264938	,2.429027
1384081264941	,2.4919791
1384081264944	,2.532773
1384081264946	,2.360395
1384081264949	,2.5259671
1384081264951	,2.2708378
1384081264954	,2.364773
1384081264956	,2.249574
1384081264958	,2.525259
1384081264961	,2.367219
1384081264964	,2.500246
1384081264966	,2.4435549
1384081264969	,2.632599
1384081264971	,2.264909
1384081264974	,2.3989131
1384081264976	,2.546745
1384081264979	,2.675333
1384081264982	,2.6349008
1384081264984	,2.6328602
1384081264987	,2.244654
1384081264990	,3.31822
1384081264993	,2.774436
1384081264996	,2.81013
1384081264999	,2.561688
1384081265003	,4.232822
1384081265006	,2.472525
1384081265008	,2.352972
1384081265010	,2.252516
1384081265013	,2.550451
1384081265016	,2.450696
1384081265018	,2.4556532
1384081265022	,4.152297
1384081265025	,2.294127
1384081265027	,2.3719318
1384081265030	,2.490386
1384081265032	,2.408915
1384081265035	,2.507657
1384081265037	,2.262664
1384081265039	,2.1481369
1384081265042	,2.2211509
1384081265044	,2.21127
1384081265047	,2.504272
1384081265049	,2.5862439
1384081265052	,2.564848
1384081265055	,2.531717
1384081265057	,2.748995
1384081265060	,2.372613
1384081265062	,2.133502
1384081265065	,2.52446
1384081265067	,2.160468
1384081265070	,2.707395
1384081265072	,2.3869681
1384081265075	,2.614927
1384081265077	,2.485645
1384081265080	,2.63149
1384081265083	,2.6810248
1384081265086	,2.685483
1384081265088	,2.375145
1384081265091	,2.66158
1384081265094	,2.7132351
1384081265098	,4.3839207
1384081265101	,2.2676752
1384081265103	,2.5717409
1384081265106	,2.2177339
1384081265108	,2.3527129
1384081265112	,4.081934
1384081265115	,2.598427
1384081265117	,2.185888
1384081265120	,2.2999961
1384081265122	,2.177258
1384081265142	,12.772903
1384081265145	,2.90239
1384081265147	,2.71279
1384081265150	,2.272148
1384081265152	,2.382425
1384081265162	,9.905418
1384081265165	,2.618583
1384081265167	,2.253052
1384081265170	,2.677793
1384081265173	,2.89027
1384081265176	,2.779959
1384081265179	,2.629055
1384081265181	,2.4883492
1384081265184	,2.378766
1384081265186	,2.557634
1384081265189	,2.449352
1384081265192	,2.977144
1384081265195	,2.887543
1384081265198	,3.3440669
1384081265201	,2.580232
1384081265204	,2.584083
1384081265206	,2.516255
1384081265209	,2.647867
1384081265212	,2.387636
1384081265214	,2.470013
1384081265217	,2.407195
1384081265219	,2.512709
1384081265222	,2.525208
1384081265225	,2.7048512
1384081265227	,2.285325
1384081265229	,2.193051
1384081265232	,2.526767
1384081265234	,2.348265
1384081265239	,4.129814
1384081265241	,2.335422
1384081265244	,2.5312662
1384081265246	,2.356462
1384081265249	,2.591282
1384081265251	,2.437232
1384081265254	,2.482047
1384081265256	,2.261089
1384081265259	,2.400466
1384081265261	,2.717768
1384081265264	,2.8624861
1384081265267	,2.517447
1384081265270	,2.455686
1384081265272	,2.465487
1384081265275	,2.547886
1384081265277	,2.721635
1384081265281	,3.062288
1384081265283	,2.401695
1384081265286	,2.6530669
1384081265289	,2.864336
1384081265292	,2.83012
1384081265295	,2.827872
1384081265297	,2.704256
1384081265300	,2.46181
1384081265303	,2.657359
1384081265305	,2.365223
1384081265308	,2.762664
1384081265311	,2.691619
1384081265313	,2.3534
1384081265315	,2.0602481
1384081265318	,2.22197
1384081265320	,2.319865
1384081265322	,2.259979
1384081265326	,3.193839
1384081265328	,2.3224862
1384081265330	,2.100762
1384081265333	,2.452677
1384081265335	,2.207042
1384081265338	,2.3819332
1384081265340	,2.2228339
1384081265344	,4.429076
1384081265350	,5.946232
1384081265354	,3.236957
1384081265356	,2.2010849
1384081265359	,2.476379
1384081265361	,2.706345
1384081265364	,2.248136
1384081265366	,2.2925582
1384081265368	,2.2578268
1384081265371	,2.3983722
1384081265373	,2.442913
1384081265376	,2.2266479
1384081265378	,2.614471
1384081265381	,2.503835
1384081265384	,2.524407
1384081265386	,2.297615
1384081265389	,2.862323
1384081265391	,2.3235319
1384081265394	,2.306356
1384081265397	,2.617585
1384081265399	,2.660053
1384081265403	,3.436265
1384081265405	,2.4057791
1384081265408	,2.3093
1384081265411	,3.157068
1384081265414	,2.4873788
1384081265416	,2.6307108
1384081265419	,2.246395
1384081265421	,2.171343
1384081265423	,2.422395
1384081265426	,2.482876
1384081265428	,2.189886
1384081265431	,2.278227
1384081265433	,2.139647
1384081265435	,2.335346
1384081265437	,2.133382
1384081265440	,2.4253302
1384081265442	,2.385375
1384081265446	,3.6856542
1384081265448	,2.245728
1384081265451	,2.491123
1384081265453	,2.298815
1384081265456	,2.455813
1384081265458	,2.3402958
1384081265461	,2.68209
1384081265464	,2.285032
1384081265466	,2.4096298
1384081265468	,2.289242
1384081265471	,2.561846
1384081265474	,2.5031312
1384081265476	,2.6263568
1384081265479	,2.5110161
1384081265482	,2.535765
1384081265484	,2.4492452
1384081265487	,2.537783
1384081265489	,2.40137
1384081265492	,2.504517
1384081265494	,2.337125
1384081265497	,2.347496
1384081265499	,2.251445
1384081265502	,2.875522
1384081265505	,2.9379718
1384081265508	,2.4714432
1384081265510	,2.5741918
1384081265513	,2.446436
1384081265515	,2.2386818
1384081265517	,2.323717
1384081265520	,2.255487
1384081265522	,2.512584
1384081265525	,2.285295
1384081265528	,3.431698
1384081265531	,2.403548
1384081265534	,2.6557271
1384081265536	,2.4887242
1384081265539	,2.467213
1384081265541	,2.39209
1384081265544	,2.3949838
1384081265548	,3.862957
1384081265552	,4.016142
1384081265554	,2.505199
1384081265557	,2.446696
1384081265559	,2.341326
1384081265562	,2.345526
1384081265564	,2.1804152
1384081265567	,2.61797
1384081265569	,2.4369519
1384081265572	,2.393666
1384081265574	,2.426188
1384081265577	,2.487026
1384081265579	,2.2818491
1384081265582	,2.532192
1384081265584	,2.274396
1384081265586	,2.3837562
1384081265589	,2.694417
1384081265592	,2.450574
1384081265594	,2.342698
1384081265597	,2.818609
1384081265600	,2.696042
1384081265603	,2.7074142
1384081265606	,3.012041
1384081265609	,2.82871
1384081265611	,2.430553
1384081265616	,4.207353
1384081265618	,2.3699079
1384081265620	,2.4218612
1384081265623	,2.2287872
1384081265625	,2.580717
1384081265628	,2.5391521
1384081265631	,2.599967
1384081265633	,2.189077
1384081265636	,2.426553
1384081265638	,2.423364
1384081265641	,2.626913
1384081265643	,2.443289
1384081265646	,2.469407
1384081265648	,2.426068
1384081265652	,4.048469
1384081265655	,2.323814
1384081265658	,2.5334961
1384081265660	,2.347734
1384081265663	,2.80771
1384081265666	,2.863522
1384081265668	,2.538831
1384081265671	,2.492405
1384081265674	,2.730457
1384081265676	,2.4170182
1384081265679	,2.525709
1384081265681	,2.384715
1384081265684	,2.484442
1384081265687	,2.462028
1384081265689	,2.6244671
1384081265692	,2.7455611
1384081265695	,2.491046
1384081265697	,2.3781679
1384081265700	,2.565733
1384081265702	,2.315769
1384081265705	,2.39379
1384081265707	,2.415662
1384081265710	,2.5438402
1384081265715	,5.256147
1384081265719	,3.63622
1384081265721	,2.355244
1384081265724	,2.462276
1384081265726	,2.116864
1384081265729	,2.529797
1384081265731	,2.731403
1384081265734	,2.356073
1384081265736	,2.372115
1384081265741	,4.285905
1384081265743	,2.470402
1384081265746	,2.54286
1384081265749	,3.0286622
1384081265755	,5.5137863
1384081265759	,3.892735
1384081265762	,2.849629
1384081265764	,2.555818
1384081265767	,2.261853
1384081265769	,2.55877
1384081265772	,2.839081
1384081265775	,2.554239
1384081265777	,2.673434
1384081265780	,2.533832
1384081265783	,2.621146
1384081265786	,2.752617
1384081265788	,2.7522
1384081265791	,2.516122
1384081265794	,2.5330691
1384081265796	,2.457093
1384081265799	,2.645316
1384081265801	,2.404379
1384081265804	,2.279123
1384081265808	,4.354791
1384081265811	,2.904732
1384081265814	,2.865826
1384081265817	,2.5303798
1384081265819	,2.268389
1384081265822	,2.595213
1384081265824	,2.369386
1384081265827	,2.691627
1384081265830	,2.945558
1384081265833	,2.729302
1384081265836	,2.763753
1384081265839	,2.778921
1384081265841	,2.8068602
1384081265844	,2.573303
1384081265847	,2.470135
1384081265849	,2.543487
1384081265852	,2.4400792
1384081265855	,2.7345371
1384081265857	,2.618724
1384081265860	,2.597549
1384081265863	,2.5512018
1384081265865	,2.7226589
1384081265868	,2.597079
1384081265871	,2.776613
1384081265874	,2.7452261
1384081265877	,3.584645
1384081265895	,17.453348
1384081265898	,2.893585
1384081265901	,2.8290029
1384081265910	,8.964558
1384081265913	,2.666748
1384081265915	,2.5295792
1384081265918	,2.70941
1384081265920	,2.4713001
1384081265925	,4.099313
1384081265928	,3.076824
1384081265930	,2.302737
1384081265933	,3.212559
1384081265936	,2.499808
1384081265938	,2.567778
1384081265941	,2.405977
1384081265944	,2.6362972
1384081265946	,2.380508
1384081265949	,2.530535
1384081265952	,3.13211
1384081265954	,2.3502548
1384081265973	,18.954523
1384081265977	,3.589946
1384081265989	,11.811361
1384081265992	,2.995024
1384081265995	,2.704637
1384081265998	,2.7051919
1384081266000	,2.708484
1384081266003	,2.7225568
1384081266005	,2.1543689
1384081266008	,2.6458359
1384081266011	,2.355302
1384081266013	,2.3954408
1384081266018	,4.546771
1384081266021	,3.397657
1384081266024	,2.9326532
1384081266027	,2.805053
1384081266029	,2.3310912
1384081266032	,2.462836
1384081266034	,2.2558491
1384081266037	,2.35473
1384081266039	,2.355433
1384081266042	,2.324943
1384081266044	,2.1696608
1384081266046	,2.24227
1384081266048	,2.2270482
1384081266051	,2.4562562
1384081266053	,2.1613379
1384081266056	,2.353666
1384081266058	,2.110497
1384081266060	,2.3988068
1384081266063	,2.230652
1384081266065	,2.4713511
1384081266068	,2.830395
1384081266071	,2.379573
1384081266073	,2.304084
1384081266075	,2.436237
1384081266078	,2.506531
1384081266081	,2.735718
1384081266084	,2.584115
1384081266086	,2.445783
1384081266089	,2.378412
1384081266091	,2.475607
1384081266094	,2.462782
1384081266096	,2.652363
1384081266099	,2.557156
1384081266102	,2.501953
1384081266104	,2.464957
1384081266107	,2.5213768
1384081266109	,2.413607
1384081266112	,2.968304
1384081266115	,3.1209629
1384081266119	,3.887501
1384081266123	,3.070483
1384081266125	,2.5343769
1384081266127	,2.216989
1384081266130	,2.4457262
1384081266132	,2.437639
1384081266135	,2.746413
1384081266138	,2.190729
1384081266140	,2.427433
1384081266143	,2.649669
1384081266145	,2.515769
1384081266148	,2.3411212
1384081266151	,2.7804408
1384081266153	,2.733779
1384081266158	,4.484483
1384081266161	,2.765052
1384081266163	,2.344876
1384081266166	,2.613082
1384081266168	,2.364116
1384081266171	,2.5406709
1384081266174	,2.6489031
1384081266177	,2.951587
1384081266180	,3.342549
1384081266183	,2.409136
1384081266185	,2.1809242
1384081266187	,2.2894418
1384081266190	,2.22773
1384081266192	,2.388727
1384081266195	,2.424388
1384081266197	,2.310051
1384081266200	,2.6241498
1384081266202	,2.298278
1384081266205	,2.519634
1384081266207	,2.358718
1384081266210	,2.320083
1384081266212	,2.472025
1384081266214	,2.246296
1384081266217	,2.243729
1384081266219	,2.5340161
1384081266222	,2.418745
1384081266224	,2.512643
1384081266227	,2.332768
1384081266230	,2.873903
1384081266233	,3.606859
1384081266237	,3.394278
1384081266240	,2.576513
1384081266242	,2.7410161
1384081266245	,2.688115
1384081266248	,2.5069528
1384081266250	,2.410449
1384081266253	,2.5481799
1384081266255	,2.532269
1384081266262	,6.210937
1384081266264	,2.500642
1384081266267	,2.612497
1384081266270	,2.682857
1384081266272	,2.448568
1384081266274	,2.084158
1384081266277	,2.392761
1384081266280	,2.574946
1384081266282	,2.570039
1384081266285	,2.522345
1384081266288	,2.889074
1384081266291	,2.7746851
1384081266294	,3.7786412
1384081266297	,2.665541
1384081266300	,2.6375492
1384081266302	,2.262732
1384081266305	,2.85006
1384081266307	,2.190392
1384081266310	,2.3356102
1384081266312	,2.253471
1384081266315	,2.599596
1384081266317	,2.5092509
1384081266320	,2.4895482
1384081266323	,2.870877
1384081266333	,10.239376
1384081266337	,3.7112691
1384081266339	,2.277656
1384081266342	,2.130039
1384081266344	,2.2617261
1384081266346	,2.283168
1384081266349	,2.539396
1384081266351	,2.332559
1384081266354	,2.612463
1384081266357	,2.737279
1384081266360	,3.021801
1384081266363	,2.384095
1384081266365	,2.562146
1384081266368	,2.304582
1384081266370	,2.319293
1384081266372	,2.332252
1384081266375	,2.4275458
1384081266378	,2.8822548
1384081266381	,2.864393
1384081266384	,3.039887
1384081266386	,2.217223
1384081266389	,2.5797958
1384081266391	,2.493093
1384081266394	,2.7448258
1384081266397	,2.585523
1384081266399	,2.499496
1384081266402	,2.5274498
1384081266405	,2.6083589
1384081266407	,2.6315458
1384081266410	,2.284711
1384081266412	,2.336383
1384081266415	,2.265836
1384081266417	,2.483659
1384081266420	,2.4218278
1384081266425	,5.234619
1384081266428	,2.574768
1384081266430	,2.2934031
1384081266434	,3.6866298
1384081266437	,2.757274
1384081266439	,2.2865639
1384081266442	,2.573844
1384081266444	,2.282127
1384081266447	,2.514274
1384081266449	,2.453908
1384081266452	,2.478082
1384081266454	,2.3467681
1384081266457	,2.323627
1384081266459	,2.356572
1384081266462	,2.585734
1384081266464	,2.352915
1384081266466	,2.224373
1384081266469	,2.2633421
1384081266471	,2.4419699
1384081266474	,2.393962
1384081266476	,2.44747
1384081266479	,2.320166
1384081266481	,2.422862
1384081266484	,2.431061
1384081266486	,2.303573
1384081266489	,2.4044871
1384081266491	,2.3802938
1384081266494	,2.567752
1384081266496	,2.273536
1384081266498	,2.399932
1384081266501	,2.541323
1384081266504	,2.517916
1384081266506	,2.5246031
1384081266509	,2.667575
1384081266512	,2.9373841
1384081266514	,2.354882
1384081266517	,2.648263
1384081266520	,2.521232
1384081266522	,2.556247
1384081266525	,2.431429
1384081266528	,3.4258668
1384081266531	,2.480392
1384081266534	,2.538373
1384081266537	,3.171654
1384081266541	,4.103523
1384081266544	,2.859126
1384081266546	,2.1393988
1384081266551	,4.801711
1384081266554	,2.3451312
1384081266559	,5.371012
1384081266562	,2.5357509
1384081266567	,5.403212
1384081266569	,2.227419
1384081266572	,2.2452638
1384081266574	,2.084722
1384081266576	,2.30096
1384081266578	,2.24248
1384081266581	,2.428845
1384081266583	,2.610482
1384081266586	,2.925817
1384081266589	,2.3467672
1384081266591	,2.28709
1384081266593	,2.144372
1384081266603	,9.286532
1384081266606	,3.398157
1384081266609	,3.0894108
1384081266611	,2.0988479
1384081266613	,2.05704
1384081266616	,2.073463
1384081266618	,2.3170931
1384081266620	,2.203464
1384081266622	,2.1059031
1384081266625	,2.456393
1384081266627	,2.3759222
1384081266630	,2.503855
1384081266633	,2.5915391
1384081266637	,4.02852
1384081266640	,3.6440349
1384081266643	,2.504827
1384081266646	,3.453474
1384081266649	,2.275276
1384081266651	,2.365278
1384081266654	,2.371803
1384081266656	,2.2023258
1384081266658	,2.3233001
1384081266660	,2.1745129
1384081266663	,2.3518631
1384081266665	,2.126128
1384081266667	,2.3281288
1384081266670	,2.1327538
1384081266672	,2.5066469
1384081266675	,2.35338
1384081266677	,2.564333
1384081266680	,2.327173
1384081266682	,2.439416
1384081266685	,2.408364
1384081266687	,2.420227
1384081266689	,2.376477
1384081266692	,2.4849489
1384081266694	,2.394991
1384081266697	,2.8289719
1384081266700	,2.1567829
1384081266702	,2.175741
1384081266704	,2.228338
1384081266706	,2.271856
1384081266709	,2.2296102
1384081266711	,2.2942262
1384081266713	,2.2637491
1384081266716	,2.206718
1384081266718	,2.738678
1384081266721	,2.532715
1384081266724	,2.4609642
1384081266726	,2.511989
1384081266729	,2.447352
1384081266731	,2.412732
1384081266734	,2.903698
1384081266736	,2.347813
1384081266739	,2.431487
1384081266743	,4.098845
1384081266747	,3.446268
1384081266749	,2.098887
1384081266751	,2.1449852
1384081266753	,2.217184
1384081266755	,2.231424
1384081266758	,2.5083048
1384081266761	,2.460403
1384081266763	,2.263422
1384081266765	,2.259178
1384081266768	,2.288376
1384081266770	,2.1722372
1384081266772	,2.201143
1384081266774	,2.239531
1384081266777	,2.333535
1384081266779	,2.119062
1384081266781	,2.355939
1384081266784	,2.2282782
1384081266786	,2.428165
1384081266790	,4.126237
1384081266793	,2.42622
1384081266795	,2.2061079
1384081266797	,2.244363
1384081266800	,2.215939
1384081266804	,4.617364
1384081266807	,2.2187772
1384081266809	,2.3417451
1384081266812	,2.676281
1384081266814	,2.260934
1384081266816	,2.249301
1384081266819	,2.395626
1384081266821	,2.104459
1384081266823	,2.243973
1384081266826	,2.322226
1384081266828	,2.710433
1384081266831	,2.576439
1384081266834	,3.129036
1384081266837	,2.306031
1384081266839	,2.4167142
1384081266842	,2.496065
1384081266845	,2.886608
1384081266847	,2.5186522
1384081266850	,2.346457
1384081266853	,3.134189
1384081266855	,2.2514431
1384081266857	,2.1293702
1384081266860	,2.47055
1384081266862	,2.128815
1384081266864	,2.300077
1384081266867	,2.3004289
1384081266869	,2.34804
1384081266871	,2.272872
1384081266874	,2.342966
1384081266876	,2.214875
1384081266879	,2.439098
1384081266881	,2.324196
1384081266884	,2.37819
1384081266886	,2.154122
1384081266888	,2.23025
1384081266890	,2.355865
1384081266893	,2.434206
1384081266895	,2.2686508
1384081266898	,2.532826
1384081266900	,2.198008
1384081266902	,2.2487628
1384081266905	,2.562355
1384081266908	,2.41353
1384081266910	,2.229325
1384081266912	,2.428677
1384081266915	,2.824569
1384081266918	,2.20262
1384081266920	,2.412902
1384081266922	,2.159456
1384081266924	,2.075739
1384081266927	,2.226917
1384081266929	,2.1561909
1384081266931	,2.494063
1384081266934	,2.144112
1384081266936	,2.401907
1384081266940	,3.671266
1384081266943	,3.171067
1384081266948	,4.435354
1384081266952	,4.6767893
1384081266955	,2.303159
1384081266957	,2.3376331
1384081266960	,2.427062
1384081266962	,2.609226
1384081266965	,2.349726
1384081266967	,2.347383
1384081266970	,2.326122
1384081266972	,2.556259
1384081266976	,3.5048969
1384081266978	,2.471526
1384081266981	,2.351516
1384081266983	,2.47684
1384081266986	,2.3790119
1384081266989	,2.8837729
1384081266993	,4.05866
1384081266995	,2.5732858
1384081266998	,2.735039
1384081267001	,2.644418
1384081267004	,2.562136
1384081267006	,2.5634432
1384081267009	,2.4778292
1384081267011	,2.5761259
1384081267014	,3.030123
1384081267017	,2.3605568
1384081267020	,2.899442
1384081267023	,2.698093
1384081267025	,2.432721
1384081267028	,2.514507
1384081267030	,2.438951
1384081267033	,2.567728
1384081267035	,2.380575
1384081267038	,2.513247
1384081267042	,3.6210692
1384081267046	,4.839372
1384081267049	,2.2956522
1384081267061	,12.278032
1384081267064	,2.569959
1384081267066	,2.60793
1384081267069	,2.660358
1384081267072	,2.7544298
1384081267075	,2.775708
1384081267078	,2.8761652
1384081267080	,2.44253
1384081267083	,2.6959221
1384081267086	,2.604244
1384081267088	,2.775645
1384081267091	,2.543285
1384081267094	,2.7240381
1384081267096	,2.537991
1384081267099	,2.7638688
1384081267102	,2.636887
1384081267105	,2.994725
1384081267108	,2.9066122
1384081267111	,2.922934
1384081267114	,2.603282
1384081267116	,2.599449
1384081267119	,2.635875
1384081267122	,2.739858
1384081267124	,2.5837028
1384081267127	,2.6101508
1384081267130	,2.480312
1384081267132	,2.5194108
1384081267135	,2.6032982
1384081267137	,2.528001
1384081267140	,2.722638
1384081267143	,3.020302
1384081267146	,2.400378
1384081267149	,2.784214
1384081267151	,2.551825
1384081267153	,2.2874951
1384081267156	,2.24821
1384081267159	,3.301853
1384081267161	,2.193837
1384081267165	,3.090775
1384081267167	,2.200604
1384081267169	,2.573677
1384081267172	,2.291157
1384081267174	,2.4917152
1384081267177	,2.438971
1384081267179	,2.408842
1384081267182	,2.3310359
1384081267184	,2.812397
1384081267187	,2.6024761
1384081267190	,2.423531
1384081267192	,2.019932
1384081267194	,2.562154
1384081267197	,2.193376
1384081267199	,2.355427
1384081267201	,2.178595
1384081267204	,2.745357
1384081267207	,2.5122242
1384081267209	,2.445948
1384081267211	,2.287141
1384081267214	,2.23531
1384081267216	,2.4735372
1384081267219	,2.930126
1384081267222	,3.0351708
1384081267225	,2.754159
1384081267227	,2.187679
1384081267230	,2.547933
1384081267232	,2.3259108
1384081267235	,2.4513521
1384081267237	,2.403564
1384081267240	,2.3220382
1384081267242	,2.658112
1384081267245	,2.7412539
1384081267248	,2.278709
1384081267250	,2.5086432
1384081267253	,2.9655411
1384081267273	,19.537086
1384081267275	,1.958822
1384081267277	,2.333966
1384081267279	,2.327444
1384081267282	,2.2886841
1384081267284	,2.2196841
1384081267287	,2.4010472
1384081267289	,2.22628
1384081267291	,2.319745
1384081267294	,2.333019
1384081267296	,2.671829
1384081267299	,2.310505
1384081267301	,2.4501722
1384081267304	,2.360811
1384081267306	,2.460773
1384081267308	,2.163972
1384081267311	,2.137475
1384081267313	,2.2916498
1384081267315	,2.265647
1384081267318	,2.357729
1384081267320	,2.4745429
1384081267323	,2.3097548
1384081267325	,2.583132
1384081267328	,2.5754552
1384081267331	,2.938398
1384081267334	,2.757129
1384081267336	,2.463268
1384081267339	,2.433855
1384081267342	,2.578806
1384081267344	,2.5844991
1384081267347	,2.9475539
1384081267350	,2.815809
1384081267353	,2.6911411
1384081267355	,2.474711
1384081267358	,2.357814
1384081267361	,2.823992
1384081267363	,2.4093502
1384081267365	,2.290745
1384081267368	,2.307903
1384081267371	,3.546856
1384081267374	,2.157785
1384081267376	,2.168098
1384081267378	,2.307446
1384081267380	,2.1272318
1384081267383	,2.428697
1384081267385	,2.205843
1384081267388	,2.962413
1384081267391	,2.691083
1384081267394	,2.460423
1384081267397	,3.215407
1384081267399	,2.51462
1384081267402	,2.062676
1384081267404	,2.2913759
1384081267406	,2.2643511
1384081267409	,2.701721
1384081267411	,2.301321
1384081267414	,2.266775
1384081267416	,2.636966
1384081267419	,2.653239
1384081267422	,2.6003091
1384081267425	,2.819643
1384081267427	,2.342908
1384081267430	,2.313673
1384081267432	,2.4990592
1384081267435	,2.4015162
1384081267437	,2.296316
1384081267440	,2.5486531
1384081267442	,2.350706
1384081267444	,2.490709
1384081267447	,2.186625
1384081267449	,2.419925
1384081267452	,2.349689
1384081267462	,10.068985
1384081267465	,3.529499
1384081267468	,2.760724
1384081267470	,2.062078
1384081267473	,2.325387
1384081267475	,2.3441641
1384081267478	,2.616148
1384081267481	,2.954749
1384081267483	,2.2149198
1384081267485	,2.232408
1384081267488	,2.431693
1384081267490	,2.294218
1384081267493	,2.385926
1384081267495	,2.3493788
1384081267498	,2.43865
1384081267500	,2.169938
1384081267502	,2.3337462
1384081267505	,2.348239
1384081267507	,2.4617958
1384081267510	,2.356065
1384081267512	,2.495156
1384081267515	,2.981735
1384081267521	,5.641813
1384081267523	,2.247832
1384081267527	,3.190581
1384081267530	,3.247735
1384081267533	,2.6741111
1384081267535	,2.334863
1384081267537	,2.25885
1384081267540	,2.317878
1384081267542	,2.51088
1384081267545	,2.255229
1384081267548	,2.9292629
1384081267550	,2.543189
1384081267554	,3.262888
1384081267557	,3.007209
1384081267559	,2.7335658
1384081267562	,3.023405
1384081267565	,2.430876
1384081267568	,2.9274518
1384081267571	,2.669333
1384081267574	,2.9297452
1384081267576	,2.498385
1384081267578	,2.0244539
1384081267581	,2.4386709
1384081267583	,2.439152
1384081267586	,2.517104
1384081267589	,2.595706
1384081267591	,2.5351732
1384081267594	,2.660309
1384081267600	,6.352085
1384081267610	,10.006132
1384081267613	,2.756302
1384081267616	,2.344483
1384081267618	,2.2894962
1384081267620	,2.204591
1384081267623	,2.368063
1384081267625	,2.067569
1384081267627	,2.309603
1384081267630	,2.365186
1384081267633	,2.98015
1384081267635	,2.341075
1384081267638	,2.528443
1384081267640	,2.543335
1384081267643	,2.525521
1384081267646	,2.5633478
1384081267648	,2.582238
1384081267651	,2.357925
1384081267653	,2.290477
1384081267655	,2.247649
1384081267658	,2.3729432
1384081267660	,2.126885
1384081267663	,3.294508
1384081267666	,2.427145
1384081267668	,2.309543
1384081267671	,3.017538
1384081267674	,2.332803
1384081267676	,2.075308
1384081267678	,2.1814861
1384081267680	,2.079244
1384081267685	,4.5893083
1384081267687	,2.4428911
1384081267690	,2.539737
1384081267693	,2.633579
1384081267696	,2.8726962
1384081267698	,2.5697892
1384081267701	,2.658587
1384081267704	,2.6500459
1384081267706	,2.776716
1384081267709	,2.576432
1384081267712	,2.806627
1384081267715	,2.8215559
1384081267718	,2.721225
1384081267720	,2.6695778
1384081267724	,3.3303611
1384081267727	,2.975782
1384081267730	,2.887537
1384081267733	,2.6748922
1384081267735	,2.82587
1384081267738	,2.716478
1384081267742	,3.241444
1384081267744	,2.5680559
1384081267747	,2.78008
1384081267750	,2.5580359
1384081267752	,2.61751
1384081267755	,2.3879452
1384081267759	,4.2126203
1384081267762	,2.601012
1384081267764	,2.3336031
1384081267767	,2.463382
1384081267770	,3.600344
1384081267773	,3.0121212
1384081267776	,2.6606212
1384081267778	,2.111727
1384081267781	,2.36922
1384081267783	,2.150327
1384081267785	,2.30937
1384081267788	,2.229316
1384081267790	,2.694173
1384081267793	,2.382609
1384081267796	,2.5503259
1384081267798	,2.605549
1384081267801	,2.3832662
1384081267804	,2.9557328
1384081267806	,2.477629
1384081267809	,2.621268
1384081267812	,3.389835
1384081267815	,2.71126
1384081267818	,2.718771
1384081267821	,2.827532
1384081267823	,2.354713
1384081267826	,2.265362
1384081267828	,2.623419
1384081267831	,2.313636
1384081267833	,2.524103
1384081267836	,2.915172
1384081267839	,2.9140668
1384081267841	,2.223481
1384081267844	,2.40339
1384081267846	,2.202948
1384081267849	,2.3374991
1384081267851	,2.343892
1384081267853	,2.3331351
1384081267856	,2.111795
1384081267858	,2.719656
1384081267861	,2.4418159
1384081267863	,2.538603
1384081267866	,2.1415682
1384081267869	,2.868693
1384081267871	,2.5403821
1384081267874	,2.323113
1384081267876	,1.974272
1384081267878	,2.3755229
1384081267881	,2.5242019
1384081267883	,2.497613
1384081267887	,3.722544
1384081267889	,2.388672
1384081267892	,2.343374
1384081267894	,2.249773
1384081267896	,2.1871722
1384081267899	,2.19284
1384081267901	,2.19325
1384081267903	,2.399506
1384081267905	,1.942904
1384081267908	,2.249289
1384081267910	,2.207406
1384081267912	,2.144523
1384081267914	,2.0894341
1384081267917	,2.3615658
1384081267919	,2.110384
1384081267922	,2.494802
1384081267924	,2.184341
1384081267927	,2.792086
1384081267929	,2.4614232
1384081267932	,2.423234
1384081267934	,2.379478
1384081267937	,2.691504
1384081267939	,2.5204742
1384081267942	,2.6475582
1384081267945	,2.483112
1384081267953	,7.9670887
1384081267955	,2.304707
1384081267958	,2.6658
1384081267961	,2.783766
1384081267963	,2.5262
1384081267966	,2.772389
1384081267969	,2.419
1384081267975	,5.894785
1384081267977	,2.678096
1384081267980	,2.5646422
1384081267983	,2.723762
1384081267986	,3.309597
1384081267988	,1.963262
1384081267990	,1.970511
1384081267992	,2.085104
1384081267994	,2.084759
1384081267997	,2.482352
1384081267999	,2.43877
1384081268002	,2.253779
1384081268004	,2.049188
1384081268006	,2.173835
1384081268008	,2.067919
1384081268010	,2.229737
1384081268013	,2.696307
1384081268016	,2.305164
1384081268018	,2.268461
1384081268020	,2.2946799
1384081268023	,2.286305
1384081268025	,2.372641
1384081268027	,2.332491
1384081268030	,2.42047
1384081268032	,2.348239
1384081268035	,2.34253
1384081268037	,2.553189
1384081268040	,2.598287
1384081268042	,2.528888
1384081268045	,2.635544
1384081268048	,2.575669
1384081268051	,2.722373
1384081268053	,2.167782
1384081268057	,4.302334
1384081268059	,2.193404
1384081268062	,2.533061
1384081268064	,2.170325
1384081268067	,2.673955
1384081268070	,2.46455
1384081268072	,2.571009
1384081268075	,2.382288
1384081268078	,2.849691
1384081268081	,3.072727
1384081268083	,2.117582
1384081268085	,2.2790568
1384081268088	,2.216793
1384081268090	,2.303188
1384081268092	,2.309716
1384081268095	,2.6115391
1384081268097	,2.367319
1384081268100	,2.118177
1384081268102	,2.449496
1384081268104	,2.1562738
1384081268107	,2.420299
1384081268109	,2.3763778
1384081268112	,2.260199
1384081268114	,2.102308
1384081268116	,2.2800062
1384081268118	,2.159331
1384081268121	,2.505046
1384081268123	,2.2421808
1384081268126	,2.5728898
1384081268128	,2.387462
1384081268131	,2.294799
1384081268133	,2.489592
1384081268136	,2.908901
1384081268139	,2.898272
1384081268143	,3.363807
1384081268145	,2.3547919
1384081268147	,2.320356
1384081268150	,2.220542
1384081268152	,2.320626
1384081268155	,2.636878
1384081268157	,2.496209
1384081268159	,2.156718
1384081268162	,2.28254
1384081268164	,2.208545
1384081268167	,2.457896
1384081268170	,2.866365
1384081268172	,2.385686
1384081268175	,2.4398239
1384081268178	,3.008887
1384081268180	,2.275392
1384081268182	,2.4879098
1384081268187	,4.133297
1384081268196	,8.861239
1384081268199	,3.275306
1384081268201	,2.083457
1384081268203	,1.9046761
1384081268205	,2.344784
1384081268207	,1.893399
1384081268209	,2.142293
1384081268211	,1.928885
1384081268214	,2.3919551
1384081268216	,2.1084719
1384081268218	,2.339067
1384081268221	,2.160635
1384081268223	,2.327145
1384081268225	,1.934973
1384081268227	,2.214641
1384081268230	,2.322125
1384081268232	,2.231745
1384081268234	,2.036054
1384081268236	,2.420817
1384081268238	,2.120501
1384081268241	,2.4787939
1384081268243	,2.477545
1384081268246	,2.589505
1384081268249	,2.416884
1384081268251	,2.718741
1384081268254	,2.3990471
1384081268256	,2.426275
1384081268259	,2.196076
1384081268261	,2.368539
1384081268263	,2.366935
1384081268266	,2.261887
1384081268268	,2.2526202
1384081268270	,2.302657
1384081268274	,3.807261
1384081268277	,2.6346312
1384081268281	,3.936538
1384081268283	,2.2061079
1384081268285	,2.067771
1384081268288	,2.34259
1384081268290	,2.2568622
1384081268293	,2.58026
1384081268295	,2.415113
1384081268298	,2.671832
1384081268300	,2.363604
1384081268303	,2.530246
1384081268305	,2.3229609
1384081268308	,2.5319629
1384081268310	,2.527852
1384081268313	,2.513546
1384081268315	,2.443248
1384081268318	,2.577914
1384081268320	,2.257824
1384081268323	,2.4945061
1384081268325	,2.2577758
1384081268328	,2.556835
1384081268330	,2.318405
1384081268333	,2.5873
1384081268335	,2.1821
1384081268338	,2.61492
1384081268340	,2.346509
1384081268343	,2.785137
1384081268346	,2.4207041
1384081268348	,2.564934
1384081268351	,2.621065
1384081268354	,2.6081522
1384081268356	,2.694395
1384081268359	,2.98789
1384081268362	,2.684526
1384081268365	,2.567029
1384081268367	,2.179553
1384081268369	,2.429248
1384081268372	,2.3104951
1384081268374	,2.18575
1384081268377	,2.777919
1384081268379	,2.389453
1384081268382	,2.275346
1384081268385	,3.368814
1384081268388	,2.4486442
1384081268391	,2.839346
1384081268393	,2.0426168
1384081268395	,2.29574
1384081268397	,2.13179
1384081268400	,2.495583
1384081268402	,2.662089
1384081268405	,2.2365892
1384081268407	,2.132117
1384081268409	,2.382498
1384081268412	,2.241844
1384081268414	,2.476719
1384081268417	,2.740192
1384081268420	,2.563253
1384081268422	,2.2518291
1384081268424	,2.450733
1384081268427	,2.121661
1384081268429	,2.185425
1384081268431	,2.288332
1384081268433	,2.1658158
1384081268436	,2.166432
1384081268438	,2.3364198
1384081268441	,2.348754
1384081268443	,2.494911
1384081268446	,2.6177819
1384081268449	,2.7574332
1384081268452	,3.517446
1384081268455	,2.48242
1384081268457	,2.2287052
1384081268459	,2.2191732
1384081268462	,2.378325
1384081268464	,2.35278
1384081268467	,2.3220582
1384081268469	,2.5746078
1384081268471	,2.291981
1384081268474	,2.421583
1384081268478	,3.467649
1384081268480	,2.47562
1384081268483	,2.8679729
1384081268486	,2.701648
1384081268488	,2.208844
1384081268490	,2.346266
1384081268493	,2.6593
1384081268495	,2.249737
1384081268497	,1.908981
1384081268500	,2.214897
1384081268502	,2.0507581
1384081268504	,2.13468
1384081268506	,2.182011
1384081268509	,2.2418969
1384081268511	,2.1283689
1384081268513	,2.1779308
1384081268515	,2.169548
1384081268518	,2.476363
1384081268520	,2.1293578
1384081268522	,2.218643
1384081268524	,2.222874
1384081268527	,2.378384
1384081268529	,2.1843278
1384081268531	,2.255286
1384081268534	,2.117017
1384081268536	,2.690217
1384081268539	,2.390475
1384081268541	,2.489732
1384081268544	,2.173095
1384081268546	,2.348299
1384081268548	,2.205645
1384081268551	,2.146063
1384081268553	,2.139369
1384081268555	,2.481987
1384081268558	,2.1901312
1384081268560	,2.6965668
1384081268563	,2.672193
1384081268565	,2.232865
1384081268569	,3.8915281
1384081268572	,2.454324
1384081268584	,12.347186
1384081268587	,2.431873
1384081268589	,2.433702
1384081268592	,2.46393
1384081268595	,2.805746
1384081268597	,2.6162481
1384081268600	,2.439895
1384081268602	,2.332313
1384081268604	,2.286378
1384081268607	,2.1771932
1384081268610	,2.789175
1384081268612	,2.5126169
1384081268614	,2.124581
1384081268617	,2.347654
1384081268620	,2.87502
1384081268622	,2.413627
1384081268624	,2.258924
1384081268627	,2.1956232
1384081268629	,2.059532
1384081268631	,2.280653
1384081268634	,2.385931
1384081268636	,2.6492171
1384081268638	,2.043847
1384081268641	,2.28674
1384081268643	,2.1644819
1384081268645	,2.2070162
1384081268647	,2.1780949
1384081268650	,2.270587
1384081268652	,2.310239
1384081268655	,2.955587
1384081268658	,2.568362
1384081268660	,2.5394728
1384081268663	,2.337769
1384081268665	,2.326346
1384081268667	,2.1894479
1384081268670	,2.270293
1384081268672	,2.251178
1384081268675	,2.5629928
1384081268677	,2.248645
1384081268680	,2.443516
1384081268682	,2.103525
1384081268684	,2.299407
1384081268687	,3.0078478
1384081268690	,3.0482042
1384081268697	,7.123036
1384081268700	,2.4168
1384081268702	,2.013162
1384081268704	,2.230227
1384081268707	,2.2048812
1384081268709	,2.656344
1384081268712	,2.3354108
1384081268714	,2.330283
1384081268716	,2.402431
1384081268719	,2.276336
1384081268721	,2.4051049
1384081268724	,2.340008
1384081268726	,2.3471022
1384081268728	,2.225624
1384081268731	,2.218168
1384081268733	,2.441935
1384081268735	,2.101578
1384081268738	,2.3544
1384081268740	,2.624365
1384081268743	,2.43549
1384081268745	,2.263801
1384081268748	,2.756273
1384081268751	,2.488338
1384081268753	,2.713572
1384081268756	,2.551056
1384081268759	,2.459703
1384081268761	,2.3399122
1384081268764	,2.5605931
1384081268766	,2.193392
1384081268768	,2.143579
1384081268770	,2.103935
1384081268772	,2.23028
1384081268776	,3.942677
1384081268779	,2.588797
1384081268782	,2.561014
1384081268785	,2.754977
1384081268788	,3.2612371
1384081268790	,2.395283
1384081268793	,2.345748
1384081268795	,2.609093
1384081268798	,2.7977548
1384081268801	,2.4808788
1384081268804	,2.9508631
1384081268807	,2.671803
1384081268809	,2.069138
1384081268811	,2.558951
1384081268814	,2.2730472
1384081268816	,2.3237162
1384081268818	,2.137485
1384081268821	,2.888967
1384081268823	,2.192751
1384081268826	,2.16034
1384081268828	,2.253185
1384081268830	,2.345273
1384081268832	,2.111878
1384081268835	,2.217993
1384081268837	,2.1791742
1384081268840	,2.7999852
1384081268842	,2.107625
1384081268844	,2.2269309
1384081268847	,2.113114
1384081268849	,2.240594
1384081268851	,2.273692
1384081268853	,2.166416
1384081268856	,2.6509619
1384081268859	,2.66504
1384081268862	,3.2488291
1384081268866	,3.528676
1384081268868	,2.238039
1384081268870	,2.401643
1384081268873	,2.1228092
1384081268875	,2.3959398
1384081268877	,2.279341
1384081268880	,2.251927
1384081268882	,2.328779
1384081268885	,2.349243
1384081268887	,2.318872
1384081268889	,2.382945
1384081268892	,2.518887
1384081268895	,3.017211
1384081268898	,2.81584
1384081268901	,2.600101
1384081268903	,2.349822
1384081268905	,2.415793
1384081268908	,2.113851
1384081268910	,2.5581312
1384081268913	,2.800009
1384081268916	,2.466263
1384081268918	,2.438568
1384081268921	,2.5134332
1384081268923	,2.373576
1384081268926	,2.488833
1384081268928	,2.453782
1384081268931	,2.693353
1384081268933	,2.208947
1384081268936	,2.507189
1384081268938	,2.3651521
1384081268941	,2.4713702
1384081268943	,2.667043
1384081268946	,2.539226
1384081268949	,2.444856
1384081268951	,2.737904
1384081268954	,2.325188
1384081268956	,2.501987
1384081268959	,2.445191
1384081268961	,2.6166189
1384081268964	,2.5828412
1384081268966	,2.2616532
1384081268969	,2.118782
1384081268972	,3.089711
1384081268974	,2.2460282
1384081268976	,2.18311
1384081268979	,2.254375
1384081268981	,2.2581499
1384081268983	,2.314075
1384081268986	,2.375243
1384081268990	,4.02205
1384081268992	,2.366517
1384081268995	,2.230458
1384081268997	,2.585721
1384081269002	,4.872727
1384081269006	,3.8088899
1384081269009	,2.567709
1384081269011	,2.0902958
1384081269013	,2.4716709
1384081269016	,2.193383
1384081269018	,2.243598
1384081269020	,2.183645
1384081269023	,2.8467572
1384081269025	,2.268292
1384081269028	,2.3489041
1384081269030	,2.300147
1384081269032	,2.015685
1384081269035	,2.430636
1384081269037	,2.269849
1384081269039	,2.406466
1384081269042	,2.2754672
1384081269044	,2.4294431
1384081269047	,2.334811
1384081269049	,2.567617
1384081269052	,2.2122648
1384081269054	,2.323236
1384081269056	,2.1705382
1384081269060	,3.7748811
1384081269063	,2.446685
1384081269067	,3.993649
1384081269069	,2.5513191
1384081269071	,2.059713
1384081269074	,2.2040048
1384081269076	,2.226319
1384081269078	,2.2561522
1384081269080	,2.2160602
1384081269083	,2.514029
1384081269086	,2.439352
1384081269088	,2.233738
1384081269090	,2.439809
1384081269093	,2.403626
1384081269096	,2.8651369
1384081269098	,2.647102
1384081269101	,2.772718
1384081269104	,2.576729
1384081269106	,2.247833
1384081269109	,2.210844
1384081269111	,2.2526488
1384081269113	,2.221844
1384081269116	,2.5029962
1384081269118	,2.2549121
1384081269121	,2.5573068
1384081269123	,2.2478201
1384081269126	,2.6485162
1384081269128	,2.481845
1384081269131	,2.410443
1384081269133	,2.3641388
1384081269136	,2.412537
1384081269138	,2.396665
1384081269141	,2.587006
1384081269143	,2.3139179
1384081269146	,2.4849021
1384081269148	,2.332271
1384081269151	,2.77774
1384081269154	,2.785739
1384081269156	,2.427319
1384081269158	,2.1876411
1384081269161	,2.515809
1384081269164	,2.522826
1384081269168	,4.0700283
1384081269170	,2.087365
1384081269173	,2.577076
1384081269175	,2.334152
1384081269178	,2.608085
1384081269180	,2.660444
1384081269183	,2.4531932
1384081269185	,2.219912
1384081269187	,2.2631168
1384081269190	,2.4599319
1384081269199	,9.35999
1384081269202	,2.172817
1384081269204	,2.196517
1384081269206	,2.2156022
1384081269209	,3.2157142
1384081269212	,2.215311
1384081269214	,2.551544
1384081269217	,2.101048
1384081269219	,2.3690062
1384081269221	,2.1579309
1384081269224	,2.485838
1384081269226	,2.510865
1384081269229	,2.499718
1384081269231	,2.07128
1384081269233	,2.160563
1384081269235	,2.173327
1384081269238	,2.205163
1384081269240	,2.026547
1384081269242	,2.250123
1384081269244	,2.144352
1384081269247	,3.001201
1384081269250	,2.328957
1384081269252	,2.216223
1384081269254	,2.338336
1384081269257	,2.445676
1384081269259	,2.4600291
1384081269262	,2.309949
1384081269264	,2.325989
1384081269267	,2.695593
1384081269269	,2.4574008
1384081269272	,2.675835
1384081269275	,2.313674
1384081269277	,2.5663311
1384081269280	,2.3411222
1384081269282	,2.32932
1384081269284	,2.475989
1384081269287	,2.4362938
1384081269289	,2.142804
1384081269292	,2.448236
1384081269294	,2.1501222
1384081269297	,2.574607
1384081269299	,2.112271
1384081269302	,3.086097
1384081269304	,2.4666312
1384081269309	,4.2595363
1384081269311	,2.43377
1384081269314	,2.597436
1384081269316	,2.0620592
1384081269318	,2.354706
1384081269321	,2.5555081
1384081269324	,2.457103
1384081269326	,2.1775382
1384081269328	,2.3740869
1384081269330	,2.028857
1384081269333	,2.447533
1384081269335	,2.219376
1384081269338	,2.736746
1384081269340	,2.400356
1384081269343	,2.523643
1384081269346	,2.533725
1384081269348	,2.324362
1384081269350	,2.297599
1384081269353	,2.3416069
1384081269355	,2.22909
1384081269357	,2.480546
1384081269360	,2.4389489
1384081269363	,2.48172
1384081269365	,2.5122252
1384081269369	,3.584114
1384081269371	,2.6781049
1384081269374	,2.283609
1384081269376	,2.262872
1384081269378	,2.1791961
1384081269381	,2.345318
1384081269383	,2.56391
1384081269386	,2.379137
1384081269389	,3.208607
1384081269392	,2.532012
1384081269394	,2.4003
1384081269396	,2.171624
1384081269399	,2.7539642
1384081269402	,2.6623888
1384081269408	,5.897171
1384081269411	,2.7088492
1384081269414	,2.851501
1384081269416	,2.77023
1384081269419	,2.885344
1384081269422	,2.2755811
1384081269424	,2.23406
1384081269427	,3.025767
1384081269430	,2.393532
1384081269432	,2.374981
1384081269435	,2.6118531
1384081269437	,2.310656
1384081269440	,2.493987
1384081269442	,2.420278
1384081269445	,2.412063
1384081269447	,2.3740501
1384081269449	,2.336695
1384081269452	,2.732779
1384081269455	,2.399396
1384081269457	,2.013623
1384081269459	,2.120423
1384081269463	,3.863222
1384081269465	,2.330503
1384081269468	,2.3102582
1384081269470	,2.342277
1384081269472	,2.227986
1384081269475	,2.674124
1384081269477	,2.314686
1384081269480	,2.216144
1384081269482	,2.104851
1384081269484	,2.3438869
1384081269486	,2.232474
1384081269489	,2.268436
1384081269491	,2.230011
1384081269494	,2.3523169
1384081269496	,2.1218932
1384081269498	,2.3328588
1384081269500	,2.2731931
1384081269503	,2.531111
1384081269506	,2.590348
1384081269508	,2.487493
1384081269510	,2.208274
1384081269513	,2.666523
1384081269516	,2.596224
1384081269518	,2.421678
1384081269521	,2.296955
1384081269523	,2.371317
1384081269526	,2.596989
1384081269528	,2.369689
1384081269531	,2.321524
1384081269533	,2.2386131
1384081269535	,2.286265
1384081269538	,2.41962
1384081269540	,2.154318
1384081269542	,2.28315
1384081269544	,2.167044
1384081269547	,2.574823
1384081269549	,2.2303278
1384081269552	,2.366446
1384081269554	,2.398842
1384081269557	,2.3928602
1384081269559	,2.266085
1384081269562	,2.445239
1384081269564	,2.234394
1384081269566	,2.4712272
1384081269569	,2.333434
1384081269571	,2.5050979
1384081269574	,2.277323
1384081269576	,2.252409
1384081269578	,2.342292
1384081269581	,2.357344
1384081269583	,2.2234662
1384081269585	,2.332186
1384081269588	,2.4171588
1384081269590	,2.298276
1384081269593	,2.2885978
1384081269595	,2.379663
1384081269597	,2.138218
1384081269600	,2.263179
1384081269602	,2.6596022
1384081269605	,2.7659361
1384081269607	,2.2430391
1384081269610	,2.5772629
1384081269613	,2.373969
1384081269618	,5.214856
1384081269621	,2.765456
1384081269623	,2.5234761
1384081269625	,2.194978
1384081269628	,2.559023
1384081269630	,2.252502
1384081269633	,2.569387
1384081269636	,2.499359
1384081269638	,2.4257329
1384081269641	,2.440422
1384081269643	,2.427763
1384081269645	,2.2618248
1384081269648	,2.4236088
1384081269650	,2.200646
1384081269653	,2.575427
1384081269655	,2.203382
1384081269658	,2.5708401
1384081269662	,3.97074
1384081269665	,2.984134
1384081269667	,2.274242
1384081269670	,2.488139
1384081269672	,2.511556
1384081269675	,2.8154762
1384081269679	,3.6360831
1384081269681	,2.399519
1384081269683	,2.195481
1384081269686	,2.230337
1384081269688	,2.1220748
1384081269690	,2.321023
1384081269693	,2.407727
1384081269696	,2.747001
1384081269698	,2.328802
1384081269700	,2.267437
1384081269702	,2.071127
1384081269705	,2.587479
1384081269708	,2.559469
1384081269711	,2.6967409
1384081269713	,2.2995372
1384081269716	,2.742941
1384081269718	,2.309562
1384081269721	,2.526366
1384081269723	,2.27625
1384081269725	,2.166258
1384081269728	,2.303252
1384081269730	,2.451749
1384081269732	,2.249475
1384081269735	,2.334466
1384081269737	,2.2361088
1384081269740	,2.430626
1384081269742	,2.311698
1384081269744	,2.34711
1384081269747	,2.2258239
1384081269749	,2.3785372
1384081269752	,2.389005
1384081269754	,2.427696
1384081269758	,3.7508898
1384081269760	,2.4500039
1384081269763	,2.6391299
1384081269766	,2.656922
1384081269768	,2.431301
1384081269771	,3.131562
1384081269774	,2.562249
1384081269777	,2.4587271
1384081269779	,2.2253082
1384081269781	,2.265543
1384081269784	,2.231779
1384081269786	,2.340599
1384081269788	,2.265562
1384081269791	,2.9074662
1384081269794	,2.247872
1384081269796	,2.601203
1384081269798	,2.151228
1384081269806	,7.821886
1384081269809	,2.333222
1384081269811	,2.203238
1384081269814	,2.527092
1384081269816	,2.684683
1384081269820	,4.065678
1384081269824	,3.107904
1384081269826	,2.805959
1384081269829	,2.44854
1384081269831	,2.197652
1384081269834	,2.425559
1384081269836	,2.254811
1384081269838	,2.373153
1384081269841	,2.226325
1384081269843	,2.446323
1384081269846	,2.374829
1384081269848	,2.433017
1384081269851	,2.532232
1384081269853	,2.576323
1384081269856	,2.36346
1384081269859	,2.697987
1384081269861	,2.577897
1384081269864	,2.4388068
1384081269866	,2.3007948
1384081269869	,3.140326
1384081269872	,2.371769
1384081269874	,2.297923
1384081269876	,2.217808
1384081269879	,2.2424529
1384081269881	,2.170715
1384081269883	,2.480167
1384081269886	,2.491354
1384081269888	,2.4305172
1384081269891	,2.2790139
1384081269893	,2.396782
1384081269896	,2.400654
1384081269898	,2.269763
1384081269900	,2.17993
1384081269902	,2.210816
1384081269905	,2.363172
1384081269907	,2.425731
1384081269910	,2.700979
1384081269913	,2.615706
1384081269915	,2.2751489
1384081269918	,2.3880272
1384081269920	,2.479702
1384081269923	,2.57222
1384081269926	,3.523669
1384081269929	,2.372916
1384081269931	,2.109856
1384081269934	,2.521046
1384081269936	,2.2703621
1384081269938	,2.490077
1384081269941	,2.131241
1384081269943	,2.4228868
1384081269945	,2.155188
1384081269948	,2.2005901
1384081269950	,2.075124
1384081269952	,2.15496
1384081269954	,2.2374222
1384081269958	,3.851314
1384081269960	,2.079692
1384081269963	,2.3184729
1384081269965	,2.1277409
1384081269967	,2.282943
1384081269969	,1.987629
1384081269972	,2.276296
1384081269974	,2.448606
1384081269977	,2.557003
1384081269979	,2.288795
1384081269982	,2.5039718
1384081269984	,2.417485
1384081269986	,2.385303
1384081269989	,1.964879
1384081269991	,2.103817
1384081269993	,2.027529
1384081269995	,2.1210558
1384081269997	,2.315782
1384081270000	,2.42816
1384081270002	,2.354062
1384081270005	,2.48277
1384081270007	,2.336488
1384081270010	,3.079696
1384081270013	,2.3222451
1384081270015	,2.37062
1384081270017	,2.164629
1384081270020	,2.52314
1384081270022	,2.4314752
1384081270025	,2.962441
1384081270028	,2.508378
1384081270031	,3.199627
1384081270034	,3.001853
1384081270037	,2.18242
1384081270039	,2.2205348
1384081270043	,4.02569
1384081270045	,2.073731
1384081270048	,2.3645
1384081270050	,2.058701
1384081270052	,2.366527
1384081270054	,2.077615
1384081270056	,2.2448068
1384081270059	,2.0707538
1384081270061	,2.187303
1384081270063	,2.033042
1384081270065	,2.366056
1384081270068	,3.065919
1384081270071	,2.5455601
1384081270074	,2.3887749
1384081270076	,2.3699
1384081270078	,2.083906
1384081270081	,2.3651168
1384081270083	,2.256471
1384081270085	,2.402425
1384081270088	,2.287655
1384081270091	,2.898228
1384081270093	,2.1306808
1384081270095	,2.264129
1384081270097	,2.093499
1384081270100	,2.3709528
1384081270102	,2.000308
1384081270104	,2.3211489
1384081270106	,2.032449
1384081270109	,2.3089461
1384081270111	,2.3107162
1384081270113	,2.157917
1384081270116	,2.321148
1384081270118	,2.252123
1384081270120	,2.065321
1384081270122	,2.33453
1384081270125	,2.089385
1384081270127	,2.163009
1384081270129	,2.414092
1384081270132	,2.782352
1384081270134	,2.133929
1384081270137	,2.286664
1384081270139	,2.280326
1384081270142	,2.53759
1384081270144	,2.1957152
1384081270146	,2.318773
1384081270149	,2.283619
1384081270151	,2.345916
1384081270153	,2.300961
1384081270156	,2.415119
1384081270158	,2.335389
1384081270161	,2.404571
1384081270163	,2.239275
1384081270165	,2.252853
1384081270168	,2.1821918
1384081270170	,2.472723
1384081270172	,2.297608
1384081270175	,2.653833
1384081270178	,2.4100559
1384081270180	,2.206796
1384081270182	,2.4063249
1384081270185	,2.273616
1384081270187	,2.009861
1384081270189	,2.273115
1384081270191	,2.223819
1384081270194	,2.14647
1384081270196	,2.196981
1384081270199	,2.9375181
1384081270201	,2.232627
1384081270204	,2.3356202
1384081270206	,2.161478
1384081270208	,2.219469
1384081270211	,2.419852
1384081270214	,3.001607
1384081270216	,2.6780162
1384081270219	,2.32401
1384081270221	,2.183961
1384081270224	,2.543086
1384081270226	,2.617295
1384081270229	,2.708173
1384081270232	,3.25589
1384081270237	,4.660609
1384081270240	,2.331909
1384081270242	,2.2475
1384081270244	,1.9577049
1384081270246	,2.173326
1384081270248	,2.0503721
1384081270250	,2.197686
1384081270253	,2.123217
1384081270255	,2.077676
1384081270257	,2.2670891
1384081270260	,2.3684928
1384081270262	,2.155961
1384081270264	,2.410653
1384081270266	,2.1370559
1384081270269	,2.2902
1384081270271	,2.268928
1384081270274	,2.36258
1384081270276	,2.118721
1384081270278	,2.235879
1384081270280	,2.1960921
1384081270283	,2.222689
1384081270285	,2.2026908
1384081270287	,2.404023
1384081270290	,2.586208
1384081270293	,2.818284
1384081270303	,10.182291
1384081270305	,2.140709
1384081270307	,2.127158
1384081270310	,2.159913
1384081270313	,3.142137
1384081270315	,2.249043
1384081270317	,2.353975
1384081270320	,2.2994652
1384081270323	,2.800892
1384081270325	,2.513678
1384081270327	,2.301644
1384081270331	,3.470521
1384081270333	,2.211509
1384081270336	,2.484629
1384081270338	,2.0396929
1384081270340	,2.3766088
1384081270342	,2.121226
1384081270345	,2.277873
1384081270347	,2.076988
1384081270349	,2.02499
1384081270351	,2.113709
1384081270354	,2.32072
1384081270356	,2.203495
1384081270358	,2.037717
1384081270360	,2.14906
1384081270362	,2.203337
1384081270364	,1.94411
1384081270366	,2.1002429
1384081270369	,2.047369
1384081270376	,7.405857
1384081270378	,2.096656
1384081270381	,2.436854
1384081270383	,2.414855
1384081270385	,2.1367538
1384081270387	,1.9561961
1384081270389	,2.1723
1384081270392	,2.039829
1384081270397	,4.919729
1384081270399	,2.277297
1384081270401	,2.249852
1384081270403	,2.2299762
1384081270406	,2.7009299
1384081270409	,2.370156
1384081270411	,2.265443
1384081270413	,2.328063
1384081270416	,2.8571222
1384081270418	,1.994058
1384081270421	,2.451091
1384081270423	,2.222709
1384081270426	,2.64815
1384081270428	,2.1397352
1384081270430	,2.3663049
1384081270433	,2.382598
1384081270435	,2.574907
1384081270439	,3.554836
1384081270442	,2.699495
1384081270444	,2.486312
1384081270446	,2.170871
1384081270448	,1.968823
1384081270451	,2.081475
1384081270453	,1.901026
1384081270455	,2.2607272
1384081270457	,2.3004541
1384081270460	,2.331427
1384081270462	,2.330441
1384081270464	,2.217437
1384081270467	,2.134722
1384081270469	,2.351532
1384081270471	,2.208417
1384081270474	,2.4681451
1384081270476	,2.616064
1384081270479	,2.153003
1384081270481	,2.029757
1384081270483	,2.298476
1384081270485	,2.273181
1384081270488	,2.344912
1384081270490	,2.156432
1384081270492	,2.394346
1384081270494	,2.05571
1384081270497	,2.3919961
1384081270499	,2.042539
1384081270501	,2.090533
1384081270503	,2.2643158
1384081270506	,2.074127
1384081270508	,2.213397
1384081270510	,2.1058588
1384081270512	,2.094689
