304635,180,180,360,1700489974,1539073834,1470952037
305135,186,187,373,1700888968,1541765144,1455995600
305635,222,222,444,1692515814,1513433040,1448613947
306136,232,228,469,2618266217,2289413864,2192716327
306636,292,293,583,3280727938,2644511910,2528103659
307136,320,324,645,3196069735,2496418058,2356696718
307637,341,339,677,3237935581,2664653670,2564609544
308137,329,327,659,3369774020,2671063255,2573473333
308637,374,375,749,3333739305,2820540084,2720951590
309137,416,415,839,4969983138,4495595468,4393048143
309637,426,422,846,5046844151,4243041470,4142777143
310138,460,462,925,5020150743,4322603041,4230603218
310638,403,404,804,5191986256,4567871524,4422475429
311138,419,419,842,5181783420,4373352152,4215355586
311638,424,419,852,6464960102,5849833050,5734246742
312138,473,473,946,7049757522,6469918780,6342751720
312638,491,489,978,6909997053,6048525767,5921754924
313140,429,431,862,6530270617,5700952024,5574094541
313641,471,475,943,7375317996,6332247178,6124829330
314141,437,434,882,7401627944,6303162388,6061418927
314641,503,501,1005,8600195596,7466229135,7281639691
315141,493,489,982,8655162601,7636874564,7489211038
315642,432,442,869,8970327588,7859634111,7571791209
316142,484,481,964,8664424415,7582212960,7422136731
316642,487,486,979,8874420088,7461149870,7237015086
317143,516,516,1028,9064780210,8418169930,8320625618
317643,469,466,939,8868735376,7685328549,7531514049
318143,540,547,1076,8777069251,7786579826,7586973822
318643,533,533,1074,8785649491,7567384212,7396158622
319143,532,528,1063,8641393441,7475591485,7321215327
319644,539,537,1076,8762718129,7590764644,7460416448
320144,510,513,1022,8554037904,7289270052,7069307373
320644,462,459,922,8539323277,7144685132,6835708167
321144,490,493,979,8829335965,7674170625,7510940932
321645,471,467,939,9005807609,8000011261,7812049910
322145,500,502,1004,8935527996,7859263345,7657874889
322645,497,494,990,8768083667,7642383574,7449566812
323146,506,505,1009,8760108688,7669676786,7482839355
323680,501,503,1008,8368024412,7206196627,6996868952
324181,510,515,1020,9712262930,8526375449,8265212746
324681,528,524,1056,8618864181,7277323107,7107946798
325181,505,507,1012,8573315836,7023871196,6794978524
325681,504,504,1009,8890569243,7734376055,7531404463
326182,508,508,1009,8668522408,7321859999,7172926372
326682,497,500,1004,8746921369,7567309867,7306983153
327182,535,527,1060,8642780073,7257647567,7008486220
327682,522,524,1042,8702629755,7444060201,7213619449
328183,418,416,840,8541910850,6469152278,6200967377
328683,534,539,1073,8759522716,7413248639,7207948591
329183,531,530,1060,8762603435,7558045673,7360307445
329684,539,534,1072,8754071792,7610253420,7430942507
330184,535,543,1073,8730556317,7457242276,7224316400
330684,532,529,1065,8630139380,7158282792,6985221914
331184,518,519,1039,8862060299,7663696065,7447333645
331684,513,509,1023,8761262748,7635164712,7493086010
332185,538,539,1077,8706430658,7526439886,7313003583
332685,439,441,880,8868345369,7711200766,7481100086
333185,533,539,1072,8806950379,7625847743,7411274414
333686,528,520,1048,8739050549,7484697116,7317022924
334186,535,534,1069,8735051006,7601323707,7392044452
334686,538,540,1077,8767449780,7608174725,7453242518
335186,515,518,1030,8926666799,7944010959,7797860070
335687,530,530,1064,8821970820,7685218395,7512924278
336187,545,543,1087,8815935476,7753598481,7614246154
336687,441,440,881,8948052250,7899378977,7814986565
337188,503,501,1005,9027234286,8205642421,8033814406
337688,490,496,985,9049302511,8535185186,8428186191
338188,543,539,1080,9165555843,8508949000,8388490574
338688,541,542,1072,8909015161,8155924510,7967326616
339188,507,509,1029,8855908120,7517222788,7278352004
339689,506,502,1009,8992445825,8219049229,8117784038
340189,537,536,1071,8837402303,7591664260,7398127109
340689,529,534,1064,8713239644,7449231896,7241895958
341190,450,447,895,8978590488,8027066939,7814001107
341690,505,505,1013,8742573512,7858782718,7705585058
342190,486,484,970,7046845977,6241480265,6099806825
342690,494,495,989,8886069945,7954590744,7750581537
343191,499,502,1001,8988879490,8074101818,7919913627
343691,514,515,1028,8927543919,7853162386,7617932327
344191,549,544,1091,8833767400,7719361666,7588916762
344691,497,500,1000,8848047733,7909080418,7694430194
345192,448,446,894,8979833822,8006155755,7667700537
345692,538,539,1076,8782112639,7730715656,7616404375
346192,554,550,1105,8938688149,7982269015,7821002729
346692,530,532,1059,8892807090,7888721292,7742955680
347193,555,553,1111,9099860896,8310933367,8186791463
347693,548,550,1090,8982534217,8193631508,8027277775
348193,531,538,1075,8881760318,7804727933,7591730156
348693,552,549,1103,8973393765,8099508823,7966972731
349193,445,448,893,8815228910,7238601059,6977160504
349694,550,545,1094,9146419678,8507489587,8401079549
350194,547,545,1093,8981303486,8111551828,7938908245
350694,542,544,1086,8860792953,7756468154,7562333590
351194,563,567,1130,9075198432,8376966752,8264408121
351695,561,559,1115,9146729056,8693417864,8683603351
352195,576,574,1154,9267483414,8823599789,8679865713
352695,511,510,1022,9226701130,8662523385,8494649769
353195,569,567,1136,9272876913,8834840660,8770166999
353695,562,565,1127,9149972676,8504799443,8363698101
354196,562,561,1123,9140774912,8482455960,8324604964
354696,553,552,1105,8935887758,7994053392,7867695575
355196,571,574,1145,9172898727,8646711128,8549190204
355696,573,570,1143,9197117201,8648370758,8539059762
356196,522,526,1046,8484587906,8136990620,8027801407
356696,545,540,1086,10019016833,9481833559,9385807358
357196,523,528,1052,9336089108,8928725945,8824118823
357697,520,517,1037,9300163565,8841836935,8733717978
358197,488,491,979,8906529934,7819252922,7660404442
358697,499,493,990,8997601400,8173053830,8036154050
359198,497,501,998,8942573638,7887401314,7736639891
359698,521,520,1037,8851647440,7695776146,7472689092
360198,467,470,942,8815777455,7698508604,7530857323
360698,546,541,1084,8700972639,7535808692,7431071897
361198,514,522,1039,8733586669,7268189732,6994785208
361699,512,508,1015,8668797520,7355043232,7155210536
362199,460,462,927,8979082437,7890546795,7664932539
362699,501,499,1001,8846952678,7704744097,7513274407
363200,543,542,1084,9002879730,8230247726,8096719150
363700,553,554,1106,9214435816,8710569544,8630817561
364200,492,496,990,9085981317,8444214737,8340547399
364700,548,542,1090,9247185399,8786995689,8704017159
365200,550,551,1101,9281148269,8866912801,8782472297
365700,562,562,1118,9251908563,8799393488,8719733275
366200,548,548,1102,9260935118,8795996104,8705385060
366700,573,575,1148,9209445519,8713237128,8609411552
367201,573,569,1142,9274093331,8739294103,8639410349
367734,554,558,1112,9097098210,8558611837,8469762846
368234,535,536,1071,9708312687,8735247675,8534650503
368734,535,533,1068,8810025344,7591630857,7369921543
369235,510,512,1021,8815633076,7668476952,7496862429
369735,517,513,1031,8761635517,7332283794,7073933635
370235,460,457,909,8914777551,7842096084,7623414416
370735,504,505,1016,8794955985,7540658610,7306492397
371235,524,531,1054,8770462746,7489515147,7287902686
371736,486,484,970,9075102732,7615031216,7474575423
372236,528,526,1053,8820522357,7602378622,7438145890
372736,504,504,1009,8683477255,7539815603,7426579734
373236,491,491,984,8970575166,7767626364,7526196025
373737,535,534,1069,8737326343,7429758327,7219475919
374237,537,540,1077,8789738030,7500677916,7277894423
374737,537,536,1071,8694742973,7328150103,7093561533
375237,511,508,1020,8730832867,7441114156,7223877337
375738,492,494,985,8884715064,7590939871,7284262677
376238,530,536,1068,8836211903,7637682606,7434065139
376738,541,538,1074,8836108071,7810360797,7622881685
377238,531,524,1059,8861226073,7742227097,7606702259
377739,537,542,1075,8870050796,7788876180,7558060382
378239,539,541,1075,8839794935,7622920847,7422328229
378739,545,547,1102,8720637599,7384320524,7178481008
379239,540,532,1072,8693746830,7465500708,7268335031
379740,481,483,957,8626770189,7207800324,6927391159
380240,520,523,1048,8742908443,7545440451,7332252030
380740,542,542,1086,8863178206,7828148072,7684551475
381240,541,540,1081,8846257051,7700730458,7477063762
381741,519,522,1041,8636933591,7423869145,7230094299
382241,492,490,982,9039924284,8105811188,7901638048
382741,498,500,991,8945298298,8000012981,7792172026
383241,526,519,1052,8763748283,7448152472,7251661579
383742,449,448,894,8727268180,7486896444,7301167872
384242,463,468,934,9023835212,7900287126,7675070105
384742,466,464,930,8837841918,7795304114,7649153305
385243,492,491,979,8878658204,7778733246,7579681581
385743,546,550,1097,8857070745,7598180144,7376252027
386243,512,512,1027,8743016991,7615582323,7379594557
386743,542,538,1079,8724753744,7564224351,7393921364
387244,506,509,1015,8999605266,7928354216,7730578063
387744,441,443,885,8895924140,7896527156,7686988708
388244,500,497,997,8920735006,7813082723,7607801035
388745,532,530,1062,8831676903,7660095405,7454713452
389245,531,534,1058,8670003157,7381111568,7109957461
389745,530,530,1061,8689606428,7317649613,7068967992
390246,518,514,1037,8816172087,7549992928,7362230614
390746,476,479,955,8977907184,8022872692,7865433594
391246,482,489,971,8881635914,7895411722,7733763409
391746,411,412,824,9211100127,8217204616,8070962581
392247,515,505,1014,8936369911,7860782781,7709755034
392747,513,515,1033,8887182515,7691186552,7502052666
393247,498,496,994,8863458554,7773100565,7630607770
393747,516,518,1032,8938505273,7885569187,7689676609
394248,496,496,994,8951292801,7864083715,7656905543
394748,494,497,991,8963820475,8010202811,7836962551
395248,507,507,1007,9025522895,8088894956,7958563897
395748,464,457,929,8962152660,7845516856,7615932408
396248,546,548,1089,8765224977,7664980531,7467682197
396749,548,547,1100,8706889635,7295333022,7065924307
397249,531,533,1064,8720578959,7582024253,7435420943
397749,542,544,1086,8837005691,7667098581,7451583753
398249,550,548,1094,8837858117,7743916394,7539422550
398750,528,532,1052,8779180423,7508722195,7389929031
399250,500,500,1012,9047973370,8094396771,7766903399
399750,439,432,871,9119805650,8185355661,8050995281
400250,515,519,1033,9185561622,8595140861,8483607346
400751,504,504,1009,9113348346,8257205555,8090967048
401251,499,499,998,8930883453,7870347073,7672535829
401751,515,512,1020,8909285011,7957280330,7817205171
402251,496,504,1001,8896788341,7945401356,7788496642
402752,536,532,1074,8771558961,7490336679,7286253118
403252,541,543,1084,8846811827,7609587205,7372802591
403752,464,463,927,8879660578,7256533412,7072747675
404252,533,535,1068,8771175095,7558182511,7339988517
404752,546,541,1087,8740354643,7605926625,7442295471
405253,526,529,1055,8748482884,7332257765,7125873090
405753,523,523,1044,8742174215,7407238026,7145640043
406253,558,557,1113,8680343055,7428072519,7257921966
406754,535,533,1067,8660659673,7189213683,7014437687
407254,552,553,1108,8856260383,7842794480,7630012931
407754,473,472,947,8756822008,7565166595,7424347006
408255,542,541,1083,8717319844,7373562780,7098367188
408755,538,539,1077,8783066655,7539364143,7270070987
409255,542,542,1082,8809958018,7565582677,7378291469
409755,528,528,1057,8667892391,7260875507,7081459113
410256,542,546,1088,8812329983,7522129952,7233263603
410756,538,540,1078,8735540985,7422236863,7232015123
411257,507,498,1004,8715975063,7616190569,7414655403
411757,491,497,989,8694819159,7350396338,7113320556
412257,531,529,1061,8738557036,7433536377,7214699467
412757,527,534,1061,8845843674,7586152101,7358475568
413258,518,510,1024,8692392129,7483385559,7301086609
413758,528,534,1063,8777565482,7414986375,7206590778
414258,525,520,1048,8776829441,7598070328,7457892902
414759,525,530,1055,8884973018,7770638663,7500530279
415259,535,529,1058,8811879439,7642414184,7528339453
415759,464,459,929,8937702926,7345439749,7128977200
416260,537,545,1075,8887918595,7652751911,7395496922
416760,519,518,1042,8681288784,7491667010,7331958478
417260,538,536,1076,8859787842,7634057163,7430076782
417761,530,529,1059,8885730627,7808083532,7638793910
418261,536,540,1074,8829606677,7734505478,7549283874
418761,531,531,1064,8848383399,7729203624,7506465327
419262,526,521,1047,8752976136,7626887800,7487149284
419762,472,480,952,8900766766,7534345433,7211311329
420262,537,534,1069,8656162381,7299514460,7101421201
420763,538,535,1075,8819049997,7650433248,7486038858
421263,531,534,1065,8743337890,7346533868,7114613817
421763,539,542,1081,8787149932,7547546012,7346942114
422264,549,545,1091,8796613730,7711695130,7517955881
422764,533,532,1068,8858392868,7682287652,7462644063
423264,513,512,1023,8687175678,7475620612,7292204208
423764,454,453,908,8617605176,7331225030,7095287423
424265,531,535,1066,8862470574,7714633821,7503100696
424765,493,492,984,8922865302,7987008593,7857620222
425265,503,503,1008,8940313356,7876475315,7689780592
425766,550,550,1097,8834819013,7688147787,7506720786
426266,546,546,1082,8702458009,7686971413,7517638754
426766,536,534,1078,8831805234,7587793433,7451297100
427266,529,527,1058,8890224710,7650769510,7463128205
427821,498,503,1004,8471961427,7184640409,7011674427
428321,522,527,1047,10201234833,9028998316,8765358714
428822,537,527,1064,8716688754,7391627155,7165461130
429322,533,532,1064,8690851217,7415220369,7166091345
429822,522,528,1050,8883849708,7740113085,7512019128
430323,530,531,1061,8799406391,7530643455,7352861117
430823,537,530,1066,8698123311,7501106685,7305679391
431323,517,521,1032,8667830112,7308110536,7086243167
431823,516,518,1040,8853105569,7574530957,7356286809
432323,467,461,931,8758278200,7234307851,7044369386
432824,497,507,1001,8897276440,7748384756,7486497724
433324,495,490,989,8990044354,7891901011,7711211900
433824,501,500,999,8903504573,7877969595,7702740480
434324,455,458,915,8948033704,7927256183,7773362066
434825,483,484,967,9059472585,8061804803,7913838317
435325,479,477,955,8980865208,8006391941,7852265506
435825,522,521,1044,8927782324,7726516888,7538771119
436325,442,442,884,8773822626,7561768752,7426302035
436826,526,528,1051,8823716861,7682378980,7400384966
437326,511,507,1020,9008943558,8089209421,7916765577
437826,525,523,1039,8875882681,7772445392,7593322462
438326,516,519,1044,8886026782,7667037782,7492085296
438827,517,517,1031,8810362959,7628401703,7445081906
439327,526,527,1057,8875434740,7733064764,7508531663
439827,523,524,1045,8798366617,7581478990,7377084827
440328,522,514,1037,8773076216,7535052242,7352490557
440828,433,440,865,9176333311,8183861345,8051017489
441328,507,509,1025,9039832432,7968117075,7715968452
441828,529,527,1048,8764484387,7486788654,7295006240
442329,545,544,1097,9101059946,8375732359,8172575048
442829,520,523,1043,8968473535,7778927200,7556202924
443329,538,531,1065,8697024382,7538684075,7402605720
443829,512,517,1029,8728400601,7519262493,7333955890
444330,529,527,1060,8805908142,7440350849,7246683480
444830,468,467,935,8926363717,7911707476,7743055229
445330,522,524,1046,8800282467,7423562682,7206060757
445831,526,529,1055,8867366653,7647500271,7403031296
446331,528,526,1051,8773176299,7635803481,7443802647
446831,490,494,984,8852232691,7634498883,7485890028
447331,499,498,996,8954706575,7840023464,7587057251
447832,504,503,1011,8884051747,7520507057,7345674731
448332,489,487,976,8877476891,7854975278,7733277924
448832,496,496,991,9205444252,8336201017,8111999062
449333,440,437,874,8641396163,7831315437,7570234486
449833,498,497,999,9039451245,7902143102,7709161900
450333,505,510,1012,8951019067,7933604932,7706915508
450834,497,490,990,8907415398,7824989463,7707811647
451334,487,491,978,8862177722,7631348261,7379847856
451834,491,491,982,8963395379,7859000000,7649260216
452334,521,522,1043,8887611136,7878244213,7735986630
452835,500,501,1001,8923917410,7817730530,7667979067
453335,472,480,941,8736373249,7744814814,7418968438
453835,508,502,1020,8952561707,7842503431,7626984005
454335,538,533,1072,8913113050,7831114111,7647067212
454836,524,522,1046,8914428429,7894961785,7713566421
455336,539,541,1076,8844177740,7697351161,7472674433
455836,495,497,995,8881010922,7677358381,7425217148
456336,522,519,1042,8779830559,7571748277,7374976351
456836,474,479,953,8996978887,7946173491,7771383137
457337,488,480,965,8882347640,7776112990,7541127350
457837,446,452,892,8769435340,7846283369,7669738428
458337,513,511,1030,8725139396,7463408833,7221096302
458837,525,528,1055,8948530144,7913421781,7728362436
459338,349,347,693,9247531426,8458896552,8341943039
459838,478,480,957,8893276424,7706226832,7511018933
460338,481,483,969,8886554226,7664443392,7457778178
460838,495,494,986,8923039679,7926601745,7851380049
461339,490,488,980,9186857776,8480482937,8312869136
461839,518,520,1031,9110623884,8389800747,8234107036
462339,484,480,968,9018177947,7740756528,7559476394
462839,514,517,1033,8957209603,7829911255,7638482585
463340,501,499,996,8988117624,7969680994,7794833059
463840,507,506,1019,9045878208,7848894476,7671524078
464340,468,474,942,8692079594,7743028610,7572629523
464840,448,442,890,9343080695,8352885649,8152951309
465340,461,466,927,9078879108,8188346341,8014156869
465841,533,533,1065,8766129321,7619756913,7420792536
466341,528,525,1054,8775694175,7569396383,7399968334
466841,433,432,864,8961437414,7925467064,7456977941
467342,519,523,1043,9286734759,8820101146,8744201764
467842,481,477,957,8953088491,7952743983,7810795585
468343,503,507,1009,9084934454,8057281442,7883619524
468843,493,487,978,8859359321,7761655561,7565549338
469343,512,514,1030,8810729797,7344826768,7082190065
469843,358,357,715,6681127892,5857248140,5776073537
470344,364,370,729,11735715916,10881822238,10704265752
470844,454,450,909,8675039539,7607322346,7490873657
471344,372,377,749,9177310580,8001864631,7815127894
471844,399,392,791,9313001948,8460722895,8279826136
472345,322,322,644,9024429796,8311485912,8177120453
472845,366,366,728,9599304492,8837701788,8677154499
473345,455,459,918,8384859840,7382894956,7285351238
473845,290,292,582,8024449341,7389148939,7248317959
474346,430,425,852,10939459752,9931491032,9765620676
474846,510,510,1023,8951968664,7941912782,7805080851
475346,502,503,1001,8948375844,7844899007,7619322560
475846,302,303,609,9309482835,8645135607,8501569733
476347,442,445,887,8984341400,7986479607,7810653665
476847,425,419,844,8938367701,8061429833,7947560217
477347,500,499,999,8853410626,7654033443,7482012676
477847,525,530,1051,8851970522,7741682941,7542696990
478348,532,529,1063,8867629376,7589560358,7351757667
478848,491,494,987,9030149334,8138558304,7961781636
479348,512,509,1021,8930343885,7727097831,7541886328
479849,427,430,848,8971499196,8101290929,8003422022
480349,485,479,963,8820880899,7598058483,7332887739
480849,473,478,960,8732390306,7330735063,7139771639
481349,423,426,846,8968043840,7459330983,7139258906
481849,492,486,982,8957286145,7813858574,7669636274
482350,489,494,983,8833672364,7677949484,7458726887
482850,470,469,937,8920798604,7834995748,7675628984
483350,499,500,1001,9046754264,8009668587,7837389885
483850,478,475,948,8983753400,8111710898,7985170627
484351,503,502,1005,9045830403,8095464444,7927490920
484851,536,538,1079,8885888636,7655971916,7436959374
485351,535,532,1067,8786869649,7566949484,7390127834
485852,461,469,930,8823450538,7905112177,7774033357
486352,521,519,1040,8854338409,7593204375,7384228948
486852,507,502,1002,8800243580,7580629300,7406030130
487352,433,431,867,9019214701,7997177227,7822131517
487852,503,506,1013,8942904807,7671728433,7489233598
488353,459,463,922,9014210455,8057557981,7942394484
488853,412,410,822,9146660406,8272029152,8145549751
489353,531,533,1058,8691897165,7436485136,7231875364
489854,517,514,1037,8962442058,7777252564,7558864940
490354,360,364,723,8692155058,7811538130,7681224417
490854,486,478,961,9317811441,8112570989,7900415101
491355,538,539,1080,8675217431,7390783834,7226099173
491855,529,533,1056,8744910622,7551550879,7399431127
492355,513,513,1032,8922818387,7673788139,7501845517
492855,495,493,989,8838823179,7727032066,7568881872
493356,513,510,1023,8825599232,7632666712,7424900570
493856,514,518,1031,8792913015,7626283429,7437659319
494356,509,507,1009,8672292936,7386732819,7196906594
494857,469,473,950,8810273122,7671851087,7420698040
495357,534,532,1062,8721080145,7626359754,7404431186
495858,515,519,1038,8964269329,7848301572,7625877127
496358,493,488,976,8905148663,7829282287,7637481798
496858,458,462,915,9051400107,8204763285,8087937930
497358,514,511,1034,9334703878,8817237965,8671586691
497858,468,467,930,8969864729,8109144884,7962441950
498359,456,459,917,9060689396,8106467106,7945271786
498859,490,484,975,9024260386,7977659456,7819033004
499360,446,447,896,8835582953,7951467474,7752785342
499860,499,502,1000,8870595871,7906621817,7723819625
500360,495,500,996,8921661042,7725818429,7481846726
500860,528,523,1051,8609206395,7350480218,7136521834
501361,540,537,1071,8720842187,7421913475,7201590871
501861,523,521,1047,8645482987,7304470762,7110602262
502361,521,526,1047,8769639643,7418902442,7233767502
502861,518,517,1037,8755298586,7530548035,7363101923
503391,487,488,976,8204346300,7089276035,6896167325
503892,525,527,1048,9882155560,8648082269,8390567054
504392,534,535,1073,8802585493,7571694540,7399140151
504892,526,522,1048,8690539529,7452517650,7289373768
505392,532,533,1060,8706854940,7484284711,7293957658
505893,526,523,1053,8761137165,7576940519,7336334720
506393,528,532,1060,8821072498,7639653305,7488947986
506894,530,526,1055,8813212691,7618283888,7389758593
507394,500,504,1005,8818320999,7667230865,7476810316
507894,441,446,887,9069166154,8166094415,7965275482
508394,505,492,998,8950741239,7882565034,7721558446
508894,500,508,1007,9087053878,8057055236,7884507730
509395,499,496,996,8863503752,7737303781,7532908418
509895,493,495,984,8961289458,7973529230,7818493067
510395,493,498,981,8820324129,7799454532,7638513308
510895,498,494,1005,9026486642,7900807346,7684307450
511396,493,490,983,8915208867,7930711420,7801844013
511896,507,510,1016,8929540361,7809215482,7574732161
512396,439,439,879,8824280706,7964033116,7816405966
512897,496,493,990,8992478092,8043051626,7913360415
513397,486,487,973,9012375332,7930498673,7687796087
513897,508,504,1010,8967603618,8098115436,7969840796
514398,473,474,947,9002096434,8033307768,7847574652
514898,520,524,1046,8863491087,7648479501,7416641675
515398,518,515,1033,8752203375,7458644862,7286936429
515899,521,520,1040,8855808581,7629219384,7415514661
516399,522,526,1048,8794588915,7519519276,7344765264
516899,477,473,949,8648581645,7294842228,7065490328
517399,518,521,1040,8744773970,7429873669,7226723898
517900,497,495,993,8887025573,7780360164,7621555310
518400,509,513,1019,8812386030,7679789396,7479114375
518900,525,518,1046,8836460573,7665690302,7523871739
519400,538,544,1082,8779785417,7642303472,7462791956
519901,537,536,1064,8807036648,7508554278,7275354145
520401,532,531,1070,8638841808,7311614688,7121008697
520901,472,473,943,8998776707,7855627570,7636024005
521401,542,540,1084,8591427680,7244691484,7092483566
521902,539,543,1084,8870948721,7887015437,7679544280
522402,525,526,1051,8801643773,7894503975,7778900863
522902,522,521,1041,9008124794,8195660641,8043320532
523403,536,538,1076,8915626562,7698958771,7430215055
523903,501,499,1000,8920210443,7788007573,7640983568
524403,514,509,1019,8918564545,7961137547,7755509531
524903,506,510,1019,8899890887,7768939690,7579984100
525403,446,445,891,8465412364,7449646323,7164289620
525904,509,513,1018,8957020050,7915378749,7752763513
526404,503,500,1008,8796849118,7694226711,7506728976
526904,504,506,1010,8893087644,7812757904,7557284166
527404,525,523,1048,9136694758,8337665800,8179918940
527905,516,517,1033,8925365364,7841235857,7653683881
528405,503,503,996,8792010035,7625777067,7446389393
528905,495,493,998,8923995142,7857982497,7646357886
529405,508,507,1014,8999871630,8104923669,7973530198
529905,442,445,886,9245460104,8489627626,8273844766
530406,501,500,1002,8956858312,7985927680,7816389752
530906,492,488,977,8880556900,7922744846,7815671342
531406,385,391,780,8053268303,7340590067,7293580322
531906,512,507,1019,9955819939,8826296440,8555888237
532407,519,520,1038,8910385282,8062329131,7901066403
532907,539,539,1078,8853819187,7726568799,7549815338
533407,541,542,1079,8826122404,7606074342,7346974265
533908,543,545,1091,8894268878,7716861439,7554556039
534408,458,457,917,8592763519,7502432233,7290282052
534909,492,490,982,8898197896,7975523157,7849953421
535409,485,487,972,9086030038,8127375683,7916101395
535909,479,477,956,8846245545,7701264125,7539903218
536409,504,506,1008,8975983485,7970637072,7792727471
536910,501,504,1007,8951481893,7891708036,7676873020
537410,531,531,1057,8801164449,7520069040,7359044142
537910,506,500,1010,8819565463,7751559064,7556494256
538410,486,492,973,8995556355,8197807723,7998930536
538911,432,429,867,9007140147,8064305418,7862685269
539411,509,511,1016,9045963223,8113371902,7886964243
539911,516,512,1031,8827229390,7740601029,7627378402
540411,489,494,979,9018763015,8122064035,7998506413
540912,473,468,939,9087032614,8204397224,7911901229
541412,482,485,973,9087836103,8213116385,8030567840
541912,512,514,1022,8902961442,7919915726,7757442195
542412,508,500,1013,8974549505,7964903261,7793749748
542913,498,503,1001,9039032085,8169964630,7998667330
543413,434,436,870,8823318543,7526513964,7417116809
543913,500,500,999,9106086106,8114695873,7900844373
544414,496,492,989,8979549744,8038553683,7903895638
544914,504,504,1008,9002094623,8122408839,7991792844
545415,499,498,997,9052556298,8229153579,8087679752
545915,502,506,1008,8976251991,8013157556,7833170449
546415,492,491,975,8920191761,8085057340,7953873508
546915,507,507,1021,8992518572,7763473369,7554394648
547470,525,523,1048,8710428198,7509153879,7341303452
547970,526,529,1056,9866429111,8668894739,8360277780
548470,547,545,1086,8694317680,7461143510,7292693656
548971,540,543,1086,8836903788,7635286710,7424263845
549471,526,527,1056,8702622833,7294579161,7101736625
549971,548,545,1093,8885507943,7665522804,7430973096
550471,554,554,1108,8812805703,7781762417,7623358292
550971,531,535,1062,8736396567,7418609587,7220241949
551472,495,492,991,8913251942,7818562639,7643003740
551973,473,470,943,8898300259,7778077728,7518589775
552473,496,499,995,8951784808,8111813199,7926581782
552973,528,531,1053,8871556066,7823993177,7658257391
553474,537,532,1075,8742519700,7500257996,7327383144
553974,492,490,982,8932600151,7950716597,7824651835
554474,499,504,1003,8960556201,7920717583,7747244347
554974,482,483,963,8805503845,7734458903,7550429716
555475,520,518,1036,8842228310,7658727817,7470868391
555975,519,520,1041,8844412050,7568055451,7382539818
556475,426,424,852,8842870705,7656674372,7437870068
556975,509,511,1016,8952246000,7883432179,7702246370
557476,527,523,1054,9374682507,8926778099,8826034261
557976,508,511,1018,8971366634,7893901403,7739331035
558477,505,509,1011,9026689004,8123122581,7910323930
558977,537,529,1068,8690454175,7388798769,7188692030
559477,509,513,1023,8769453095,7475028176,7231952617
559977,532,526,1058,8845021233,7579215944,7344492753
560477,472,472,936,7755305120,6607429982,6618396473
560978,528,537,1071,9729869204,8125998470,7720455361
561478,549,539,1086,8797772300,7538419165,7331896590
561978,536,543,1084,8742991152,7412157109,7201358780
562478,551,550,1101,8733619035,7570502079,7394779194
562979,555,552,1106,8804413294,7574086900,7398772095
563479,535,536,1071,8727684167,7463613878,7288599280
563979,518,524,1043,8962138225,7959490051,7729028922
564480,553,550,1103,8824255390,7626581462,7414094387
564980,457,453,910,8795680889,7406550656,7136463008
565480,533,532,1063,8896358727,7809722650,7595557996
565980,556,561,1119,8981827230,8061369403,7902786779
566481,553,553,1102,9062299922,8480710643,8379614873
566981,525,526,1054,9130970742,8293258731,8144213355
567481,495,494,983,9139748321,8491165308,8370752380
567982,470,468,945,9139373906,8397696385,8293783716
568482,533,535,1068,9101363181,8497223404,8365158584
568982,481,481,962,8907507720,7950100130,7731643496
569482,527,528,1055,9098253231,8291691605,8118110008
569983,499,495,994,8977758331,8221823071,8119377469
570483,509,514,1021,9138171785,8455530800,8317552809
570983,478,476,953,9045419997,8177492287,8063931722
571483,504,501,1008,9179720496,8650997298,8561305092
571983,534,536,1069,9130573314,8202824827,8032664804
572484,522,519,1042,8797674564,7569583650,7390830529
572984,519,523,1042,8948067392,7861728629,7651287405
573484,467,470,930,8801656102,7725104631,7479062920
573985,500,494,1001,8948240935,7905106005,7749672276
574485,501,502,1000,9005353930,8116693308,7947340556
574985,533,533,1066,8922228965,7824141247,7609486456
575485,518,515,1033,8688639394,7388009604,7133517857
575986,494,501,998,8821378706,7744645241,7557266419
576486,495,488,983,8964795084,7990695993,7873143866
576986,496,501,996,9083065034,8193460718,7990470355
577486,500,495,996,8851045647,7763271132,7587844183
577986,406,414,820,9188654494,8366144298,8221248495
578487,493,485,978,8967662382,8021279681,7869829189
578987,517,518,1035,8818484306,7636569668,7426372718
579487,535,537,1071,8590494043,7225754402,7054484090
579987,537,538,1075,8831749767,7783662137,7603959577
580488,510,510,1016,8783796568,7574887320,7342508567
580988,536,535,1074,8898475581,7818998231,7585760949
581488,509,513,1024,8794832099,7604075007,7398265568
581988,508,506,1014,9059151339,8162380247,8017451829
582489,440,435,875,8989744790,7958238129,7788947999
582989,515,522,1034,9207751965,8619548000,8459998202
583489,514,505,1021,8983303805,8177638151,8069556531
583990,527,535,1063,8815322996,7627481143,7423581499
584490,492,488,979,9066575341,8198797289,7988931448
584991,504,509,1014,8967664635,7952254847,7810060464
585491,484,482,966,8978850934,8115405223,7955640359
585991,513,513,1020,8857535316,7887511304,7716547537
586491,529,530,1064,8844007813,7652189407,7443274972
586992,465,468,934,9105968672,8079748497,7921160333
587492,526,519,1042,8873322228,7917287874,7773719317
587992,483,485,969,8984441470,8025451000,7851524040
588493,513,510,1025,9009752083,8010985336,7821835007
588993,536,533,1069,8811254784,7650884839,7469322950
589493,523,531,1048,8943907160,7932949490,7768108769
589993,526,527,1054,8767540879,7532042564,7305467561
590494,515,512,1031,8715746084,7433729067,7260382579
591008,492,492,985,8021706033,6747662695,6586481212
591508,491,496,985,9615150636,7971618770,7709860828
592008,483,478,959,8925553846,7905780151,7693773064
592509,510,508,1020,9029703784,8128752438,7965427850
593009,508,507,1009,8914713285,7935075854,7754452173
593509,495,499,1001,8940358632,7768996050,7638090819
594009,498,501,1000,9098396747,8064785290,7863633047
594510,497,495,988,8738546928,7563509159,7392171874
595010,495,494,993,8938045912,7812145588,7653061105
595556,483,479,962,8824907071,7898668127,7798896395
596056,490,497,986,10101061926,9020698050,8707379638
596556,500,493,994,9061621250,8322250560,8222798318
597057,502,503,999,9020498213,8042111670,7889878359
597557,500,499,995,8915580423,7793558015,7560815199
598057,488,493,985,9011594609,7980897908,7866933348
598557,493,490,989,8940373946,7948674160,7697123917
599058,513,515,1027,8908084120,7700590400,7496420498
599558,526,525,1052,8781572890,7602483578,7462060055
600058,484,480,964,8508028380,7188851308,6949385742
600558,497,497,994,9039779893,8071336200,7905709865
601058,487,489,971,9079397943,8282550092,8129023148
601559,494,497,996,8844193547,7835202392,7672232096
602059,528,524,1052,8894409370,7785103407,7574626806
602559,534,533,1066,8991293836,7940749855,7650950198
603059,507,509,1016,8811576963,7685046781,7525420260
603559,511,513,1023,8788520476,7618420271,7463767210
604060,467,468,937,9016822045,7987201712,7786290261
604560,419,417,836,8841068264,7603827260,7502083192
605060,493,492,983,9006841222,7964079847,7723150302
605560,489,488,976,8793985342,7805957937,7694761978
606061,488,496,986,9033539137,7865550595,7655368706
606561,468,464,932,8958010242,7844014068,7690736516
607061,479,473,953,8937068296,7954990794,7799024031
607561,492,499,991,8962526170,7873455709,7710186913
608062,497,498,995,8865280103,7688248610,7528523350
608562,496,494,990,8914305222,7891289361,7667044518
609062,491,487,976,8991169338,7928048610,7793352319
609562,456,455,910,8385104506,7123022434,6647740545
610063,499,503,1005,8821492386,7587555700,7381554229
610563,516,518,1034,8833717977,7670454823,7492608821
611063,518,513,1031,8857920644,7617248790,7433168017
611564,493,497,990,8896779599,7829402708,7635445013
612064,497,494,990,8924713572,7759204768,7561105184
612564,497,500,998,8859477720,7641514594,7442421774
613065,511,514,1025,8861027687,7829082892,7655316569
613565,529,523,1048,8839568132,7678504342,7489200047
614065,477,479,960,8542020711,7079557563,6865936260
614565,495,495,989,8958337114,8055891044,7890351995
615065,514,511,1025,8934108522,7961878567,7855283088
615565,508,512,1021,8893525331,7888513679,7697367823
616066,509,509,1011,8985514959,7949265808,7793725549
616566,496,497,998,8836214794,7617224037,7387095248
617066,530,530,1056,8925503315,7859326904,7698565372
617567,524,523,1050,8947829474,7898200554,7690574078
618067,462,461,922,8596286683,7089100036,6819946422
618567,522,523,1048,9007052778,8038958159,7883639472
619067,489,486,968,8844659427,7923439437,7776518310
619567,485,488,981,8941096476,7854160374,7689549817
620068,510,509,1018,8894592666,7846263935,7677553687
620568,497,498,995,8898908739,7793367178,7600512521
621068,499,500,1000,8918777685,7871901714,7734793013
621568,494,497,989,8959196075,7971399307,7800031262
622069,536,529,1065,8979717747,7976776258,7824031842
622569,446,451,897,8964514969,8022280527,7879608732
623069,525,523,1050,8876170564,7814974952,7582449086
623569,512,512,1024,8891427966,7841769707,7615166471
624070,494,487,980,8983599756,7892546629,7727035522
624570,497,507,1005,8851491522,7771168411,7567166927
625070,518,512,1024,8688440417,7531643899,7379925831
625570,511,513,1030,8853355976,7642411586,7446272792
626071,497,498,995,8854942116,7682716632,7503903911
626571,496,496,992,8839687704,7698767962,7518897150
627071,437,433,870,8969288079,7623001762,7439318072
627572,497,500,996,8984026257,8000637689,7818680279
628072,507,502,1009,8863621367,7776432022,7601117477
628572,518,520,1031,8748193138,7574456563,7396016350
629072,512,516,1035,8848756886,7533389337,7244562344
629573,506,508,1014,8791648875,7649438263,7432676159
630073,532,528,1060,8947626041,7840658339,7677537107
630573,532,530,1062,8861360402,7621631925,7378656300
631074,517,519,1037,8683661648,7420054106,7215857062
631574,451,451,902,8606953457,7648834855,7348082815
632075,527,524,1048,9001023354,7820335647,7596345196
632575,529,532,1058,8693500649,7406290868,7238523050
633075,490,491,982,8825495084,7774377838,7592954754
633575,488,487,980,8984584966,7967766114,7790441365
634075,495,498,991,8907013218,7833482125,7713566448
634576,495,490,985,8842528056,7821727307,7656737483
635076,474,476,952,8990297007,7979549495,7830416263
635576,502,506,1007,9025396296,8000547822,7802902793
636077,436,432,869,8709885819,7779652243,7595545777
636577,495,494,981,8847676712,7908051250,7827194695
637077,515,513,1036,8940410448,7783898753,7576913217
637577,530,532,1062,8884225314,7878930253,7710741200
638077,508,508,1015,8958749874,7952393209,7754870873
638578,503,506,1007,8803327587,7612614363,7424408773
639078,502,502,1006,8727309636,7638543926,7450385180
639578,518,517,1035,8792157923,7551051068,7355560295
640078,504,503,1008,8896131266,7720682187,7529048167
640579,419,424,842,9091840665,8168929250,7930985821
641079,498,491,989,8957462075,8108679415,7952874772
641579,505,507,1013,8971452922,8034356367,7908223703
642079,523,524,1038,8897928442,7969621156,7832373302
642580,483,483,975,8778104572,7406666857,7134453955
643080,505,507,1012,8899658125,7811320242,7628914157
643580,516,515,1029,8891337317,7853504194,7655645846
644080,542,540,1084,9081729054,8325386304,8244159678
644581,561,557,1111,9010831319,8255103276,8183262833
645081,479,484,969,9180256909,8352001287,8097487517
645581,526,529,1045,8634832504,7508007592,7353149257
646081,520,521,1052,8857946779,7522000301,7335935348
646582,528,528,1056,8928667030,7789887855,7600729735
647082,546,542,1088,8935474264,8062072760,7957069957
647582,556,551,1104,9145562862,8455216489,8314445674
648083,520,526,1049,8723295897,7522463364,7361914983
648583,547,547,1094,8871144447,7741137549,7499222675
649083,483,486,969,8571970306,7327626701,7253486829
649584,536,531,1067,9158094244,8126091526,7793428704
650084,517,518,1035,8795241716,7623845169,7381169801
650584,539,538,1077,8773873615,7606528777,7416551073
651084,539,543,1081,8873412653,7822398903,7622546927
651585,546,543,1089,8758254015,7658974482,7482145745
652085,539,539,1079,8940159793,7783063823,7581092086
652585,550,547,1097,8819553593,7767205583,7618695605
653085,541,543,1084,8863657769,7882114582,7727444120
653586,488,489,975,9011381175,7970460957,7745171496
654086,544,545,1090,9093723924,8371266512,8227112781
654586,558,555,1113,9005705761,8282132857,8206931743
655086,541,543,1085,8858071817,7726156980,7563826489
655587,540,538,1077,8850577975,7666124881,7522479202
656087,537,535,1071,8895504302,7967412735,7827842349
656587,512,515,1028,8877738502,7846944991,7655236418
657087,533,534,1068,8921308582,7952413993,7795636864
657588,465,461,921,8886846583,7834219885,7647050068
658088,531,533,1069,8925251320,7758744855,7555946378
658589,541,540,1080,8698799305,7476459107,7281862268
659089,534,534,1066,8764732621,7433283427,7206267948
659589,520,518,1041,8684233085,7469422265,7266033126
660089,530,539,1068,8936345169,7842612613,7603040316
660590,502,499,1001,8976814072,8072231505,7887124988
661090,507,506,1009,8905520754,7974002948,7917204930
661590,502,499,1004,8953227596,7946163012,7680302012
662090,450,451,903,8884133746,7955651039,7752429025
662591,511,514,1025,8908684682,7885014075,7726992651
663091,513,514,1025,9059711247,8083726682,7875325458
663591,498,496,995,8888570588,7933216960,7819568442
664091,502,501,1002,8950118959,8054273811,7881831247
664592,478,481,952,9011410193,8105225980,7932912987
665092,520,519,1044,8813434175,7653233528,7501502655
665592,513,514,1031,8770925522,7463765778,7260053798
666092,534,532,1060,8727897950,7649209734,7530265367
666592,466,463,935,9080309665,7908439996,7584412655
667093,496,500,996,8997149785,8070292493,7862854108
667593,518,518,1035,8972939948,8086890441,7871072169
668093,525,526,1042,8860392697,7810612530,7650470059
668593,539,538,1083,8943682492,7614747629,7361689131
669093,544,541,1089,8750601069,7565300238,7358863477
669594,504,504,1008,8913837260,7766135250,7590085075
670094,499,501,992,8930892605,7871467229,7736983733
670594,503,502,1013,8905736601,7850938993,7647472499
671094,442,440,882,9009128456,7898484055,7576581079
671595,507,506,1013,8905817750,7857027537,7664807617
672095,493,500,992,8878748769,7893759746,7714661606
672595,497,492,989,8923662373,7872411750,7702693579
673095,502,501,1003,8962542215,7985437889,7769226481
673596,503,507,1010,8976728853,8002518989,7875274077
674096,499,497,995,8945452074,7831172138,7638710763
674596,496,497,995,8995467833,8100066305,7971207886
675097,486,479,964,8979048706,8158773122,8090851190
675597,448,453,902,9079263343,8099522932,7895907601
676097,541,542,1077,8870452134,7789327613,7597260588
676597,521,521,1046,8875656770,7837213703,7638603405
677098,550,552,1100,8860924527,7669545639,7484696432
677598,540,542,1086,8826741433,7625126301,7465963602
678098,500,496,994,8861462951,7821492952,7656912902
678598,535,536,1067,8759464343,7508109743,7321278992
679098,529,532,1066,8757659076,7486806485,7326163118
679599,462,459,919,8636179321,7425478901,7184092346
680099,504,497,1002,8955107174,7820609135,7673992591
680599,500,504,1001,8834162845,7802920740,7625962952
681100,528,525,1057,8832723486,7505078083,7318445751
681600,536,541,1076,8734799783,7438530918,7213583342
682100,532,533,1065,8850299503,7597638163,7336046266
682600,537,538,1077,8625596636,7257607069,7048016428
683100,545,546,1091,8732731335,7400041208,7166567965
683601,549,547,1096,8784813588,7661952031,7559036735
684101,495,493,987,8954412556,7996961635,7820936084
684601,527,529,1045,8822109376,7880555612,7662568033
685101,504,501,1015,9011883015,7919769607,7774548201
685601,509,513,1016,8819862761,7777610886,7530444232
686102,499,495,1002,8890860160,7771125316,7583060798
686602,537,538,1075,8847151563,7731329888,7518305137
687102,545,545,1088,8724642464,7577389739,7423465425
687603,532,535,1068,8808861312,7518234076,7303745896
688103,540,536,1076,8825108616,7814833060,7705209167
688603,477,478,955,8975515400,7763186964,7577620085
689103,544,543,1083,8817730047,7844343324,7678212232
689604,530,532,1067,8834187466,7555742486,7366975576
690104,521,525,1046,8772228414,7653406746,7422472778
690604,538,534,1070,8809441539,7655254081,7499223265
691104,541,542,1084,8741443163,7657898592,7485883911
691605,542,547,1090,8915685260,7764020922,7551891677
692105,534,529,1059,8675265820,7487873175,7358741161
692605,446,448,898,9107896708,8153627241,7927517164
693105,538,536,1074,8835563320,7778831801,7628573266
693606,532,529,1061,8824856469,7688121802,7480382376
694106,541,541,1081,8834985814,7632772387,7444593083
694606,532,536,1068,8863798297,7734943764,7577176487
695106,545,543,1081,8873077465,7876021022,7709492596
695607,504,509,1016,8929076813,7701827882,7507824770
696107,521,518,1044,8841008521,7693186174,7533734721
696607,523,518,1037,8869359001,7669402409,7441628001
697107,444,453,901,8800816452,7593752276,7430153008
697608,526,522,1048,8913371380,7830433746,7630884152
698108,491,490,980,8957015046,7999312844,7851437686
698608,486,485,972,9006304423,8046200944,7894713372
699108,495,494,988,8921570037,8005700246,7837764413
699608,487,490,974,9017438645,8042035905,7788866479
700109,514,515,1031,8914800783,7883155332,7738488081
700609,495,494,984,8962464311,8104341093,7943478296
701109,483,482,968,8937538578,7857345423,7706913462
701610,442,439,885,8856099607,7744993452,7525012107
702110,538,542,1080,8843827316,7740605601,7541835148
702610,529,526,1050,8801619835,7600076380,7389223984
703110,530,538,1073,8766622512,7559531658,7389970947
703611,542,536,1076,8698186065,7333365082,7138543915
704111,545,546,1092,8746909986,7599964952,7399303638
704611,495,495,991,8980656858,8076359057,7933096878
705111,537,533,1070,9008148954,8259543600,8107311104
705614,491,491,980,8244678151,7652659449,7548543782
706114,547,548,1095,9563776418,8434971722,8229017531
706614,523,530,1051,8603066014,7255612585,7071573627
707115,543,539,1083,8819562201,7825024748,7704723421
707615,554,550,1102,9024112635,8229478444,8053460963
708115,544,549,1097,8840578111,7780732052,7623436607
708616,538,531,1065,8861780564,7700972587,7484372469
709116,527,533,1065,8604233434,7229415403,7041246329
709616,497,490,987,8703162925,7495116711,7324035320
710117,435,441,872,9004520800,7972615040,7813333514
710617,495,495,994,8842549681,7727162097,7506109148
711117,503,504,1006,8913060640,7852410264,7657509374
711617,531,530,1062,8900079661,7816643817,7658346385
712118,535,536,1070,8928500973,7876594559,7704588167
712618,546,542,1082,8748748075,7523210832,7396794844
713118,527,536,1059,8876549201,7899629370,7640402475
713619,490,484,970,8848841001,7649520213,7479835108
714119,487,489,990,8999090891,7816296142,7648278428
714619,454,449,902,9080193778,8010917674,7791684549
715120,502,502,1002,8901883706,7872758034,7662361015
715620,499,505,1008,8864578433,7710604080,7550382367
716120,483,477,959,9027833850,8121805391,7932644017
716620,467,466,932,8778864666,7568489535,7436042831
717121,500,503,1000,8855856057,7696518755,7492370322
717621,506,506,1015,8893584803,7903481009,7737041871
718121,508,507,1015,9001370932,7949903034,7776234337
718621,492,492,980,8960155190,7985281688,7811698409
719121,456,456,913,8657049035,7483169760,7260816422
719622,519,522,1046,8879364515,7656291907,7436206268
720122,513,515,1025,8825022694,7849613419,7731872280
720623,521,516,1035,8901282126,7729921698,7533498838
721123,538,545,1088,8868092083,7775696429,7576560340
721623,525,518,1039,8540282268,7402685420,7240990093
722124,516,519,1034,8918263334,7784607367,7447656471
722624,473,471,949,8953698995,7983206669,7848676525
723124,491,494,985,9071293025,8194042182,8035995006
723624,426,425,850,8808632801,7746057446,7615790030
724125,487,483,970,8911887389,7963677469,7826842248
724625,501,503,1005,9065268886,8063291749,7894555326
725125,508,506,1014,8957819164,7975889268,7828216917
725626,524,530,1049,8909360256,7768976404,7554068325
726126,519,520,1043,8954477099,7786969029,7585637104
726626,509,500,1008,8931539925,8059956884,7888069446
727127,526,529,1055,8891620464,7749060017,7525944581
727627,500,499,998,8901096694,7868911471,7742659514
728127,423,430,856,8998896246,8026113616,7854835749
728627,484,481,963,8975544763,8126938771,8002010059
729127,494,492,988,8983114999,8059978424,7914133642
729628,500,497,996,8950673794,8022961034,7843374623
730128,477,484,962,8951948474,8043356352,7896575572
730628,489,487,976,8887728459,7799878113,7564553916
731128,521,519,1036,8763942914,7556081100,7402455286
731629,477,479,960,9011925467,8025713358,7863883667
732129,514,514,1026,8877826576,7781443345,7598110841
732629,460,462,923,8686724462,7507033192,7191890865
733130,533,535,1061,8887494631,7895053477,7682611900
733630,535,530,1071,8821355661,7683093135,7489780285
734130,482,480,963,9155830231,8233161189,8073551435
734630,487,489,969,9023400615,8264072397,8084840455
735131,503,505,1016,9106130471,8338834600,8247217101
735631,502,502,1004,9097327355,8315841300,8188479318
736131,519,516,1034,8736180703,7509999192,7325319777
736631,516,519,1036,8723834675,7516621998,7350469083
737132,422,425,847,9116148673,7843897459,7637721921
737632,525,521,1046,8945724849,8078140934,7914425315
738132,499,493,992,8890346250,7851905199,7706548603
738633,502,508,1010,9005519291,7885942269,7639318076
739133,500,498,997,8957694004,7797941979,7621718434
739634,504,501,1004,8837129390,7686124097,7546173189
740134,495,494,990,8974000318,7866976164,7689195137
740635,490,492,983,8865520239,7728026252,7550608541
741135,494,494,983,8948474546,7978770807,7800659239
741635,431,436,867,8950581246,8005376968,7727254000
742135,486,482,973,8863424875,7606519624,7356462199
742636,480,479,958,8700650182,7441433660,7329209078
743136,495,496,992,8828253418,7700040909,7515907031
743636,496,498,991,8909719215,7791049780,7633610915
744137,526,521,1050,8739379060,7544233229,7398264607
744637,514,518,1028,8957082635,7888887311,7686104500
745137,519,516,1034,8868828647,7800321936,7653089083
745638,513,514,1030,8912817143,7903283011,7708517098
746138,439,440,881,8919998517,7940594586,7683968836
746638,499,495,990,8856913709,7683259690,7545798365
747139,492,503,999,9023463142,7953311822,7755584497
747639,508,506,1011,8947139310,7825112671,7646609255
748139,519,518,1031,8712061003,7577052445,7386399756
748640,502,501,1011,8843637856,7615529448,7442873448
749140,478,476,954,9000383177,7958999307,7786499090
749640,492,491,984,8941652945,7911659385,7717512222
750140,513,513,1021,8887482380,7765350324,7594756045
750641,481,485,971,8936177676,7857376350,7699670446
751141,522,521,1042,8933279843,7878082141,7729114399
751641,523,524,1045,8843419329,7718856617,7483908149
752141,484,483,969,8997627756,7897745145,7692739803
752642,494,492,987,8868970032,7707106626,7579705264
753142,484,483,967,8853599458,7730217213,7499020341
753642,480,483,957,8853298033,7798154421,7657234482
754143,478,476,960,8975914860,7922947259,7737118386
754643,485,492,966,8921445072,7984833062,7821928032
755143,478,471,960,8927340001,7433094749,7188450374
755644,509,508,1014,8898870937,7726933755,7500616680
756144,514,517,1033,8717249434,7581671025,7340479540
756644,517,519,1031,8756582416,7516214637,7382120398
757144,522,519,1046,8786547602,7557373733,7313445233
757645,520,519,1040,8991428299,7977646280,7843952132
758145,534,533,1065,8941871036,8017006354,7916226538
758645,507,509,1018,8916245770,7787766359,7573280066
759145,507,504,1011,8988230532,7986193509,7784302783
759646,442,448,886,8860786263,7943101217,7790054123
760146,503,500,1007,8877328558,7783227425,7631003255
760646,509,505,1011,8866696739,7714139304,7501612416
761146,503,508,1009,8927329416,7803390223,7603367112
761647,525,524,1050,8717389557,7640264423,7492470979
762147,491,493,987,9000097799,7847884543,7639853385
762647,508,504,1007,8885601472,7952437907,7811305246
763147,499,499,999,8857671324,7671918520,7516620725
763647,478,480,962,8986386657,8001383156,7852583836
764148,448,450,899,9074528920,7983637587,7787450174
764648,514,509,1021,8829212204,7813403874,7695117070
765149,500,508,1010,8972309763,7799502795,7562062866
765649,503,501,1004,8853685281,7694075947,7552803724
766149,528,521,1049,9176906805,8461953831,8311339079
766649,507,511,1018,8957735341,8060203621,7922036025
767150,502,503,1005,9067849215,8235042523,8104035270
767650,510,511,1020,9285926401,8662878693,8537261906
768151,520,522,1042,8884889425,7874239508,7652510453
768651,476,472,947,8935838017,7980017939,7836485642
769151,541,541,1084,8917674119,7797258159,7615635865
769652,531,532,1063,8972886157,7813813048,7629216885
770152,535,533,1068,8819162050,7655758557,7455173356
770652,522,524,1043,8831480705,7683861087,7458350287
771152,519,522,1044,8773921873,7566946410,7372838705
771653,525,522,1045,8779041725,7605553807,7461089765
772153,530,523,1054,8944010514,7786767710,7591620069
772653,519,525,1035,8709265737,7444561485,7225229366
773154,466,470,945,8777943302,7426194792,7124943372
773654,503,495,998,8862393012,7755264718,7595473371
774154,510,518,1029,8594123302,7243596386,7028602830
774654,503,500,1003,9060178178,8030890282,7801320009
775155,495,491,986,8937858933,7941299437,7739151254
775655,515,522,1030,8804583948,7621324829,7435910711
776155,517,517,1040,8816723701,7482718570,7270949906
776655,509,502,1011,8978601495,7872866186,7738265651
777222,516,518,1028,8993250929,8373831209,8371545755
777722,510,510,1026,9935689724,8486438204,8105173567
778222,484,489,973,8856480442,7831938155,7676691944
778723,509,505,1009,8942480933,7738726161,7534852366
779223,513,519,1036,8826168663,7576491702,7380905989
779723,529,521,1052,8681669743,7379168679,7196159137
780223,527,532,1058,8719464211,7387832254,7152937837
780724,543,543,1076,8670443975,7566019978,7320812378
781224,539,534,1084,8869593466,7617952375,7464167270
781724,452,458,910,9134196079,8309989236,8096873531
782224,472,466,937,8943546967,7990249915,7867684670
782724,522,523,1046,8944436770,7935928847,7710702982
783225,529,533,1061,8962273287,7841577488,7695446610
783725,530,527,1058,8748245696,7630302380,7475626987
784225,532,533,1065,8873747541,7725873790,7511590725
784725,524,524,1045,8764510485,7352088661,7163035202
785225,532,533,1066,8696809891,7419244582,7207230603
785726,534,531,1063,8935161023,7858188856,7679928972
786226,470,469,943,8668540477,7635725011,7454977498
786726,520,518,1036,8859157188,7769265635,7559384559
787226,516,518,1036,8722131959,7438057973,7206835335
787727,524,520,1044,8709304058,7427120987,7177736315
788227,531,539,1070,8810185954,7353480305,7099283003
788727,527,530,1057,8779114224,7473232624,7154223144
789227,540,537,1068,8714537179,7566084491,7414621631
789727,516,518,1043,8850756659,7513946059,7262441994
790228,539,538,1077,8677155775,7345062979,7103101242
790728,477,474,948,8899047647,7418515827,7192015258
791228,534,539,1076,8843703726,7595952149,7297962721
791728,525,523,1047,8674031821,7365024146,7186298113
792228,536,534,1069,8847035312,7566269316,7310221883
792729,522,523,1047,8901576486,7730633440,7526700144
793229,501,499,992,8887702476,7838522319,7702026232
793729,487,487,982,8842443643,7576230296,7363952985
794229,502,500,999,9010844963,8023440464,7842647635
794729,439,446,888,9003991811,8079364646,7949410053
795230,503,500,1000,8927114355,7995282180,7838091683
795730,502,502,1001,8904462140,7953988408,7756012122
796231,515,514,1035,8961498223,7764162958,7566356409
796731,484,482,963,8931980938,7900138490,7710178582
797231,510,509,1022,8917541295,7969682604,7855286970
797732,477,478,955,8935458236,7857291019,7693136235
798232,541,540,1075,8862742273,7673345162,7431609000
798732,507,507,1019,8863033884,7658938918,7506614475
799232,442,443,886,8964206958,7885751845,7719328562
799732,492,492,984,8928267977,7851256075,7622685891
800233,507,517,1024,8838472373,7497268528,7279718616
800733,509,496,1005,8705531817,7454214625,7234103529
801233,535,544,1076,8724545621,7397120373,7112968581
801733,511,504,1018,8933844459,7880799211,7693925059
802234,474,475,949,9134330564,8207739988,8040689398
802734,523,525,1048,8821094633,7552554399,7348383980
803234,522,525,1046,8832089700,7498876240,7290333662
803735,469,469,938,8453998502,6967028028,6729113289
804235,516,511,1027,8647038198,7276242215,7054677935
804735,533,531,1065,8771647664,7443918628,7207686310
805236,529,533,1062,8742464406,7385141138,7176829668
805736,536,536,1065,8696189182,7482557137,7258295845
806236,535,534,1075,8707300196,7395693625,7189013406
806736,553,551,1100,8876626973,7846228973,7615853758
807237,528,526,1057,8842149912,7555143199,7411017215
807737,514,516,1030,8591269826,7316294816,7147081475
808238,465,465,930,8865602836,7626441908,7423065756
808738,515,518,1033,8900279043,7599649141,7349559128
809238,534,531,1066,8809211191,7542367455,7361894546
809738,532,534,1067,8675591707,7538492582,7350776458
810239,531,531,1061,8878067846,7613332388,7402137082
810739,525,522,1048,8795425937,7519678750,7366402417
811239,529,531,1058,8860464255,7613045531,7394403125
811739,539,535,1073,8649112500,7376653027,7168475437
812253,485,488,975,8055275721,6924682755,6729753154
812753,533,532,1066,9941206748,8810890925,8646913351
813253,508,508,1015,9001819910,7805065690,7603690536
813754,501,501,1003,8835054086,7830651823,7710137905
814254,486,486,971,8959479978,7850765512,7640736198
814754,503,510,1009,8875032760,7718090841,7544044728
815255,532,526,1062,8779471269,7453787011,7317672692
815755,527,532,1059,8908018031,7735422194,7505673142
816255,502,495,997,8849558034,7808687730,7694205827
816755,475,480,954,8816560806,7667083635,7421306794
817255,536,533,1062,8688238483,7413489910,7130217594
817756,529,532,1060,8834369224,7665923960,7469564005
818256,492,488,990,8938790117,7723778818,7525386617
818756,499,505,1004,8919109910,7687784069,7471283601
819257,508,504,1011,8802850743,7718740280,7586306893
819757,511,508,1011,8901039984,7818916934,7603264290
820257,490,492,991,8911401226,7678908499,7525032040
820758,493,495,987,8928252020,7885385058,7732144369
821258,442,445,881,9118003301,8218240911,7966865407
821758,502,496,1004,8884272171,7750971927,7598561430
822259,499,500,1000,9023335308,8010896574,7770863216
822759,510,510,1019,8962869552,8020411470,7860344824
823259,489,492,981,9061857335,8107765191,7876856777
823759,492,494,982,8978514421,8047824738,7922466997
824260,500,493,996,9024157292,8172141426,8090497901
824760,492,497,988,8976886103,7918796324,7728762823
825260,504,504,1011,9022361667,7995879787,7806658127
825760,457,453,910,9048349600,7960696968,7807544221
826260,479,487,966,8958306929,7974634244,7801707290
826761,519,516,1026,8949254448,8007850275,7845784867
827261,533,531,1073,8972175496,8187287150,8070007870
827761,539,540,1076,9154499280,8394757911,8251843604
828261,504,504,1011,9127648002,8364519362,8239661273
828761,487,484,971,8913881698,7876297522,7675749869
829262,499,505,999,8951486365,7838656465,7663895525
829762,499,495,994,9030300160,8213407404,8052591839
830262,443,442,890,9106274686,8319994568,8051346990
830762,513,514,1027,8834329621,7836942762,7719019404
831263,487,487,968,8753870638,7619425343,7361682154
831763,526,529,1059,8815786139,7415112603,7197478796
832263,536,531,1066,8743628206,7498928929,7335521610
832764,485,482,970,8973032417,7937128357,7766544615
833264,520,525,1044,8919914958,7799812951,7643598440
833764,533,531,1064,8932102776,8028314434,7891350051
834264,498,503,1002,9052685257,8199935578,8026260966
834765,444,441,884,9044939104,8177962941,7997594191
835265,525,521,1047,9012506597,8016678552,7842735851
835765,501,507,1008,8996308556,8013782011,7844338352
836266,492,489,981,9112527352,8210134265,8053208661
836766,521,523,1044,8917029036,7927027977,7766896992
837266,478,479,951,9036327765,8161506868,8034169278
837766,488,484,978,9007494004,7989588849,7828339099
838267,515,519,1034,8996497257,7982134615,7747630730
838767,501,495,996,8968449060,8034273840,7901832937
839267,434,437,870,9044328107,8150139215,7596908094
839767,490,494,985,8968366855,7861809691,7682396115
840267,489,483,972,8960363301,7992961050,7845705564
840768,485,486,971,8932561079,7950566037,7799799445
841268,505,505,1003,9029382670,8093290640,7880425722
841768,495,496,998,8919001671,7797730464,7603246048
842268,496,497,993,8813904886,7699555345,7564402188
842769,522,522,1044,8819785059,7518658254,7304150450
843269,516,518,1034,8813779470,7497552656,7256654083
843769,468,465,932,8983208253,8182438720,8008906017
844269,481,481,963,9019178502,7931434088,7754054278
844770,512,510,1013,8941691653,7940112177,7870435746
845270,518,527,1051,9029572986,7978970717,7684702083
845770,518,512,1033,8891839668,7828036693,7705765592
846270,494,499,993,9046956247,8121348993,7969021296
846771,530,527,1057,8821670188,7796199973,7630482475
847271,535,529,1064,8951186920,7962771230,7770022833
847771,518,519,1037,8682222808,7550765662,7434386919
848271,479,485,964,8736310823,7728099844,7521882724
848771,546,540,1080,8810409223,7774284547,7557612554
849272,542,541,1089,8761942913,7646251426,7471473408
849772,534,537,1071,8847204174,7696838687,7529487499
850272,536,537,1073,8882595949,7791186896,7613566815
850772,531,529,1060,8747313493,7591090929,7428715935
851273,511,510,1016,8830778885,7738628279,7591789461
851773,498,502,1004,8923720099,7718871696,7483055167
852274,508,514,1023,8911953010,7781494171,7585456393
852774,457,448,905,9007038516,8097835292,7911574046
853274,506,509,1008,8811205504,7759597976,7554596690
853774,501,494,1001,8957164706,7853807458,7715459643
854274,492,497,983,9011202938,7892811007,7750416873
854775,496,496,995,8824724708,7735261658,7489642503
855275,500,505,1009,8994711629,7865165627,7658767897
855775,507,505,1012,8884021311,7746747622,7601224760
856275,500,498,998,8844439978,7748383720,7584290800
856776,507,505,1012,8744919940,7624070092,7470527975
857276,451,450,900,8871604730,7509237048,7296096385
857776,530,532,1061,8887138569,7950556127,7805952430
858276,501,498,1001,8926570220,7858202033,7672987161
858777,494,502,995,8987070255,8004651794,7799907046
859277,495,489,985,8951834149,7856725009,7643971256
859778,494,502,996,8873109853,7756585547,7549002029
860278,534,525,1057,8796215675,7734870251,7616728102
860778,533,538,1072,8897739258,7682302037,7439239284
861278,510,502,1013,8718935579,7530389136,7366991029
861779,442,446,888,9141064021,8181715175,7988227644
862279,484,484,968,8885267904,7753672031,7584313929
862779,501,505,1002,8914006851,7901264608,7696324150
863279,484,488,976,8864617233,7660664565,7509193478
863780,478,470,945,8927253926,7866677995,7667014835
864280,474,474,947,8804074480,7713828014,7501439357
864780,487,493,983,8943499492,7797939668,7599590168
865281,485,483,967,8913181583,7842787247,7628999633
865781,541,537,1078,8863040732,7804714304,7640459845
866281,458,458,917,8682744417,7314541140,7065378141
866781,516,514,1028,8769501087,7555398915,7374903747
867281,503,508,1014,8835489965,7639592531,7458072915
867782,495,497,991,8753975911,7636576110,7411989332
868282,498,499,998,8984056732,7828303241,7632643573
868782,498,492,990,8851846848,7851930453,7712074475
869283,484,482,966,9182684522,8141176551,7946402083
869783,492,495,986,8831307213,7796716765,7589513776
870283,512,513,1026,8809035979,7660772912,7489926161
870783,473,475,946,8919133961,7798959105,7577729733
871283,533,530,1065,8857930921,7684668866,7489689453
871784,533,530,1061,8786055824,7612679651,7402029731
872285,511,513,1025,8868541033,7754859568,7602940932
872785,497,497,995,8790499077,7777045839,7650536646
873285,501,505,1006,9171333097,8116358188,7861712720
873785,516,516,1032,8794800919,7588381887,7437715063
874285,508,501,1006,8934084138,8074024048,7945910629
874786,509,514,1026,9079080585,8306041549,8138571417
875286,472,469,941,8933802011,7415870382,7265565961
875786,509,507,1016,8963478375,7979739168,7821213361
876287,505,509,1011,9009995837,8058900732,7856188426
876787,483,484,970,8894235183,7841710826,7654886375
877287,500,500,992,8980748961,8042902325,7892133068
877787,514,516,1038,8994381314,7807355821,7600147604
878288,516,513,1029,8794234330,7621839912,7455731056
878788,504,502,1006,9089949592,8197436347,8016971696
879288,526,535,1056,8859962997,7821447117,7631519334
879788,455,450,907,8978554949,7836817883,7717113998
880288,506,503,1012,8818883993,7644092551,7428381931
880789,515,516,1031,8802467278,7577933717,7357209762
881289,482,478,960,8900477690,7866637496,7716142940
881789,526,528,1054,8852915688,7775246318,7619184621
882290,525,527,1050,8999534358,8182789988,8035828266
882790,541,543,1081,8859460223,7731383052,7513284792
883290,534,531,1069,8726981035,7575709631,7466790138
883791,523,522,1044,8777621650,7469336025,7182161211
884291,434,433,869,8600051041,7465471056,7035796067
884791,510,514,1024,8904167007,7678929476,7357840257
885291,518,520,1038,8865578569,7659219698,7464915956
885792,530,530,1055,8830500505,7710015807,7545200425
886292,522,524,1046,8870963290,7733149711,7519099824
886792,529,521,1053,8687492726,7442217062,7337223588
887293,501,500,1001,8971010191,8017662592,7806850221
887793,523,527,1047,9057909911,8167176677,7967789794
888309,451,450,905,8071248625,7053239715,6874983665
888810,509,511,1020,10010217159,9165477744,8979286075
889310,526,526,1052,8943388955,8102388135,7981808887
889810,531,528,1060,8899803736,7892058663,7745786611
890310,509,510,1014,8947713985,7906299920,7711123577
890811,479,480,964,8686897035,7330935180,7155302318
891311,510,508,1017,8893758222,7776256026,7558550093
891811,526,524,1048,8945576172,7900808293,7736410608
892312,495,499,997,8914965861,7919127271,7790667298
892812,440,437,877,8962964076,7959141323,7780328257
893312,495,498,993,8931285851,7919585841,7752355615
893812,484,480,964,9028626977,7925328923,7737019888
894312,478,479,957,9044844542,8150908913,8030254778
894813,498,499,988,9000739020,8008145250,7753222454
895313,518,517,1044,8761847237,7342155699,7153409100
895813,524,525,1047,8639322899,7249503661,7044944363
896313,520,525,1047,8698439271,7522362527,7331176561
896814,525,520,1037,8951783273,7952749166,7749698779
897314,481,486,975,8620920951,7410190141,7161431396
897814,506,504,1009,8827502079,7825935069,7689906732
898314,497,497,995,9002577108,8139395037,7913305561
898815,537,534,1065,8693180037,7512705174,7331506236
899315,497,503,1001,9043324960,8132081111,7906632906
899815,498,490,993,8968057246,8122572838,8001384914
900315,521,522,1038,8785448906,7724123434,7554475642
900815,516,524,1045,8743237784,7347111053,7074917376
901316,544,539,1078,8663189161,7546667466,7385604687
901816,477,475,955,8806804417,7421971328,7105300940
902317,526,529,1051,8769547552,7510381643,7206360035
902817,515,520,1039,8811666184,7554138954,7358988809
903318,507,507,1013,7916605092,6906741839,6728434995
903818,479,475,957,7107552379,6364429699,6245621047
904318,487,486,973,7221193495,6600398296,6471922001
904818,476,474,950,7154900425,6475205612,6378268017
905318,477,482,955,7022144588,6263531444,6099167409
905819,507,503,1013,7000254751,6005823299,5856573732
906319,410,418,829,5529842328,4882424208,4662668143
906820,464,462,926,5186765439,4582916261,4476434465
907320,450,449,896,5247884315,4774307739,4674135119
907820,469,468,940,5226916951,4675484883,4577891150
908321,471,471,940,5096097409,4482671474,4375271121
908821,475,482,957,4834452644,4273423216,4149888460
909321,388,384,774,3348709862,3002033811,2933951003
909821,355,353,707,3465708027,3199945092,3138428742
910321,357,357,714,3430884465,3162995798,3110837753
910822,370,372,743,3441007160,3169478942,3096239693
911322,373,377,750,3430420629,3159961764,3093209037
911856,250,249,499,1724810740,1585751984,1547574807
912356,228,227,455,1834427966,1715907363,1634491456
