11187,55,55,110,413299409,370419169,331796056
11687,79,79,158,410598218,375299929,351106240
12187,53,53,106,418399331,365048417,343439836
12688,58,58,116,400931719,357257533,332426195
13188,59,59,117,414236803,365349801,341058034
13688,56,56,113,430711621,363088643,339213761
14188,67,67,134,431237934,378195511,351614624
14689,62,62,124,429322689,380769264,359839415
15189,59,59,118,436210727,389777728,366475410
15689,58,58,116,433614757,388059621,353863497
16189,59,59,118,425247007,372278812,353345793
16690,59,59,118,426899138,383351180,366598070
17190,60,60,120,423021135,378118205,358043961
17690,58,59,117,419470394,375419762,357982342
18190,62,62,124,427276610,381483932,362618884
18691,61,60,121,425780602,380911101,362626365
19191,59,59,118,426227962,377301140,345364670
19691,62,63,125,429202667,384581813,367961690
20191,64,64,128,433360783,388173386,370985901
20692,59,59,118,421662972,379688679,365141361
21192,63,62,125,428628254,384091547,369293837
21692,63,64,127,432283209,387323348,372027423
22192,60,60,120,421579571,371284800,357868447
22693,70,69,139,434500994,378450850,364560199
23193,63,64,127,431147681,384624474,371009221
23693,66,65,131,431116933,379864565,365795566
24193,63,64,126,426012377,388086775,375318224
24694,69,68,138,428277815,384283849,371013722
25194,65,65,130,425254681,387192686,374301989
25694,67,67,134,425543128,384715404,371592296
26194,72,73,145,428299198,386351460,373305287
26695,74,73,147,423798674,380070553,357162190
27195,91,91,182,434169234,390403389,375163567
27695,78,79,157,430005053,389607846,375280288
28195,77,77,154,430259855,387311041,372729593
28695,72,71,143,425564159,390119892,378394177
29195,69,70,139,434972068,390458192,374764050
29696,66,66,132,426032803,391585628,366556809
30196,71,70,141,429909278,395175183,381684788
30696,70,70,140,430776487,396021063,384544150
31196,70,71,141,436164585,401105404,385607787
31697,66,65,131,431518189,395932174,385032838
32197,69,69,138,436838204,402842534,387713797
32697,71,71,142,429466138,394778489,381126252
33197,71,71,142,433074775,393780783,380461913
33697,81,81,162,432392077,399879527,389484136
34198,78,78,156,435384795,397282462,382575421
34698,72,72,144,432190176,397015359,382446892
35198,72,72,144,431931878,395867850,383320201
35698,73,73,146,433876512,395213378,379537593
36198,69,70,138,412894642,398921328,385655043
36699,72,72,145,448752716,388448348,374692583
37199,74,73,147,429332054,395774474,381982954
37699,72,73,145,428337691,395747374,382007269
38199,77,77,154,432361524,400631587,387998333
38700,77,77,154,430149672,391528958,378692187
39200,72,72,144,427268858,392031995,377792269
39700,70,69,139,430755867,395820298,381966003
40200,67,67,134,424994331,392308067,380482394
40700,72,72,144,434981269,399949260,383344599
41201,71,72,142,428287115,396952045,382533970
41701,73,72,146,425245536,387457735,375879416
42201,73,73,146,425840625,390221596,375708660
42701,70,71,141,436259094,402017955,385802910
43202,73,72,145,431599090,396438882,381911770
43702,73,74,147,432395462,396182679,381380606
44202,78,77,155,433716433,399330333,384995944
44702,78,79,156,429126815,397558666,383212741
45202,72,72,144,429236405,393435126,378957398
45707,78,77,156,417943437,379278004,363186729
46207,74,74,148,441611685,412130780,399600316
46708,76,76,152,427523045,399277871,388553526
47208,77,77,154,430509914,401405544,386889031
47708,73,73,146,429094536,401772050,391578468
48208,75,75,150,437862128,409973968,395424073
48713,75,75,150,428454960,400730308,388450794
49213,75,75,150,437882462,409956254,389543343
49714,74,74,148,422349739,394194564,381912827
50214,77,77,154,432494651,404245175,392280061
50714,78,78,156,425415951,398998492,389149506
51214,78,79,157,433894698,406145911,392681363
51714,74,73,147,430185830,402291793,382937230
52215,75,75,150,430763599,403017118,392157813
52715,75,75,150,432451552,404121269,389561953
53215,76,76,152,432311636,404917542,392541899
53715,76,76,152,432369264,407254880,394676324
54216,75,75,150,430130345,405137912,392729627
54716,72,72,144,427859998,399159803,381372171
55216,63,63,126,438365494,417210109,404644423
55716,74,75,148,431475325,409788081,397459277
56216,76,75,152,426395124,397627928,385210075
56717,78,78,156,430471076,403817141,390855630
57217,76,76,152,431187012,405532165,394612669
57717,76,76,152,429427534,404131001,381259170
58217,78,78,156,431000503,405147704,392406174
58717,85,86,171,431427113,407657418,396992056
59217,92,91,183,437203877,414581679,404144853
59718,92,92,184,435448850,409121079,398527893
60218,91,91,182,440071514,416848805,405666841
60718,96,96,192,441613638,417258416,405433167
61218,77,77,154,434133084,411883201,403153464
61718,77,77,154,436984014,414011127,400727755
62218,73,73,146,431251166,409125582,399994992
62719,75,76,151,434721809,412524943,399931268
63219,76,76,151,425779017,403497231,392066571
63719,72,72,144,434145035,407646076,399287406
64219,71,70,142,433095135,409670141,394299303
64719,72,72,144,429186525,406545411,394532567
65220,74,75,149,430675462,408048026,389376550
65720,81,80,161,432639145,410036539,398035907
66220,79,79,158,435178796,410619904,399387554
66720,88,89,177,436698600,415841794,405432671
67220,90,89,179,438061537,416704620,407879410
67720,84,85,169,436501009,411826607,393439963
68221,85,84,169,435926813,410627127,400330895
68721,82,82,164,436529928,413768942,402314673
69221,77,78,155,426186532,402831538,391386396
69721,76,76,152,430430015,406123098,393488052
70221,72,71,143,430060877,406723787,394881941
70722,71,72,142,428263069,404585983,396004005
71222,72,71,144,431068087,407643329,392471696
71722,71,71,142,434401908,410901583,400679057
72222,71,71,142,437469985,413849168,400511498
72723,67,67,134,432182408,409762825,400354596
73223,72,72,144,436301150,412651636,400894196
73723,71,72,143,437425187,413477695,399389492
74223,74,73,147,434380777,409731854,397651519
74723,78,79,157,430988588,407030808,394576810
75223,72,72,144,437004308,414797089,396455914
75724,76,76,152,432604042,410492497,398755599
76224,77,76,153,431837801,409475373,399385661
76724,76,76,152,438494542,414922567,401058090
77224,72,72,144,434070001,411209679,401517323
77724,71,71,142,438835894,415677514,395379115
78225,72,72,144,428211199,405456829,395474597
78725,71,71,142,431613289,407910492,395772415
79225,71,71,142,429640657,406065101,397694058
79725,70,70,140,432069925,408964227,398651552
80225,74,74,148,435499392,411167919,399909508
80726,87,87,174,442154024,417408619,405329284
81226,95,95,190,436208478,413115118,405297932
81726,93,93,185,438470153,416971295,406028980
82226,94,94,189,436306409,410287444,401140955
82726,90,91,181,441921097,417865699,406300124
83226,89,89,178,442802139,420993939,412015251
83727,84,83,167,443788740,421439683,412525871
84227,82,82,164,438262734,417857150,409423560
84727,72,72,144,432698538,409625097,399278961
85227,73,73,146,428770090,404790846,394176404
85727,74,74,148,430641814,406097899,397012308
86228,75,76,151,429538405,404631557,391801590
86728,77,76,153,429420081,404478831,395255964
87228,75,75,150,434132835,409506211,397064235
87728,75,75,150,427844121,403283190,394087413
88228,74,74,148,431830733,407028146,395893879
88729,73,73,146,437635234,409475385,397591168
89229,74,74,148,438299896,416116330,406868424
89729,76,76,152,434868679,410557524,399633359
90229,74,75,149,429480993,404645005,393706764
90730,76,75,151,432374361,407552079,396559836
91230,75,75,150,432642742,407776030,396773943
91730,75,76,151,433096108,408563762,397617454
92230,80,79,159,431783387,409255729,400943686
92731,75,76,151,432935018,409180822,396636089
93231,69,68,137,420841028,398647341,390249099
93731,77,77,154,436668455,410774434,400516686
94231,84,84,168,435294315,413259544,401613007
94731,83,84,167,435016064,414443419,405658345
95232,84,83,167,431685207,409813024,400106734
95732,84,84,168,433656780,413165406,403594297
96232,81,81,161,434596685,410568262,400180242
96732,80,81,162,432351035,410146355,400633444
97232,79,79,158,436870485,414060981,403674970
97732,89,88,177,435496652,415038996,406146773
98233,89,89,178,440930527,417010833,407872099
98733,89,90,179,442768971,420433655,410703552
99233,83,82,165,441194748,418508566,410457749
99733,75,76,150,436929758,418114458,405162513
100233,74,74,149,435240859,398392728,388319928
100733,73,73,146,429070264,405265015,394650606
101234,73,73,146,426475571,402379195,391759183
101734,71,71,142,433497097,406984308,390147611
102234,72,71,143,428464015,404707969,395945363
102734,74,74,148,433616172,409071527,396530842
103234,74,74,148,434428840,409777540,398914883
103735,72,73,145,431393197,407310371,396523629
104235,72,71,143,429938160,406039807,391193944
104735,74,74,148,432456350,408327548,395336281
105235,74,74,148,433277900,408662833,397882672
105736,73,74,147,431363237,406962939,396087938
106236,74,74,148,434498973,410327135,399477290
106739,76,75,151,429870469,405635780,396822223
107239,73,73,146,438198139,414031878,401505414
107739,73,73,146,427896123,403925397,395099610
108239,77,77,154,435177443,406012881,395225622
108740,84,84,168,435471167,414950225,406727762
109240,74,75,149,433360192,410582783,401786769
109740,74,73,147,432415609,408369921,397598677
110240,75,75,150,432263982,407335154,396516028
110740,75,75,150,433432943,409199559,400004154
111241,74,74,148,432318976,407832953,397070397
111741,67,68,135,441924542,419531152,407829763
112241,70,70,140,436746212,413118704,396459124
112741,76,75,151,431697997,406744036,395731422
113241,79,79,158,433012024,408863917,397898817
113742,76,77,153,432236470,407608762,396347472
114242,76,76,152,433955712,409221521,398214656
114742,76,75,151,432400264,408336053,392016261
115242,72,73,145,436556390,413185162,402563602
115742,77,77,154,431622679,406169409,394905100
116243,80,80,160,436305587,412455735,401391086
116743,80,80,160,432870852,408728915,397907188
117243,76,75,151,430596393,406658903,397369856
117743,81,81,162,432179589,408784229,397662857
118243,89,90,179,439156437,417131823,406082107
118744,92,92,184,443448991,421991226,412820525
119244,82,82,164,436545496,412281701,403331629
119744,79,79,157,428663700,409336792,399006288
120244,78,77,156,435386567,406721689,397157388
120744,77,78,155,432499917,408423138,395208339
121245,77,77,154,431210708,406699728,395525151
121745,77,76,153,434147117,409415911,398139492
122245,81,81,162,431076512,408705173,400490560
122745,76,76,152,437293491,412739594,400087930
123246,74,74,148,431781560,407341248,396497833
123746,75,75,150,433017131,408049055,397259866
124246,72,72,144,431165983,407359249,390336024
124746,62,62,124,438763841,418284407,409442862
125246,72,73,145,430039462,406087804,395450602
125747,71,70,141,435966420,412610524,402187147
126247,73,74,147,433526963,409259222,398614195
126747,74,74,148,433006964,408446316,397446510
127247,73,73,146,431944977,408339552,397839878
127747,73,73,146,430824451,407138691,396439146
128248,74,73,147,434599111,410150448,399560169
128748,73,73,146,429198588,405068307,395984807
129248,78,78,156,433338260,408815983,399005175
129748,76,76,152,437346110,415085908,403273132
130249,72,73,145,432873826,409521723,398810958
130749,73,73,146,426333746,402354166,391856818
131249,77,76,153,431146042,406204499,394967180
131749,73,73,146,432582724,409049893,398334624
132249,72,73,145,431843128,408892758,398412732
132750,76,75,151,434438944,410617583,399891471
133250,78,79,157,439955670,410212417,401008546
133750,79,78,157,441026023,416572029,405517474
134250,74,74,148,439735832,416452373,406108512
134751,74,74,148,430791790,407354106,397032401
135251,75,75,150,433643727,410062525,399375058
135751,71,72,143,437901695,415537377,405455758
136251,75,74,149,432087584,407427844,397897675
136751,73,73,146,436496974,412758645,399993631
137252,71,72,143,430847245,407501484,397095700
137752,74,74,148,433644010,409001099,398160877
138252,72,71,143,431753070,408082256,399483995
138753,73,74,147,426708858,402825277,390510228
139253,77,76,153,419285544,396841172,389783811
139753,73,74,147,439283530,416983191,405961564
140253,83,83,166,441071350,420879370,412508323
140753,78,77,154,438200223,420033427,410793247
141254,70,70,141,442137065,418540166,408350162
141754,71,71,142,436920682,413856878,405291807
142254,74,75,149,440704407,417315192,404939357
142755,73,72,145,411920881,389749612,380214811
143255,71,72,143,413843384,390493031,379916310
143755,73,72,145,411825117,388180493,377548992
144256,75,76,151,414802222,390398977,379395797
144756,71,71,142,404933913,382089203,364811416
145256,70,70,140,403632203,381541113,371644920
145757,75,74,149,400358542,375645186,364645425
146257,75,76,151,401327186,376678773,365734660
146758,75,74,149,398813818,374519395,365098151
147258,75,75,150,400171711,375873636,364321691
147758,72,73,145,408222483,384720904,372770362
148259,71,70,141,406499295,383323861,372876185
148759,69,70,139,403743889,381590182,370532767
149259,72,71,143,402244142,378517361,367576064
149761,69,69,138,404469311,383336498,375062106
150261,72,73,145,404067379,381156827,369235624
150761,72,71,143,401673240,379143888,369063484
151262,73,73,146,403810083,381765097,373400852
151762,72,72,144,404172597,381232176,369239555
152262,72,72,144,400707269,377303689,368874167
152763,72,72,144,406012020,383273322,372780408
153263,73,73,146,405969655,383445298,372078718
153764,74,75,149,399638429,376669082,366161169
154264,77,77,154,394862137,372787043,362242462
154765,76,76,152,396850657,376675443,366312650
155265,75,74,149,397176113,376818381,360792065
155766,75,75,150,395347018,375659559,368135833
156266,73,74,147,405893860,386631536,375690133
156767,72,72,144,399812056,379383191,369302457
157268,71,70,141,400713920,381616444,373514843
157768,71,71,142,402157748,382706073,365296079
158269,71,71,142,401897028,382643635,374727637
158769,77,77,154,404332222,383732396,373024245
159269,84,85,169,398903161,383241575,377151640
159770,83,82,165,397573399,381877707,377562844
160271,84,85,169,400272812,384971044,371679182
160771,87,87,174,397895469,382201757,376052832
161271,85,85,170,402184219,386605298,379872871
161772,87,86,173,398329427,382993920,376896097
162272,79,80,159,394678967,379041274,365355936
162772,72,71,143,393849373,378341302,371346502
163273,71,71,142,394892441,359263645,353893160
163774,74,74,148,392800675,378553039,374535274
164275,69,69,138,398360105,382293974,379785261
164775,69,70,139,401108325,384508066,378240158
165276,71,70,141,398473743,382224649,377764374
165776,72,73,145,396381460,379893999,375068335
166277,72,71,143,394503138,379373659,373751220
166778,70,70,140,398276483,382563801,380089405
167279,70,71,141,400564805,384764798,378414151
167779,64,63,127,399407179,382710052,374023989
168279,66,67,133,394964407,380098672,373928670
168780,70,69,139,388292320,373851324,371732377
169280,73,73,146,412058063,385388892,376104008
169780,78,78,156,412761627,392313926,383490860
170280,74,75,149,413007484,387673038,370925240
170781,69,68,137,404247963,382548094,374752813
171281,69,69,138,406842673,384523533,372318479
171781,68,68,136,408448346,386306206,376499716
172281,67,68,135,408069942,386616450,376734299
172781,67,66,133,406120956,384379100,376605275
173282,67,67,134,411358957,389484507,377572683
173782,59,60,119,416842798,397268745,388523284
174282,71,70,141,414489004,391568022,380952264
174782,60,60,120,354330413,334117389,326904012
175282,55,56,111,489843557,465005314,456525582
175783,72,71,143,402716779,380724124,370688406
176283,78,78,155,421528980,400925425,384844180
176783,75,76,152,431407966,405431532,394587789
177284,81,81,162,438824253,414769905,404192790
177784,89,89,178,439443573,417652547,408846850
178284,90,90,180,441243648,420670157,412187211
178784,89,88,177,437568036,417336935,410850639
179284,95,95,190,445339991,423108841,413848576
179784,91,91,182,443024340,421064341,410601372
180285,79,80,159,437325504,415077708,405165824
180785,84,84,168,434203660,412188633,402851613
181285,71,70,141,427968958,406224268,397583009
181785,76,76,152,429479918,405389152,392893896
182285,75,75,150,427843293,404187979,395253852
182786,77,77,154,431874820,407449429,396333674
183286,80,80,160,428189511,402720123,391517616
183786,94,94,188,439342105,416705505,405718551
184286,95,95,190,433248493,409717175,401415293
184786,98,98,196,445026569,421458508,410833716
185287,92,92,184,434905903,412050122,402410976
185787,97,97,194,438575667,416893749,407894508
186287,101,101,201,437500559,416032302,406588359
186787,88,88,177,444120054,420773467,405704893
187287,78,78,156,429870761,405655054,396195409
187788,80,80,159,443191982,419843199,406603705
188288,84,85,170,442178256,415561453,404590148
188788,93,92,185,439182224,416765323,409046060
189288,63,64,127,441158825,422816832,413009225
189788,62,61,123,442009094,424544818,419448139
190289,59,59,118,443143277,424485422,413459027
190789,59,59,117,441312040,425763285,417290112
191289,53,53,107,388168109,369155157,363945290
191789,56,56,112,503461462,485868201,475363667
192289,59,59,118,437449203,419438733,410994209
192790,57,58,115,440527154,422423344,414037634
193290,60,59,119,447095688,428085101,419486663
193790,58,58,116,438549818,420654893,412145404
194290,61,62,123,446270369,426772046,417989668
194790,59,58,117,436356335,417553246,411659413
195291,60,60,120,443982745,424903444,413690064
195791,57,58,115,443289850,424807594,416474487
196291,59,58,117,441505409,422989695,414555190
196791,59,59,118,438484574,419811945,411312513
197291,58,59,117,440696050,422184895,413618565
197792,58,58,116,440550369,422210102,413711174
198292,57,56,113,436733597,412602839,406599778
198792,57,57,114,444906086,426617639,415807662
199292,53,54,107,439896992,422319913,408431090
199792,80,80,160,426956211,401486662,389735500
200293,93,92,185,434556767,409895649,400856636
200793,99,100,199,446631361,422901979,411701108
201293,90,89,179,438452972,414591046,399856773
201793,60,60,120,436097446,416597040,406106601
202293,56,57,113,422148858,404158629,395800846
202794,56,56,112,425643749,407437069,399153554
203294,58,57,115,434745727,415376257,409071475
203794,58,58,116,440571443,421470579,413106252
204294,57,57,114,440788631,422208124,411232110
204794,57,58,115,438114560,419089174,410543181
205294,59,58,117,437456224,418250009,409447601
205795,57,58,115,439081592,420433526,411517872
206295,59,58,117,444400882,425650612,417000704
206795,58,59,117,436172588,417029683,408444373
207295,58,57,115,434868826,416186755,410249847
207796,58,58,116,439753522,421305818,412708001
208296,63,63,126,452172523,433996383,424280708
208796,60,60,120,447412554,429971160,422919994
209296,61,62,123,443077011,426045640,418947985
209796,63,62,125,445114307,427798811,420567937
210296,60,60,120,441512817,423763277,418136532
210797,57,57,114,440971732,422535264,411838828
211297,58,58,116,434076611,415607573,409753965
211797,58,58,116,437790941,419114806,410483686
212297,57,57,114,440224317,422180233,411022045
212798,56,57,113,439928893,421322242,412969817
213298,57,56,113,437684367,419302679,411034660
213798,59,59,118,435461349,416353482,407720007
214298,57,57,114,440676697,419402059,404097876
214799,56,57,113,437567420,419107996,410724908
215299,56,55,111,437208020,419099661,413503886
215799,57,57,114,440286567,421808814,413160997
216299,59,59,118,440088683,421164175,412375285
216799,57,57,114,439781918,421275588,410423787
217300,56,56,112,437160990,418549649,405801023
217800,57,58,114,439547031,426209718,415520078
218300,57,56,114,433153613,410462491,402033443
218800,58,59,117,435937821,417284983,408374848
219300,59,58,117,437135736,419049877,412802016
219801,59,59,118,441729507,423092095,414372110
220301,60,61,120,438550195,423713754,412355925
220801,59,58,118,450853276,425761548,410722635
221301,62,62,124,442960083,426097624,418263242
221801,59,59,118,441655586,424229491,416235099
222301,57,58,115,443382994,425031255,416610894
222802,58,58,116,439820720,421657056,412957414
223302,62,62,124,440803532,423784873,416099348
223802,59,58,117,443571351,425824958,417328012
224302,60,61,121,442286900,424012840,415881323
224802,58,58,116,442864614,424819546,416171630
225303,59,58,117,440803058,422653689,414174871
225803,59,60,119,445904051,427165781,418464025
226303,60,59,119,446310584,427450661,418789651
226803,60,60,120,446997275,428000232,419249779
227304,58,59,117,444242365,425944594,417347043
227804,59,58,117,445534486,426960785,418291731
228304,57,57,114,445178955,422228196,413552686
228804,57,57,114,444449731,426458698,418234197
229304,62,63,124,440618827,422593310,418371437
229805,60,60,121,448428394,430037822,417188430
230305,60,59,119,442297951,423795900,410404066
230805,58,59,117,448811112,430321034,419332499
231305,61,60,121,447484660,428765369,419969250
231806,58,58,116,446662475,428581600,419968373
232306,59,59,118,444954750,426449483,420036821
232806,59,59,118,440415388,422027872,413464902
233306,59,59,118,450281599,431498043,420518144
233806,60,61,121,443182768,424349593,415594990
234307,62,61,123,441928613,422444302,413416265
234807,60,60,120,435154317,416219530,407255863
235307,61,61,122,441748605,422407987,413398854
235807,60,60,120,447367612,428594786,419711550
236307,60,61,121,441450519,422454641,413573337
236808,60,59,119,442678662,424075521,415489686
237308,58,59,117,443787230,425471071,416907632
237808,61,60,121,441850499,420310000,411821233
238308,60,60,120,441412892,422908833,414414485
238808,58,58,116,438003063,419911826,413843006
239309,58,58,116,439280424,421309697,412556458
239809,60,60,120,445516373,426732427,411408713
240309,59,60,119,446364951,427291540,416234503
240809,59,58,117,445175343,426155641,417543395
241309,58,59,117,446714513,427998604,419306136
241810,59,59,118,444501770,425140721,416400078
242310,60,59,119,442103928,418082181,411540651
242810,58,58,115,443143306,429310034,418303248
243310,58,58,117,448009271,411322282,402534843
243811,56,56,112,427101960,403165841,397205340
244311,58,58,116,433683045,415007939,403803832
244811,58,58,116,441070055,422311790,413860162
245311,58,58,116,439851753,421426018,412789581
245811,58,58,116,442804410,423948595,417868935
246312,57,58,115,444059222,425386481,407856121
246812,59,58,117,439823331,421061384,415120756
247312,59,59,118,444290025,419469881,407989272
247812,58,58,116,440816969,422215659,413542421
248312,59,59,118,442112588,422847284,414079966
248813,58,59,117,440101190,421022062,412351853
249313,59,58,117,438186790,419102505,413236196
249813,58,58,116,442265481,423426019,415204087
250313,58,59,117,445959650,427282420,416048873
250813,60,59,119,437916891,418965041,410420769
251314,58,59,117,441756622,422845264,414367566
251814,60,59,119,439674026,420538848,414409137
252314,59,59,118,436665917,417662846,408620649
252814,59,59,118,440705440,421342289,412898690
253314,59,60,119,441739005,422790954,411651267
253815,60,59,119,444284300,425793877,417345195
254315,59,59,118,437466802,418538321,409665328
254815,58,58,116,439897421,421151073,412557680
255315,59,60,119,441702455,422810327,414093696
255816,58,57,115,439260088,420882368,414828160
256316,59,59,118,440092902,421185168,412580844
256816,58,59,117,441753546,422964774,414225827
257316,56,56,112,442466131,424752993,413883859
257816,57,57,114,442477706,424114845,415774577
258317,57,56,113,441667371,423677428,417910449
258817,54,54,108,446195783,428731918,418404730
259317,59,59,118,439012072,417171988,401596945
259817,58,59,117,442551355,423906562,415445597
260317,59,58,117,441992765,422977844,414168128
260817,58,59,117,442483551,423655010,415106079
261318,59,59,118,445684270,426697983,417981384
261818,58,58,116,442306004,423528794,415093431
262318,59,59,118,445787616,426382172,417550454
262818,58,57,115,439410577,421011252,414894983
263318,59,60,119,441266045,417405224,406402527
263819,56,56,112,444285211,426244508,417919647
264319,60,59,118,439115197,422348532,413812541
264819,58,59,117,442127445,424979527,416412658
265319,58,58,117,443634665,420498937,411831528
265819,58,57,115,444188819,425546400,417071188
266320,59,59,118,440622016,421671043,413121592
266820,59,59,118,440987605,421990799,413135585
267320,59,59,118,439742356,420554375,411912068
267820,57,57,114,443350748,424579531,416089672
268320,58,59,117,438737367,420143505,411576125
268821,57,56,113,439058081,420012305,407167657
269321,59,60,119,442497898,423799776,412779945
269821,59,58,117,437208412,418546651,412203735
270321,62,62,124,443206254,424525607,413570394
270821,59,60,119,438508098,419755026,411119953
271322,59,58,117,438844776,420132396,414137990
271822,59,59,118,441975910,422924148,411774559
272322,58,58,116,443518485,424946065,416376570
272822,56,57,113,430060108,412152757,403910010
273322,59,59,118,450310516,431861882,423123012
273823,60,60,120,441766629,423987297,415866005
274323,60,60,120,441209919,422275234,413766239
274823,58,58,116,441557202,423362325,415086894
275323,59,58,117,441740414,424065571,415982975
275823,59,59,118,438529911,420103728,414153418
276324,59,60,119,442188027,423567154,412684627
276824,58,58,116,441300156,423274865,414924373
277324,59,59,118,438668051,420406443,412010216
277824,59,58,117,438962868,420717725,414962778
278325,60,60,120,440440125,421592855,412944605
278825,58,59,117,442678223,424702986,413850800
279325,59,58,117,439015133,420810865,414956006
279825,60,60,120,443600171,424622982,413400054
280325,60,60,120,444942110,425977991,417496671
280826,59,59,118,441348913,422409131,413888794
281326,59,60,119,439954883,420695190,412087936
281826,57,56,112,440097106,424588203,416090196
282326,57,58,116,443074500,422051790,413758689
282826,59,58,117,440627952,421704667,415929056
283327,59,59,118,438953301,420347828,411548744
283827,59,59,118,440128315,421037003,412401834
284327,56,57,113,424048065,405863460,395065227
284827,56,56,112,430125170,412291711,404270948
285328,59,59,118,441915864,423168544,414564987
285828,59,58,117,442163844,423312800,414957381
286328,59,59,118,440053264,421407676,412681045
286828,58,58,116,440419569,421700533,415810394
287329,58,59,117,443572334,424985777,414025414
287829,58,58,116,444767227,426308280,417899234
288329,58,58,116,443532070,424988080,416352878
288829,59,58,117,438621881,419802221,413478603
289329,60,60,120,440727891,422094528,413391507
289830,59,60,119,442476169,423842887,412814372
290330,53,53,105,378810416,436599423,428606113
290830,61,60,122,513786967,421017722,412553978
291330,61,61,122,440252333,422092144,407614525
291830,59,60,119,441123359,422234594,413700439
292331,59,59,118,441301488,422744337,414126141
292831,59,59,118,440490171,421816995,412989255
293331,61,60,121,441137906,418914017,410458396
293831,59,59,118,439285463,420783080,414604010
294331,62,62,124,442045518,424072360,412993800
294831,58,59,117,444093000,425514464,416802786
295332,61,60,121,439768958,420746827,411930550
295832,59,59,118,437510487,418906506,412411789
296332,61,61,122,443941131,424841457,413646077
296832,58,58,116,439352287,421544437,413119352
297332,59,59,118,440387786,421547118,412739424
297833,60,60,120,448309104,429144040,420195764
298333,60,61,121,443284907,424574068,415740550
298833,63,62,125,442739993,423217698,414135392
299333,61,61,122,442970477,424231477,415044043
299833,61,62,123,447628407,427823074,418725853
300334,63,63,126,448113567,429877734,421711495
300834,62,61,123,442266431,424491954,418629477
301334,62,62,124,448315904,430327384,419811154
301834,59,59,118,443154640,424848727,419411037
302334,61,61,122,446173292,427181588,415225339
302835,61,62,123,446358105,427658474,418671229
303335,64,63,127,447329408,426351884,417922313
303835,60,60,120,441329953,423494471,415493803
304335,61,61,122,441171720,423479295,415598796
304836,59,59,118,444588662,426392150,420169870
305336,59,60,119,450270715,431642261,420151140
305836,60,60,120,446876772,428362428,419571675
306336,60,60,119,438162513,424606583,415770158
306836,61,60,122,450611934,427011027,418068150
307337,59,60,119,446562634,423462151,408066976
307837,60,60,120,441278351,421606911,412735190
308337,61,60,121,436069751,417490822,410752328
308837,61,62,123,444655626,425856206,414488460
309337,60,60,120,441098956,422553508,413805754
309838,59,58,117,439122285,420670821,412026196
310338,59,59,118,441679514,423139689,416469907
310838,59,60,119,444089679,425785372,414634451
311338,61,60,121,439099850,420552734,414065484
311838,58,59,117,444456741,426367918,415140100
312339,61,61,122,438502095,420396058,412231901
312839,62,61,123,439943859,421515273,413145434
313339,60,60,120,437777021,419363620,412501018
313839,62,63,125,439916621,421576142,410985493
314339,61,61,122,439405450,420448919,411457338
314840,61,60,121,437855375,418793617,409871495
315340,61,61,122,441658371,422395928,415786397
315840,59,60,119,444875018,426293419,415111422
316340,59,59,118,441157767,422709945,414102696
316840,59,59,118,438448534,420695004,412168706
317341,63,62,125,437708910,419905235,414285522
317841,59,59,118,442451163,423959857,412368058
318341,59,60,119,442548258,423702137,414948406
318841,57,57,114,443273230,425834263,417450500
319342,77,77,154,429537380,407769615,397544255
319842,88,87,174,422759243,401190216,390381536
320342,96,96,192,440650893,417007952,406431906
320842,99,99,199,443535674,419625332,411149206
321342,81,81,162,446288522,426108094,415653729
321842,59,59,118,438434360,419506168,413091164
322343,61,62,123,444279607,425141607,413817823
322843,60,59,119,439865541,420595692,411692415
323343,60,60,120,437847325,418805428,410070847
323843,59,60,119,440014779,420701611,411822940
324343,60,59,119,436922218,418098064,411880898
324844,59,59,118,442397123,423486835,411987016
325344,60,60,120,440714271,421379155,412574927
325844,59,60,119,436952178,417918214,409164795
326344,61,61,122,437702569,418459319,409341715
326845,61,60,121,438362660,418992891,409905090
327345,59,59,118,440085522,421436094,415118085
327845,60,61,121,445191862,426447638,415189089
328345,63,63,126,443486165,421544063,413753903
328845,59,59,117,435895872,417727347,414142842
329346,60,60,121,446405930,427591157,413520083
329846,60,60,120,441255681,422731782,414011206
330346,61,61,122,439677817,420962487,411983604
330846,59,59,118,438256079,419837390,411065974
331346,61,60,121,445539103,427781088,419033089
331847,60,60,120,439081032,420234563,411593592
332347,61,61,122,439256290,420286344,410955910
332847,60,60,120,436977069,417988232,411769163
333347,60,60,120,443181912,424183179,412778824
333847,59,60,119,440190035,421824280,412804594
334348,58,57,115,439293899,421162320,412565812
334848,59,59,117,440669761,424845100,416169531
335348,60,60,121,439822408,419389218,413357037
335848,59,60,119,441548563,422920251,411898626
336349,60,59,119,439741687,421456905,412829304
336849,59,59,118,439879137,421381127,415144146
337349,60,60,119,442903160,427252093,416026199
337849,59,59,119,439626677,418702481,410113028
338349,59,60,119,440290856,421801946,412814974
338850,59,58,117,441367708,422906758,414120049
339350,58,59,117,438567307,420016855,411345744
339850,60,59,119,437139857,418438149,411848084
340350,59,60,119,440554867,421510698,410550616
340850,59,58,117,441981578,422730829,414021107
341350,58,59,117,440780604,422247187,413796736
341851,58,57,115,439378684,420953619,412231278
342351,60,61,121,441612243,423562265,415287875
342851,58,58,116,441147416,422477250,413822039
343351,59,59,118,440248444,421726811,413151204
343851,58,57,115,441684869,423354579,414628871
344352,58,58,116,438463522,420179224,415019858
344852,60,60,120,444332426,425603859,413482144
345352,58,59,117,439529190,421263601,412578517
345852,57,56,113,429158494,411558934,406046147
346352,58,58,116,429351090,411131511,402956675
346853,57,58,115,445971069,427812220,416850080
347353,58,58,116,444254132,425896793,417458126
347853,58,58,116,440717002,422234428,413874759
348353,58,57,115,439006943,420684877,414512887
348854,56,57,113,444393054,426469537,415999627
349354,59,59,118,441551694,423063611,414161059
349854,59,59,118,443511616,424724652,416006593
350354,58,58,116,442499425,424082104,415438065
350854,58,58,116,441641526,422952404,414466916
351355,60,60,120,444045460,424978378,416204511
351855,59,59,118,442327411,423565188,414876201
352355,59,58,116,439964575,424291942,415805796
352855,57,58,116,442120601,420680639,412211367
353356,57,57,114,435462281,417028922,408643366
353856,59,58,117,445644220,427297792,420998394
354356,58,58,116,438431283,420040354,411749435
354857,58,58,116,443374549,424661510,413371399
355357,59,59,118,437245206,418240934,412253978
355857,58,59,117,446145939,427607944,416517180
356357,60,59,119,439646204,421176284,412499284
356858,57,57,114,438501694,420800838,408167445
357358,58,58,116,444097249,426358298,415610431
357858,59,59,118,440017884,421539251,415382303
358358,62,62,124,446144176,422334899,414747311
358858,61,61,122,443390149,425521126,417247123
359359,62,62,124,446500319,429135057,418316797
359859,61,62,123,446915625,429742767,414776887
360359,61,60,121,445568363,428434169,420529796
360859,62,62,124,447968416,430160256,421778938
361359,62,63,125,447565662,430031560,421521701
361859,62,61,123,445267797,426677406,418034668
362360,62,62,124,447926630,428345163,419370131
362860,59,59,118,447340747,429278221,420716308
363360,60,61,121,445808637,427007912,418027944
363860,60,59,119,444070853,425453340,419352118
364361,59,59,118,446416977,427769012,416586108
364861,58,58,116,441760398,423249053,414871547
365361,58,58,116,438167492,419315571,413422708
365861,59,59,118,444489961,426388432,415410427
366361,58,58,116,441629344,422800713,408211032
366862,58,58,116,438674544,420353195,414385546
367362,59,59,118,444262637,425527945,414501162
367862,58,58,116,439463957,420648927,414716694
368362,58,59,117,439145203,415269723,404046031
368862,59,59,118,447033329,428229991,419698364
369363,58,57,115,436673268,418376461,412408390
369863,58,59,117,447081452,428759405,417737470
370363,59,58,117,437874728,419326174,412996963
370863,59,60,119,440698651,421805964,410428384
371363,61,60,121,438508184,419191318,410554648
371864,60,60,120,439661140,419984850,413517958
372364,60,60,120,440370321,421181223,412349092
372864,60,60,120,444665005,425442195,414187572
373364,61,61,122,444060034,424462494,415615043
373865,58,58,116,446710480,427925339,419114513
374365,57,58,115,442349732,424251391,415976966
374865,58,58,116,443487106,425201495,416787205
375365,59,58,117,444903818,420653600,411919866
375865,55,56,111,444902904,427062552,418887623
376366,60,59,119,443298728,424342495,415739971
376866,59,59,118,445218275,426148740,417495305
377366,57,58,115,444464618,425883534,417287165
377866,59,58,117,445008233,426097692,417696622
378366,59,59,118,441414853,422531194,416366503
378867,58,58,116,447366584,429254936,418264954
379367,57,57,114,445785694,427560271,419149008
379867,55,56,111,446273576,428692861,420669211
380367,71,71,142,433730603,411557133,398165287
380867,91,91,182,430214340,408295338,399138890
381368,94,93,187,432693442,411183615,402384692
381868,91,91,182,431910315,410711968,401889429
382368,94,94,188,431871631,410594428,402726981
382868,74,74,148,439314027,419113078,411259870
383368,60,61,121,442906020,423572151,412148293
383869,62,61,123,442935613,423731551,414815708
384369,58,59,117,448395521,429536441,420664197
384869,59,58,117,442647041,423972629,415508503
385369,58,58,116,439678496,421296785,415080878
385870,59,59,118,447690629,428829523,417777467
386370,59,59,118,443849274,424687008,418187998
386870,50,50,100,452668943,436534109,426797851
387370,57,58,115,447050764,428594346,419937828
387870,58,57,115,439733025,421494870,415331196
388371,57,57,114,441658351,423197457,415020234
388871,61,61,122,447022991,428891080,418423157
389371,63,63,126,448568925,430738252,423395588
389871,63,63,126,451423070,434186554,427056605
390371,62,62,124,451253493,434228422,427177170
390872,60,60,120,449778487,431353997,418295584
391372,59,60,119,446726564,427569374,416504597
391872,59,58,117,443895416,425065579,416205856
392372,58,58,116,443344620,424794096,416351952
392872,56,57,113,438043028,420093176,411798548
393373,59,59,118,430557944,408835166,400631539
393873,57,57,114,429947801,412492333,404168397
394373,58,57,115,422421337,401356096,396107662
394873,56,57,113,433075624,414825376,403803900
395374,58,57,115,426104812,408118295,399575249
395874,58,59,117,435895963,417789753,409495498
396374,57,57,114,426313418,408864269,400518608
396874,59,59,118,434381472,416547373,408008537
397374,58,57,115,435847432,418147995,409738540
397875,57,58,115,433600348,415909004,407623604
398375,58,58,116,431166328,412698503,404094091
398875,58,58,116,436262672,417703610,409428755
399375,59,58,117,439259779,420634467,412093790
399876,58,58,116,431543566,412854663,404361257
400376,56,56,112,431055672,412917919,407155355
400876,58,58,116,437091426,418544092,407752119
401376,59,59,118,442182643,423146985,414462866
401877,58,58,116,437851771,419773100,413247724
402377,58,59,117,442235437,423540048,412670772
402877,57,57,114,441685550,423148424,414940157
403377,59,58,117,433169196,414555677,406110812
403878,56,57,113,437226512,419007910,403364557
404378,59,58,117,439930698,421439421,412971785
404878,59,59,118,447820970,428769586,419971881
405378,58,59,117,447536876,428914486,420192592
405879,59,58,117,442444452,424379235,415803221
406379,60,60,120,446220118,427391637,418339822
406879,58,58,116,441565187,423094547,407394714
407379,57,57,114,425130759,407431280,401580151
407880,59,59,118,434481862,416670828,407122767
408380,92,92,184,440312565,419075850,407941580
408880,88,89,177,427909869,405934686,395395736
409381,88,87,175,419383481,396280338,380495014
409881,91,92,183,426726898,405782384,396695177
410381,92,91,183,419991015,399256700,390370493
410882,80,80,160,420999815,399329684,389643927
411382,75,76,151,419117551,395940168,385105444
411882,73,73,146,419742842,396819978,386234575
412382,75,74,149,413919487,390862370,380021815
412883,74,74,148,407364908,384351202,375246213
413383,75,76,151,421015750,397468706,384767399
413883,76,75,151,417233874,394400118,383069172
414384,73,73,146,410953438,388402172,379589229
414884,75,75,150,422388277,398591271,385571522
415384,75,76,151,418905353,394954334,383755075
415885,75,74,149,417373699,394189678,383335356
416385,76,76,152,424228562,400459365,389396626
416885,75,75,150,429220376,405338936,395805513
417386,87,87,174,427955433,410066378,401799034
417886,86,87,173,432146266,415012231,405545394
418386,87,87,174,426506938,408457949,400924104
418886,85,85,170,428709916,412025887,405124017
419386,88,87,175,422687346,405464998,400003148
419887,87,88,175,426522927,408990891,400225682
420387,89,89,178,424372865,407156486,400039388
420887,87,86,173,434108738,413594063,404462495
421388,76,76,152,430353948,406986959,389735362
421888,77,78,155,432552037,408520826,397468056
422388,79,79,158,429297156,405336409,394034768
422888,79,78,157,428998102,405000970,395653334
423388,81,82,163,437087555,411702719,400420376
423889,79,78,157,430115151,405877532,396599512
424389,79,79,158,433800434,409406092,396428474
424889,77,77,154,430637201,407070040,396325467
425389,78,78,156,430130782,406867772,396159731
425889,75,75,150,427276161,404184958,393458285
426390,77,77,154,422965793,399004526,388264615
426890,78,78,156,431483296,407555711,397948752
427390,77,78,155,435851357,411584831,398639857
427890,77,77,153,425615059,405923036,395515347
428391,74,74,149,427871182,400360674,389668207
428891,88,88,176,435748618,413895846,404235233
429391,86,86,172,433361056,411654704,401574992
429891,84,84,168,427462939,407556326,399361513
430391,89,88,177,437307534,416552916,408007267
430891,84,84,168,429019566,408472879,401397964
431392,90,90,180,444170771,422721558,412046128
431892,91,91,182,443437493,421772335,412784795
432392,90,90,180,441400890,419210510,410478282
432892,89,89,177,440793828,421243827,410279719
433392,92,92,185,437771151,412284001,404001472
433893,83,83,166,437680335,411479538,401310784
434393,90,90,180,435974121,415059469,404385333
434893,84,84,168,412628386,393680866,385207717
435393,82,83,165,409963317,389658773,380195607
435893,87,86,173,423900195,402453777,394330158
436393,92,93,185,430701407,409778188,399164583
436894,86,86,172,427558764,406703303,396941930
437394,87,87,174,428110728,407691127,398182155
437894,89,88,177,424013469,404635564,395443647
438394,89,89,178,429702558,409687644,400850748
438894,85,85,170,417941034,396907785,387166320
439395,78,78,156,416049115,394606626,384073629
439895,69,69,138,430856056,410231737,400533345
440395,86,86,172,424541285,402336278,392100827
440895,83,83,166,417058159,395768189,388118174
441395,49,49,98,475304963,460018962,450551938
441896,74,75,149,431969137,408938084,397991311
442396,72,71,143,432397612,411524766,401933685
442896,66,66,132,438639965,417933019,410388026
443396,73,74,147,435984238,412451984,399476242
443896,73,72,145,433863148,411129878,400449662
444397,73,74,147,435902009,412230377,401448293
444897,74,74,148,430465435,407033735,396342603
445397,75,74,149,431978253,408149263,397136084
445897,75,75,150,436451895,412389026,403188764
446398,89,89,178,438672190,416692165,406712846
446898,91,91,181,441946038,422173062,411423105
447398,89,89,179,438173481,416155474,407569662
447898,89,89,177,438414168,419158113,410543029
448398,90,91,182,442746277,419720267,410803419
448899,90,89,179,441711452,420618530,407015566
449399,87,87,174,426892477,406230061,397543251
449899,85,85,170,425897346,406022948,397226798
450399,88,88,176,438604390,417819925,409100383
450899,89,89,178,440148260,419254599,408917394
451399,86,86,172,437533778,416991630,403507008
451900,89,90,178,440896689,422626240,412028065
452400,89,88,178,441331739,417450238,410384673
452900,87,87,174,442933219,422355283,412082344
453400,85,85,170,438534065,417904136,408945591
453900,84,85,169,419295426,398977335,390379501
454401,81,81,162,418875874,397825318,388244953
454901,79,78,157,430781472,408339411,397830928
455401,75,76,151,425545076,402016048,390788866
455901,76,76,152,429311900,405286330,394139917
456401,75,75,150,426340239,401948773,390911515
456902,79,78,156,436515305,413248580,401703865
457402,77,77,155,438626355,412019678,400759254
457902,76,76,152,435614834,411106947,401285070
458402,79,79,158,436964139,404713464,394723718
458902,77,78,155,438096090,413062322,399859805
459403,77,76,153,431135583,406728862,396804903
459903,68,69,137,445479078,423313429,411103486
460403,77,76,153,433925277,409273558,399680497
460903,76,76,152,439947408,415240018,402453367
461404,76,77,153,431325679,406664210,395633782
461904,75,74,149,432571396,408964252,398421142
462404,76,76,152,433762714,410079428,398923248
462904,86,86,172,440956098,419198450,411399096
463404,92,93,185,446750390,425368749,414633189
463904,90,89,179,435778177,415226041,407767830
464405,90,90,180,443031754,422212643,412046759
464905,86,87,173,436253522,416324315,408102075
465405,87,86,173,437539023,415525307,407640404
465905,83,83,166,439562811,417906496,407638182
466405,86,87,172,433912621,413237058,405736447
466906,76,75,152,430250723,407008502,394838764
467406,86,86,172,442599003,416402920,403211169
467906,91,91,182,435716377,410964782,403339737
468406,101,101,202,438950392,421932045,414492797
468906,108,108,216,423591967,411932718,405500856
469406,101,101,202,417966223,407810870,405112475
469907,103,104,207,436877778,427645243,423156427
470407,103,102,205,431587150,422140057,418631895
470907,101,101,202,437647926,426139407,423448082
471407,94,94,188,439812249,414405682,407287663
471907,102,103,205,442512715,425246557,416430871
472407,111,111,222,441331810,428233187,422859240
472907,113,113,226,447135497,434207306,428804405
473407,114,113,227,442630080,429803871,424591030
473908,111,112,223,438974090,426283467,421059403
474408,111,111,222,437540260,424897081,419725958
474908,111,111,222,436547929,423754441,418532763
475408,109,109,218,439123947,426533852,421281801
475908,96,95,191,435864241,420488090,415715719
476408,54,55,109,465720710,458029514,453095915
476908,112,111,223,439307586,426333850,421027510
477408,111,111,222,435301787,422764369,418649119
477909,84,85,169,331963377,322392071,317244089
478409,0,0,0,0,0,0
478909,0,0,0,0,0,0
479409,20,19,39,79668127,77169522,77404199
479909,109,110,219,437397857,424661087,418044687
480409,109,109,218,439817351,418853428,413702791
480909,101,100,201,437595224,415689363,408649483
481409,106,106,212,438269207,420664593,413221276
481910,112,112,224,439834749,426629434,422471427
482410,101,101,202,438772597,420110774,411501929
482910,96,96,192,435638330,416155658,409218355
483410,104,104,208,437883002,422362489,414466852
483910,111,112,223,438794091,426274165,421033556
484410,111,110,221,440227258,427858541,422734020
484910,114,114,228,437116409,424331880,420357293
485411,113,114,227,439195845,424969661,414970160
485911,107,106,213,441909266,429940561,426967111
486411,78,78,156,441460075,432123084,426432595
486911,76,76,152,442050004,432905279,429387346
487411,75,75,150,445937712,436620573,433124560
487911,93,93,186,444088138,433289027,429063667
488411,112,112,224,438252388,425659023,420456717
488911,116,116,232,444355750,431224774,427193330
489412,110,111,221,444697629,430883643,424270231
489912,111,110,221,440269187,427877096,422659811
490412,115,115,230,443731475,430832295,425575696
490912,108,108,216,440540895,428403870,424605829
491412,111,111,222,446402015,433515012,426935533
491912,113,113,226,441611785,428209690,422830482
492412,113,114,227,444127201,430922135,425497396
492912,99,98,197,442021996,424764760,413985601
493412,101,101,202,442357308,425323212,419034769
493913,112,112,224,442399682,429553806,424286038
494413,101,101,202,445578672,432947945,426326494
494913,110,110,220,437901448,423983185,419649927
495413,99,99,198,440380315,425867541,418470145
495913,100,100,200,436061034,419424009,413947196
496413,93,93,186,444870196,424333210,414953665
496913,98,98,196,444073493,423125246,412410629
497414,98,98,196,445197117,424004345,414410585
497914,98,98,196,439730217,418450901,410406111
498414,92,92,184,438480031,418197615,407841948
498914,93,93,186,434315436,413877379,404744089
499414,94,95,189,435710838,415177394,406024054
499914,88,87,175,430554068,411486266,402890113
500415,92,92,184,438162727,414484957,398858534
500915,99,100,199,432060983,409960391,400075228
501415,106,105,211,419086485,403256994,396371679
501915,102,103,205,421782909,410178684,405329044
502415,103,103,206,418629053,406489606,398063996
502915,86,85,171,426820752,407682491,401037710
503416,67,67,134,435337259,420362163,413791662
503916,67,68,135,444282442,429157512,420375274
504416,89,88,177,441130703,407637833,391740388
504916,89,90,179,445715840,425769743,416915539
505416,97,96,193,441548436,420419006,412111318
505916,99,99,198,444996153,423624494,414006901
506417,97,97,194,446113308,425009888,415499431
506917,100,100,200,445479481,423817887,412636346
507417,100,100,200,445860915,424354112,414603976
507918,99,100,199,449304923,427488179,417409493
508418,97,96,193,444598845,421081312,411347181
508918,96,96,192,441963575,420963326,411581083
509418,105,105,210,440091698,424228396,417395791
509918,111,111,222,438877635,425606685,421505455
510419,112,112,224,440637606,425851468,415524551
510919,110,110,220,437675487,424541543,420422332
511419,54,54,108,464435250,452899471,447899445
511919,96,97,193,445295772,424496799,413688704
512419,96,95,191,442805990,422041547,412707371
512919,99,99,198,443013132,421822609,413622338
513419,97,98,195,444680443,423130677,412161709
513920,107,107,214,442501839,426508933,419715138
514420,108,107,215,440792508,419203005,413636842
514920,90,90,180,439459925,405384903,399995616
515420,89,89,178,448049212,402475957,391304121
515921,87,88,175,428735255,407733276,400204769
516421,87,87,174,424231519,406178201,399783890
516921,91,91,182,422897046,405620993,399666143
517422,92,92,184,422411308,404837244,398938554
517922,86,85,171,421713006,402590867,395951941
518422,88,89,177,422669044,405987133,400183470
518922,84,83,167,422602419,404583135,398386577
519423,88,88,176,417723655,400638611,396486918
519923,88,89,177,422263041,405016658,397662887
520424,88,88,176,422022615,404810923,398895811
520925,89,88,177,420093136,392189690,387431615
521425,81,81,162,425585623,406104386,395942086
521926,73,74,147,419967416,399434497,390277874
522426,76,76,152,423995850,404598341,395794339
522927,78,78,156,419991158,402988986,396296909
523428,79,79,158,417438444,398100600,390065661
523928,77,77,154,423141715,401674970,392020807
524428,76,75,151,433214598,409899614,398855754
524928,77,77,153,416533511,393580965,383407089
525429,79,80,160,427314838,404965188,395431989
525929,86,85,171,437345948,416987988,408352408
526429,88,88,176,437805690,417070498,409755486
526929,88,88,176,442146156,421277327,412434980
527429,86,87,173,442942587,420747299,408875597
527930,89,88,177,438028184,416727079,409465748
528430,87,88,175,442458714,421540761,410588009
528930,90,89,179,438337807,416868582,407622312
529430,88,88,176,438636533,416664593,406813763
529930,83,83,166,437100871,417327693,408942047
530431,75,75,150,438867012,419130247,409858351
530931,64,64,128,438403497,420817270,412067900
531431,79,80,159,434993681,413170964,403241300
531931,76,75,151,430538387,408929590,400351815
532431,76,76,152,425433266,403726957,391935414
532932,76,76,152,433016031,411115069,400814613
533432,76,76,152,429896953,409078040,400442622
533932,77,77,154,429902581,408731602,398371374
534432,79,80,159,434100037,412298574,400202949
534932,74,74,148,431590581,408456025,391840650
535433,78,77,155,431962358,409604539,399189422
535933,76,76,152,426927647,406606757,396493314
536433,84,84,168,430619440,409903474,402508859
536933,76,76,152,431416084,410098313,393318032
537433,79,80,159,432098808,410784599,399178527
537934,76,75,151,431285150,409742058,401083477
538434,77,77,154,433711564,411674190,401596333
538934,79,79,158,434131783,413416611,403748969
539434,77,78,155,433485572,413162673,402592256
539934,77,76,153,426131083,405697761,396846595
540435,79,79,158,422340818,402950769,395772267
540935,81,81,162,430843576,411024707,400993919
541435,84,84,168,437671997,417255605,408499201
541935,78,78,156,427174517,407459249,400200120
542435,86,86,172,438308801,417747429,407385317
542936,80,81,161,435037724,414276159,404756888
543436,78,77,155,426117886,393680214,386737874
543936,76,76,152,428914880,409107168,400736542
544436,75,76,151,425858731,404741839,394150489
544936,75,74,149,422415618,402384904,395419903
545437,76,76,152,424722960,404754048,395394132
545937,73,74,147,419261150,400054646,390438949
546437,44,43,87,446346719,433383210,428142416
546937,72,73,145,420414433,400092103,392034267
547437,73,73,146,417329357,382684143,375108834
547938,73,72,145,419963254,401223899,391469349
548438,77,78,155,422687383,401573918,392657455
548938,77,76,153,420003445,401057436,394012787
549438,76,76,152,422674129,401962086,386638434
549938,76,77,153,423386406,405207170,394905636
550439,81,80,161,420667166,402452585,394023952
550939,80,80,160,419629805,401383797,393367289
551439,78,78,156,417874379,399187614,390397283
551939,75,75,150,418790137,400139204,391791372
552440,76,76,152,417003023,399037434,392556847
552940,77,78,155,417121470,398391589,387787157
553441,76,75,151,414665108,396684067,390348704
553941,74,75,149,416868260,398749258,388720793
554441,74,73,147,416153580,396518988,382875842
554941,76,76,152,416124864,397523162,389364459
555442,76,76,152,417595875,398884834,388765230
555942,75,75,150,414478203,396197104,390087639
556443,75,76,151,418289025,399194663,388800091
556943,75,74,149,413229926,394131263,380965837
557443,75,76,151,416664840,397587300,387418332
557944,75,74,149,424136119,405584231,397017608
558444,61,61,122,439589913,421784421,413843418
558944,57,58,115,442492836,424599827,416202237
559444,66,66,132,433289700,413055638,403645723
559944,73,73,146,431961113,409727931,399295399
560445,76,75,151,431561281,408118646,399322264
560945,74,74,148,431518040,408903491,398409973
561445,72,73,145,431164406,408442115,396033605
561945,72,72,144,426274161,403342601,392939837
562445,70,70,140,432787468,410856867,400501271
562946,73,72,145,428126267,405573899,395356539
563446,72,73,144,427814113,408896423,398125504
563946,73,73,147,437794237,410756075,400217942
564446,74,74,148,433613477,409955799,399011695
564947,75,75,150,431256177,409534712,399943859
565447,75,75,150,429803236,408378594,398901320
565947,76,75,151,424079293,403359405,396071682
566447,75,76,151,435214297,412559585,401042124
566948,72,71,143,424357810,402059125,393340718
567448,73,74,147,433486527,410981173,398829829
567948,71,71,142,426380863,404701291,394249655
568448,75,74,149,431258990,408665281,398316645
568948,77,77,154,432637805,408781162,397632934
569449,77,77,154,424776321,400121909,388867452
569949,76,76,152,429260217,405484806,387872693
570449,76,77,153,431410672,407180013,396020533
570949,77,77,153,428905929,407957148,396251272
571449,87,87,175,439575754,413944863,404617267
571950,90,89,179,436952847,416115139,408897371
572450,89,90,179,438122261,417146951,406544568
572950,91,90,181,437918240,417106021,408168151
573450,89,90,179,438079378,417089172,408265790
573950,90,89,179,435947430,414582308,405250140
574450,85,86,171,436241997,415006342,399180137
574951,88,87,175,429948637,409903236,402898758
575451,90,91,181,437583488,416806446,406219064
575951,90,89,179,434636979,414378292,407351003
576452,90,90,180,435653425,414866352,405956730
576952,91,92,183,437360171,415945768,405070521
577452,91,91,182,435247012,406628015,397871181
577952,92,92,184,437066963,415150278,406223691
578452,90,90,180,439536199,411083240,402766559
578953,80,79,159,425906576,403014839,395009091
579453,87,87,174,435515277,415081743,404274839
579953,88,89,177,435539133,415392592,406931618
580453,88,87,175,436223491,415451074,406368799
580954,89,89,178,440981837,420609382,411763725
581454,74,75,149,394622945,377200891,369529533
581954,59,59,117,498770546,484250958,476643613
582454,85,84,170,423761185,400578102,393248882
582955,87,88,175,432490178,412969408,402983919
583455,90,89,179,440664027,421938909,413273314
583955,88,88,176,438102412,419770938,412609272
584455,90,90,180,440350020,422243565,412164496
584955,90,90,180,437784582,418800211,410130218
585456,87,88,175,436838547,417868361,408881472
585956,71,70,141,431806685,405589726,399331873
586456,67,67,134,434564654,408016029,396502436
586956,78,79,157,424734942,400766174,389835218
587456,90,89,179,434846044,413695448,404565575
587957,84,84,168,435988753,413608825,398268809
588457,86,86,172,421507615,401761405,394846679
588957,81,81,162,417700029,396103903,385291783
589457,74,75,149,407424181,383811349,373193248
589962,76,75,151,413190332,390442280,379774098
590462,77,78,155,430993112,406834010,395798859
590963,82,82,164,432912574,411032426,400554907
591463,86,86,171,432977690,416921649,408987544
591963,88,88,177,437665783,414995600,406784018
592463,89,88,177,443076145,423372016,415075747
592963,89,90,179,439167209,419358064,411142605
593463,90,90,180,438831599,419000703,410540798
593964,90,89,179,442648366,423140419,414655443
594464,87,87,174,439812916,420647868,413911292
594964,88,89,177,442194829,422900838,413381891
595464,90,90,180,439002801,419433019,410778860
595964,90,89,179,440277435,420468781,412309067
596465,88,88,176,433677966,414189258,407604471
596965,90,90,180,446087445,426124332,416170210