19290,239,237,480,6751824412,6245099665,6129724715
19791,296,299,597,6684778505,5888589289,5721400917
20291,296,296,592,6007602941,4867093433,4604787345
20792,296,298,594,6172338234,5299447394,5095884670
21292,299,296,595,6968258520,6523281618,6456174399
21792,296,298,594,7001900024,6691155427,6621191115
22292,312,311,622,7039677209,6721199618,6581011652
22792,254,255,510,6983540406,6673341427,6632955639
23293,238,238,476,7261149098,7113771176,7014365065
23793,297,296,593,7126501921,6938157360,6890946951
24293,281,284,565,6822122879,6500458045,6439361075
24793,314,313,625,7071098435,6920318895,6943157911
25294,303,301,606,7100500870,6959102900,6901645350
25794,301,301,602,7088898288,6912006832,6796494936
26294,306,307,610,7213872854,7075830975,7059781023
26795,329,326,656,7006551986,6901778863,6861401824
27295,332,333,667,6968445988,6738118627,6688421594
27796,327,327,653,7007758282,6884399582,6903382011
28296,330,330,661,7231174567,7075042007,6924785186
28796,322,322,643,7025720744,6907382175,6896112124
29296,343,344,688,7129604891,6975762928,6974849321
29796,320,318,634,7179334433,7110310509,7089703322
30296,273,274,551,7278270760,7111692046,7017989461
30796,296,302,598,7170939234,7058227634,6985292585
31296,254,249,503,7144506382,7076216329,7103352496
31797,244,245,489,7213305546,7122586976,7063661625
32297,388,385,773,7055334158,6915680092,6866087501
32797,318,319,637,7001397533,6883912632,6854410914
33297,219,219,438,7364101387,7299924822,7294577675
33797,381,383,764,7068559106,6875364348,6788462896
34297,381,382,763,7180413077,7029992329,6964295789
34797,419,418,837,6902888238,6646270627,6603353268
35298,274,271,545,7172376899,7050412292,7026538558
35798,228,233,461,7253405589,7183432927,7149596229
36298,232,229,461,7247961919,7180909764,7162123249
36798,269,266,535,7082567445,7004422429,6998175621
37298,301,305,606,7207718097,7110119867,7037586108
37798,266,269,535,6785444280,6707009252,6841394602
38298,184,178,362,7596507456,7549979588,7419421000
38799,183,187,370,7244672812,7184455052,7145397958
39299,253,249,502,7203629721,7127494386,7141413437
39799,264,265,529,7372679864,7300204601,7202414408
40299,302,305,607,7125733577,7034008031,7013225916
40799,218,219,437,7214915653,7149978907,7162145292
41299,186,184,370,7247862407,7206261390,7146601529
41799,266,265,531,7320251642,7245073355,7236592359
42299,335,337,672,7195250049,7084332171,7041319826
42800,369,367,736,7066608721,6922928778,6853716471
43300,350,349,699,6990701620,6879394236,6863583512
43800,330,330,660,7151208758,7055238280,7013699319
44300,324,325,649,7138348891,7037106022,6997181476
44800,355,354,709,7057672159,6947518197,6913945302
45300,201,202,403,7169839254,7118913073,7107486452
45800,197,198,395,7330304410,7272809579,7237374806
46305,270,269,539,7226950019,7149724432,7124477958
46805,307,308,615,7139547878,7046690916,7004718954
47305,235,233,468,7253359358,7184711644,7188753944
47805,174,172,346,7199792796,7150255330,7131367757
48305,179,181,360,7336748797,7291391790,7265077528
48805,216,217,433,7236187247,7179934567,7163527451
49305,253,252,505,7286744610,7216241492,7166995034
49805,354,357,709,6999909650,6892417197,6885418890
50306,309,311,622,7098621259,6979063605,6897545427
50806,310,310,620,7123089693,7021991866,6992647665
51306,303,300,603,7112673944,7023962551,7008634464
51806,308,311,619,7179807999,7065434221,7049264999
52306,307,302,609,7206587118,7112713556,7035913521
52806,349,351,699,7098043092,6953905677,6917256279
53306,340,338,679,7081872888,6934315216,6901488519
53806,351,352,703,7081098724,6942669899,6864365180
54307,352,353,705,7046722999,6887593663,6890064871
54807,332,331,663,7139907490,7021605409,7015691834
55307,339,343,681,7278140362,7178937351,7086154507
55807,240,235,476,7180926935,7079831282,7088013513
56307,181,180,361,7273087419,7226051987,7203536892
56807,265,269,534,7324169892,7239135876,7148364936
57307,322,317,639,7038257106,6942090196,6928555620
57807,391,394,785,7018969832,6877964776,6825036331
58308,309,309,618,7000331003,6903302996,6890001930
58808,244,245,489,7204433887,7117640848,7089015807
59308,317,317,634,7255944394,7160285403,7093381553
59808,333,332,665,7080159345,6964299541,6939816646
60308,311,313,623,7120946457,7021780095,7013133146
60808,331,328,660,7197963634,7084388378,7027331731
61308,285,286,571,7106711816,7024037909,7000847590
61808,228,227,455,7276533283,7207171241,7261666040
62309,222,218,440,7170710020,7096749817,7001868809
62809,186,192,378,7335887214,7270115648,7228714384
63309,237,236,473,7244823456,7184494503,7155504849
63809,265,267,532,7053863077,6979039218,7016362464
64309,132,132,264,7427282682,7394464120,7317267059
64809,240,237,477,7346054913,7276179055,7261477969
65309,353,358,711,7103496859,6990712846,6913170346
65809,299,290,589,7009305427,6915541284,7084146763
66309,232,238,470,7304294129,7228743178,7007451292
66810,253,249,502,7205502642,7136963150,7121750081
67310,326,335,661,7174163793,7068045807,7008537046
67810,346,345,691,7011569085,6906253192,6866928278
68310,361,357,718,7119786322,6987776543,6946974003
68810,299,298,597,6948684513,6842925077,6802088730
69310,226,224,450,7112827299,7050881152,7071203041
69810,168,169,337,7298972768,7250551703,7239578357
70310,236,236,472,7363048318,7294840369,7210920865
70811,313,313,626,7097224757,6990660176,6968769000
71311,325,324,649,7091439563,6987943603,6970551759
71811,297,299,596,7219140911,7128100838,7076461601
72311,300,302,602,7247321804,7141526824,7094247109
72811,309,305,613,7072987872,6978101056,6965879440
73311,310,314,625,7027904351,6917745012,6853624937
73811,241,239,480,7331147304,7262440172,7227812847
74311,243,244,487,7170995561,7100970849,7062810990
74812,250,248,498,7265335726,7194037306,7171821413
75312,275,277,552,7142658100,7060583954,7020555573
75812,327,327,654,7090197425,6993397833,6958576479
76312,306,308,614,7098109011,7006665754,6962793132
76812,302,298,600,7119250086,7030166774,7028311975
77312,349,349,698,7007439010,6853880970,6774073460
77812,352,350,702,7081745245,6915616043,6863653984
78312,327,327,653,7004699229,6825931190,6760155941
78813,323,325,648,7002642677,6794255882,6729506539
79313,341,347,689,7023806336,6857979054,6821819992
79813,353,347,700,7066490084,6900485301,6846019959
80313,326,327,653,7146401814,7000190945,6920157940
80813,354,353,707,6982772417,6815683097,6777472430
81313,348,352,700,6972510284,6810911085,6740007239
81813,347,342,689,6944244863,6763054956,6705595674
82313,325,330,655,7127713720,6981349974,6931116526
82814,337,334,671,6992142207,6852934217,6810738072
83314,319,321,640,7196294128,7080832012,7031710224
83814,316,315,631,7023874942,6892673320,6864345129
84314,333,333,666,7221427170,7085329824,7031879414
84814,320,320,638,7188206684,7074304592,7047695130
85314,333,334,669,7178095707,7015164801,6997893272
85814,332,331,663,7326580189,7187585334,7133727363
86315,324,325,649,7214666412,7062813846,6988034654
86815,309,304,613,6991395380,6879341834,6922732472
87315,301,308,609,7158660036,7032139585,6921392786
87815,319,313,632,6966590713,6849634849,6822755384
88315,321,322,643,7130762529,7011872047,6965210294
88815,314,319,633,7133448746,7011092048,6961325240
89315,325,325,650,7210828775,7070103867,7031350358
89816,292,286,578,6947643639,6831721438,6822351876
90316,268,273,541,7346360585,7240612527,7177664924
90816,284,284,568,7108441667,6953649217,6913149706
91316,267,264,531,7164617145,7044421934,7003398427
91816,341,343,684,7158483920,7005961258,6949191342
92316,340,336,676,7012260298,6865614693,6833493536
92816,352,353,705,6942814599,6764612531,6687083492
93316,327,328,655,7134718203,6993747351,6963070652
93817,338,339,677,7152185170,6985763000,6922211081
94317,359,357,716,6966539934,6785306750,6745440196
94817,297,295,591,7117204128,6998218926,6977862278
95317,325,328,654,7048586237,6904487781,6830670207
95817,325,323,647,7010630199,6839745057,6793074146
96317,282,286,569,7137702435,7005640260,6951650801
96818,291,288,579,7007800034,6863014285,6868359663
97318,164,167,331,7478690735,7397566817,7317338208
97818,200,197,397,7073167153,6964634386,6957276526
98318,233,235,467,7278265309,7188551852,7126390422
98818,301,300,602,7111949331,6978334068,6978078097
99318,358,353,710,7129854518,6951526223,6865142626
99818,368,375,744,6988302761,6798463562,6731936720
100319,333,338,671,6982790155,6834850084,6774438066
100819,369,361,730,7032252619,6852509096,6794150430
101319,373,374,747,6941786337,6773754547,6720251369
101819,355,359,714,7175051080,7029227786,6931934240
102319,359,355,714,7057578403,6908223082,6886504272
102819,357,357,714,6985932684,6836554237,6781290782
103319,357,358,715,6954167048,6792207851,6746689821
103820,339,338,674,6853403975,6728012666,6739034921
104320,260,259,522,7262071796,7115679217,7039278102
104820,307,307,614,7268027015,7142569547,7105210688
105320,319,324,643,7194275816,7059074304,6977509368
105820,335,331,666,7153418126,7017655949,6994763462
106320,337,336,673,6943684280,6803120865,6776593931
106822,327,334,659,7144506011,7048785955,6954845197
107322,332,330,663,7064404876,6890975080,6850684879
107822,343,341,685,7149756335,6994464001,6930687743
108322,283,282,565,7032641753,6917402462,6979792993
108822,183,183,366,7368407263,7298901729,7219418316
109323,211,213,424,7298675348,7209522617,7135693109
109823,282,276,558,6892901546,6775715910,6792037002
110323,179,183,362,7472138700,7398734672,7311192122
110823,221,218,439,7131947957,7046889478,7052761781
111323,196,199,394,7217533676,7153403340,7112592656
111823,194,195,389,7316604232,7251085883,7209912749
112323,261,258,520,7165583697,7029043609,6991376736
112824,358,365,720,7019647102,6910712745,6825183890
113324,361,356,720,7104202671,6882408991,6870555921
113824,288,284,571,6807988513,6690743031,6654579918
114324,221,226,448,7454320178,7336035649,7259443470
114824,321,323,643,6916253326,6772707869,6737803784
115324,170,165,336,7200601346,7131361260,7191086903
115824,231,232,463,7350618405,7246506911,7129144147
116324,267,265,532,7187306837,7083211646,7079718283
116825,288,291,579,7190693658,7073259661,6983956815
117325,329,329,655,6787627474,6636591447,6708391560
117825,250,253,501,7389364179,7352651140,7181362857
118325,324,323,652,7028161237,6821900923,6768101760
118825,323,321,644,7128188948,6996062932,6961194848
119325,327,324,651,7125824102,6990837380,6946588873
119825,353,360,713,7083839839,6896520748,6839960731
120325,362,354,716,7043602991,6871842192,6829835836
120826,275,279,554,6957929571,6834858752,6822833181
121326,278,279,556,7269723827,7159724567,7083723358
121826,335,332,667,7087008533,6934918924,6925656789
122326,333,335,669,6940429135,6786478735,6685134838
122826,296,292,588,7212645157,7066838686,7038523446
123326,373,375,748,7064521758,6893779833,6851466983
123827,380,379,759,6979222602,6776735372,6672635947
124327,373,377,750,6956909539,6798511616,6769437618
124827,266,263,529,7107975040,7011845145,6979740234
125327,281,282,563,7198208674,7088809410,7075016664
125828,308,312,617,6984810566,6856856549,6861445882
126328,249,246,498,7289593137,7131960228,7003719472
126828,178,174,352,7324019132,7258430168,7253580936
127328,200,205,405,7402687254,7322705011,7258711846
127828,185,183,368,7152488371,7070762836,7127751249
128328,234,235,469,7308356656,7221532117,7126871554
128829,333,331,663,7096427689,6977312370,6939759525
129329,337,342,679,7126930688,6997792498,6943621549
129829,288,287,576,7095969551,6946839257,6892059400
130329,247,242,489,7049576281,6945134800,6957857696
130829,314,318,632,7123385743,7011242348,6944266806
131329,314,314,628,7046946462,6926127545,6923876393
131829,265,265,530,7230196524,7103096328,7047048069
132330,349,349,698,7152345122,7000865023,6929919382
132830,327,326,653,7071907369,6943849131,6923524633
133330,321,320,641,7062629852,6944484300,6920687390
133830,353,353,706,7117528652,6955637420,6873907456
134330,332,328,660,6987736251,6846471328,6837372565
134830,315,321,636,7152652767,7019609475,6973797050
135330,239,235,474,7161087533,7066475107,7099178459
135831,265,267,532,7299623394,7196768494,7077607982
136331,315,315,630,7068089956,6950647556,6921816806
136831,316,313,629,6924594308,6806805095,6825302943
137331,285,290,575,7313390127,7189971955,7086674982
137831,314,314,628,7132874170,6997696491,6940142024
138331,334,335,669,7141701146,7003460030,6978019649
138831,334,329,663,7035991221,6902955733,6847784682
139332,345,345,690,7052219384,6901250179,6855175515
139832,353,356,709,7076474445,6891979286,6837036069
140332,327,326,653,7146484463,7005059710,6954468097
140832,334,333,667,7100937458,6969793714,6928263575
141332,342,343,685,7006250153,6863161610,6807514897
141832,352,357,709,6891152192,6727825472,6673257490
142332,355,348,703,7057145704,6910101537,6851653080
142832,323,325,648,6958029885,6810061618,6783014075
143333,370,370,738,7160811517,6987798767,6901336456
143833,357,355,714,7063824593,6878913335,6821049235
144333,363,365,728,7084401979,6926760973,6887758258
144833,365,366,730,7161773167,7008170504,6911663344
145333,339,342,682,7053597183,6892597289,6864015772
145833,358,357,714,7005138363,6849100367,6801810553
146334,368,366,735,7088762346,6905512593,6844090648
146834,363,364,727,7015451705,6846634176,6823591973
147334,296,293,589,6989092268,6852886131,6807012687
147834,222,223,445,7119052936,7036667059,7040612726
148334,178,179,357,7298519013,7220171603,7175788696
148834,189,189,377,7240924703,7183990722,7188417564
149334,224,222,447,7253463822,7151797400,7072926562
149835,267,266,533,7138375434,7041328917,7007256832
150335,323,325,648,7059398961,6944298975,6902171229
150835,315,321,636,7041769716,6902839312,6853066845
151335,259,250,509,7072044642,6962667265,6939434267
151835,286,290,575,7133948452,7025141659,6987972620
152335,349,347,697,7045293767,6882203760,6801324228
152835,349,353,702,7036212676,6899283551,6851066447
153335,200,198,398,6986486529,6901914270,6915921026
153836,173,171,343,7466389099,7399806090,7362432406
154336,209,209,419,7240092825,7150583227,7111846306
154836,290,290,580,7086413679,6973017450,6958332733
155336,355,355,710,7007391251,6850188248,6751168943
155836,330,332,662,6996469769,6832483571,6783327011
156336,345,343,688,7019476681,6877544655,6815044839
156836,365,365,729,6948497926,6786772709,6801573868
157337,353,353,707,7042169346,6871699532,6752749644
157837,342,342,684,6952930249,6798132068,6756982545
158337,305,306,611,6890993554,6755262262,6800352261
158837,234,230,462,7434915289,7367009414,7255609749
159337,386,391,778,6902349586,6724300424,6640225766
159837,373,370,744,7014472989,6833982093,6796094316
160337,364,367,731,6961598809,6796105005,6721588383
160838,352,352,704,7055937578,6899515369,6841634707
161338,315,314,629,6967628012,6829138921,6796853206
161838,320,321,641,7112701813,6965793453,6907945677
162338,323,323,646,7148357629,7022851871,6976676976
162838,355,354,709,7005730383,6841094321,6770588048
163338,348,350,698,7064093814,6912479852,6861778072
163838,345,340,685,7042000904,6884573940,6871206593
164338,318,322,640,7083565348,6952385760,6901822075
164839,338,339,677,7095851840,6947950454,6899113784
165339,327,321,646,6965292803,6863246889,6789199447
165839,306,310,618,6922588116,6754542044,6707591482
166339,197,197,394,6879373053,6799273043,6813215286
166839,255,254,509,7400884099,7292676550,7271023260
167339,317,318,635,7109921904,6960455969,6872728408
167839,337,339,676,7033454671,6904011444,6858593675
168340,332,332,664,7218834776,7068647103,7038464039
168840,317,316,633,7101865829,6982828627,6943978618
169340,342,341,683,7145132516,7004328722,6974754194
169840,331,331,662,7218009609,7087813544,7042618644
170340,310,308,618,7024551773,6889137771,6918059353
170840,281,285,565,7300691358,7205476736,7081943222
171340,333,332,666,6980329555,6829666549,6780781666
171841,339,337,676,6943959842,6820416537,6792512719
172341,328,333,660,6958420699,6840758497,6773911629
172841,312,310,623,7052082796,6898223305,6876881702
173341,238,239,477,7205020776,7119360494,7076230329
173841,308,306,613,7161992978,7051410875,7013408792
174341,353,356,710,7032972621,6884504171,6828930963
174842,186,181,367,7126202803,7052544474,7047393194
175342,181,184,364,7434180690,7375778899,7332291983
175842,283,278,562,7173468694,7031096828,7026507860
176342,294,298,592,7058710168,6940469220,6868973748
176842,311,312,623,7066427135,6951675957,6922391114
177342,329,325,654,6977949611,6834520668,6837387840
177842,321,321,642,7118765152,6993163667,6952531273
178343,297,298,595,7170842122,7049337143,6983627655
178843,333,334,667,7088921881,6959844321,6918377221
179343,373,372,745,7015383311,6872962484,6812899592
179843,232,232,464,7172849473,7077786774,7054311595
180343,215,216,431,7163666689,7085171166,7058089913
180843,181,180,361,7321864855,7256102522,7208115002
181343,237,237,474,7251627414,7152349404,7185538956
181844,252,255,507,7239536127,7136634316,7047310339
182344,332,328,660,7089834119,6969093590,6937002324
182844,308,307,614,7089770599,6981590881,6973049205
183344,334,334,669,7141406937,6994658314,6926424358
183844,343,345,688,7124736672,6990649170,6936056140
184344,255,257,512,7164560941,7063358498,7022048406
184844,244,243,486,7192928213,7133766600,7144965370
185344,278,278,555,7158080660,7037071227,6972927227
185845,323,321,646,7133217055,6974158887,6930476986
186345,311,309,620,7017901557,6896446517,6874653783
186845,266,270,536,7211995559,7110457094,7098856182
187345,360,360,720,7101256547,6937777005,6834647775
187845,362,366,728,6998428634,6843273074,6777494431
188345,306,303,609,6944791017,6821801610,6786694701
188845,255,251,506,7231163166,7130342449,7139529618
189345,246,247,493,7306505604,7210222376,7141228050
189846,278,280,558,7100235259,6998435063,6962177334
190346,354,353,707,7042717503,6899419747,6861512296
190846,302,302,604,6838901702,6709654136,6770958609
191346,171,175,346,7300668136,7230718856,7095588250
191846,243,239,482,7383339008,7277103678,7217662926
192346,286,287,572,7084625457,6978534460,6943707360
192846,248,245,493,7136971165,7019160528,7009415062
193346,232,235,468,7038848362,6950761247,7004915840
193847,292,293,585,7336836653,7208672039,7059665637
194347,348,345,693,7113827049,6976970835,6923184110
194847,331,335,666,7008361664,6875982478,6820635279
195347,307,304,611,7126170876,6989429948,6941052088
195847,280,283,563,7185146175,7074935827,7035094124
196347,312,313,625,7024552741,6893005954,6869009897
196847,311,306,617,7064003591,6938629307,6899005724
197348,300,302,602,7161231934,7040166634,7032402761
197848,339,338,677,7074558149,6943491316,6859301218
198348,358,360,718,7020613046,6849524011,6796107683
198848,362,361,723,6979328929,6816651543,6731314633
199348,372,371,743,6950768335,6771195529,6718507706
199848,299,299,598,6837179528,6690735775,6786610756
200348,205,207,412,7424798472,7347259825,7184037520
200849,241,242,483,7238943285,7145565702,7113748009
201349,239,238,477,7012210457,6910569233,6869552283
201849,280,280,560,7178511439,7075475679,7038990135
202349,336,332,668,7038740978,6906135958,6879348729
202849,269,272,541,7158935725,7046579701,6975835970
203349,216,215,431,7210331102,7116343603,7128100298
203850,308,311,619,7005542193,6871818071,6805504356
204350,267,267,534,7192416641,7090187462,7034110817
204850,332,331,663,6991982652,6866104803,6843376534
205350,286,287,573,7077591575,6964618174,6935405584
205850,221,221,442,7269725864,7175390042,7129693171
206350,247,244,490,7044653889,6967364018,6974149722
206850,268,268,537,7169200199,7058460122,7024882921
207350,251,250,501,7127639867,7036532374,6974725104
207851,240,242,481,7241125638,7083688518,7007800660
208351,360,362,723,6938439969,6731040008,6654930192
208851,340,336,676,7030868626,6894019687,6854736066
209351,359,360,719,6993253024,6842261221,6805663056
209851,251,254,505,6911635899,6802600493,6777416350
210351,219,215,434,7408061623,7318962967,7257100259
210851,199,204,403,7178335114,7091799409,7073189320
211352,216,215,430,7209644587,7127123892,7098162665
211852,237,230,468,7106295149,7013999928,7093399961
212352,245,250,495,7259288493,7163564591,7022226503
212852,310,312,620,6978029909,6847724553,6842847932
213352,238,236,476,7246678862,7138414754,7066860749
213852,218,216,434,7180631574,7097019057,7041352997
214352,243,244,487,7240762635,7140182628,7100281805
214853,292,294,586,7225611799,7117233337,7084126458
215353,323,323,646,7118136888,6993326914,6938983153
215853,324,323,644,7049604695,6923517057,6921732133
216353,321,322,646,7009412422,6886981566,6826312552
216853,324,324,648,7060625051,6937705404,6919376702
217353,325,321,646,7042974171,6908274623,6852589117
217853,262,263,525,7040025856,6935587830,6889602730
218353,181,186,367,7375491557,7299728380,7229784025
218854,220,217,437,7145106312,7061816296,7090131646
219354,280,284,562,7177222029,7086449199,7024160383
219854,342,336,679,7032839499,6893055058,6877388336
220354,357,361,719,7093722985,6929302918,6833326367
220854,321,318,639,6894851014,6760812886,6739122376
221354,347,347,694,7036384298,6879616930,6831900226
221854,348,351,698,7045354029,6900977978,6816199401
222355,247,242,490,7106545961,6977858660,7010691113
222855,260,262,522,7232004603,7131272688,7047323286
223355,309,312,621,6164383646,6027953626,5949637371
223855,376,373,749,7015736354,6838528730,6811440160
224355,349,353,702,7011333872,6843108672,6765640900
224855,259,256,515,7061908077,6955436692,6946491957
225355,326,325,651,7088583500,6937810909,6870789874
225856,359,358,717,7128880545,6956847527,6874852032
226356,329,331,660,7095510771,6953631401,6925915507
226856,336,336,672,7031524289,6859317878,6785447803
227356,259,263,522,7198792617,7101766932,7072922003
227856,279,275,554,7174690969,7071895086,7043986358
228356,319,323,642,7130554635,7005960564,6956738670
228857,325,324,649,7216894757,7090173908,7047498205
229358,358,355,713,7078180466,6915499169,6878034813
229858,379,375,754,6927127462,6769890748,6710860924
230358,345,348,693,6951516319,6818006607,6785337222
230858,332,334,666,6983852910,6814308892,6777417402
231358,285,286,570,7129360599,7011938505,6940517458
231858,278,277,553,7215689870,7102696358,7047073833
232359,308,303,614,6990235424,6844836559,6875939411
232859,211,211,422,7135025064,7055931121,7102648435
233359,269,274,543,7304267015,7196703546,7035842274
233859,293,294,584,7128834763,7039994196,6975360332
234359,257,256,516,7143793784,7028161524,6980556910
234859,285,287,572,7211947425,7097115549,7117981262
235359,282,281,563,7084510024,6976372054,6920230720
235860,178,176,354,7254098976,7187640523,7144227554
236360,251,248,497,7201894153,7113254099,7123204783
236860,340,346,688,7033862166,6871518664,6754380009
237360,369,366,733,7084982612,6939302528,6908280713
237860,361,364,727,7024791049,6855863894,6807357094
238360,377,374,750,7060991756,6854299790,6770627522
238860,385,386,772,6789180971,6348173596,6261127020
239361,344,342,686,6995715613,6789402606,6752953091
239861,343,346,689,7040392799,6893404866,6842241936
240361,340,337,677,6938381887,6797433520,6800273720
240861,249,247,496,7200883654,7102414214,7103989574
241361,240,241,481,7180946571,7086683448,7020937410
241861,173,174,347,7228658391,7156543606,7150890380
242362,186,187,373,7334075111,7258052827,7196266997
242862,287,289,576,7123445418,7006129704,6944868279
243362,333,331,664,7030670545,6872435814,6824996420
243862,339,339,678,7112038820,6970870972,6930538799
244362,334,335,669,7095897242,6935022819,6874060682
244862,305,307,612,6964518623,6829704497,6775198249
245362,254,250,504,7242999428,7151277222,7137484804
245862,243,243,486,7101069809,7011849874,6989639417
246363,283,285,567,7114511228,6991134702,6955408820
246863,344,339,684,7047146729,6896295581,6813772068
247363,345,350,695,7110533985,6973759629,6931873678
247863,317,315,632,7014274151,6875009283,6842662109
248363,314,317,631,7216836494,7091090476,7026140268
248863,333,332,665,7028821566,6859741126,6818686697
249363,331,331,662,7105314746,6981521687,6920821013
249863,344,344,688,7044127236,6914114024,6869803482
250364,346,344,690,7058701471,6925747791,6915935142
250864,342,344,686,7115209058,6972767081,6925526206
251364,347,342,689,7059944048,6925704847,6861872974
251864,335,340,675,7007357095,6854412193,6835430922
252364,299,300,599,7043836746,6917664424,6865009706
252864,173,174,347,7284456827,7214660287,7179908225
253364,165,161,326,7101420241,7033010738,7095992790
253865,191,191,382,7435817358,7346900180,7249130554
254365,273,273,546,7203577504,7087604579,7005202927
254865,304,304,608,6971137613,6845586917,6809849326
255365,309,313,622,7043577521,6872227001,6806780160
255865,325,322,646,7012634092,6846288618,6804530505
256365,309,307,617,6992800380,6840417915,6786707288
256866,305,306,611,7201445624,7077923012,7038119343
257366,286,290,576,6984645451,6872441317,6853912199
257866,268,264,532,7326424614,7213814906,7173987242
258366,312,312,624,7133177584,7013950184,6974864095
258866,313,316,628,7129466202,6968094274,6850708603
259366,367,366,734,7009397781,6848236951,6807927138
259866,349,347,696,6991586126,6831384779,6776248878
260367,366,367,733,6933111819,6767317263,6712080064
260867,349,348,697,6980237598,6832914831,6759474730
261367,349,353,702,7128801375,6974222385,6912303250
261867,364,360,724,7039984504,6866280625,6810976706
262367,346,349,695,7053379214,6882298507,6823948658
262867,290,288,578,6933893825,6784633010,6754727809
263367,181,181,362,7400498617,7336105901,7313984806
263868,261,260,521,7154755190,7030242952,7026215406
264368,342,342,684,7044401483,6873966657,6791971663
264868,337,339,676,7046848037,6855726120,6818955591
265368,261,265,526,7030391533,6885492825,6821347824
265868,259,256,515,7223860627,7126229349,7044150018
266368,237,235,470,7166808366,7117656177,7107915877
266869,247,246,495,7363904797,7225491037,7157412065
267369,269,268,537,7096960155,6988541597,6990260473
267869,271,273,544,7133945152,7027750020,6956626845
268369,284,282,566,7104758197,6986565513,6974457785
268869,312,312,624,7221298217,7095934809,7004742372
269369,290,291,581,7020007050,6886296552,6870354651
269869,273,274,546,7112934658,6995755581,6948701526
270370,279,280,560,7163401549,7034464342,6999470298
270870,329,328,657,7063748975,6925877264,6904272317
271370,318,317,635,7103475240,6970518488,6905073908
271870,321,323,643,7140255134,7013067382,6975345206
272370,341,343,683,7013844414,6830226028,6745542783
272870,301,298,601,7083363727,6890069624,6833978759
273371,230,230,460,7152590958,7045651715,7014239743
273871,284,285,564,7163480042,7067287826,7073030871
274371,354,355,713,7029292900,6855569105,6744399500
274871,320,317,638,7143195912,7019164130,6957051686
275371,335,335,669,7123388125,7018028969,7008837694
275871,326,327,652,7147703418,7013286180,6935026287
276371,333,332,667,7094897234,6937659758,6977016980
276872,328,327,655,7253991607,7106051430,7003475811
277372,332,334,666,7165043654,7009944504,6954613749
277872,335,334,669,7262257800,7132543411,7100670418
278372,318,321,639,7196209900,7072624534,7044469865
278872,326,323,649,7175665793,7060503874,7015125028
279372,337,339,676,7087606481,6966055080,6926423790
279872,333,335,668,7017596520,6881145305,6859693480
280372,304,299,603,7051568253,6934771148,6900641001
280873,254,255,509,7275074192,7168809604,7122106092
281373,291,292,583,7113956711,7001459732,6968566087
281873,331,331,662,7216046311,7070342939,6994066035
282373,346,346,692,6994541414,6848441365,6855505312
282873,333,335,668,7040166671,6920332455,6869267474
283373,320,320,639,7119295466,6982952217,6918415653
283873,340,338,679,7063167583,6915751841,6898497789
284374,278,278,556,7058835453,6964196755,6942683765
284874,239,240,479,7234355970,7142145821,7089833458
285374,263,261,524,7201459778,7110811913,7110099778
285874,282,280,562,7147112862,7037232554,7014433537
286374,282,287,569,7183996309,7083579440,7000346400
286874,241,241,482,7237275660,7133985195,7118646319
287374,284,283,567,7213084684,7084932280,6990569993
287875,287,285,572,7297587184,7172425195,7161661764
288375,338,338,676,7176911169,7021872448,6961369627
288875,319,321,640,7070681530,6950395166,6916981118
289375,319,319,638,7053367380,6915336222,6898182305
289875,294,297,591,6972922279,6851701191,6826596132
290375,267,263,526,7178787862,7120367131,7065484489
290875,311,308,623,7114313406,6946602093,6906430571
291376,314,316,630,7137425175,7000376738,6919819123
291876,299,298,597,7136157162,7006403784,6991117518
292376,266,270,536,7090559541,6975824433,6944447372
292876,322,316,638,7143976603,6999125611,6923762865
293376,304,306,610,7046207511,6895415995,6869553313
293876,257,260,517,7202546918,7113956848,7080565507
294377,292,291,583,7172941096,7071283269,7010298479
294877,340,340,680,7060455088,6957476261,6913368392
295377,349,352,701,7087873187,6965196323,6921856881
295877,330,326,656,7021271017,6880382251,6834666629
296377,308,311,618,7017858020,6891786496,6861409259
296877,281,277,559,7188006060,7066170970,7025644418
297377,309,308,617,7092465266,6958345825,6902721039
297878,304,308,612,7227561468,7098773634,7051197869
298378,250,251,500,6275872997,6159947758,6156100169
298878,167,165,333,7133887070,7059770288,7077052370
299378,251,252,503,7372657378,7258206180,7162703153
299878,232,232,464,7045891027,6956238716,6931850582
300378,197,199,396,7373356299,7288870091,7259220961
300878,297,296,593,7290500546,7160197212,7106932927
301379,285,281,566,7125130647,6988303601,7034603393
301879,181,182,363,7179574444,7108284980,7086671577
302379,242,241,483,7307338278,7216608167,7128655166
302879,290,295,585,7245915351,7133642606,7072333638
303379,293,289,582,7024410533,6896810253,6974949046
303879,255,255,510,7276355315,7171264488,7075112086
304379,267,270,535,7181196589,7112694142,6987546792
304879,297,295,594,7162886757,6992834188,6966001409
305380,291,292,583,7063334121,6949635241,6908526333
305880,363,363,726,7012337329,6864709876,6802376501
306380,346,339,684,7040035390,6897345379,6856314508
306880,291,296,588,7026828262,6900409476,6873030834
307380,267,266,533,7135470225,7033766414,6990694521
307880,210,211,421,7202313879,7120670604,7119592858
308381,248,246,494,7363081095,7250111510,7203220663
308881,342,343,685,7179641683,7025663763,6982668712
309381,339,339,678,7175380141,7032627974,7006937051
309881,351,352,696,7249656717,7112224189,7082597839
310381,336,342,685,7222825861,7055897392,6931219637
310881,325,318,643,7102322702,6977026814,6981457123
311381,263,263,526,7135578323,7012616726,6956545107
311882,264,267,531,7407375208,7280614859,7209341801
312382,352,350,702,7048968500,6908835053,6912858390
312882,335,336,671,7060442607,6920781835,6836172752
313382,302,302,604,7096207529,6978277083,6964898118
313882,247,248,495,7113031620,7020598379,6974619525
314382,293,290,583,7220141336,7110484148,7033648684
314882,351,354,705,7006574133,6754077892,6655363855
315382,364,365,729,6957415907,6779485617,6750128658
315883,342,338,680,7285020055,7132947900,7075329588
316383,337,340,677,7105273068,6896669173,6798986388
316883,359,358,717,7055360539,6775352826,6741472556
317383,342,342,684,7268784974,7107121959,7037364059
317883,340,342,682,7149594046,6994157613,6902501054
318383,259,259,518,7074453521,6966113149,6941092096
318884,231,223,454,7138352354,7050181212,7047212720
319384,271,275,545,7255956501,7134785050,7073999036
319884,328,333,662,7055069525,6896184392,6849519975
320384,314,311,625,7130924992,7000733211,6961262752
320884,258,257,515,7096086474,6973709176,6921911918
321384,304,302,606,7034461821,6882021319,6894946706
321885,276,276,552,6927618680,6802800066,6852837035
322385,221,225,446,7457540589,7357978622,7188516566
322885,275,270,544,6850718986,6736071488,6678759139
323385,174,177,352,7398617522,7312121670,7294066738
323885,140,139,279,7148245989,7092217434,7141493906
324385,167,167,333,7418260839,7362162793,7297742638
324885,234,234,469,7125807558,7022796812,6952501614
325386,267,268,535,7049547507,6940886868,6963901839
325886,183,183,366,7268424353,7201774293,7188215121
326386,221,222,439,7200655506,7203556321,7113539778
326886,209,211,424,7297794798,7118204485,7118555124
327386,260,256,515,7113141386,7038181537,6998450520
327886,257,262,520,7192121589,7078417507,7044039751
328386,302,297,593,7043119373,6985177046,6959802750
328887,233,235,471,7009075080,6926673521,6942113932
329387,176,174,353,7291142187,7162158474,7099224600
329887,229,233,462,7296168609,7200256190,7158541404
330387,292,292,584,7081876827,6972791935,6933610288
330887,344,344,688,7073583927,6948395964,6912238706
331387,365,364,729,6895043433,6771887346,6718644427
331887,333,330,663,7053704531,6947667814,6931345809
332388,320,321,641,7202536614,7102177267,7050394778
332888,334,337,671,7137183397,7033880311,6970149251
333388,340,338,678,7031014184,6905072622,6890493592
333888,278,282,560,7006165358,6901652652,6963078568
334388,258,253,511,7425727242,7340380728,7185276485
334888,344,346,689,7109692872,7001322264,6958300203
335388,340,338,677,6989900395,6867493879,6813237348
335889,177,177,356,7099529880,7008780006,7035478862
336389,236,239,475,7397519727,7301158029,7225602061
336889,354,354,708,6934263082,6785394207,6740382779
337390,382,379,754,6921844674,6699242676,6637169330
337890,354,357,718,7018595644,6768540313,6656178523
338390,401,399,799,6739621866,6551957972,6590017308
338891,269,267,537,7181254336,7053856635,6912671833
339391,331,334,665,7068579267,6938704221,6883037536
339891,296,295,591,6995811606,6876706607,6902560697
340391,246,248,494,7302613507,7195716991,7095729017
340891,355,357,712,7024901229,6879472346,6839339674
341391,307,303,610,7067024019,6948517192,6905590907
341891,247,243,490,6871862945,6777194061,6848843355
342392,239,246,485,7376704225,7289568288,7117827223
342892,262,256,518,7137145004,7036118179,7001773576
343392,293,296,589,7141009208,7029647630,6985579848
343892,297,298,595,6963211124,6836072263,6827676665
344392,296,299,595,7145164233,7019218102,6919109318
344892,282,278,560,6898998597,6776897103,6792343835
345392,243,244,487,7216216104,7117057513,7065522968
345893,393,393,786,7014578273,6816532604,6744747697
346393,345,344,689,7006201262,6841760274,6798846651
346893,355,358,713,7145579986,6933931753,6868553592
347393,350,347,696,7082206341,6947390618,6885517730
347893,362,363,726,7032854530,6859246508,6804513537
348393,287,282,568,6926864768,6801219611,6803746208
348893,218,221,440,7379454659,7295665790,7227994050
349393,288,290,578,7158036612,7026588046,6971028712
349894,371,372,743,7034473931,6877246565,6799878094
350394,372,373,745,6850475736,6666075468,6625341075
350894,359,353,712,6864720441,6711434340,6649773098
351394,344,349,693,7046690908,6910522705,6871574020
351894,349,348,697,6990928578,6844909492,6772173472
352394,361,363,724,6996861177,6837076529,6806640569
352895,326,323,649,7104240780,6968352306,6916106247
353395,412,414,826,6952684426,6776607806,6735138332
353895,303,299,602,7093593219,6975445764,6935453164
354395,303,303,606,7080333724,6971514251,6963987526
354895,335,334,669,7165365272,7021464603,6962935960
355395,342,347,688,7087611922,6957065472,6913800749
355895,335,332,668,7017235111,6876292799,6830400883
356395,332,335,667,7080734938,6964608746,6940799014
356896,317,312,628,7021355073,6900392842,6885696145
357396,303,308,612,7071043337,6958301242,6881651477
357896,350,346,696,6991383486,6843414612,6799348135
358396,352,355,707,7087618668,6955460365,6917818330
358896,279,278,551,7004134908,6978682750,7015053238
359396,285,286,577,7313708453,7145572108,7028060995
359902,272,273,542,5280701526,5205764874,5199431221
360402,417,417,837,8720779965,8125171471,7939546244
360902,301,297,598,7061403133,6902390750,6882714385
361403,231,237,468,7120702603,7044356688,7011360679
361903,254,249,503,7299745649,7240593839,7198649395
362403,309,309,618,7149643533,7048618468,7034095914
362903,338,340,678,6998005855,6893179274,6868406913
363403,322,321,643,7172687631,7072089684,7022648526
363903,311,308,619,7055736599,6962707608,6942513467
364403,205,206,411,7197706225,7132955579,7147344891
364904,199,200,399,7330755961,7284413358,7215104834
365404,266,269,535,7277356103,7183533116,7118373443
365904,371,366,737,7023542221,6918083098,6913800116
366404,353,354,707,6990409812,6883070832,6838628329
366904,367,368,735,7119892042,6985840837,6925157322
367404,357,359,714,6888391050,6782317210,6738433835
367904,356,358,716,7022530944,6823946861,6780337574
368404,298,299,597,7005027504,6894405959,6921501142
368905,264,261,525,7228385697,7133679469,7031165672
369405,239,238,477,7092124923,7000753270,6963655745
369905,278,279,557,7239441113,7135485033,7096631964
370405,329,329,658,7102753077,6977933708,6936828814
370905,321,319,640,6973451883,6845417523,6831749500
371405,345,345,690,7071224006,6945206029,6891181840
371905,332,336,668,7080798758,6943141751,6885296282
372406,341,338,679,7085144837,6976059275,6938623288
372906,280,280,560,5476501543,5371207761,5357223315
373406,265,269,534,6955849208,6855511307,6839660989
373906,184,182,366,7326486549,7252789253,7218317827
374406,201,199,400,7171604319,7102195259,7096944929
374906,298,296,594,7038439275,6924928855,6920073729
375406,246,245,491,7283418074,7194960485,7110209648
375907,296,299,595,7252549347,7128471572,7076929591
376407,344,343,687,7044439274,6902696272,6857235900
376907,328,328,656,7048017519,6924642562,6890241989
377407,329,330,658,6923476560,6798677338,6780564847
377907,329,326,656,7177001562,7050544281,6954771273
378407,344,345,689,7003940786,6874786930,6877585053
378907,347,346,693,7051957312,6904671050,6861774995
379407,302,301,603,7173255418,7058374522,6980016130
379908,238,241,479,7151762314,7069089385,7028688406
380408,151,150,301,7259876025,7197417415,7188278429
380908,228,232,460,7305769885,7208000878,7167508542
381408,342,338,680,6990327220,6864426147,6833255164
381908,365,366,729,7033977122,6882267518,6814913578
382408,342,344,688,7071689104,6923549047,6860100251
382908,330,329,659,6926673546,6785395287,6756943524
383409,341,342,683,7121452327,6976684884,6924459066
383909,361,360,721,6997850233,6846585399,6792615332
384409,374,374,748,7020054785,6870596349,6828521001
384909,355,357,710,7116007238,6971986086,6911840108
385409,258,254,514,7003719220,6882541069,6910757650
385909,279,280,559,7288550438,7191694833,7093767500
386413,321,326,647,7081278144,6953859016,6882203629
386913,350,348,698,7097326365,6962410553,6932252955
387413,296,292,588,7023186414,6898912098,6907944083
387914,271,271,542,7280072377,7143609858,7062621068
388414,315,320,635,7049687289,6847272258,6769200006
388914,370,365,735,6971322683,6788005404,6722465538
389414,370,371,741,7068744094,6908595227,6846533378
389914,378,379,757,6987676722,6833389305,6769232118
390414,335,334,669,7040835223,6905762337,6890488671
390915,320,323,643,7071328870,6944145721,6875334137
391415,323,322,645,7030324934,6889710054,6864014062
391915,323,322,645,7017566548,6884006302,6856724010
392415,328,330,658,7197615044,7079923045,7011886075
392915,325,322,647,7026147124,6896389649,6888629847
393415,320,324,644,7100923109,6978610189,6906313782
393915,372,370,742,7015915045,6857263080,6804616156
394415,384,386,770,7022753369,6866406300,6816559311
394916,367,365,732,7054258350,6888237920,6835922908
395416,358,357,715,7016152637,6856915272,6795732534
395916,338,336,674,6983176965,6827817278,6844704905
396416,342,343,685,7011461594,6840189892,6738460449
396916,328,331,658,7115579463,6961284228,6901722728
397416,302,301,604,7020479074,6889996357,6876970246
397916,282,282,564,7176077537,7082551510,7013495821
398417,323,322,643,7080694852,6953905548,6895308024
398917,311,316,629,7205390268,7071678512,7033799805
399417,309,306,614,7050378044,6921650116,6923920530
399917,246,244,490,7071247396,6984509628,6950859663
400418,284,285,570,7290844821,7152390563,7077154994
400918,289,291,580,7085209844,7028099241,7007861592
401418,220,215,432,7178513528,7110479467,7106296809
401918,287,286,576,7204905394,7033195074,6992797288
402418,341,346,687,7081553191,6941568971,6906652242
402918,314,310,624,6991093095,6863656612,6808479914
403419,275,278,553,7115298651,7017476013,7033936236
403919,232,234,466,7232267380,7146491326,7061660733
404419,166,166,332,7285332290,7224545523,7206820172
404919,254,251,505,7249578512,7145616812,7108704305
405419,348,351,699,7080763740,6930428681,6882525163
405919,367,369,736,6995264402,6823157864,6751166071
406419,302,296,598,7069366261,6940899501,6909523291
406920,287,292,579,6881174696,6612937315,6530771914
407420,371,366,737,6934015762,6745854440,6715956331
407920,343,345,688,7104802042,6950954606,6883590489
408420,291,289,580,7015630827,6892303554,6857908203
408921,251,250,500,7126062177,7049130181,7070575185
409421,296,300,597,7278780604,7129271426,6997616201
409921,371,367,738,6948416902,6795602777,6827481723
410421,340,347,687,7125089685,6972361337,6836609224
410921,342,335,677,7208295698,7063964188,7015910404
411421,355,354,709,7021595478,6857387867,6851019288
411922,349,354,703,6965941057,6813821691,6723826446
412422,348,347,695,7048854485,6915964787,6883630331
412922,284,286,570,7114763516,7003448484,6985299738
413422,369,367,735,7065569572,6905055639,6812442747
413922,339,341,681,6908147079,6614650415,6526378493
414422,347,345,692,6965693937,6691851018,6602586189
414922,367,367,734,6978586582,6801424361,6750413268
415423,374,371,745,6937010217,6762260086,6734785514
415923,354,356,710,7077595905,6886615959,6800145307
416423,330,328,658,7025108203,6869007813,6805606080
416923,380,379,759,6950622760,6761723482,6732442314
417423,382,387,769,6948824098,6779123386,6682935100
417923,371,369,739,7008258098,6821904817,6784822317
418424,364,363,728,7017057151,6850650835,6791155199
418925,361,360,721,7007678567,6853498917,6823398438
419425,342,342,684,7102887521,6963213026,6916567602
419925,344,345,689,6998178853,6850841915,6764209380
420426,327,330,657,7061384959,6942918672,6939210245
420926,337,340,677,7066103989,6890920867,6797496907
421426,255,249,504,7178683023,7080588146,7076129940
421926,286,287,573,7200679683,7085128359,7031155375
422426,312,317,629,7159275852,7040644501,6996724143
422926,262,256,518,7232823270,7137303263,7157090601
423426,202,202,402,7273630683,7251310804,7192126490
423927,241,239,482,7314321323,7175682350,7132131311
424427,296,299,595,7039366851,6916728662,6899405840
424927,337,337,674,7114061596,6992811901,6945494651
425427,375,377,752,6904483319,6752572432,6680507705
425927,386,382,768,7031488576,6885896891,6856644789
426427,360,360,720,6975846155,6836268828,6797526153
426927,275,277,552,6996762589,6868893485,6837583163
427427,281,282,563,7215102675,7109717101,7052485754
427928,343,343,686,7001933419,6851397433,6830924143
428428,368,365,733,7003735535,6826531453,6750175249
428928,297,297,594,7001658718,6878430733,6861290714
429428,177,183,360,7274138431,7208087481,7172376842
429928,163,160,323,7189688598,7117087734,7099439892
430428,174,170,344,7411401508,7344168351,7316739057
430928,202,206,408,7183758591,7107271529,7072373630
431429,288,289,577,7125612766,7012767181,6987719517
431929,324,324,648,7092876681,6929681707,6883150573
432429,326,326,649,7164860941,7032223725,6967294147
432929,279,274,556,7121424438,6939918065,6907929960
433429,253,256,509,7217503160,7076226978,6991297710
433929,303,304,606,6918582466,6811810948,6772828562
434429,322,322,645,7044815568,6867589308,6824726808
434930,314,312,626,7106052033,6861780210,6813887847
435430,292,293,585,7055438404,6939281467,6892894937
435930,337,338,675,7080790323,6935233294,6915630838
436430,313,309,622,7125640898,6997557612,6953933194
436930,241,241,482,7003949054,6909091370,6921003352
437430,263,266,529,7284851901,7185977281,7085885199
437930,324,325,649,7080709279,6958850221,6928547883
438431,351,355,706,7085582578,6936463056,6877797552
438931,375,373,746,6923972778,6770382850,6732975059
439431,356,353,711,7037445468,6883764746,6823983229
439931,342,343,685,7073825720,6923786150,6860988272
440431,332,333,663,6949887496,6847841045,6815823991
440932,315,313,628,7042816957,6889258947,6868818231
441433,326,325,653,7129813753,6985581535,6926390294
441933,330,332,662,7067658672,6909212687,6890989466
442433,338,334,672,7024431665,6879310982,6838170084
442933,235,240,475,7045838985,6958336894,6993052355
443433,176,175,351,7374439638,7296039881,7186888910
443933,194,194,388,7228002148,7160580381,7132863666
444433,286,284,570,7296138367,7174294981,7105875137
444933,298,296,594,6990463573,6858038412,6828778144
445434,248,249,497,7187862993,7087115328,7080862124
445934,266,264,530,7147284188,7037581718,7001671800
446434,352,356,708,7043288879,6902789932,6820929787
446934,342,341,683,6873901622,6708969465,6694642494
447434,341,346,687,6937016226,6767800147,6682155816
447934,346,342,688,6831425670,6689538262,6656332224
448435,336,336,669,6895846650,6749603071,6747255895
448935,240,243,486,7115466050,7008989447,6972041390
449435,249,245,494,7285439371,7195815883,7141579649
449935,286,286,572,6862231085,6753844669,6757881697
450435,341,346,683,7153902186,7057232320,7022799543
450935,328,323,654,7150590080,7036599853,6976682589
451435,336,335,672,6963443810,6841952005,6844994064
451936,316,319,635,7095278442,6982432547,6928894397
452436,319,323,642,7105797524,7003526794,6943259575
452936,289,284,573,7111023307,7017178248,6999654878
453436,281,285,566,7094425030,6995051051,6964358748
453936,327,323,650,7082920594,6988724993,6980766175
454436,338,340,676,7134061271,7036816046,6977421375
454936,342,343,687,7034665158,6922634185,6903783661
455436,347,344,691,7076674781,6969642812,6970186270
455937,341,340,681,6924983343,6788567574,6736626687
456437,263,268,531,7236823614,7144897756,7110555275
456937,283,280,563,7195321296,7101056651,7054867594
457437,318,317,635,7163767780,7087140049,7070158354
457937,317,319,636,7080183645,6979561408,6948379135
458437,304,298,602,7098859091,7033800134,7043523486
458937,304,309,613,7226617532,7151975222,7122714922
459437,271,268,539,7183117801,7113337459,7078187622
459938,301,302,603,7135532802,7059895319,7021105152
460438,332,329,661,7163506938,7047833250,7020921956
460938,325,331,656,7229054192,7123018491,7085710797
461438,329,328,657,7032884696,6912299259,6895217745
461938,330,328,658,7032903819,6931227249,6882972639
462438,343,348,691,7191463883,7084974744,7015081531
462938,347,343,689,7072495051,6961841657,6938504242
463438,345,350,693,7112127197,7041376533,6997933542
463939,312,305,620,7136660821,6981548481,6963428013
464439,327,326,653,6984965184,6870869816,6866051517
464939,340,340,680,7125235715,7003413852,6968700862
465439,336,340,676,7144742240,7045504938,7006548033
465939,346,344,690,6975328837,6843911824,6833580336
466439,332,334,666,7149016888,7033359062,6973870683
466939,325,328,653,7140423040,7051820397,7021494406
467439,283,276,559,7199029968,7132064005,7119605676
467939,277,282,559,7134445997,7050054345,7108184798
468440,291,292,583,7345399128,7258002888,7146813238
468940,314,310,624,7148233375,7050701573,7017268201
469440,260,261,521,7343985525,7281119954,7266856917
469940,292,293,585,7100119260,7005280149,6980783736
470440,317,316,633,7169233571,7085688243,7058410274
470940,339,338,677,7172557346,7052663869,7017474305
471440,321,321,640,7226942615,7136389744,7116197883
471940,323,326,651,7169723230,7070519743,7030132904
472441,325,320,645,7079459332,6996104529,6966723685
472941,345,353,698,7024664351,6916520985,6875657360
473441,291,285,576,6994403415,6929372824,6990385994
473941,267,270,537,7295186343,7183228096,7087797163
474441,291,286,576,7203834931,7104725390,7080510341
474941,301,303,605,7257235492,7144422546,7098610598
475441,333,338,671,7079953312,6966780627,6935710895
475942,254,250,504,7122963580,7046253374,7031195271
476442,341,338,679,7236141359,7093383644,7099457991
476942,278,276,554,7137389234,7045165429,6999938564
477442,288,295,583,7221800441,7127979045,7084144336
477942,343,339,682,7233852868,7125461552,7097431691
478442,273,276,549,7182255365,7097926083,7107187707
478942,298,296,594,7240359674,7155245361,7079059144
479442,367,367,734,7092103879,6947737797,6909613512
479943,338,341,675,7127163341,7035981463,6989624298
480443,342,338,684,7167090899,7000221069,6989427192
480943,374,379,753,7143305671,6993046749,6933487501
481443,345,342,687,7151515827,7029833877,7006868506
481943,339,337,676,7125542178,7008682119,6968484754
482443,350,351,701,7077965348,6935808137,6918487451
482944,355,358,711,7130511875,7005908150,6939188224
483444,372,373,746,7116009895,6968853566,6918806004
483944,351,350,702,6943714179,6815297603,6834960709
484444,338,336,674,7092784101,6987980356,6946848493
484944,255,254,508,7201919798,7122708195,7114702273
485444,259,261,521,7210269576,7116489462,7073551086
485944,329,331,660,7201806806,7086712428,7024428329
486444,282,276,558,7138818949,7072161237,7069679060
486945,229,232,461,7242097473,7164173828,7173915549
487445,266,264,530,7286877530,7190737761,7118568149
487945,361,362,723,7016561653,6873388262,6831454582
488445,337,340,677,7035503814,6880756939,6852621823
488945,346,342,688,7077440180,6951266207,6921758122
489445,292,296,588,7134378468,7045636123,7002064272
489945,282,282,564,7121282837,7010559099,6987042811
490445,328,326,654,6961346182,6860214117,6852247382
490946,321,323,644,6992390560,6895192944,6839045555
491446,329,325,654,7179441637,7062625971,7020619169
491946,344,350,694,7117089687,6994285463,6950202624
492446,342,336,678,7018626674,6916492704,6920767813
492946,331,330,658,7215530598,7142613387,7074884574
493446,324,326,653,7185682225,7012534820,6997530887
493946,329,331,660,7166722894,7048525006,6989050918
494447,337,337,674,7217138394,7115747006,7088149385
494947,345,343,688,7210318301,7102549445,7067894327
495447,271,271,542,7150905894,7070262269,7062796109
495947,289,289,578,7378196139,7278329365,7235832792
496447,286,289,575,6023454403,5914429133,5869502765
496947,364,362,726,6906135914,6787928865,6779160459
497447,345,344,689,7167535572,7053616649,7020278103
497948,272,273,545,7210755575,7119490141,7079020548
498448,285,283,568,7195608062,7112433813,7127419781
498948,319,324,642,7259986219,7163168390,7071275201
499448,319,315,635,7260037159,7141509743,7107654619
499948,308,310,618,7153408445,7017846226,6971936103
500448,344,344,688,7168661429,6999197717,6962081504
500948,287,284,571,7159976639,7033419300,7070107798
501449,289,290,579,7302799652,7175935778,7075776222
501949,309,310,618,7224041310,7105680905,7045213517
502449,331,329,657,7113477640,6904685377,6880018170
502949,343,344,691,7176614121,6932197689,6832083974
503449,351,355,706,7150447734,6973888029,6922667901
503949,338,337,675,7050135890,6885522018,6824931820
504449,339,337,676,7056027982,6930116347,6902196982
504950,344,347,691,7078332080,6950527606,6866769701
505450,350,349,699,7005294286,6863075831,6823146824
505950,346,346,692,6968397109,6814609558,6787032266
506450,334,334,668,6929539283,6796409898,6744773111
506950,336,331,667,7067772976,6915208176,6879369320
507450,348,350,698,7052558432,6929064581,6862854024
507950,333,337,670,7075525624,6953901055,6900697173
508450,336,336,672,7056227297,6920801248,6878651844
508951,308,308,616,7187587312,7038554129,7008517852
509451,305,301,606,7012875438,6886171873,6862141851
509951,315,314,629,7067111628,6913556103,6850054277
510451,293,297,590,7050604212,6930457180,6850498370
510951,339,331,668,7043326680,6942606261,6924778184
511451,358,362,721,7045519320,6885731746,6796599717
511952,328,330,659,6930076102,6786529378,6785008668
512452,288,287,575,7127275911,7015424527,6983094149
512952,250,249,499,7193326073,7103698967,7026690859
513452,274,275,549,7078185845,6969301231,6943543267
513952,330,334,664,7087497077,6954631023,6888587566
514452,335,331,666,7187277077,7039298821,7006411355
514952,305,309,614,6708421444,6576591648,6535552285
515453,345,343,688,7014780091,6883715512,6854228848
515953,312,313,625,7091785997,6975881420,6919947745
516453,311,310,621,7176998371,7070158841,7030406228
516953,332,330,662,7024344844,6902578574,6877175596
517453,340,338,678,7014286614,6877277522,6842025597
517953,343,349,690,7117182138,6974503380,6900607408
518453,303,299,604,7046531887,6894258529,6888684092
518953,317,317,633,7004985085,6884641119,6826390601
519454,282,284,567,7026235538,6882888262,6858501475
519954,317,317,634,7064266757,6944167613,6886586058
520454,319,317,636,7083163408,6981437772,6965660469
520954,326,332,657,7216911675,7092931555,6998030434
521454,374,366,740,6981847150,6811913059,6786307278
521954,369,371,740,7038299005,6892501016,6849379929
522455,349,349,699,7022624430,6870975998,6823522527
522955,298,299,597,7118430464,6982431118,6969932337
523455,287,290,577,7078584343,6953910506,6856122541
523955,248,244,491,7193674871,7132987419,7132693358
524455,273,272,546,7176842870,6995965823,6948838832
524955,355,356,710,6981567532,6849397310,6823929022
525455,375,377,753,7062988420,6873600927,6779015357
525956,335,333,668,6914699620,6758406453,6719764628
526456,249,249,498,7185863086,7088457632,7033813950
526956,291,289,580,7158289296,7034704546,7024655178
527456,352,360,712,7056701187,6889875436,6807479094
527956,261,262,523,7165468712,7067340675,7023899615
528456,302,295,597,7001614346,6883242990,6879791140
528956,347,348,694,7008387298,6876186361,6842917596
529457,343,348,692,7185120959,7013687556,6913255505
529957,340,337,675,7130944858,6990813263,6949710533
530457,283,278,563,7084588388,6932008537,6954286995
530957,184,183,367,7239702516,7165742545,7125032457
531457,210,212,422,7510102015,7414301313,7331028793
531957,263,266,529,7312203589,7190832007,7165715512
532457,325,325,650,7137656280,6918639258,6846793944
532958,369,368,737,6984113670,6723797727,6640494433
533458,280,277,557,6805493200,6643450446,6663850122
533958,183,187,370,7395150555,7320549533,7263894615
534458,278,280,558,7171326162,7055426826,6978238587
534958,336,332,668,7034181647,6863261327,6819033922
535458,257,260,517,7102901044,7001900935,6999227601
535958,247,246,491,7117108045,7035754260,7012511211
536459,297,299,598,7233760505,7108954283,6990607868
536959,334,331,665,7030536565,6904578138,6851064208
537459,327,329,656,7039281241,6903878912,6877467191
537959,340,337,677,7042116271,6838823196,6769016823
538459,375,377,750,7055611940,6869714309,6789015186
538960,359,362,723,6975578791,6776093826,6718665011
539460,354,346,700,7039826548,6883526376,6834914994
539960,318,321,639,6934270531,6753934270,6726582641
540460,199,200,399,7252003672,7167539392,7173974961
540960,287,286,573,7215737546,7110109513,7002368672
541460,398,399,797,6902124199,6727206575,6663310890
541960,370,367,737,6987862132,6824390862,6787646862
542460,344,349,693,7047171307,6886870177,6796372789
542961,350,348,698,7046919369,6920848155,6896920163
543461,290,287,576,7019068978,6905193810,6884988022
543961,291,294,586,7325260299,7179352902,7147529156
544461,333,332,663,7175604170,7059497790,6960113173
544961,319,321,642,7172694541,7024632211,7037644461
545461,339,336,675,7300060017,7138456731,7047903681
545961,331,334,665,7054868813,6917259289,6897542752
546462,337,339,676,7264122794,7102558862,7006009317
546962,350,350,700,7242340240,7094625462,7047788515
547462,363,362,725,7089350349,6902391966,6868623806
547962,375,370,745,7054852482,6909460347,6854415821
548462,339,345,684,6953415286,6794343834,6756162753
548962,415,412,827,6830197643,6633736148,6598436876
549462,314,313,627,6944492273,6802716650,6788300408
549963,248,252,500,7189547577,7097756452,7022399906
550463,246,245,491,7160138810,7066953757,7033405983
550963,298,298,596,7305198061,7184136736,7135079288
551463,350,346,696,6950969036,6811400772,6817718347
551963,359,362,721,7064962810,6885481628,6812292335
552463,359,358,712,6956809498,6813992418,6795238732
552963,358,358,721,7039180084,6865129421,6790703171
553464,307,304,611,7008402656,6885241794,6873455830
553964,238,243,481,7202289172,7118809576,7081388978
554464,296,297,593,7057658086,6954907346,6934718308
554964,280,278,558,7164938611,7054530412,7032624482
555464,297,298,595,7026326926,6908550949,6858889743
555964,361,360,721,6974393141,6812273855,6760545243
556464,331,328,658,7030630317,6897826361,6855074354
556965,329,330,659,7072194125,6947328488,6894370588
557465,253,256,510,6956104804,6843012234,6871317686
557965,299,299,595,7286849835,7204270989,7097025984
558465,347,345,693,7008631453,6860550628,6802958982
558965,339,339,680,7060189123,6882040555,6867697297
559465,343,342,682,7159451972,7052894758,6963516302
559966,330,331,664,6976721082,6831796812,6809370068
560466,369,369,738,6966919183,6814783038,6778943271
560966,385,382,767,6919705697,6751537592,6758291513
561466,379,381,760,6971277879,6802970297,6714086760
561966,237,235,472,7070451218,6975460048,7011232717
562466,237,239,476,7178934386,7092904940,7021564501
562967,275,274,549,7253411283,7159892420,7083228533
563467,306,304,609,7087933939,6970668791,6918526908
563967,259,262,522,7117822325,7019928687,7035155232
564467,271,271,542,7162292879,7057326421,6965053005
564967,320,322,641,7001905577,6876205695,6841715732
565467,321,320,642,7031718631,6902222294,6864748594
565967,305,304,609,7128401951,7004431637,6962604662
566468,318,322,640,7185404719,7069056755,7006806655
566968,266,266,531,6893149933,6792790603,6799707229
567468,246,243,490,7387670851,7284174107,7225629896
567968,286,286,572,7121321339,7013168148,6979197017
568468,308,308,616,7160330361,7050441683,7020419445
568968,317,314,631,7090791193,6974158783,6917861094
569468,320,321,641,7069924400,6962592928,6922668775
569968,335,336,671,6961771918,6808443201,6768744592
570469,345,344,689,7213075457,7070567273,7024003993
570969,345,345,690,7125597106,6975122961,6912691512
571469,346,351,697,6987341344,6830398864,6783695902
571969,310,305,615,7198427338,7075030719,7044975853
572469,234,236,470,7233375080,7143048525,7110843905
572969,250,251,501,7371117111,7266914661,7235473109
573469,327,327,653,7069861013,6899967876,6844754137
573970,338,337,676,6974910376,6793670874,6772789575
574470,336,335,671,7110608838,6963986004,6865614887
574970,337,336,673,7130056356,6970697319,6946353082
575470,361,365,726,7128334757,6936231292,6878897395
575970,386,383,769,7017349062,6832606865,6747710802
576470,259,260,519,4203449114,4074867177,4039400497
576971,364,364,728,6991561432,6823987688,6756066558
577471,367,365,732,6854940172,6665711899,6643411274
577971,362,364,726,7062691741,6897366892,6823564728
578471,380,379,757,6951778539,6756923322,6748372557
578971,385,387,774,7072412809,6874386419,6777037161
579471,288,288,576,7175213431,7050024245,7018066946
579972,235,233,468,7087615675,6982727235,6983153886
580472,244,247,491,7234218185,7132907758,7047424195
580972,249,248,497,7129217191,7048105831,7019363638
581472,270,271,541,7093626927,6980727341,6956525489
581972,314,316,630,7073710277,6942779235,6880868631
582472,335,332,667,7122400605,6978374124,6942433008
582972,295,294,589,6975428137,6852336289,6858840706
583473,318,318,636,7052538617,6924973807,6862457989
583973,316,316,632,7128954931,6999632873,6923924344
584473,327,330,657,7059061739,6922517528,6878593312
584973,323,322,645,6999025043,6876266002,6830364960
585473,315,314,629,7140372957,6995812091,6958218872
585973,303,299,602,6988893116,6857704726,6835800181
586473,306,309,615,7124814534,6998557189,6932508283
586974,312,313,625,7035578650,6889435497,6860753415
587474,301,301,602,7174802821,7054888374,6987652111
587974,321,319,638,7174323999,7044318003,7007222157
588474,354,353,708,6955032384,6803361808,6745258503
588974,376,379,755,6965027719,6786175893,6686112545
589475,347,347,695,6984100124,6832108717,6797047108
589975,309,307,616,7122549066,6997880194,6977154498
590475,303,304,607,7092018573,6958583384,6894047589
590975,315,314,629,7170207004,7051059629,7024538056
591475,320,321,640,7105076233,6975315799,6928199104
591975,317,319,637,7022326492,6878059485,6831081608
592475,311,308,619,7146678526,7023963541,6978155170
592975,289,290,579,7082496420,6980189424,6950026810
593476,306,309,615,7032443357,6900766857,6893202553
593976,245,241,486,7145838920,7054179846,7019051946
594476,179,183,362,7268369287,7193065834,7150227347
594976,290,286,576,7242328151,7121121291,7081770647
595476,323,329,651,7133255023,7000519692,6909236206
595976,349,344,690,7060969038,6932175833,6888479806
596476,369,369,741,6927783495,6747165495,6721955869
596977,347,348,695,7033427568,6850111267,6798759259
597477,315,318,634,7051634655,6917552802,6845385704
597977,313,307,620,6945060840,6829031183,6849858625
598477,353,353,706,7175137405,7029748943,6926687608
598977,366,372,737,7105359364,6945392479,6883276966
599477,392,388,781,6901475669,6716001183,6661926600
599977,322,320,642,7021623232,6885841383,6848715908
600477,297,300,597,7291647521,7162654965,7097531863
600978,310,309,619,7135202777,7011758268,6988924888
601478,321,322,643,7163985130,7033162620,6949524098
601978,298,298,595,7138287150,7011726617,7021403227
602478,325,324,650,7073957036,6951270538,6877969150
602978,312,312,624,7139884075,7024485607,6975299892
603478,315,318,633,6976785697,6864885034,6815645709
603978,311,309,620,7072592444,6961919282,6921539368
604478,340,339,679,7016332279,6882078910,6843814249
604979,322,325,647,7104656556,6980839946,6922235744
605479,293,289,582,7070211658,6954457039,6943510095
605979,283,285,567,7029706226,6935119233,6928368933
606479,320,320,641,7153748136,7007202579,6914151663
606979,308,308,613,7052058788,6972407402,6947775933
607479,302,300,605,7081003687,6913296086,6861547145
607979,304,307,611,7020588993,6894007682,6855862680
608480,288,286,574,7238425788,7130990140,7115773607
608980,289,289,578,7288678214,7176020447,7106015712
609480,282,283,565,7094601676,6992828462,6977116702
609980,293,293,585,7110099017,7012872768,6950185485
610480,283,280,564,7026776050,6904126312,6915354588
610981,288,285,573,7130063209,7025752623,6966267692
611481,295,303,598,7088614301,6957214593,6914249385
611981,304,298,602,7166830880,7039549861,6984668537
612481,282,284,566,7106926165,6977847885,6952568859
612981,272,272,543,7198820330,7118826412,7061337876
613481,283,282,566,7180470991,7066027250,7031051272
613981,256,257,512,7081035117,6981877764,6951075915
614481,228,232,461,7296664448,7209889838,7161909573
614982,256,255,511,7157022529,7041180473,7000801157
614982,256,255,511,7157022529,7041180473,7000801157
615482,336,332,668,7120211799,6963885697,6909143007
615982,619,622,1240,6554442654,6112573433,5976492729
616482,585,587,1173,6489488781,6092986038,5987883252
616982,581,581,1161,6673877691,6351362296,6267987905
617483,598,597,1196,6643917216,6320235715,6229203817