
21277,925,910,1840,36949229281,24968415713,24825425622
22277,957,957,1892,39521064357,31032992563,30290972997
23278,1020,1052,2096,45014261773,41143398451,40586371776
24278,961,933,1879,50221895543,47424108934,46906708364
25278,996,999,2010,46290263997,42639694131,42266310562
26279,1086,1088,2147,46621689640,44436261082,43909324451
27279,1063,1055,2140,46854965400,41847054119,41426957186
28279,614,628,1247,48308351324,46353996904,45891873815
29279,865,855,1720,47311709770,44891419461,44362795320
30279,1075,1073,2141,47823156172,45167749040,44612242606
31280,999,993,1991,47370324209,44474850394,43955478524
32280,1076,1084,2168,47313237343,44518704467,43704057957
33280,1059,1063,2122,46786435535,43290279943,42416522160
34280,1001,993,1994,46652772383,42887102714,42199634121
35280,1059,1059,2115,46242641576,42237104596,41639461367
36281,941,941,1883,47234749399,44105033188,43505420699
37281,1043,1054,2099,47681116438,45508478815,44994151299
38281,1032,1025,2056,47101115927,44205040294,43797260899
39282,665,674,1329,47391053012,44638235171,44948875259
40282,1013,1000,2024,47490568948,44799661945,43429354066
41282,904,903,1807,47282873297,44682311697,44157750526
42282,1044,1049,2093,47612794987,45467127046,45172914517
43282,1077,1081,2158,47256298759,43992838910,43296694922
44283,1082,1074,2156,46353373351,42772806853,42326688160
45283,1033,1038,2055,47786175197,45685761231,44913683188
46283,1057,1055,2123,46539455169,43320920204,42955025452
47283,1113,1115,2233,47031042657,44447050140,43783065050
48283,1034,1030,2059,47416273757,44930170167,44391360795
49284,1028,1033,2064,47936866348,44952190669,44304477229
50284,1071,1073,2145,47222985758,44891180834,44326008457
51284,1074,1074,2149,47017103598,44005286672,43621648024
52284,1064,1057,2121,46683644252,42976701718,42641323237
53284,1034,1037,2071,46859911432,44049984992,43575875936
54284,1050,1047,2097,47627978326,45155506355,44487277306
55285,895,904,1799,48143882246,45531628076,44986592754
56285,1055,1044,2099,46823120718,43850159931,43382523157
57285,998,1002,1981,47903939907,45784583405,44973982706
58285,1059,1060,2136,46685460533,42913176029,42265154193
59285,1012,1013,2027,44994565176,41380006750,40834273286
60286,573,569,1142,46403151382,44490226307,44384765673
61286,943,947,1890,49716371869,47992282481,47388847808
62286,982,984,1966,47333699211,44703671807,44190963531
63286,1059,1053,2112,46895635048,43782015969,43270967334
64286,1064,1061,2125,46824193022,43245237473,42526043533
65287,1040,1045,2085,46443802038,42882992328,42101657685
66287,982,985,1967,47266096036,43799992774,42831301012
67287,1047,1049,2090,46745073298,43981158389,43563513104
68287,1102,1104,2205,47991662548,45578293402,44731841092
69287,1034,1025,2057,47072474702,43403105246,42783137505
70287,993,998,2000,47086099851,44187348960,43602819946
71288,616,612,1228,48013435461,46009892176,45726012868
72288,1057,1061,2118,46940119777,43621487628,43063354563
73288,1055,1055,2109,47005545933,43996201008,43411736936
74288,1012,1011,2024,47892879022,45118946203,44514096060
75288,1044,1040,2083,47327895575,44337477341,43679444156
76289,1070,1074,2138,45932662024,41946037033,41283314308
77289,1053,1051,2101,47355036877,44641688887,44185235484
78289,1043,1049,2102,45707371075,41019481833,40096890270
79289,1036,1030,2065,46366540267,44024628029,43450356958
80290,1058,1063,2122,46593611859,42205503717,41691242889
81290,1067,1067,2134,47420784570,44457745423,43779905159
82290,972,968,1940,47217635488,44493794096,43803442232
83290,1025,1018,2043,47476474241,44894776148,44486766063
84290,1058,1061,2119,47841846477,45132188867,44433491896
85291,1066,1067,2133,47180644411,44032342745,43337610332
86291,867,869,1736,47161607421,44887131720,44681484000
87291,997,1003,2000,47435136323,43975149417,43307721539
88291,1067,1073,2140,46493941309,42552200117,41892818879
89292,1085,1069,2154,46636618739,43432628732,43021874455
90292,1039,1037,2056,47100157697,44042714783,43354065771
91292,1056,1062,2138,46754435123,43143476665,42655325668
92292,673,666,1339,48178926772,45960460113,45665866782
93293,794,798,1592,46894311827,44445903258,43703892678
94293,1005,1006,2011,47170508541,43120488345,42236437703
95293,1071,1074,2145,47379157824,44375569561,43678328025
96293,1038,1039,2077,47275590264,44385565419,43755161615
97293,1035,1033,2068,46328230741,42643528106,42176858121
98293,976,976,1945,46963106964,43563465813,42820028400
99294,1008,1007,2022,46827403656,43685208924,43083157237
100294,1028,1031,2059,47881933202,45730151970,45185688816
101294,983,988,1971,47266483321,44319731859,43666758633
102294,983,976,1959,46761794269,43771196765,43248867291
103295,638,645,1283,46234714319,44117761710,43668872582
104295,1053,1053,2106,49003080448,46107197177,45431484446
105295,1063,1055,2117,46763298246,43330430275,42726739402
106295,1044,1047,2087,46833159205,43295351864,42785644826
107295,959,955,1919,45693177839,42014859905,41415381392
108295,1044,1043,2087,46852592343,43245097994,42584869734
109296,1059,1052,2111,46333947986,42569061823,42030881307
110296,1039,1049,2088,46800430733,42896111756,42013941537
111296,991,993,1984,46585930028,42255480669,41404229374
112296,1001,1002,2003,45770830453,42928950571,42277901020
113296,1053,1053,2105,46519957859,42652179095,42003192122
114297,1068,1055,2124,46759713427,42961166440,42391310669
115297,960,974,1928,46742728202,43915901106,43199169855
116297,1051,1038,2095,46048497379,41414949552,40531881369
117297,1056,1062,2118,47046355709,43208163980,42328563374
118298,1033,1036,2069,47038238421,43498430789,43065992110
119298,846,848,1694,47796688209,45358759111,44784079824
120298,1036,1034,2065,46563809588,43603656160,43059397669
121298,1050,1048,2103,47821688787,45206119435,44853485971
122299,1054,1054,2108,47067946168,43780054700,43240217786
123299,991,1000,1989,48190449687,45429113818,44759639686
124299,618,620,1240,46572328109,44708579775,44394628042
125299,893,891,1784,48353969862,45385304095,44977925644
126300,1027,1023,2050,46527133442,43262134598,42812804234
127300,1040,1039,2058,47202457612,44429539446,43826042783
128300,994,994,2009,47701963906,44535401725,43688707732
129300,1002,996,1998,47398491796,44407818732,43768593654
130300,1042,1039,2080,46858101609,43041733222,42239453042
131300,1075,1084,2159,45929780610,42703370636,42091673306
132301,1025,1018,2044,46552234911,43201109365,42592202229
133301,1066,1068,2134,47036088648,44175198781,43414767483
134301,1034,1036,2068,48037800751,45450248632,44981821473
135301,668,669,1339,47750016688,45243483761,45005821044
136301,1026,1033,2036,46007566778,42765574616,42434125377
137301,989,977,1988,46842538007,41960971903,41140081101
138302,1072,1070,2142,47273366705,43976332811,42992735563
139302,1060,1075,2136,47034422591,43827432823,43152160021
140302,1086,1079,2165,46885711586,43771164916,43189294229
141302,1013,1006,2019,47526975776,44228299858,43313137133
142302,1078,1088,2129,46384398467,42677887306,41738946383
143303,1042,1037,2111,47017132619,42658931922,42172258170
144303,1063,1063,2131,46050058335,41983442539,41418240890
145303,993,993,1983,46296615991,41176342753,39795893046
146303,1057,1060,2120,46197250646,42484385972,42082197485
147304,1093,1089,2181,46837402526,43666803392,43021810560
148304,1087,1086,2174,46919301794,43336610939,42687596654
149304,992,995,1987,46412870898,42740465033,42152405066
150304,1062,1064,2116,46770529282,43812713179,43236494724
151304,926,921,1852,47297658691,44095071534,43680819749
152305,1040,1040,2078,44673754654,40808873247,40103780166
153305,1007,1008,2021,44907941766,40809426591,40220488750
154305,1083,1083,2167,46680080822,42705247658,41906534772
155305,1052,1051,2103,47225622940,44004265341,43203212329
156305,583,578,1161,47460758191,45538440040,45535031648
157306,840,848,1688,48168624369,45533932580,44776144742
158306,984,986,1968,47114842373,43999786939,43512207053
159306,1037,1044,2083,46509605936,42309875766,41637510360
160306,1039,1033,2072,46009031092,41714314150,41136225125
161306,1060,1048,2105,46889439211,43478281753,43003286222
162306,953,961,1917,46573567329,41848566696,41301719619
163307,1064,1061,2120,46009554040,41866997305,41326559909
164307,1088,1087,2161,46795873987,43307170026,42483135993
165307,1051,1063,2133,47167275945,43379942739,42811335168
166307,958,955,1912,46699611906,43926112353,43461845313
167308,955,953,1909,46805225234,44597307849,44092540510
168308,765,762,1527,48809380887,46377783254,45917861259
169308,1055,1060,2113,47919188713,45276310691,44628041379
170308,1055,1045,2096,46795935057,43721181662,43271621032
171308,988,994,1988,46891630604,43603407240,43049141810
172309,1035,1042,2069,47540835284,44824220151,44115520208
173309,1004,998,2010,46966754283,43569136911,42920364706
174309,997,996,1983,47464825589,44854664817,44459227499
175309,936,942,1888,46493891126,43577681664,43026874550
176310,994,989,1983,46834583362,43797549087,43397162495
177310,1047,1043,2090,47873170824,45544476031,45122173028
178310,1036,1037,2068,46952461340,44412695493,44031550064
179310,1036,1042,2082,47101952766,43775914793,43038916329
180310,985,986,1971,44971088487,42266842226,42015335262
181311,1056,1045,2102,47395509082,44242486462,43612909370
182311,1059,1067,2126,47053322599,44022594956,43367677625
183311,894,901,1795,47336022161,45014168213,44577310344
184311,1008,1002,2010,46779674513,43016419797,42337626666
185312,1058,1052,2106,47507393486,44630874207,44036033874
186312,1021,1022,2046,46688503433,43167434426,42576615530
187312,1050,1036,2087,46645860459,42637640636,42393339606
188312,969,986,1955,47055634610,43908652068,42964159637
189313,984,983,1967,47644627210,44326509223,43875635487
190313,918,910,1827,47590746260,45429995228,45140708455
191313,897,894,1792,48155232143,45783082321,45332964421
192313,703,719,1422,47281102741,44088655254,43161758020
193313,951,944,1895,46045412501,42070193743,41626620365
194314,1071,1076,2146,48341726407,45540108488,44770441744
195314,1056,1059,2103,46160606730,42494356352,41545049377
196314,1000,999,2012,46917429117,43851122368,43049564964
197314,923,911,1834,45721112228,42339205818,41772264408
198315,931,936,1866,47872248880,44198981858,43294984112
199315,1062,1071,2131,46999133095,43667130033,43094724604
200315,1054,1052,2109,48291557057,46428636605,46016973835
201315,1035,1034,2042,44798048493,41689395779,41182950022
202316,970,960,1952,45864694003,41555020221,41078524138
203316,897,915,1816,47933307871,45075613859,44326413978
204316,1083,1071,2155,47442710471,44868631175,44416175665
205317,1077,1073,2144,47344261823,45020372059,44517796419
206317,1021,1025,2052,47318108955,43687189659,43203820424
207317,1048,1048,2096,47054556172,44138410377,43610868429
208317,1094,1093,2187,46539407792,42838070389,42239420916
209318,1070,1070,2140,46272365315,42165835681,41241319453
210318,1055,1052,2106,47383688935,44629932151,44061260953
211318,1088,1088,2177,46820791583,43687349362,43023454475
212318,1036,1043,2079,47248865708,44218310422,43660399147
213318,1056,1058,2114,46769396497,42881997485,42246310979
214368,1059,1048,2104,45732155509,41488195057,40664437640
215368,1044,1049,2096,48154459259,43883766333,43160439128
216368,1044,1047,2090,47084486184,43545596771,42596900717
217368,1063,1056,2120,46539759276,43069574615,42336574945
218369,822,826,1648,47483105969,44783956314,44441463424
219369,1024,1028,2052,47891461745,43755593674,43015092588
220369,1171,1168,2339,47296637206,44654268160,44107890259
221370,1136,1138,2274,47063444286,44175771292,43611228552
222370,1129,1138,2267,46262939857,41787675041,41332270018
223370,818,809,1616,43759475096,39676621197,40320720930
224370,524,512,1032,49702370361,46483546810,45060215635
225370,1013,1025,2042,44711275061,40706300914,39936187880
226371,1079,1080,2170,45491055119,40436649345,39914261550
227371,1021,1016,2037,47117167412,44101788381,43814582789
228371,1046,1048,2094,45017916320,39053317013,38120148751
229371,1126,1127,2253,45611586568,40277489485,39065469207
230371,1119,1123,2242,45419248297,40375449249,39638702821
231372,1119,1120,2239,45899996974,41707977835,41102342268
232372,1058,1061,2118,46261440623,41800266637,41094396568
233372,1130,1118,2236,44588161029,39349511315,38668631418
234372,1055,1062,2130,44186535403,39441175990,38662159206
235372,737,750,1487,48294698793,44979312983,44347733829
236373,983,975,1955,46406025680,42913578017,42233636344
237373,1038,1027,2068,47678840514,44854654673,44425133606
238373,1038,1043,2081,47852658374,45111300098,44549529738
239373,1042,1040,2082,46607650960,43135043823,42358834738
240374,1041,1049,2070,46357123278,42502106269,41788444183
241374,990,982,1992,45729772764,40734176803,40297640431
242374,1078,1067,2145,46774297225,43313493665,42712693106
243374,1038,1043,2076,47338439019,44865012849,44219479982
244375,1011,1015,2029,47421840291,44367216815,43891529145
245375,997,1016,1982,47452082042,44796856049,44140322082
246375,1141,1117,2275,45498633050,40863953067,40224194112
247375,1133,1142,2291,46168029260,41268420803,40241113799
248375,1159,1158,2310,45962916133,41668495601,40919324935
249375,1133,1133,2251,44996933445,41037020524,40333139005
250376,975,974,1971,47411214759,43885349390,43328810388
251376,1147,1145,2292,46909017832,43824447313,43358282694
252376,1094,1100,2194,44106103366,39865290898,39042349818
253376,1073,1061,2134,46547995652,42863592287,42173836503
254376,1143,1149,2288,47368120943,44580175925,44062071768
255377,978,992,1974,46143837517,43040468625,42556395307
256377,616,599,1215,48557276401,46285231076,45814681123
257377,1101,1103,2203,47081808539,43650417490,43040916647
258377,1018,1014,2033,46561300113,41572765344,41088206909
259377,1089,1097,2186,47341241217,44421086809,43828403801
260378,1107,1125,2232,46892623137,43681159180,42805417723
261378,1149,1126,2275,46660955269,43239074197,42867877701
262378,1078,1072,2148,46971666629,43700797858,42730361375
263378,1152,1158,2309,46289828980,41602811691,40493188170
264379,1143,1145,2291,45090511449,40020960649,39500631748
265379,1135,1134,2269,45040248617,40085411034,39164544028
266379,1083,1087,2170,45533343964,40686483746,39450042172
267379,1139,1128,2265,44747690773,39025867343,38298623243
268379,1133,1149,2267,45154187438,40144054662,39589662027
269380,1165,1163,2345,46618104956,41848819327,41077751649
270380,1082,1083,2165,45794743120,40509634212,39671036014
271380,1021,1014,2035,44212116266,39131575312,39021239599
272380,1109,1101,2210,48250884742,44447575002,43293921449
273380,1106,1119,2225,45080664679,39520683308,38624230439
274381,1061,1064,2119,45154463975,39825049968,38849534582
275381,1144,1131,2272,45234461650,40077127863,39486683342
276381,1176,1175,2360,45497092575,40106304090,39223451958
277381,449,459,906,47990852837,45307302990,44769365425
278381,1105,1108,2215,46267585892,42664733717,41795801576
279382,987,989,1975,47002833984,43660575933,43121971075
280382,1019,1012,2031,47412858889,44724475499,44160907383
281383,954,947,1900,43562946728,40258461242,39937064700
282383,1071,1071,2136,48186696543,45897002507,45337431222
283383,1013,1022,2043,47749428357,45167495679,44465170561
284383,1026,1026,2052,46114548357,42096955351,41535626375
285383,1033,1032,2065,47164337944,43887742109,43532184796
286384,1040,1039,2078,47352512478,43777230563,43064433334
287384,970,967,1938,46821660779,43855964678,43379818564
288384,1060,1062,2121,47356121490,44209349315,43627666597
289384,1093,1090,2159,46206754486,42861923670,42834994120
290384,1058,1057,2140,47097105071,43657665883,42627296360
291385,1052,1051,2102,46029033574,41290783000,40600743236
292385,941,958,1899,46032278896,42640707890,42181031175
293385,881,865,1743,49275696376,47028972712,46670612556
294385,1028,1032,2061,48073620904,45541810251,44930853819
295385,1047,1040,2090,46751741309,42595105408,41815425100
296386,975,982,1945,46295922014,42052971562,41472187122
297386,1022,1019,2053,46611311514,42672413142,42186639010
298386,543,545,1088,46861416836,44119641790,43857834832
299386,711,712,1416,48689844908,46631749076,46099721000
300386,1059,1059,2125,47535646270,44258174037,43342000533
301387,1013,1013,2023,47295398325,43609249653,42818869956
302387,1002,1002,2007,44573155127,41956729447,41564901804
303387,1092,1090,2182,46832940135,42727272529,42143105849
304387,1058,1059,2117,47220036596,44451657854,44026682208
305388,1065,1064,2129,48019578688,45604270037,44917618768
306388,981,996,1976,45447184476,40065379439,39215043428
307388,1067,1048,2114,46558091373,43425582448,42904964564
308388,1054,1067,2123,46736073495,42643743640,41769960012
309388,954,950,1904,45673794331,41437984920,41013560281
310389,691,686,1375,47069550566,43544074109,43093764668
311390,1055,1058,2115,47023689168,44041330925,43449316628
312390,1048,1042,2089,47103898964,43600986969,43018006674
313390,1042,1046,2089,46895102367,43685748287,43266230218
314390,1060,1065,2125,47497064194,44563736208,43994757318
315391,1013,1004,2016,46489759909,42957772347,42061502499
316391,1043,1042,2086,47986936076,45560576127,44964442180
317391,1064,1065,2129,47689218976,45051732240,44233174542
318391,1049,1050,2091,46830944251,43005267544,42340568199
319391,984,987,1976,46208607582,42279887214,41541689689
320392,1065,1070,2138,47238948211,43645424696,42945140423
321392,1059,1056,2102,46819594821,43295626576,42918708363
322392,1068,1055,2136,47551198580,44664149709,43808001133
323392,1002,1028,2030,47531072091,44583348460,43699442536
324392,1060,1046,2106,47343793014,44555461511,44043681066
325392,1074,1088,2162,46726033164,43113980073,42308074989
326393,908,892,1800,47656003563,45199423293,44995438985
327393,1064,1070,2134,46772003377,43305988428,42543459396
328393,944,939,1883,43497855409,40510159486,39929084303
329393,1070,1063,2131,47022535863,44028409135,43366845497
330393,1076,1076,2154,47260124651,44419462486,44126127405
331394,662,673,1335,48304987545,46686937698,46131529528
332394,804,804,1607,47503975351,44672247385,44226638944
333394,997,995,1988,45209329692,42010722648,41420101890
334394,1042,1039,2084,46973120906,43299640108,42592217086
335395,1048,1049,2097,47928231479,45521617249,45004785444
336395,1057,1052,2111,46446198663,42874881606,42443464390
337395,987,996,1981,47107190138,43463885360,42728342730
338395,1061,1062,2122,47823900484,44988698481,44380387129
339396,1056,1051,2105,45882661739,42261779851,41756638482
340396,1030,1031,2066,45900892209,41253134933,40506106696
341402,995,999,1993,45312639696,42617887594,42061864744
342402,652,645,1288,50955393169,49432079950,49072862078
343402,1049,1055,2114,47378134477,44064254638,43525454889
344403,1067,1072,2131,47205712963,44472053961,43598757262
345403,1060,1057,2125,47070204057,43679425951,43298010284
346403,1033,1026,2057,47566473463,45205622398,44677330031
347403,1082,1089,2153,46704454365,44071890867,43521816559
348403,1090,1081,2191,47063498670,42870022045,42174844409
349403,1080,1082,2162,46209767817,42407622349,41688827345
350404,1010,1016,2026,46335541044,42742889765,42023620602
351404,1067,1067,2134,47084939745,44382171539,43773173260
352404,1051,1055,2097,47830731351,44885538322,44360706152
353404,1062,1050,2106,46885862392,43368062981,42800180887
354405,1057,1056,2126,46427018308,42550017017,41828836466
355405,1010,1016,2027,46771789851,42375814218,41743851692
356405,1057,1053,2111,47663599609,44868110778,44164380830
357405,989,1008,1997,47145486085,45114527051,44685915753
358405,995,981,1963,48389484356,45805851604,45441581536
359405,1007,1007,2027,47697237487,45271477113,43916922139
360406,1048,1050,2098,46807944585,43302547810,42784227796
361406,977,971,1948,43446783547,40217508812,39598910495
362406,1051,1047,2097,46217882297,42710324975,42098163275
363406,641,658,1300,48066727707,45904545252,45279549996
364406,723,708,1413,47136415436,44240111118,43614458367
365407,757,775,1548,47647004541,44124573607,43542193658
366407,865,847,1714,46986810892,44473739953,44248021310
367407,1049,1052,2099,47407759329,44505227082,44017089744
368407,1033,1033,2068,47871549678,45624662377,45291273069
369407,972,972,1944,46385053347,43245449586,42399688439
370408,1044,1039,2083,46450891300,42926324398,42399726500
371408,993,991,1984,47518100166,44538064794,43907851723
372408,844,852,1696,47797790600,45271430668,44763144382
373408,1041,1028,2069,46786184960,43651974786,43257350419
374408,969,988,1955,47324084179,44056704978,43171198041
375408,1046,1035,2081,47197522296,43970327326,43554464100
376408,1042,1044,2088,47653221826,45373330830,44657730498
377409,853,863,1716,48213585766,46446052402,45902335575
378409,996,985,1976,47039012044,42017365054,41561193514
379409,1074,1072,2142,46813567477,43403273287,42469216687
380409,1066,1073,2134,46346549208,42368397585,42003125864
381409,1082,1087,2182,46654225371,42849177214,41883576252
382438,1060,1047,2104,46316078014,43105924339,42669287700
383439,1041,1039,2084,47935097326,43671739136,42452696594
384439,1029,1040,2069,46019884748,42151900559,41339301348
385439,1040,1044,2084,46519191014,42594960535,41876729078
386439,1033,1025,2058,46801496862,43992053641,43544340216
387439,1027,1031,2058,46661842549,42953117949,42275274968
388440,1037,1027,2062,47215668491,44609913911,44201697844
389440,1035,1038,2060,47761984680,45339374047,44603798971
390440,1031,1040,2086,47935053100,45250737148,44525789466
391440,960,959,1919,46944817633,43801569927,43393402872
392441,895,886,1781,45199231892,42495372293,42228828599
393441,997,1007,2003,49894160461,46863213199,45605307612
394441,988,980,1969,45251624427,40846842028,40446333531
395442,1045,1048,2084,46663902301,42874093176,42279636631
396442,941,949,1899,46519804152,41401726861,40807205464
397443,978,968,1944,43794671755,40964383073,40403705955
398443,520,523,1045,48371775448,46926283816,46828651143
399443,946,949,1873,48066427437,45844736111,45079423542
400443,1045,1032,2073,46842894729,43960785500,43713908695
401443,973,988,1987,46868039668,42371780153,41485779643
402443,1027,1030,2045,47139277791,44770709396,44263656802
403444,1028,1023,2063,47833186762,45077458145,44407637631
404444,1020,1028,2048,47288822101,44589596157,44096744169
405444,998,984,1982,46891318359,43523594281,43054037751
406445,1059,1073,2132,47961651142,44552272562,43314674111
407445,1034,1023,2056,46864503927,44252282100,43910026251
408445,1049,1040,2090,46252380373,42628898136,41950928064
409445,1047,1057,2097,46537449378,43050949199,42628436115
410445,964,965,1936,46938941410,44014013193,43495038058
411446,1063,1064,2123,47189445991,44152908136,43437853157
412446,1046,1042,2092,47461961534,44396189287,43931439196
413446,1065,1061,2125,47495111547,44725732486,44330717514
414446,813,817,1631,47326824314,43802606651,42898109378
415447,1048,1048,2094,46486640014,42779013874,41913247128
416447,1024,1024,2050,45062434272,40311889452,39674226016
417447,1053,1045,2098,46272309065,42082099604,41489495805
418448,1048,1057,2090,46016920410,42006191583,41121224083
419448,634,632,1281,43934227178,40604618405,40352593182
420448,801,809,1608,49704345505,47756390507,47082761379
421448,1042,1043,2068,47420816391,44463563884,43800684806
422448,1017,1009,2045,46948261587,44008553997,43682706733
423449,1037,1030,2063,47620154562,44344148714,43649277555
424449,981,989,1961,46145596547,42440964003,42051165013
425449,1061,1057,2131,47359694115,44606089003,44062817906
426449,1044,1051,2095,47246028930,44388627102,43730170972
427450,1067,1068,2116,47586445307,45540461482,45002320607
428450,987,982,1988,45290507237,40400673077,39866673352
429450,962,965,1927,43771350918,41425812902,40819562425
430450,1045,1049,2094,47782509251,45463214933,44946935051
431451,1048,1048,2096,47803849183,45663666453,45147849697
432451,1053,1054,2107,47911820028,45560407751,45017074849
433451,1000,990,1990,47736275483,45307994934,44820451027
434451,1043,1048,2091,48014227494,45429772999,44835619380
435451,856,854,1710,47727561614,45717472364,45387673976
436451,1059,1067,2126,46650076071,42355828931,41500822359
437452,999,990,1989,45957661222,42947059241,42516411517
438452,1073,1075,2146,47270871574,44453062910,43754327364
439452,1078,1074,2139,45854451364,41725397849,41100625361
440452,924,925,1864,45430512264,41466356037,40745753962
441452,585,580,1165,49051112643,46958212309,46553153689
442452,1017,1017,2034,46857712937,43449263849,42780710350
443453,1033,1032,2063,46595750404,42984771312,42360073435
444453,1043,1048,2093,45770135418,41628322110,41167208181
445453,1043,1047,2079,46977300573,43543832557,42987909881
446454,964,960,1935,45657686575,41495629613,40701670088
447454,1031,1040,2071,47117738247,43513636219,42920708988
448454,1054,1053,2104,47245100178,43704242161,42928706449
449454,1044,1040,2087,46256087781,42013954132,41314003546
450455,1081,1079,2144,46192063412,42996553821,42329051617
451455,1025,1016,2057,45081436592,40320130089,39346189717
452455,1126,1143,2263,45734478295,41264113024,40365314044
453455,1135,1130,2260,47381529096,43426556819,42571033495
454456,1101,1094,2205,46191987240,41790513927,41098438654
455456,1067,1074,2137,46831339925,43880372887,43398745939
456456,958,960,1923,46285417296,43404177121,43109893893
457456,1009,1000,2009,48011288625,45160905859,44648461518
458457,1004,1019,2007,47910079002,45582881227,44762577793
459457,873,868,1757,43711171473,39397957981,39020767802
460457,1021,1013,2030,46324483454,42736814954,42238404664
461457,985,985,1974,47518731075,44135721889,43397863012
462457,579,587,1139,47689119283,46974929528,46441201313
463458,916,918,1860,46755655246,41511239400,41084793881
464458,1002,1003,2006,47109727323,43977412939,43316839591
465458,1042,1043,2085,47713385409,44834798931,44246994818
466458,1053,1052,2089,45770371644,41370630077,41178533267
467459,1076,1061,2152,46894889928,43532465011,42873002589
468459,1122,1127,2250,46627812946,42652843765,41648482358
469461,991,989,1966,46895273275,43888084934,42743609950
470461,1078,1080,2172,46850007523,42648157557,42124983114
471461,1058,1065,2118,46950126248,43022515130,42017935494
472462,1063,1058,2094,46317676627,43294688850,42664786896
473462,1002,1002,2036,46573036350,42284246359,41877410115
474462,1060,1050,2108,46099824563,42441435992,42124016868
475462,1071,1081,2154,47556974831,44807387037,44055381909
476463,1106,1108,2214,46417516669,42284349490,41474835478
477463,1019,1014,2033,47289512261,43377476366,42757319229
478463,918,915,1831,46853254040,44089014553,43646192170
479463,1058,1063,2120,45657420630,41440823198,40764365851
480463,1063,1071,2137,46208013161,41612787063,40556491283
481464,1060,1044,2102,43931677343,38554011373,38049971836
482464,983,988,1973,45786684555,40957069037,40018859375
483464,564,559,1123,47157478810,44627118922,44259270765
484464,934,947,1880,47433127635,43996579875,42917366614
485464,1061,1047,2109,45174881011,40019859037,39460249460
486465,1008,1027,2026,46058123706,41687213472,41112229073
487465,1016,1010,2023,44143782989,38965678874,38114218848
488465,1055,1069,2125,46885957213,43135356346,42512715248
489465,1025,1011,2047,46772512767,42850693403,42046682452
490465,913,916,1829,42099065754,39257939119,38675704442
491466,982,985,1967,47152489745,43178265942,42754939038
492466,1032,1024,2056,46647731080,43310489835,42737539223
493466,1060,1061,2119,46753459104,42954053537,42183247913
494466,1066,1066,2134,46610751242,42656392484,41936319849
495515,1050,1049,2099,45898491506,42621956538,42256856389
496516,1057,1062,2119,49604382502,45872786587,45032440432
497516,1053,1046,2099,46680908683,43712501206,43497249632
498516,1069,1070,2139,47501052159,44383961036,43615685334
499516,916,907,1823,47125591032,44260289683,43997086314
500517,972,983,1955,47281713152,44615001471,44059215952
501517,1035,1032,2067,47256677125,44474517075,44049155807
502517,1026,1028,2054,47307409103,43787358148,42703637488
503517,1035,1035,2060,46290199291,42727497209,42166349443
504518,736,747,1493,45193796903,42235507455,42109129651
505518,675,671,1346,49195309524,44628732653,43415935718
506518,1024,1017,2041,47230854974,44608668187,44343876528
507519,1034,1026,2054,47585852953,45062439456,44665051959
508519,1030,1035,2071,47811922039,45099476711,44550112861
509519,979,982,1961,47557258129,45395215654,45125556581
510519,1059,1058,2117,47141451631,44168929530,43569101493
511519,1041,1046,2075,46941263015,43437336814,42728233560
512520,1038,1033,2072,46145705333,42362161611,41845984856
513520,1035,1033,2079,46525128704,42804326871,42090855616
514520,956,949,1905,46853304635,43594470781,43128011661
515520,954,957,1911,45884836582,42091000069,41378327780
516520,860,863,1723,46215824701,44183296929,43753918004
517520,1045,1047,2092,48730171992,43804943573,42889831703
518521,1056,1045,2101,45806317505,41166149206,40576812095
519521,1091,1113,2184,46361410416,42983224620,42520661174
520521,1109,1099,2213,46287706300,42268081402,41389557504
521521,1125,1115,2255,45953219195,41092484364,40444460567
522522,1099,1103,2202,45576172817,41066842185,40411009829
523522,923,939,1831,41430228595,38130659696,37790629739
524522,1030,1021,2081,47021970922,42214800333,40874193534
525522,1047,1046,2094,46642240108,43596319629,43252597121
526523,1082,1076,2158,46454683571,42319152604,41507429362
527523,1007,1013,2018,46603146153,43588459222,42992008312
528523,1071,1067,2140,47178735912,44025170486,43416053119
529523,1065,1068,2129,46707348900,43210952944,42711594848
530523,1040,1050,2094,46779053438,42866420602,41943669256
531524,1026,1016,2042,47123751068,43495918941,43124733954
532524,930,935,1865,45624104453,41486579521,40842547636
533524,1135,1143,2278,45769064487,41319981154,40697172439
534524,1167,1170,2337,45965442220,40934310066,40245383599
535559,1117,1101,2216,45455568099,41915698441,41356944127
536559,1122,1126,2250,48305240537,43247768090,42776582425
537559,670,661,1331,47007652718,43936737465,43430597494
538560,858,870,1723,47158908568,43744686164,42831332258
539560,1082,1075,2162,47240219260,44089386614,43393483264
540561,1012,1017,2006,45738685404,41550161538,41073926082
541561,1050,1039,2112,46476427193,41915961675,41244580130
542561,1050,1054,2104,47319944260,44625748156,44197316513
543561,1040,1040,2077,47081497039,43970949946,43249871484
544561,1068,1065,2119,46957276407,43959683209,43398375896
545562,982,993,1992,46869799572,42790328540,42022845686
546562,1050,1049,2098,47493805154,44834492532,44436236926
547562,1066,1063,2127,47690109303,45159859974,44568514579
548562,771,779,1553,47830296140,45219561256,44668525184
549563,942,924,1866,46463281586,43231886862,42543151781
550563,1065,1064,2128,46980402999,43857777197,43303706821
551563,1057,1065,2102,46904849161,43883206063,43126949250
552563,1038,1031,2088,46802757362,43208854463,42545126497
553564,1047,1056,2103,48241369679,45837243936,45455912998
554564,992,1002,1977,47855137445,45651392591,45076218601
555564,1036,1031,2078,46524304231,42740896806,41878317246
556564,1071,1071,2150,46946227784,43124325806,42098038248
557564,1054,1050,2104,46860836170,43598494503,43093558947
558565,997,996,1992,46011908956,42382102521,41679938511
559565,1050,1049,2098,46146927729,41992234793,41275026665
560565,1031,1027,2056,46355673069,42458997785,41763865315
561565,1056,1056,2097,46399065858,42376511862,41276082895
562566,973,977,1936,46857877365,43530534164,43072256907
563566,1019,1021,2073,47078164086,44220875851,43324195228
564566,839,839,1676,42670991845,39764491670,39215270099
565566,1067,1064,2133,46811937432,43257027600,42541207070
566567,1067,1068,2135,47475049863,45145777555,44634663185
567567,1006,1008,2013,46792939803,42656929045,41276210312
568567,1090,1088,2156,47585550368,44745731136,44217812851
569567,595,603,1221,45070419854,42777626281,42508652718
570567,679,671,1350,50689425402,48571958942,48261493676
571568,1034,1036,2067,47686526006,44536602733,43988866712
572568,979,979,1958,47876517829,45054672236,44755867741
573568,1044,1049,2093,47266415545,44600434668,43748178819
574568,1060,1061,2110,47589657770,44702585954,43922840556
575568,1049,1039,2101,46682992357,43725802234,43346657661
576589,964,969,1923,45467611674,43017685877,42756046447
577589,1018,1008,2037,50005970952,45925584617,44958610128
578590,995,998,1989,47806787959,45564726786,44869612904
579590,1004,1009,2017,48055119416,45762869923,45105690299
581590,902,906,1808,47833500477,44691731992,43736183092
582590,1025,1010,2034,46775527062,43576950015,43128185494
583591,1010,1027,2038,46667972902,43393380308,42857137332
584591,1027,1031,2043,47260276060,44642767665,44042634426
585591,1025,1012,2052,47137820055,43972563389,43278192034
586591,995,997,1991,46612201563,43573850769,43069289251
587591,1046,1044,2090,47518598146,44532287300,43924680282
588591,1060,1047,2108,46850423839,43932221677,43124302135
589592,1052,1070,2122,46544703660,42856987998,41904337869
590592,1016,1016,2032,47014080413,44426175984,44000666794
591592,1069,1063,2132,46423189252,42124748929,41079128107
592592,1018,1024,2042,46622245330,43216828047,42439248383
593592,1052,1053,2105,46231986383,42067836399,41470307667
594593,1061,1058,2119,46793502070,43732220097,43291264544
595593,999,998,1997,47322711598,43899824978,43181325296
596593,878,886,1763,46454143312,42066211135,40957069293
597593,1042,1037,2080,47082930555,44016938303,43290947206
598593,1056,1064,2102,47108959004,43630194719,43187426301
599594,1005,997,2019,46262572508,41699521544,41054760698
600594,1067,1053,2121,46188587015,42342220995,41777672968
601594,547,552,1099,46222491661,43157755327,42646555618
602594,953,961,1914,46400593198,41753587095,40977206978
603595,1116,1121,2237,47367561771,44056643294,43387530911
604595,947,928,1875,47502240666,44570576873,43960494482
605595,1004,1017,2021,46311419145,42972250094,42471847448
606596,1051,1059,2102,47104629391,44030023141,43474303045
607596,1007,998,2011,47070066436,44125159760,43264471756
608596,889,889,1780,41241005348,38249233017,37609296213
609596,903,909,1810,46982526314,43890324795,43472028631
610596,1025,1025,2044,46699608912,43052958903,42523099749
611597,1018,1013,2039,46902813468,43847790996,42976112895
612597,1023,1021,2044,47520441785,45162667606,44886006531
