13328,227,232,461,8263710812,3391317094,2987811711
13837,238,237,480,7090927099,2255480189,2034134955
14338,253,251,498,8405849686,3716714755,3330395616
14838,222,224,444,7272366606,2637931516,2263907553
15338,258,255,514,9842218820,5148838043,4441488292
15838,311,318,621,8852950533,5187257595,4867124909
16338,356,349,720,10717929480,8597067486,8488559792
16839,319,315,635,11744517662,10931529892,10819276233
17339,303,308,611,12048593447,11272807995,11193263590
17839,323,320,643,12171126151,11846072795,11790035814
18339,236,241,468,11685324778,11317432902,11168811515
18839,310,306,625,11759669194,10757062480,10631023056
19340,281,283,558,11672343278,10897828027,10827434119
19840,321,322,649,12011246116,11209756528,10929154548
20340,320,321,628,11355008918,10711262332,10745660773
20841,297,295,599,11818480985,11084187113,10782710319
21341,312,309,627,11430449810,10560104084,10376826904
21841,299,300,597,12357425711,12210051036,12183809825
22341,271,273,543,11867497190,11326986331,11181576685
22841,158,162,323,11904000891,11546612509,11628113613
23341,203,195,398,12431962147,12102674131,11904546406
23842,303,308,610,12080538572,11737600923,11671611446
24342,283,281,565,10500809265,9954033868,9898713266
24842,325,324,648,13140317217,12559298412,12400318322
25343,307,312,619,12137918129,11566015309,11491314836
25843,262,258,518,11875445332,11597818031,11476420982
26343,288,285,576,12114400385,11711767633,11600271492
26843,336,343,679,11924089460,11408770319,11265830458
27343,293,293,586,12013625952,11664444001,11648074399
27844,273,275,547,12079955624,11806286033,11701552264
28344,291,284,576,12180244073,11858020378,11784650963
28844,281,277,558,11696944138,11386153849,11546585935
29344,282,286,568,12410886112,12156309299,11892687958
29844,290,295,585,11969049596,11645423976,11663004982
30345,292,288,576,11958459649,11618181820,11526702085
30845,277,276,557,12204629919,11759928488,11608199052
31345,278,277,555,11868883413,11542229243,11523627390
31845,258,264,522,11878007200,11327150079,10573875065
32345,293,294,583,12222512442,11737944569,11596703449
32845,258,252,514,11730839028,11424841143,11435066487
33346,277,281,558,12196003846,11905075082,11828311790
33846,281,275,554,11891644911,11712819587,11683093286
34346,275,282,559,12267041941,11930313703,11826756362
34846,279,278,557,12150848749,11834489273,11781958738
35346,277,274,551,12062769062,11774684893,11710214321
35847,312,309,610,12208473089,11792910604,11659182373
36347,243,245,499,11789061404,11468831615,11515523398
36847,272,271,543,12144273755,11868832170,11826361368
37347,281,284,565,11940529710,11710285318,11613552712
37847,277,277,553,12367907927,12066809955,11909068861
38348,253,250,501,12149850262,11901730234,11839830429
38848,283,289,573,11796636126,11457928970,11415322254
39348,283,283,559,12149451156,12048778659,11948868072
39849,274,274,557,12020581213,11543649330,11482769615
40349,285,283,568,12265270540,11984824223,11951013322
40849,247,250,497,11299103541,11082324312,11021345547
41349,270,269,538,12867845774,12623392778,12553996576
41849,307,309,614,12152037566,11752964839,11711115932
42350,259,255,517,12015917712,11714227339,11654534215
42850,267,267,532,12203658431,12057588616,12016537336
43350,221,222,445,11295149357,11026135988,11021407969
43850,107,113,220,13116834638,12963608647,12887575690
44351,281,269,550,12182578517,11897877000,11867786071
44851,289,294,583,12104291219,11749871389,11696304668
45351,285,287,572,12092211525,11734854842,11563833613
45851,282,279,561,11989720703,11681725496,11612214209
46351,302,298,598,12092385778,11764968665,11660021661
46852,250,255,504,11868099239,11654940141,11604998993
47352,293,294,588,12227205836,11948073430,11794132657
47852,290,288,580,12114324752,11758137223,11727278650
48352,299,295,589,12046908104,11873122003,11832919245
48853,292,303,600,12112278997,11745655917,11576729849
49353,290,288,575,12022159171,11764728013,11721890391
49853,258,258,519,12243324464,11914266499,11853056171
50353,328,325,652,11850737668,11443998536,11366504253
50853,268,266,535,12184253887,11900247285,11838556799
51353,259,258,517,11927067663,11679681490,11683021486
51854,289,290,579,12207567405,11904063124,11743319409
52354,281,279,559,12245232152,11973458882,11913881846
52854,283,286,570,12148873879,11872617772,11820493102
53354,259,255,512,12102126718,11857561301,11820117494
53854,268,273,543,12128990178,11824792782,11745030312
54355,277,274,551,12028834472,11757314045,11698955169
55026,267,267,534,10874395469,10653349109,10601138423
55527,290,293,582,17517440021,17051817801,17011284709
56027,285,282,568,12144183294,11866390107,11821365870
56527,273,269,542,12216299221,11937109969,11866007358
57027,243,245,488,11936466502,11647251826,11610932559
57527,280,282,562,12250902913,12004658540,11901505736
58028,212,218,430,12217872075,11971045201,11847678400
58528,303,298,601,12001600666,11745948265,11701596168
59028,401,403,804,11792478388,11035412036,10892565411
59528,286,287,570,12041396662,11838744511,11805828454
60028,288,284,575,12158031753,11837959514,11751409107
60529,290,289,579,12206276586,11973463812,11938608507
61029,285,286,570,12155055303,11916752296,11814354320
61529,271,269,541,11889248193,11661380016,11657926228
62029,284,289,573,12325572265,12103739131,12035281995
62529,280,279,559,12075084755,11882276624,11868067050
63030,276,274,550,12251582778,11985010861,11874745348
63530,166,168,334,12021969383,11837089093,11859125291
64030,285,283,567,12285170527,12000024896,11856916562
64530,285,284,570,12066050236,11826566310,11800422432
65030,285,289,574,12247508303,11993395799,11915604545
65531,296,297,593,11961707766,11687923285,11609346515
66031,284,285,569,12181440265,11887758950,11838045066
66531,304,298,600,11948611546,11653396419,11611244495
67031,273,274,549,12216290943,11967470908,11915519854
67531,290,292,582,12141589300,11911903192,11833803162
68032,280,280,560,12029376487,11810349792,11794096173
68532,284,283,567,12185943366,11982353708,11941239137
69032,284,283,567,11987676454,11704497939,11654930124
69532,265,264,527,12192589818,11955858845,11829953607
70032,285,285,571,11993683064,11687667890,11631100618
70534,262,265,528,10984121480,10721794658,10695267589
71034,313,314,627,13313389124,12806337663,12606943690
71534,302,301,595,11762643825,11606936688,11751245147
72034,293,294,595,12279394092,11754627934,11475494098
72534,286,285,569,11961661075,11666566950,11621492241
73035,293,295,590,12249507294,11933328756,11819204704
73535,278,275,553,11959960580,11641423844,11624362720
74035,254,260,514,12053729525,11833632041,11765210116
74535,290,278,566,11907396273,11621254491,11707392787
75035,266,269,537,12375079666,12131697426,12016631122
75536,290,296,586,12179240118,11935561141,11853298519
76036,288,283,571,12054187324,11795993868,11754495765
76536,284,288,572,12135831308,11795576964,11678076918
77036,295,292,587,12236334730,11956966547,11867629368
77537,283,282,565,11996786218,11735467905,11696241767
78037,288,293,581,11982826696,11473784358,11411823784
78537,276,272,548,12134753518,11896291556,11894660011
79037,256,260,516,12338048263,12053969286,11926558670
79537,250,250,500,11935435881,11676854710,11641098274
80038,289,282,571,11939683845,11693084346,11684294263
80538,285,287,572,12073457961,11785533522,11708616404
81038,279,282,559,12275552393,12091481167,12027005194
81538,295,291,588,12153463403,11824961197,11794459034
82038,278,279,557,11973286193,11668053198,11613594585
82538,197,197,394,12299461568,12081260714,12026348738
83039,189,192,381,11761746144,11592306851,11643513008
83539,272,271,543,12483544214,12248819604,12119320682
84039,271,267,538,11866112300,11645531322,11556208541
84539,148,153,301,12198860870,11998257920,11971044706
85039,183,179,362,12756149590,12568089298,12472265949
85540,273,275,548,11923600215,11689651193,11722555683
86061,267,267,534,11658398705,11419204208,11307499150
86561,286,287,573,13129512472,12807591791,12713251469
87061,289,296,585,12015123316,11772736464,11745128475
87561,282,274,556,12176730247,12068350700,12012788665
88062,286,288,574,12296723884,12193699287,12219550736
88562,274,273,547,12271992771,12171168913,12109044862
89062,301,304,605,12124863225,11951412303,11910709610
89562,317,316,633,12130899086,11956746044,11882623175
90062,317,320,637,12057753974,11703703407,11612205683
90562,308,302,609,12015142415,11823696761,11906061361
91063,318,320,639,12181178646,11969653602,11819304289
91563,315,312,627,12021396986,11762653244,11817816865
92063,310,311,621,12129815961,11889015211,11779917416
92563,301,304,604,11935739315,11654301576,11572746368
93063,288,287,575,12305638428,11939243399,11845267271
93563,311,319,631,12024758686,11695351932,11595437213
94064,315,310,625,12092962796,11768589851,11721284549
94564,321,311,632,12025150112,11768403392,11735441869
95064,286,292,577,12006317217,11726482166,11686040459
95564,263,262,526,12146072463,11829118097,11751314419
96064,221,216,437,12049631561,11777004559,11720983128
96565,265,270,535,11907938689,11546192636,11486560879
97065,278,277,554,12146397698,11897808884,11831979199
97565,291,290,582,12252097642,11942382044,11854170703
98065,318,316,634,11963079664,11655507066,11615012431
98565,316,320,636,12010102547,11617238301,11523360399
99066,299,299,598,12032671832,11690098823,11637087767
99579,292,292,584,11258800419,10911288304,10863925677
100079,334,336,670,13107009363,12645022988,12499433011
100579,314,314,626,12038317387,11799864031,11720804593
101080,297,297,596,11998567495,11645822799,11625192198
101580,291,290,581,12236555110,11921592165,11781892040
102080,277,283,560,11906353542,11599757386,11549203731
102580,277,272,549,12132616997,11874196439,11909376903
103080,265,262,527,12037464242,11777901101,11606862648
103581,292,290,580,12121208422,11831833569,11772426759
104081,271,279,549,12098006913,11906517944,11801130730
104581,271,269,543,12090494888,11794322274,11783042769
105081,276,270,546,12161003842,11908591138,11894799001
105581,291,296,587,12104368809,11869116367,11838792640
106087,257,254,511,11485133850,11269727321,11168739492
106587,297,300,587,13012492312,12922968064,12834548495
107088,274,270,554,11957733522,11522795308,11508895687
107588,275,278,551,12206632718,12034155539,11966521118
108088,268,270,540,12025296981,11753275805,11725232740
108588,273,274,547,12136971958,11904212533,11875436554
109088,277,274,550,12146721021,11914932345,11868771915
109589,272,272,545,12147707766,11905381291,11804642479
110089,287,286,570,12329702647,12127451672,12042824938
110589,282,285,570,11719961339,11367996247,11393484752
111089,274,269,543,12422890036,12209588830,12075130256
111589,275,275,550,12293064056,12081821960,12036432098
112090,242,244,485,11822955162,11571453208,11542993915
112590,256,258,515,12327447538,12095536563,12055307395
113090,268,269,537,12100183819,11769968656,11625065695
113590,259,252,511,12089971551,11799624631,11796228648
114090,230,236,466,12048798217,11734214084,11650902992
114591,270,269,539,12093987379,11872638316,11881595272
115091,263,266,529,12312888066,12089597285,11900426213
115591,285,282,567,11993317580,11777464213,11753855290
116091,289,294,583,12392249489,12136758407,12040290618
116591,300,293,593,12072746310,11805722485,11803487578
117091,291,295,586,11925043700,11708425263,11654682965
117592,304,303,607,12176796375,12029776534,11973564586
118092,261,259,520,12288549092,12065222271,12022911284
118592,263,262,524,12163230810,11969091383,11932281078
119092,261,265,527,11860527850,11566568457,11525250775
119593,194,191,384,12487524423,12294583760,12222959133
120093,222,222,445,12063562388,11857344545,11832155595
120593,241,238,479,12141517266,11898514894,11824408351
121093,290,298,588,12341955128,12082020823,11981542381
121593,285,283,568,12077674606,11835726045,11748006063
122094,295,290,585,12038345818,11773706304,11867065198
122594,294,294,586,12110327288,11897623666,11756005633
123094,297,298,596,12186078119,11905688817,11804698788
123594,291,292,584,12122574411,11850783068,11813914160
124095,288,292,580,12124027832,11838612837,11732427563
124595,270,269,539,12130061249,11913792777,11857260137
125095,283,279,562,12159934068,11852691668,11776477931
125595,282,284,566,11911972771,11584474751,11601650721
126095,278,276,553,12211892045,11971674046,11896117003
126596,288,289,578,12107137192,11868972599,11752899945
127096,268,270,538,12193570755,11974551062,11903714337
127596,293,287,580,11900014534,11644834739,11687149449
128096,259,265,524,12241364671,11997119279,11859873572
128597,276,274,550,12186114913,11952009795,11893336900
129097,281,285,564,12084158254,11909568592,11855580436
129597,261,257,520,12215430443,11991382788,11946489027
130097,271,272,543,12058946544,11825858507,11763898336
130597,217,217,434,12222475674,11908163204,11807268439
131098,140,141,281,5992876753,5838835127,5850077572
131598,290,290,580,18304091970,18027614928,17957280082
132098,276,276,552,12146150299,11897842518,11799148182
132598,282,282,564,12033216616,11763588244,11703592155
133099,274,278,551,12126779503,11860942389,11798345910
133599,290,282,573,12178345307,11916523447,11873773565
134099,285,289,572,12191388340,12015141756,11914151645
134599,274,274,550,12053081227,11834103711,11818606002
135099,309,306,614,12234381502,12069312282,12047109536
135599,282,282,565,12055295660,11878242635,11831542543
136099,280,282,562,12096278314,11871199548,11841238558
136600,278,282,560,12007435616,11862463830,11883931562
137100,279,274,553,12436341423,12293102383,12188742161
137600,271,273,544,12100372736,11911558525,11868611354
138100,272,271,543,12047063687,11825971281,11757619122
138600,287,287,574,12198032216,12020065016,11977948750
139100,262,261,523,12139295561,12019761677,11989178221
139601,267,268,532,11991226462,11881801195,11913600368
140101,271,268,542,12470606465,12179083131,12073151374
140601,272,273,539,11817428398,11767643816,11710508870
141120,258,265,529,11803705879,11471951575,11503929527
141620,281,281,562,12873179355,12652123470,12517971919
142120,294,289,583,12014285414,11768885699,11776030660
142620,282,282,563,12030855821,11797610791,11739190195
143120,281,284,566,12488905079,12318488265,12209956620
143621,275,275,550,12027045517,11780841181,11787238815
144121,278,273,551,12037849985,11789915383,11740940776
144621,273,276,544,12121373385,11993608523,11945755054
145121,290,285,580,12231962184,11847707458,11773892008
145621,274,276,550,12057240678,11831518269,11764940143
146122,247,247,494,12070369187,11625443181,11503408835
146622,272,272,544,12295097268,11972115606,11901113769
147122,269,269,538,11957164798,11710627026,11684224261
147622,275,278,553,12343402890,12083915571,11962916555
148122,284,283,567,11917950202,11664697361,11628858033
148623,256,256,512,12270773475,12087208444,12045218210
149123,264,265,529,11533097344,11341146524,11321600099
149623,123,120,243,8957809857,8862292298,8976906019
150123,40,39,79,13557941451,13507334905,13438980371
150623,61,66,127,12889044165,12816800479,12775692436
151124,58,62,120,14274562262,14189890304,14093110756
151624,44,33,77,10347037075,10293744773,10689443928
152124,42,51,93,13955781334,13890811597,13625336948
152624,36,29,65,11121795492,11074812169,11259950910
153124,60,57,117,14602142270,14536296081,14309900565
153624,30,41,71,6189686736,6167328802,6074081800
154125,34,26,60,15689562290,15669432587,16057920109
154625,236,238,474,15424456582,15348298915,14881441077
155125,123,124,247,10383592204,10329277548,10527323597
155625,109,106,215,14257966872,14207142132,14027230490
156125,117,122,239,11238317473,11197249299,11199652965
156625,153,151,304,11316353782,11199524046,11140881722
157126,156,156,312,13178787777,13113293813,13130364222
157626,43,43,86,12704071962,12682987679,12681652440
158126,65,66,131,10887008969,10847566622,10936193218
158626,103,101,204,14972771467,14921767782,14762220279
159126,122,122,244,9660291939,9612716142,9646734761
159626,23,24,47,11348567492,11334233331,11303647141
160126,46,49,94,15636634679,15718327986,15811784471
160627,54,54,109,12514038802,12333993686,12345100663
161127,36,28,64,9863562115,9813089496,9977648908
161627,44,52,96,15184627222,15095939914,14746456398
162127,46,49,95,11503053334,11430038590,11489903507
162627,58,48,106,10547687262,10476216486,10608897490
163128,41,41,82,13397025321,13333305414,13788302728
163628,55,54,109,13478012131,13418110378,12935388923
164128,38,37,75,10588263667,10520965521,10550515324
164628,37,40,77,14752836035,14684770707,14558657776
165128,62,63,125,12422262404,12361026539,12412585805
165629,48,44,92,11312236428,11289415798,11419396465
166129,39,43,82,12061338041,12040405084,11945167766
166629,44,49,93,13342517642,13315212275,13251839789
167129,24,29,53,11041212259,11025001851,10815566437
167629,56,48,103,14837661837,14841449348,14925633529
168129,85,81,167,10635959920,10569175171,10529698794
168629,62,60,122,13002181887,12973995963,12992088230
169129,49,58,107,13481889727,13457594495,13412183526
169630,33,28,61,11852644960,11833641747,11925238145
170130,33,37,70,10370078313,10349173637,10566646544
170630,47,43,90,13611259741,13551559999,13560231192
171130,37,36,73,12123638228,12072127520,11792094144
171630,102,104,204,14461255220,14392597010,14302489674
172131,89,89,180,10619066311,10482945421,10500702030
172631,43,41,84,12782809057,12719958820,12950771246
173131,34,41,75,11976916897,11919588060,11722369898
173631,52,45,94,11797686832,12097827827,12151023078
174132,48,48,99,12664357021,12211123056,12157513045
174632,49,51,99,13992615822,13906321279,13839670703
175132,44,50,95,12474513830,12418508970,12415764479
175632,39,30,69,10534029626,10436037696,10585642450
176132,41,46,87,12847176132,12752414439,12496044704
176632,50,46,96,11819204188,11749051111,11880434976
177133,53,54,107,13522197403,13428259634,13303811254
177633,51,51,102,11245594699,11162901275,11158560518
178133,47,51,98,13113247175,13030235258,12946176482
178633,61,59,120,12986850348,12890954719,13011771183
179134,104,108,212,11875993410,11750370959,11568670277
179634,48,48,96,13327820806,13258143013,13299686726
180134,42,34,76,10562871905,10509038855,10591939669
180634,33,38,71,13750534957,13694774305,13704103708
181134,38,32,70,11144399578,11085879155,11279784109
181635,52,54,106,13790018451,13706727583,13393030018
182135,24,25,49,11452070149,11411387882,11488871723
182635,71,78,149,11919524116,11833530031,11637046321
183135,78,74,152,13458798886,13345771500,13373020791
183636,38,32,70,10128145673,10075174521,10391222984
184136,24,38,62,13096187771,13051316058,12663917185
184636,53,37,90,14499032663,14428651693,14606287039
185136,51,57,108,11516411223,11437097815,11514212588
185636,67,62,129,11826573479,11758403453,11584256628
186137,43,44,87,11734847459,11664949053,11743870384
186637,35,43,78,13497131477,13453553733,14004758031
187137,39,34,73,12607445670,12552731100,11889384535
187637,28,34,62,11578915269,11515952968,11612420056
188138,40,33,73,13962532768,13908408309,13970694436
188638,25,28,53,10072690564,10034015141,10032019125
189138,46,53,99,15592607454,15529728594,15226375241
189638,33,28,61,8217422669,8165980124,8276619789
190139,36,43,79,15091150459,15015418153,14852475136
190639,49,38,87,11978833012,11931653005,12107430607
191139,127,129,256,12529132885,12397354662,12428564231
191639,38,37,75,13216423404,13161445177,13069441284
192139,43,37,80,11912693364,11850712573,12421704047
192640,42,45,87,13327936159,13252369885,12524882641
193140,50,52,102,12295253545,12205817919,12302155937
193640,46,48,94,11792389424,11729393284,11758406573
194140,42,50,92,13395341932,13329249071,13468799069
194641,75,67,142,12300914294,12200929371,12214940803
195141,92,92,184,12858965312,12760647314,12434315281
195641,206,208,414,12406365864,12181854884,12063815561
196141,221,216,437,12225895946,11964503919,11873101080
196641,204,206,410,11714076363,11437498688,11495143913
197141,180,185,365,12352537516,12118652719,12012905023
197642,210,198,408,12494539022,12259971093,12213629385
198142,223,230,451,12028445705,11740597870,11691384538
198642,266,262,530,12166062736,11833314230,11733967135
199142,223,234,457,11954635518,11631197214,11546028166
199642,269,263,532,12149288045,11848145367,11766126382
200143,274,273,546,12141440406,11880685515,11841391462
200643,271,268,540,11586094904,11159645798,11110728657
201143,245,249,492,12380445130,12183107445,12110930494
201643,90,90,182,10646790017,10455768419,10426903309
202143,247,249,496,14067579887,13864915711,13741331960
202643,212,211,423,12271931783,12112185568,12084336603
203144,247,251,498,12191774162,11951692783,11928322855
203644,209,207,416,12410241436,12257460434,12176815265
204144,171,165,336,12199134388,12012396805,11976639785
204644,262,268,530,12174483230,11926767670,11863405485
205145,222,216,438,12061766735,11875962123,11960923671
205645,214,213,427,12322314978,12161626097,12062998117
206145,248,249,497,12211941800,11902781317,11830338975
206645,162,163,325,9654480742,9481096701,9627029770
207145,222,224,445,14857828587,14644703216,14392105429
207646,252,249,501,12089914555,11807847503,11753226699
208146,287,292,580,11961574286,11668888216,11600980798
208646,250,248,498,12308932474,12058201797,12031679344
209146,284,283,567,11950061300,11696024798,11637127589
209646,273,275,548,12252494339,12038458399,11928519469
210147,249,251,500,12183077577,11941404966,11914478951
210647,190,192,382,12144501278,11944144125,11871783360
211147,186,183,369,12103246273,11927026879,11966067180
211647,228,222,450,12018058604,11761940248,11667770834
212147,252,257,507,12353635961,12170546195,12065397222
212648,247,250,499,12100958354,11814077173,11735021642
213148,202,195,397,12145350231,11960451655,11988312487
213648,226,230,456,12244879024,12051056937,12003044684
214148,181,177,358,12116714401,11956978588,11999788499
214648,188,189,377,11096334081,10945049584,10827206385
215149,228,230,458,13419419457,13177782256,13078854245
215649,285,288,573,12224021514,11935748644,11829164405
216149,267,261,526,11936850370,11721962025,11697100949
216649,154,155,304,10883903593,11012281734,11645046391
217149,209,214,430,13242495012,12695802964,11944423377
217649,256,253,509,12512370441,12255472217,12251557958
218150,286,291,573,12116452034,11852794421,11827121314
218668,284,281,564,11918659396,11808758046,11663131645
219168,250,250,505,11139094536,10415581147,10376543105
219669,207,209,416,13883668171,13660889402,13555578683
220169,216,213,429,12278283227,12085021827,11988443129
220669,286,283,569,11869605679,11597374384,11617136662
221169,179,184,363,12379739719,12184948533,12091899384
221669,258,251,509,11814005468,11516278472,11533486654
222170,215,218,433,12399083955,12192988941,12137132259
222670,167,169,336,12367850947,12217150184,12157412418
223170,251,248,499,11888331576,11570886594,11601950254
223670,255,259,514,12219527289,11995995470,11792858739
224170,202,199,401,11768302476,11618719709,11718941041
224670,226,227,453,12546955091,12350166202,12200154908
225171,224,223,447,11982628570,11794316291,11817633059
225671,244,241,485,12522925776,12317207623,12224785485
226171,241,245,486,11806383322,11600179435,11722804979
226671,235,238,473,12444524824,12159185840,11865081736
227171,247,246,492,12364091430,12148956383,12065095431
227671,281,278,560,11989398946,11726988832,11736124338
228172,297,297,594,12166921835,11896632538,11802178916
228672,285,286,571,12064071169,11796350170,11746077665
229172,291,293,584,12197880152,11937923186,11836310096
229672,279,275,553,11962283669,11675019852,11608498212
230172,247,252,500,12031127232,11792860128,11782493908
230673,292,290,582,12214850573,11962027733,11891382964
231173,271,271,542,12105001532,11854495906,11762757374
231673,197,197,394,12002062004,11839941660,11864750597
232173,185,186,371,12277926077,12116535313,12086929091
232674,191,189,380,12610489329,12433624815,12320224861
233174,185,187,371,12095499634,11946999074,11953871438
233674,223,222,446,12200619831,11938661701,11843433972
234174,221,219,440,11981457664,11779862460,11731500803
234674,230,232,462,12357105737,12133829342,12080102014
235174,259,262,520,11995177837,11731638716,11644379773
235675,252,248,500,12090347066,11790899674,11801230658
236175,322,324,643,12114972083,11834904723,11712682817
236675,341,339,684,12027230729,11624851027,11524196558
237175,275,273,547,12134956836,11841783353,11772232856
237675,244,250,495,11891598852,11593851467,11500689225
238176,250,246,495,12293481054,12016412292,11973807600
239176,262,262,524,13430276433,13025219870,12870748594
239676,250,252,502,12952479315,12645028770,12644579417
240176,286,288,574,12149252641,11813937905,11701249891
240677,267,264,529,11966541730,11773492520,11811210519
241177,217,221,440,12399138502,12049436476,11870988911
241677,236,229,465,12090923567,11834283197,11813951927
242177,208,209,417,10360775828,10049510976,9987249764
242678,183,181,364,12908682932,12649885952,12561657922
243178,195,202,397,12786157702,12566491286,12348459618
243678,181,176,357,12277743430,12133452465,12143298994
244178,188,191,379,12232037529,12069986563,12117219491
244678,176,180,356,12140684303,11968517150,11885048900
245179,207,200,407,12136108923,11951232982,11933044697
245679,171,172,343,12509608924,12303655783,12157826072
246179,166,174,340,12116622092,11953416162,11852068329
246679,197,193,390,12052440113,11838750075,11894543380
247179,165,163,324,12488591708,12431126824,12323257229
247679,161,157,322,11907116057,11527988377,11612388215
248180,120,128,248,12589834162,12438778020,12379139768
249180,264,269,533,12820788208,12531026566,12477442879
249680,287,285,572,12371467206,12003040079,11851760741
250181,248,250,495,11781828989,11512783267,11478320257
250681,287,284,574,12206264887,11848560164,11806685539
251181,284,286,568,12057002585,11772122783,11734451241
251681,280,279,561,11965805888,11640010996,11528371953
252181,299,302,601,12418054813,12116208249,11992102846
252681,260,257,517,11802197783,11486372726,11511089441
253182,275,280,555,12031081789,11720974303,11600872692
253682,259,252,511,11998411206,11718437153,11754791961
254182,219,222,440,12063478344,11820689348,11651370549
254682,223,222,446,12423320737,12090677800,11983044624
255183,237,236,473,11983079859,11663801565,11654555699
255683,190,192,382,12154093416,11875080326,11817777813
256183,261,260,521,12220108840,11932938158,11880822926
256683,259,258,517,12073907208,11871582835,11751847674
257183,249,254,502,12059141123,11884217954,11849513529
257684,272,267,540,12308975608,12051297292,11923262226
258184,287,288,569,11763133600,11621769002,11606672003
258684,274,275,555,12411734914,11934416712,11821567637
259185,284,283,567,12066200733,11787732312,11729285773
259685,274,275,549,11907092099,11585520106,11598529077
260185,286,280,566,12057616031,11730700957,11648263422
260685,287,284,571,11999493181,11642680381,11549373039
261185,321,328,647,12255943601,11868742256,11700341529
261685,283,284,569,11819749878,11496082515,11512655560
262186,232,233,465,12032808396,11588087624,11470459529
262686,303,300,603,12078859569,11761221253,11682687699
263186,303,310,613,11925387404,11571722108,11495169740
263686,278,273,551,12117723670,11836978511,11791028904
264187,291,288,577,12157447223,11857048955,11744837607
264687,292,296,590,12092138863,11751609153,11710995299
265187,265,263,528,12110984133,11820807388,11726903477
265687,248,249,497,12154569420,11819039543,11745717825
266187,294,296,587,12128600389,11841455125,11742019429
266688,273,269,545,12136832214,11831761216,11775437206
267188,260,263,523,11790498554,11508721624,11526102333
267688,252,252,504,12140137100,11830574718,11701961858
268188,234,237,471,12234912931,11944744573,11810548128
268689,269,265,534,12048586932,11752728996,11718637165
269189,278,277,555,12006908030,11712426576,11646935144
269689,281,281,561,11882421990,11633908360,11580285755
270189,276,279,556,12178235837,11837354479,11728537067
270689,278,273,551,12076841282,11836914899,11804522883
271189,283,283,566,12021686369,11768431413,11724640406
271690,305,309,614,12169402549,11835249803,11850991878
272190,279,278,557,11937025603,11535788969,11359269135
272690,229,230,459,12163316194,11899177097,11834903037
273190,225,225,450,12247217449,12006591605,11977758021
273691,252,248,500,11884511590,11657158744,11631797777
274191,274,278,552,12237966223,11937537511,11893484514
274691,269,271,540,12090253703,11790538448,11655578469
275191,278,273,551,12248949783,11969521598,11872240372
275691,271,273,542,12052247115,11818028569,11753138511
276192,282,282,565,11893285370,11662452073,11688705491
276692,268,269,538,12115220421,11817820389,11707691034
277192,268,270,538,12268649892,11988698439,11863597782
277692,271,269,540,12120675159,11871906828,11817444407
278192,245,245,490,12128494711,11867895278,11854782393
278692,291,286,574,12004007508,11770197351,11751550824
279193,280,284,563,12004663787,11764234219,11681203354
279693,266,269,539,12141288471,11735257969,11637046641
280193,266,264,530,12126382392,11780176854,11681941374
280693,266,266,531,12002097330,11770144204,11724948300
281193,307,309,617,12333243394,11984997451,11862289951
281694,306,303,609,11833286457,11458761292,11416015222
282194,307,302,609,11848553320,11503567692,11528187333
282694,283,284,567,12197514597,11880708501,11741751505
283194,201,204,405,12159078411,11894795839,11896665454
283694,272,275,546,12065893733,11750502818,11590300048
284195,296,297,594,12088634808,11795709536,11771841594
284695,303,302,604,12216485817,11901993416,11791047408
285195,301,297,599,11963638709,11647463422,11647221243
285695,277,280,557,11910241755,11600726606,11511345136
286195,317,314,631,12233695538,11887909064,11750930279
286696,306,303,609,12063471523,11782208882,11728724835
287196,281,285,565,11754958636,11487951028,11472708031
287696,298,298,597,12196876664,11915606069,11824819542
288196,283,287,570,11796495070,11503680220,11537212273
288696,220,217,437,12451366468,12225004118,12073442225
289197,292,292,584,11936758810,11596036989,11517743845
289697,304,299,601,11795893076,11506444935,11507274477
290197,293,291,586,12105471593,11793028224,11832607218
290697,290,295,585,11911917481,11602607310,11415874076
291197,314,315,629,12422079572,12075201758,11908538045
291698,308,304,612,12010472862,11702822601,11662499855
292227,315,321,635,12300174978,11996352042,11922030136
292727,320,319,640,12275617997,11840173561,11697623499
293227,309,308,617,11983991379,11640182900,11660620000
293728,317,314,631,12085575910,11765976236,11623150641
294228,312,318,628,12185736957,11866389803,11845233592
294728,304,300,606,11883916008,11555875730,11451542848
295228,309,308,617,12047363774,11764898951,11762810918
295729,304,303,604,11939154268,11670935483,11403511668
296229,325,328,656,11918308519,11502877254,11454945633
296729,314,313,626,12075391312,11758957545,11654346933
297229,301,299,601,11887720637,11574566858,11540461148
297729,283,286,569,12118931678,11829011945,11714161508
298230,281,284,563,12087847641,11830242520,11793130405
298730,328,327,655,11897833985,11531676456,11446361554
299230,211,207,420,11851779842,11549190374,11633771546
299730,266,275,540,12375998591,12032436822,11789287953
300230,288,281,570,12118063899,11844973798,11784840113
300730,272,273,545,11885050340,11623384004,11613087212
301231,271,269,540,12444053934,12198688520,12178226939
301731,271,274,543,11866795424,11685374816,11593602513
302231,272,270,543,12028926915,11752020969,11776581187
302731,262,266,529,12254574472,12035965886,11883745986
303231,270,270,540,12225358874,11980421822,11896428592
303732,259,256,514,11892289435,11699254689,11714919589
304732,142,139,281,12361993944,12179606549,12448059292
305232,237,239,476,12466547408,12208821354,11855999125
305732,272,268,540,12047367581,11794551447,11775805357
306233,263,266,529,12336233221,12052243008,11919789994
306733,266,267,533,12007980265,11651327545,11635086599
307233,265,261,524,12152673070,11934365120,11941218665
307734,293,294,587,12112353300,11813489635,11666293044
308234,283,281,566,12019780462,11688133506,11708040184
308734,274,275,549,12132125747,11872507367,11789423864
309234,260,264,524,12074645780,11826960260,11755063465
309734,291,287,578,12109397085,11824488936,11753167376
310235,279,281,559,12106849620,11873208621,11760241584
310735,273,270,544,12088942189,11825038924,11813830014
311235,275,277,552,12082287815,11834392855,11741686510
311735,283,280,563,12131349266,11842770335,11762082220
312235,277,282,559,12154671299,11880236028,11822315987
312736,267,265,530,11995328588,11814558769,11747583116
313236,260,261,516,12124087038,11942993248,11940900122
313736,271,270,548,12113421900,11711549814,11634958262
314236,247,245,490,12223609370,12014819053,11958376214
314737,287,288,577,12009041815,11660243390,11620848724
315237,230,231,460,12128306693,11900994949,11802910628
315737,274,277,552,12282673078,12019163572,11959557218
316237,268,261,529,12056329124,11839446320,11879717738
316737,253,261,514,12273416734,12042761748,11869612974
317238,308,306,614,11960819199,11663454396,11603053367
317738,317,316,633,12082534270,11844391260,11810705445
318238,271,263,534,11958014107,11698306340,11782913472
318738,287,297,584,12112805294,11858129562,11672972048
319238,296,291,587,12109010745,11826820853,11801887173
319738,277,278,555,12170065916,11807401681,11695744959
320239,178,178,356,11464588763,11150623379,11245896177
320739,244,242,486,12841308916,12561029565,12406528792
321239,306,308,614,12071024533,11742654772,11621820668
321739,302,301,603,11985480276,11689222853,11704404777
322239,297,303,599,12151679676,11819945659,11724007192
322740,312,306,619,11937562889,11561815334,11445328764
323240,289,288,577,12000091199,11698346122,11733779924
323741,294,294,581,12174481713,11992093747,11878881437
324241,296,302,605,12207119527,11779457436,11634271803
324741,276,277,553,11995225088,11719563505,11675300975
325241,284,280,564,12155882990,11699121608,11609480405
325741,318,318,636,11927003594,11588911807,11494968693
326242,296,293,589,12027398532,11738871252,11726661324
326742,298,296,594,12113241898,11834339849,11761625654
327242,322,328,650,11868601547,11388117768,11263586028
327742,289,288,577,12189840139,11904949974,11828012062
328242,291,289,580,11914418461,11656745994,11709011946
328743,270,272,542,12124326143,11875108631,11745100119
329243,293,293,585,12156512927,11906886335,11839585390
329743,282,285,568,12094421813,11881003722,11851274878
330243,276,273,549,12003573558,11750780087,11722040431
330743,252,251,501,12141173387,11938131569,11847309057
331243,299,298,598,11990739969,11512530252,11465405761
331744,329,328,658,12121099549,11710917304,11579151387
332244,311,318,629,12016306343,11714606126,11687484492
332744,321,318,635,11804284498,11453252701,11363143870
333244,299,302,605,11999099727,11519545474,11414923921
333744,310,301,611,12088672143,11738420637,11765505119
334245,280,284,564,12119849261,11804838338,11709372965
334745,321,317,638,12144180574,11764638613,11623781506
335245,308,312,620,12036229846,11715229596,11648158867
335746,231,238,468,11281044809,11021825233,10972779031
336246,208,202,406,13067008115,12801140610,12713321721
336746,269,269,543,11829816577,11454417742,11397304215
337246,286,287,573,12121208371,11679273440,11475508634
337747,324,324,644,11860718378,11607986565,11532018948
338247,290,289,580,11870417848,11400227367,11401431172
338747,272,270,545,12074870305,11749035423,11690402858
339247,274,277,551,11539670352,11243617402,11130847338
339748,271,269,540,12115641565,11867906315,11846952223
340248,269,270,539,12092128996,11855500747,11819654037
340749,281,278,559,12249462153,11907659967,11779587509
341249,280,285,565,12044299858,11734498051,11704769545
341749,280,280,560,11937847817,11622832346,11521072384
342249,267,269,536,12214307302,11926984899,11813632227
342749,276,271,547,11898883244,11642041875,11658469988
343250,298,300,598,12251964447,11934836674,11792395038
343750,300,298,598,11963524568,11603424590,11535897647
344250,331,331,662,12061778713,11360902854,11086159422
344750,293,294,587,11877679539,11547986102,11506105091
345250,293,294,587,12071816798,11738466159,11699578190
345750,309,308,617,12000160657,11613916224,11512834637
346251,306,302,608,11931084030,11562194489,11575107581
346751,306,311,617,12060081745,11702762367,11616110695
347251,305,308,613,12123428297,11805940524,11705924321
347751,298,288,586,11847112091,11534822318,11580773876
348251,291,296,585,12211532404,11928938800,11769402630
348752,300,301,603,12050047070,11775413256,11679452554
349252,284,285,569,11994114377,11748070072,11776790632
349752,289,289,578,12318725057,12040150052,11911761956
350252,313,312,625,11525998521,11098258271,11120719975
350752,251,252,502,12246096350,11929641497,11699656802
351253,304,300,605,11956403732,11614188942,11561400640
351753,208,209,417,12074393679,11820105257,11871712548
352253,290,293,583,11970149419,11580139866,11475505643
352753,277,274,551,12198147616,11885040956,11740067574
353253,298,297,595,11973969743,11641959264,11630779767
353753,293,296,589,11973875746,11631585493,11521141913
354254,303,312,615,12073935110,11744207252,11646250413
354754,314,304,617,12035382581,11689090965,11645057246
355254,304,306,611,12067546554,11747202647,11744182337
355754,300,299,598,12038806341,11728515856,11604172812
356254,310,309,620,12083737070,11745827686,11630628754
356755,307,312,618,12158188218,11850371255,11814260383
357255,176,171,348,11479156309,11137904775,11096969041
357755,232,230,462,12587421610,12267439373,12223431169
358255,288,292,580,12064137651,11800627672,11699686565
358755,282,279,558,12231151641,11942184092,11746452475
359256,313,315,631,12007376433,11532012536,11440637687
359756,309,307,616,11900409615,11551036935,11511407943
360256,311,315,625,12072793909,11792463665,11692818474
360756,318,315,634,12067061106,11768311244,11747137084
361256,318,321,639,12128867189,11805964779,11706712496
361757,318,315,633,11861610723,11520714387,11441279037
362257,327,327,651,12012390979,11696912067,11635079172
362757,320,325,648,12133997539,11765081126,11679131273
363257,315,309,624,11782264278,11511274768,11459451217
363757,305,308,613,12219529027,11926310314,11840210702
364257,336,333,669,11747936858,11233746225,11215393314
364758,296,299,594,12191169683,11891510260,11813189828
365258,306,305,612,12120161238,11834520824,11742045291
365758,303,305,608,12019476540,11613434741,11459938023
366258,308,305,613,12173445729,11884175834,11801291419
366759,299,299,598,11868527474,11558011313,11604033220
367259,302,310,612,12014153867,11737950192,11572625205
367759,202,197,399,11831544855,11577236144,11661783337
368259,226,223,449,12640178627,12382075062,12251696204
368759,295,296,590,11917614288,11653116785,11586439562
369260,294,291,586,12212319794,11954770978,11904028904
369760,309,312,621,11937939780,11656907952,11619052474
370260,318,321,639,12294188535,12007438169,11899395637
370760,306,304,610,11887281443,11556822855,11503544597
371260,306,304,610,12046061697,11709986443,11639645971
371760,322,322,644,11944222987,11557603530,11474422107
372261,291,298,589,12240980423,11923077221,11812339638
372769,282,271,552,11116847321,10854700209,10843891594
373270,296,303,597,13011728101,12673311621,12564428638
373770,309,303,615,11932432039,11565344878,11509103101
374270,281,287,568,12008359271,11748374630,11646169957
374770,288,288,576,12174599655,11858926718,11808138166
375270,281,282,563,11945410705,11652809337,11622909184
375771,266,261,527,10917427424,10652718306,10582940534
376271,283,289,572,11982085398,11732240092,11655676381
376771,271,265,536,11878471354,11640119718,11596006582
377271,271,272,543,12460761010,12219007806,12251009357
377771,260,259,519,12088860078,11904849060,11795333241
378272,269,271,539,11991010852,11766600700,11777401312
378772,262,262,525,12209544873,12015188741,11951518594
379272,276,276,551,12074006448,11850944135,11872418775
379772,264,264,529,12304766943,12043371294,11893992774
380272,278,275,553,11978290606,11727300654,11666701282
380773,268,270,538,12440851635,12102038851,11987857602
381273,289,290,573,11909109488,11761820553,11683826354
381773,281,280,567,12166377313,11727660248,11675306596
382273,269,277,546,12157552574,11900700792,11862038170
382773,317,313,630,12180402243,11864743209,11787312873
383274,279,282,561,11879004469,11579613297,11503914329
383774,278,273,547,12127801275,11910409579,11844392228
384274,284,286,570,12169300614,11807954701,11676744437
384774,256,256,512,11695041292,11437302283,11383014831
385275,262,256,522,12181308603,11785551086,11731457729
385775,262,263,525,12009605183,11776815421,11760512234
386275,265,272,535,12171231152,11943897529,11848855475
386776,293,285,580,11578261528,11246213921,11268747917
387276,241,244,485,12533147174,12309951607,12180978349
387776,270,272,542,12278302600,12016444286,11906887586
388276,250,252,502,12142301710,11872760395,11821882838
388777,302,299,601,12137307440,11859883302,11840171863
389277,236,238,474,12030810195,11840922226,11737659701
389777,257,255,511,12152757993,11929946353,11889646453
390277,244,244,489,12099415521,11846308212,11911814234
390777,145,156,301,12186974224,11968746691,11751856491
391277,214,200,414,12095047160,11773322529,11780127928
391778,261,261,522,12064970815,11840918855,11758758563
392278,277,278,555,12195122862,11892671141,11816763519
392778,294,294,586,11948516846,11687592818,11686515450
393278,282,283,567,12109973987,11762786622,11626442351
393779,295,298,593,11886228799,11580155999,11514021943
394279,276,275,551,12065740917,11817000348,11770409640
394779,253,248,497,12523571251,12304854354,12258237095
395279,254,254,512,11736683616,11471642351,11398146044
395779,254,257,508,12239339115,12091269101,12084093614
396280,263,264,530,12138331401,11760830002,11524360196
396780,274,277,551,12127168955,11877854186,11803841086
397280,281,277,558,11910693639,11659550652,11611238979
397781,270,270,540,12250813580,12021352374,12053776683
398281,268,272,539,12121516492,11912781385,11797450904
398781,286,283,567,12015546234,11791068960,11802036966
399281,266,266,534,12052019752,11808828197,11728100881
399782,281,277,559,12101520972,11810474136,11712264865
400282,283,284,565,12028542568,11846180428,11872360331
400782,273,274,549,12237395575,11917155806,11868226414
401282,305,307,612,12105913261,11840056971,11719621062
401782,217,210,427,11381537894,11145983137,11205193442
402283,246,251,497,12797578381,12435193840,12272378457
402783,271,276,547,12175505080,11891999188,11802851025
403283,297,289,586,11843692792,11451079954,11453110952
403783,314,315,629,11986457305,11647914191,11594767454
404284,291,293,582,12044999423,11834014793,11758588075
404784,314,316,629,12224526597,11814972060,11734986266
405284,300,304,607,11936670163,11566227224,11456762470
405784,321,314,635,11943388520,11521637357,11517405427
406285,314,316,629,11740001257,11417850464,11486770654
406785,318,320,636,12180023921,11852964894,11659580376
407285,321,316,640,12016866984,11629397468,11573606356
407785,320,320,640,11992478486,11643275632,11578744601
408285,301,302,603,12254290907,11977003750,11805472027
408785,314,314,628,11915463210,11473745497,11394509584
409286,288,291,579,11959646516,11582108060,11443758294
409786,311,312,623,12296497666,11944681644,11854765950
410286,312,309,621,11941872230,11532279183,11413018740
410786,311,312,623,11029088154,10613545103,10525510617
411287,324,327,651,11935291792,11537687639,11482422596
411787,302,298,599,12035025861,11702856584,11613851623
412287,301,304,602,12272645650,11959849116,11844273814
412787,306,301,611,12021976789,11645713748,11624388092
413288,300,306,606,12054342755,11737669790,11643808466
413788,312,309,621,12019601777,11665587131,11575643608
414288,325,324,649,11900443851,11446876368,11409998280
414788,298,299,596,12124098335,11671088950,11492715224
415289,319,315,635,11818041850,11468755324,11483950523
415789,318,320,621,11991568818,12130862497,12036368942
416289,307,307,625,12191296841,11515539507,11464180214
416789,314,318,638,12101267302,11612591177,11558935043
417289,249,246,493,12154549500,11892277451,11786340313
417789,310,310,622,11901435960,11487916730,11457171059
418290,317,318,635,12170904739,11815161888,11660388897
418790,303,305,606,11837718556,11596175390,11584599092
419290,308,308,618,12125863201,11765682628,11661500227
419790,327,322,649,12267336708,11887570622,11797497782
420290,285,291,576,11865834501,11567216307,11515982252
420791,329,329,656,12122683196,11849557659,11777071602
421291,309,301,612,11971770369,11602924593,11547319067
421791,316,322,638,12103668078,11785450734,11675102228
422292,266,261,522,11214603105,11163066824,11302415352
422792,206,213,423,12883671927,12354655971,12108573745
423292,196,194,391,12133598795,11820615321,11788396225
423793,314,311,621,12096541282,11795947327,11746240273
424293,315,314,633,11937911360,11548861664,11458823758
424793,304,306,610,12021303308,11529693888,11428795004
425293,296,294,590,11984488306,11626928962,11567533726
425794,299,304,603,12010393308,11485179336,11353917717
426294,312,311,622,12024142879,11730511366,11672845205
426794,295,295,591,12103081653,11690807726,11597247674
427294,291,292,580,11973449371,11805359204,11817935773
427794,276,273,552,12011591184,11607986834,11565697520
428295,293,296,586,12257936224,12021342126,11872285724
428795,293,290,586,12061681765,11750594225,11674449383
429295,306,304,608,12300193524,11969029831,11869168117
429795,293,297,592,11766382970,11461358722,11371885015
430296,301,299,600,12049242691,11738093315,11726503818
430796,325,325,650,12015884251,11534940629,11369351283
431296,311,317,628,12178458927,11870591759,11770791861
431796,320,313,633,11874323206,11537669651,11538332140
432297,321,320,641,11912826066,11513119195,11563594828
432797,312,314,626,12310307354,11941472925,11675231755
433297,236,243,479,11471733193,11148917891,11139663276
433797,215,205,419,12481816184,12158755328,12124200779
434298,309,314,622,12108245254,11802396454,11686234500
434798,302,306,610,12020199780,11683777265,11611079304
435298,296,289,585,12052887610,11811236494,11784616851
435798,310,313,623,12301516295,11942816779,11817967252
436299,307,307,614,11904048574,11513474331,11431384139
436799,313,309,621,11814084207,11475776722,11462338680
437299,311,310,622,12106986808,11730091590,11651059354
437799,300,296,595,11847054515,11566051796,11616369591
438299,248,255,504,12458320315,12147673586,11927918197
438799,267,269,536,11869489521,11621323111,11645906642
439300,270,273,541,12202434580,12034150323,12038177470
439800,281,283,566,12254949732,12022649817,11871901938
440300,275,273,548,12221000162,11971354975,11888710974
440800,266,265,531,11038635517,10691570383,10614690659
441300,278,281,559,12005687595,11677760013,11551718532
441801,276,273,549,12105349798,11873683175,11862929053
442301,282,281,563,12028430376,11810156152,11783595205
442801,281,281,562,12078662755,11756001119,11700782009
443301,276,275,548,12022085875,11854712267,11739248792
443801,279,280,562,12208501890,11864591218,11784474286
444302,286,277,563,12179546838,11931357092,11877366967
444802,277,285,560,12165715571,11971091617,11937434073
445302,253,253,507,11880138198,11532218595,11510874554
445802,302,303,605,11832569719,11507016272,11488176100
446303,279,281,561,12292926192,11968151502,11846258560
446803,310,307,617,11961376633,11631742916,11534047347
447303,295,295,590,12113023610,11769173119,11755729799
447803,306,306,611,11925225879,11601707284,11465181470
448304,307,306,614,12225218518,11889353273,11831945726
448804,258,257,515,11966124901,11661439132,11600371467
449304,304,306,610,11972612218,11697097082,11642345753
449804,294,289,583,11815056425,11501603034,11237381563
450304,311,320,631,12172254531,11792806769,11660247366
450805,313,306,619,12027112184,11679707939,11641115200
451305,315,315,630,12065633306,11743138949,11730283679
451805,295,295,590,12063326135,11756288216,11670659022
452305,294,294,588,12079494568,11742238297,11693786129
452805,320,325,645,12101777224,11574302224,11427411885
453306,299,296,595,11711058053,11336105652,11310728232
453806,310,309,619,11925123990,11558621779,11549044153
454306,230,228,458,11492270646,11190852578,11185297810
454806,211,216,427,12681709923,12424150308,12291278906
455306,227,224,451,11899789473,11648213435,11648874847
455806,283,284,566,11726827828,11465447131,11555787290
456307,306,302,608,12089081854,11771474289,11619036967
456807,306,309,616,11876450011,11514335396,11470607254
457307,295,299,594,12068539281,11726710204,11685034491
457807,259,254,513,11807287131,11592220906,11554878584
458307,278,285,563,12130718626,11895049516,11815927858
458807,305,301,606,11963783814,11785778113,11788172791
459307,285,282,565,12062219829,12062130456,12028628429
459808,270,269,541,12145074182,11949511460,12003814485
460308,280,283,563,12239495512,12146680046,12047853426
460808,292,291,582,11844128717,11582182696,11582845550
461308,273,274,547,12091670187,11879592470,11849645743
461808,273,271,542,11833536416,11490520955,11444700376
462308,282,283,568,12058772977,11731088358,11678995363
462809,279,282,561,12065413966,11769037995,11734168580
463309,273,278,551,11760406155,11421875290,11362327316
463809,295,286,581,12133028375,11839967460,11795792975
464309,274,273,547,11644314716,11340462664,11406425707
464809,245,253,498,12041196225,11820880108,11676502736
465309,266,261,527,12010532542,11731683854,11698651599
465810,264,268,531,11986564862,11640965877,11587000487
466310,270,271,542,12025662600,11772738848,11689877991
466810,278,271,549,11876050684,11548490513,11529132742
467310,271,272,542,12154139120,11917392708,11932696964
467810,264,260,525,12134222317,11899495893,11832285846
468311,267,279,546,11997957951,11722792572,11668139327
468811,278,269,545,12027562036,11831877646,11820832996
469311,264,267,533,12184467470,11883623567,11827272798
469811,260,259,519,11807985789,11671631552,11741916797
470311,264,261,525,12348107382,12211542757,12146127350
470812,249,249,498,12167978742,12038906299,11981774126
471312,279,286,565,12320796172,12231873836,12190937573
471812,274,274,546,12014810743,11910920306,11928645656
472312,275,274,551,11943599299,11573010736,11543194130
472812,293,285,578,11892258418,11611287350,11548727149
473312,281,288,569,12104571801,11737711799,11655547984
473813,295,296,589,10460252043,10143859400,10134299754
474313,305,301,608,11734719510,11208226130,11268176742
474813,264,262,526,12098550565,11863026429,11764869592
475313,258,266,524,12224978218,12092060301,11990478410
475813,273,264,537,11640782209,11362388572,11432447004
476313,140,143,283,11862106090,11755660320,11738635244
476814,201,201,402,12502017815,12298607978,12215011994
477314,262,260,522,12229916141,12099094518,12068188613
477814,267,271,538,12071478776,11827056458,11837096204
478314,299,297,595,11964062325,11664905553,11593652503
478814,304,310,615,11717466454,11290491502,11256210047
479315,291,285,576,11920791446,11641184221,11582433806
479815,290,293,583,11988430480,11654058468,11661878985
480315,270,267,536,11997173836,11739646171,11665108308
480815,284,282,567,11756309773,11486671422,11525093761
481315,289,296,585,12130005797,11907824006,11777933445
481816,251,246,497,12155335207,12053870254,12111852339
482316,322,326,648,11506197044,11048453099,10979516499
482816,267,263,530,12018051656,11747464751,11756082257
483316,262,270,532,12101050890,11763888328,11665827530
483816,266,259,525,11924631579,11676932834,11643394347
484316,319,319,635,12022742813,11701840116,11655376234
484817,259,259,521,11817174454,11441337438,11374670988
485317,264,264,527,11820121032,11635510760,11660707702
485817,277,278,556,12098655868,11787610125,11738097443
486317,269,268,537,11913801565,11583417564,11630529153
486817,280,286,566,12229618092,11944612873,11723734643
487317,357,352,709,11178932071,10540186215,10508510323
487818,202,199,395,11936122701,11808981632,11865598495
488318,205,208,417,11986842334,11557406172,11447695499
488818,297,290,589,11842749156,11478472660,11460620655
489318,285,291,576,12153998284,11841447507,11717985077
489818,290,291,579,11793674330,11605922297,11606616498
490318,289,287,578,12088369122,11698503372,11645612569
490818,292,297,589,11964124322,11691704751,11674292841
491318,299,294,592,11936197575,11670546210,11679697329
491818,277,277,555,11848163322,11498311564,11385318341
492319,294,297,589,11991649235,11757039457,11739999463
492819,312,311,625,12236111173,11868005660,11750975244
493319,245,242,487,11782251499,11574506452,11606158291
493819,297,297,594,11735610852,11420096033,11387239638
494319,280,279,559,12050336038,11744317468,11760464546
494819,282,285,567,12070470244,11716511965,11597906623
495319,285,285,570,11929690322,11678393278,11689573716
495819,321,321,642,11954958739,11609483057,11459854322
496320,286,289,574,11796666529,11510477100,11504787796
496820,258,260,517,11985758175,11775460728,11777453628
497320,301,301,604,12166724246,11856342803,11762555141
497820,294,293,583,11610483831,11410788230,11377796946
498320,278,269,551,12151219053,11727295226,11796445113
498820,263,274,537,11992784503,11808946599,11647357194
499321,333,321,647,11983124933,11685896371,11692262410
499821,307,309,623,11678512013,11041230635,10987717096
500321,275,283,558,11920008583,11591338709,11483896932
500821,270,265,535,12216582324,12147610983,12132668640
501321,263,262,525,11843320979,11643401084,11712478336
501821,274,278,552,12067371361,11827812782,11757249397
502321,273,271,544,11992204863,11744610374,11683104023
502822,275,278,553,12035094116,11808105687,11758630045
503822,283,281,564,13016593033,12746692803,12524245680
504322,282,287,569,12076827710,11821314993,11696927805
504822,298,291,589,12030069735,11750088959,11717571837
505322,313,317,626,11717875950,11279069836,11261441683
505822,295,297,596,12022699638,11672458344,11571746277
506323,286,291,577,12018678210,11771563727,11709626149
506823,293,291,583,11890903158,11630492234,11613533886
507323,286,287,574,12178531018,12023252776,11992404579
507823,282,280,562,12039841408,11894261862,11952594095
508323,280,275,555,12347595522,12168978180,12064809629
508823,184,187,371,11630738458,11430497527,11451142585
509323,170,173,343,12645333485,12471838306,12431436312
509824,296,297,592,11937374796,11792806117,11743338481
510324,282,283,566,12226714168,12079862949,12058105398
510824,276,270,546,12130478092,11935910742,11916252514
511324,289,291,580,12134060286,11913383649,11863528574
511824,287,287,574,12017872868,11897040531,11917488961
512324,284,280,564,12105538762,12011171528,11969794197
512824,286,289,575,12204420916,12093538787,12141201420
513324,275,276,551,12227876431,12133604590,12058966901
513825,286,282,568,12394034970,12303421270,12273460648
514325,279,279,558,12042171047,11942754420,11970620531
514825,274,279,553,12234474760,11877092653,11740102088
515325,285,280,565,11996533201,11870793437,11901547208
515825,268,270,535,12320221821,12234306338,12215526009
516325,274,274,551,12158449977,12021350448,12010614952
516825,274,274,548,12222784928,12089119518,12040702552
517326,264,267,531,12433886943,12324387414,12235256555
517826,268,269,537,12029200417,11927004638,11923885565
518326,263,260,523,12145122304,11965012157,11947533445
518826,244,249,489,12220118702,12123372633,12077102116
519326,252,250,505,12216127854,11886229435,11803966279
519826,195,189,385,12095717369,11818266793,11807905006
520327,295,298,593,12093746779,11806385033,11729877647
520827,295,295,590,11872071182,11515071226,11487049263
521327,248,251,499,12188692247,11892447060,11781761161
521827,284,278,562,12232982696,11955674035,11910186118
522327,266,271,537,12257741547,11951700487,11864954900
522828,269,272,541,11849042965,11609251691,11588536089
523328,281,280,561,12274852439,12024528964,11931392193
523828,266,264,529,11935394885,11828947017,11808089605
524328,274,277,552,12333358811,12223123992,12145608330
524828,260,257,516,12227882472,12162619876,12195139631
525328,264,264,529,12258226348,12147485147,12095279489
525828,271,273,544,12250005367,12137304666,12117550200
526329,271,265,536,12195147274,12095704293,12037402610
526829,260,263,523,12050558071,11956060609,12036900634
527329,273,275,548,12406838459,12306196030,12171973449
527829,274,270,544,12115792936,12010671667,12029034920
528329,265,269,534,12597519415,12468034029,12368378173
528829,256,251,507,11659802886,11342775293,11273906838
529330,269,271,540,12283053520,12055740760,11941887141
529830,272,268,540,12112167179,11876801138,11770158549
530330,272,274,546,11976155755,11744715942,11781794849
530830,289,288,577,12148231881,11759868627,11694255186
531331,266,269,534,12129219376,11905431264,11786185615
531831,255,258,514,12332981591,12114482506,12010285614
532331,287,282,569,11964554888,11689990796,11665403960
532831,275,279,553,12235622193,11993331922,11877962789
533331,275,277,553,12041954489,11779645424,11724822981
533832,280,280,560,12239283041,11954414995,11886728677
534332,256,251,507,11891874427,11609481445,11621925216
534832,236,238,474,12011569148,11791020950,11782572054
535332,263,262,525,12141617499,11864406692,11738275508
535832,280,283,563,12085862672,11821586544,11759304189
536333,301,299,600,11979734120,11626292832,11536203594
536833,253,256,507,12204772550,12025050559,12040519597
537333,275,274,549,12168342534,11922593659,11821145363
537833,273,274,549,12208722668,11936054321,11813688824
538333,265,260,525,12088247759,11839453389,11839536105
538834,268,270,538,12171174282,11956283443,11872644525
539334,276,276,551,12133603132,11925187639,11942296294
539834,262,263,526,12122913424,11766243384,11619033630
540334,186,183,369,10853016520,10645811352,10662590312
540835,185,188,373,11979321156,11798204666,11708218426
541335,182,184,366,12167252819,11956311112,11907930516
541835,278,274,552,12253427585,12046303925,12035031354
542335,292,292,584,12231501392,11944432485,11884604365
542835,250,251,501,12127999203,11917655600,11824686887
543335,270,271,541,12264906856,12035186229,11958413289
543836,268,262,529,12016535043,11787728378,11803152261
544336,296,302,599,12073111298,11743750328,11615503359
544836,274,270,544,12246491387,11989244638,11971732849
545336,271,275,544,12143657472,11916209212,11852526631
545836,273,275,550,12046237295,11792861909,11746475989
546337,264,263,527,12209625924,11836873761,11759922836
546837,280,281,561,12027006108,11753044985,11691727324
547337,282,274,556,12014376546,11789746787,11763465931
547837,270,274,543,12104432169,11921622106,11877825396
548337,273,278,552,12267984883,12008420409,11909403527
548838,293,288,581,12030232226,11690142768,11669553265
549338,252,255,507,12085724212,11862524074,11766461890
549838,269,265,534,12086501762,11824506036,11828277487
550338,270,269,539,12188251289,11947375425,11917226708
550838,269,271,540,12131401462,11903581777,11790632744
551338,212,215,427,12079226071,11876215019,11848530209
551839,207,201,408,12369553513,12125302904,12080563936
552339,283,288,571,12164182912,11882780500,11770082403
552839,277,276,553,11765313354,11184904819,11161141469
553339,285,284,569,12273543064,11972024910,11895962570
553839,294,297,591,12256978585,11947565449,11869721031
554339,282,280,562,11911866652,11660507426,11745331629
554840,286,286,572,12161944725,11858446401,11688671123
555340,281,281,562,12210122084,11944931825,11878667997
555840,289,290,578,11755951322,11404282610,11547243647
556340,289,286,574,12304984836,12134569313,11884415995
556841,297,301,600,12255429686,11862722751,11786614615
557341,296,294,590,12031635135,11684910066,11593324699
557841,307,304,611,12048068901,11756863807,11706776204
558341,292,295,587,12022072293,11737792563,11742306304
558841,292,293,585,12140620022,11877354873,11761430996
559342,285,287,571,12115255897,11790283143,11373327201
559842,307,310,618,12142893926,11789888506,11684911201
560342,302,300,595,11864222517,11628880144,11738236478
560842,296,295,598,12185761374,11861357245,11658623728
561342,305,300,605,11983976377,11809514631,11804414220
561843,291,294,585,12088231212,11874818083,11825100838
562343,313,313,625,12298006666,11949745462,11816437584
562843,325,324,650,11659987565,11208176189,11151161952
563343,300,299,599,12183074860,11875139190,11811033052
563843,285,284,569,11898674452,11644251666,11642184924
564343,309,308,617,12099387902,11807544106,11699875999
564844,298,301,598,12010698232,11766661532,11716251988
565344,266,267,534,12176832732,11920720868,11852679022
565844,262,261,518,11764727136,11321870042,11325566455
566344,294,297,596,12197299913,11885869976,11683076952
566845,283,280,563,11999101143,11718939865,11677233739
567345,257,258,515,12111563769,11834501274,11732907227
567845,298,297,595,12170242248,11865120968,11847494480
568345,287,287,574,12041119603,11732997469,11679938593
568845,288,290,578,11762526784,11519930700,11595899971
569345,257,253,510,12416671578,12191698207,12013896934
569846,326,325,651,11737815361,11373748946,11331182389
570346,273,274,547,12348067436,12131714406,12061863495
570846,285,285,570,12141206726,11926672716,11871588341
571347,285,289,574,12044285816,11818729087,11783901063
571847,295,291,585,12083828315,11830289689,11819946059
572347,282,284,566,10579527525,10309615878,10230477048
572848,202,206,409,11897241298,11700015947,11700265542
573348,190,193,383,12545113217,12290191166,12098218817
573848,236,226,462,11764285357,11407564671,11448956080
574348,286,291,577,12063938623,11795717284,11660808800
574848,293,289,582,12235672719,11965123634,11912808560
575349,286,287,573,11936634839,11688250515,11682168043
575849,281,278,558,12218926131,11973046378,11899936310
576349,297,298,596,12045212159,11784519148,11721527960
576849,296,299,595,12014155487,11760188744,11737769559
577350,284,287,571,12213484362,11928900186,11840667818
577850,290,292,581,11929791326,11666216023,11643356408
578350,277,272,550,12183341332,11926790298,11879615995
578851,285,283,567,12110789086,11871068683,11757903804
579351,285,284,570,12139010341,11885338364,11915722977
579852,276,279,555,12137228573,11887905320,11795118956
580352,283,279,562,11974680982,11704028808,11662558375
580852,295,298,592,12305170391,12068249248,11964901504
581353,277,283,561,11980339016,11547068591,11327897438
581853,302,299,601,11708088356,11432002674,11415721397
582354,301,289,590,12111968590,11847451802,11829348884
582854,287,296,582,12077237223,11816720703,11750398344
583355,296,296,593,12052977030,11722127628,11667125375
583855,253,254,505,12372544358,12188410783,12105495353
584355,170,171,340,12017894395,11845083666,11827356912
584856,282,278,563,12214980511,11903340465,11851487675
585356,298,298,596,11843513209,11519465654,11465090363
585857,255,257,512,12315846355,12092502417,12063325222
586357,280,283,563,12039605551,11793244622,11710113841
586857,293,291,584,12214410166,11936052269,11878194640
587357,288,292,580,12132428749,11856602443,11771349435
587857,277,269,546,12008205615,11752167283,11743508179
588358,264,271,535,12180631628,11960466702,11876029763
588858,288,287,574,11853282274,11619346895,11576267865
589358,295,289,585,12274428848,11895511838,11768307572
589858,291,296,582,11967153658,11736485042,11749526471
590358,291,291,587,12196570884,11923865629,11780900374
590859,281,284,564,12142477882,11912916250,11846695857
591359,284,281,566,12159956474,11896721632,11838212428
591859,283,288,571,12000528214,11708834437,11686364331
592359,258,253,511,12114205861,11879860056,11811484995
592859,295,289,584,11997087225,11662155359,11667052917
593360,277,284,561,12189556096,11939726226,11769149120
593860,278,275,550,12355730526,12170124571,12179398798
594360,282,286,571,11976167016,11631339571,11581953648
594860,290,287,577,12140654534,11875535995,11824426030
595361,291,290,578,12304265947,12046183345,11943859938
595861,286,283,572,11913450204,11610287015,11609438534
596361,264,267,531,12211188484,11979406359,11827161115
596861,293,301,588,11981340146,11889668217,11796851874
597361,283,276,565,12003433797,11601625112,11633685219
597861,288,283,571,11990643593,11722288223,11852809519
598362,272,275,547,12436349355,12202287085,11880590151
598862,310,314,624,12083466908,11751537452,11673077869
599362,236,238,473,11817459169,11725379170,11705489281
599862,204,195,400,12355572882,12055976491,12098846626
600362,295,298,590,11980557515,11788162959,11729011112
600863,265,264,531,12353151430,12065710266,11923541791
601363,269,272,542,12118402044,11884789630,11879422578
601863,283,280,563,11956705213,11674930240,11705447414
602363,273,274,545,12151736901,11952867461,11784542952
602863,269,268,539,12078948156,11780119825,11847259483
603363,276,284,560,12223315617,11943304526,11735448843
603864,262,257,519,11968379191,11618385321,11585763239
604364,291,296,587,12117619519,11864603783,11663588049
604864,264,261,525,12239577138,12013518798,11976924918
605364,286,287,573,12018750726,11754368633,11687988302
605864,303,302,605,12085640193,11782535408,11700821443
606365,278,270,547,12092460612,11775203791,11775681921
606865,235,242,478,10750665541,10335366320,10209051077
607365,300,296,596,12147498108,11821975696,11786341988
607865,298,300,598,12257436123,11889603042,11759060343
608366,243,249,492,11832594661,11546102368,11520269306
608866,217,218,435,12029214340,11718560167,11613099317
609366,232,223,454,12393576342,12056354275,11957085160