9822,144,144,288,1324325965,1216037508,1168688460
10322,153,154,307,1305599183,1225418911,1182371061
10822,171,171,342,1343865519,1259003133,1212174937
11322,138,138,276,1367637264,1265386991,1232938769
11823,130,131,261,1326167911,1226268920,1197278466
12323,141,141,282,1369542124,1293331309,1260333786
12823,153,152,305,1352395983,1274546946,1251975258
13323,157,157,314,1366242959,1303172647,1282806838
13823,148,148,296,1358546045,1298319654,1281983817
14323,150,150,300,1363518648,1291590896,1274015772
14823,153,154,307,1378053104,1315583451,1300580776
15324,161,161,322,1373124676,1293956302,1263250932
15824,161,161,322,1383432692,1326851862,1309340985
16324,155,155,310,1382171204,1309976411,1293534654
16824,153,151,304,1346139681,1261732013,1248608792
17324,158,160,318,1390947689,1339598379,1320980081
17824,159,157,315,1389893148,1341130772,1321471980
18324,153,156,310,1388984113,1234879584,1216407285
18825,154,152,306,1393482380,1341782069,1325945159
19325,140,142,282,1377294957,1324888373,1303556510
19825,151,148,299,1372323491,1306030935,1287918019
20325,148,150,298,1375429083,1323146393,1304341081
20825,162,163,325,1362230597,1305838860,1286536479
21325,157,156,313,1378449802,1336846916,1318731940
21825,147,146,293,1374699942,1335029030,1322931732
22325,146,147,293,1380252079,1335391852,1313999309
22825,173,171,344,1362054187,1313301334,1297038174
23326,164,165,329,1372157067,1323111006,1302251008
23826,148,149,297,1377146618,1327247811,1312209320
24326,169,170,339,1363881848,1318578849,1302822460
24826,156,153,308,1376270326,1334189159,1321904803
25326,160,162,323,1338354275,1278579680,1251401306
25826,175,173,347,1374831259,1334370615,1317799493
26326,145,146,292,1389420011,1347613438,1333553017
26826,143,143,286,1384877577,1346656940,1332761116
27327,162,164,326,1396924490,1349109117,1331656667
27827,159,156,315,1386605446,1340661090,1329901311
28327,158,158,316,1398900765,1351486642,1335894276
28827,155,157,312,1390812459,1344943564,1328949919
29327,162,162,324,1390434838,1343927657,1322458430
29827,160,159,319,1382644412,1332561674,1318796656
30327,164,165,328,1396112777,1351335321,1335445331
30827,149,148,298,1406704856,1357800599,1341946992
31328,154,155,309,1397861077,1350100861,1336079519
31828,145,144,289,1395804907,1346938212,1333384720
32328,139,140,279,1404132995,1355742076,1344077661
32828,133,132,265,1431215315,1388042955,1377015343
33328,148,149,297,1412484682,1364255540,1350761125
33828,155,154,308,1392771374,1345777729,1326796150
34328,172,172,345,1395121509,1330366456,1312384859
34828,169,168,337,1384821057,1331527464,1318819399
35329,160,160,320,1387892243,1337307490,1325161909
35829,153,155,308,1273958625,1224265055,1209670879
36329,142,141,283,1529716730,1480299812,1468501741
36829,145,146,291,1404315475,1349211039,1334924408
37329,155,156,311,1393404844,1337033692,1318547813
37829,172,170,342,1383711156,1315215314,1302176426
38329,147,149,296,1402434078,1347291307,1329557257
38829,164,162,326,1389891354,1330048211,1315911685
39330,165,165,330,1390513111,1324326022,1308438922
39830,148,149,297,1393826583,1335849480,1317751894
40330,162,162,324,1389660700,1327794908,1306047472
40830,171,170,341,1385741940,1314875859,1296384379
41330,143,144,287,1388499284,1333373398,1320597552
41830,162,160,321,1392980000,1331225062,1318192907
42330,160,161,322,1403999841,1339260124,1320451521
42831,155,156,311,1400483032,1340082599,1323905672
43331,161,160,320,1387025228,1327675903,1313537837
43831,164,165,330,1390179963,1323118201,1308558369
44331,150,149,299,1375845198,1314340734,1306557690
44831,144,144,288,1417694931,1360635359,1347398138
45331,176,177,353,1398017132,1328438393,1310510130
45831,158,157,315,1397869985,1335732821,1322267636
46331,168,168,335,1406079421,1344627567,1326613061
46832,166,166,333,1402648035,1328797849,1312518729
47332,147,147,294,1407406583,1344917059,1334332737
47832,165,164,329,1404677510,1342254353,1325133790
48332,152,152,304,1395746114,1341326677,1321678478
48832,170,171,341,1377533548,1319570607,1307341782
49332,161,160,321,1383363798,1321573645,1306119363
49832,166,169,335,1402555034,1338514402,1323074623
50333,154,151,305,1402954029,1341222141,1326627236
50833,171,173,344,1395884999,1324986611,1310677095
51333,151,151,302,1379878808,1317448771,1303309648
51833,153,151,304,1394120067,1327812251,1313762975
52333,153,155,308,1399184174,1335484512,1315217514
52833,175,175,349,1389029457,1338708138,1325077997
53333,154,153,308,1393338134,1357124382,1347022027
53834,154,154,308,1403997735,1373478604,1360931524
54334,153,153,306,1399782127,1372003874,1357899911
54834,162,163,325,1398762364,1366982316,1354925548
55334,166,166,332,1381813645,1348641139,1332376681
55834,152,151,303,1395542571,1359666978,1346422219
56334,152,151,303,1390992468,1347060892,1337284478
56835,118,119,237,1152556500,1125170371,1112903787
57335,105,106,211,1704460444,1679389099,1669516442
57835,160,158,318,1391360593,1354685813,1345290094
58335,143,146,289,1399578736,1361808125,1345083822
58835,160,157,316,1392857962,1361863713,1352152997
59335,160,162,323,1382444589,1339813619,1322992503
59835,153,152,305,1399884444,1358461101,1348498356
60335,157,156,313,1401769026,1362171004,1348650249
60836,159,159,318,1378256861,1335481086,1327902671
61336,159,160,319,1399981314,1355548404,1339794042
61836,156,156,312,1394893080,1350386475,1337236449
62336,157,157,314,1400298224,1356898593,1343047364
62836,149,150,299,1395308836,1351165883,1338119987
63336,157,156,313,1395352400,1352783991,1341413086
63836,182,183,365,1390078414,1333015809,1319121293
64336,143,143,286,1406634838,1364246264,1352195862
64837,160,159,319,1401186882,1351902296,1339803843
65337,158,158,316,1398900841,1348651751,1334699493
65837,135,135,270,1417610277,1372904352,1362377176
66337,156,155,311,1404329567,1355389663,1345784494
66837,154,157,311,1410394849,1359175193,1342821856
67337,143,141,284,1414258707,1364867939,1355816676
67837,159,158,317,1407989492,1355384948,1341586470
68338,158,158,316,1404287810,1349923011,1337138251
68838,144,147,291,1409936184,1363492734,1347408547
69338,155,153,308,1403510312,1351504678,1337329316
69838,145,146,291,1416013851,1360056550,1348206064
70338,169,169,338,1399099645,1340041634,1320542461
70838,113,113,226,1424226226,1378863796,1368061892
71338,134,134,268,1416047963,1368141678,1356937503
71838,112,110,222,1422930396,1383586369,1375766747
72339,115,116,231,1428253918,1382381484,1371897005
72839,119,120,239,1401202348,1348585010,1333989693
73339,140,140,280,1432802907,1373790077,1361889221
73839,96,95,191,1437282002,1397656895,1386691378
74339,113,114,227,1429200850,1376024882,1365278021
74839,106,105,211,1428305897,1385490386,1377016857
75340,103,103,206,1429030881,1381908653,1367788276
75840,110,110,220,1415908612,1371858622,1363699439
76340,91,92,183,1456098820,1417932376,1405882006
76840,95,93,188,1430452433,1390738552,1387518333
77340,102,103,205,1439189359,1396054366,1379053398
77840,125,125,250,1421891040,1368985040,1360136037
78340,96,97,193,1438925524,1396052653,1386549602
78840,132,132,264,1413586115,1358270519,1345888895
79341,165,164,329,1403148549,1338524946,1325009358
79843,159,158,317,1395937269,1330536910,1320822525
80343,165,165,330,1411511868,1339428786,1329411508
80843,156,157,313,1397489611,1339399357,1325390620
81343,182,182,364,1400275912,1328498985,1312805107
81843,149,150,299,1401659723,1344692084,1333965846
82344,170,168,337,1396933677,1334942729,1317399880
82844,159,161,321,1405318579,1344146263,1328212951
83344,180,180,360,1382262549,1312963569,1297848807
83844,160,159,319,1403582842,1340348444,1321556917
84344,181,181,362,1396230305,1328322223,1317965114
84844,149,150,299,1395098677,1337104223,1316217199
85344,170,168,338,1395301985,1337956576,1327558872
85844,162,164,326,1388670387,1351413326,1332145499
86345,172,171,343,1372910566,1333959150,1322549073
86845,174,174,348,1391404529,1339918565,1318496622
87345,161,160,321,1385457232,1350802633,1342848873
87845,158,159,317,1396313138,1361007210,1344081994
88345,163,162,325,1397614135,1360934851,1342456688
88845,183,183,366,1384449255,1345331543,1333666226
89345,168,168,336,1393601520,1355119436,1345522067
89845,153,154,307,1409844717,1377646689,1363090784
90346,164,165,329,1396509408,1357606832,1342109820
90846,163,163,326,1394993773,1358684401,1346917133
91346,169,167,336,1388413411,1351934570,1342754103
91846,160,160,320,1411943616,1377269933,1365258227
92346,150,153,303,1399748246,1366707920,1354557323
92846,156,155,311,1401088066,1366113971,1355797308
93346,167,167,334,1391839661,1353694241,1343394213
93847,159,158,317,1398107741,1358771694,1347598186
94347,166,167,333,1415585094,1379040339,1367037516
94847,156,156,312,1400956791,1366121565,1354802130
95347,164,165,329,1397275472,1360137797,1349147919
95847,170,168,338,1400507250,1346759273,1334475220
96347,162,162,324,1408975886,1355749707,1342765467
96847,155,155,310,1395180781,1345510584,1333082038
97347,156,156,312,1403019010,1352753851,1339722967
97848,153,154,307,1411898775,1361837114,1347247030
98348,163,163,326,1409532311,1361729790,1349145953
98848,162,162,324,1399373160,1347938049,1336149709
99348,168,166,334,1397116051,1344660015,1331620818
99848,154,154,308,1408077926,1353457143,1338234168
100348,160,162,322,1407795720,1348967229,1332191661
100848,169,168,337,1407675629,1344298406,1325364960
101348,174,174,348,1403751569,1342986583,1330949441
101849,159,158,317,1413865065,1359412505,1343451854
102349,161,162,323,1407844197,1347318478,1333486658
102849,151,150,301,1400410541,1346834411,1335555300
103349,143,144,287,1413177841,1362038072,1345023132
103849,148,148,296,1417518258,1363449380,1355722900
104349,178,178,356,1401934889,1335333136,1321680970
104849,150,152,301,1407335182,1360641697,1345639094
105350,163,162,326,1395167904,1325413748,1314272330
105850,160,160,320,1407012683,1347058422,1328226637
106350,152,151,303,1403357672,1341688890,1328613140
106850,151,150,301,1393062417,1340125981,1331633007
107350,166,168,334,1425160156,1361191770,1340488946
107850,151,149,300,1408238409,1349446082,1341575010
108350,159,160,319,1408448176,1346728920,1332677461
108851,162,163,325,1415201654,1353000903,1337606763
109351,158,158,316,1399969894,1341771480,1330401658
109851,151,150,301,1405225274,1346789318,1334589265
110351,156,156,312,1410609978,1349058665,1338836793
110851,156,156,312,1392508115,1334739782,1318743282
111351,163,163,326,1406548093,1346018460,1331165542
111851,146,146,292,1413325892,1355992241,1340579490
112352,145,145,290,1405741524,1348902745,1338484021
112852,168,168,336,1416137002,1353286835,1337350128
113352,141,142,283,1401323071,1346632538,1330933654
113852,159,158,317,1392487634,1336577477,1322281553
114352,160,161,321,1403985453,1345434295,1327025633
114852,151,150,301,1405961105,1350523328,1340252971
115352,158,157,315,1407987931,1346171667,1334052285
115853,155,156,311,1412395745,1361273623,1338583918
116353,165,165,330,1395906790,1336833661,1323742485
116853,146,145,291,1389197654,1328015668,1322285153
117353,139,139,278,1424177433,1366241364,1350124699
117853,133,133,266,1411568844,1352724508,1338222433
118353,167,169,336,1403791759,1338223496,1320651878
118854,149,148,297,1388635508,1333070125,1320173991
119354,143,145,288,1408941696,1345608976,1328670201
119854,135,135,269,1405822800,1354485091,1341143795
120354,159,158,318,1396732867,1322519069,1310530088
120854,163,163,326,1394783748,1325826806,1307659680
121354,166,165,331,1390028896,1328171829,1312843047
121854,160,160,320,1377531924,1306981945,1291065597
122354,157,158,315,1408410234,1344393062,1325814604
122855,163,161,324,1393348295,1323979331,1310387416
123355,152,152,304,1385849998,1322542936,1308164806
123855,172,174,346,1390246692,1324391653,1307449619
124355,159,157,316,1392739900,1325593322,1308587130
124855,157,157,314,1410280756,1340357338,1320514545
125355,165,165,330,1387027177,1319333209,1297071109
125855,155,157,311,1388478511,1337171944,1321507061
126355,154,153,307,1384617679,1313275087,1302567177
126856,145,147,293,1401498277,1338505579,1322825490
127356,154,153,307,1392914503,1325915148,1311886041
127856,153,151,303,1376583211,1318917475,1302319705
128356,153,156,310,1401078870,1332610382,1314152116
128856,170,168,338,1385699507,1312172205,1295286849
129356,160,160,320,1381171665,1314119673,1299809460
129856,160,161,321,1403030945,1334059603,1317044533
130356,172,171,343,1388089887,1324993066,1310180726
130857,150,150,300,1398257458,1335897202,1317372741
131357,158,158,315,1379615204,1328245501,1313655269
131857,163,162,326,1384859277,1313048838,1297592787
132357,147,147,294,1388778821,1326513003,1314109192
132857,173,174,347,1383177928,1308854638,1295231640
133357,156,157,313,1386133316,1315946986,1299793934
133857,166,167,333,1388062201,1318373681,1302825710
134358,151,149,300,1377729368,1314645992,1300416655
134858,162,162,324,1390046869,1321132105,1302606388
135358,167,167,334,1383080264,1309698136,1291996723
135858,166,167,333,1379155776,1306396173,1291764820
136358,151,150,301,1379839594,1315980419,1293511247
136858,163,162,325,1378499729,1317099636,1300149312
137358,145,147,291,1394831921,1332325921,1315064396
137859,163,161,325,1388899608,1317957721,1303897542
138359,173,175,348,1379185251,1307808498,1291424192
138859,147,148,295,1386889188,1331336222,1317647957
139359,158,155,313,1382112199,1311565154,1295327121
139859,163,165,328,1393408180,1316603662,1298307397
140359,165,166,331,1381364828,1311370981,1289795498
140859,164,163,326,1368602129,1303446255,1283846678
141359,162,161,324,1378629801,1307620123,1293479466
141860,152,154,306,1381992698,1320454370,1300413825
142360,155,152,307,1409217751,1340157869,1317805114
142860,166,166,332,1378167043,1311431225,1296768863
143360,169,171,340,1376413601,1304016892,1279643629
143860,172,171,343,1393223113,1320846490,1302119026
144360,150,150,300,1383810322,1324045490,1308500393
144860,155,156,311,1380471908,1315291886,1294368336
145360,162,162,324,1383874533,1312523501,1291365818
145861,162,160,322,1378738570,1306184413,1285645603
146361,151,153,304,1383075652,1321980453,1298010971
146861,172,172,344,1375337595,1310879505,1292727411
147361,145,144,289,1382068507,1318647127,1303489064
147861,163,163,326,1385166995,1312191744,1293137281
148361,173,173,346,1382443493,1305707920,1288438477
148861,153,152,305,1389070147,1330316393,1305066590
149361,162,164,326,1386538107,1313992838,1296334311
149862,152,150,302,1377947794,1313975754,1296109771
150362,153,155,308,1383623520,1323558383,1303775326
150862,159,160,316,1371371772,1320950251,1310133898
151362,183,180,366,1394202235,1298864878,1277312367
151862,147,148,295,1384548151,1312293236,1290543342
152362,160,161,321,1383697112,1318928063,1294173935
152862,151,152,303,1388530459,1322588024,1298295834
153363,164,163,327,1391452049,1320090922,1298923667
153863,161,162,323,1382797230,1304293349,1288069027
154363,169,168,337,1372376136,1301023622,1287803420
154863,153,152,305,1386862593,1310368309,1295386103
155363,167,168,335,1380242507,1343943711,1330747156
155863,159,159,318,1391890537,1362065541,1349265441
156363,160,158,318,1382023057,1348823518,1341133588
156863,184,185,369,1375123706,1340065981,1326281541
157364,120,121,241,1422187965,1397247339,1386004556
157864,179,179,358,1373094193,1334649819,1322545539
158364,153,151,304,1395249080,1364453044,1357427344
158864,157,157,314,1396063730,1366591181,1351369677
159364,166,168,334,1402234214,1366825022,1353922305
159864,145,146,291,1404635429,1372787185,1361345056
160364,150,147,297,1410874887,1378643324,1369042130
160864,150,151,301,1401340076,1371001257,1358955407
161365,153,153,306,1387604919,1356160524,1344093960
161865,153,153,306,1415701682,1386861033,1374343835
162365,147,146,293,1405760863,1374758065,1361180959
162865,157,157,314,1380952888,1349202065,1329560929
163365,168,171,339,1363935037,1329965841,1317696192
163865,149,148,296,1371874863,1342927884,1328805580
164365,160,159,320,1369232952,1331422383,1320478136
164865,156,155,311,1364454988,1333463757,1321294525
165366,140,142,282,1391449785,1363604187,1349745858
165866,165,165,330,1369115415,1337827424,1327716661
166366,160,158,318,1376059971,1344281407,1331200378
166866,148,149,297,1366982523,1334050354,1324861213
167366,155,156,311,1375207633,1341029622,1326503823
167866,136,135,271,1372586515,1341482425,1334547191
168366,155,154,308,1385574986,1355477557,1341212517
168867,149,150,300,1384199873,1349075765,1332045585
169367,165,165,330,1357203806,1321186170,1308764675
169867,151,152,303,1389161652,1352628384,1333574617
170367,151,149,300,1375063591,1342546615,1334318487
170867,151,153,304,1389876456,1358574312,1344234161
171367,159,158,317,1385011412,1349792896,1335075701
171868,158,159,317,1375337724,1338930425,1326256201
172368,152,151,303,1393217289,1359402919,1350140966
172868,153,152,305,1386970623,1355461007,1343437497
173368,175,176,351,1370097404,1335927350,1322291325
173868,153,154,306,1385508404,1352022499,1337043695
174368,162,161,324,1389488374,1355334762,1337642151
174868,157,157,314,1378906274,1342613823,1331147202
175369,162,163,325,1378357145,1344905808,1331465939
175869,147,146,293,1389221467,1356161886,1346655226
176369,154,154,308,1388343239,1355138747,1342660491
176869,153,152,305,1367379135,1332308130,1322440122
177369,164,166,330,1370690991,1332216870,1313763490
177869,149,148,297,1394858361,1361332010,1349794127
178369,164,165,329,1374133711,1337422995,1322201758
178869,154,155,309,1377805585,1344591595,1332123584
179370,160,158,318,1376146581,1340696171,1331780232
179870,157,156,313,1373748962,1342351605,1330884298
180370,167,168,335,1358418001,1326107673,1313212275
180870,148,148,296,1378546103,1348124778,1338705805
181370,174,175,349,1365789414,1331346930,1317840532
181870,155,154,309,1364055618,1325916827,1314414272
182370,163,164,327,1347908292,1310837574,1295378306
182871,157,156,313,1374363385,1336905406,1326197908
183371,152,153,305,1382782887,1343676374,1324925086
183871,155,155,310,1388915213,1352746979,1341119102
184371,169,168,337,1394651051,1356658760,1344603675
184871,163,165,328,1379899447,1345164969,1332609096
185371,168,167,335,1399851029,1363861560,1350171156
185871,155,153,307,1392133644,1362577698,1350535774
186372,163,164,328,1413261264,1377105437,1363930172
186872,171,172,343,1389931917,1356814437,1345347224
187372,172,172,344,1398843092,1366014010,1354367971
187872,170,169,339,1401021255,1362539411,1353140676
188372,160,160,319,1403709763,1372404511,1361259543
188872,157,157,315,1408364088,1369007676,1358887243
189372,172,172,344,1399797959,1363299246,1352024596
189872,159,158,317,1402835371,1362189869,1350561977
190372,164,165,329,1399182860,1354902174,1341619257
190873,161,161,322,1398315540,1354109313,1341098761
191373,168,169,337,1394916591,1350792054,1333792740
191873,165,166,331,1407072921,1361793551,1348523153
192373,176,173,349,1395281411,1345044106,1335939247
192873,167,168,334,1401069253,1358391955,1341761273
193374,155,157,312,1399398844,1355580326,1341142732
193874,160,158,319,1408294164,1354224211,1339309890
194374,168,167,335,1384633568,1335089758,1325793506
194874,157,157,314,1407583527,1356591691,1341956322
195374,159,160,319,1396849107,1351790063,1341779164
195875,164,164,328,1409603281,1359687632,1344575922
196375,162,163,325,1409627672,1360729584,1346561709
196875,158,157,315,1396901631,1343301738,1334522791
197375,154,154,308,1384467628,1329522190,1316420884
197875,137,137,274,1440515792,1392544140,1381233943
198375,158,157,315,1402183169,1340299115,1327286545
198876,156,157,313,1406077732,1351323975,1335461383
199376,166,166,332,1399215946,1341256025,1327865585
199876,163,164,327,1405036793,1342415259,1330398066
200376,155,154,309,1399031990,1342683429,1328901421
200877,182,184,365,1392053272,1336805169,1315937608
201377,160,159,320,1414961626,1353013121,1342210688
201877,166,165,331,1409771060,1353977745,1338146883
202377,162,161,323,1404039683,1347933642,1339240316
202877,141,143,284,1414307545,1359296048,1341086436
203378,179,178,357,1397160721,1327007316,1314863620
203878,157,159,316,1411272981,1347467534,1330947108
204378,146,143,289,1405347767,1350166797,1339848000
204878,136,137,273,1421290918,1362350800,1349302817
205378,142,143,285,1419129474,1363501045,1351008801
205879,162,162,324,1403487763,1337468352,1322842296
206379,183,182,365,1390175792,1319768021,1307734179
206879,151,151,302,1407585594,1349734651,1333295654
207379,171,171,342,1399273529,1334427999,1320455711
207879,169,170,339,1401015557,1333073316,1311958130
208379,163,161,324,1401918050,1346994709,1335836772
208880,179,180,359,1410752779,1336774809,1315535429
209380,149,149,297,1401990470,1347885438,1326725625
209881,159,159,319,1401283185,1335774004,1323527883
210382,165,165,330,1401941930,1339267482,1322240729
210882,159,158,317,1411333530,1350134195,1332692000
211382,158,161,319,1401021005,1336766220,1320068108
211882,164,163,327,1402486873,1336085444,1323715376
212382,161,159,320,1386624772,1322898224,1311655149
212883,167,167,332,1404277517,1339143972,1327479019
213383,167,168,337,1413884005,1346116917,1325980726
213883,160,159,319,1398887577,1339138875,1329899653
214383,165,165,329,1404238360,1340914742,1328153733
214884,158,158,316,1399558965,1337822457,1324982058
215384,166,168,335,1410495442,1341494226,1325804693
215884,173,173,346,1405207210,1341077943,1323660138
216385,154,154,308,1403322297,1347035783,1332397690
216885,163,163,326,1413565664,1344355019,1331551869
217385,168,166,334,1383261334,1325429137,1308881991
217885,145,146,291,1408028979,1345761855,1330636589
218385,163,165,327,1396405106,1338084782,1320208900
218885,167,165,333,1395134553,1326589778,1314496064
219386,157,157,314,1418951177,1359841922,1341985225
219886,148,148,296,1400242833,1337612044,1325178187
220386,153,153,306,1417700031,1355677825,1340395354
220886,151,152,303,1400188657,1343483104,1328573989
221387,175,174,349,1394752768,1325695362,1309631075
221887,160,160,320,1403246101,1342799787,1326213460
222388,173,172,345,1396647427,1320197349,1306383534
222889,152,155,307,1401885105,1335919536,1320201174
223389,153,151,304,1402365790,1346753192,1329956585
223890,184,184,368,1398208487,1329563780,1310985765
224391,148,149,297,1406222713,1344623294,1325260577
224892,148,148,296,1415616677,1352126341,1335873176
225393,154,153,307,1403962434,1341269151,1330854364
225893,149,151,300,1399210879,1335557176,1313204835
226394,172,170,342,1381715281,1323905470,1306885513
226894,172,173,345,1395314693,1321257559,1302738230
227394,160,159,319,1390406247,1318613730,1305273256
227894,165,164,329,1412713465,1351537976,1328218996
228394,164,165,329,1390589687,1324295427,1303149855
228894,171,171,342,1385796042,1320948062,1307089703
229394,174,173,347,1379530545,1307435725,1297138371
229895,156,158,314,1397003824,1333088895,1311238747
230395,166,165,331,1393844073,1325677392,1309749960
230895,164,165,329,1389345289,1317181226,1304823684
231395,155,156,311,1399284953,1332846033,1313644077
231895,169,166,335,1396662844,1340690254,1327687421
232395,154,155,309,1399848544,1359966720,1345188580
232895,158,158,316,1405049382,1362762062,1349226992
233396,170,170,339,1395989210,1353449280,1342480142
233896,158,158,317,1402831715,1355124688,1337077893
234396,163,164,327,1404271196,1363551378,1350772947
234896,164,163,327,1403449427,1360940456,1349939834
235396,152,152,304,1408321459,1368232591,1357711097
235896,157,157,314,1265274507,1224993370,1214288500
236396,148,148,296,1557549680,1514160103,1495825735
236897,177,177,353,1395793067,1344526645,1333045263
237397,174,174,346,1389449895,1355592780,1339534938
237897,150,150,303,1420358046,1356433062,1345133760
238397,161,161,322,1398251645,1361659507,1345019293
238897,180,180,360,1387101548,1353733879,1342924736
239398,162,163,325,1394466093,1364230779,1351847499
239898,165,166,331,1405045508,1373429363,1360728447
240398,167,164,331,1391132306,1356768910,1347663192
240898,149,152,301,1403784479,1369011715,1350887041
241398,172,171,343,1389944283,1354674717,1342284970
241898,163,164,327,1397779986,1359610614,1345172094
242398,167,166,333,1397209386,1363857968,1350614355
242898,160,158,318,1394321383,1360778566,1353102047
243399,158,160,318,1395772786,1363666793,1349958541
243899,171,169,340,1388205731,1349120366,1336111857
244399,160,162,322,1399744650,1362544893,1346517687
244899,160,161,321,1391183295,1355254711,1342076498
245399,153,150,303,1402756981,1371541683,1361740378
245899,162,164,326,1392002966,1356030897,1341143753
246399,167,166,333,1399842348,1367696295,1354700100
246899,172,172,344,1396068309,1358291811,1341293889
247400,155,157,312,1402736532,1369527149,1356389230
247900,136,133,269,1420853238,1386797556,1376809685
248400,151,152,303,1405454044,1371829643,1360272794
248900,161,161,322,1397154805,1358797020,1348004162
249400,165,166,331,1402194950,1367074823,1353006869
249900,163,164,327,1398322212,1361245113,1347371371
250400,166,165,331,1394174628,1358420118,1346889435
250901,161,161,322,1407154512,1370848418,1358248827
251401,158,159,317,1402559468,1368136508,1356084200
251901,177,175,352,1389935839,1354425595,1342933953
252401,160,160,320,1409031893,1374255242,1361214224
252901,145,145,290,1398827340,1364030627,1353315194
253401,164,165,329,1399963289,1363189239,1349027541
253901,163,162,325,1396951078,1361843983,1350045809
254402,160,160,320,1407897732,1373172498,1361884136
254902,147,147,294,1409648590,1377679745,1369292095
255402,134,135,269,1420599557,1395194625,1378400820
255902,130,130,260,1422455533,1398393171,1386556481
256402,123,123,246,1418152356,1391340874,1376485870
256902,139,138,277,1413126507,1387462184,1382628058
257402,127,128,255,1426104967,1402113516,1389481364
257902,125,124,249,1417426304,1392369970,1386615161
258403,134,133,267,1424476154,1396961663,1385347465
258903,137,139,276,1410754048,1383243477,1374106888
259403,128,127,255,1423536216,1398971403,1387250148
259903,130,131,261,1410251437,1386924289,1378654906
260403,141,140,281,1425870406,1400411696,1388910834
260903,125,127,252,1403511886,1379549143,1370514629
261403,133,132,265,1419002098,1395994136,1391198174
261903,134,134,268,1423306862,1395205824,1380483770
262404,127,127,254,1414459297,1386883297,1378478841
262904,130,128,258,1421753783,1393569842,1387317574
263404,130,131,261,1421009017,1393480319,1380556748
263904,123,125,246,1415524952,1393520469,1390467789
264404,141,138,281,1424334294,1392254135,1374786093
264904,133,134,267,1415895667,1388783699,1379814956
265404,129,129,258,1416762516,1385501853,1376474722
265904,126,125,251,1423926362,1392977268,1377724935
266405,130,131,261,1410649823,1380870261,1372847422
266905,129,129,258,1400491524,1366157527,1355639412
267405,129,131,260,1414831110,1379407126,1364550006
267905,123,122,245,1408137131,1376197797,1368907299
268405,129,128,257,1401010943,1377021115,1370038901
268905,130,130,260,1406090941,1382900257,1373913906
269405,117,117,234,1407239273,1385245023,1382301474
269905,134,134,268,1412752904,1388187333,1373559520
270406,134,135,269,1406907683,1382372459,1372263299
270906,131,129,260,1397258139,1374425613,1370013535
271406,126,128,254,1416629772,1393447712,1378774503
271906,135,135,270,1392009579,1362922070,1353517805
272406,130,128,258,1425294827,1395087321,1383171799
272906,127,127,254,1387526787,1359872273,1353197850
273406,131,133,264,1431606883,1403269299,1391473008
273907,133,133,266,1415847876,1384712882,1377487478
274407,136,134,270,1430851247,1401511940,1393533681
274907,127,129,256,1424921777,1397398978,1385312672
275407,127,127,254,1423147480,1397049709,1389143596
275907,137,137,274,1417033935,1390085846,1379227381
276407,131,129,260,1420092952,1394878614,1389849884
276907,123,124,247,1419751113,1396005629,1380884005
277407,127,126,253,1420934680,1396398098,1388613394
277908,123,126,249,1426262131,1399036603,1384675490
278408,125,123,248,1412696345,1382652196,1375767974
278908,119,120,239,1430328223,1407954460,1396492558
279408,133,132,265,1418289957,1393974605,1382729508
279908,122,123,245,1412449573,1389603989,1376501297
280408,123,124,247,1425780171,1402687862,1393752678
280908,131,129,260,1414905213,1390027489,1386177596
281408,130,130,259,1421416641,1401298123,1386205053
281909,124,123,248,1417795015,1389950319,1383217307
282409,122,123,245,1415444474,1380536796,1363873652
282909,118,118,236,1410454784,1367003449,1345228298
283409,123,123,246,1423170438,1392594088,1380454743
283909,77,77,154,875945325,862534884,860056311
284409,0,0,0,0,0,0
284910,0,0,0,0,0,0
285410,0,0,0,0,0,0
285910,0,0,0,0,0,0
286410,111,111,222,8012033934,7991838348,7980239407
286910,127,126,253,1418886619,1394744722,1396023429
287410,129,131,260,1429362059,1403978594,1383998288
287910,158,156,314,1411626809,1381288980,1373379971
288411,163,164,327,1404446919,1373455583,1355022980
288911,164,163,327,1395193505,1362561041,1351258114
289411,165,166,331,1393725954,1360146164,1343671292
289911,174,173,347,1400372389,1365772299,1353178413
290411,181,182,363,1389213245,1352025675,1332468532
290911,161,161,322,1391397171,1357731057,1348093904
291411,163,163,326,1408208418,1377118719,1363014773
291912,162,162,324,1398253023,1362883698,1348980081
292412,180,181,361,1394971763,1357310325,1342167026
292912,154,152,306,1395983875,1358580550,1347720593
293412,175,176,351,1391646480,1352629871,1337411138
293912,149,149,298,1397672423,1361355770,1337956758
294412,168,167,335,1391364013,1353157332,1341088933
294912,158,159,317,1407564205,1372387029,1355701428
295413,174,175,349,1408154996,1368429162,1350505846
295913,151,151,302,1412766431,1375244870,1360651746
296413,167,167,334,1386940125,1339742183,1325054011
296913,159,157,316,1408534972,1366505391,1352746810
297413,173,175,348,1401614836,1357531339,1341580969
297913,151,151,302,1398057608,1359498436,1347670374
298413,167,168,335,1395147169,1354320036,1336051328
298913,159,156,315,1401803204,1370603158,1361502308
299414,168,168,336,1397174125,1364497254,1349782977
299914,166,168,334,1385516814,1350759850,1338429436
300414,169,169,338,1385940023,1352792092,1340086261
300914,153,152,305,1389697256,1355122371,1342577007
301414,173,173,346,1393762887,1358353360,1341901456
301914,174,175,349,1388636684,1352640641,1339355513
302414,159,159,318,1391219197,1357610991,1343807558
302914,177,176,353,1390609008,1351347670,1334907824
303415,156,155,311,1390623193,1352615810,1339656788
303915,170,172,342,1385581566,1348783683,1331982813
304415,162,161,323,1386719089,1347527114,1329309885
304915,157,158,315,1402048521,1364857213,1351398450
305415,167,165,332,1391888902,1354491122,1342105711
305915,170,171,339,1397425923,1370096734,1354415752
306415,158,158,318,1406954872,1365819057,1353576939
306916,173,172,345,1396402395,1360784573,1348030175
307416,170,172,342,1407089957,1372914523,1356763101
307916,158,156,314,1394883380,1362829357,1354942412
308416,166,167,333,1407760699,1375014056,1359847422
308916,148,147,295,1407222551,1374136455,1363728438
309416,145,147,292,1409932055,1381536926,1368605490
309916,170,169,339,1396298820,1364282255,1354867933
310417,165,166,331,1397863741,1364684494,1349866567
310917,161,159,320,1392169225,1361014576,1353308237
311417,163,165,328,1395260576,1361696164,1343342717
311917,165,164,329,1404352942,1371938314,1362424742
312417,154,154,307,1389193381,1364661297,1351127867
312917,155,156,311,1401398036,1368960152,1356226847
313417,159,158,318,1405824459,1368205822,1354442187
313918,158,157,315,1399973363,1360804582,1343648816
314418,157,158,315,1391754618,1357894121,1346208532
314918,168,168,336,1396455218,1363021843,1350617900
315418,163,163,326,1401899749,1370891087,1358378938
315918,162,162,324,1398473834,1365753493,1354142232
316418,155,156,311,1406297288,1374524755,1356405286
316918,162,160,322,1387006313,1354090544,1344318684
317418,154,155,309,1402967807,1372676125,1358312021
317919,165,164,329,1400888320,1366123270,1349744335
318419,153,153,306,1388239165,1350241220,1335666605
318919,161,162,323,1400674390,1364343332,1347436019
319419,157,158,315,1403330869,1369085224,1354201303
319919,161,162,323,1394345894,1353848594,1333463437
320419,165,162,327,1395259446,1360497684,1347901103
320919,151,151,302,1379440739,1347144247,1336769053
321419,165,168,333,1397604044,1366069929,1349383699
321920,160,159,319,1390791923,1356835234,1341819669
322420,164,162,326,1382565006,1345757533,1335886278
322920,177,179,356,1409599059,1370185467,1353535162
323420,160,159,319,1395523538,1354779183,1340134790
323920,155,154,309,1398797776,1367128405,1353903378
324420,171,171,342,1396958941,1363401156,1348233258
324920,167,167,334,1397063129,1359988955,1345619136
325421,167,169,336,1385370544,1348473112,1333137909
325921,153,153,306,1399709629,1365276465,1349865882
326421,167,166,333,1399072498,1363045928,1349162826
326921,159,159,318,1402873644,1366719218,1351846158
327421,163,164,325,1384509551,1358470381,1344106919
327921,163,164,329,1406415071,1358070880,1341206819
328421,148,146,294,1399313589,1366409982,1356134676
328922,149,148,297,1398545538,1363868660,1352464664
329422,167,169,336,1402712317,1362642838,1345635870
329922,158,157,315,1409480358,1376878980,1364151628
330422,148,147,295,1400312793,1370124487,1362649268
330922,144,147,291,1411988043,1380927374,1364097002
331422,165,164,329,1398837057,1363798675,1346223130
331922,157,157,314,1395262836,1361111438,1348151013
332423,166,166,332,1386974323,1352454125,1339629378
332923,169,169,338,1391687977,1354792705,1340641251
333423,162,161,323,1394108589,1359437314,1344353511
333923,153,152,305,1402391782,1368063801,1353910434
334423,169,170,339,1386084782,1346175033,1331800114
334923,177,176,353,1370953963,1325042709,1312207724
335423,176,178,354,1382245081,1341581288,1324823741
335924,157,156,313,1405996981,1368397944,1352692070
336424,159,160,319,1397436165,1356593394,1336438760
336924,149,149,298,1395996222,1357666386,1346057731
337424,175,174,349,1391708117,1349268380,1338899749
337924,171,172,343,1385790462,1345065428,1337415351
338424,159,157,316,1395178311,1356232399,1339976611
338925,175,175,350,1397939245,1351290085,1336427042
339425,166,166,332,1398094757,1354370541,1342951876
339925,157,158,315,1390091112,1349095311,1334972773
340425,167,166,333,1396926545,1352978478,1340548803
340925,162,164,326,1403083399,1357112702,1342869505
341426,181,181,362,1395691519,1345305546,1330476730
341926,165,163,328,1396114757,1349007759,1330505829
342426,155,158,313,1395908199,1345757258,1331794013
342926,164,163,326,1404991205,1359862460,1346105314
343427,174,174,349,1415127361,1355977019,1338797185
343927,148,147,295,1413663976,1363358302,1350793739
344427,170,171,341,1409385917,1353721361,1337659588
344927,165,164,329,1407798191,1356872778,1344355823
345427,152,151,303,1405547201,1355743625,1338063872
345927,165,166,331,1405203564,1346417745,1329069935
346429,163,163,326,1404994804,1350165334,1333634626
346929,153,154,307,1423057442,1367577409,1353589067
347430,175,173,348,1409086534,1348262875,1333735421
347930,159,161,320,1408429499,1357139021,1342571537
348430,162,162,324,1407957811,1350617393,1336136667
348930,152,152,304,1395601028,1339796108,1325961704
349430,160,159,319,1403568884,1345160492,1334703379
349930,161,161,322,1421578235,1366390351,1350670686
350430,184,183,367,1390152237,1324193912,1310364191
350931,157,158,315,1400448635,1347342908,1330691218
351431,145,145,290,1420326216,1358725860,1344466970
351931,131,131,262,1416541267,1358867345,1354049361
352431,155,155,310,1415123583,1358912932,1341202544
352931,156,155,311,1407727348,1355148611,1337099368
353431,178,178,355,1398552172,1343168672,1324912712
353932,155,157,313,1411270549,1346143612,1331681470
354432,176,176,352,1393057819,1334811859,1319965008
354932,143,143,286,1403635207,1368970440,1355743697
355432,154,153,307,1397694709,1364668054,1351880023
355932,159,158,317,1393469571,1362253851,1348405966
356432,174,175,349,1389160930,1354062043,1335522887
356933,173,172,344,1385365822,1355721521,1342077547
357433,162,164,327,1397218460,1358295278,1340742514
357933,164,163,327,1389260667,1353285712,1340206666
358433,158,160,318,1402628441,1364867024,1348783463
358933,158,157,315,1397477375,1360345537,1347076190
359433,187,185,372,1393887036,1355263527,1337682830
359933,154,154,308,1386810097,1354356275,1344505554
360433,156,157,313,1382917588,1310012193,1291926007
360934,167,167,334,1391275531,1350075754,1336365758
361434,164,164,327,1396255279,1363177413,1347777524
361934,157,157,315,1396821798,1355336726,1340820267
362434,164,163,327,1403802630,1364182755,1349949326
362934,175,175,350,1387632508,1346522807,1328453716
363434,158,158,316,1390763633,1356253533,1344871396
363934,173,175,348,1392015308,1353568461,1337480999
364434,165,163,328,1393375906,1358083161,1347300176
364935,172,172,344,1382770016,1346674326,1336758054
365435,169,170,339,1403142992,1369125052,1350950050
365935,176,176,352,1389185666,1356769878,1347573461
366435,166,168,334,1403643984,1372300255,1356647716
366935,160,158,318,1386801867,1354263090,1341735461
367435,176,176,352,1396196788,1360121920,1344882014
367935,163,162,325,1382004668,1348013094,1340360664
368435,172,173,345,1391596629,1359621347,1344726173
368936,170,171,341,1396717067,1363694512,1349160840
369436,167,167,334,1393892700,1363282590,1352411976
369936,157,155,312,1393238841,1359416568,1344281460
370436,175,177,352,1386543189,1348314852,1333880295
370936,163,161,324,1388421259,1354674081,1338350486
371436,165,167,332,1391375675,1354952619,1340866042
371936,156,156,312,1398244275,1363134871,1347669642
372437,154,154,308,1388861433,1352681526,1339570364
372937,175,173,348,1387200343,1351238177,1338655449
373437,164,166,330,1390543155,1359246027,1348659361
373937,157,157,314,1406102892,1373597894,1360959966
374437,158,156,314,1393663646,1360267236,1353112493
374937,169,169,338,1390356813,1357763131,1345605042
375437,160,162,322,1402165802,1372170224,1357389078
375938,191,190,381,1382725874,1347941577,1336272093
376438,176,177,353,1390097024,1358953110,1345398982
376938,167,166,333,1384032717,1352044876,1336667905
377438,164,163,327,1388149425,1353629210,1341127257
377938,156,158,314,1395448204,1357631838,1340181868
378438,179,177,356,1386234708,1350831706,1339379960
378938,169,170,339,1388086835,1354414605,1336110490
379439,171,171,342,1388703055,1355673844,1344744683
379939,161,160,321,1393868839,1363112452,1349006418
380439,179,181,360,1380318830,1344716872,1328398523
380939,162,161,323,1400512445,1370497080,1357219836
381439,164,164,328,1393196673,1355954768,1344310588
381939,170,171,339,1390120047,1371074230,1356810394
382439,164,163,329,1396039581,1349522452,1333588347
382940,156,158,314,1389049251,1353458955,1336502900
383440,168,165,333,1382652429,1344413302,1334550922
383944,160,161,321,1400649611,1364326298,1346579454
384444,166,166,332,1384379233,1344650901,1328540941
384944,147,148,295,1396899554,1360814590,1346733323
385444,157,157,314,1392683599,1359061085,1343437524
385944,162,161,323,1392175069,1354666816,1333914687
386444,159,160,319,1389036914,1356505296,1343314242
386944,161,160,321,1393603204,1358035193,1348322448
387445,150,152,302,1408906928,1368989587,1350642881
387945,161,158,319,1388934944,1348152594,1339344430
388445,160,161,321,1395105258,1356141243,1337928346
388945,160,159,319,1386799247,1355256151,1345746292
389445,164,165,329,1394900457,1363990782,1346661627
389945,156,157,313,1392364080,1361790449,1351090634
390445,151,152,303,1405790442,1374638294,1361398809
390945,157,155,312,1396474330,1365497247,1355975752
391446,162,162,324,1397635796,1364793688,1353051380
391946,168,168,336,1391669693,1360379007,1347527754
392446,167,169,336,1394788100,1362003134,1347788334
392946,152,151,303,1406040682,1376969009,1366041953
393446,142,140,282,1403777981,1376835787,1366030755
393946,143,145,288,1410067857,1384302321,1373531659
394446,151,149,300,1417730653,1387919821,1378223412
394946,151,154,304,1399376601,1372535913,1356788155
395447,162,161,324,1407215710,1371045178,1359078881
395947,154,155,309,1397940122,1366620136,1356060706
396447,173,171,344,1384485364,1350745249,1341422413
396947,157,157,313,1390401188,1362383469,1352763947
397447,156,158,315,1391574113,1354627105,1337636651
397947,160,158,318,1390255116,1352987204,1340373437
398447,152,151,303,1388079666,1352892095,1339799504
398947,159,161,320,1386834427,1350493900,1337337207
399448,160,158,318,1393427467,1358494346,1342702099
399948,160,162,322,1389507722,1354930204,1338283725
400448,170,168,338,1379947237,1344099757,1331781352
400948,163,164,327,1377049640,1341675823,1327635820
401448,166,166,332,1383802593,1346965725,1332542376
401948,164,164,328,1386755415,1351350547,1336884946
402448,163,164,327,1397651885,1362884800,1349561672
402949,167,167,334,1394241312,1361344693,1348890024
403449,171,171,342,1387171554,1354446708,1341298724
403949,160,159,319,1385342766,1354352179,1339966947
404449,171,171,342,1399339807,1367567485,1356234335
404949,162,162,324,1409205662,1378468596,1364425390
405449,159,158,317,1393441700,1362314706,1352257954
405949,181,184,365,1398080259,1363081341,1346884510
406450,180,178,358,1393102149,1354672902,1341559197
406950,164,163,327,1390829536,1358044308,1344396425
407450,165,166,331,1394158876,1355596370,1342639467
407950,158,158,316,1406263057,1372313067,1356892430
408450,185,184,369,1396322302,1361010942,1348087923
408950,160,161,321,1385215801,1347071776,1335029275
409450,163,162,325,1393063417,1356536988,1337422064
409951,159,161,320,1399521172,1364722947,1348751347
410451,166,164,330,1388088903,1350712520,1339888820
410951,161,162,323,1399604341,1366086100,1348156661
411451,178,178,355,1395427569,1364017648,1348192235
411951,161,160,322,1393982300,1356904843,1345449107
412451,166,166,332,1391499978,1359628011,1346744593
412951,174,175,349,1396393534,1359852220,1341412421
413451,173,173,346,1388984720,1354145646,1339860430
413952,175,175,349,1381060673,1354006089,1340727021
414452,163,163,327,1386512681,1347262717,1336719560
414952,162,162,324,1376746827,1344792449,1333648575
415452,148,149,297,1405826484,1376170694,1356674244
415952,147,146,293,1410397367,1381564601,1370906302
416452,164,164,328,1403499478,1367469579,1354337499
416952,165,165,330,1397089636,1364595537,1353298522
417452,159,159,318,1405402631,1373957091,1363073992
417953,166,167,333,1396428057,1360025782,1345185394
418453,167,166,333,1409021047,1371508936,1357733961
418953,168,169,337,1379114586,1341532849,1330324754
419453,164,164,328,1406144377,1370939322,1358227927
419953,155,156,311,1403980999,1374442152,1361344844
420453,180,178,357,1399482681,1369307354,1357583932
420953,171,172,344,1398208375,1363578860,1351988656
421454,164,164,328,1407147133,1374663958,1362307546
421954,180,179,359,1397164630,1363223895,1351576029
422454,161,161,322,1407462105,1373858400,1358728539
422954,171,172,343,1405241566,1370840501,1356882679
423454,185,184,369,1390367885,1350858898,1336583573
423954,164,164,328,1395179833,1361217943,1348431014
424454,165,166,331,1399502187,1362717090,1346290967
424954,163,163,326,1390445696,1356786852,1347939269
425455,163,161,323,1406885348,1375780983,1361423087
425955,184,184,369,1396943312,1352674370,1330460616
426455,161,162,323,1392236536,1361613614,1351110644
426955,172,172,344,1389549735,1357402362,1336733148
427455,163,165,328,1415089124,1382814130,1368481388
427955,160,158,318,1400582677,1368972451,1356214965
428455,178,178,356,1396134960,1359597094,1344044746
428955,169,170,339,1402328955,1366206743,1346887985
429456,156,157,313,1406247778,1375010765,1363215331
429956,170,168,338,1393863332,1361610743,1353268286
430456,173,174,347,1397012803,1361968799,1346106840
430956,164,163,327,1396709419,1365601817,1353607783
431456,187,188,375,1389853957,1354570738,1337356657
431956,157,156,313,1405137033,1376091450,1367164823
432456,165,166,331,1405409669,1374261873,1361172783
432957,169,168,337,1399023588,1367740324,1355513927
433457,149,149,298,1399017664,1366330948,1354494000
433957,161,160,321,1409796907,1375888064,1360915635
434457,172,173,345,1400561239,1366304671,1350940231
434957,166,165,331,1399743766,1363787792,1348702730
435457,171,172,343,1402452108,1364786862,1351367533
435957,149,150,299,1402725770,1367134804,1352683500
436457,152,152,304,1408112559,1370781396,1357675232
436958,142,142,284,1404455401,1366873311,1354827081
437458,153,153,303,1396300215,1363313461,1360609733
437958,176,175,354,1402503216,1354527023,1333360304
438458,164,166,330,1397156949,1357821286,1340487226
438958,178,175,353,1389201656,1350736485,1338493717
439458,147,148,295,1404007651,1370636194,1355568019
439959,184,184,368,1379665850,1339757813,1326257910
440459,158,157,315,1392202063,1356495509,1341665563
440963,179,180,358,1389498343,1351044701,1334935944
441463,156,157,314,1397244116,1360889245,1347414134
441963,165,164,329,1381779494,1342689076,1326555421
442463,154,156,310,1395745221,1358559050,1344649888
442963,173,172,345,1384492707,1346388750,1333107904
443464,159,159,318,1389588482,1353287485,1339383260
443964,163,161,324,1392612574,1354565956,1342740436
444464,155,158,313,1390313783,1355359421,1338954410
444964,167,166,333,1390348794,1350291776,1334778961
445464,163,162,325,1385591113,1350493355,1340918738
445964,169,168,337,1390462593,1354703202,1341207757
446464,155,157,312,1397964448,1364901803,1352955641
446964,167,166,333,1394178742,1354729019,1338406073
447465,152,151,303,1386879396,1351601005,1343918027
447965,174,175,349,1396471928,1351522070,1330343733
448465,165,166,331,1390498901,1353061108,1338434799
448965,160,159,319,1390529368,1352405132,1340413338
449465,148,148,296,1394548704,1359912594,1346759991
449965,154,153,307,1395154844,1358815827,1344187469
450465,153,155,308,1400511565,1365106613,1347910337
450965,169,168,337,1380078161,1349079722,1337868628
451466,166,166,332,1379611709,1349573812,1339633698
451966,174,174,348,1397362144,1364653678,1347270997
452466,155,157,311,1381263811,1353775809,1338271413
452966,162,161,324,1395104732,1356729380,1344125984
453466,160,159,319,1393887710,1361561297,1350225249
453966,161,162,323,1382829460,1350112611,1336627749
454466,172,171,343,1376001078,1348002437,1337096310
454967,159,161,320,1383850882,1355198230,1342395852
455467,162,160,322,1390399457,1365964993,1358949735
455967,171,171,342,1376358786,1347652544,1337324014
456467,179,180,359,1376290844,1333890277,1320581351
456967,169,168,337,1375436101,1331698169,1322722304
457467,165,167,332,1371839734,1340948865,1328233434
457967,165,165,330,1383653770,1353798642,1343118104
458467,138,135,273,1385441911,1363446059,1360010328
458968,150,150,300,1404135540,1381739704,1369297066
459468,169,170,339,1376352670,1349164122,1337384686
459968,161,161,322,1382880910,1357550315,1347907859
460468,167,166,333,1373468664,1334223161,1319221602
460968,169,169,338,1357732069,1327258991,1318215340
461468,163,165,328,1374347802,1347643404,1332771603
461968,191,191,382,1380020255,1347147369,1335547068
462469,168,169,337,1374959955,1348772336,1338581211
462969,168,166,334,1368400032,1338328197,1327584954
463469,172,173,345,1383020087,1355037472,1340449296
463969,166,165,331,1369353986,1344468571,1335159467
464469,148,148,296,1384017442,1357856233,1347942559
464969,168,167,335,1370526169,1337797422,1327355098
465469,158,159,317,1387734881,1361700478,1347544617
465970,176,176,352,1362838751,1332212253,1321184453
466470,152,152,304,1392939037,1354164196,1340876048
466970,153,154,307,1383831356,1356698692,1345943678
467470,180,179,359,1364425055,1334511216,1320165129
467970,152,151,303,1390420082,1363451452,1355262116
468470,159,161,320,1386437533,1341217141,1328018359
468971,169,169,338,1387016247,1357425024,1345972722
469471,146,146,292,1381390729,1354219481,1342860670
469971,165,165,330,1376168349,1342959512,1327987166
470471,151,151,302,1391580091,1365789986,1356016603
470971,156,155,311,1382458856,1349732430,1340572932
471471,163,162,325,1386540923,1361987107,1352954383
471971,160,162,322,1391759589,1369394903,1358200089
472471,199,197,396,1386032498,1355567672,1346955909
472971,178,178,356,1378387261,1353051847,1344010626
473472,156,156,312,1388743697,1363873768,1351014424
473972,190,191,381,1381870922,1355062310,1342736837
474472,158,158,316,1384349215,1358831292,1350449924
474972,177,177,354,1391578917,1366483107,1354740428
475472,151,153,304,1388261590,1367751876,1353934764
475972,173,171,344,1379364909,1354127611,1346094127
476472,174,176,350,1382823906,1354420615,1338218990
476973,156,156,311,1383143455,1360920534,1354557813
477473,170,168,339,1374045572,1350376926,1339819428
477973,179,180,359,1381790290,1354509990,1343599211
478473,182,183,365,1369876686,1344369888,1333006089
478973,164,162,326,1374807935,1350150135,1341853106
479474,161,160,321,1379110797,1356217397,1346665218
479974,166,166,332,1372239354,1341693687,1330647891
480474,171,172,343,1375642678,1349267980,1339021679
480974,160,159,319,1384643150,1358617702,1345474007
481474,178,180,358,1380604748,1348688414,1335608159
481974,169,167,336,1385636766,1340532760,1331401125
482474,161,163,324,1385032482,1346272874,1324352978
482975,174,172,346,1366383431,1340408085,1333050248
483475,166,167,333,1382382592,1357810382,1344331538
483975,161,160,321,1372996091,1350352104,1341853778
484475,157,158,315,1378966337,1355003510,1347306942
484975,170,171,341,1385947134,1359444698,1345932177
485475,182,180,362,1390986683,1361445021,1348368179
485975,174,175,349,1380393137,1355454565,1344377511
486475,164,165,329,1384762071,1362121323,1353115665
486976,182,183,365,1364292769,1336243851,1324059081
487476,172,170,342,1393427752,1370743208,1361676812
487976,161,163,322,1367531291,1355778153,1350192916
488476,164,162,327,1392649334,1363690724,1350039604
488976,170,169,340,1388955022,1356027599,1347401499
489476,156,158,314,1390902676,1369803821,1359777749
489976,164,162,325,1375795365,1359543269,1349426634
490477,163,163,327,1403787882,1372241899,1362511141
490977,168,168,336,1391256273,1368280285,1359391549
491477,155,156,311,1383410087,1356077374,1347170391
491977,168,168,336,1405553627,1380972583,1368899828
492477,171,171,342,1380938404,1351283158,1342470173
492977,172,172,344,1398575251,1373246602,1361442866
493477,156,155,311,1389189067,1363938661,1355541443
493978,169,169,338,1391173789,1366349867,1358310031
494478,151,152,303,1395280551,1371524070,1360057048
494978,165,165,330,1382521112,1347057674,1327341089
495478,162,162,324,1380506838,1352877001,1345085498
495978,167,167,334,1398992078,1370102786,1354045927
496478,172,172,344,1390827958,1364759148,1354398326
496978,189,190,379,1383076418,1352402704,1342623539
497479,163,161,324,1380021911,1355027212,1347519639
497979,151,151,302,1386801974,1362960596,1353136481
498479,167,169,336,1391216836,1363055241,1344987726
498979,168,167,335,1369446385,1341670175,1332503085
499479,169,169,338,1384491756,1353181552,1343057215
499979,149,150,299,1383700173,1359064791,1347401158
500479,157,156,313,1390022201,1362346006,1354028993
500980,143,142,285,1412951691,1390851279,1381500368
501480,129,131,260,1410965044,1392117699,1382886299
501980,155,156,311,1403910973,1376566009,1363168058
502480,162,160,322,1388007957,1362674605,1352886013
502980,152,151,303,1388507108,1360786794,1352917170
503480,180,180,360,1388418951,1360012832,1349381048
503980,173,176,349,1395867042,1370880059,1356583178
504480,165,163,328,1396082938,1367015180,1356056184
504981,174,175,349,1389053000,1360957239,1350263098
505481,147,145,292,1366313660,1341099253,1334980076
505981,148,150,298,1413125135,1371024956,1356565360
506481,170,169,339,1407452348,1352247208,1337984167
506981,167,166,333,1402135583,1349150190,1339357955
507481,163,163,326,1402322543,1352236827,1338705495
507981,153,155,308,1394458062,1347564176,1332440327
508481,162,161,323,1402202139,1354103002,1338994195
508982,177,177,354,1390187058,1356843114,1344151062
509482,169,169,338,1390619441,1357718290,1347237670
509982,162,162,324,1380503182,1349092047,1333057223
510482,164,164,328,1393774375,1364267559,1353263722
510982,156,156,312,1394604281,1365457589,1353136953
511482,157,157,314,1395243099,1360548049,1350341914
511982,178,179,357,1381525528,1347801373,1335210540
512483,169,170,339,1397805060,1364542888,1349994947
512983,168,167,335,1377571055,1346017729,1334115655
513483,153,151,304,1383882056,1355895452,1347080158
513983,161,162,323,1397688230,1367235659,1352124917
514483,170,170,340,1381070200,1349791308,1336086422
514983,169,170,339,1379120786,1347606087,1335908974
515483,159,159,318,1390803638,1360773862,1350062213
515983,165,163,328,1390490262,1354333762,1339858968
516484,158,159,317,1386240750,1352752194,1340023882
516984,167,166,333,1391351228,1357820581,1325193279
517484,163,166,329,1388357965,1354863583,1341323841
517984,168,166,334,1378263522,1342286914,1331203663
518484,165,164,329,1379385413,1348732469,1337770865
518984,166,167,333,1387038992,1355326126,1338099146
519484,165,165,330,1352337987,1318523589,1306680509
519985,151,150,301,1417807392,1387051855,1378118075
520485,159,160,319,1390954236,1360050956,1341594286
520985,167,168,335,1381623480,1351081280,1340329189
521485,162,161,323,1390436347,1360055968,1353934859
521985,168,169,337,1419164924,1384379567,1358141727
522485,154,153,307,1399553152,1366289074,1355296310
522985,142,143,285,1407472072,1376418078,1362984714
523485,146,146,292,1407096368,1374034251,1361545059
523986,168,169,337,1392028321,1355792994,1338638906
524486,155,152,307,1396376458,1363751668,1351978432
524986,166,167,333,1397256690,1363534577,1353222676
525486,155,155,310,1396562430,1360596131,1346024413
525986,164,166,330,1406615503,1374847243,1360288481
526486,166,165,331,1401177808,1363942636,1351077775
526986,162,161,323,1403566419,1366389519,1355955429
527487,169,170,339,1411368117,1372523961,1358430960
527987,172,171,343,1397099190,1358490095,1349708585
528487,161,162,323,1411910756,1373699153,1356140583
528987,159,160,319,1415059265,1374113350,1360023373
529487,158,158,316,1386809346,1345865226,1332615673
529987,161,161,322,1425572185,1380178598,1368927637
530487,156,155,311,1407024331,1379145485,1367469053
530987,167,168,335,1391476339,1355694534,1343279874
531488,163,163,326,1398681122,1368320618,1356408194
531988,155,153,308,1397463629,1367211619,1355961256
532488,160,161,321,1392541901,1360015785,1347864503
532988,165,164,329,1399117794,1366528191,1355422364
533488,166,166,332,1389547394,1356016710,1344449695
533988,159,159,318,1380986239,1349989113,1336191055
534488,163,163,326,1392302651,1359691243,1345556926
534988,155,155,310,1401830739,1366986981,1356641438
535489,159,160,319,1405890502,1369894567,1350048979
535989,152,153,305,1396085631,1360975258,1341963934
536489,178,175,353,1405917427,1372951912,1360035737
536989,171,171,342,1405145049,1373410215,1359649649
537489,172,174,346,1401246863,1369750804,1358111040
537989,157,158,315,1393802252,1362647545,1349552561
538489,157,156,313,1401214912,1368875963,1356806769
538989,162,162,324,1396077517,1363332258,1352701201
539490,168,167,335,1385872687,1350584952,1335554249
539990,156,157,313,1394149196,1361454070,1348182336
540490,171,170,341,1390798589,1358064131,1345383843
540990,174,175,349,1383100611,1350147868,1335639029
541490,155,156,311,1397588555,1365219937,1353040783
541990,159,156,315,1391887141,1359169606,1347483855
542490,171,171,342,1380748142,1345865108,1333819777
542990,161,162,323,1404152891,1372645309,1357495446
543491,163,164,327,1398438726,1367423192,1355621400
543991,163,161,324,1406783729,1375062176,1364939150
544491,167,168,334,1388796154,1360371982,1347487549
544991,180,179,360,1382263574,1344928701,1331920657
545491,163,166,329,1403285975,1373793569,1360565603
545991,165,164,329,1397930373,1360218550,1345431056
546491,162,161,323,1407891491,1369558507,1352964682
546991,163,162,325,1387525847,1352514180,1340765021
547492,162,163,325,1415222975,1376882045,1356259974
547992,161,162,323,1406974287,1373359534,1358048083
548492,162,162,323,1407217226,1377314005,1363426673
548992,152,152,305,1387748978,1355960573,1343833647
549492,156,156,312,1408006531,1375660753,1360657357
549992,153,154,306,1392360138,1364348747,1351163133
550492,159,156,316,1400392376,1357907721,1346666394
550993,159,161,320,1402391497,1366703359,1346152301
551493,156,157,313,1407984401,1375096926,1362407413
551993,161,160,321,1407350204,1373568702,1359841771
552493,162,160,322,1394634111,1357087056,1345936996
552993,163,163,326,1396511455,1364706440,1351266623
553493,156,158,314,1405426100,1376448978,1362294802
553993,162,161,323,1390464887,1360223498,1353027928
554493,161,162,322,1405723828,1379689587,1367069841
554994,163,162,326,1394826479,1360095484,1348729937
555494,164,164,328,1389737301,1359058628,1347122649
555994,155,157,312,1397513603,1365231925,1352694946
556494,184,182,366,1390646322,1358062112,1347467658
556994,161,160,321,1397763364,1366330774,1352874068
557494,163,165,328,1401645605,1369721074,1353002839
557994,171,171,340,1381300734,1351893245,1335246313
558494,162,161,325,1404017558,1366571587,1355377759
558995,167,168,335,1405332537,1373476915,1359927085
559495,171,171,342,1392556577,1358401872,1345158567
559995,152,151,303,1399314639,1368190992,1358260161
560495,165,165,330,1394914328,1359653165,1344331165
560995,177,179,356,1388759954,1355160946,1342123841
561495,168,166,334,1395383799,1358802554,1348650080
561995,167,167,334,1397211211,1364412943,1349854338
562496,174,173,347,1393551826,1360120035,1348306557
562996,165,167,332,1394808856,1362476649,1348532604
563496,177,175,352,1387767683,1349452248,1336202210
563996,159,160,319,1393965445,1361028484,1340311420
564496,171,172,343,1391076513,1355615593,1342398345
564996,165,164,329,1401484727,1369921325,1353648753
565496,162,163,325,1397194249,1365533905,1351612313
565996,172,171,343,1390658129,1357219195,1347687230
566497,167,169,336,1388543078,1354500592,1336693763
566997,154,153,307,1407733931,1374689989,1360622015
567497,175,175,350,1385463897,1350643392,1339950998
567997,162,160,322,1393123160,1361691793,1348972775
568497,148,151,299,1401523198,1371159481,1355729416
568997,169,168,337,1389621357,1356096888,1342015351
569497,170,170,340,1379062307,1344670873,1330523703
569997,151,150,301,1402307862,1372254521,1361964998
570498,164,163,327,1394741792,1363071489,1349547406
570998,162,164,326,1383438215,1352400373,1341065322
571498,160,160,320,1391016277,1362319049,1351242233
571998,183,182,365,1388142756,1350288321,1337390970
572498,165,167,332,1386213197,1350741267,1334868116
572998,168,166,333,1386676265,1355800161,1340601522
573498,164,163,328,1395467609,1361382332,1352473171
573999,166,167,333,1396108756,1366784882,1346558729
574499,169,170,339,1393462177,1362718903,1351894660
574999,167,167,334,1397254153,1363957015,1350201499
575499,152,152,304,1387807365,1355571017,1345414840
575999,173,173,346,1389758129,1351789890,1337140075
576499,174,172,346,1385607358,1352494122,1341687881
576999,160,162,322,1388687506,1356468110,1344071162
577499,160,159,319,1399280246,1369354034,1353037834
578000,176,175,351,1377256183,1346158283,1338064699
578500,170,172,342,1387020466,1356663033,1340419429
579000,164,162,326,1393762620,1362834888,1352856889
579500,154,155,309,1400758318,1371412178,1357647807
580000,157,157,314,1397084998,1362569235,1350073583
580500,155,157,312,1393435530,1363537567,1350065723
581000,163,162,325,1392306530,1362098069,1347160423
581500,184,182,366,1388858799,1354167163,1340922999
582001,156,158,314,1397597074,1367655021,1357466758
582501,163,163,326,1390540121,1360024765,1342227381
583001,167,167,334,1404746905,1374167164,1362172181
583501,181,182,363,1390081295,1356417909,1342137238
584001,157,155,312,1397643905,1368000401,1358236764
584501,177,176,353,1380562080,1345241947,1328698681
585001,152,152,304,1390832486,1360775115,1349928427
585501,167,167,334,1395621884,1362733110,1346910344
586002,154,156,310,1385340178,1355632231,1345168001
586502,153,154,307,1390701684,1360550101,1348110254
587002,152,149,301,1400227118,1372492105,1361904511
587502,166,167,333,1390624524,1357635356,1342045478
588002,158,157,315,1392198857,1362026194,1353183102
588502,173,174,347,1393466090,1362610575,1348133643
589003,166,167,333,1394694679,1364243990,1352176715
589503,163,164,327,1392081788,1359893613,1344283538
590003,150,149,299,1406276608,1377771459,1368291461
590503,167,165,332,1385532460,1353558565,1343695717
591003,163,165,328,1404586967,1374922013,1360785931
591503,169,167,336,1384644172,1346754230,1332142150
592004,168,168,336,1391689539,1361042603,1347868543
592504,163,165,328,1395715164,1365668952,1350937985
593004,159,158,317,1389249256,1360361974,1350890854
593504,174,174,348,1392141136,1360521967,1345568925
594004,164,163,327,1382977521,1351576667,1340544598
594504,150,152,302,1393304768,1362829701,1351056245
595004,171,171,342,1377746743,1347238393,1334991709
595505,160,160,320,1402974356,1372229086,1360348542
596005,175,173,348,1386506001,1353110613,1338466067
596505,169,169,338,1390488623,1353548244,1337592905
597005,146,149,295,1397010375,1365391601,1350412072
597505,180,178,358,1379956794,1344630637,1333088246
598005,178,178,356,1381783070,1348227481,1335553168
598505,155,156,311,1398311588,1366501516,1352884388
599005,169,168,337,1380751736,1346937200,1335652970
599506,171,171,342,1396069077,1357475859,1339997768
600006,151,151,302,1384970710,1355855392,1345517255
600506,189,189,378,1381825415,1345917062,1333472333
601006,155,156,311,1386048146,1356114317,1342626426
601506,169,169,338,1394731308,1364066147,1350625951
602006,173,172,345,1382397578,1350538395,1340351423
602506,148,149,297,1402970616,1375900540,1361493029
603006,171,169,340,1377766662,1343523609,1336748810
603507,172,172,344,1387801168,1355651338,1341488555
604007,156,158,314,1388318656,1353075135,1337895998
604507,164,162,326,1401760223,1370421682,1356214046
605007,170,172,342,1386021072,1350999159,1337417891
605507,153,153,306,1398076885,1369908733,1359551206
606007,184,182,366,1387137824,1354627489,1341685377
606507,157,159,316,1405092797,1373588132,1356806021
607007,156,155,311,1400966279,1366511832,1352341908
607508,177,177,354,1388148193,1348958737,1337256339
