16300,129,129,259,1316370505,1218378083,1164951708
16800,131,132,263,1343325443,1265320802,1216790795
17300,113,112,225,1347138392,1219740190,1180221481
17801,118,118,235,1376477138,1259521486,1224540384
18301,106,105,212,1353033510,1223332544,1183734476
18801,121,121,242,1344742835,1213624337,1178491314
19301,114,114,228,1319755146,1161380439,1112227345
19801,121,123,244,1349353665,1221648618,1187156036
20302,121,120,241,1337870514,1231969247,1207711044
20802,114,112,226,1347067303,1224699421,1193843105
21302,133,133,266,1330468515,1235524420,1209549471
21802,119,120,239,1349502059,1226427142,1195809900
22303,133,135,268,1370003061,1291708948,1259904782
22803,138,137,275,1356118239,1293857341,1276655578
23303,137,135,271,1362649270,1270129380,1252010915
23803,137,137,275,1363413992,1251478095,1231311251
24303,140,142,282,1353507701,1263992607,1238433632
24804,148,149,297,1366059237,1285053392,1261302381
25304,138,137,275,1370734012,1297680749,1274168850
25804,144,142,286,1378202128,1327351932,1304300919
26304,159,160,319,1380815539,1326944441,1302205196
26804,158,158,316,1372344919,1307865422,1285452836
27304,134,135,269,1369621274,1301582651,1275114113
27804,141,141,282,1349648104,1278903608,1260302942
28305,144,144,288,1361093321,1295896725,1274106072
28805,152,150,302,1342765380,1255807965,1230828175
29305,151,153,304,1368488023,1303070135,1278389009
29805,150,148,298,1334346273,1271021524,1256872076
30305,130,132,262,1363617826,1297544944,1268962540
30805,145,143,288,1350561720,1286574568,1267244811
31305,147,148,295,1342523986,1281125106,1259197770
31805,145,145,290,1331956120,1266470309,1247459862
32306,138,137,274,1343678394,1281477860,1259939913
32806,150,151,302,1342992845,1271305259,1250784818
33306,147,148,295,1341179200,1275018717,1252588540
33806,146,145,291,1337520828,1271821405,1246997584
34306,145,145,290,1361270654,1314471049,1296918953
34806,134,133,267,1349997470,1302681299,1291016727
35307,143,144,287,1374308012,1314403022,1290272634
35807,138,139,277,1352969393,1303687673,1288029643
36307,121,121,242,1394570876,1354579908,1339180650
36807,127,128,255,1395739096,1348891574,1330955512
37307,154,153,307,1344545639,1289629723,1272813010
37807,170,169,339,1343860895,1285801097,1267514801
38307,147,148,295,1351196410,1293418171,1276600030
38808,150,150,300,1364266381,1308813285,1290772015
39308,157,156,313,1383074014,1331260377,1313596771
39808,135,136,271,1408550504,1373425489,1359160768
40308,138,137,275,1399872620,1366523418,1356051116
40808,146,147,293,1397848698,1355316923,1336484327
41308,163,163,326,1380529629,1328980945,1308391654
41808,150,150,300,1393064167,1342046641,1324620368
42308,148,147,295,1393647677,1345058878,1329151987
42809,167,168,335,1389557963,1332213655,1312747241
43309,146,145,291,1387283202,1336814146,1319999834
43809,152,152,304,1388633208,1336029173,1313063405
44309,167,167,334,1382424780,1328801162,1308168714
44809,141,141,282,1393656523,1346876778,1330971590
45309,161,160,320,1379968525,1325378214,1305372116
45809,154,156,311,1382019105,1330794299,1309739195
46310,151,150,301,1403384263,1349944310,1332879265
46810,158,159,317,1382438821,1328790436,1310736537
47310,152,152,304,1392430987,1342811373,1325647365
47810,152,151,303,1387247567,1337301446,1318309256
48310,146,146,292,1385122689,1331291167,1312389387
48810,163,164,327,1381183901,1323518183,1305180674
49310,141,141,282,1385583912,1333001451,1316133694
49810,164,162,326,1363945880,1309557938,1294118442
50311,149,151,300,1380542367,1330764760,1300923142
50811,152,151,303,1380616209,1339761784,1328295520
51311,153,153,306,1391083378,1353450323,1337571900
51811,159,158,317,1371339779,1322336784,1308368545
52311,150,150,300,1375726941,1324042410,1307908754
52811,157,158,315,1369833263,1313358160,1296262088
53311,161,161,322,1377672842,1326934924,1312889788
53812,154,154,308,1385161676,1348750602,1331878361
54312,149,150,299,1377082286,1332829688,1316933788
54812,155,153,308,1380815619,1335594506,1319718600
55312,143,145,288,1398430152,1363693025,1348399597
55812,157,156,313,1397560542,1362373058,1350055726
56312,161,162,323,1403376095,1363258634,1346523056
56812,154,154,308,1376970564,1327651986,1314092402
57312,145,146,290,1387734148,1345880658,1330154903
57813,145,144,290,1397512092,1340597117,1328066517
58313,146,145,290,1383290060,1335057144,1320810770
58813,154,154,308,1384853622,1333277037,1311800586
59313,145,146,292,1396909574,1340840330,1324983481
59813,149,148,297,1390761344,1340123767,1324824226
60313,135,135,270,1296937493,1252747464,1234621900
60813,70,70,140,1545893173,1518211534,1509391500
61314,154,156,310,1390263963,1338386473,1320539620
61814,140,139,279,1376793021,1327968159,1313656350
62314,147,147,294,1375768946,1327662678,1313268378
62814,161,161,322,1388152173,1334974602,1317850696
63314,144,143,287,1388029069,1335426898,1322445537
63814,149,149,298,1388868058,1339846274,1324500244
64314,149,150,299,1383036901,1328270533,1311577221
64815,151,150,301,1388364041,1319201169,1303266064
65315,149,148,297,1387219546,1332327656,1318614304
65815,142,144,285,1377462714,1331500610,1315010972
66315,148,148,297,1387329387,1331359972,1314568511
66815,147,145,292,1374470757,1323053348,1308717732
67315,155,156,311,1379852887,1329224491,1311469102
67815,148,150,298,1378026887,1326284787,1307467913
68316,147,144,290,1380856561,1334893983,1321679582
68816,154,156,311,1375289642,1325522507,1304336569
69316,134,134,268,1386954487,1341341815,1327646839
69816,147,147,294,1382327663,1329870219,1311806992
70316,141,140,280,1382101556,1330724994,1315721485
70816,139,139,279,1373165449,1318680024,1306840211
71316,132,132,264,1392828462,1346607944,1331231625
71817,155,156,311,1360625130,1310547479,1294354183
72317,140,140,280,1399086621,1353968315,1337869385
72817,145,145,290,1380391429,1336335925,1322533307
73317,135,134,269,1390034993,1346072153,1331134998
73817,166,166,332,1379556645,1320039088,1297752323
74317,125,124,249,1361438380,1321518648,1311384336
74817,104,106,210,1446217070,1409218270,1393169494
75318,111,109,220,1412104022,1370859123,1359653320
75818,109,112,221,1411930556,1372225231,1358540746
76318,115,113,228,1391104443,1352238868,1342882129
76818,131,131,262,1410606392,1366448015,1352084911
77318,102,102,204,1411110764,1374597950,1363321700
77818,111,112,223,1409053138,1368769586,1356070813
78318,97,97,194,1382031847,1348352486,1337661168
78819,99,98,197,1438506354,1404760022,1394654719
79319,106,107,213,1345440013,1306182694,1293367820
79819,93,92,185,1498755947,1467561189,1460078156
80319,88,89,177,1419321544,1383253260,1362958883
80819,87,86,173,1336517057,1304796554,1297669430
81319,125,124,248,1493042938,1458867448,1448032775
81820,85,87,173,1433817257,1399135284,1387265034
82320,121,122,243,1317230781,1273323613,1259240459
82820,149,147,296,1462936509,1417484702,1403914945
83321,169,168,337,1392658274,1351598403,1335507870
83821,155,156,311,1409906496,1372517462,1356627646
84321,154,155,309,1386299844,1336342986,1318434789
84821,153,152,305,1390807945,1337363277,1316478261
85321,150,150,300,1373954692,1325220170,1311622851
85821,156,156,312,1395542116,1334398330,1310195845
86321,134,134,268,1367605919,1316052109,1300021236
86822,155,156,311,1386113047,1327621555,1307493160
87322,155,154,309,1381690921,1322884346,1302441241
87822,147,149,296,1364815666,1284096211,1259045271
88322,146,144,290,1382110736,1318586379,1302353479
88822,138,140,276,1369124895,1300598493,1280107176
89322,150,150,302,1397093166,1340944181,1318592999
89822,160,157,317,1366268544,1305677964,1289869845
90323,146,148,292,1371284269,1323338044,1303239397
90823,140,140,282,1372529970,1281627929,1257072696
91323,133,132,265,1364835461,1281167355,1252848244
91823,138,137,275,1352882286,1275948519,1256515085
92323,138,141,279,1363453692,1281995547,1253634968
92824,150,147,297,1351216806,1267530558,1248184501
93324,119,119,238,1375049434,1291281660,1271132802
93824,131,132,263,1374373659,1300358472,1278254986
94324,162,162,324,1385338823,1332378932,1315740680
94824,157,157,314,1386008996,1337269214,1321106987
95324,148,147,295,1376997782,1325060529,1306983986
95824,154,157,311,1397984628,1361217480,1343921783
96325,145,144,289,1386380025,1353074392,1336024842
96825,160,158,318,1395919195,1354946259,1338718745
97325,158,159,317,1383821251,1347734597,1335022704
97825,166,166,332,1392178315,1358090235,1344898378
98325,149,150,299,1400836552,1366803378,1354285805
98825,166,166,332,1383575151,1345360814,1327521633
99325,157,156,313,1399188667,1366077206,1353734945
99826,167,166,333,1391290833,1352610649,1339158662
100326,146,147,293,1413656292,1378286516,1360218593
100826,159,159,318,1392887845,1356437071,1344525874
101326,147,147,294,1392803171,1348205896,1328934638
101826,149,149,298,1391226049,1337673161,1320119769
102326,155,155,310,1383518837,1324616666,1310840466
102826,149,151,300,1384706552,1331252618,1309028758
103327,151,149,300,1389374345,1331834647,1315753717
103827,147,149,296,1402451797,1351412954,1335205017
104327,157,155,312,1394874302,1340506500,1325631338
104827,155,156,311,1398167339,1344409105,1327767051
105327,154,152,306,1389907765,1337309118,1325702918
105827,148,149,297,1387963861,1332829190,1315407446
106328,146,145,291,1390623010,1335057467,1318063280
106828,138,139,277,1387826467,1336033133,1321653683
107328,144,143,287,1390369911,1340892494,1326560344
107828,168,170,338,1382396914,1324178948,1304302559
108328,143,143,286,1381758171,1332644117,1317349764
108828,152,151,302,1377256824,1319331933,1303863751
109329,152,152,305,1375029856,1328032613,1313458260
109829,150,152,302,1394228205,1359965471,1345800979
110329,147,145,292,1381702712,1348676287,1338934053
110829,151,151,301,1378904056,1339536729,1323568944
111329,153,153,307,1382941461,1348380032,1334930605
111829,155,157,312,1380767140,1343549362,1328958151
112329,155,153,308,1382865602,1346178978,1335398646
112829,147,147,294,1394365325,1359041135,1346873993
113329,159,159,318,1375948326,1339813704,1325848220
113830,133,133,266,1357254696,1301878405,1282164335
114330,147,148,295,1376107267,1327981046,1310420035
114830,150,150,300,1365443914,1316290139,1301373431
115330,142,141,283,1358961447,1311048639,1292679868
115830,130,131,261,1369225663,1323828101,1309078142
116330,149,148,297,1366170999,1314874285,1300311050
116831,137,137,274,1348166990,1299415265,1286313634
117331,144,145,289,1394167935,1342094413,1323769933
117831,141,140,281,1364990036,1317676692,1304425345
118331,146,145,291,1380149282,1336432531,1323010317
118831,150,151,301,1380666125,1335838729,1317046329
119331,146,145,291,1356766451,1306840610,1291184007
119831,145,148,293,1370980681,1319294633,1301092028
120332,138,137,275,1376038532,1323619080,1308461464
120832,120,119,239,1366535528,1313510393,1299860946
121332,104,105,209,1391477526,1329361411,1307828928
121832,138,137,275,1348576397,1265784584,1244682259
122332,122,123,245,1374176546,1299255743,1276678762
122833,125,126,250,1372561748,1308700538,1285871559
123333,112,110,223,1389255741,1314435487,1293399475
123833,133,134,267,1373497751,1292617886,1263646110
124333,140,141,280,1360916020,1286326636,1263056995
124833,151,149,301,1382588812,1314541987,1299612133
125334,134,134,268,1374709788,1298068611,1275786119
125834,144,144,288,1363553223,1303669044,1284284854
126334,128,127,255,1360931359,1293687346,1268670639
126834,135,137,272,1367684334,1290005183,1263604794
127334,136,135,271,1370538279,1291215596,1269096354
127835,136,136,272,1366688210,1285067772,1249854915
128335,131,131,262,1390523819,1329424741,1313404426
128835,136,137,273,1373354678,1304538309,1281511339
129335,123,122,244,1372961445,1304407212,1286942902
129836,129,130,260,1387181658,1302559362,1275913495
130336,123,122,245,1387990981,1317257245,1297299131
130836,131,130,261,1379153117,1311376860,1292873774
131336,132,134,266,1375412297,1306559991,1282566476
131836,140,140,280,1397619000,1340287465,1321714794
132337,138,136,274,1368818753,1299307121,1275265724
132837,133,135,268,1370535317,1288668150,1262897581
133337,135,133,268,1355052650,1275477422,1256366478
133837,133,135,268,1374232681,1294338296,1265698731
134337,139,139,278,1361753707,1298381429,1279437420
134838,136,134,269,1372209253,1306062580,1287669740
135338,136,139,276,1356957162,1281588956,1258676139
135838,132,130,262,1373866117,1304106539,1285404777
136338,150,149,299,1361269970,1294136562,1269401346
136838,145,147,292,1384763859,1335930665,1318214577
137338,134,133,267,1362624655,1293677596,1274471639
137839,129,131,260,1369820472,1287148039,1255478386
138339,140,137,275,1375040413,1303462226,1281414462
138839,136,136,274,1380187062,1289710940,1269315861
139340,137,140,277,1374231730,1298736911,1271974535
139840,136,135,271,1371631864,1298083310,1278482131
140340,133,133,266,1372794655,1304407355,1283988382
140840,137,135,272,1384263574,1327159423,1308341253
141340,134,137,271,1375432810,1300819065,1276029580
141840,139,136,275,1372186528,1290085387,1276019826
142341,142,144,286,1403369039,1358502826,1336560154
142841,155,155,310,1402158863,1369441811,1357032288
143341,169,168,337,1396815716,1357783560,1337348411
143841,158,159,317,1386025554,1346853839,1332149287
144341,164,164,328,1386368071,1347147359,1328295828
144841,159,157,316,1394073584,1360034791,1347256487
145341,146,148,294,1390770598,1357316024,1344087415
145841,147,147,294,1387951465,1349369480,1334214399
146342,161,161,322,1392389814,1357366305,1341480322
146842,155,153,308,1377937205,1341965994,1325441763
147342,169,172,341,1397282916,1360394986,1341333470
147842,152,151,303,1390701917,1358366550,1348123801
148342,146,145,291,1398516005,1364430250,1348343746
148842,164,163,327,1389549060,1348930569,1334689704
149342,155,155,310,1388840550,1353107256,1337165026
149843,151,152,303,1403658307,1367064094,1351420663
150343,167,167,334,1392980508,1357932710,1342471843
150843,146,145,291,1384527186,1346167144,1332997801
151343,157,159,316,1375061600,1325141342,1306118672
151843,155,155,310,1362895620,1290168349,1274899683
152343,144,143,287,1367168619,1321897243,1309696891
152843,158,158,316,1382757102,1346929425,1333876234
153344,149,150,299,1383383273,1346398651,1330888331
153844,149,147,296,1383261582,1339491481,1323443577
154344,137,137,274,1378943142,1308824728,1292455198
154844,151,151,302,1375518566,1314939561,1292465716
155344,162,163,325,1386002465,1350246303,1335767460
155844,157,157,314,1395264981,1361323390,1344976726
156344,149,150,299,1394049073,1358057683,1342724997
156845,164,163,327,1398056421,1360923111,1346274146
157345,159,160,318,1385065299,1349890928,1334475058
157845,172,171,344,1375065772,1333720597,1317500572
158345,155,155,310,1380884484,1342934968,1327677764
158845,163,162,325,1375305382,1337886892,1325916530
159345,145,146,291,1378762681,1327598403,1309765994
159846,143,144,287,1378749178,1313473021,1292582715
160346,163,163,326,1388965189,1328395258,1302217409
160846,126,127,253,1180992968,1136745019,1122408222
161346,151,151,302,1602017125,1540690196,1523709361
161846,144,141,285,1363720073,1288562444,1274841335
162347,131,132,263,1387043619,1320754404,1297058546
162847,141,140,281,1382239211,1310756521,1290042936
163347,122,124,246,1385073761,1317522667,1292165124
163847,126,124,250,1396767244,1329304883,1306255963
164347,131,133,264,1388235798,1323018797,1304490449
164848,133,131,264,1369316070,1301462210,1274269486
165348,133,134,267,1406081372,1335642134,1311442146
165848,131,131,262,1386109036,1321794174,1298675030
166348,138,140,278,1370076532,1297092070,1274910035
166848,145,144,289,1375135213,1302448689,1282374767
167349,141,141,282,1381296560,1304964027,1283514455
167849,135,134,269,1401150515,1326041775,1304684964
168349,138,139,277,1371817737,1303648142,1284075338
168849,124,123,247,1399789999,1336632290,1311525787
169349,141,143,284,1380896931,1308819614,1284919599
169850,135,133,268,1370561970,1295617496,1275915333
170350,132,133,265,1394621635,1328584975,1291104014
170850,136,135,271,1383637807,1310918300,1290167764
171350,119,119,238,1382681464,1316127410,1298400489
171850,135,135,270,1362199671,1288132902,1269388479
172351,138,138,276,1342758491,1272919430,1251647222
172851,138,137,275,1409941769,1345994027,1325819467
173351,144,146,290,1363918924,1305927706,1280384478
173851,149,149,298,1387332077,1342051522,1325598637
174351,147,147,294,1396881532,1360343582,1345883559
174851,150,148,298,1380079523,1340326910,1331248265
175351,140,142,282,1376367840,1308692782,1283216648
175852,138,139,277,1376028161,1312242846,1290707941
176352,139,137,276,1385528017,1330360596,1315414470
176852,148,148,296,1366252178,1299621832,1277241222
177352,133,133,266,1359629046,1306276228,1288218029
177852,149,148,297,1362842055,1310694758,1295758112
178353,142,144,286,1374704662,1316293185,1290280951
178853,142,142,284,1362473324,1285526744,1263069054
179353,146,145,291,1369619053,1311573185,1294821285
179853,133,133,266,1379036128,1335064148,1319691099
180353,141,142,283,1353386461,1289051205,1272687084
180853,150,150,300,1356606918,1291007978,1272019905
181354,127,126,253,1360474132,1285150325,1267348526
181854,148,148,295,1358756115,1291964916,1269793935
182354,130,132,263,1357136436,1284828236,1259034580
182854,135,133,268,1352425021,1283704519,1265852517
183354,148,149,297,1361024379,1308985758,1291141326
183854,138,139,277,1371027792,1308585543,1286087743
184355,144,143,287,1373683191,1304506884,1282700343
184855,153,152,304,1363534630,1304374513,1292834255
185355,135,135,271,1365757873,1296200738,1265665691
185855,140,140,280,1361181540,1289429233,1267676972
186356,134,134,268,1369219105,1302974207,1282279274
186856,134,134,268,1378556787,1310836810,1279194072
187356,133,135,268,1378798910,1312782049,1290877979
187856,140,138,278,1343676779,1270770238,1252374515
188356,149,149,298,1372219613,1319031036,1299593338
188856,157,156,313,1353929519,1298078169,1284692155
189357,148,149,297,1374799407,1322633035,1300260050
189857,154,153,307,1367380714,1314158432,1300382475
190357,155,155,310,1356666293,1304708783,1286292294
190857,154,155,309,1374042581,1318439420,1301949803
191357,157,156,313,1357135109,1304360673,1289392676
191857,154,155,309,1393061626,1353337268,1330762553
192357,159,160,319,1403757307,1369497988,1356609063
192858,163,163,326,1387846956,1353408569,1339258624
193358,167,167,334,1345439165,1310166143,1297309572
193858,162,162,323,1356870833,1327750215,1314231785
194358,159,157,317,1408170634,1364301897,1352941408
194858,155,155,310,1394452189,1361802842,1351684419
195358,161,162,323,1387782451,1352371150,1336526226
195858,156,156,312,1375540482,1342216082,1331863899
196358,166,166,332,1382675848,1347046421,1332476054
196859,159,159,318,1372402308,1341036790,1329332105
197359,149,149,298,1382356582,1350454946,1338541818
197859,176,176,352,1376824989,1341509335,1327820641
198359,159,159,318,1398989271,1364569883,1350924840
198859,148,148,296,1386593242,1350489387,1337389313
199359,159,159,318,1376314406,1339053589,1327505604
199859,159,158,317,1394088726,1360435792,1345555703
200359,155,155,310,1376303944,1343743216,1333618676
200860,156,157,313,1378380235,1343975257,1329111737
201360,118,120,238,1397462651,1371739348,1356006678
201860,159,157,316,1384388719,1352364026,1340649356
202360,162,161,323,1383688278,1350782305,1338567195
202860,160,160,320,1366333322,1333683864,1323166410
203360,155,155,310,1374856088,1339591455,1325079022
203860,146,147,293,1379761976,1349713208,1337806411
204361,178,178,356,1374807181,1335601227,1320421399
204861,146,147,293,1379083068,1344984388,1333004664
205361,163,163,326,1384700650,1348649839,1333778792
205861,154,154,308,1388182317,1350157701,1335864125
206361,140,140,280,1388599331,1352086338,1333501782
206861,171,170,340,1368898862,1332115995,1317189712
207361,154,155,309,1395166638,1354006253,1335807759
207861,153,153,307,1380359019,1339686169,1326995210
208362,132,131,263,1399493844,1372802731,1364825436
208862,143,142,284,1402803707,1377096876,1361662782
209362,153,153,307,1388945696,1352142646,1338100285
209862,179,179,358,1367812366,1330398325,1318206462
210362,150,151,301,1361595247,1324528964,1311380822
210862,159,160,319,1371204673,1334949316,1320758700
211363,160,159,319,1385615614,1348919497,1336063191
211863,75,75,150,704075135,684629777,679947416
212363,165,166,331,1362800343,1325532118,1310604676
212863,151,151,302,1369761394,1333877685,1316902455
213363,155,153,308,1354340423,1318938565,1305029666
213863,164,165,326,1358293311,1321912682,1313687362
214363,146,147,296,1364864172,1324444613,1305364998
214865,158,156,314,1340974181,1304651234,1290492854
215365,158,161,319,1346760306,1310022600,1296498672
215865,149,146,295,1329236355,1292848042,1281378742
216365,164,164,328,1354300303,1317373238,1305663781
216866,156,158,314,1339887113,1301013732,1283926227
217366,150,151,300,1373859122,1340966456,1325917401
217866,167,164,332,1339612633,1299787528,1290487224
218366,150,151,301,1391605686,1357797543,1340874937
218866,156,157,313,1353768075,1316093970,1300935277
219366,162,161,323,1344624174,1307424522,1296165840
219866,152,152,304,1366839051,1332706593,1316344626
220366,150,151,301,1356909927,1322175638,1308660729
220867,160,159,319,1335037892,1299590839,1288885115
221367,142,141,283,1354101745,1321867812,1309742444
221867,159,159,318,1379295331,1344971555,1329113622
222367,160,161,321,1366935926,1328282059,1316600381
222867,143,144,287,1357940144,1320781561,1302918765
223367,138,138,276,1371289395,1330451817,1318558165
223867,141,141,282,1384388432,1342971508,1328125844
224368,161,159,319,1381592031,1352492511,1338131561
224868,157,160,318,1369044594,1328424173,1314754329
225368,161,160,321,1322157283,1286275590,1272741236
225868,160,161,321,1353423216,1316020845,1300975419
226368,163,160,323,1337925414,1296071007,1283911160
226868,146,147,292,1365069456,1338069299,1326192499
227368,162,164,326,1364644098,1327140818,1307401761
227869,160,158,319,1381762180,1341823014,1329725799
228369,145,144,289,1388100399,1358260205,1349328921
228869,156,159,315,1343056508,1306248841,1289269225
229369,149,148,297,1365480444,1330438326,1317519552
229869,157,156,313,1366271859,1327695404,1310986383
230369,172,174,346,1351342200,1312280538,1296884676
230869,145,143,288,1371730308,1335520422,1321942222
231370,167,166,333,1359216753,1321284017,1308485609
231870,151,151,302,1384025465,1348770290,1334546815
232370,164,164,328,1350948353,1310780608,1292473425
232870,178,180,358,1361712958,1323032421,1307633671
233370,149,147,296,1354077221,1320839703,1311879373
233870,161,163,324,1368163650,1329172481,1312951577
234370,162,162,324,1370685519,1332183375,1317531536
234871,149,148,297,1381923011,1343438585,1324216607
235371,159,159,318,1368956808,1330762102,1318452445
235871,154,154,308,1363760688,1320715998,1300839375
236371,147,147,294,1373729797,1336472054,1323623862
236871,161,161,322,1384789394,1343954339,1333427599
237371,159,160,319,1380243802,1341224161,1322092764
237871,150,149,299,1372139592,1333130294,1321533476
238371,162,161,323,1365726256,1328305668,1317203148
238872,151,152,303,1384853842,1349860461,1334955009
239372,162,162,324,1372554943,1336023170,1324335694
239872,127,126,253,1392204022,1361539513,1350795218
240372,159,161,320,1386893490,1351196533,1335351207
240872,178,179,357,1371936536,1330316894,1310207520
241372,145,143,288,1376970122,1344260169,1333468752
241872,151,152,303,1381316436,1346170077,1329094777
242373,178,177,355,1363459399,1323057751,1307444515
242873,161,161,322,1378966496,1346036255,1334436788
243373,160,161,321,1363233566,1325543802,1310988732
243873,156,154,310,1369705770,1333187567,1320044663
244373,142,143,285,1364472512,1330178792,1314672413
244873,167,168,335,1393376065,1357176511,1339563718
245373,169,168,337,1367900303,1325081545,1310533845
245874,165,164,329,1373790656,1337089726,1322348807
246374,159,159,318,1372855778,1338558544,1327472933
246874,155,156,311,1390660811,1354030314,1333941109
247374,161,162,323,1394538225,1358703404,1342293511
247874,170,169,339,1388937890,1349820073,1333581061
248374,162,161,323,1387134817,1349196153,1338875530
248876,148,149,297,1373199089,1340747211,1329730990
249376,160,161,321,1383457752,1348995437,1329667557
249876,164,163,326,1363774674,1330917288,1317387628
250376,165,166,332,1362546194,1310570644,1290916591
250876,150,149,299,1374167392,1326791422,1311861802
251376,130,130,260,1391067150,1348981244,1334851029
251876,145,144,289,1382642524,1333825700,1320354309
252377,155,158,313,1385346643,1337338116,1318638894
252877,164,163,327,1391517190,1354844303,1341795383
253377,157,158,315,1372376660,1324530112,1308965572
253877,157,155,312,1377076656,1328581871,1315244978
254377,157,157,314,1377295512,1334256092,1321145356
254877,155,156,311,1377116208,1336501007,1321211798
255377,164,163,327,1376089953,1329600751,1313783835
255878,152,151,303,1376181393,1334265297,1320475266
256378,139,141,280,1378789778,1335104546,1322176007
256878,144,145,289,1375352597,1335796190,1321645938
257378,166,164,330,1364647721,1320928114,1308100761
257878,152,152,304,1309847802,1262448184,1248330828
258378,138,139,277,1413253516,1370685970,1356374150
258878,122,121,243,1390392059,1354276445,1342367851
259378,122,121,243,1399904942,1362840412,1352458608
259879,118,120,238,1395431891,1358344302,1345742083
260379,123,122,245,1404136546,1364942020,1355887523
260879,136,137,273,1394526857,1353199933,1331718537
261379,116,115,231,1394089367,1354821168,1342417902
261879,119,121,239,1387598885,1352116363,1336457312
262379,132,130,263,1388542842,1338581982,1324789926
262880,120,121,241,1404701533,1365878466,1347588244
263380,119,118,237,1392198608,1354329942,1341770265
263880,127,127,254,1377263520,1340452027,1324474540
264380,123,123,246,1397982030,1358814270,1342419938
264880,124,124,248,1376264435,1336093721,1326851938
265380,127,126,253,1392161625,1352155503,1335342043
265880,122,122,244,1397801567,1359820965,1340721421
266381,116,118,234,1378256000,1339069571,1328514538
266881,124,122,246,1393830824,1353052161,1344944113
267381,124,124,248,1407602188,1365590132,1346702511
267881,131,131,262,1402098183,1357137352,1343720398
268381,125,125,250,1401484402,1354479013,1335998946
268881,124,125,249,1399835253,1357000602,1342353664
269381,124,123,247,1403011010,1367456227,1353955486
269882,126,127,253,1403919082,1373931402,1359105702
270382,128,127,255,1395530033,1353748983,1347021948
270882,126,126,252,1397077921,1354847369,1334252455
271382,114,115,229,1400975522,1365119121,1352758244
271882,126,126,252,1390186822,1348545652,1332677538
272382,121,123,244,1387190409,1354852900,1343497079
272882,115,113,228,1405470284,1372825115,1362005166
273383,117,117,234,1387987183,1350202632,1342458481
273883,124,125,248,1388343960,1353109084,1338105578
274383,130,130,261,1400282718,1357033104,1338099463
274883,120,119,239,1390380387,1348722033,1335961679
275383,126,127,253,1392730774,1352399014,1339402692
275883,116,116,232,1401169930,1361850229,1350159390
276383,117,116,233,1411942270,1376965744,1361995522
276884,126,127,253,1393336540,1353349932,1338968333
277384,127,127,254,1395654997,1357721391,1343880933
277884,126,125,250,1386470750,1352552405,1338577842
278384,122,124,247,1403818286,1357116618,1340304238
278884,119,119,238,1389316950,1353238403,1341229885
279384,132,130,262,1396279707,1357948499,1344747963
279884,123,124,247,1410308852,1372403183,1356468054
280385,124,123,247,1406868943,1375619347,1369435667
280885,116,116,232,1408302896,1369178360,1354268077
281385,116,118,234,1409087402,1370164656,1355428156
281885,122,120,242,1415601825,1379162971,1368863808
282385,118,119,237,1408700639,1371906499,1358318590
282885,130,130,260,1404785361,1364749730,1350359076
283385,117,117,234,1405254479,1371113458,1356807987
283886,114,114,228,1402346798,1363243553,1347012763
284386,126,124,250,1394138371,1358500455,1352580408
284886,120,123,243,1398625698,1362804259,1343755721
285386,116,113,229,1397338576,1360796288,1352624804
285886,117,117,234,1408109387,1370731062,1360365003
286386,126,127,253,1417104765,1383063697,1366204804
286886,117,119,236,1410385304,1379341758,1365502714
287387,98,96,194,1123008940,1096482699,1091338204
287887,0,0,0,0,0,0
288387,0,0,0,0,0,0
288887,0,0,0,0,0,0
289387,0,0,0,0,0,0
289888,82,82,164,7741472712,7718176000,7708608144
290388,122,124,246,1406339077,1368336282,1353292812
290888,125,122,247,1407419748,1368336186,1353365737
291388,133,134,267,1402954682,1363639029,1349686464
291888,160,161,321,1376139415,1328168996,1311787940
292388,153,153,306,1386387960,1339921785,1324556972
292888,156,154,310,1375392516,1328950640,1318212253
293388,160,160,320,1376043255,1321765598,1300124787
293889,163,166,329,1365218239,1317184767,1298617321
294389,158,157,315,1364916618,1316526343,1302918444
294889,144,144,288,1389726789,1343433242,1322691246
295389,160,160,320,1388549083,1343883031,1329386591
295889,159,160,319,1373066630,1323666673,1305750743
296389,155,155,310,1366483075,1313517621,1295296967
296889,153,151,304,1384917192,1338255053,1322568299
297390,149,149,298,1366846450,1314218079,1299713833
297890,149,149,298,1387304419,1341798145,1324816899
298390,162,161,323,1372832238,1322706698,1303934108
298890,153,153,306,1374661739,1330217919,1315417897
299390,143,145,288,1381617583,1334863240,1313719916
299890,146,145,291,1383795770,1338149306,1324398161
300391,166,166,332,1373613574,1326354945,1308875788
300891,149,148,297,1375228057,1329729904,1310017921
301391,150,150,300,1374422562,1330889104,1318362204
301891,157,158,315,1378158551,1337325681,1315821138
302391,153,154,307,1366583499,1330880930,1319115151
302891,144,144,288,1373569588,1336888574,1322355518
303391,159,158,317,1360832748,1315373223,1303977984
303892,171,172,343,1379081614,1336799718,1317743708
304392,142,141,283,1381786725,1340305814,1328817942
304892,167,167,334,1366768364,1322561861,1306177478
305392,156,157,313,1372579089,1330880977,1314967846
305892,158,157,315,1369497936,1327798008,1314434125
306392,153,153,306,1367361850,1326735963,1310238137
306892,156,157,313,1371735130,1323067153,1301884723
307392,164,162,326,1359232275,1307275328,1292921476
307893,154,155,309,1367842503,1321934305,1304296004
308393,153,152,305,1373878982,1322638128,1308763482
308893,164,165,329,1373070987,1327495461,1311653278
309393,155,155,310,1373555686,1327609779,1306353594
309893,145,145,290,1387739397,1344471414,1327140972
310393,157,158,315,1377903940,1328290711,1313398292
310893,152,150,302,1376931203,1329327841,1306250565
311394,149,151,299,1392574907,1354144789,1338648538
311894,149,148,298,1392017285,1344838096,1330365847
312394,153,154,307,1399551414,1363261971,1349402308
312894,131,130,261,1402192372,1365498847,1354261776
313394,157,157,314,1372921580,1328618155,1312881638
313894,158,158,316,1382109185,1331179201,1316430313
314395,146,146,292,1381314850,1330755688,1317271100
314895,150,150,300,1380689542,1335134469,1318411956
315395,158,158,316,1380213487,1333244284,1315795780
315895,148,148,296,1378949438,1331125992,1317949727
316395,146,145,291,1375449791,1328496610,1315757385
316895,141,142,283,1391309651,1345944472,1322407258
317395,148,149,297,1381270789,1333431022,1315899167
317896,145,144,289,1366161690,1321556106,1306514714
318396,151,152,303,1366837008,1318645661,1304025365
318896,149,149,298,1362536396,1312217968,1293132797
319396,144,142,286,1370576212,1325185062,1314258887
319896,151,153,304,1369910889,1324762247,1304613587
320396,156,156,312,1366643939,1323616170,1310053545
320897,148,147,295,1392553145,1350647600,1333289757
321397,149,148,297,1384454159,1341499670,1326072313
321897,153,154,307,1384875426,1343335660,1326755331
322397,153,153,306,1382021338,1339602717,1324442198
322897,149,149,298,1390398598,1351441893,1334422392
323397,154,155,309,1384173353,1340738118,1324267480
323897,152,152,304,1389359980,1343986055,1327801831
324398,141,141,282,1368272707,1324365161,1308815909
324898,153,154,307,1383748276,1331846749,1311295569
325398,145,143,288,1372409536,1331735665,1319580284
325898,144,146,290,1365364207,1318921578,1286269501
326398,160,159,319,1370124275,1315959243,1298881023
326898,155,154,309,1380854081,1333151544,1318985190
327399,150,150,300,1400729114,1365271268,1348733850
327899,154,154,308,1399780209,1364475410,1349366654
328399,162,163,325,1394807255,1356440302,1339365703
328899,157,157,314,1396631286,1363921820,1351508886
329399,161,161,322,1392909117,1359050124,1344634605
329899,157,156,313,1374083662,1339997553,1326724535
330399,147,148,295,1373130504,1334297677,1319860717
330899,165,163,328,1354240676,1320178051,1313566949
331400,163,164,327,1386904351,1354243075,1335474079
331900,139,140,279,1383332707,1349240032,1335554826
332400,147,146,293,1382069746,1340206799,1325684145
332900,155,155,310,1374207289,1337037934,1324202446
333400,146,147,291,1372471270,1339383630,1322089996
333900,138,137,276,1397939630,1344395679,1329279333
334400,141,141,283,1399746242,1353401023,1338944255
334901,151,152,303,1373205089,1326480334,1306243769
335401,152,151,303,1372683899,1322428523,1307216437
335901,157,157,314,1371594276,1323347346,1306320040
336401,158,158,316,1385911876,1337413091,1320419908
336901,149,149,298,1386767983,1340905069,1323026601
337401,150,150,299,1365305231,1321371520,1307248188
337902,151,151,303,1362061579,1310323743,1295258473
338402,175,175,350,1364328618,1302750424,1285237230
338902,148,149,296,1381167590,1327851922,1309588028
339402,136,135,272,1358899624,1295945128,1276942953
339902,143,142,285,1382953076,1314816078,1296409105
340403,147,148,294,1366176788,1310412520,1290940766
340903,143,143,287,1379368113,1327515445,1312403942
341403,150,152,302,1346747811,1280003883,1256682415
341903,130,128,258,1355009757,1281866971,1265613763
342403,142,142,284,1359876725,1286417772,1263048685
342903,135,135,270,1362934346,1297373294,1281264471
343404,157,157,314,1362063582,1310542031,1295552194
343904,153,153,306,1378411140,1339867131,1322860770
344404,156,156,312,1365366624,1322055862,1310062659
344904,154,153,307,1371938873,1312926449,1297644241
345404,159,161,320,1377740243,1329855999,1307627017
345904,143,143,286,1367885822,1321898815,1303428181
346405,147,147,294,1364351269,1314090283,1296321432
346905,169,168,337,1343994910,1292292414,1275560732
347405,135,136,271,1383692768,1336219638,1319670213
347905,153,151,304,1367515551,1323513080,1312817908
348405,164,165,329,1383052851,1341483192,1323984985
348905,157,157,314,1378054487,1344229513,1332260658
349405,151,151,302,1387700647,1355288487,1341852519
349906,163,163,326,1375111110,1337774759,1321260620
350406,141,142,283,1387766681,1356618059,1344610286
350906,167,165,332,1377351665,1342260532,1325487864
351406,162,162,324,1375944630,1337649374,1325414129
351906,150,152,302,1382158386,1331181026,1311697884
352406,139,140,279,1373951497,1320002305,1301654060
352906,150,148,298,1377246965,1315047983,1299783712
353406,139,139,278,1389186235,1329521065,1305971979
353907,164,163,327,1363816298,1291030276,1265359000
354407,143,143,286,1372664565,1312305096,1294192448
354907,133,134,267,1385986148,1336991906,1324551057
355407,121,122,243,1387456733,1337373427,1313801846
355907,122,121,243,1381501439,1327724070,1309699129
356407,150,151,301,1372293214,1317502966,1299424532
356908,154,153,307,1379389160,1333312289,1316959394
357408,141,140,280,1341501701,1282338540,1264302499
357908,148,151,300,1344199363,1270385677,1247564730
358408,125,124,249,1364537072,1307008549,1290810385
358908,133,132,265,1365467417,1305296659,1279483247
359408,135,135,270,1369458302,1306196070,1290479221
359908,152,152,304,1380205676,1330953758,1313297405
360409,156,157,313,1348416961,1280804442,1258784118
360909,152,152,303,1376170459,1320601832,1308254860
361409,140,139,280,1367983986,1298352090,1265811076
361909,145,145,290,1363001275,1306409382,1290490914
362409,141,142,283,1375432007,1311869084,1291189298
362909,138,139,277,1366129857,1295477968,1272268097
363410,148,146,294,1357348410,1289012001,1268281551
363910,149,148,297,1370418762,1319090020,1304576906
364410,149,150,299,1370595000,1317830436,1298879394
364910,144,146,290,1352835774,1278893477,1253814724
365410,136,134,269,1362698587,1295637868,1274397530
365910,136,137,274,1346617019,1274221972,1252164335
366411,141,141,282,1368126125,1295038730,1272132670
366911,134,134,268,1361806867,1290248197,1271220179
367411,164,163,327,1359933800,1309280891,1293668399
367911,137,137,274,1369727330,1309536563,1292610027
368411,160,162,322,1360960190,1308585962,1283639597
368911,136,134,270,1364430316,1300462897,1283040988
369411,156,155,311,1352883889,1285333607,1268153364
369912,149,151,300,1360242684,1306160472,1285377774
370412,144,143,287,1367904055,1310568449,1296966428
370912,130,131,261,1369746305,1301778532,1281133018
371412,174,172,346,1371996876,1318484001,1302297650
371912,149,149,298,1372672326,1314509762,1290806923
372412,146,147,293,1375012502,1328427156,1311145602
372913,146,147,293,1369580474,1293342698,1269464385
373413,129,130,259,1379265277,1318374627,1295120530
373913,165,164,329,1380426360,1316778018,1297718610
374413,136,134,270,1353891213,1281754836,1265679216
374913,149,149,298,1377812854,1317870671,1290860009
375413,141,142,283,1365297968,1303418121,1285680251
375914,150,151,301,1380604949,1333998497,1316461877
376414,145,144,289,1366799705,1311765996,1295710076
376914,154,154,308,1357691642,1291795927,1270954136
377414,139,138,277,1358056694,1293823646,1274784267
377915,127,129,256,1364923493,1290247452,1267022956
378415,146,146,292,1371702402,1308523763,1287085478
378915,145,146,291,1352834727,1284185563,1263191170
379415,157,154,311,1359948782,1286467353,1266424904
379915,158,159,317,1363222869,1310993634,1296078447
380415,137,138,275,1370521056,1301549369,1278301458
380916,143,142,285,1356660127,1284900253,1261969991
381416,142,142,284,1384539729,1320656633,1298916764
381916,140,141,280,1364745459,1291371412,1266761548
382416,161,161,323,1381450786,1334206436,1320104958
382916,165,164,329,1372563286,1334731084,1322539125
383417,153,153,306,1391830907,1355285581,1340027176
383917,154,154,308,1383740825,1345208640,1333305889
384417,171,171,342,1371288162,1330633943,1314702498
384917,153,154,307,1385977295,1347414778,1332797514
385417,166,165,331,1374557068,1331919725,1317291984
385917,156,156,312,1374471064,1331718498,1316508225
386417,140,140,280,1364907899,1312276099,1295458729
386917,162,162,324,1365725923,1327179376,1313554907
387418,155,155,310,1378362955,1332280713,1317481041
387918,158,159,317,1383582633,1336782715,1317368145
388418,144,144,288,1390107676,1346833669,1326710960
388918,156,156,312,1387412197,1341678623,1325749643
389418,154,153,307,1374809932,1329284102,1316420411
389918,153,153,306,1382406137,1334188450,1310276729
390418,157,157,314,1379475439,1340301410,1329513861
390919,147,148,295,1398558281,1356061235,1339246744
391419,153,152,305,1373175738,1330294836,1316107412
391919,147,149,296,1382215080,1334999848,1317520786
392419,148,145,293,1369264564,1322931627,1304778397
392919,150,151,301,1387279830,1344839369,1329589935
393419,150,151,301,1377055751,1331373129,1310596674
393919,144,143,287,1382794003,1339735352,1327683238
394420,146,145,291,1384482262,1343080805,1328210685
394920,147,148,295,1379828899,1329721758,1306592132
395420,154,155,309,1380312551,1333463764,1318380071
395920,156,155,311,1381120434,1339068661,1323105413
396420,147,146,293,1378267671,1337170587,1324056277
396920,135,137,272,1387468167,1346940788,1331776198
397420,135,134,269,1385585239,1346634350,1326594406
397921,133,132,265,1383467245,1341907534,1324956373
398421,132,133,265,1377590078,1329361202,1313090514
398921,148,148,296,1358893200,1294929088,1278651412
399421,134,135,269,1364290488,1306944500,1284646394
399921,142,141,283,1377632575,1312779811,1288210083
400422,146,147,293,1366981550,1307923130,1283042933
400922,145,144,289,1382892534,1335499415,1321766862
401422,141,141,282,1370988419,1325563878,1310899732
401922,149,149,298,1374706317,1336487213,1323937650
402422,161,160,321,1398849011,1363348121,1349262202
402922,138,141,278,1370731558,1319481718,1300756544
403423,134,132,267,1381895243,1314637873,1297072064
403923,160,159,319,1383153221,1328016799,1308165905
404423,145,147,292,1359443627,1293458685,1273055425
404923,147,146,293,1367287094,1298182300,1278711433
405423,146,146,292,1369385600,1304268550,1285026114
405924,144,145,289,1375347670,1319893168,1302160230
406424,133,133,266,1374945264,1310833698,1290508949
406924,156,157,313,1369224911,1301770563,1264510336
407424,151,149,300,1380777995,1336806456,1323136186
407924,155,156,311,1388354554,1343216102,1328933991
408424,147,148,295,1377862109,1321616239,1303564265
408924,145,144,289,1377821953,1332859815,1320433943
409425,162,161,323,1385131480,1330967799,1310139710
409925,166,166,332,1381261193,1330655076,1312226554
410425,155,154,309,1375018940,1310946122,1287274036
410925,145,146,291,1366720692,1296980551,1274440335
411425,135,134,269,1354478175,1293037473,1278367272
411926,149,150,299,1380187529,1306912641,1268185895
412426,159,160,319,1374029623,1310406232,1291100142
412926,145,144,289,1378653152,1324653851,1308582573
413426,137,137,274,1359502543,1293049427,1274148491
413926,134,135,269,1364942901,1302165143,1280078674
414427,137,136,273,1372464373,1313713590,1288243104
414927,159,158,317,1357435261,1302965854,1285496815
415427,151,153,304,1356979978,1311205275,1295237249
415927,155,153,308,1370146810,1332144104,1319302173
416427,156,157,313,1360129629,1313641608,1296412246
416927,148,149,297,1363847410,1307633948,1289871945
417428,155,154,308,1364721529,1317189008,1298589339
417928,151,152,304,1377924348,1322775792,1308973057
418428,147,147,293,1376208387,1320843516,1301541113
418928,135,135,271,1379697302,1319226715,1293978424
419428,136,134,270,1393670963,1345253554,1330103687
419928,146,147,293,1380787654,1328844173,1311697502
420429,140,142,282,1376646116,1319585468,1298761369
420929,142,140,282,1377975799,1321677891,1299800172
421429,140,141,280,1376702079,1306774994,1288736221
421929,148,147,296,1371583477,1314094108,1293392894
422429,155,155,310,1382946178,1329568333,1303145436
422930,150,152,301,1356494552,1302567618,1283313276
423430,131,129,261,1376975731,1309789466,1293075662
423930,151,151,302,1374474501,1321712306,1306500894
424430,155,155,310,1367042792,1314880717,1297421073
424930,138,139,277,1369193181,1306956429,1284951686
425431,164,164,328,1370973607,1310333846,1292378979
425931,149,148,297,1380692191,1329915445,1311083289
426431,148,149,297,1381317191,1334058426,1316416835
426931,166,166,332,1371487806,1316049035,1297514101
427431,151,150,301,1372229241,1315934170,1300195552
427931,156,156,312,1377706512,1312970322,1290604054
428432,145,146,291,1366174618,1312737484,1298335244
428932,145,144,289,1373963720,1311040378,1292745985
429432,150,151,301,1379315151,1315745337,1292713982
429932,153,151,304,1371904876,1316312306,1296945474
430432,152,155,307,1385662573,1337655862,1319282775
430932,152,151,303,1380746457,1329392724,1307774752
431433,145,146,291,1376488237,1325700131,1309215416
431933,148,146,294,1374970741,1319412326,1303836606
432433,158,158,316,1360891231,1295305658,1273877346
432933,137,136,273,1367243341,1316295891,1299625680
433433,139,141,280,1353675241,1290306428,1269870493
433934,140,139,279,1360182338,1293265974,1266821882
434434,145,145,290,1377186723,1324087007,1305685971
434934,147,147,294,1347717630,1272402767,1245210472
435434,132,133,265,1366046868,1305720942,1287907816
435934,143,141,284,1352213192,1299596363,1285165825
436434,145,147,292,1368293102,1309507671,1280297273
436934,140,140,280,1360141718,1303738105,1285577568
437435,140,140,280,1361615707,1300436188,1281271551
437935,136,134,270,1343449946,1276881488,1258389104
438435,140,140,280,1365043226,1296719930,1275651535
438935,149,150,298,1363255884,1296811602,1266558106
439435,134,134,269,1358373305,1286601248,1266811107
439936,128,127,255,1358538155,1296779845,1278640592
440436,129,130,259,1374180933,1308051210,1280354523
440936,136,137,273,1349490807,1278352643,1257566236
441436,143,142,284,1349519281,1279334219,1261517454
441936,143,144,288,1356134176,1284033549,1254760326
442437,150,149,299,1347817882,1277482372,1257158085
442937,132,131,262,1375587702,1315281768,1294292134
443437,143,145,288,1369457800,1296386014,1265978251
443937,143,142,286,1369093901,1289844615,1269195668
444437,147,147,293,1353507664,1293679422,1272002117
444938,139,138,278,1364898758,1291257372,1276898907
445438,139,140,279,1374805788,1314613635,1292683736
445938,138,139,277,1367192474,1303021107,1283430288
446438,138,139,277,1368886510,1299626526,1278619188
446938,160,157,317,1385460024,1339589959,1327229970
447439,146,146,292,1383627133,1345362749,1329815993
447939,150,152,302,1388371974,1340300373,1321553450
448439,136,135,271,1386617876,1317544016,1298286300
448939,156,155,311,1376759114,1302215855,1278111112
449440,132,134,266,1374879887,1308543211,1288120665
449940,137,137,274,1372560184,1306148325,1280387401
450440,143,142,285,1376152016,1320218415,1303421846
450940,143,144,287,1381066921,1345144284,1329262497
451441,158,157,315,1364601285,1325343681,1311065390
451941,166,165,331,1352424126,1312464282,1301549447
452441,158,160,318,1379699234,1345734788,1330837380
452941,144,142,286,1376488457,1344599836,1332963249
453442,149,151,299,1354574729,1327040085,1319562699
453942,148,146,295,1378195954,1338242518,1325787906
454442,153,153,306,1376588470,1336716721,1321888679
454942,160,161,321,1360936007,1317877381,1297759815
455442,158,158,315,1374517543,1335967532,1321982681
455942,153,154,306,1383024481,1350006329,1332072179
456442,157,156,314,1383885575,1344354576,1332450501
456943,146,146,292,1377745305,1339349668,1326560955
457443,151,150,302,1360821032,1320624039,1310997382
457943,155,156,311,1363654988,1336307558,1324666952
458443,163,163,326,1375877652,1340544069,1329292140
458943,150,149,299,1365622106,1332110800,1318883558
459443,66,67,133,567897392,552714806,548054448
459943,42,43,85,299960900,290004691,282600407
460444,85,84,169,681596267,658823218,652994972
460944,163,164,327,1369492813,1332994021,1314206090
461444,153,154,307,1369740082,1331538132,1317266726
461944,138,136,274,1379903605,1344591690,1334824674
462444,129,129,258,1369070043,1329031184,1312977317
462944,154,155,309,1359654320,1329755961,1319101756
463445,158,158,316,1366971107,1334233998,1323644290
463945,156,155,311,1365472442,1336704534,1326836710
464445,156,157,313,1365546152,1325844738,1313077025
464945,160,159,319,1368135797,1335216028,1325393661
465445,69,71,140,647861755,633940470,627565823
465945,103,102,205,876473477,857972643,846997810
466445,120,120,240,950326088,927234939,919375646
466946,175,174,349,1398360207,1368382796,1356981197
467446,166,166,332,1368634073,1335895547,1322360937
467946,148,148,296,1365021005,1337120493,1329222751
468446,152,152,304,1369166545,1334944552,1318587573
468946,160,159,319,1371888032,1341223458,1330467511
469446,177,178,355,1373001768,1342896426,1332252720
469946,153,154,307,1397819958,1368247469,1351549688
470447,153,152,305,1373189775,1346482602,1336684352
470947,165,165,330,1365335128,1332651354,1320605794
471447,149,151,300,1374382860,1342169384,1329246600
471947,161,159,320,1385812964,1358657991,1350736848
472447,167,168,335,1390105336,1357457345,1344344309
472947,148,146,294,1391485939,1364354002,1354361499
473447,167,168,335,1380119843,1351379342,1338271429
473948,152,152,304,1377937847,1352323129,1343694333
474448,164,165,328,1394088937,1370023710,1350942982
474948,160,160,321,1392399504,1360730448,1347753332
475448,146,146,292,1314254348,1288835624,1279087418
475948,0,0,0,0,0,0
476448,103,102,205,860016332,836681284,831685056
476948,152,152,304,1380461602,1353175118,1340494966
477449,90,90,180,859637247,844632485,839883518
477949,7,8,15,63313417,61657759,62060577
478449,163,163,326,1383846482,1357110617,1345080144
478949,156,155,311,1382085147,1362438532,1356376128
479449,156,156,312,1366222937,1333572337,1325402416
479949,179,179,358,1372087601,1341279489,1330831064
480449,158,158,316,1373510596,1346523914,1332479740
480950,146,146,292,1324053445,1295717714,1284724190
481450,0,0,0,0,0,3343347
481950,161,160,321,1376161929,1347842809,1335809383
482450,165,167,332,1365995472,1337707941,1326051564
482950,148,147,295,1385123510,1359152392,1348367158
483450,169,171,340,1370184749,1342630653,1330594028
483950,169,167,336,1368026549,1339351441,1330103947
484451,152,154,306,1367008358,1341099663,1329528394
484951,165,164,328,1365736166,1341571509,1331215282
485451,153,153,307,1378275326,1345773863,1335289386
485951,161,159,320,1367798808,1336501714,1328479430
486451,166,169,335,1377780062,1347848912,1334287716
486951,172,171,343,1378194180,1350998852,1341458723
487451,158,159,317,1375687538,1346949872,1335119684
487951,152,151,303,1387726814,1362251298,1353052192
488452,164,163,327,1374746066,1343386755,1327476743
488952,67,66,133,581018099,569592271,564166596
489452,99,99,198,948211763,929950657,923433933
489952,155,157,312,1388084142,1359629717,1344718104
490452,175,174,349,1380665166,1350689912,1337612883
490952,22,22,44,166729847,163021150,160435773
491453,150,149,299,1321051344,1295986573,1288072700
491953,159,162,321,1388898646,1360630333,1347383097
492453,162,161,323,1381520792,1356509428,1347249066
492953,155,155,310,1387679136,1352532632,1335730870
493453,144,144,288,1374458694,1336518331,1323655023
493953,161,160,321,1372445121,1325676549,1310884247
494453,151,150,301,1370629883,1334933730,1324293119
494953,158,160,318,1401676971,1374907304,1361926172
495454,153,152,305,1383942644,1346832155,1330404637
495954,157,157,314,1389806472,1361655125,1352380220
496454,172,171,343,1377124416,1344934824,1335054234
496954,154,156,310,1378899858,1350881815,1337885200
497454,149,147,296,1376422532,1343006220,1334712577
497954,164,166,330,1380060936,1345756505,1330568588
498455,162,161,323,1371169633,1332497026,1319950789
498955,162,163,324,1377227309,1344973319,1332688059
499455,146,144,291,1370729213,1327771035,1316361387
499955,162,162,322,1362697194,1344273252,1330576585
500455,36,36,74,377593958,356028179,349248861
500955,124,125,249,1082274206,1057847068,1052178648
501456,149,149,298,1367413548,1340104975,1328398648
501956,154,155,309,1367725871,1340400152,1330713260
502456,154,153,307,1370302092,1342215502,1331326353
502956,160,161,321,1354297998,1318715878,1305531484
503456,138,137,275,1356673883,1327628710,1321129794
503956,153,155,308,1371104420,1347236600,1335516930
504456,137,136,273,1381899740,1355163326,1342416615
504957,117,117,234,1402567819,1371675141,1360435399
505457,153,152,305,1392577810,1356283783,1342369475
505957,152,153,305,1376326029,1330491212,1310225481
506457,139,139,278,1393173967,1345778247,1329543415
506957,158,158,316,1384653959,1344979505,1329502355
507457,167,167,333,1383911576,1353377350,1337230565
507958,155,154,309,1386659878,1339961882,1324985159
508458,153,154,308,1383581250,1338213705,1318412848
508958,149,148,297,1389199068,1350090880,1336686775
509458,142,142,283,1390528228,1349622278,1323094733
509958,162,163,326,1375682583,1320374654,1302957749
510458,158,158,316,1376103018,1325920988,1308460122
510959,159,159,318,1372057253,1324166936,1306563847
511459,145,145,290,1374691459,1328124866,1314287544
511959,150,150,300,1377982657,1335502687,1320647388
512459,165,166,331,1370758186,1325683517,1310654474
512959,159,156,315,1370868865,1323050762,1308322938
513459,156,157,313,1383364329,1330129581,1309121778
513959,148,149,297,1387260740,1341145670,1326493249
514460,144,144,287,1380532568,1336512191,1319197649
514960,141,141,283,1380896594,1320528880,1305180295
515460,148,147,294,1366149670,1304609380,1286893368
515960,148,148,297,1380547439,1308857059,1279479014
516460,139,140,279,1385594610,1317828433,1295325206
516960,136,135,270,1373704835,1313146473,1293913573
517460,149,151,301,1379928829,1320662696,1301464809
517961,148,146,294,1373705966,1308040663,1289767137
518461,146,146,292,1378715496,1315013382,1291078755
518961,141,141,282,1368661004,1303795264,1283535014
519461,142,143,285,1373867869,1307564415,1285316092
519961,145,144,289,1373840281,1315794499,1297594384
520461,144,146,290,1365343818,1302870101,1283044058
520962,152,150,302,1371948180,1321988764,1302384812
521462,145,144,289,1359063262,1295904393,1280898256
521962,137,138,274,1377331219,1309742554,1291312829
522462,140,140,281,1377154133,1304570988,1277178129
522962,142,143,285,1366117735,1295162745,1269016216
523463,130,129,259,1357903139,1290681192,1273666062
523963,132,133,265,1367645514,1297694375,1273550584
524463,143,143,286,1358709713,1287454739,1266162589
524963,132,130,262,1352040784,1283326689,1265204683
525463,134,137,271,1364577485,1294581891,1263277139
525963,134,134,268,1360313825,1298600973,1280171337
526463,126,123,249,1367875038,1309202133,1300595767
526964,131,132,263,1386472957,1334712609,1310694599
527464,138,138,276,1365991345,1300849860,1282534171
527964,142,141,283,1365500250,1301090204,1275354164
528464,138,140,278,1369527950,1309018445,1287041772
528964,139,138,277,1354701429,1284812541,1266860679
529464,135,136,270,1368533153,1300687512,1284193996
529965,139,137,277,1360409478,1293098961,1270767290
530465,143,143,286,1369368613,1315394797,1298614297
530965,139,139,278,1365089212,1301375612,1281268805
531465,150,150,299,1359705919,1290640248,1268919177
531965,144,146,291,1355712451,1299374339,1278817806
532466,131,132,261,1365101595,1303762152,1282134282
532966,135,133,270,1359120156,1279277615,1262373762
533466,125,124,248,1359445010,1298249308,1269593651
533966,126,128,255,1366567525,1294730578,1273629535
534466,141,140,281,1369600426,1301814098,1280795236
534967,150,149,299,1377906273,1328152939,1305694849
535467,147,148,295,1382224816,1336702874,1316909930
535967,149,150,299,1369996590,1322290196,1303179919
536467,148,147,295,1372696606,1324293789,1309968784
536967,151,151,302,1374777019,1326020188,1310495006
537467,151,152,303,1375942762,1330961113,1302525185
537967,164,162,326,1386819686,1345697676,1331844551
538468,147,149,296,1392782631,1347929438,1332269378
538968,153,151,304,1388898777,1337910943,1320797612
539468,145,148,293,1388874724,1344446525,1325176261
539968,149,147,296,1388128832,1346683869,1328641105
540468,163,163,326,1395032307,1348811649,1332364090
540968,154,155,309,1393535169,1346651235,1331810262
541469,153,152,305,1393272038,1346663264,1331866616
541969,154,155,309,1389039967,1347866380,1332394240
542469,154,155,309,1400365894,1355662638,1335112372
542969,157,155,312,1386278054,1343985056,1330996663
543469,149,150,299,1385090644,1344357469,1328795381
543969,156,156,312,1384797776,1339391272,1321537433
544469,165,165,330,1376833318,1329991215,1313488008
544969,148,146,294,1367786742,1333873933,1326293659
545470,149,149,298,1399996004,1353807719,1336705032
545970,158,160,318,1389542811,1345581291,1326370898
546470,154,152,306,1382215351,1339205312,1328726896
546970,151,153,304,1385486585,1350986436,1335123323
547470,164,163,327,1376775898,1335599154,1317652814
547970,154,154,308,1373125760,1329673737,1314203469
548470,157,158,315,1377380238,1329984338,1314266461
548971,155,154,309,1372676371,1322423101,1306679648
549471,154,155,309,1376813269,1327558994,1311313089
549971,146,146,292,1387139115,1338905847,1321861586
550471,153,152,305,1385801143,1344043069,1327608411
550971,151,150,301,1379832446,1336845928,1321400825
551471,149,151,300,1371738770,1335027317,1320813212
551972,150,150,300,1381968493,1351813103,1340812459
552472,147,146,293,1386557773,1345842705,1327209958
552972,143,143,286,1381753672,1333455123,1316004178
553472,136,137,273,1390536496,1347241457,1332366803
553972,155,154,309,1379287288,1333469953,1313940768
554472,142,143,285,1378231250,1331995637,1314948486
554973,142,141,283,1370328506,1306932181,1282429700
555473,142,142,284,1373825797,1313445187,1297451265
555973,153,153,306,1366691279,1307310871,1285709278
556473,149,149,298,1366628265,1301132766,1282814061
556973,145,147,292,1383813740,1329191287,1308048477
557474,155,153,308,1366181158,1306668525,1289410395
557974,146,146,292,1385594470,1324280909,1305503087
558474,154,154,308,1387951905,1330325749,1310041228
558974,150,149,299,1390992576,1341329020,1317800637
559474,142,144,286,1393532449,1344363545,1328255349
559975,159,158,317,1383047218,1329297708,1314630669
560475,153,153,306,1393322046,1343397116,1325393385
560975,159,159,316,1385516410,1341672245,1323001032
561475,159,159,320,1391268800,1338282881,1322477129
561975,162,163,325,1380457360,1334306834,1317352408
562475,155,154,309,1384438062,1339083202,1317899243
562975,160,160,320,1374416299,1325851564,1310191092
563476,142,142,284,1387839832,1344549396,1328787329
563976,158,158,316,1368504494,1318483139,1295756984
564476,165,166,331,1374010305,1326031708,1305664157
564976,150,148,298,1380305848,1331086169,1314550115
565476,165,166,331,1375624078,1327537286,1308747293
565977,147,148,295,1379256501,1334221655,1318078063
566477,154,153,307,1371865414,1322456076,1307221544
566977,153,153,306,1389425825,1338416915,1320737525
567477,156,157,313,1382769783,1329761163,1308427901
567977,163,161,324,1378567278,1326217655,1312496804
568477,147,149,296,1384530300,1335575676,1310276709
568977,147,146,293,1375206021,1329138135,1312538229
569478,160,159,319,1361422992,1310681712,1300362120
569978,156,158,314,1376291897,1326237791,1301806931
570478,149,148,297,1371737596,1324456184,1311573090
570978,158,158,316,1377603936,1327844229,1301857700
571478,153,154,307,1375127027,1325783610,1307184555
571978,143,141,284,1393242991,1349462115,1335287960
572479,140,142,282,1375103511,1309383325,1284235460
572979,148,147,294,1366806864,1311706167,1293133513
573479,141,142,284,1383579017,1324122972,1305519288
573979,141,140,281,1377108539,1314533049,1296499291
574479,148,149,297,1371355753,1313579759,1294900195
574979,137,136,273,1376612576,1318854671,1301669891
575480,151,151,302,1366308094,1306296820,1290529740
575980,154,155,309,1371084808,1302270953,1279645159
576480,139,137,276,1367259844,1297213769,1280620531
576980,150,151,301,1377791565,1313934821,1292928884
577480,143,144,287,1366242145,1309125192,1286709151
577981,152,151,303,1366987686,1301128694,1282096823
578481,147,146,293,1370236150,1302952311,1283494583
578981,136,138,273,1364981546,1308590139,1291486691
579481,149,149,298,1355258182,1285553607,1265252952
579981,143,142,286,1369673232,1302886179,1288960057
580481,142,144,286,1380752698,1319944901,1294645090
580982,142,140,282,1369369306,1309849634,1294129775
581482,146,146,292,1379995179,1309264671,1287384737
581982,149,150,299,1365706621,1299030757,1281119442
582482,160,158,318,1385549156,1332870380,1319313781
582982,135,136,271,1381008116,1325082992,1308148955
583483,132,134,266,1388760094,1330220365,1310176208
583983,141,140,281,1375465265,1312678564,1295703649
584483,136,134,270,1368596871,1311574827,1288053074
584983,155,157,312,1374898222,1319666004,1298301399
585483,139,139,278,1367245620,1297737309,1272439198
585984,135,134,269,1375553818,1308658885,1290941905
586484,141,141,282,1384051306,1320838401,1299511312
586984,147,148,295,1354701079,1280061157,1254952301
587484,134,135,269,1377136320,1325941967,1308981082
587984,159,157,316,1389275079,1341457754,1327462721
588484,151,150,301,1368714959,1326034347,1314512620
588985,150,151,301,1376122319,1317390601,1298942410
589485,143,143,286,1388949529,1337764933,1319378346
589985,141,141,282,1381897838,1322609867,1306981309
590485,132,131,263,1386334835,1320141608,1300651450
590985,145,146,291,1377465642,1310559858,1284036278
591486,139,139,278,1387254871,1327462642,1304659582
591986,148,148,296,1376197940,1315498950,1298367013
592486,128,129,257,1372618247,1299095430,1273989615
592986,144,144,288,1359967598,1287980813,1265960298
593487,128,128,256,1374956980,1323945006,1309277542
593987,149,147,296,1357351336,1298788928,1284265221
594487,133,135,268,1375228649,1311314535,1288770089
594987,146,144,290,1392314047,1337223497,1318915194
595487,140,142,282,1366022235,1296442220,1273404119
595988,142,141,283,1387325005,1321708590,1302708973
596488,136,136,272,1383918315,1329741552,1303292452
596988,146,145,291,1352412311,1281748473,1262304184
597488,140,142,282,1387304222,1335998889,1313343750
597988,136,134,270,1371358604,1318044575,1300322700
598488,148,149,297,1359229628,1297614189,1279828412
598989,148,148,296,1364157033,1307915424,1287644537
599489,141,142,283,1370885781,1307841198,1286238762
599989,158,156,314,1357522966,1294956739,1279353168
600489,137,138,275,1400076514,1356074084,1338717725
600989,172,171,343,1363814868,1324520498,1312936258
601489,166,166,332,1374409886,1329645465,1306570419
601990,141,141,282,1365657274,1308948160,1293677517
602490,170,171,341,1376327255,1324265178,1305549128
602990,146,145,291,1362476624,1299178542,1280068585
603490,136,138,274,1370598900,1319318546,1302713077
603990,157,157,314,1389818998,1338083488,1318131946
604490,146,145,289,1353186502,1294403075,1277901624
604991,131,132,265,1370076330,1299141614,1276358019
605491,159,159,318,1365478538,1304726557,1282665647
605991,131,132,263,1382344235,1324183620,1307906984
606491,148,146,294,1378753342,1332869895,1318405427
606991,157,157,314,1374378834,1316683689,1299180397
607491,142,143,285,1383936375,1330142519,1310252928
607991,141,140,281,1378380409,1315672649,1292933432
608492,154,154,307,1360833865,1296663492,1277769229
608992,134,135,270,1385009616,1312274740,1290277372
609492,145,144,289,1388328866,1326812055,1307987363
609992,152,151,303,1389271791,1326275741,1303816643
610493,131,133,264,1386871940,1327412683,1307366594
610993,156,157,313,1377833783,1311717865,1290944365
611493,135,134,269,1384315499,1335118325,1320720628
611993,134,133,267,1375508595,1317030156,1293954251
612493,175,175,349,1354443661,1306167033,1289010604
612993,176,176,353,1353563239,1287614680,1266213789
613494,167,168,335,1367203332,1287857749,1262208122
613994,152,152,303,1365755525,1306886996,1286941592
