1384083309642	,264.4776
1384083309842	,200.17267
1384083309933	,91.04707
1384083310192	,257.9919
1384083310408	,216.57822
1384083310472	,63.75423
1384083310520	,48.108955
1384083311222	,702.3041
1384083311323	,100.17826
1384083311413	,90.48763
1384083311757	,343.39008
1384083311922	,165.15651
1384083312189	,267.0213
1384083312399	,209.67719
1384083312638	,239.55266
1384083312826	,187.31442
1384083313207	,381.15475
1384083313288	,81.18162
1384083313565	,276.64786
1384083314000	,434.9722
1384083314147	,147.4605
1384083314257	,109.61757
1384083314326	,68.46707
1384083314547	,221.60086
1384083314639	,91.67332
1384083314750	,110.960075
1384083314984	,233.37373
1384083315385	,401.52036
1384083315468	,83.247246
1384083315545	,75.983986
1384083315714	,169.6727
1384083315925	,211.0692
1384083316046	,121.04751
1384083316374	,327.27332
1384083316536	,162.0033
1384083316653	,116.685844
1384083316720	,67.538795
1384083316887	,166.62422
1384083317197	,310.3407
1384083317573	,375.7417
1384083317746	,172.45538
1384083317803	,57.754513
1384083317851	,48.030376
1384083318184	,332.0518
1384083318371	,186.96748
1384083318441	,70.453064
1384083318650	,209.3129
1384083318962	,311.87943
1384083319236	,273.2068
1384083319542	,306.76294
1384083319762	,219.53593
1384083319892	,130.07921
1384083320024	,132.22134
1384083320126	,101.456245
1384083320319	,193.06438
1384083320387	,67.51184
1384083320622	,235.32478
1384083320837	,214.40392
1384083321067	,229.92326
1384083321404	,337.47998
1384083321594	,189.89964
1384083321671	,76.47466
1384083321973	,302.384
1384083322217	,244.03302
1384083322480	,263.17615
1384083322723	,242.6524
1384083322869	,146.03441
1384083323425	,556.0461
1384083323774	,348.9456
1384083324129	,354.57324
1384083324419	,290.34805
1384083324775	,355.94586
1384083325108	,332.2152
1384083325234	,126.145325
1384083325452	,218.62494
1384083325691	,238.9481
1384083326182	,490.22638
1384083326331	,149.38605
1384083326441	,109.788345
1384083326713	,272.17474
1384083327082	,368.78955
1384083327301	,218.41039
1384083327593	,292.39374
1384083327967	,374.3475
1384083328140	,172.8259
1384083328369	,229.02226
1384083328475	,105.592186
1384083328665	,189.50256
1384083328924	,259.5252
1384083329493	,569.17194
1384083329740	,246.42606
1384083330069	,328.97473
1384083330542	,473.44293
1384083330811	,268.5781
1384083331052	,240.87749
1384083331290	,238.26466
1384083331617	,326.50882
1384083331941	,324.04953
1384083332293	,352.27814
1384083332743	,449.14374
1384083333197	,453.9596
1384083333463	,266.35382
1384083333831	,367.6963
1384083334186	,355.03067
1384083334342	,155.89478
1384083334591	,249.17949
1384083334893	,301.77386
1384083334987	,94.17545
1384083335395	,408.0347
1384083335687	,291.331
1384083336060	,373.01382
1384083336598	,537.93066
1384083336779	,180.86589
1384083337180	,401.2014
1384083337362	,182.27388
1384083337482	,119.58522
1384083337771	,289.59732
1384083337884	,112.65814
1384083338119	,234.71924
1384083338447	,327.83252
1384083338664	,216.74179
1384083338893	,229.72498
1384083339170	,276.60077
1384083339396	,226.00874
1384083339684	,287.6839
1384083339977	,292.71768
1384083340153	,176.55006
1384083340391	,237.54686
1384083340701	,310.35757
1384083340819	,117.56094
1384083341208	,389.05887
1384083341651	,443.0994
1384083342057	,406.12418
1384083342517	,459.92413
1384083342914	,396.03342
1384083343039	,125.37159
1384083343519	,480.12
1384083343965	,445.9226
1384083344307	,342.13702
1384083344649	,341.99503
1384083345034	,384.28333
1384083345275	,241.49709
1384083345713	,437.5633
1384083345880	,166.88643
1384083345960	,80.44444
1384083346292	,331.74536
1384083346681	,388.8332
1384083347091	,409.4955
1384083347535	,444.8433
1384083347942	,406.78262
1384083348321	,378.93314
1384083348625	,303.18387
1384083348681	,56.50901
1384083349170	,489.08185
1384083349511	,340.4141
1384083349889	,377.79327
1384083350214	,325.49808
1384083350672	,457.68784
1384083350901	,229.1702
1384083351298	,396.59973
1384083351729	,430.70322
1384083352147	,418.12784
1384083352334	,187.30287
1384083352664	,330.1083
1384083352747	,82.96837
1384083353171	,423.8381
1384083353597	,425.59958
1384083353969	,372.2705
1384083354325	,355.51175
1384083354619	,294.23984
1384083354942	,323.41446
1384083355397	,454.04373
1384083355671	,274.22937
1384083355921	,250.33965
1384083356205	,283.85834
1384083356398	,192.26656
1384083356891	,493.66614
1384083357257	,365.7193
1384083357708	,451.3958
1384083357922	,213.86578
1384083358401	,478.47195
1384083358872	,471.22528
1384083359013	,141.17657
1384083359425	,411.57788
1384083359605	,180.1002
1384083359854	,248.85944
1384083360297	,442.58136
1384083360780	,482.74487
1384083361348	,568.6198
1384083361823	,474.86893
1384083361973	,149.3721
1384083362396	,423.74634
1384083362784	,387.5088
1384083363038	,253.57835
1384083363390	,352.01755
1384083363646	,255.8153
1384083364074	,428.7588
1384083364210	,135.35464
1384083364601	,390.6923
1384083364702	,100.95347
1384083364814	,112.08688
1384083365215	,401.52463
1384083365555	,339.54633
1384083366116	,560.7753
1384083366403	,287.15222
1384083366797	,393.48914
1384083367232	,435.54962
1384083367787	,554.7306
1384083368212	,424.54776
1384083368357	,145.12943
1384083368654	,296.76163
1384083368955	,301.33954
1384083369617	,662.3402
1384083370065	,447.5182
1384083370476	,410.74255
1384083371035	,559.5926
1384083371902	,866.71625
1384083372020	,118.16658
1384083372313	,292.8539
1384083372586	,272.32446
1384083372865	,279.4613
1384083373187	,321.80624
1384083373593	,405.55252
1384083373786	,193.32419
1384083374001	,215.42926
1384083374168	,166.89333
1384083374244	,75.84327
1384083374736	,491.2502
1384083374906	,169.93959
1384083375137	,231.32372
1384083375237	,100.09542
1384083375334	,96.45093
1384083375573	,239.07904
1384083375664	,91.23434
1384083375816	,151.52727
1384083376140	,324.60983
1384083376335	,194.33011
1384083376420	,84.93892
1384083376538	,117.70787
1384083376855	,317.7713
1384083377087	,231.76482
1384083377308	,220.74352
1384083377387	,78.99295
1384083377487	,99.63053
1384083377681	,194.03865
1384083377875	,193.72198
1384083377925	,50.701504
1384083377988	,62.948254
1384083378116	,127.13935
1384083378338	,222.45856
1384083378481	,143.15404
1384083378562	,80.20714
1384083378695	,133.16753
1384083378960	,265.47363
1384083379120	,159.36783
1384083379278	,158.34688
1384083379470	,191.31387
1384083379678	,208.0556
1384083379827	,149.28949
1384083380001	,174.36093
1384083380146	,144.2602
1384083380220	,73.80334
1384083380357	,137.61266
1384083380573	,215.92949
1384083380630	,56.62824
1384083380707	,77.553345
1384083380859	,151.42506
1384083381045	,185.79654
1384083381138	,93.57091
1384083381219	,80.27699
1384083381395	,176.30194
1384083381446	,50.713463
1384083381513	,67.145424
1384083381657	,144.19925
1384083381911	,253.63562
1384083382089	,177.65073
1384083382200	,111.21828
1384083382270	,70.17956
1384083382408	,137.37444
1384083382546	,138.56189
1384083382632	,85.189476
1384083382779	,147.33195
1384083382931	,151.43637
1384083383116	,185.82025
1384083383476	,359.1331
1384083383600	,124.548294
1384083383666	,65.848595
1384083383807	,141.26793
1384083383933	,125.239456
1384083384111	,178.09305
1384083384237	,126.49801
1384083384514	,276.89673
1384083384838	,323.42285
1384083385161	,322.89966
1384083385408	,247.45795
1384083385658	,249.99185
1384083385760	,101.189865
1384083385823	,62.887817
1384083386045	,222.406
1384083386260	,215.19313
1384083386513	,252.46799
1384083386858	,345.47507
1384083387144	,285.703
1384083387242	,97.74653
1384083387349	,107.01712
1384083387533	,183.44295
1384083387782	,249.23248
1384083387955	,173.11652
1384083388025	,70.406815
1384083388093	,67.4269
1384083388216	,123.19582
1384083388454	,238.11917
1384083388676	,222.09169
1384083388828	,151.84995
1384083389037	,208.33147
1384083389136	,99.26562
1384083389323	,186.6216
1384083389491	,168.43495
1384083389706	,214.81108
1384083389855	,148.77443
1384083390018	,162.85191
1384083390253	,234.656
1384083390458	,205.35399
1384083390705	,246.87148
1384083390897	,191.70122
1384083391130	,233.43106
1384083391226	,96.062454
1384083391484	,258.14648
1384083391630	,145.66513
1384083391901	,271.20483
1384083392191	,289.82767
1384083392296	,105.02733
1384083392417	,120.64961
1384083392583	,165.97049
1384083392866	,283.01724
1384083392965	,98.68588
1384083393094	,129.39842
1384083393465	,370.24408
1384083393615	,150.27274
1384083393711	,95.88677
1384083393863	,152.14073
1384083394089	,226.03595
1384083394273	,183.68802
1384083394341	,68.0496
1384083394485	,144.1747
1384083394642	,156.16241
1384083394800	,158.12477
1384083395017	,216.90337
1384083395167	,150.22446
1384083395418	,250.82652
1384083395670	,252.12625
1384083395833	,162.72609
1384083395915	,82.65228
1384083396003	,87.47709
1384083396156	,152.66313
1384083396265	,109.514
1384083396463	,197.44243
1384083396596	,133.43123
1384083396660	,63.92624
1384083396787	,126.199
1384083396914	,127.12647
1384083397175	,260.9343
1384083397256	,81.328476
1384083397324	,67.82855
1384083397490	,166.2827
1384083397644	,154.06549
1384083397854	,209.59242
1384083397949	,95.055466
1384083398222	,272.19498
1384083398407	,184.98032
1384083398481	,74.272675
1384083398665	,184.1265
1384083398737	,71.862
1384083398858	,120.53282
1384083399028	,170.61671
1384083399339	,310.50034
1384083399527	,188.14871
1384083399686	,159.13786
1384083399829	,142.71964
1384083400036	,207.47672
1384083400216	,179.94356
1384083400386	,169.16951
1384083400481	,95.01051
1384083400657	,175.91164
1384083400779	,122.6707
1384083400927	,147.47879
1384083401027	,100.53417
1384083401136	,108.4741
1384083401281	,144.97876
1384083401384	,102.83407
1384083401483	,99.03034
1384083401594	,111.03504
1384083401685	,90.39536
1384083401831	,146.51585
1384083401940	,108.89366
1384083402046	,106.16226
1384083402196	,149.42062
1384083402302	,105.86601
1384083402518	,216.57837
1384083402884	,365.6824
1384083402991	,106.365746
1384083403112	,121.2977
1384083403167	,55.436886
1384083403365	,197.55862
1384083403552	,187.06361
1384083403759	,206.80704
1384083403950	,191.12169
1384083404213	,262.46414
1384083404476	,263.0025
1384083404603	,127.59001
1384083404877	,273.02094
1384083405019	,142.07903
1384083405240	,221.57602
1384083405509	,268.49146
1384083405570	,61.153465
1384083405719	,148.97302
1384083405960	,241.31961
1384083406108	,147.29309
1384083406435	,327.09073
1384083406664	,229.19029
1384083406801	,137.03407
1384083407074	,272.43625
1384083407260	,186.16348
1384083407479	,219.0792
1384083407626	,147.1394
1384083407809	,182.9518
1384083407877	,67.21951
1384083408052	,175.41344
1384083408281	,228.96571
1384083408523	,241.82985
1384083408842	,318.6781
1384083409099	,256.97278
1384083409190	,91.55496
1384083409285	,94.56879
1384083409380	,95.393036
1384083409575	,194.00378
1384083409700	,125.57089
1384083409819	,119.248604
1384083410074	,254.29391
1384083410199	,125.21369
1384083410605	,405.79285
1384083410956	,351.38522
1384083411117	,160.14027
1384083411429	,312.41095
1384083411682	,253.11407
1384083411769	,86.242714
1384083411902	,133.01091
1384083412335	,433.516
1384083412464	,129.0637
1384083412638	,173.74365
1384083413016	,378.2235
1384083413125	,108.23642
1384083413231	,106.462494
1384083413532	,300.7665
1384083413731	,198.63744
1384083413821	,90.09829
1384083414018	,197.13104
1384083414093	,75.24705
1384083414221	,127.76704
1384083414457	,235.8788
1384083414541	,84.22608
1384083414681	,139.2776
1384083414849	,168.31912
1384083415009	,159.4302
1384083415262	,253.58919
1384083415503	,240.81807
1384083415799	,295.87198
1384083415867	,67.89245
1384083415921	,53.77376
1384083416058	,137.0007
1384083416166	,107.544395
1384083416295	,129.45145
1384083416525	,229.97523
1384083416697	,171.99736
1384083416765	,67.30053
1384083416861	,96.76355
1384083417020	,158.66153
1384083417275	,254.57793
1384083417547	,271.85025
1384083417944	,397.65546
1384083417997	,52.404114
1384083418268	,270.69632
1384083418466	,198.8967
1384083418650	,183.95638
1384083418856	,205.80177
1384083418984	,127.884186
1384083419217	,232.72214
1384083419429	,211.58827
1384083419664	,234.96964
1384083420052	,388.4975
1384083420118	,65.977905
1384083420336	,217.27701
1384083420609	,273.7035
1384083420897	,287.43048
1384083421103	,206.37427
1384083421351	,247.81432
1384083421765	,413.2784
1384083421891	,126.22939
1384083422173	,281.8161
1384083422424	,250.81133
1384083422647	,223.24786
1384083422865	,217.77856
1384083422978	,113.301865
1384083423096	,117.69007
1384083423287	,190.70496
1384083423450	,163.47217
1384083423672	,221.48836
1384083423881	,209.65681
1384083424072	,190.18372
1384083424360	,288.10004
1384083424650	,290.34808
1384083424936	,285.6885
1384083425162	,226.05766
1384083425402	,239.55591
1384083425719	,317.39484
1384083425979	,259.79626
1384083426041	,62.078564
1384083426222	,180.70923
1384083426423	,200.76692
1384083426596	,173.45982
1384083426723	,126.75666
1384083426999	,276.2203
1384083427068	,69.05691
1384083427207	,138.6082
1384083427286	,79.13474
1384083427686	,399.79672
1384083427935	,249.30258
1384083428043	,107.90969
1384083428148	,104.91789
1384083428287	,138.3479
1384083428386	,99.07364
1384083428575	,189.02333
1384083428679	,103.70367
1384083428765	,85.74356
1384083428943	,178.24522
1384083429135	,192.10791
1384083429291	,155.82448
1384083429683	,392.07404
1384083429805	,121.75127
1384083429955	,150.01657
1384083430136	,181.18034
1384083430207	,71.22952
1384083430315	,107.599365
1384083430497	,181.50829
1384083430742	,245.32753
1384083431155	,413.0606
1384083431252	,97.139175
1384083431433	,180.92618
1384083431535	,102.08473
1384083431627	,91.06867
1384083431849	,222.08836
1384083432025	,176.48187
1384083432189	,163.39223
1384083432454	,264.87613
1384083432779	,324.79355
1384083433070	,291.7907
1384083433369	,298.44952
1384083433704	,335.20505
1384083433973	,268.60983
1384083434204	,230.87602
1384083434641	,437.00772
1384083435765	,1124.044
1384083436009	,244.43573
1384083436163	,153.58781
1384083436370	,207.00418
1384083436753	,382.80472
1384083437047	,293.73276
1384083437401	,353.74344
1384083437662	,261.8517
1384083437816	,153.56668
1384083438104	,288.0269
1384083438249	,145.17609
1384083438414	,164.8122
1384083438567	,152.99268
1384083438860	,292.45316
1384083439268	,408.22574
1384083439489	,220.50577
1384083439733	,244.20332
1384083439945	,212.14342
1384083440182	,237.10936
1384083440391	,208.73672
1384083440647	,255.84657
1384083440950	,302.92838
1384083441180	,229.80087
1384083441431	,250.84818
1384083441617	,185.97655
1384083441933	,316.37128
1384083442207	,274.06418
1384083442488	,280.34857
1384083442784	,296.50952
1384083442974	,189.3463
1384083443339	,365.39685
1384083443732	,392.97632
1384083443954	,221.7229
1384083444164	,210.1264
1384083444435	,270.488
1384083444740	,305.2205
1384083444911	,170.97456
1384083445262	,350.61658
1384083445425	,162.82933
1384083445668	,243.50056
1384083445876	,207.53761
1384083446406	,529.835
1384083446633	,227.82225
1384083446887	,253.28036
1384083447048	,161.17293
1384083447344	,296.22293
1384083447893	,548.8565
1384083448250	,357.15338
1384083448554	,303.54547
1384083448786	,231.70926
1384083449233	,446.7376
1384083449422	,188.91692
1384083449711	,288.88135
1384083449991	,280.0987
1384083450256	,264.80994
1384083450509	,253.74867
1384083450823	,313.18494
1384083451022	,199.58931
1384083451218	,195.49623
1384083451721	,503.4
1384083451907	,185.52669
1384083452216	,308.86545
1384083452509	,292.8075
1384083452773	,264.6491
1384083453183	,409.99564
1384083453310	,126.48553
1384083453618	,307.53958
1384083453801	,183.6724
1384083454020	,218.46301
1384083454144	,124.02384
1384083454588	,444.05777
1384083454736	,147.90837
1384083454940	,204.19708
1384083455418	,477.31107
1384083455953	,535.79987
1384083456094	,140.74236
1384083456295	,200.72623
1384083456474	,178.97388
1384083456902	,427.451
1384083457014	,112.35922
1384083457349	,335.41077
1384083457591	,241.56192
1384083457861	,269.71274
1384083458306	,445.3746
1384083458710	,403.5506
1384083459131	,421.3297
1384083459562	,431.1933
1384083460013	,450.36533
1384083460190	,176.79895
1384083460480	,289.7653
1384083460797	,316.9192
1384083460867	,70.81789
1384083461193	,325.92096
1384083461572	,378.32867
1384083461979	,407.33643
1384083462218	,239.17691
1384083462358	,139.64113
1384083462640	,281.79477
1384083462804	,164.23717
1384083463278	,473.8124
1384083463518	,239.85121
1384083463901	,383.26944
1384083464098	,196.49654
1384083464494	,396.19513
1384083464983	,488.30902
1384083465228	,245.0368
1384083465496	,268.22897
1384083465946	,450.04163
1384083466446	,499.59094
1384083466744	,298.541
1384083467026	,281.99838
1384083467602	,575.59393
1384083467960	,358.39798
1384083468263	,302.62488
1384083468670	,406.53098
1384083469108	,438.00665
1384083469480	,371.9534
1384083469829	,349.67517
1384083470173	,343.46753
1384083470668	,494.4958
1384083470959	,291.556
1384083471365	,406.13855
1384083471631	,265.9316
1384083471988	,356.35733
1384083472321	,333.2758
1384083472633	,312.34488
1384083473171	,537.1253
1384083473468	,297.53345
1384083473633	,164.23598
1384083473964	,331.60764
1384083474308	,343.85806
1384083474578	,269.36227
1384083475069	,491.27594
1384083475625	,556.3729
1384083476022	,396.92108
1384083476139	,116.943665
1384083476492	,353.0431
1384083476735	,243.05678
1384083476982	,246.6671
1384083477155	,172.47125
1384083477237	,82.56325
1384083477600	,362.68793
1384083477865	,264.713
1384083478195	,329.67758
1384083478590	,395.6595
1384083478994	,403.22537
1384083479544	,550.1275
1384083480163	,618.93085
1384083480670	,507.13577
1384083481089	,419.22058
1384083481236	,146.5566
1384083481675	,438.94125
1384083481764	,89.342026
1384083482176	,411.19876
1384083482505	,329.2279
1384083482740	,235.2401
1384083483138	,397.84753
1384083483652	,514.4482
1384083483856	,203.18822
1384083484316	,459.955
1384083484806	,490.22675
1384083485089	,283.11368
1384083485368	,278.5613
1384083485738	,370.62836
1384083486205	,466.8305
1384083486503	,297.92355
1384083486948	,444.2312
1384083487371	,423.13452
1384083487777	,406.3929
1384083488013	,235.56496
1384083488629	,615.94104
1384083488980	,351.4722
1384083489175	,194.15154
1384083489418	,243.00415
1384083489627	,209.63322
1384083490078	,450.3159
1384083490379	,301.54147
1384083490802	,422.35098
1384083491172	,370.64615
1384083491363	,190.51535
1384083491550	,186.54518
1384083492042	,491.8911
1384083492359	,317.67227
1384083492751	,391.40393
1384083492926	,175.06828
1384083493557	,630.99097
1384083493926	,369.31668
1384083494007	,80.75757
1384083494208	,200.68471
1384083494399	,191.12851
1384083494474	,74.51686
1384083494655	,181.05101
1384083494711	,56.26839
1384083494809	,97.550125
1384083495049	,240.62506
1384083495367	,317.3912
1384083495615	,248.44952
1384083495818	,202.71829
1384083496056	,237.86826
1384083496273	,217.06625
1384083496403	,129.91182
1384083496649	,246.25264
1384083496805	,155.57114
1384083497023	,216.74086
1384083497148	,124.48115
1384083497280	,132.60085
1384083497415	,134.63344
1384083497521	,105.77856
1384083497611	,89.76632
1384083497718	,106.73418
1384083498090	,372.43835
1384083498258	,167.4425
1384083498451	,193.58289
1384083498776	,325.0589
1384083499036	,259.9489
1384083499303	,266.45236
1384083499693	,390.42978
1384083499921	,227.66469
1384083500231	,310.24167
1384083500508	,276.4252
1384083500922	,414.3105
1384083501352	,429.3272
1384083501587	,235.24123
1384083501848	,260.8408
1384083501933	,84.85831
1384083502130	,197.09511
1384083502395	,264.7653
1384083502778	,382.86923
1384083502860	,82.70079
1384083503016	,155.26486
1384083503215	,199.08246
1384083503458	,243.09984
1384083503691	,232.93076
1384083504066	,375.34213
1384083504309	,242.4708
1384083504665	,356.1383
1384083505020	,355.2273
1384083505150	,129.87044
1384083505299	,148.68376
1384083505392	,92.61872
1384083505716	,323.8795
1384083506068	,351.97308
1384083506373	,305.07574
1384083506766	,392.96524
1384083507032	,266.19623
1384083507222	,190.21703
1384083507520	,297.73254
1384083507717	,197.19896
1384083507931	,213.68692
1384083508065	,134.33546
1384083508285	,219.20413
1384083508492	,207.6827
1384083508706	,213.47824
1384083509139	,433.33557
1384083509258	,118.85585
1384083509560	,301.32687
1384083509944	,384.53342
1384083510143	,199.06172
1384083510283	,140.01146
1384083510387	,103.852516
1384083510506	,118.82014
1384083510754	,247.99579
1384083510837	,82.9332
1384083511002	,164.84232
1384083511188	,185.86812
1384083511354	,165.2992
1384083511588	,234.59749
1384083511722	,133.2997
1384083511831	,109.558624
1384083511970	,139.21542
1384083512141	,170.28659
1384083512364	,223.11874
1384083512535	,170.9344
1384083512742	,207.11317
1384083512950	,207.43304
1384083513310	,360.04898
1384083513429	,119.53266
1384083513587	,157.49437
1384083513930	,343.0186
1384083514319	,389.02753
1384083514706	,387.35632
1384083515011	,304.5568
1384083515193	,182.01968
1384083515437	,244.03064
1384083515784	,346.27414
1384083516188	,404.53033
1384083516402	,213.40952
1384083516711	,309.07294
1384083516841	,129.7349
1384083517140	,299.1226
1384083517383	,243.4861
1384083517580	,196.6431
1384083517741	,160.91931
1384083517938	,197.0781
1384083518047	,108.53903
1384083518142	,95.057495
1384083518447	,305.38412
1384083518783	,335.95456
1384083518914	,131.00124
1384083519231	,316.6267
1384083519460	,228.74544
1384083519553	,93.59353
1384083519718	,164.09369
1384083519901	,183.67847
1384083520157	,255.86314
1384083520539	,381.4051
1384083520723	,184.51375
1384083520865	,141.64348
1384083521005	,139.8088
1384083522214	,1209.4258
1384083522526	,311.6975
1384083522827	,300.39877
1384083523048	,221.0831
1384083523206	,158.24127
1384083523497	,290.93967
1384083523594	,97.28299
1384083523737	,142.66962
1384083524040	,303.1922
1384083524164	,123.93452
1384083524289	,124.19874
1384083524646	,357.21234
1384083524744	,98.513725
1384083524907	,162.57506
1384083525014	,106.727745
1384083525234	,220.39569
1384083525442	,207.38742
1384083525640	,198.01091
1384083525780	,140.0418
1384083526073	,293.23477
1384083526289	,215.96408
1384083526759	,469.54343
1384083527113	,354.1813
1384083527438	,324.85846
1384083527752	,314.32898
1384083528007	,254.93687
1384083528289	,281.1998
1384083528550	,261.14175
1384083528940	,390.44003
1384083529148	,207.48802
1384083529400	,252.68817
1384083529637	,236.67891
1384083529815	,177.96529
1384083530018	,202.85773
1384083530118	,99.76754
1384083530428	,309.90973
1384083530566	,137.66524
1384083530837	,271.0003
1384083531051	,214.32228
1384083531314	,262.47995
1384083531670	,356.27686
1384083531804	,134.37828
1384083532020	,215.64474
1384083532163	,143.3102
1384083532293	,129.91089
1384083532482	,188.17578
1384083532689	,207.00583
1384083533030	,341.60153
1384083533124	,93.81931
1384083533458	,333.96677
1384083533707	,249.05246
1384083533805	,97.35865
1384083534164	,359.6273
1384083534408	,243.73732
1384083534795	,386.7034
1384083535106	,311.43433
1384083535464	,357.49725
1384083535821	,357.02087
1384083536108	,286.55585
1384083536606	,497.82053
1384083536885	,279.51492
1384083537180	,294.61566
1384083537393	,212.97736
1384083537501	,107.806656
1384083537750	,249.0569
1384083537944	,193.66008
1384083538356	,412.58902
1384083538567	,210.48181
1384083538728	,161.09389
1384083538833	,104.83616
1384083538937	,104.28343
1384083539236	,299.1767
1384083539495	,258.10892
1384083539740	,245.12573
1384083540138	,398.23474
1384083540413	,275.03064
1384083540874	,461.12317
1384083541110	,235.85548
1384083541379	,268.63126
1384083541797	,418.21344
1384083542104	,307.2225
1384083542562	,457.78635
1384083542885	,323.14273
1384083543171	,285.70782
1384083543486	,314.42303
1384083543863	,377.1895
1384083543960	,97.32534
1384083544360	,399.78598
1384083544640	,279.9489
1384083544762	,122.159904
1384083544900	,137.3233
1384083545129	,229.32819
1384083545384	,255.20386
1384083545657	,273.0491
1384083546007	,349.49078
1384083546321	,314.3479
1384083546602	,280.36432
1384083546892	,290.05453
1384083547005	,113.201065
1384083547340	,334.31616
1384083547431	,91.17654
1384083547690	,259.4091
1384083547842	,151.41962
1384083547965	,123.07881
1384083548231	,266.46262
1384083548493	,261.54266
1384083548725	,231.72855
1384083548846	,121.161255
1384083548961	,114.97435
1384083549061	,99.33491
1384083549415	,354.28046
1384083549649	,233.99997
1384083549992	,343.40527
1384083550327	,334.7417
1384083550427	,100.200714
1384083550715	,287.33154
1384083550919	,204.27737
1384083551062	,143.15886
1384083551422	,359.5592
1384083551590	,167.79515
1384083552031	,441.02075
1384083552334	,302.87497
1384083552522	,187.96254
1384083552815	,293.8246
1384083553218	,402.77805
1384083553439	,220.58104
1384083553567	,127.76946
1384083553755	,188.4237
1384083554136	,380.4901
1384083554425	,289.67776
1384083554549	,123.47661
1384083554686	,137.04094
1384083554771	,84.451225
1384083555105	,334.5676
1384083555445	,339.95392
1384083555794	,348.48355
1384083555879	,85.557884
1384083556077	,197.64287
1384083556323	,245.93176
1384083556714	,391.04846
1384083557048	,333.25882
1384083557382	,334.8361
1384083557757	,374.36298
1384083557998	,241.60583
1384083558285	,286.81384
1384083558472	,186.94437
1384083558530	,57.88871
1384083558632	,101.3297
1384083558776	,144.25047
1384083558913	,137.43575
1384083559063	,149.92365
1384083559260	,196.93394
1384083559481	,220.81316
1384083559810	,328.49356
1384083560046	,235.92172
1384083560254	,208.00237
1384083560439	,185.2925
1384083560570	,130.91452
1384083560656	,86.278465
1384083561005	,348.0998
1384083561097	,92.12344
1384083561281	,184.28278
1384083561562	,280.6407
1384083561695	,132.96324
1384083561760	,65.013596
1384083561910	,150.41928
1384083562150	,240.02792
1384083562467	,316.36627
1384083562536	,68.941284
1384083562859	,323.27396
1384083563159	,299.53278
1384083563460	,300.91574
1384083563777	,316.93436
1384083563847	,70.528725
1384083564121	,273.87363
1384083564382	,260.42007
1384083564577	,194.86723
1384083564837	,258.28107
1384083565088	,251.05829
1384083565355	,266.88394
1384083565542	,187.34981
1384083565653	,110.49198
1384083565966	,312.9721
1384083566239	,273.41205
1384083566441	,201.5444
1384083566773	,332.07605
1384083566912	,138.89752
1384083567125	,213.50586
1384083567414	,288.4258
1384083567785	,371.17438
1384083567948	,162.78792
1384083568316	,368.50598
1384083568605	,288.2748
1384083568739	,133.77821
1384083568992	,253.02048
1384083569079	,86.8663
1384083569610	,531.3325
1384083569742	,132.43747
1384083569973	,230.48616
1384083570244	,271.34143
1384083570401	,156.74149
1384083570577	,175.62825
1384083570709	,132.52226
1384083570919	,210.07123
1384083570980	,60.182503
1384083571248	,268.6697
1384083571502	,253.47383
1384083571774	,272.38583
1384083572134	,359.76666
1384083572365	,230.332
1384083572485	,120.74609
1384083572886	,400.2859
1384083572953	,66.924995
1384083573172	,219.04053
1384083573258	,86.21636
1384083573439	,181.14784
1384083573808	,368.64108
1384083574082	,274.58957
1384083574333	,250.7148
1384083574668	,334.48492
1384083574894	,225.81204
1384083575291	,397.09708
1384083575690	,399.15912
1384083576174	,483.9646
1384083576340	,165.38986
1384083576626	,286.87668
1384083576815	,188.40056
1384083577163	,348.11707
1384083577455	,291.79294
1384083577516	,61.1129
1384083577731	,214.51482
1384083578105	,373.84305
1384083578417	,312.76654
1384083578657	,240.03455
1384083578877	,219.49089
1384083579006	,129.2603
1384083579555	,548.2472
1384083579908	,353.59882
1384083580471	,562.17084
1384083580757	,286.0919
1384083581201	,443.85248
1384083581571	,370.4883
1384083581961	,390.20682
1384083582136	,174.21149
1384083582250	,114.35488
1384083582548	,298.33887
1384083583078	,529.09265
1384083583499	,421.0978
1384083583710	,211.24193
1384083584091	,380.98874
1384083584547	,455.54288
1384083584984	,436.78918
1384083585206	,222.51459
1384083585522	,316.23154
1384083585847	,324.36862
1384083586269	,422.39786
1384083586415	,145.96558
1384083586746	,330.6786
1384083587112	,366.21066
1384083587382	,269.98273
1384083587806	,423.5058
1384083588350	,544.01886
1384083588440	,90.37354
1384083588844	,403.46634
1384083589037	,193.14297
1384083589491	,454.1226
1384083589644	,152.93507
1384083590190	,545.80444
1384083590533	,343.04425
1384083590697	,163.60823
1384083590921	,223.64388
1384083591178	,256.76056
1384083591252	,73.99569
1384083591688	,436.63855
1384083591949	,261.02646
1384083592147	,197.83403
1384083592427	,280.07495
1384083592756	,329.06177
1384083593184	,427.85727
1384083593720	,535.7863
1384083594089	,368.36633
1384083594552	,463.60306
1384083594782	,230.00903
1384083595189	,406.59445
1384083595518	,329.10193
1384083595870	,351.35822
1384083596339	,469.78955
1384083596710	,370.5699
1384083597109	,398.51694
1384083597363	,254.00157
1384083597930	,567.05176
1384083598309	,379.22614
1384083598614	,304.91467
1384083598777	,162.73
1384083599136	,358.9673
1384083599565	,429.1013
1384083600059	,494.30826
1384083600526	,466.57376
1384083600883	,356.97028
1384083600967	,84.19084
1384083601256	,288.2794
1384083601821	,565.0131
1384083602118	,297.5385
1384083602595	,476.25418
1384083603066	,471.67184
1384083603413	,346.8047
1384083603909	,495.6489
1384083604410	,500.58002
1384083604760	,349.9916
1384083605228	,468.2527
1384083605653	,425.12445
1384083606024	,371.27087
1384083606286	,261.74283
1384083606656	,369.3464
1384083606863	,207.5641
1384083607213	,349.9433
1384083607592	,379.2096
1384083607744	,151.45868
1384083608006	,261.5907
1384083608651	,645.67834
1384083609090	,438.74234
1384083609344	,253.25998
1384083609655	,311.18204
1384083609978	,322.74652
1384083610363	,384.90225
1384083610813	,450.77704
1384083611055	,241.33606
1384083611414	,359.6446
1384083611941	,526.5573
1384083612342	,400.95068
1384083612807	,464.5073
1384083614521	,1714.1497
1384083614914	,393.376
1384083615044	,130.00647
1384083615304	,259.97803
1384083615449	,144.28622
1384083615762	,313.47525
1384083615981	,219.23428
1384083616367	,385.49335
1384083616612	,244.61975
1384083616760	,148.14078
1384083616854	,94.4876
1384083617273	,418.77368
1384083617448	,174.95819
1384083617605	,156.31476
1384083617838	,233.70872
1384083617955	,116.113235
1384083618252	,297.2941
1384083618481	,228.74326
1384083618680	,199.64316
1384083618773	,92.1246
1384083618882	,109.27171
1384083619021	,139.37677
1384083619203	,181.65277
1384083619539	,335.80786
1384083619832	,293.0169
1384083620198	,366.2517
1384083620568	,369.74124
1384083620669	,101.09902
1384083620873	,204.22313
1384083621150	,276.86273
1384083621380	,229.90901
1384083621503	,122.519394
1384083621781	,278.22702
1384083621896	,114.48999
1384083622008	,112.30074
1384083622206	,197.77654
1384083622301	,95.30603
1384083622659	,357.21588
1384083622963	,304.07806
1384083623164	,201.2835
1384083623395	,230.80411
1384083623748	,352.70834
1384083623967	,219.09142
1384083624101	,134.2532
1384083624354	,252.94307
1384083624696	,341.7045
1384083624971	,274.64047
1384083625395	,424.80167
1384083625474	,78.59437
1384083625742	,268.29932
1384083625878	,135.86516
1384083626212	,334.0599
1384083626646	,433.61325
1384083626898	,252.2154
1384083627132	,233.18176
1384083627215	,83.45914
1384083627325	,110.10555
1384083627571	,245.21301
1384083627768	,197.51363
1384083628018	,250.14915
1384083628300	,281.27917
1384083628398	,97.74833
1384083628578	,180.92798
1384083628863	,284.62888
1384083628986	,123.09172
1384083629439	,452.753
1384083629523	,83.85171
1384083629640	,117.3173
1384083629918	,277.91418
1384083630120	,201.32748
1384083630319	,199.05011
1384083630521	,202.38142
1384083630684	,162.5365
1384083630963	,279.45352
1384083631358	,394.0533
1384083631580	,222.7612
1384083632075	,494.3925
1384083632615	,540.09674
1384083632966	,350.9093
1384083633227	,261.3498
1384083633596	,368.5926
1384083633788	,192.36302
1384083634010	,221.72008
1384083634339	,328.5387
1384083634491	,152.52759
1384083634834	,342.3499
1384083635174	,340.3747
1384083635258	,83.66123
1384083635355	,96.79699
1384083635524	,169.12202
1384083635840	,316.28412
1384083635917	,77.208145
1384083636078	,160.88162
1384083636380	,301.30127
1384083636440	,60.43245
1384083636744	,304.1021
1384083637035	,290.0456
1384083637344	,309.52173
1384083637755	,410.91626
1384083638012	,257.21857
1384083638237	,224.30505
1384083638438	,201.26599
1384083638705	,267.37912
1384083638784	,78.58863
1384083639013	,228.42865
1384083639107	,94.5357
1384083639436	,328.90582
1384083639582	,145.41942
1384083639934	,352.25122
1384083640267	,332.99945
1384083640417	,150.19157
1384083640545	,127.72221
1384083640899	,353.81046
1384083640985	,86.13038
1384083641146	,160.94463
1384083641424	,277.8228
1384083641567	,143.10228
1384083641998	,430.83246
1384083642551	,553.12573
1384083642757	,205.94106
1384083643049	,292.2093
1384083643160	,110.26261
1384083643416	,256.72928
1384083643579	,162.20534
1384083643681	,102.84762
1384083644207	,525.1197
1384083644351	,144.54535
1384083644615	,263.53433
1384083644758	,143.22542
1384083645045	,287.1726
1384083645109	,63.220337
1384083645503	,394.83948
1384083645857	,353.39114
1384083646267	,410.3612
1384083646501	,233.60931
1384083646702	,201.23654
1384083646929	,226.79997
1384083647066	,136.87029
1384083647353	,286.83395
1384083647607	,254.16925
1384083647952	,344.61484
1384083648051	,99.179535
1384083648286	,234.52942
1384083648568	,282.23718
1384083648855	,287.1383
1384083649102	,246.50876
1384083649423	,321.33707
1384083649540	,116.43804
1384083649700	,160.58272
1384083649910	,209.44458
1384083650123	,213.57597
1384083650298	,174.5475
1384083650577	,278.6001
1384083650894	,317.34003
1384083651181	,286.6873
1384083651525	,344.27704
1384083651759	,234.19809
1384083652014	,254.33974
1384083652112	,98.52299
1384083652239	,126.114784
1384083652372	,133.82617
1384083652599	,226.49539
1384083652938	,338.9757
1384083653449	,510.50375
1384083653813	,364.0414
1384083654248	,435.45227
1384083654593	,345.1441
1384083654828	,234.74846
1384083654973	,144.8213
1384083655231	,258.02567
1384083655485	,253.7175
1384083655617	,132.1928
1384083655742	,124.29662
1384083656196	,454.5345
1384083656447	,250.85947
1384083656832	,385.20413
1384083657171	,338.96292
1384083657467	,295.65604
1384083657846	,378.82025
1384083658375	,528.57
1384083658535	,160.23299
1384083658971	,435.72684
1384083659099	,128.36534
1384083659356	,256.9647
1384083659679	,322.98648
1384083660148	,468.77655
1384083660460	,312.02145
1384083660755	,295.30655
1384083660979	,223.37045
1384083661097	,118.40723
1384083661386	,288.72638
1384083661705	,319.4079
1384083662094	,388.98386
1384083662331	,236.53415
1384083662682	,350.9207
1384083662978	,296.09644
1384083663321	,342.32968
1384083663815	,494.73447
1384083664199	,383.6948
1384083664499	,299.46027
1384083664909	,410.06824
1384083665312	,403.715
1384083665441	,128.89717
1384083665767	,325.84305
1384083665854	,86.278534
1384083665945	,91.706085
1384083666286	,341.0103
1384083666516	,229.04333
1384083666876	,360.24216
1384083667076	,200.0311
1384083667407	,331.05887
1384083667794	,386.36823
1384083668123	,329.34158
1384083668491	,368.41162
1384083668639	,147.52385
1384083668985	,345.9427
1384083669300	,315.0286
1384083669434	,133.8808
1384083669698	,263.95416
1384083669946	,248.10754
1384083670311	,364.63486
1384083670680	,368.80508
1384083671090	,410.28082
1384083671430	,339.49847
1384083671778	,348.4207
1384083672075	,296.80518
1384083672291	,216.30936
1384083672650	,358.93573
1384083673066	,415.24658
1384083673471	,404.92316
1384083673790	,319.88806
1384083674097	,306.68542
1384083674555	,457.90756
1384083674991	,435.87885
1384083675094	,102.86632
1384083675235	,141.32896
1384083675343	,107.33768
1384083675466	,123.573906
1384083675725	,258.78125
1384083675890	,164.93695
1384083676075	,184.9966
1384083676303	,227.26642
1384083676588	,285.1944
1384083676949	,361.37317
1384083677070	,120.95618
1384083677255	,184.84555
1384083677614	,358.59152
1384083677952	,338.5446
1384083678091	,138.26045
1384083678429	,338.32166
1384083678594	,165.1854
1384083678674	,79.478516
1384083679000	,325.9974
1384083679312	,312.15878
1384083679654	,342.06567
1384083679918	,263.37985
1384083680068	,149.68616
1384083680276	,208.8164
1384083680475	,198.74255
1384083680630	,155.15247
1384083680990	,359.9274
1384083681250	,259.3745
1384083681331	,80.67342
1384083681536	,205.86473
1384083681801	,264.73907
1384083682027	,225.56876
1384083682129	,101.74474
1384083682258	,129.1809
1384083682421	,163.39978
1384083682713	,291.32727
1384083682834	,121.02675
1384083683045	,211.05214
1384083683261	,215.57019
1384083683384	,123.802414
1384083683518	,133.55396
1384083683733	,214.93294
1384083683953	,220.28595
1384083684133	,179.67703
1384083684275	,141.38673
1384083684382	,107.70961
1384083684490	,107.757965
1384083684576	,85.75358
1384083684654	,78.265236
1384083684742	,88.12795
1384083684825	,82.99325
1384083684890	,64.283295
1384083685268	,378.59808
1384083685498	,229.98593
1384083685807	,308.55466
1384083686051	,244.1116
1384083686471	,419.4023
1384083686755	,284.7279
1384083687050	,294.77884
1384083687295	,244.83473
1384083687661	,365.69022
1384083687969	,308.0407
1384083688408	,439.15152
1384083688670	,261.7175
1384083688854	,183.93524
1384083689164	,310.32507
1384083689415	,250.24486
1384083689655	,239.98265
1384083689722	,63.960663
1384083690130	,408.21442
1384083690307	,176.9107
1384083690556	,248.22685
1384083690660	,104.65544
1384083690959	,298.26453
1384083691241	,282.24423
1384083691560	,318.6774
1384083691638	,78.48212
1384083691867	,228.7492
1384083692000	,133.09221
1384083692062	,61.380535
1384083692466	,404.41495
1384083693055	,588.7088
1384083693447	,392.52472
1384083693718	,270.4058
1384083694114	,396.57294
1384083694404	,289.08075
1384083694646	,242.50177
1384083694944	,298.32614
1384083695287	,342.13077
1384083695650	,363.4792
1384083695932	,282.17883
1384083696243	,310.50604
1384083696456	,212.5381
1384083696809	,353.54288
1384083697184	,374.72183
1384083697599	,415.0276
1384083697779	,180.2426
1384083698128	,348.75873
1384083698521	,392.7404
1384083698778	,256.93887
1384083698851	,73.376015
1384083699091	,239.90903
1384083699375	,283.88248
1384083699810	,434.52438
1384083700313	,502.95758
1384083700593	,279.98163
1384083700986	,392.9912
1384083701323	,336.8668
1384083701433	,109.619736
1384083701685	,251.92921
1384083701906	,221.0619
1384083702313	,406.9184
1384083702541	,228.72537
1384083702991	,449.7344
1384083703177	,185.6777
1384083703381	,203.57654
1384083703794	,412.80194
1384083703959	,165.13937
1384083704027	,68.56359
1384083704412	,384.20282
1384083704877	,465.61517
1384083705249	,371.53564
1384083705552	,303.48853
1384083705938	,385.0437
1384083706430	,492.58945
1384083706944	,514.26294
1384083707131	,186.58443
1384083707445	,314.0935
1384083708043	,597.6811
1384083708518	,474.77542
1384083709007	,488.66354
1384083709164	,157.14699
1384083709604	,440.29465
1384083709735	,130.84201
1384083709932	,196.93513
1384083710324	,391.85577
1384083710620	,295.8686
1384083710833	,213.12782
1384083711147	,314.1776
1384083711454	,306.68707
1384083711670	,215.95914
1384083712027	,357.3442
1384083712395	,367.58652
1384083712728	,332.9786
1384083713012	,283.99896
1384083713497	,484.88312
1384083713799	,301.8697
1384083714064	,264.74667
1384083714416	,352.00885
1384083714817	,401.4868
1384083715050	,232.59573
1384083715585	,534.7594
1384083716044	,459.64423
1384083716556	,511.41486
1384083716853	,296.94577
1384083716980	,126.63817
1384083717474	,493.9584
1384083718018	,544.51184
1384083718212	,194.00613
1384083718639	,426.81018
1384083718991	,351.54117
1384083719379	,388.04395
1384083719718	,339.2383
1384083720059	,340.79407
1384083720326	,266.9146
1384083720730	,404.7082
1384083721279	,548.5273
1384083721611	,332.06616
1384083722006	,394.54428
1384083722387	,381.1363
1384083722820	,432.6703
1384083722985	,164.88716
1384083723288	,303.55457
1384083723628	,340.05334
1384083723960	,331.8879
1384083724205	,244.74591
1384083724578	,373.14417
1384083725011	,432.6007
1384083725324	,313.26917
1384083725568	,243.55342
1384083725891	,322.61636
1384083726332	,440.9721
1384083726854	,521.8292
1384083728499	,1645.4232
1384083728860	,360.6903
1384083729080	,220.06384
1384083729223	,140.89804
1384083729384	,161.0464
1384083729754	,370.17026
1384083729986	,232.5182
1384083730073	,86.81294
1384083730180	,106.85269
1384083730473	,292.1829
1384083730679	,206.22272
1384083730844	,165.21085
1384083731054	,210.09001
1384083731336	,281.74518
1384083731601	,264.51685
1384083731744	,143.4181
1384083732047	,302.56076
1384083732179	,131.95943
1384083732577	,398.1945
1384083732953	,375.97726
1384083733115	,161.81287
1384083733228	,113.41612
1384083733289	,60.98563
1384083733447	,157.29416
1384083733506	,59.34638
1384083733741	,235.24597
1384083734162	,420.9111
1384083734309	,146.7202
1384083734473	,163.60178
1384083734725	,252.47253
1384083735117	,391.15814
1384083735444	,327.09384
1384083735776	,332.49603
1384083735979	,202.72993
1384083736122	,142.70116
1384083736545	,423.34763
1384083736678	,132.56854
1384083736940	,261.6094
1384083737119	,179.26468
1384083737261	,142.49557
1384083737497	,235.0676
1384083737629	,132.65086
1384083737850	,220.89893
1384083738119	,269.15268
1384083738299	,179.64726
1384083738528	,228.99538
1384083738671	,142.84924
1384083738815	,143.76532
1384083739024	,208.90031
1384083739140	,116.61459
1384083739260	,119.34967
1384083739538	,278.33194
1384083739662	,123.55292
1384083739971	,308.6217
1384083740169	,198.88394
1384083740448	,278.0769
1384083740539	,91.63562
1384083740844	,304.50024
1384083741123	,279.4506
1384083741237	,113.47429
1384083741479	,242.61041
1384083741877	,397.9362
1384083742194	,316.0773
1384083742484	,290.6747
1384083742707	,222.1824
1384083743064	,357.17325
1384083743365	,301.44998
1384083743615	,249.25537
1384083743943	,328.68344
1384083744218	,274.78973
1384083744312	,94.254944
1384083744582	,269.4783
1384083744780	,198.36018
1384083745108	,327.50385
1384083745419	,310.6624
1384083745637	,218.72533
1384083745924	,286.09583
1384083746312	,388.77933
1384083746708	,395.14844
1384083747153	,444.93054
1384083747502	,349.52176
1384083747851	,348.67352
1384083748103	,252.4735
1384083748451	,347.3494
1384083748883	,432.5044
1384083749097	,213.44687
1384083749258	,160.94437
1384083749333	,74.88389
1384083749577	,244.07936
1384083749671	,93.95438
1384083750039	,367.9204
1384083750225	,186.35362
1384083750429	,203.5076
1384083750497	,67.89336
1384083750748	,250.54102
1384083751000	,252.31288
1384083751275	,274.68433
1384083751509	,234.72484
1384083751898	,388.87497
1384083752155	,256.81183
1384083752246	,91.048134
1384083752619	,372.58344
1384083752950	,330.9966
1384083753183	,233.08806
1384083753512	,328.97513
1384083753918	,406.1111
1384083754141	,222.8196
1384083754317	,175.34972
1384083754734	,417.18015
1384083755031	,297.54745
1384083755171	,139.84502
1384083755508	,336.13382
1384083755732	,224.65508
1384083756138	,406.0008
1384083756384	,245.92793
1384083756596	,211.73279
1384083756962	,366.05902
1384083757237	,274.9703
1384083757954	,716.25446
1384083758452	,498.7891
1384083758967	,514.9797
1384083759391	,423.98557
1384083759784	,392.75797
1384083759948	,163.90182
1384083760326	,377.3408
1384083760685	,359.79398
1384083761120	,434.15515
1384083761537	,416.98508
1384083761894	,357.54636
1384083762105	,210.55406
1384083762482	,377.18002
1384083762857	,375.24435
1384083763088	,230.39127
1384083763445	,357.46237
1384083763794	,348.53214
1384083764054	,260.26416
1384083764404	,350.11832
1384083764728	,323.76035
1384083764920	,191.62146
1384083765232	,312.26202
1384083765600	,367.68585
1384083766029	,429.31033
1384083766427	,397.6086
1384083766711	,283.94177
1384083767128	,416.75778
1384083767555	,426.6738
1384083767928	,373.49396
1384083768524	,595.7504
1384083769016	,491.92105
1384083769325	,309.16568
1384083769674	,348.73712
1384083769910	,236.07959
1384083770431	,520.51294
1384083770722	,291.61017
1384083770999	,276.6879
1384083771283	,283.5786
1384083771717	,434.7368
1384083771884	,166.29875
1384083772323	,438.80255
1384083772716	,393.02396
1384083773078	,362.3241
1384083773302	,223.84756
1384083773512	,209.80806
1384083773794	,282.3276
1384083774007	,212.62515
1384083774458	,450.85394
1384083774728	,269.81448
1384083775192	,464.06522
1384083775394	,201.89374
1384083775703	,309.01593
1384083776061	,358.52295
1384083776390	,328.05203
1384083776843	,452.93454
1384083777374	,531.53766
1384083777641	,266.54547
1384083777990	,349.22266
1384083778421	,430.94235
1384083778866	,445.20056
1384083779318	,451.28528
1384083779677	,359.04413
1384083780187	,510.5476
1384083780574	,386.4446
1384083780788	,214.11087
1384083781293	,505.12384
1384083781738	,444.9132
1384083781992	,254.17429
1384083782340	,347.92038
1384083782618	,277.2086
1384083782945	,326.8584
1384083783209	,264.8131
1384083783534	,324.5888
1384083783889	,354.99924
1384083784355	,465.33734
1384083784848	,492.98703
1384083785291	,443.50607
1384083785723	,432.2243
1384083786132	,408.45355
1384083786662	,529.8479
1384083786795	,133.60027
1384083787109	,313.40106
1384083787619	,509.9825
1384083788029	,410.04837
1384083788515	,485.86618
1384083788837	,321.48172
1384083789128	,290.91937
1384083789604	,476.8356
1384083790180	,576.0401
1384083790641	,460.03714
1384083791042	,401.45187
1384083791365	,323.1611
1384083791782	,416.61108
1384083792192	,409.85342
1384083792545	,353.51035
1384083793008	,462.65558
1384083793428	,419.97867
1384083793713	,284.52124
1384083794236	,523.0325
1384083794557	,320.6689
1384083794990	,433.5488
1384083795631	,641.0132
1384083796045	,413.71683
1384083796327	,282.06476
1384083796833	,506.06152
1384083797258	,424.87894
1384083797533	,274.71274
1384083798028	,495.03897
1384083798136	,107.77032
1384083798361	,225.25803
1384083798578	,217.09189
1384083799031	,452.8816
1384083799537	,505.62454
1384083799875	,337.74176
1384083800283	,408.4483
1384083800497	,214.02113
1384083800668	,170.73537
1384083800888	,220.04489
1384083801211	,323.03424
1384083801454	,242.88359
1384083801762	,307.45215
1384083802035	,272.92072
1384083802226	,191.3494
1384083802386	,159.90132
1384083802581	,195.13707
1384083802693	,111.89979
1384083803024	,330.7421
1384083803106	,81.719894
1384083803354	,248.56557
1384083803501	,146.87943
1384083803744	,242.5869
1384083804073	,329.30545
1384083804341	,267.09653
1384083804517	,176.62178
1384083804701	,183.77635
1384083804926	,224.57144
1384083805126	,200.59369
1384083805223	,96.590324
1384083805524	,300.8127
1384083805720	,195.92017
1384083806003	,283.29547
1384083806101	,97.94746
1384083806340	,238.41498
1384083806551	,211.08603
1384083806765	,213.93344
1384083806879	,114.36409
1384083807098	,218.86668
1384083807166	,67.439514
1384083807608	,441.9759
1384083807839	,231.0291
1384083808138	,299.52533
1384083808326	,187.24924
1384083808429	,103.624435
1384083808797	,367.82053
1384083808924	,126.424034
1384083809301	,377.30313
1384083809478	,177.02815
1384083809704	,225.79071
1384083809973	,268.95816
1384083810061	,87.867874
1384083810297	,236.47322
1384083810378	,80.10025
1384083810627	,249.31502
1384083810829	,201.62283
1384083810981	,152.02672
1384083811118	,137.55591
1384083811505	,386.61185
1384083811680	,174.53595
1384083811870	,190.5124
1384083812130	,259.79498
1384083812348	,218.07695
1384083812429	,80.960075
1384083812636	,207.23166
1384083812889	,252.88539
1384083813208	,318.32022
1384083813695	,487.04224
1384083814020	,325.31137
1384083814194	,173.53267
1384083814284	,89.87147
1384083814618	,333.9726
1384083814867	,249.07487
1384083815221	,354.26285
1384083815720	,498.37222
1384083815858	,138.04591
1384083816178	,320.14566
1384083816401	,223.07492
1384083816751	,349.8281
1384083816991	,240.25732
1384083817209	,217.3075
1384083817497	,288.62286
1384083817752	,255.01952
1384083818008	,255.45819
1384083818208	,199.64215
1384083818517	,309.59848
1384083818888	,370.2347
1384083819285	,396.94995
1384083819625	,340.2221
1384083820061	,436.3268
1384083820256	,194.62581
1384083820380	,123.865776
1384083820558	,178.03593
1384083820658	,100.037224
1384083820924	,265.74054
1384083821000	,76.30243
1384083821118	,117.51597
1384083821499	,380.79828
1384083821830	,331.69904
1384083822159	,328.61664
1384083822438	,278.77805
1384083822804	,365.54694
1384083822986	,182.40698
1384083823351	,364.72482
1384083823693	,342.00677
1384083823917	,223.95578
1384083824247	,330.096
1384083824416	,168.70068
1384083824611	,195.1218
1384083824922	,310.64337
1384083825081	,159.29344
1384083825240	,158.61761
1384083825499	,258.65112
1384083825698	,199.08461
1384083826101	,403.29053
1384083826546	,444.93027
1384083826963	,417.1127
1384083827072	,108.33491
1384083827395	,323.87137
1384083827777	,381.3658
1384083828214	,437.0538
1384083828384	,169.51936
1384083828668	,284.21002
1384083828909	,241.03104
1384083829164	,255.0771
1384083829393	,228.41605
1384083829764	,370.9062
1384083830017	,253.69176
1384083830230	,212.9254
1384083830514	,283.54916
1384083830905	,391.47455
1384083831135	,229.47693
1384083831295	,160.3108
1384083831528	,232.54541
1384083831700	,172.07417
1384083831903	,203.00418
1384083832292	,389.1427
1384083832718	,425.69653
1384083832945	,226.7255
1384083833117	,172.14198
1384083833296	,179.19391
1384083833440	,143.61754
1384083833592	,152.37364
1384083833762	,169.22815
1384083833952	,189.91556
1384083834358	,406.69345
1384083834664	,305.58884
1384083834806	,142.18343
1384083834928	,121.611176
1384083835122	,193.76659
1384083835269	,147.1063
1384083835708	,438.56992
1384083835870	,161.88538
1384083836164	,294.45724
1384083836652	,487.9157
1384083837056	,403.61423
1384083837397	,340.7402
1384083837556	,159.74886
1384083837956	,399.75287
1384083838121	,164.72713
1384083838258	,136.70541
1384083838504	,245.98242
1384083838690	,186.31099
1384083838912	,222.16684
1384083839047	,134.34764
1384083839150	,103.04306
1384083839311	,161.01501
1384083839644	,333.43524
1384083839950	,306.05338
1384083840173	,222.28786
1384083840476	,303.7604
1384083840883	,406.1257
1384083841089	,206.02264
1384083841404	,314.88516
1384083841643	,239.60596
1384083841842	,198.95065
1384083842195	,352.99066
1384083842303	,107.46106
1384083842541	,237.79639
1384083842875	,334.71542
1384083842998	,122.81814
1384083843272	,273.55753
1384083843765	,493.1855
1384083843872	,106.60997
1384083844195	,323.0097
1384083844460	,265.31473
1384083844577	,116.73577
1384083844759	,181.46526
1384083844858	,99.04376
1384083844973	,115.041016
1384083845166	,193.56425
1384083845318	,151.38469
1384083845598	,279.92368
1384083846083	,485.52982
1384083846499	,415.49594
1384083846572	,72.8563
1384083846722	,149.68874
1384083846844	,122.682014
1384083847279	,434.15448
1384083847367	,88.7488
1384083847488	,120.09581
1384083847690	,202.32755
1384083847808	,118.33208
1384083848032	,223.21835
1384083848387	,355.26895
1384083848672	,284.80426
1384083848871	,199.60461
1384083849210	,338.18478
1384083849513	,302.9588
1384083849695	,181.78856
1384083849907	,212.39653
1384083850168	,261.10205
1384083850425	,257.0857
1384083850715	,289.17496
1384083850899	,184.64192
1384083851065	,165.77545
1384083851572	,507.28
1384083851878	,305.35553
1384083852095	,217.46669
1384083852422	,327.0455
1384083852630	,207.62848
1384083853042	,411.8619
1384083853427	,384.95926
1384083853788	,360.52945
1384083854137	,348.9661
1384083854420	,283.3241
1384083854726	,306.26566
1384083854917	,190.10454
1384083855124	,207.2261
1384083855342	,218.57207
1384083855662	,319.7818
1384083856093	,430.47003
1384083856240	,147.57382
1384083856443	,202.95557
1384083856646	,202.53206
1384083856734	,88.20591
1384083857051	,316.25836
1384083857363	,312.036
1384083857657	,294.22696
1384083857909	,252.29541
1384083858200	,290.1699
1384083858468	,268.57925
1384083858615	,146.94122
1384083858773	,157.43475
1384083858866	,93.216156
1384083859315	,448.97916
1384083859515	,199.79791
1384083859679	,164.14183
1384083859919	,239.87898
1384083860280	,360.65378
1384083860393	,112.98276
1384083860580	,186.84132
1384083860740	,160.23369
1384083860856	,115.59328
1384083861049	,193.28853
1384083861269	,219.70981
1384083861341	,71.78294
1384083861488	,147.66464
1384083861606	,117.68066
1384083861799	,193.04604
1384083861920	,120.69443
1384083861983	,63.066196
1384083862095	,112.45396
1384083862237	,141.61737
1384083862358	,120.83996
1384083862455	,96.474174
1384083862700	,245.63615
1384083862904	,203.78796
1384083863073	,169.10358
1384083863209	,136.05786
1384083863279	,69.49668
1384083863427	,147.75754
1384083863663	,236.65958
1384083863856	,192.32384
1384083864064	,208.50464
1384083864202	,137.72873
1384083864498	,295.81332
1384083864788	,289.89444
1384083865037	,249.29037
1384083865259	,221.5649
1384083865556	,296.58966
1384083865852	,296.27295
1384083866169	,316.91028
1384083866396	,227.43103
1384083866669	,272.03278
1384083867106	,437.1748
1384083867453	,347.32693
1384083867810	,357.06906
1384083868062	,251.34366
1384083868339	,277.53784
1384083870277	,1937.9404
1384083870347	,69.99477
1384083870524	,176.51747
1384083870766	,242.27972
1384083871097	,330.82944
1384083871448	,350.50983
1384083871910	,462.34885
1384083872217	,306.89206
1384083872595	,377.6761
1384083872821	,226.38963
1384083873311	,489.3027
1384083873570	,259.02277
1384083873903	,333.7932
1384083874198	,294.84973
1384083874480	,281.34274
1384083874751	,270.71722
1384083875221	,470.50092
1384083875563	,341.73035
1384083875965	,401.82062
1384083876236	,270.86996
1384083876622	,386.55328
1384083876977	,354.7567
1384083877176	,198.76624
1384083877359	,183.40727
1384083877752	,392.26044
1384083877931	,179.19356
1384083878416	,484.97504
1384083878731	,314.99573
1384083879047	,315.97824
1384083879373	,325.6028
1384083879721	,348.18506
1384083879823	,101.86274
1384083879948	,125.57378
1384083880305	,356.3085
1384083880492	,186.73657
1384083880970	,478.3657
1384083881491	,520.4364
1384083881660	,169.63747
1384083882140	,479.45032
1384083882418	,277.89523
1384083882767	,349.67853
1384083883211	,443.26453
1384083883527	,316.2034
1384083883831	,303.67618
1384083884293	,462.03412
1384083884790	,496.88904
1384083885220	,430.42715
1384083885508	,288.07758
1384083885828	,319.65036
1384083886115	,286.91013
1384083886424	,308.97394
1384083886618	,193.44946
1384083886971	,352.83078
1384083889604	,2633.1045
1384083889713	,109.71433
1384083889933	,219.47769
1384083890140	,206.87366
1384083890344	,204.47954
1384083890497	,152.96892
1384083890714	,216.69937
1384083891184	,469.8326
1384083891606	,421.4495
1384083891824	,218.67984
1384083891980	,155.85677
1384083892096	,115.822365
1384083892374	,277.49585
1384083892627	,253.43594
1384083894206	,1578.8809
1384083894509	,302.38852
1384083894666	,157.86732
1384083894956	,289.78613
1384083895304	,347.31052
1384083895559	,255.09526
1384083895752	,193.18684
1384083895865	,112.35512
1384083895965	,100.58249
1384083896244	,279.24606
1384083896558	,313.22263
1384083896817	,259.5231
1384083897078	,260.44464
1384083897589	,511.08844
1384083897955	,365.9718
1384083898085	,130.35237
1384083898352	,266.4239
1384083898658	,305.8662
1384083898996	,337.90262
1384083899158	,162.29086
1384083899308	,150.10707
1384083899508	,199.77951
1384083899763	,255.21501
1384083899948	,184.29517
1384083900210	,261.7006
1384083900277	,67.150925
1384083900410	,133.03127
1384083900517	,106.96062
1384083900638	,121.246666
1384083900840	,202.13649
1384083901029	,188.83315
1384083901164	,134.2567
1384083901364	,199.94647
1384083901498	,133.9926
1384083901587	,89.40821
1384083901719	,131.39478
1384083901943	,224.20166
1384083902119	,176.04573
1384083902366	,246.90778
1384083902667	,301.31097
1384083903006	,338.5909
1384083903211	,205.01828
1384083903518	,306.98126
1384083903769	,250.81664
1384083903862	,93.33507
1384083904094	,231.63875
1384083904359	,264.6814
1384083904701	,342.17236
1384083905021	,319.93652
1384083905192	,171.52661
1384083905621	,428.33765
1384083905834	,212.81662
1384083906244	,410.36417
1384083906456	,211.44614
1384083906781	,324.9687
1384083907212	,431.621
1384083907342	,129.1086
1384083907596	,254.70319
1384083907886	,289.2551
1384083908064	,178.51498
1384083908394	,329.4985
1384083908534	,139.8367
1384083908787	,252.82108
1384083909002	,215.65575
1384083909349	,347.2226
1384083909602	,252.2918
1384083909667	,65.54852
1384083909763	,95.08082
1384083909988	,225.24814
1384083910279	,290.7901
1384083910542	,263.14743
1384083910977	,434.88663
1384083911214	,237.27963
1384083911445	,231.1655
1384083911785	,339.2379
1384083912157	,371.97733
1384083912405	,248.06827
1384083912668	,262.90506
1384083912986	,317.74475
1384083913243	,257.04852
1384083913507	,263.82767
1384083913882	,374.88882
1384083914017	,135.65195
1384083914174	,156.22116
1384083914479	,305.5022
1384083914737	,258.08606
1384083914952	,214.28755
1384083915365	,413.09268
1384083917025	,1660.5852
1384083917137	,111.99957
1384083917333	,195.08409
1384083917690	,357.4287
1384083917887	,196.80226
1384083918186	,298.58234
1384083918688	,501.92422
1384083918836	,148.10785
1384083919094	,257.96457
1384083919448	,354.13638
1384083919748	,299.5819
1384083919927	,179.35695
1384083920171	,243.4784
1384083920580	,409.41528
1384083920894	,314.41183
1384083921015	,120.198456
1384083921260	,245.66225
1384083921460	,199.07391
1384083921593	,133.30728
1384083921881	,288.09567
1384083922141	,259.62518
1384083922322	,181.36938
1384083922633	,311.01672
1384083923109	,475.4581
1384083924658	,1549.0865
1384083924932	,274.21176
1384083925278	,345.70923
1384083925480	,201.81981
1384083925769	,289.20087
1384083926086	,316.7387
1384083926347	,260.6852
1384083926602	,254.93481
1384083926962	,359.9248
1384083927361	,399.4422
1384083927800	,439.192
1384083928307	,506.6419
1384083928682	,375.00095
1384083928900	,217.63155
1384083929190	,290.5626
1384083929591	,401.04407
1384083929756	,164.81558
1384083930036	,280.0018
1384083930339	,302.24506
1384083931988	,1649.5999
1384083932159	,170.40942
1384083932316	,156.95224
1384083932565	,248.74863
1384083932685	,120.19727
1384083933098	,412.61166
1384083933301	,203.4675
1384083933516	,214.6866
1384083933686	,170.44666
1384083933814	,127.95908
1384083933927	,112.800385
1384083934200	,272.38275
1384083934488	,287.75046
1384083934778	,290.41397
1384083934954	,175.63156
1384083935061	,107.66155
1384083935200	,138.25151
1384083935342	,142.50125
1384083935439	,96.76576
1384083935710	,270.40808
1384083935808	,98.773705
1384083935888	,79.67318
1384083936073	,184.38383
1384083936219	,146.54723
1384083936397	,177.82904
1384083936584	,186.57388
1384083936928	,343.81668
1384083937217	,289.17966
1384083937343	,126.360405
1384083937700	,357.0017
1384083939332	,1631.3009
1384083939493	,161.35913
1384083939671	,178.28004
1384083939947	,275.06372
1384083940037	,90.44864
1384083940143	,106.074104
1384083940240	,96.89002
1384083940363	,122.52806
1384083940722	,359.01294
1384083940867	,144.64117
1384083941078	,210.92503
1384083941268	,190.74693
1384083941406	,137.2095
1384083941543	,137.00194
1384083941661	,118.03483
1384083941815	,154.49486
1384083942090	,274.50015
1384083942330	,239.8702
1384083942491	,160.85294
1384083942572	,81.29066
1384083942725	,152.8455
1384083942886	,160.81857
1384083943120	,233.83047
1384083943364	,244.65381
1384083943519	,154.68022
1384083943658	,139.16313
1384083943741	,82.45564
1384083943830	,89.361694
1384083944086	,255.97337
1384083944199	,112.920685
1384083944428	,228.46106
1384083944631	,203.19957
1384083944808	,177.26712
1384083945042	,233.09393
1384083946651	,1609.2002
1384083946747	,96.00526
1384083946955	,207.92004
1384083947202	,246.82784
1384083947302	,99.94861
1384083947518	,215.65047
1384083947738	,219.98721
1384083947957	,219.48138
1384083948057	,100.268616
1384083948434	,376.88507
1384083948742	,307.9245
1384083948902	,159.18895
1384083949029	,126.84874
1384083949123	,94.56222
1384083949349	,225.45178
1384083949458	,109.28515
1384083949751	,292.60858
1384083949841	,90.77257
1384083950018	,176.12057
1384083950242	,224.03087
1384083950612	,369.85406
1384083950862	,250.45781
1384083951043	,180.22707
1384083951350	,307.7837
1384083951486	,135.51656
1384083951637	,151.38821
1384083951706	,68.75033
1384083952026	,320.12518
1384083952281	,254.66779
1384083954049	,1768.0732
1384083954308	,258.37036
1384083954546	,238.44456
1384083954830	,284.27618
1384083954888	,57.011295
1384083955029	,141.6682
1384083955220	,190.70247
1384083955311	,90.94881
1384083955416	,104.58754
1384083955671	,255.28291
1384083955791	,120.03725
1384083955931	,139.69858
1384083956068	,137.28824
1384083956378	,309.60715
1384083956804	,425.7572
1384083957022	,217.93765
1384083957319	,297.48148
1384083957378	,58.943375
1384083957517	,138.61432
1384083957767	,250.26816
1384083958140	,372.14545
1384083958420	,280.7445
1384083958669	,248.88324
1384083959002	,332.8933
1384083959308	,306.11307
1384083959509	,200.81976
1384083959622	,112.9428
1384083959868	,245.9878
1384083961406	,1537.276
1384083961685	,279.46265
1384083961829	,143.79424
1384083962025	,195.59834
1384083962439	,414.34613
1384083962856	,416.70572
1384083963258	,402.52536
1384083963357	,98.89568
1384083963463	,105.176186
1384083963574	,111.41551
1384083963670	,95.69375
1384083963768	,98.39452
1384083964004	,235.74478
1384083964272	,267.87134
1384083964438	,165.95726
1384083964717	,278.64853
1384083964820	,102.77123
1384083965011	,190.92108
1384083965325	,314.00528
1384083965454	,129.43645
1384083965582	,128.04063
1384083965877	,294.58765
1384083966084	,206.88905
1384083966308	,224.12398
1384083966613	,304.8753
1384083966824	,210.91272
1384083967182	,357.58777
1384083968774	,1591.7448
1384083968868	,93.95895
1384083969009	,141.17879
1384083969103	,93.76857
1384083969263	,160.46188
1384083969406	,142.59491
1384083969583	,177.39508
1384083969662	,79.137764
1384083969994	,331.20544
1384083970307	,313.3888
1384083970533	,225.48814
1384083970720	,187.23355
1384083971087	,366.84686
1384083971387	,299.70798
1384083971569	,182.56407
1384083971688	,118.83872
1384083971860	,172.0538
1384083972207	,346.1738
1384083972592	,385.6185
1384083972976	,384.04095
1384083973116	,139.44952
1384083973240	,123.703224
1384083973578	,338.01584
1384083973880	,302.43097
1384083974092	,211.86916
1384083974311	,218.86287
1384083974513	,201.40163
1384083974689	,176.63248
1384083976256	,1567.1417
1384083976377	,120.134766
1384083976485	,108.66164
1384083976594	,108.90777
1384083976718	,124.057556
1384083976828	,109.64565
1384083976968	,139.63725
1384083977146	,177.70946
1384083977440	,294.60962
1384083977771	,330.5822
1384083977892	,120.80207
1384083978064	,171.96484
1384083978210	,145.65536
1384083978304	,94.42242
1384083978620	,315.51917
1384083978809	,189.70293
1384083979087	,277.67303
1384083979197	,110.382675
1384083979389	,191.00623
1384083979708	,319.06357
1384083979863	,155.18576
1384083980167	,304.35068
1384083980566	,398.5614
1384083980783	,216.9652
1384083981192	,408.8399
1384083982754	,1561.7034
1384083982852	,98.157394
1384083983053	,200.86407
1384083983155	,101.70333
1384083983401	,246.77013
1384083983667	,266.03583
1384083983861	,193.88805
1384083984142	,280.38126
1384083984483	,341.3448
1384083984722	,239.04735
1384083984938	,215.2047
1384083985360	,422.75958
1384083985730	,369.58237
1384083985820	,90.398575
1384083986185	,364.0396
1384083986418	,233.51447
1384083986628	,209.5662
1384083986856	,227.93605
1384083987193	,337.58035
1384083987419	,225.4355
1384083989191	,1772.4545
1384083989295	,103.09304
1384083989483	,188.70264
1384083989818	,334.32993
1384083990108	,290.10245
1384083990211	,102.883606
1384083990335	,123.731224
1384083990557	,221.80222
1384083991032	,475.68582
1384083991217	,185.0086
1384083991547	,329.37286
1384083991803	,256.51773
1384083992141	,337.17752
1384083992242	,101.375534
1384083992372	,129.43843
1384083992469	,97.00107
1384083992752	,283.06183
1384083993139	,387.34772
1384083993454	,314.33322
1384083993603	,149.41577
1384083993809	,206.40231
1384083994156	,346.53156
1384083995731	,1575.0146
1384083995936	,204.87688
1384083996108	,172.01993
1384083996333	,224.32556
1384083996522	,189.58717
1384083996762	,239.73236
1384083996984	,222.10562
1384083997175	,190.38213
1384083997372	,196.8969
1384083997699	,327.24515
1384083997836	,137.20966
1384083997921	,85.235085
1384083998057	,135.59454
1384083998378	,320.69788
1384083998617	,238.9398
1384083999010	,393.49173
1384083999311	,300.53143
1384083999625	,314.11905
1384083999795	,169.79875
1384083999991	,195.66524
1384084000185	,193.73412
1384084000321	,136.89505
1384084000550	,228.9645
1384084002247	,1696.1636
1384084002318	,71.18888
1384084002400	,82.500854
1384084002565	,164.17783
1384084002803	,237.85017
1384084002951	,148.29755
1384084003277	,325.93088
1384084003527	,250.09595
1384084003729	,201.52708
1384084003982	,252.93031
1384084004134	,152.74973
1384084004304	,169.55986
1384084004468	,164.20828
1384084004652	,183.40858
1384084005107	,455.19537
1384084005177	,69.59341
1384084005372	,195.69516
1384084005572	,199.4017
1384084005940	,368.34744
1384084006106	,166.02731
1384084006192	,85.751625
1384084006295	,102.662346
1384084006468	,173.09834
1384084006774	,306.3344
1384084006973	,198.61792
1384084007162	,188.73302
1384084008860	,1697.9119
1384084008951	,91.2838
1384084009211	,259.29385
1384084009415	,203.95915
1384084009603	,188.67447
1384084009848	,244.42789
1384084010171	,322.65408
1384084010325	,154.3375
1384084010441	,116.452484
1384084010588	,146.58537
1384084010735	,146.85617
1384084010942	,206.69885
1384084011134	,191.96873
1384084011342	,208.03185
1384084011515	,173.49551
1384084011798	,282.39478
1384084012122	,324.04703
1384084012333	,211.09787
1384084012424	,90.84315
1384084012724	,300.15543
1384084012842	,117.636185
1384084012913	,71.32133
1384084012986	,73.03506
1384084013230	,243.76852
1384084013488	,258.33072
1384084014976	,1487.8737
1384084015069	,92.2694
1384084015299	,230.25874
1384084015429	,130.05711
1384084015510	,81.14393
1384084015783	,272.52722
1384084015972	,188.98653
1384084016190	,217.86475
1384084016411	,220.82278
1384084016636	,224.77438
1384084016798	,161.87204
1384084017073	,275.38525
1384084017378	,305.29208
1384084017633	,254.3905
1384084017898	,265.33585
1384084018104	,206.05072
1384084018375	,270.34827
1384084018536	,161.56082
1384084018724	,188.16959
1384084018828	,103.58615
1384084019280	,452.1561
1384084019429	,149.03752
1384084019693	,263.92004
1384084019887	,193.50275
1384084021505	,1617.6481
1384084021628	,123.156876
1384084021874	,246.07237
1384084022205	,331.34006
1384084022332	,126.16737
1384084022660	,328.68524
1384084022776	,115.979385
1384084022935	,158.61636
1384084023089	,153.7288
1384084023161	,72.135025
1384084023260	,98.96986
1384084023411	,150.90146
1384084023581	,170.0338
1384084023976	,394.49585
1384084024288	,312.42938
1384084024507	,218.71875
1384084024698	,190.6288
1384084024892	,194.37221
1384084024954	,61.92604
1384084025366	,412.16132
1384084025746	,379.66193
1384084026152	,406.12317
1384084027958	,1805.268
1384084028143	,184.89925
1384084028235	,92.41283
1384084028452	,216.88559
1384084028691	,238.57448
1384084028853	,161.67102
1384084029122	,269.03317
1384084029439	,317.37943
1384084029745	,305.41348
1384084030053	,308.84717
1384084030268	,214.56326
1384084030381	,113.01589
1384084030546	,165.28677
1384084030647	,100.33576
1384084031163	,516.413
1384084031399	,235.25604
1384084031628	,229.36345
1384084032118	,489.85492
1384084032569	,450.59402
1384084032814	,245.42995
1384084034499	,1684.3286
1384084034622	,123.4451
1384084034749	,127.34296
1384084034907	,157.98326
1384084035209	,301.79282
1384084035529	,319.44214
1384084035589	,59.887844
1384084035878	,289.42554
1384084036059	,180.96707
1384084036292	,232.54086
1384084036460	,167.55421
1384084036678	,218.39632
1384084036793	,114.63246
1384084036976	,183.59012
1384084037176	,199.34145
1384084037313	,137.19739
1384084037595	,282.05234
1384084037874	,278.5352
1384084038027	,153.72415
1384084038168	,140.43335
1384084038371	,203.27315
1384084038460	,88.633354
1384084038525	,64.92846
1384084038647	,121.64263
1384084040320	,1672.9738
1384084040420	,100.24459
1384084040568	,147.69756
1384084040664	,96.5687
1384084041053	,388.58127
1384084041247	,193.67055
1384084041441	,193.98615
1384084041561	,120.19947
1384084041731	,169.67229
1384084042193	,462.6592
1384084042415	,221.74846
1384084042832	,416.63177
1384084042886	,53.745625
1384084043294	,408.51514
1384084043627	,332.40134
1384084043985	,358.62057
1384084044312	,326.42303
1384084046135	,1823.3312
1384084046365	,229.2955
1384084046434	,69.59488
1384084046763	,329.12207
1384084047115	,351.40405
1384084047390	,275.40808
1384084047661	,270.25128
1384084047848	,187.70699
1384084048147	,298.21912
1384084048365	,217.89558
1384084048721	,355.9552
1384084048898	,177.11554
1384084049182	,284.41177
1384084049483	,300.74127
1384084049856	,372.5981
1384084050192	,336.08417
1384084052003	,1810.6982
1384084052122	,119.3284
1384084052377	,255.04082
1384084052659	,281.5398
1384084053044	,385.69507
1384084053114	,69.75948
1384084053264	,150.20773
1384084053415	,150.86623
1384084053551	,135.49664
1384084053739	,187.5827
1384084054011	,272.37616
1384084054309	,298.10114
1384084054736	,426.28958
1384084054970	,234.82112
1384084055363	,392.92896
1384084055727	,363.7666
1384084055842	,114.5384
1384084056011	,169.07835
1384084057773	,1761.9219
1384084057872	,99.37492
1384084058037	,164.35126
1384084058152	,114.91747
1384084058300	,148.23187
1384084058434	,133.38455
1384084058500	,66.28985
1384084058611	,111.11504
1384084058802	,191.3525
1384084058968	,165.75255
1384084059107	,138.19429
1384084059164	,57.754986
1384084059282	,117.176865
1384084059469	,187.55542
1384084059728	,258.32315
1384084060054	,325.82455
1384084060185	,131.06615
1384084060604	,419.45306
1384084060865	,260.59476
1384084061149	,283.87808
1384084061422	,273.06073
1384084061694	,272.16287
1384084063556	,1861.6205
1384084063700	,143.72516
1384084063898	,198.60623
1384084064205	,306.64163
1384084064410	,204.16957
1384084064550	,140.13852
1384084064705	,155.07118
1384084065044	,338.27383
1384084065359	,315.06732
1384084065628	,269.05612
1384084065837	,208.84369
1384084066067	,229.89896
1384084066179	,112.38014
1384084066449	,269.1879
1384084066741	,292.45154
1384084066927	,186.1144
1384084067123	,195.48473
1384084067357	,234.37773
1384084067623	,265.83395
1384084069369	,1745.8647
1384084069496	,127.31537
1384084069597	,100.221344
1384084069832	,234.83292
1384084070170	,337.9112
1384084070510	,340.32266
1384084070728	,217.58972
1384084070985	,257.71518
1384084071352	,366.23123
1384084071576	,224.20024
1384084071868	,292.4575
1384084072025	,156.37628
1384084072303	,278.56265
1384084072474	,170.81773
1384084072664	,189.95198
1384084073022	,357.45865
1384084073094	,71.64162
1384084073452	,358.59268
1384084075125	,1673.1991
1384084075296	,170.28903
1384084075722	,426.13687
1384084076071	,348.45483
1384084076310	,239.66495
1384084076527	,216.25304
1384084076768	,241.0276
1384084076948	,180.11208
1384084077146	,198.25139
1384084077471	,324.9321
1384084077751	,279.76218
1384084078034	,283.10748
1384084078237	,202.53691
1384084078389	,152.5123
1384084078662	,273.13516
1384084078964	,301.13065
1384084080830	,1866.5151
1384084080970	,139.52415
1384084081295	,325.58838
1384084081554	,258.1438
1384084081734	,180.28812
1384084081809	,74.89042
1384084082005	,196.15964
1384084082250	,245.06815
1384084082407	,156.96455
1384084082801	,393.85733
1384084082884	,82.95856
1384084083077	,192.3577
1384084083255	,178.15793
1384084083438	,183.47115
1384084083627	,188.51373
1384084083910	,283.26266
1384084084005	,94.45262
1384084084385	,380.32944
1384084084683	,298.0066
1384084084824	,140.26352
1384084086586	,1762.7292
1384084086706	,119.496056
1384084086827	,121.19818
1384084087391	,563.2847
1384084087485	,94.11136
1384084087672	,187.18265
1384084087816	,143.89525
1384084087953	,136.61191
1384084088251	,298.1327
1384084088637	,385.7491
1384084088770	,132.93855
1384084089060	,290.46234
1384084089240	,180.07936
1384084089572	,332.1976
1384084089774	,201.32292
1384084089898	,124.552414
1384084090015	,116.801445
1384084090216	,200.56096
1384084090285	,69.344635
1384084090449	,163.77199
1384084092315	,1865.8372
1384084092578	,262.68408
1384084092783	,205.55592
1384084093041	,257.7387
1384084093103	,61.5428
1384084093289	,186.3633
1384084093387	,97.56891
1384084093727	,340.1624
1384084093958	,230.35576
1384084094141	,183.54308
1384084094411	,270.23706
1384084094632	,220.49388
1384084094882	,250.04454
1384084094976	,93.85443
1384084095101	,125.34381
1384084095258	,156.88011
1384084095421	,162.65843
1384084095807	,385.71912
1384084096076	,269.2545
1384084096425	,348.51523
1384084098125	,1700.731
1384084098198	,72.23223
1384084098306	,107.76373
1384084098463	,157.1992
1384084098731	,267.7262
1384084098921	,190.57527
1384084099128	,206.16293
1384084099395	,267.15616
1384084099618	,222.83488
1384084099826	,208.74284
1384084100138	,311.80023
1384084100390	,251.67068
1384084100720	,329.93228
1384084100815	,95.20499
1384084101071	,255.97757
1384084102981	,1909.4355
1384084103322	,341.525
1384084103608	,285.92953
1384084103847	,238.66815
1384084104094	,246.51892
1384084104387	,293.58017
1384084104669	,281.9164
1384084105066	,397.03513
1384084105405	,338.6511
1384084105727	,321.84198
1384084106023	,295.64926
1384084107886	,1863.5033
1384084108022	,135.29196
1384084108103	,81.60723
1384084108209	,105.716774
1384084108356	,147.0414
1384084108533	,177.03114
1384084108816	,283.16138
1384084108994	,177.37648
1384084109274	,279.96085
1384084109634	,360.51865
1384084109814	,179.80417
1384084110109	,295.0704
1384084110248	,137.99582
1384084110446	,198.52913
1384084110520	,73.6439
1384084110881	,361.119
1384084111063	,181.90273
1384084111272	,208.75719
1384084112884	,1611.781
1384084113014	,130.32933
1384084113110	,95.88315
1384084113295	,185.3517
1384084113638	,342.83234
1384084113989	,350.71597
1384084114216	,226.47389
1384084114337	,121.61907
1384084114392	,54.84279
1384084114529	,136.8421
1384084114746	,216.83766
1384084114841	,94.597336
1384084115191	,350.71524
1384084115495	,303.86157
1384084115681	,185.19489
1384084115900	,219.28877
1384084116001	,100.73533
1384084116182	,181.34402
1384084117804	,1621.7828
1384084117901	,96.560616
1384084118054	,153.57242
1384084118192	,137.85237
1384084118528	,335.5174
1384084118735	,207.2697
1384084119050	,314.80377
1384084119275	,225.55676
1384084119516	,240.50969
1384084119690	,173.9217
1384084119787	,96.407425
1384084119922	,134.95535
1384084120071	,149.47287
