1384083129196	,42.221767
1384083129254	,57.699333
1384083129296	,42.23026
1384083129354	,57.27643
1384083129440	,85.556915
1384083129497	,56.608376
1384083129546	,49.01533
1384083129593	,47.19549
1384083129655	,61.206722
1384083129716	,61.071995
1384083129759	,43.26344
1384083129813	,53.412853
1384083129901	,88.334305
1384083129944	,42.156647
1384083130023	,79.02051
1384083130116	,92.28114
1384083130183	,67.66612
1384083130235	,51.517685
1384083130272	,36.384247
1384083130333	,61.040363
1384083130388	,55.144306
1384083130451	,62.31791
1384083130515	,63.594456
1384083130576	,61.006615
1384083130616	,39.826378
1384083130685	,68.40382
1384083130746	,60.93232
1384083130803	,56.988705
1384083130848	,44.349785
1384083130903	,55.27702
1384083130966	,63.263424
1384083131009	,42.000095
1384083131082	,73.4807
1384083131145	,62.821735
1384083131191	,45.794975
1384083131250	,58.088737
1384083131337	,86.707695
1384083131391	,53.801666
1384083131463	,71.87258
1384083131531	,68.23804
1384083131612	,80.249985
1384083131729	,117.34745
1384083131783	,53.361332
1384083131847	,64.131165
1384083131911	,63.468853
1384083131970	,58.515312
1384083132011	,41.561413
1384083132087	,75.089325
1384083132162	,75.546936
1384083132220	,57.411808
1384083132275	,55.285053
1384083132336	,60.455147
1384083132383	,46.402836
1384083132441	,57.596806
1384083132501	,60.405796
1384083132588	,86.261116
1384083132636	,48.00199
1384083132692	,55.72277
1384083132748	,56.36173
1384083132808	,52.685497
1384083132861	,52.738396
1384083132922	,61.475464
1384083132975	,52.979656
1384083133021	,44.92565
1384083133071	,50.35589
1384083133125	,53.501823
1384083133170	,44.87035
1384083133247	,76.69267
1384083133288	,40.673176
1384083133352	,63.208023
1384083133395	,43.277557
1384083133468	,72.82243
1384083133511	,42.77884
1384083133564	,52.669334
1384083133636	,71.630066
1384083133678	,41.353687
1384083133749	,71.485085
1384083133802	,52.185333
1384083133872	,69.82665
1384083133930	,58.14557
1384083133988	,58.167816
1384083134034	,45.32338
1384083134091	,57.260002
1384083134176	,84.24834
1384083134218	,42.079136
1384083134291	,72.99993
1384083134370	,77.88247
1384083134414	,44.079403
1384083134486	,72.417496
1384083134546	,59.04451
1384083134602	,56.12367
1384083134657	,54.847023
1384083134709	,51.45541
1384083134782	,73.125984
1384083134848	,65.95047
1384083134904	,55.9689
1384083134963	,58.065872
1384083135011	,47.73777
1384083135104	,93.37688
1384083135239	,134.37088
1384083135298	,58.819607
1384083135355	,56.624554
1384083135395	,39.97346
1384083135449	,54.330173
1384083135493	,43.31232
1384083135537	,43.36282
1384083135578	,40.896618
1384083135633	,55.30872
1384083135750	,116.68968
1384083135792	,42.055695
1384083135860	,67.40125
1384083135916	,55.54957
1384083135985	,69.04362
1384083136038	,52.667816
1384083136086	,48.18487
1384083136132	,45.17764
1384083136181	,49.107964
1384083136231	,49.88704
1384083136275	,43.426342
1384083136338	,62.65991
1384083136394	,56.13988
1384083136451	,56.831455
1384083136504	,52.895596
1384083136577	,72.609856
1384083136625	,48.19397
1384083136702	,76.52743
1384083136743	,40.432064
1384083136811	,68.10269
1384083136868	,56.563663
1384083136920	,52.163
1384083136989	,68.93088
1384083137052	,62.687874
1384083137139	,86.56786
1384083137186	,46.854126
1384083137226	,39.446854
1384083137265	,39.512344
1384083137311	,44.877098
1384083137349	,38.325058
1384083137452	,102.188095
1384083137520	,68.44175
1384083137575	,55.068874
1384083137618	,42.374237
1384083137688	,70.29587
1384083137745	,56.596397
1384083137786	,41.10329
1384083137831	,44.097763
1384083137887	,56.291183
1384083137947	,59.29878
1384083138016	,68.96094
1384083138068	,52.02809
1384083138122	,53.796165
1384083138196	,74.022255
1384083138250	,53.792164
1384083138333	,82.31399
1384083138372	,39.301964
1384083138440	,67.792366
1384083138513	,72.44012
1384083138556	,42.533184
1384083138610	,53.82087
1384083138708	,97.89315
1384083138762	,54.08984
1384083138824	,61.195892
1384083138878	,54.309334
1384083138923	,44.468075
1384083138981	,58.475464
1384083139035	,53.749508
1384083139123	,87.45728
1384083139181	,57.586723
1384083139238	,57.31185
1384083139281	,42.065735
1384083139325	,44.603577
1384083139368	,42.00107
1384083139405	,37.622574
1384083139462	,56.764915
1384083139502	,39.365894
1384083139572	,69.75782
1384083139664	,92.31386
1384083139707	,42.002544
1384083139762	,55.009598
1384083139830	,67.60639
1384083139871	,41.231594
1384083139911	,39.83322
1384083139991	,80.00802
1384083140043	,51.608795
1384083140102	,59.213474
1384083140161	,58.027523
1384083140207	,46.035152
1384083140250	,42.46548
1384083140297	,46.902805
1384083140341	,44.24391
1384083140405	,64.08078
1384083140478	,72.040054
1384083140522	,44.50994
1384083140584	,61.417927
1384083140629	,44.768574
1384083140684	,54.80109
1384083141107	,422.66953
1384083141150	,43.270283
1384083141205	,54.24381
1384083141257	,52.612556
1384083141297	,39.43368
1384083141351	,54.14648
1384083141401	,49.84169
1384083141457	,55.60268
1384083141523	,65.24879
1384083141567	,43.877617
1384083141631	,63.938698
1384083141689	,57.973053
1384083141738	,48.832264
1384083141784	,46.101936
1384083141836	,51.217766
1384083141875	,38.85924
1384083141912	,36.94539
1384083141972	,52.53027
1384083142028	,56.147984
1384083142083	,54.971127
1384083142134	,50.428524
1384083142186	,52.62261
1384083142250	,63.280827
1384083142299	,48.71104
1384083142386	,87.32202
1384083142448	,61.556126
1384083142497	,49.252304
1384083142555	,57.378532
1384083142607	,52.126686
1384083142654	,46.403454
1384083142700	,45.86094
1384083142787	,87.187454
1384083142833	,45.631622
1384083142883	,49.224644
1384083142919	,35.77445
1384083142960	,41.168198
1384083143000	,39.972416
1384083143042	,41.87916
1384083143098	,55.352474
1384083143139	,41.583233
1384083143190	,50.10624
1384083143236	,45.701126
1384083143301	,65.0767
1384083143377	,75.61565
1384083143432	,54.943436
1384083143491	,59.503754
1384083143539	,46.959637
1384083143598	,59.03704
1384083143652	,53.153442
1384083143730	,78.08394
1384083143786	,55.512264
1384083143848	,61.624367
1384083143907	,59.229454
1384083143948	,40.406925
1384083144008	,60.02072
1384083144066	,57.770744
1384083144132	,66.521225
1384083144196	,63.21282
1384083144236	,39.983932
1384083144282	,45.88441
1384083144361	,78.36343
1384083144421	,60.56433
1384083144461	,39.832397
1384083144503	,41.186035
1384083144544	,40.799805
1384083144594	,50.095104
1384083144690	,95.81369
1384083144736	,46.08474
1384083144795	,58.647327
1384083144837	,41.545948
1384083144890	,53.495316
1384083144962	,71.31972
1384083144999	,37.43507
1384083145055	,55.069714
1384083145112	,57.46209
1384083145153	,40.582153
1384083145214	,60.958435
1384083145276	,61.479877
1384083145335	,59.52509
1384083145387	,51.60712
1384083145426	,38.212757
1384083145476	,50.633324
1384083145515	,38.691692
1384083145587	,71.44226
1384083145649	,62.34828
1384083145703	,53.973763
1384083145744	,40.86777
1384083145802	,57.305054
1384083145843	,40.965145
1384083145904	,61.100327
1384083145981	,76.53676
1384083146031	,49.887264
1384083146082	,50.5632
1384083146140	,57.7932
1384083146202	,62.07221
1384083146243	,40.80555
1384083146301	,57.871906
1384083146460	,158.68729
1384083146516	,56.42233
1384083146637	,120.118774
1384083146684	,46.826977
1384083146733	,49.24477
1384083146794	,60.919216
1384083146851	,56.679474
1384083146911	,59.824898
1384083146949	,37.570553
1384083146993	,44.179455
1384083147034	,41.24296
1384083147094	,58.94768
1384083147148	,54.55317
1384083147238	,89.86743
1384083147285	,46.493942
1384083147351	,66.13499
1384083147406	,54.67297
1384083147460	,53.97382
1384083147508	,47.80476
1384083147567	,58.857533
1384083147609	,41.576363
1384083147692	,83.19962
1384083147732	,39.232925
1384083147821	,89.36836
1384083147883	,61.195103
1384083147935	,52.283207
1384083147987	,52.22236
1384083148052	,64.028984
1384083148147	,95.31418
1384083148199	,51.3216
1384083148259	,59.97679
1384083148318	,58.6296
1384083148397	,79.48726
1384083148445	,48.034496
1384083148488	,42.68463
1384083148592	,103.741615
1384083148633	,40.689323
1384083148688	,54.601833
1384083148728	,40.063908
1384083148788	,59.327248
1384083148837	,49.28693
1384083148902	,64.517815
1384083148962	,60.65254
1384083149014	,51.56217
1384083149081	,66.452995
1384083149141	,59.605095
1384083149219	,78.06681
1384083149285	,65.824936
1384083149327	,41.806477
1384083149388	,61.190453
1384083149435	,47.030567
1384083149488	,52.70391
1384083149545	,56.160435
1384083149598	,52.897755
1384083149675	,76.99555
1384083149745	,69.8801
1384083149802	,56.89901
1384083149871	,68.65449
1384083149919	,47.787884
1384083149984	,64.80888
1384083150052	,67.95501
1384083150097	,45.546017
1384083150146	,48.640305
1384083150212	,65.37618
1384083150282	,70.36215
1384083150324	,41.28558
1384083150408	,83.79141
1384083150472	,63.976803
1384083150511	,39.052986
1384083150573	,61.650055
1384083150640	,66.856926
1384083150702	,61.577602
1384083150749	,47.559776
1384083150807	,57.628193
1384083150846	,39.02877
1384083150907	,60.197952
1384083150969	,61.908627
1384083151029	,60.222626
1384083151095	,65.71461
1384083151137	,41.7673
1384083151188	,51.249107
1384083151237	,48.96369
1384083151302	,64.16309
1384083151365	,63.310333
1384083151424	,58.303043
1384083151485	,60.82106
1384083151559	,74.42077
1384083151626	,66.07918
1384083151675	,49.022133
1384083151719	,44.184063
1384083151798	,79.091156
1384083151853	,54.62535
1384083151923	,70.1704
1384083151966	,42.769997
1384083152025	,57.969833
1384083152083	,58.014397
1384083152134	,51.288857
1384083152178	,43.198696
1384083152255	,76.86902
1384083152295	,39.954372
1384083152350	,54.690273
1384083152407	,57.678944
1384083152466	,58.062164
1384083152518	,52.673832
1384083152688	,169.81947
1384083152744	,55.680794
1384083152823	,78.83877
1384083152878	,55.002506
1384083152995	,116.90814
1384083153056	,60.475292
1384083153122	,65.35215
1384083153192	,69.78496
1384083153250	,57.91902
1384083153309	,59.29004
1384083153373	,63.958714
1384083153414	,40.347687
1384083153458	,43.84646
1384083153524	,66.242516
1384083153579	,54.369537
1384083153622	,42.634228
1384083153677	,55.617165
1384083153795	,117.36566
1384083153840	,44.974327
1384083153926	,85.40926
1384083154032	,105.90171
1384083154090	,58.04321
1384083154158	,67.96306
1384083154203	,44.608295
1384083154298	,95.14657
1384083154340	,41.998566
1384083154407	,66.53146
1384083154469	,61.662735
1384083154517	,48.246586
1384083154561	,43.664906
1384083154638	,70.52378
1384083154693	,54.728634
1384083154744	,51.696487
1384083154797	,52.006004
1384083154853	,56.07797
1384083154927	,73.93439
1384083154977	,50.02144
1384083155024	,46.86165
1384083155068	,43.22435
1384083155113	,44.914513
1384083155208	,94.852516
1384083155263	,54.768307
1384083155315	,52.047947
1384083155375	,60.04181
1384083155434	,58.731373
1384083155484	,49.471786
1384083155541	,57.574352
1384083155591	,49.37954
1384083155657	,57.769794
1384083155701	,44.25939
1384083155765	,63.26306
1384083155803	,38.237934
1384083155852	,48.68184
1384083155906	,54.3622
1384083155965	,58.676167
1384083156028	,62.79196
1384083156086	,57.40494
1384083156135	,48.65306
1384083156185	,50.166035
1384083156236	,50.80356
1384083156329	,93.4033
1384083156375	,44.99612
1384083156432	,57.76477
1384083156478	,45.25911
1384083156520	,42.464176
1384083156571	,50.339214
1384083156632	,60.605953
1384083156684	,52.462906
1384083156748	,63.838276
1384083156810	,61.305565
1384083156865	,55.135666
1384083156929	,63.937862
1384083156975	,46.03923
1384083157020	,44.765594
1384083157094	,73.775375
1384083157138	,43.353653
1384083157223	,84.74249
1384083157277	,54.608253
1384083157336	,58.010372
1384083157402	,66.61333
1384083157456	,53.963356
1384083157510	,53.462254
1384083157577	,66.856804
1384083157619	,41.797806
1384083157684	,64.45958
1384083157742	,58.733818
1384083157800	,57.83865
1384083157867	,66.71028
1384083157911	,43.991203
1384083157986	,74.41016
1384083158040	,54.023273
1384083158090	,49.51432
1384083158138	,48.227097
1384083158206	,67.21868
1384083158263	,57.22779
1384083158318	,54.926205
1384083158388	,69.61868
1384083158454	,66.21134
1384083158514	,60.002647
1384083158554	,39.704933
1384083158657	,102.962
1384083158715	,57.979992
1384083158761	,45.596725
1384083158824	,63.011997
1384083158882	,58.00221
1384083159023	,140.80946
1384083159089	,65.03502
1384083159143	,54.515587
1384083159190	,46.178703
1384083159248	,58.269478
1384083159305	,56.822903
1384083159371	,66.07345
1384083159433	,61.425114
1384083159487	,54.315033
1384083159535	,47.11544
1384083159577	,42.388702
1384083159627	,49.858025
1384083159674	,46.796806
1384083159726	,51.363144
1384083159782	,56.647697
1384083159840	,57.73271
1384083159896	,55.694054
1384083159964	,67.44296
1384083160009	,45.05532
1384083160073	,63.51324
1384083160115	,42.344032
1384083160183	,67.93894
1384083160225	,41.878033
1384083160271	,46.23035
1384083160353	,81.50862
1384083160405	,51.237736
1384083160438	,33.026283
1384083160485	,47.121185
1384083160562	,76.72737
1384083160613	,51.108265
1384083160680	,66.55431
1384083160726	,45.643524
1384083160773	,46.887135
1384083160834	,61.250786
1384083160892	,58.1288
1384083160933	,40.314167
1384083160983	,49.868397
1384083161040	,57.100655
1384083161111	,71.23601
1384083161158	,46.137375
1384083161225	,67.26896
1384083161269	,44.097115
1384083161320	,50.21303
1384083161378	,58.470005
1384083161437	,58.301014
1384083161477	,40.18166
1384083161532	,54.638206
1384083161603	,70.95347
1384083161646	,42.492603
1384083161710	,63.734802
1384083161765	,55.427692
1384083161815	,49.853764
1384083161870	,54.565105
1384083161938	,67.369774
1384083162025	,87.125916
1384083162090	,64.690956
1384083162136	,46.55589
1384083162184	,47.940617
1384083162228	,43.486206
1384083162278	,49.80805
1384083162326	,47.847473
1384083162382	,56.35062
1384083162438	,55.555927
1384083162494	,55.57937
1384083162536	,41.56003
1384083162599	,63.41113
1384083162658	,58.853336
1384083162717	,58.41721
1384083162787	,70.0648
1384083162855	,67.68174
1384083162897	,42.47613
1384083162950	,52.559723
1384083163050	,99.78363
1384083163135	,84.73117
1384083163205	,69.57543
1384083163279	,74.070366
1384083163343	,63.92361
1384083163401	,58.06586
1384083163511	,110.06955
1384083163556	,44.56002
1384083163614	,57.68223
1384083163675	,60.45033
1384083163781	,105.78173
1384083163839	,58.54452
1384083163894	,55.021385
1384083163936	,41.145676
1384083163987	,50.714252
1384083164074	,86.62298
1384083164131	,56.47078
1384083164218	,86.79253
1384083164304	,85.86231
1384083164362	,58.30826
1384083164416	,54.356983
1384083164481	,64.561
1384083164577	,95.781265
1384083164621	,43.43779
1384083164717	,96.13282
1384083164784	,66.61246
1384083164860	,76.49358
1384083164903	,43.038807
1384083165253	,349.79855
1384083165318	,64.91926
1384083165369	,51.21045
1384083165454	,84.57154
1384083165514	,59.742138
1384083165589	,75.16354
1384083165634	,44.634003
1384083165691	,57.259777
1384083165758	,66.86057
1384083165813	,54.823658
1384083165855	,41.704136
1384083165921	,65.61669
1384083165959	,38.111153
1384083166026	,66.787674
1384083166085	,59.35726
1384083166185	,99.460236
1384083166286	,100.73667
1384083166349	,63.388123
1384083166410	,60.404533
1384083166469	,59.756744
1384083166531	,61.668446
1384083166572	,40.708076
1384083166635	,63.316868
1384083166701	,65.08867
1384083166762	,60.882305
1384083166848	,86.24884
1384083166888	,39.913975
1384083166956	,67.80674
1384083167018	,61.78766
1384083167074	,55.594456
1384083167112	,38.38772
1384083167170	,58.298832
1384083167221	,50.922
1384083167283	,61.037067
1384083167343	,60.403973
1384083167403	,59.782764
1384083167444	,40.937607
1384083167505	,61.04211
1384083167573	,67.48623
1384083167629	,56.43432
1384083167680	,50.633812
1384083167750	,69.97435
1384083167812	,61.74631
1384083167858	,45.721085
1384083167929	,70.80009
1384083167970	,40.954323
1384083168040	,70.646416
1384083168100	,59.8286
1384083168175	,74.36717
1384083168216	,40.793262
1384083168275	,59.510696
1384083168330	,54.664837
1384083168378	,47.566257
1384083168438	,60.31846
1384083168495	,56.29137
1384083168569	,74.75196
1384083168625	,55.166058
1384083168680	,55.124813
1384083168743	,62.52838
1384083168798	,55.539696
1384083168846	,47.688255
1384083168891	,45.35203
1384083168941	,49.055405
1384083169023	,82.66766
1384083169089	,59.706844
1384083169129	,39.446575
1384083169178	,48.86279
1384083169226	,48.14782
1384083169284	,57.437187
1384083169345	,61.339993
1384083169395	,49.658264
1384083169518	,123.329704
1384083169583	,65.005615
1384083169643	,59.429325
1384083169704	,61.613598
1384083169749	,44.93482
1384083169819	,69.336395
1384083169866	,46.569935
1384083169921	,55.609127
1384083170065	,143.73216
1384083170112	,46.722042
1384083170160	,47.564674
1384083170241	,81.63285
1384083170285	,43.414482
1384083170344	,59.528046
1384083170389	,44.647064
1384083170433	,44.280907
1384083170480	,46.50498
1384083170550	,69.55331
1384083170615	,65.493576
1384083170676	,60.929104
1384083170723	,46.399277
1384083170787	,63.852013
1384083170829	,42.219685
1384083170889	,60.038353
1384083170952	,62.931942
1384083171017	,64.17728
1384083171063	,45.79723
1384083171202	,139.15022
1384083171265	,63.274475
1384083171306	,41.199993
1384083171352	,45.35279
1384083171487	,135.11203
1384083171571	,84.084404
1384083171627	,55.484177
1384083171688	,60.570995
1384083171762	,74.52052
1384083171830	,67.77627
1384083171903	,72.61675
1384083171948	,45.46493
1384083172016	,68.1636
1384083172092	,75.27596
1384083172142	,49.660866
1384083172204	,62.01689
1384083172249	,45.577175
1384083172314	,64.11628
1384083172357	,43.333633
1384083172426	,64.62319
1384083172501	,75.303505
1384083172543	,41.824295
1384083172618	,75.13819
1384083172686	,67.422104
1384083172732	,46.52053
1384083172775	,42.657185
1384083172839	,63.526337
1384083172885	,46.002937
1384083172934	,49.0841
1384083173002	,68.123856
1384083173043	,40.47248
1384083173100	,57.360268
1384083173162	,62.255833
1384083173230	,67.05816
1384083173299	,68.90049
1384083173351	,52.527008
1384083173416	,64.329506
1384083173469	,52.830013
1384083173542	,73.089645
1384083173609	,66.99092
1384083173669	,60.509262
1384083173749	,79.70787
1384083173798	,48.408115
1384083173900	,101.81953
1384083173996	,95.988945
1384083174045	,49.578392
1384083174112	,66.234634
1384083174173	,60.82953
1384083174215	,42.880836
1384083174269	,53.502018
1384083174334	,65.27745
1384083174385	,50.818443
1384083174430	,44.836853
1384083174486	,55.092655
1384083174535	,49.379665
1384083174596	,61.33755
1384083174640	,43.377506
1384083174711	,71.41956
1384083174780	,68.139595
1384083174839	,59.55552
1384083174916	,76.47294
1384083174961	,44.937397
1384083175006	,44.678528
1384083175055	,48.822994
1384083175122	,67.263756
1384083175179	,56.82304
1384083175228	,48.93157
1384083175294	,65.9209
1384083175335	,40.758812
1384083175385	,50.013668
1384083175436	,50.915657
1384083175509	,73.34995
1384083175578	,68.36054
1384083175637	,59.503765
1384083175706	,68.491455
1384083175769	,62.688988
1384083175829	,60.701385
1384083175887	,57.533104
1384083175970	,83.278625
1384083176023	,52.96967
1384083176102	,79.01405
1384083176176	,73.78691
1384083176218	,41.60934
1384083176281	,63.371677
1384083176322	,40.00697
1384083176394	,72.46473
1384083176461	,66.64679
1384083176512	,50.661945
1384083176563	,50.860146
1384083176623	,60.6876
1384083176709	,85.318855
1384083176766	,57.287296
1384083176866	,100.15022
1384083176911	,44.163593
1384083176976	,65.46677
1384083177016	,39.456757
1384083177060	,44.39397
1384083177107	,47.020412
1384083177172	,64.39983
1384083177239	,67.03421
1384083177297	,58.701946
1384083177356	,58.572254
1384083177441	,84.68162
1384083177487	,46.282467
1384083177631	,143.65422
1384083177717	,85.85878
1384083177794	,76.96678
1384083177848	,53.478252
1384083177894	,46.647552
1384083177935	,40.2527
1384083178006	,71.262596
1384083178047	,40.638565
1384083178090	,43.44032
1384083178169	,78.23106
1384083178233	,64.26282
1384083178282	,49.122673
1384083178344	,61.714184
1384083178403	,59.106594
1384083178466	,62.922817
1384083178534	,67.94944
1384083178608	,73.91087
1384083178688	,79.91741
1384083178739	,51.203907
1384083178789	,49.454758
1384083178853	,63.56129
1384083178898	,45.009884
1384083178982	,83.89304
1384083179053	,71.28565
1384083179112	,58.677475
1384083179158	,45.871655
1384083179212	,53.67508
1384083179305	,93.492485
1384083179376	,70.36104
1384083179432	,56.108192
1384083179520	,88.08081
1384083179574	,53.813816
1384083179628	,54.391727
1384083179684	,55.44176
1384083179773	,89.076675
1384083179841	,67.96006
1384083179919	,77.34694
1384083180006	,86.938866
1384083180060	,54.368107
1384083180144	,84.02942
1384083180216	,71.52575
1384083180278	,61.59358
1384083180362	,84.6281
1384083180429	,66.312386
1384083180504	,75.55208
1384083180578	,73.90958
1384083180622	,43.434277
1384083180677	,54.98741
1384083180789	,112.01309
1384083180833	,44.285904
1384083180900	,66.18746
1384083180953	,53.3908
1384083181016	,62.313046
1384083181069	,52.788593
1384083181148	,79.050285
1384083181214	,66.01189
1384083181286	,71.69085
1384083181346	,60.627876
1384083181442	,95.93857
1384083181521	,78.53525
1384083181632	,111.01594
1384083181688	,56.376198
1384083181735	,45.983574
1384083181813	,78.24325
1384083181885	,72.24872
1384083181956	,70.22314
1384083182002	,46.154774
1384083182049	,47.052124
1384083182103	,53.964443
1384083182155	,52.046623
1384083182203	,47.567383
1384083182252	,49.580154
1384083182319	,66.87148
1384083182397	,77.11205
1384083182469	,71.93432
1384083182521	,52.232494
1384083182576	,55.08728
1384083182671	,94.99677
1384083182719	,47.73931
1384083182786	,66.608765
1384083182829	,43.681503
1384083182888	,58.38743
1384083182943	,55.304146
1384083182994	,50.797146
1384083183051	,56.725227
1384083183101	,50.151413
1384083183147	,46.106926
1384083183226	,78.21175
1384083183293	,67.118546
1384083183353	,59.877426
1384083183474	,120.642685
1384083183534	,60.773502
1384083183586	,51.984413
1384083183655	,68.42058
1384083183703	,48.302433
1384083183762	,59.01745
1384083183818	,55.272236
1384083183967	,149.12553
1384083184010	,42.62879
1384083184078	,68.3666
1384083184160	,81.46905
1384083184198	,38.006786
1384083184241	,42.997753
1384083184297	,55.69391
1384083184370	,72.70306
1384083184415	,44.94879
1384083184499	,84.60459
1384083184554	,54.875595
1384083184629	,74.29627
1384083184673	,44.32593
1384083184717	,44.324398
1384083184793	,75.32109
1384083184837	,44.24876
1384083184904	,66.41218
1384083184962	,58.676224
1384083185011	,48.188488
1384083185067	,55.82534
1384083185118	,51.5499
1384083185184	,65.67923
1384083185245	,61.24004
1384083185296	,50.081306
1384083185361	,65.81757
1384083185433	,71.537125
1384083185476	,42.54451
1384083185523	,47.27369
1384083185588	,64.53546
1384083185654	,66.30059
1384083185775	,120.995964
1384083185860	,84.62
1384083185951	,91.19333
1384083185997	,45.574974
1384083186054	,56.913677
1384083186121	,67.36124
1384083186185	,63.697052
1384083186248	,63.032475
1384083186324	,76.20891
1384083186391	,66.46487
1384083186475	,83.72498
1384083186527	,52.49333
1384083186573	,44.945976
1384083186628	,55.46449
1384083186698	,70.288414
1384083186753	,54.443584
1384083186822	,68.67117
1384083186890	,68.45016
1384083186955	,64.375435
1384083187045	,90.01427
1384083187098	,52.592594
1384083187165	,67.7271
1384083187213	,47.421318
1384083187280	,67.21988
1384083187326	,45.434296
1384083187410	,84.53193
1384083187458	,47.970608
1384083187530	,71.76211
1384083187577	,46.672146
1384083187621	,43.785713
1384083187670	,49.425793
1384083187753	,82.66085
1384083187855	,101.99007
1384083187909	,53.637123
1384083187958	,49.01331
1384083188009	,50.426956
1384083188084	,75.34469
1384083188134	,49.75369
1384083188202	,68.48724
1384083188263	,60.439587
1384083188331	,67.88969
1384083188375	,43.65428
1384083188427	,51.731342
1384083188497	,70.425934
1384083188561	,63.960323
1384083188627	,65.79692
1384083188673	,46.406193
1384083188744	,70.43889
1384083188815	,70.68017
1384083188881	,66.28446
1384083188941	,59.651215
1384083188993	,51.753895
1384083189041	,47.903015
1384083189086	,45.41597
1384083189132	,45.46003
1384083189224	,91.6517
1384083189309	,85.50058
1384083189357	,47.436977
1384083189417	,59.98662
1384083189501	,84.11978
1384083189560	,59.012566
1384083189632	,71.56705
1384083189683	,51.344574
1384083189749	,65.59049
1384083189810	,60.645966
1384083189864	,54.02091
1384083189925	,61.044292
1384083189970	,45.023464
1384083190029	,59.04438
1384083190086	,56.730995
1384083190136	,49.624138
1384083190200	,64.40021
1384083190345	,144.31757
1384083190421	,76.68798
1384083190485	,63.64474
1384083190548	,62.81496
1384083190626	,78.26172
1384083190705	,78.52485
1384083190770	,64.81093
1384083190858	,87.630295
1384083190955	,97.78306
1384083191017	,61.284542
1384083191081	,64.2042
1384083191151	,70.1239
1384083191221	,69.47924
1384083191275	,54.48626
1384083191338	,62.723965
1384083191395	,56.258373
1384083191481	,86.79843
1384083191550	,68.277756
1384083191622	,72.19043
1384083191682	,60.19808
1384083191729	,46.575333
1384083191806	,76.38537
1384083191876	,70.23161
1384083191929	,53.52459
1384083191976	,46.793667
1384083192052	,75.94726
1384083192098	,45.01241
1384083192199	,101.223236
1384083192250	,51.396152
1384083192298	,47.24122
1384083192352	,54.11213
1384083192406	,53.538544
1384083192471	,65.76971
1384083192534	,62.93692
1384083192580	,45.815098
1384083192661	,80.215866
1384083192710	,49.7329
1384083192773	,62.71707
1384083192821	,47.618855
1384083192872	,50.89487
1384083192963	,90.68426
1384083193012	,49.425686
1384083193103	,90.690796
1384083193173	,70.42843
1384083193226	,52.23361
1384083193310	,84.3774
1384083193364	,54.05722
1384083193421	,56.24411
1384083193469	,48.297398
1384083193516	,46.944355
1384083193583	,67.1711
1384083193657	,73.061104
1384083193698	,41.41366
1384083193787	,89.072464
1384083193843	,56.050846
1384083193894	,50.69333
1384083193942	,47.376194
1384083194027	,85.38457
1384083194080	,52.93148
1384083194137	,56.353928
1384083194190	,53.776028
1384083194276	,85.10854
1384083194315	,39.469074
1384083194354	,39.07831
1384083194403	,48.987366
1384083194454	,50.240475
1384083194510	,56.53546
1384083194550	,39.43104
1384083194607	,57.121544
1384083194655	,47.618362
1384083194695	,40.361446
1384083194753	,58.162426
1384083194789	,35.98617
1384083194829	,39.219536
1384083194870	,40.88721
1384083194938	,68.44605
1384083195005	,66.68742
1384083195041	,36.526077
1384083195085	,43.177193
1384083195141	,56.021755
1384083195194	,53.164238
1384083195232	,38.15146
1384083195275	,43.07232
1384083195335	,59.90321
1384083195377	,41.772987
1384083195426	,48.34873
1384083195487	,61.64186
1384083195528	,40.414604
1384083195566	,38.442112
1384083195616	,49.99089
1384083195683	,66.16066
1384083195722	,39.477016
1384083195789	,66.68704
1384083195858	,68.70798
1384083195898	,39.67001
1384083195956	,58.372078
1384083195997	,41.030155
1384083196050	,52.73033
1384083196085	,34.695408
1384083196200	,115.32448
1384083196241	,40.36295
1384083196298	,57.137115
1384083196349	,51.49869
1384083196393	,43.45818
1384083196442	,48.522175
1384083196479	,37.66047
1384083196537	,58.087414
1384083196579	,41.429016
1384083196635	,55.65615
1384083196688	,53.5601
1384083196748	,59.052975
1384083196812	,64.73757
1384083196864	,51.201275
1384083196927	,63.71186
1384083196967	,39.495975
1384083197056	,89.04256
1384083197102	,45.919033
1384083197155	,52.872437
1384083197195	,39.731514
1384083197237	,42.40239
1384083197276	,38.847015
1384083197315	,39.123955
1384083197371	,55.17347
1384083197413	,41.952488
1384083197469	,56.171486
1384083197522	,52.627434
1384083197578	,56.41634
1384083197639	,60.72749
1384083197702	,63.09571
1384083197753	,50.833237
1384083197795	,41.711166
1384083197834	,39.00514
1384083197914	,79.723495
1384083197970	,55.741486
1384083198010	,39.703896
1384083198067	,56.988388
1384083198108	,41.47511
1384083198151	,42.341835
1384083198208	,56.984646
1384083198264	,56.15873
1384083198323	,58.951923
1384083198412	,89.05117
1384083198463	,51.271877
1384083198534	,70.22664
1384083198571	,37.13162
1384083198614	,42.688007
1384083198673	,58.737885
1384083198727	,53.97778
1384083198767	,40.38067
1384083198807	,40.00513
1384083198858	,50.52196
1384083198911	,53.499153
1384083198985	,73.8762
1384083199022	,36.22801
1384083199062	,40.32337
1384083199119	,57.135513
1384083199176	,56.564655
1384083199268	,92.421844
1384083199309	,40.44101
1384083199364	,54.91345
1384083199407	,43.274384
1384083199474	,66.7494
1384083199515	,40.610252
1384083199557	,42.429176
1384083199619	,61.483387
1384083199666	,47.351925
1384083199726	,59.728672
1384083199769	,43.015785
1384083199858	,88.319855
1384083199940	,81.696335
1384083200012	,72.79528
1384083200070	,57.293552
1384083200116	,46.540398
1384083200171	,54.52395
1384083200213	,41.503166
1384083200265	,52.06377
1384083200319	,54.449013
1384083200387	,67.70236
1384083200439	,51.931374
1384083200495	,56.022808
1384083200527	,31.617687
1384083200603	,76.05451
1384083200666	,62.55195
1384083200704	,38.55623
1384083200762	,57.199318
1384083200833	,70.95229
1384083200873	,40.66287
1384083200920	,46.0919
1384083200966	,46.66116
1384083201022	,55.44617
1384083201074	,52.040096
1384083201115	,40.542194
1384083201155	,40.18259
1384083201211	,56.375294
1384083201259	,47.426517
1384083201322	,62.73137
1384083201376	,54.35785
1384083201431	,55.13867
1384083201475	,43.224617
1384083201594	,119.39837
1384083201654	,60.15166
1384083201735	,80.83054
1384083201791	,55.290054
1384083201842	,50.703377
1384083201930	,88.58262
1384083202004	,73.454865
1384083202065	,60.994076
1384083202126	,60.901928
1384083202174	,47.73232
1384083202216	,42.697063
1384083202260	,43.534397
1384083202335	,74.85063
1384083202393	,58.01451
1384083202438	,44.780792
1384083202482	,43.980785
1384083202519	,36.44777
1384083202594	,75.3618
1384083202633	,38.667175
1384083202691	,57.923473
1384083202787	,95.686615
1384083202849	,62.364635
1384083202907	,58.002403
1384083202968	,61.06728
1384083203040	,71.19211
1384083203100	,60.5085
1384083203155	,54.438686
1384083203194	,39.753464
1384083203237	,41.996223
1384083203277	,40.08748
1384083203328	,51.56981
1384083203370	,41.131752
1384083203427	,57.624638
1384083203478	,50.444283
1384083203537	,59.035267
1384083203596	,59.254196
1384083203655	,58.129128
1384083203707	,52.41427
1384083203751	,43.704304
1384083203809	,57.864735
1384083203898	,88.7942
1384083203940	,42.476116
1384083204015	,74.70131
1384083204076	,60.8111
1384083204190	,113.63141
1384083204255	,64.83732
1384083204330	,75.79393
1384083204389	,58.37564
1384083204447	,58.30099
1384083204502	,54.83736
1384083204553	,50.767216
1384083204612	,59.275383
1384083204680	,67.50921
1384083204748	,68.12115
1384083204790	,41.613667
1384083204850	,59.832954
1384083204915	,64.76829
1384083204988	,73.59294
1384083205047	,58.65768
1384083205118	,70.857185
1384083205181	,62.80139
1384083205221	,40.287167
1384083205283	,62.065216
1384083205338	,54.441143
1384083205387	,48.789165
1384083205450	,63.493565
1384083205492	,42.057224
1384083205568	,75.46732
1384083205630	,61.608322
1384083205689	,59.17806
1384083205744	,54.606403
1384083205787	,43.46207
1384083205846	,58.562622
1384083205883	,37.55099
1384083205928	,44.167282
1384083206012	,83.96027
1384083206052	,40.320457
1384083206106	,53.77218
1384083206158	,51.83562
1384083206214	,56.230556
1384083206259	,44.68454
1384083206343	,84.40782
1384083206435	,91.44995
1384083206528	,93.53158
1384083206589	,60.108997
1384083206640	,51.343826
1384083206705	,64.51323
1384083206753	,48.692448
1384083206796	,42.274178
1384083206853	,57.53108
1384083206906	,52.57095
1384083206946	,39.852833
1384083206984	,38.013607
1384083207048	,64.090355
1384083207510	,461.3124
1384083207560	,49.93602
1384083207653	,92.99824
1384083207694	,41.274185
1384083207794	,100.12071
1384083207836	,42.065502
1384083207879	,42.689644
1384083207936	,56.95408
1384083207993	,56.782314
1384083208049	,55.97126
1384083208120	,70.452614
1384083208172	,51.81089
1384083208211	,39.344994
1384083208257	,46.385265
1384083208319	,61.32931
1384083208368	,48.714645
1384083208422	,53.83065
1384083208492	,69.998024
1384083208552	,60.005783
1384083208669	,117.0922
1384083208725	,56.288853
1384083208781	,55.71998
1384083208822	,41.13504
1384083208864	,41.151382
1384083208943	,78.967964
1384083208984	,41.7814
1384083209075	,90.73405
1384083209132	,56.221207
1384083209195	,63.04497
1384083209284	,88.89538
1384083209357	,73.34734
1384083209407	,50.059624
1384083209470	,62.352962
1384083209511	,41.721985
1384083209565	,53.874237
1384083209618	,52.728664
1384083209668	,49.668816
1384083209722	,54.06854
1384083209784	,61.828423
1384083209849	,64.8607
1384083209887	,37.90539
1384083209946	,59.489964
1384083209990	,43.386845
1384083210031	,40.757664
1384083210099	,67.94621
1384083210152	,53.20986
1384083210220	,67.83226
1384083210264	,44.158386
1384083210326	,61.570824
1384083210365	,39.45769
1384083210433	,67.13146
1384083210482	,49.194466
1384083210550	,67.046875
1384083210598	,48.520695
1384083210645	,46.92871
1384083210689	,43.486965
1384083210732	,43.053375
1384083210786	,54.293327
1384083210854	,68.082436
1384083210890	,35.454105
1384083210932	,42.47146
1384083210987	,53.975956
1384083211042	,55.09687
1384083211085	,43.12509
1384083211142	,57.09591
1384083211205	,62.544453
1384083211247	,42.052464
1384083211301	,54.29028
1384083211356	,54.697823
1384083211437	,80.80511
1384083211501	,64.22926
1384083211595	,93.61421
1384083211644	,49.40271
1384083211688	,43.170887
1384083211734	,46.62298
1384083211778	,43.198776
1384083211820	,42.210922
1384083211864	,44.35154
1384083211920	,56.037434
1384083211968	,47.60103
1384083212011	,42.693176
1384083212070	,59.42976
1384083212111	,40.308205
1384083212163	,52.007057
1384083212208	,45.497524
1384083212266	,57.545994
1384083212337	,70.81373
1384083212420	,82.647484
1384083212476	,56.493774
1384083212527	,50.81995
1384083212609	,81.41814
1384083212673	,64.27283
1384083212732	,58.958717
1384083212804	,71.555115
1384083212883	,79.220024
1384083212938	,55.04846
1384083213086	,147.99236
1384083213158	,71.37226
1384083213198	,40.745544
1384083213238	,39.729725
1384083213297	,58.96021
1384083213354	,56.69822
1384083213400	,46.335594
1384083213460	,59.57033
1384083213508	,47.714832
1384083213565	,57.06348
1384083213632	,67.14356
1384083213717	,84.76304
1384083213794	,76.91145
1384083213861	,66.8339
1384083213912	,50.56965
1384083213956	,44.03526
1384083213997	,41.378994
1384083214043	,45.347916
1384083214099	,56.20141
1384083214162	,63.015385
1384083214203	,40.70739
1384083214259	,56.29524
1384083214332	,72.701385
1384083214375	,43.140842
1384083214439	,63.99937
1384083214503	,63.750854
1384083214562	,58.79156
1384083214610	,47.704872
1384083214651	,41.070534
1384083214712	,61.03865
1384083214764	,52.330883
1384083214806	,42.068535
1384083214847	,40.035114
1384083214909	,62.318207
1384083214986	,77.39302
1384083215039	,52.915985
1384083215102	,61.974247
1384083215161	,59.302685
1384083215234	,72.740524
1384083215292	,58.28161
1384083215337	,44.610275
1384083215439	,102.12729
1384083215492	,53.07756
1384083215542	,49.394955
1384083215583	,41.07814
1384083215643	,60.352894
1384083215710	,66.646034
1384083215775	,64.7955
1384083215876	,101.33767
1384083215920	,44.226704
1384083215983	,62.175617
1384083216033	,50.301296
1384083216099	,65.63364
1384083216143	,44.566086
1384083216224	,80.030685
1384083216320	,96.32586
1384083216365	,44.869946
1384083216417	,52.42253
1384083216468	,50.638958
1384083216523	,55.230686
1384083216588	,64.67449
1384083216646	,58.219265
1384083216709	,62.037746
1384083216755	,46.093464
1384083216891	,136.01778
1384083216934	,43.302044
1384083216982	,47.569305
1384083217052	,70.07467
1384083217107	,55.294617
1384083217154	,46.976532
1384083217200	,45.626755
1384083217255	,55.11947
1384083217296	,40.749405
1384083217367	,70.30143
1384083217454	,87.1902
1384083217499	,45.02106
1384083217543	,44.349304
1384083217601	,57.847763
1384083217680	,78.36088
1384083217728	,47.93557
1384083217808	,79.91125
1384083217862	,53.786358
1384083217919	,57.173553
1384083217978	,59.05544
1384083218043	,64.613846
1384083218102	,59.62271
1384083218166	,64.16372
1384083218228	,61.437424
1384083218290	,61.856262
1384083218355	,65.36486
1384083218402	,46.74247
1384083218445	,42.85148
1384083218491	,45.61944
1384083218537	,45.84874
1384083218583	,45.983704
1384083218644	,60.662636
1384083218693	,49.73037
1384083218756	,62.23541
1384083218801	,44.77376
1384083218848	,47.096474
1384083218892	,44.655643
1384083219028	,135.47472
1384083219090	,61.57947
1384083219146	,56.680725
1384083219191	,44.982002
1384083219256	,64.064995
1384083219357	,101.29677
1384083219404	,46.917557
1384083219460	,55.607895
1384083219564	,104.5269
1384083219623	,58.922176
1384083219713	,89.433136
1384083219756	,43.09916
1384083219799	,43.00423
1384083219853	,54.26764
1384083219918	,64.4728
1384083219966	,48.425983
1384083220009	,42.59993
1384083220069	,59.595654
1384083220138	,69.52065
1384083220182	,43.39436
1384083220244	,62.477257
1384083220305	,60.37679
1384083220350	,45.557407
1384083220409	,58.530754
1384083220470	,60.68437
1384083220514	,44.23209
1384083220561	,47.246727
1384083220615	,53.222775
1384083220679	,63.782665
1384083220731	,52.91655
1384083220800	,68.480354
1384083220854	,53.431496
1384083220901	,47.169197
1384083220960	,58.932335
1384083221068	,108.04527
1384083221134	,65.52461
1384083221204	,70.28328
1384083221248	,43.94412
1384083221299	,50.575886
1384083221458	,158.98952
1384083221512	,54.093025
1384083221592	,80.57687
1384083221660	,67.6722
1384083221714	,53.960365
1384083221755	,40.998745
1384083221808	,52.75637
1384083221889	,81.05682
1384083221946	,56.230392
1384083221996	,50.136406
1384083222062	,66.57004
1384083222123	,60.449615
1384083222181	,58.085274
1384083222241	,59.574238
1384083222305	,64.041145
1384083222368	,62.738537
1384083222417	,49.129036
1384083222480	,63.20803
1384083222528	,48.115776
1384083222598	,69.333084
1384083222671	,73.05779
1384083222719	,48.40733
1384083222764	,44.90523
1384083222872	,107.29826
1384083222957	,84.9568
1384083223002	,45.219795
1384083223084	,81.57072
1384083223130	,46.408527
1384083223195	,64.30217
1384083223264	,69.11493
1384083223311	,46.744373
1384083223374	,63.37987
1384083223419	,45.168896
1384083223487	,67.74385
1384083223543	,55.50245
1384083223611	,67.82685
1384083223653	,41.973286
1384083223711	,58.114513
1384083223789	,78.21123
1384083223841	,51.422203
1384083223891	,50.844803
1384083223933	,41.08574
1384083223988	,55.71184
1384083224035	,47.002632
1384083224117	,81.067314
1384083224160	,42.852905
1384083224225	,65.72535
1384083224286	,60.193977
1384083224372	,86.37691
1384083224428	,55.74433
1384083224484	,55.827126
1384083224548	,63.735455
1384083224594	,46.010647
1384083224638	,43.81646
1384083224685	,47.78962
1384083224746	,60.56364
1384083224866	,120.079254
1384083224931	,64.350395
1384083224979	,48.19794
1384083225033	,53.973423
1384083225107	,73.60122
1384083225232	,125.34301
1384083225287	,54.533157
1384083225340	,53.76172
1384083225389	,48.158504
1384083225441	,51.81774
1384083225487	,46.240112
1384083225542	,55.46638
1384083225599	,56.589733
1384083225660	,61.20429
1384083225712	,51.264618
1384083225763	,50.970753
1384083225827	,63.98194
1384083225886	,58.76405
1384083225973	,86.95684
1384083226045	,72.52462
1384083226102	,56.91306
1384083226149	,46.389683
1384083226217	,68.14163
1384083226263	,46.39723
1384083226311	,47.070866
1384083226354	,43.437557
1384083226424	,70.02681
1384083226488	,63.384544
1384083226550	,62.635258
1384083226623	,72.17085
1384083226693	,70.156715
1384083226758	,65.26146
1384083226824	,65.677704
1384083226900	,75.737175
1384083226982	,82.08597
1384083227061	,79.12996
1384083227155	,94.11409
1384083227261	,105.99445
1384083227339	,77.87578
1384083227374	,34.260834
1384083227437	,62.792973
1384083227497	,60.250607
1384083227549	,52.15446
1384083227590	,40.987648
1384083227657	,66.937485
1384083227702	,45.217552
1384083227757	,54.731457
1384083227827	,69.644394
1384083227912	,85.32342
1384083227951	,38.55312
1384083228016	,64.70283
1384083228073	,56.76995
1384083228136	,63.119667
1384083228180	,44.43936
1384083228249	,68.594505
1384083228312	,62.70851
1384083228385	,73.199455
1384083228423	,38.394886
1384083228474	,50.764565
1384083228533	,58.31595
1384083228592	,59.037445
1384083228669	,77.36127
1384083228732	,63.137714
1384083228783	,50.550686
1384083228898	,114.50986
1384083228947	,49.02914
1384083228998	,50.97541
1384083229041	,42.96069
1384083229106	,65.31922
1384083229191	,84.9774
1384083229278	,86.78405
1384083229389	,111.04003
1384083229465	,76.10985
1384083229505	,39.34447
1384083229557	,51.994045
1384083229620	,62.70704
1384083229685	,65.14698
1384083229739	,54.451164
1384083229784	,44.742817
1384083229870	,86.091415
1384083229934	,63.4726
1384083230035	,100.60929
1384083230107	,72.408005
1384083230162	,54.591923
1384083230302	,140.57532
1384083230376	,73.95528
1384083230433	,56.258
1384083230496	,63.22444
1384083230545	,48.72421
1384083230586	,40.68876
1384083230636	,50.006947
1384083230686	,50.67054
1384083230728	,41.833885
1384083230793	,64.825424
1384083230855	,61.39035
1384083230894	,39.528625
1384083230963	,68.56329
1384083231024	,61.379913
1384083231089	,64.69836
1384083231133	,43.822746
1384083231189	,55.961014
1384083231247	,58.04393
1384083231398	,150.96384
1384083231450	,51.22184
1384083231497	,47.556477
1384083231570	,72.394066
1384083231614	,44.63451
1384083231656	,41.69172
1384083231707	,50.851704
1384083231766	,59.058105
1384083231827	,60.686047
1384083231895	,67.69716
1384083231944	,49.351402
1384083232051	,106.9712
1384083232136	,84.556114
1384083232200	,64.0849
1384083232293	,93.389854
1384083232345	,51.60571
1384083232402	,56.66828
1384083232467	,65.58722
1384083232581	,112.96054
1384083232642	,61.659317
1384083232690	,47.623314
1384083232784	,94.35122
1384083232847	,62.54586
1384083232916	,69.19269
1384083232979	,63.0312
1384083233069	,89.81609
1384083233114	,44.93135
1384083233184	,69.319084
1384083233356	,172.74403
1384083233417	,60.73008
1384083233458	,40.55852
1384083233513	,54.656208
1384083233557	,44.33346
1384083233622	,65.218346
1384083233665	,42.80729
1384083233723	,57.79129
1384083233793	,69.67114
1384083233857	,63.889324
1384083233946	,89.187485
1384083234002	,55.669193
1384083234052	,50.614
1384083234098	,45.62972
1384083234147	,49.270004
1384083234208	,60.673706
1384083234256	,47.7019
1384083234301	,45.402023
1384083234362	,60.54804
1384083234412	,49.657684
1384083234483	,71.56438
1384083234546	,62.750824
1384083234590	,43.845646
1384083234663	,72.361694
1384083234724	,61.482834
1384083234785	,61.11103
1384083234855	,70.052795
1384083234898	,42.154026
1384083234964	,66.704865
1384083235011	,46.11967
1384083235073	,62.079094
1384083235142	,68.968636
1384083235188	,46.62638
1384083235271	,82.70714
1384083235347	,75.68564
1384083235398	,50.82762
1384083235461	,62.893803
1384083235523	,61.882595
1384083235576	,53.111473
1384083235635	,59.295727
1384083235701	,65.457954
1384083235776	,75.46283
1384083235866	,89.36162
1384083235927	,61.556725
1384083235990	,62.788742
1384083236057	,66.27688
1384083236119	,62.543205
1384083236171	,51.96591
1384083236241	,69.861786
1384083236302	,60.330883
1384083236348	,46.372253
1384083236419	,70.779976
1384083236463	,43.690937
1384083236526	,63.56878
1384083236576	,49.51854
1384083236622	,46.01552
1384083236703	,80.75719
1384083236772	,69.17557
1384083236855	,82.68565
1384083236936	,81.1688
1384083236998	,61.4173
1384083237046	,48.770584
1384083237108	,61.40272
1384083237172	,63.868763
1384083237228	,55.828438
1384083237311	,83.4
1384083237376	,64.56994
1384083237419	,42.74709
1384083237505	,85.90859
1384083237564	,58.826042
1384083237721	,157.3018
1384083237774	,52.933502
1384083237821	,47.029842
1384083237870	,48.454266
1384083237918	,48.719505
1384083237983	,64.82366
1384083238030	,46.373096
1384083238071	,40.944622
1384083238162	,91.270226
1384083238225	,63.149147
1384083238293	,67.40737
1384083238353	,60.50164
1384083238401	,47.700584
1384083238449	,47.78431
1384083238550	,101.109085
1384083238601	,50.807064
1384083238661	,60.17459
1384083238713	,51.381374
1384083238760	,47.393543
1384083238810	,50.07039
1384083238826	,15.939883
1384083238867	,40.818466
1384083238935	,67.683426
1384083238981	,45.988216
1384083239050	,68.93503
1384083239093	,42.808678
1384083239176	,82.92488
1384083239222	,46.29396
1384083239294	,71.419754
1384083239361	,66.783104
1384083239415	,54.2313
1384083239478	,63.210644
1384083239549	,70.621025
1384083239622	,73.02181
1384083239668	,46.0974
1384083239735	,67.153854
1384083239782	,46.15416
1384083239851	,69.65325
1384083239941	,89.73364
1384083240006	,64.74282
1384083240072	,65.833664
1384083240140	,67.91396
1384083240197	,57.181385
1384083240261	,63.759754
1384083240305	,44.223965
1384083240387	,81.9234
1384083240446	,58.843353
1384083240524	,78.242035
1384083240593	,68.13509
1384083240692	,99.24294
1384083240746	,54.264725
1384083240808	,61.374546
1384083240868	,60.18823
1384083240920	,52.087406
1384083240968	,47.41607
1384083241036	,67.85553
1384083241086	,50.404873
1384083241154	,67.6883
1384083241218	,63.731762
1384083241286	,68.09348
1384083241354	,68.65385
1384083241449	,94.19198
1384083241493	,44.41347
1384083241540	,46.959694
1384083241590	,49.382034
1384083241655	,65.14402
1384083241721	,66.03326
1384083241769	,48.126156
1384083241828	,59.001102
1384083241912	,83.69985
1384083241977	,65.24726
1384083242036	,58.66403
1384083242085	,48.832657
1384083242161	,75.55928
1384083242213	,52.092274
1384083242264	,51.278553
1384083242308	,43.35773
1384083242386	,78.560555
1384083242431	,45.01372
1384083242525	,93.28488
1384083242613	,88.65429
1384083242681	,67.20935
1384083242731	,50.66348
1384083242836	,104.34841
1384083242902	,65.686775
1384083242974	,72.48731
1384083243048	,73.79038
1384083243117	,69.132935
1384083243185	,68.16776
1384083243234	,48.452374
1384083243328	,94.39902
1384083243399	,70.82264
1384083243483	,83.60001
1384083243569	,85.94956
1384083243643	,74.307724
1384083243688	,44.976284
1384083243748	,59.37838
1384083243843	,94.69436
1384083243891	,48.461773
1384083243962	,70.75617
1384083244033	,71.11677
1384083244325	,291.59708
1384083244373	,47.97309
1384083244428	,55.444466
1384083244498	,69.169136
1384083244545	,47.704315
1384083244614	,68.90541
1384083244664	,49.70885
1384083244712	,48.036983
1384083244773	,61.109985
1384083244833	,59.681484
1384083244885	,51.815105
1384083244956	,71.10185
1384083245006	,49.54501
1384083245051	,45.33534
1384083245113	,61.202675
1384083245168	,55.00543
1384083245219	,51.136024
1384083245288	,69.1724
1384083245348	,60.043533
1384083245393	,45.22605
1384083245452	,58.277294
1384083245527	,74.795975
1384083245578	,51.726746
1384083245651	,72.11198
1384083245702	,50.97009
1384083245748	,45.94883
1384083245809	,61.63199
1384083245860	,50.605404
1384083245914	,54.0316
1384083245958	,44.082985
1384083246030	,72.03107
1384083246083	,52.780247
1384083246155	,71.3791
1384083246200	,44.74198
1384083246274	,74.34563
1384083246360	,85.819786
1384083246404	,43.75671
1384083246515	,111.735115
1384083246584	,68.260895
1384083246657	,73.5041
1384083246703	,45.76003
1384083246767	,64.24359
1384083246856	,88.76282
1384083246918	,61.64967
1384083246973	,54.547955
1384083247047	,74.728745
1384083247137	,89.741646
1384083247229	,91.88672
1384083247301	,71.49017
1384083247356	,54.671635
1384083247441	,84.94506
1384083247495	,53.958626
1384083247552	,57.788124
1384083247622	,69.86246
1384083247672	,49.088634
1384083247726	,54.43351
1384083247785	,58.679024
1384083247903	,118.263954
1384083247952	,49.175346
1384083247996	,43.869987
1384083248046	,49.921257
1384083248106	,59.251335
1384083248177	,71.333435
1384083248245	,68.3081
1384083248312	,66.54931
1384083248377	,64.816826
1384083248427	,49.99729
1384083248496	,68.85166
1384083248573	,76.684975
1384083248633	,60.62709
1384083248696	,62.34703
1384083248766	,70.193695
1384083248839	,72.58726
1384083248899	,60.6202
1384083248968	,69.01708
1384083249048	,79.45885
1384083249111	,62.896572
1384083249207	,95.743385
1384083249274	,66.854935
1384083249326	,52.143818
1384083249395	,68.743706
1384083249444	,48.87982
1384083249531	,87.223465
1384083249577	,46.298264
1384083249626	,48.661118
1384083249683	,57.20239
1384083249749	,66.031456
1384083249842	,92.55426
1384083249889	,47.207134
1384083249963	,73.40152
1384083250011	,48.42079
1384083250083	,71.322586
1384083250150	,67.64349
1384083250202	,51.6348
1384083250286	,84.20102
1384083250341	,54.989193
1384083250392	,50.128597
1384083250456	,63.804474
1384083250520	,64.46845
1384083250567	,47.15702
1384083250623	,55.46582
1384083250672	,49.228664
1384083250718	,46.096672
1384083250780	,61.964397
1384083250841	,61.089245
1384083250895	,53.907932
1384083251054	,158.15546
1384083251138	,83.90258
1384083251224	,85.99987
1384083251276	,52.25082
1384083251336	,59.487617
1384083251415	,79.84809
1384083251486	,70.784325
1384083251546	,59.305336
1384083251671	,125.40239
1384083251754	,83.10352
1384083251813	,59.12139
1384083251864	,50.720634
1384083251936	,72.003784
1384083252011	,75.12703
1384083252104	,92.26947
1384083252173	,68.979935
1384083252274	,101.640915
1384083252337	,62.57888
1384083252391	,54.241108
1384083252458	,66.62765
1384083252535	,76.73809
1384083252585	,50.568203
1384083252644	,58.41616
1384083252696	,52.029224
1384083252745	,49.5087
1384083252820	,74.292336
1384083252896	,76.066444
1384083252964	,67.83173
1384083253023	,58.73971
1384083253085	,62.447033
1384083253154	,68.40402
1384083253215	,60.87184
1384083253308	,93.511
1384083253349	,41.04323
1384083253409	,59.714752
1384083253454	,44.529808
1384083253495	,40.790565
1384083253550	,54.891792
1384083253587	,37.32433
1384083253661	,73.7177
1384083253701	,40.081482
1384083253742	,40.86831
1384083253823	,80.86633
1384083253884	,61.44765
1384083253925	,40.55168
1384083253969	,43.92313
1384083254011	,42.577477
1384083254068	,56.58168
1384083254131	,62.93416
1384083254203	,72.36311
1384083254262	,58.83545
1384083254305	,43.171406
1384083254347	,41.85047
1384083254398	,50.09727
1384083254451	,52.974113
1384083254490	,39.87156
1384083254548	,57.24307
1384083254634	,86.26177
1384083254672	,38.0564
1384083254754	,82.10718
1384083254825	,70.30958
1384083254870	,45.003937
1384083254913	,42.813034
1384083254984	,71.554184
1384083255038	,54.089237
1384083255092	,53.50289
1384083255153	,60.791473
1384083255208	,54.844585
1384083255280	,72.51003
1384083255332	,51.773552
1384083255396	,63.33404
1384083255445	,49.16027
1384083255484	,39.04855
1384083255527	,42.586407
1384083255583	,56.50657
1384083255636	,53.282413
1384083255690	,53.90134
1384083255748	,57.492657
1384083255801	,53.009296
1384083255845	,43.892345
1384083255896	,51.2868
1384083255979	,82.758934
1384083256018	,38.76942
1384083256059	,41.047264
1384083256099	,40.25696
1384083256143	,43.778347
1384083256202	,58.16347
1384083256258	,55.97547
1384083256311	,52.998936
1384083256351	,39.89352
1384083256406	,55.261143
1384083256445	,38.997143
1384083256485	,39.930454
1384083256542	,56.788044
1384083256593	,51.238503
1384083256641	,47.765175
1384083256698	,56.84609
1384083256754	,56.003674
1384083256798	,44.490993
1384083256838	,39.92048
1384083256910	,71.997055
1384083257466	,555.11676
1384083257518	,52.420048
1384083257566	,47.867138
1384083257614	,47.47303
1384083257673	,59.760048
1384083257785	,111.43026
1384083257824	,39.31149
1384083257866	,41.722984
1384083257923	,56.662632
1384083257977	,54.32374
1384083258053	,75.51281
1384083258125	,71.87125
1384083258185	,60.54003
1384083258245	,60.021107
1384083258286	,40.66218
1384083258347	,61.177967
1384083258425	,77.66064
1384083258485	,59.737316
1384083258598	,113.26345
1384083258639	,40.8638
1384083258697	,57.753975
1384083258758	,60.650356
1384083258826	,67.821236
1384083258866	,40.072304
1384083258928	,62.52236
1384083258968	,39.922462
1384083259027	,58.50562
1384083259067	,40.384834
1384083259148	,80.66998
1384083259207	,58.47352
1384083259251	,44.020603
1384083259328	,77.66077
1384083259381	,52.96083
1384083259449	,67.57755
1384083259492	,43.25156
1384083259579	,87.13779
1384083259640	,60.293026
1384083259681	,41.15477
1384083259723	,41.963387
1384083259767	,43.7622
1384083259823	,56.468433
1384083259881	,57.83919
1384083259981	,99.08808
1384083260022	,41.410374
1384083260063	,40.939217
1384083260118	,54.4936
1384083260172	,54.87155
1384083260226	,53.89549
1384083260270	,43.111824
1384083260333	,62.94017
1384083260425	,92.64906
1384083260471	,45.31518
1384083260523	,51.856056
1384083260569	,46.291626
1384083260639	,69.61626
1384083260686	,47.078728
1384083260744	,57.95671
1384083260784	,40.604626
1384083260832	,47.612316
1384083260882	,50.06138
1384083260922	,39.44
1384083260997	,75.532906
1384083261037	,40.06282
1384083261098	,60.94688
1384083261159	,60.6318
1384083261203	,44.06961
1384083261259	,55.891743
1384083261338	,79.1416
1384083261430	,91.82055
1384083261509	,78.56373
1384083261566	,57.21789
1384083261621	,54.51042
1384083261662	,41.369663
1384083261760	,97.705124
1384083261806	,45.8897
1384083261849	,43.014538
1384083261908	,59.036304
1384083261948	,40.1491
1384083262004	,55.16048
1384083262056	,52.340954
1384083262101	,44.511024
1384083262167	,66.29287
1384083262224	,57.048626
1384083262284	,60.053726
1384083262326	,42.28526
1384083262399	,72.4952
1384083262436	,37.122902
1384083262507	,71.15034
1384083262568	,60.893944
1384083262639	,70.141815
1384083262748	,109.11181
1384083262791	,43.356895
1384083262846	,55.23809
1384083262981	,134.37955
1384083263037	,56.098263
1384083263096	,59.342445
1384083263141	,44.600216
1384083263215	,73.86221
1384083263274	,59.065296
1384083263342	,67.97914
1384083263380	,37.602272
1384083263426	,45.92901
1384083263480	,54.57333
1384083263540	,59.823215
1384083263580	,39.93823
1384083263630	,49.88855
1384083263687	,57.422256
1384083263729	,41.68798
1384083263798	,68.407196
1384083263847	,49.433266
1384083263927	,79.76888
1384083263983	,56.343616
1384083264043	,59.125328
1384083264113	,70.75601
1384083264161	,48.00866
1384083264237	,75.71618
1384083264282	,44.696568
1384083264341	,59.2798
1384083264404	,62.639687
1384083264453	,49.11017
1384083264514	,60.77813
1384083264557	,43.00476
1384083264626	,68.9841
1384083264674	,47.27926
1384083264733	,59.498055
1384083264800	,67.10135
1384083264854	,54.159298
1384083264936	,81.53226
1384083265001	,65.18129
1384083265050	,48.983875
1384083265116	,65.33766
1384083265157	,41.204494
1384083265215	,57.94546
1384083265278	,62.829414
1384083265337	,59.489925
1384083265394	,56.351887
1384083265455	,61.150795
1384083265515	,60.33578
1384083265577	,61.000237
1384083265632	,55.595272
1384083265689	,56.861343
1384083265732	,42.47941
1384083265791	,59.269768
1384083265847	,55.92057
1384083265913	,66.342415
1384083265991	,77.10615
1384083266030	,39.623547
1384083266068	,38.143326
1384083266134	,65.82061
1384083266202	,67.56214
1384083266264	,62.062283
1384083266334	,70.05189
1384083266393	,58.63007
1384083266460	,67.10823
1384083266512	,51.501858
1384083266574	,62.760197
1384083266635	,59.977802
1384083266680	,44.929996
1384083266761	,80.95015
1384083266801	,40.218536
1384083266856	,55.09415
1384083266905	,48.782375
1384083266981	,76.1922
1384083267037	,55.43398
1384083267098	,61.125404
1384083267154	,56.678272
1384083267195	,40.31303
1384083267259	,64.22822
1384083267314	,55.07157
1384083267386	,72.187744
1384083267428	,41.795258
1384083267472	,43.853817
1384083267533	,60.2817
1384083267596	,63.754875
1384083267676	,79.06536
1384083267728	,52.07917
1384083267774	,45.899384
1384083267832	,57.58039
1384083267894	,62.092903
1384083267956	,61.07295
1384083268006	,50.247
1384083268050	,44.333885
1384083268113	,62.564262
1384083268182	,69.49728
1384083268258	,75.42821
1384083268300	,42.052956
1384083268367	,66.56692
1384083268424	,56.875046
1384083268460	,36.028824
1384083268501	,41.244816
1384083268553	,51.621887
1384083268634	,81.062454
1384083268690	,55.67466
1384083268740	,50.003838
1384083268798	,57.82006
1384083268930	,132.6769
1384083268994	,63.72803
1384083269034	,39.87694
1384083269102	,67.75637
1384083269148	,46.38838
1384083269212	,63.78536
1384083269274	,61.466953
1384083269331	,57.03407
1384083269385	,53.911037
1384083269446	,61.635853
1384083269508	,61.574207
1384083269564	,56.078568
1384083269633	,69.17022
1384083269685	,51.18337
1384083269733	,47.798393
1384083269826	,93.25786
1384083269874	,47.89517
1384083269915	,41.184048
1384083269961	,45.649185
1384083270036	,75.278336
1384083270083	,46.489365
1384083270144	,61.30474
1384083270194	,49.855255
1384083270262	,67.92901
1384083270328	,66.282
1384083270375	,46.868958
1384083270419	,43.691963
1384083270488	,68.741035
1384083270548	,59.695007
1384083270599	,51.099663
1384083270680	,81.20392
1384083270746	,66.104095
1384083270809	,62.738167
1384083270877	,68.11189
1384083270919	,41.58731
1384083270963	,44.241585
1384083271021	,58.28322
1384083271070	,48.61914
1384083271127	,56.36734
1384083271171	,44.140594
1384083271233	,62.29254
1384083271275	,41.65897
1384083271333	,57.75507
1384083271392	,59.328487
1384083271436	,43.91229
1384083271481	,45.28321
1384083271538	,56.54494
1384083271600	,62.49071
1384083271658	,57.69182
1384083271720	,62.118843
1384083271766	,45.21431
1384083271823	,57.586815
1384083271868	,44.513474
1384083271923	,55.058407
1384083271981	,57.88194
1384083272028	,46.744156
1384083272072	,44.581566
1384083272128	,55.713455
1384083272190	,61.29154
1384083272244	,54.00254
1384083272285	,41.562958
1384083272335	,49.31155
1384083272382	,47.529915
1384083272445	,62.304226
1384083272533	,88.06681
1384083272575	,41.756622
1384083272658	,83.08277
1384083272746	,88.54271
1384083272810	,64.12724
1384083272888	,77.09666
1384083272945	,57.61879
1384083272990	,45.049904
1384083273042	,51.789185
1384083273100	,57.923233
1384083273164	,63.41609
1384083273220	,56.34606
1384083273267	,46.390823
1384083273335	,68.546906
1384083273383	,47.671246
1384083273435	,52.182934
1384083273485	,50.022484
1384083273556	,70.90795
1384083273618	,61.671288
1384083273662	,44.37056
1384083273707	,44.20909
1384083273788	,81.28876
1384083273843	,55.204502
1384083273901	,57.789288
1384083273946	,44.72928
1384083273999	,52.71433
1384083274064	,65.39228
1384083274108	,43.605045
1384083274184	,76.198044
1384083274230	,45.69726
1384083274292	,61.885685
1384083274334	,42.54081
1384083274390	,55.48733
1384083274431	,40.959034
1384083274490	,58.669285
1384083274540	,50.25436
1384083274605	,65.322876
1384083274649	,43.601242
1384083274704	,54.81395
1384083274780	,76.35235
1384083274839	,58.953823
1384083274944	,104.2738
1384083275084	,139.93146
1384083275136	,51.872696
1384083275201	,65.255585
1384083275269	,68.18863
1384083275331	,61.763992
1384083275392	,60.645905
1384083275444	,52.423817
1384083275510	,65.9029
1384083275577	,66.924255
1384083275642	,64.43782
1384083275684	,42.168945
1384083275727	,43.429047
1384083275775	,47.172104
1384083275835	,60.50499
1384083275893	,57.94256
1384083275939	,45.698784
1384083275994	,54.895176
1384083276049	,55.127678
1384083276102	,53.191643
1384083276158	,55.70152
1384083276212	,53.721077
1384083276255	,42.65119
1384083276303	,47.97512
1384083276347	,44.378696
1384083276391	,44.151787
1384083276451	,59.511444
1384083276522	,71.33735
1384083276560	,37.691616
1384083276623	,62.650555
1384083276668	,45.070137
1384083276759	,90.68583
1384083276818	,59.590923
1384083276864	,45.900814
1384083276930	,65.45029
1384083277052	,122.109955
1384083277154	,101.674614
1384083277200	,46.48466
1384083277279	,78.427376
1384083277387	,108.28302
1384083277446	,58.50461
1384083277491	,45.738575
1384083277533	,41.306465
1384083277599	,66.35483
1384083277641	,41.44216
1384083277685	,43.992382
1384083277743	,57.965767
1384083277783	,40.38993
1384083277830	,46.932228
1384083277886	,55.118454
1384083277948	,62.175285
1384083277991	,42.97051
1384083278040	,48.855545
1384083278078	,38.284332
1384083278135	,57.35708
1384083278189	,53.516167
1384083278229	,39.667263
1384083278281	,52.001526
1384083278328	,47.629787
1384083278382	,53.940533
1384083278433	,50.104946
1384083278477	,43.92484
1384083278513	,36.395554
1384083278575	,61.90528
1384083278613	,38.22458
1384083278655	,41.430237
1384083278695	,39.841988
1384083278746	,51.328888
1384083278803	,56.857258
1384083278840	,36.872623
1384083278893	,53.316154
1384083278986	,92.252205
1384083279042	,56.308994
1384083279097	,54.595196
1384083279154	,56.819866
1384083279233	,79.27461
1384083279291	,57.585617
1384083279331	,40.46681
1384083279369	,37.529488
1384083279418	,48.747513
1384083279457	,39.608604
1384083279504	,47.164734
1384083279558	,53.984333
1384083279607	,48.305767
1384083279687	,79.57773
1384083279745	,58.044247
1384083279803	,58.04945
1384083279844	,41.251095
1384083279879	,34.9086
1384083279961	,82.24846
1384083280004	,43.08673
1384083280048	,43.19378
1384083280094	,46.505737
1384083280146	,51.908863
1384083280190	,43.537884
1384083280246	,56.265633
1384083280291	,44.74579
1384083280365	,74.011826
1384083280415	,49.400337
1384083280462	,46.97904
1384083280517	,55.391304
1384083280567	,49.510857
1384083280605	,38.691586
1384083280695	,89.45741
1384083280750	,54.98374
1384083280816	,66.13843
1384083280858	,41.34102
1384083281031	,173.40523
1384083281075	,43.45548
1384083281198	,122.90462
1384083281257	,59.62577
1384083281316	,59.086952
1384083281372	,55.484524
1384083281428	,55.496044
1384083281471	,43.552895
1384083281527	,56.10468
1384083281587	,59.45017
1384083281639	,51.648342
1384083281685	,46.450718
1384083281734	,49.281296
1384083281788	,53.73174
1384083281828	,39.605465
1384083281893	,64.955284
1384083281971	,77.796425
1384083282031	,59.584736
1384083282073	,42.054604
1384083282127	,54.63512
1384083282196	,68.92889
1384083282254	,57.383015
1384083282313	,59.029774
1384083282349	,36.45131
1384083282390	,40.362144
1384083282458	,67.680214
1384083282515	,57.189445
1384083282568	,52.993267
1384083282622	,54.50749
1384083282681	,58.18535
1384083282721	,40.419872
1384083282791	,70.26257
1384083282848	,56.82521
1384083282911	,62.833347
1384083282970	,58.71922
1384083283035	,64.41189
1384083283070	,35.723267
1384083283123	,52.431644
1384083283179	,56.32364
1384083283220	,40.273815
1384083283274	,54.17122
1384083283327	,52.94108
1384083283382	,55.53638
1384083283439	,56.661304
1384083283496	,56.62104
1384083283541	,45.362278
1384083283582	,40.541855
1384083283621	,39.403625
1384083283674	,53.094837
1384083283714	,39.352043
1384083283762	,48.656292
1384083283807	,44.137207
1384083283875	,67.961914
1384083283919	,44.642357
1384083283977	,57.075344
1384083284017	,40.389935
1384083284081	,63.810036
1384083284127	,46.43051
1384083284183	,55.28164
1384083284232	,49.03178
1384083284273	,41.224335
1384083284319	,46.125072
1384083284373	,53.783028
1384083284428	,55.30044
1384083284499	,70.02436
1384083284539	,40.3095
1384083284614	,75.05877
1384083284674	,60.050266
1384083284711	,36.71198
1384083284751	,40.427567
1384083284803	,51.753735
1384083284841	,37.425293
1384083284907	,66.36957
1384083284979	,72.26067
1384083285020	,40.11084
1384083285077	,57.434647
1384083285168	,91.04929
1384083285220	,52.161694
1384083285277	,56.194244
1384083285321	,44.007633
1384083285392	,71.11215
1384083285471	,79.309204
1384083285529	,57.725452
1384083285562	,32.7304
1384083285618	,55.992455
1384083285657	,39.509968
1384083285717	,59.96083
1384083285750	,32.675404
1384083285792	,41.268803
1384083285850	,58.041687
1384083285901	,51.083866
1384083285958	,56.732815
1384083286008	,49.85617
1384083286056	,47.971115
1384083286113	,57.630367
1384083286164	,50.864807
1384083286203	,39.18138
1384083286255	,51.931614
1384083286301	,45.76818
1384083286344	,42.571003
1384083286401	,56.93503
1384083286463	,62.016552
1384083286520	,56.96184
1384083286572	,52.164978
1384083286613	,40.35978
1384083286756	,143.01137
1384083286822	,65.855286
1384083286875	,53.343063
1384083286921	,46.231686
1384083286986	,64.62217
1384083287040	,53.81932
1384083287101	,60.608055
1384083287134	,33.6907
1384083287186	,51.85985
1384083287237	,50.63824
1384083287314	,77.44062
1384083287358	,43.06917
1384083287410	,52.37493
1384083287486	,75.886604
1384083287521	,34.795635
1384083287567	,45.8542
1384083287620	,52.7438
1384083287672	,52.51136
1384083287726	,53.838406
1384083287783	,56.8913
1384083287845	,61.851677
1384083287892	,47.271023
1384083287968	,76.076126
1384083288004	,35.297256
1384083288054	,49.903305
1384083288110	,55.887726
1384083288178	,67.94726
1384083288288	,110.78
1384083288327	,38.809914
1384083288369	,41.88273
1384083288408	,38.63241
1384083288442	,33.579533
1384083288489	,46.847164
1384083288548	,59.610096
1384083288587	,38.45537
1384083288646	,59.683712
1384083288702	,55.475693
1384083288746	,44.141838
1384083288799	,53.028404
1384083288837	,37.455032
1384083288875	,37.96481
1384083288931	,56.189095
1384083288979	,47.564507
1384083289050	,71.41982
1384083289094	,44.050697
1384083289133	,38.826824
1384083289194	,61.049965
1384083289251	,56.46307
1384083289332	,81.050156
1384083289470	,138.36848
1384083289532	,61.347702
1384083289587	,55.293568
1384083289657	,70.29112
1384083289708	,50.511482
1384083289779	,70.81757
1384083289830	,51.05464
1384083289896	,65.62023
1384083289949	,53.543358
1384083289988	,38.298298
1384083290047	,59.11024
1384083290106	,59.05688
1384083290144	,38.098434
1384083290185	,40.951733
1384083290229	,43.455963
1384083290297	,68.562965
1384083290337	,39.266373
1384083290397	,60.395325
1384083290451	,54.220726
1384083290491	,39.624226
1384083290543	,51.766712
1384083290600	,57.32353
1384083290653	,52.488163
1384083290709	,56.184746
1384083290785	,75.501434
1384083290834	,49.526558
1384083290875	,40.341595
1384083290937	,62.69829
1384083291012	,74.5501
1384083291066	,53.94611
1384083291121	,54.602818
1384083291181	,60.71184
1384083291236	,54.14587
1384083291296	,60.260002
1384083291342	,45.626305
1384083291396	,54.737377
1384083291460	,63.671177
1384083291527	,66.808784
1384083291575	,47.69147
1384083291631	,56.521103
1384083291706	,74.83995
1384083291760	,53.494038
1384083291810	,49.6584
1384083291874	,64.20092
1384083291937	,62.67979
1384083291986	,48.790047
1384083292039	,53.798912
1384083292101	,62.066288
1384083292155	,53.101196
1384083292214	,59.331375
1384083292263	,49.007412
1384083292303	,39.63184
1384083292356	,53.260506
1384083292416	,59.552425
1384083292573	,157.42703
1384083292621	,48.028328
1384083292692	,70.4901
1384083292751	,59.497437
1384083292793	,41.978035
1384083292884	,90.62849
1384083292951	,66.747856
1384083293015	,63.954575
1384083293062	,47.174065
1384083293138	,75.50517
1384083293177	,39.407017
1384083293230	,53.23402
1384083293270	,39.385723
1384083293342	,72.16008
1384083293388	,45.485893
1384083293444	,56.569572
1384083293489	,44.93551
1384083293540	,50.597927
1384083293597	,57.234985
1384083293638	,40.185146
1384083293710	,72.01842
1384083293749	,39.73654
1384083293809	,59.830383
1384083293865	,55.625496
1384083293925	,59.987457
1384083293986	,60.759758
1384083294024	,38.288284
1384083294066	,42.15045
1384083294127	,60.132023
1384083294168	,41.55973
1384083294225	,56.657734
1384083294282	,56.716114
1384083294338	,56.615902
1384083294376	,37.304447
1384083294458	,81.76451
1384083294516	,58.212063
1384083294587	,70.8649
1384083294647	,60.007133
1384083294690	,43.398056
1384083294784	,93.54487
1384083294836	,52.066933
1384083294882	,45.980595
1384083294926	,43.72926
1384083294986	,60.08397
1384083295045	,58.931995
1384083295100	,54.72565
1384083295147	,46.72182
1384083295213	,66.23498
1384083295261	,48.440784
1384083295318	,56.565166
1384083295362	,43.42213
1384083295522	,160.74063
1384083295560	,37.721413
1384083295614	,53.46061
1384083295666	,52.414085
1384083295718	,51.699512
1384083295771	,53.13308
1384083295830	,59.107113
1384083295870	,39.38229
1384083295931	,61.154633
1384083295978	,47.628365
1384083296032	,53.612087
1384083296071	,38.842457
1384083296136	,64.95218
1384083296210	,73.911
1384083296262	,52.010494
1384083296299	,36.787434
1384083296363	,64.35723
1384083296420	,56.417255
1384083296488	,67.88836
1384083296539	,51.601715
1384083296596	,56.961723
1384083296675	,78.44614
1384083296736	,61.241974
1384083296809	,72.279526
1384083296849	,39.932106
1384083296894	,45.376717
1384083296990	,96.38005
1384083297035	,44.060833
1384083297095	,60.378403
1384083297203	,107.546
1384083297282	,79.15168
1384083297341	,59.14798
1384083297400	,58.640907
1384083297465	,65.272415
1384083297506	,41.08489
1384083297573	,67.16623
1384083297615	,41.2348
1384083297677	,62.008976
1384083297733	,55.7709
1384083297800	,67.163734
1384083297872	,71.73197
1384083297912	,39.76934
1384083297977	,65.34631
1384083298019	,41.69433
1384083298067	,48.69246
1384083298112	,44.412777
1384083298155	,43.113552
1384083298215	,59.604176
1384083298255	,40.591545
1384083298352	,96.456985
1384083298493	,141.06064
1384083298642	,149.22827
1384083298697	,54.375694
1384083298781	,84.42113
1384083298851	,69.89923
1384083298891	,39.894
1384083298943	,51.345737
1384083298982	,39.15827
1384083299022	,40.33334
1384083299069	,46.41769
1384083299123	,54.40951
1384083299197	,73.211205
1384083299263	,66.76068
1384083299312	,48.223255
1384083299360	,48.29797
1384083299416	,55.932434
1384083299483	,66.42291
1384083299545	,62.431602
1384083299602	,57.326405
1384083299681	,78.87083
1384083299731	,49.719536
1384083299825	,94.05556
1384083299887	,61.87769
1384083299951	,63.95326
1384083299993	,41.526215
1384083300036	,43.372513
1384083300087	,50.47119
1384083300143	,55.87597
1384083300229	,86.21662
1384083300297	,67.957886
1384083300338	,40.537907
1384083300377	,39.286133
1384083300468	,90.56747
1384083300528	,60.606228
1384083300567	,38.67528
1384083300604	,37.427658
1384083300659	,54.82815
1384083300709	,49.597702
1384083300775	,65.72897
1384083300830	,55.252766
1384083300891	,60.2875
1384083300947	,56.06951
1384083300986	,38.770374
1384083301050	,64.3807
1384083301089	,38.870087
1384083301141	,51.677547
1384083301185	,44.165512
1384083301273	,87.99152
1384083301327	,54.323536
1384083301374	,46.7208
1384083301437	,63.1912
1384083301493	,55.79621
1384083301553	,59.21808
1384083301597	,44.340374
1384083301649	,51.587456
1384083301686	,37.071346
1384083301736	,49.9494
1384083301811	,75.65611
1384083301868	,56.44877
1384083301911	,42.546062
1384083301969	,58.529545
1384083302008	,39.040966
1384083302071	,63.13574
1384083302129	,57.078545
1384083302179	,49.99785
1384083302223	,43.773663
1384083302285	,62.903328
1384083302356	,70.60358
1384083302404	,47.325027
1384083302456	,52.424927
1384083302499	,42.448757
1384083302561	,62.5859
1384083302621	,59.82296
1384083302680	,58.887573
1384083302725	,44.713177
1384083302799	,73.99369
1384083302918	,119.42708
1384083302970	,51.407833
1384083303037	,66.866035
1384083303094	,56.714535
1384083303170	,76.623116
1384083303228	,57.837738
1384083303280	,51.74206
1384083303327	,47.32861
1384083303387	,59.126045
1384083303428	,40.986603
1384083303501	,73.72945
1384083303590	,88.76281
1384083303650	,60.008392
1384083303710	,59.43755
1384083303769	,59.61593
1384083303822	,52.588146
1384083303881	,58.42167
1384083303942	,61.531666
1384083304003	,60.88869
1384083304047	,43.78371
1384083304095	,47.453545
1384083304148	,52.938183
1384083304207	,59.278263
1384083304250	,42.963863
1384083304312	,62.38527
1384083304357	,44.791935
1384083304518	,161.00117
1384083304570	,51.905254
1384083304613	,42.679783
1384083304670	,56.74846
1384083304730	,59.632202
1384083304791	,61.357437
1384083304839	,47.70059
1384083304904	,65.4722
1384083304961	,56.32094
1384083305015	,53.785896
1384083305057	,42.761803
1384083305127	,69.82422
1384083305179	,51.246407
1384083305236	,57.878796
1384083305299	,62.561375
1384083305359	,59.626163
1384083305424	,65.312904
1384083305473	,48.493324
1384083305532	,58.863354
1384083305594	,62.076607
1384083305640	,46.524616
1384083305686	,46.03087
1384083305752	,65.01686
1384083305792	,40.507355
1384083305878	,85.98993
1384083305946	,68.29457
1384083305988	,41.20507
1384083306030	,42.214127
1384083306076	,45.804512
1384083306126	,50.49161
1384083306175	,48.12447
1384083306221	,46.02407
1384083306265	,44.539932
1384083306334	,68.71944
1384083306422	,88.36399
1384083306490	,67.57589
1384083306538	,47.727055
1384083306593	,54.738327
1384083306678	,85.08771
1384083306742	,64.06138
1384083306798	,56.47069
1384083306853	,54.033836
1384083306891	,38.149136
1384083306941	,50.05734
1384083306980	,38.849426
1384083307046	,66.49347
1384083307104	,57.84029
1384083307166	,61.940804
1384083307224	,57.897625
1384083307287	,62.573208
1384083307341	,53.49255
1384083307403	,62.541756
1384083307464	,61.322212
1384083307505	,40.451317
1384083307562	,56.71977
1384083307606	,44.017147
1384083307670	,63.96163
1384083307736	,65.77164
1384083307808	,72.05793
1384083307853	,44.708855
1384083307913	,60.718193
1384083307958	,44.771263
1384083308003	,44.25565
1384083308050	,47.217075
1384083308135	,84.68011
1384083308178	,43.31866
1384083308277	,99.14867
1384083308320	,42.593872
1384083308390	,70.46897
1384083308447	,56.19892
1384083308525	,78.42905
1384083308566	,40.81522
1384083308629	,62.489613
1384083308676	,47.465057
1384083308724	,47.70699
1384083308793	,68.934364
1384083308846	,52.951145
1384083308889	,43.079414
1384083308950	,60.898182
1384083309010	,59.856815
1384083309051	,41.1821
1384083309119	,67.59785
1384083309170	,51.652657
1384083309212	,41.670216
1384083309281	,68.375374
1384083309357	,76.54171
