1384085991770	,64.48317
1384085991835	,65.635086
1384085991883	,47.19248
1384085991916	,32.54144
1384085991942	,26.030664
1384085991971	,28.631235
1384085992012	,41.63169
1384085992054	,41.790863
1384085992120	,65.67984
1384085992146	,25.631586
1384085992185	,38.20813
1384085992220	,35.092613
1384085992258	,38.268887
1384085992300	,41.28077
1384085992382	,82.37556
1384085992433	,50.24817
1384085992463	,29.8627
1384085992487	,23.723984
1384085992532	,44.95569
1384085992599	,67.07786
1384085992643	,43.78876
1384085992698	,54.702976
1384085992726	,27.01618
1384085992755	,29.367012
1384085993288	,532.7807
1384085993341	,52.864758
1384085993392	,50.849503
1384085993441	,48.930687
1384085993491	,49.10564
1384085993518	,27.498928
1384085993594	,75.003456
1384085993624	,29.98636
1384085993679	,54.64098
1384085993729	,49.973236
1384085993780	,51.490433
1384085993833	,52.56384
1384085993884	,50.688473
1384085993942	,57.336334
1384085993973	,31.284256
1384085994027	,53.212593
1384085994055	,28.433353
1384085994110	,54.48949
1384085994165	,54.59922
1384085994229	,64.29037
1384085994274	,44.554485
1384085994314	,39.49215
1384085994357	,43.163303
1384085994416	,58.593987
1384085994468	,51.971333
1384085994533	,65.21983
1384085994580	,46.113743
1384085994610	,30.023592
1384085994646	,35.673885
1384085994677	,31.032984
1384085994726	,48.336433
1384085994788	,62.34515
1384085994839	,50.300625
1384085994872	,33.30935
1384085994932	,59.25455
1384085995029	,90.17309
1384085995063	,33.774624
1384085995104	,40.82659
1384085995194	,89.898186
1384085995272	,77.88061
1384085995325	,52.65023
1384085995354	,28.08944
1384085995388	,34.01255
1384085995439	,51.493576
1384085995467	,27.646496
1384085995515	,47.846878
1384085995555	,39.643803
1384085995601	,45.730587
1384085995639	,37.955605
1384085995712	,72.64829
1384085995759	,46.73994
1384085995852	,92.922516
1384085995898	,45.164375
1384085995946	,48.06438
1384085996003	,56.578
1384085996055	,52.597206
1384085996098	,42.665783
1384085996198	,99.35927
1384085996250	,52.335945
1384085996306	,55.52091
1384085996360	,53.12463
1384085996389	,29.370924
1384085996443	,53.452763
1384085996489	,45.920967
1384085996537	,48.182793
1384085996589	,51.523434
1384085996641	,51.92101
1384085996695	,53.782864
1384085996738	,42.532707
1384085996795	,56.690018
1384085996835	,39.40851
1384085996884	,48.934296
1384085996925	,41.07829
1384085996985	,59.376835
1384085997025	,40.11376
1384085997058	,32.57504
1384085997104	,45.64616
1384085997202	,98.12648
1384085997252	,49.23318
1384085997299	,47.28189
1384085997328	,29.241575
1384085997382	,53.35731
1384085997440	,58.171238
1384085997489	,48.454746
1384085997548	,59.080456
1384085997607	,58.419533
1384085997670	,63.175297
1384085997724	,53.59896
1384085997782	,57.935497
1384085997819	,36.562668
1384085997873	,53.487576
1384085997922	,49.44795
1384085998079	,156.63428
1384085998133	,53.08714
1384085998180	,47.653053
1384085998238	,57.742054
1384085998286	,47.337242
1384085998334	,47.639248
1384085998378	,43.704357
1384085998414	,35.800045
1384085998441	,27.005396
1384085998475	,33.45741
1384085998506	,31.046385
1384085998552	,45.369537
1384085998626	,74.11048
1384085998672	,46.19324
1384085998727	,54.11047
1384085998762	,35.38365
1384085998808	,46.07108
1384085998883	,74.60806
1384085998914	,30.420668
1384085998973	,58.862144
1384085999018	,44.541992
1384085999082	,63.600487
1384085999148	,66.507416
1384085999181	,32.567722
1384085999226	,44.703617
1384085999272	,45.402443
1384085999308	,36.041485
1384085999355	,46.86423
1384085999396	,41.036835
1384085999433	,37.064774
1384085999488	,54.321716
1384085999546	,58.392155
1384085999598	,51.321712
1384085999657	,59.365566
1384085999709	,51.780987
1384085999791	,81.92886
1384085999859	,67.88596
1384085999889	,29.399595
1384085999962	,72.4704
1384085999988	,25.971775
1384086000031	,42.63439
1384086000083	,52.362576
1384086000140	,56.321392
1384086000181	,40.816936
1384086000234	,53.380478
1384086000319	,84.4166
1384086000367	,47.430634
1384086000405	,38.54945
1384086000443	,37.50682
1384086000495	,51.144463
1384086000538	,43.147675
1384086000575	,37.022186
1384086000632	,56.28624
1384086000698	,66.61693
1384086000731	,32.63698
1384086000780	,48.56968
1384086000828	,47.90472
1384086000885	,57.226368
1384086000917	,31.725431
1384086000946	,28.814167
1384086001069	,122.71944
1384086001101	,31.565948
1384086001177	,75.795715
1384086001235	,57.71495
1384086001286	,51.24507
1384086001321	,34.71846
1384086001375	,53.304558
1384086001426	,51.11931
1384086001480	,53.70261
1384086001566	,85.56247
1384086001611	,44.61624
1384086001683	,72.013374
1384086001710	,27.229431
1384086001765	,54.85904
1384086001822	,56.565414
1384086001867	,45.016136
1384086001912	,44.189297
1384086001951	,39.71162
1384086002013	,61.14836
1384086002071	,58.149776
1384086002119	,47.45119
1384086002171	,52.364273
1384086002213	,41.84045
1384086002319	,105.09285
1384086002372	,52.70994
1384086002449	,77.336365
1384086002477	,27.696568
1384086002519	,41.96673
1384086002555	,35.57983
1384086002600	,44.731537
1384086002646	,46.426502
1384086002701	,54.698124
1384086002761	,59.210037
1384086002789	,28.350872
1384086002820	,30.505495
1384086002880	,59.590427
1384086002937	,56.70332
1384086002997	,53.602673
1384086003026	,28.864637
1384086003109	,83.030205
1384086003154	,45.062393
1384086003186	,31.694254
1384086003221	,35.18103
1384086003255	,33.049675
1384086003292	,37.279312
1384086003337	,44.871796
1384086003409	,71.968605
1384086003443	,33.618805
1384086003495	,51.775124
1384086003525	,29.525772
1384086003609	,83.96127
1384086003650	,41.261322
1384086003687	,36.289455
1384086003729	,42.281452
1384086003780	,51.014755
1384086003812	,31.769629
1384086003868	,55.533325
1384086003909	,40.777992
1384086003963	,53.685863
1384086004057	,94.14619
1384086004104	,46.566944
1384086004159	,55.204628
1384086004238	,78.8732
1384086004290	,51.203754
1384086004334	,44.178307
1384086004378	,43.79095
1384086004424	,45.686337
1384086004455	,30.280764
1384086004494	,39.439415
1384086004573	,79.09427
1384086004601	,27.792965
1384086004662	,60.23121
1384086004712	,50.204594
1384086004771	,58.9892
1384086004808	,36.13849
1384086004859	,51.18153
1384086004920	,61.157345
1384086004955	,34.203144
1384086005005	,50.39876
1384086005036	,30.954433
1384086005076	,39.311924
1384086005112	,35.754887
1384086005144	,31.873207
1384086005218	,73.929756
1384086005260	,41.77757
1384086005322	,62.401478
1384086005373	,50.530666
1384086005402	,28.147633
1384086005428	,26.314337
1384086005487	,58.587696
1384086005515	,28.386984
1384086005588	,72.961464
1384086005642	,52.914642
1384086005715	,73.451996
1384086005793	,78.06087
1384086005824	,30.004255
1384086005855	,31.823257
1384086005887	,31.561548
1384086005937	,49.94118
1384086005985	,47.510567
1384086006036	,50.52321
1384086006109	,73.54194
1384086006160	,50.73115
1384086006198	,37.819298
1384086006250	,51.264755
1384086006312	,61.963814
1384086006418	,106.513145
1384086006451	,32.13731
1384086006535	,83.64608
1384086006586	,51.010624
1384086006618	,32.426193
1384086006659	,40.568405
1384086006688	,29.004637
1384086006776	,87.20317
1384086006809	,33.205734
1384086006952	,142.5055
1384086006986	,34.49638
1384086007051	,64.95926
1384086007107	,55.23473
1384086007169	,62.452328
1384086007195	,25.134531
1384086007233	,37.80994
1384086007305	,72.11067
1384086007352	,46.65018
1384086007404	,51.787304
1384086007451	,47.21066
1384086007508	,57.16291
1384086007595	,86.896225
1384086007653	,57.42387
1384086007691	,37.95312
1384086007719	,28.309916
1384086007774	,54.24874
1384086007854	,80.19499
1384086007912	,57.45851
1384086008007	,94.97061
1384086008038	,31.038183
1384086008099	,61.048306
1384086008151	,51.209003
1384086008189	,37.823013
1384086008250	,60.884968
1384086008290	,40.504898
1384086008353	,62.776672
1384086008385	,31.531775
1384086008428	,42.60955
1384086008486	,57.57796
1384086008522	,36.226353
1384086008574	,52.105984
1384086008723	,148.59557
1384086008771	,47.751575
1384086008851	,79.9301
1384086008884	,32.753845
1384086008945	,61.194035
1384086008986	,40.065086
1384086009050	,64.08872
1384086009090	,39.87017
1384086009129	,39.36699
1384086009170	,40.02672
1384086009203	,33.02607
1384086009250	,47.500282
1384086009310	,59.07264
1384086009362	,52.095364
1384086009414	,51.62272
1384086009440	,26.304977
1384086009502	,62.141968
1384086009551	,48.819736
1384086009583	,31.892878
1384086009614	,30.2791
1384086009645	,31.252687
1384086009694	,48.795494
1384086009735	,41.02445
1384086009816	,80.77199
1384086009870	,53.876266
1384086009929	,58.387833
1384086009959	,29.447657
1384086010006	,47.409378
1384086010063	,56.58083
1384086010095	,31.733232
1384086010161	,66.05525
1384086010190	,28.736198
1384086010238	,47.527683
1384086010287	,48.707867
1384086010324	,37.65974
1384086010356	,31.33729
1384086010430	,74.49542
1384086010459	,28.457348
1384086010484	,25.063164
1384086010531	,46.595673
1384086010582	,51.208054
1384086010636	,53.603306
1384086010707	,70.220894
1384086010763	,56.22347
1384086010810	,46.687077
1384086010843	,33.13009
1384086010933	,89.81506
1384086010984	,50.25344
1384086011113	,129.78247
1384086011157	,43.680813
1384086011238	,80.042435
1384086011299	,61.80754
1384086011360	,60.377625
1384086011390	,30.337824
1384086011442	,51.152977
1384086011483	,41.511055
1384086011517	,32.92637
1384086011574	,56.972527
1384086011602	,28.266169
1384086011639	,37.156067
1384086011671	,31.415468
1384086011729	,57.585815
1384086011798	,67.79687
1384086011831	,32.824146
1384086011892	,60.74083
1384086011935	,42.33083
1384086011976	,40.948025
1384086012022	,45.602867
1384086012082	,60.63266
1384086012139	,56.174698
1384086012197	,58.214455
1384086012251	,53.521473
1384086012297	,46.2568
1384086012334	,36.264854
1384086012368	,34.274654
1384086012425	,57.26252
1384086012468	,42.21554
1384086012525	,56.89462
1384086012613	,87.84362
1384086012672	,59.176193
1384086012715	,42.495777
1384086012758	,42.958454
1384086012805	,47.282627
1384086012860	,54.554092
1384086012934	,73.46833
1384086012996	,62.066658
1384086013046	,49.79281
1384086013076	,29.884628
1384086013110	,34.002533
1384086013146	,35.35637
1384086013189	,43.017765
1384086013221	,32.060078
1384086013252	,30.749035
1384086013291	,39.17846
1384086013330	,38.362175
1384086013355	,24.8164
1384086013400	,45.259537
1384086013432	,31.250994
1384086013461	,29.661835
1384086013506	,43.963352
1384086013549	,43.775055
1384086013586	,36.39377
1384086013658	,72.00321
1384086013710	,52.245174
1384086013745	,34.36457
1384086013803	,57.59536
1384086013869	,66.245926
1384086013924	,54.82617
1384086013970	,45.551872
1384086014006	,35.77945
1384086014056	,50.327816
1384086014121	,64.91011
1384086014158	,37.29908
1384086014226	,67.190155
1384086014268	,42.211544
1384086014299	,31.070707
1384086014353	,53.42105
1384086014379	,26.262321
1384086014428	,48.06584
1384086014474	,46.2368
1384086014531	,56.411552
1384086014562	,31.002697
1384086014624	,62.146687
1384086014657	,32.361332
1384086014684	,27.306616
1384086014713	,29.150852
1384086014750	,36.38609
1384086014787	,28.112328
1384086014835	,47.530956
1384086014881	,46.379234
1384086014930	,48.549213
1384086014959	,28.40794
1384086015015	,56.287807
1384086015048	,32.254406
1384086015093	,45.477657
1384086015149	,55.33894
1384086015178	,29.185345
1384086015203	,24.142675
1384086015252	,49.335007
1384086015283	,30.409115
1384086015305	,22.276031
1384086015345	,39.60682
1384086015393	,48.34756
1384086015415	,21.51132
1384086015463	,48.134945
1384086015513	,49.491528
1384086015550	,36.468903
1384086015600	,49.759113
1384086015644	,44.09897
1384086015669	,24.9592
1384086015717	,47.997826
1384086015753	,35.838314
1384086015787	,33.98672
1384086015831	,44.03304
1384086015859	,27.36258
1384086015883	,23.853867
1384086015910	,26.400461
1384086016033	,123.246574
1384086016066	,32.89732
1384086016103	,37.229755
1384086016140	,36.019245
1384086016190	,50.231422
1384086016219	,29.059446
1384086016257	,38.102444
1384086016298	,40.780006
1384086016347	,48.698353
1384086016395	,47.525482
1384086016445	,49.467735
1384086016472	,26.929224
1384086016502	,30.089876
1384086016566	,63.866375
1384086016611	,44.726616
1384086016662	,51.28416
1384086016721	,59.02709
1384086016745	,23.67564
1384086016786	,40.98164
1384086016829	,42.78978
1384086016864	,34.039146
1384086016892	,28.164183
1384086016933	,41.389027
1384086016968	,34.128403
1384086017118	,149.82965
1384086017154	,36.056
1384086017186	,31.572317
1384086017265	,78.763695
1384086017293	,28.094378
1384086017334	,40.42241
1384086017375	,40.884098
1384086017435	,60.425133
1384086017486	,50.46123
1384086017512	,26.289263
1384086017551	,38.625305
1384086017615	,63.77229
1384086017643	,27.973452
1384086017686	,42.487167
1384086017740	,53.754723
1384086017778	,38.56465
1384086017818	,39.42741
1384086017853	,35.224648
1384086017883	,29.776852
1384086017908	,24.830847
1384086017956	,47.152836
1384086017979	,23.811548
1384086018022	,42.446487
1384086018084	,61.84619
1384086018124	,40.253273
1384086018194	,69.46089
1384086018249	,54.809395
1384086018286	,36.93084
1384086018344	,57.883427
1384086018373	,28.91742
1384086018395	,21.257557
1384086018439	,43.945225
1384086018460	,20.76716
1384086018502	,41.707485
1384086018525	,23.151325
1384086018557	,31.56044
1384086018613	,56.449482
1384086018676	,62.648106
1384086018710	,33.633507
1384086018754	,44.170452
1384086018814	,59.873947
1384086018850	,35.65231
1384086018891	,41.12478
1384086018928	,36.523037
1384086018978	,49.852093
1384086019003	,24.690216
1384086019032	,29.281904
1384086019075	,42.126076
1384086019112	,37.041527
1384086019152	,40.288944
1384086019204	,51.11087
1384086019269	,65.00206
1384086019305	,36.283253
1384086019345	,39.74931
1384086019383	,37.781452
1384086019410	,27.150303
1384086019432	,21.643703
1384086019478	,46.06776
1384086019523	,44.490734
1384086019571	,48.28088
1384086019619	,47.469017
1384086019665	,46.018192
1384086019697	,31.409016
1384086019739	,42.073116
1384086019764	,24.857336
1384086019803	,38.56836
1384086019833	,29.787914
1384086019877	,43.93434
1384086019911	,33.816166
1384086019951	,39.762157
1384086019974	,23.013542
1384086020006	,31.787199
1384086020030	,24.180717
1384086020058	,28.18368
1384086020122	,63.905357
1384086020170	,47.57241
1384086020219	,48.881676
1384086020261	,41.68504
1384086020303	,41.58465
1384086020335	,32.32759
1384086020377	,41.9982
1384086020402	,24.094597
1384086020430	,27.716555
1384086020475	,44.911522
1384086020519	,43.44539
1384086020566	,46.11447
1384086020596	,30.633465
1384086020641	,44.980804
1384086020699	,57.124004
1384086020726	,27.25466
1384086020769	,42.373
1384086020807	,37.60429
1384086020874	,67.34031
1384086020915	,40.963512
1384086020974	,58.968296
1384086021028	,53.23317
1384086021074	,46.67677
1384086021106	,31.40366
1384086021146	,39.963844
1384086021197	,50.82396
1384086021237	,39.775063
1384086021267	,29.826908
1384086021305	,38.443966
1384086021347	,41.45431
1384086021419	,72.0564
1384086021497	,77.4629
1384086021526	,29.705587
1384086021555	,28.444668
1384086021598	,42.56107
1384086021646	,48.103123
1384086021683	,36.739258
1384086021725	,42.112022
1384086021767	,42.185028
1384086021796	,28.470406
1384086021835	,39.27693
1384086021864	,28.877901
1384086021923	,58.251743
1384086021953	,30.318542
1384086022017	,64.284004
1384086022069	,51.738113
1384086022112	,42.199497
1384086022155	,43.57644
1384086022286	,130.65906
1384086022318	,32.415783
1384086022358	,39.50517
1384086022386	,27.415792
1384086022415	,29.7343
1384086022444	,28.42361
1384086022482	,38.142513
1384086022511	,28.838465
1384086022538	,27.000174
1384086022573	,35.09356
1384086022605	,31.90826
1384086022647	,40.99965
1384086022690	,43.245064
1384086022717	,27.04757
1384086022758	,40.605827
1384086022792	,34.239594
1384086022828	,35.395718
1384086022874	,45.878464
1384086022918	,44.25159
1384086022957	,38.9444
1384086022982	,24.501335
1384086023057	,74.86017
1384086023100	,43.55891
1384086023130	,29.325905
1384086023169	,39.267357
1384086023210	,41.106247
1384086023258	,47.978466
1384086023285	,26.549284
1384086023314	,29.101297
1384086023375	,60.866558
1384086023438	,62.844345
1384086023485	,46.598885
1384086023538	,52.74049
1384086023571	,33.196922
1384086023613	,41.844193
1384086023657	,43.562534
1384086023684	,27.007093
1384086023723	,39.038143
1384086023765	,42.11265
1384086023816	,51.03567
1384086023866	,42.88466
1384086023889	,23.0257
1384086023936	,46.87059
1384086024004	,67.71671
1384086024044	,39.66288
1384086024090	,46.484978
1384086024127	,36.945736
1384086024173	,45.632313
1384086024214	,41.206398
1384086024245	,30.635054
1384086024321	,76.13334
1384086024379	,58.23746
1384086024416	,36.028385
1384086024450	,34.08226
1384086024476	,26.291397
1384086024542	,65.47793
1384086024591	,49.152573
1384086024630	,39.210545
1384086024659	,28.807669
1384086024698	,38.32702
1384086024742	,44.017635
1384086024784	,42.681484
1384086024814	,28.949436
1384086024866	,52.417686
1384086024935	,68.916
1384086025015	,79.93751
1384086025044	,28.5281
1384086025116	,72.20249
1384086025167	,51.329273
1384086025211	,43.70856
1384086025275	,63.150703
1384086025299	,24.839893
1384086025327	,27.206255
1384086025355	,28.578333
1384086025395	,39.5126
1384086025438	,42.76494
1384086025524	,85.88348
1384086025571	,47.087746
1384086025616	,44.555897
1384086025672	,55.88264
1384086025696	,23.9859
1384086025719	,23.340843
1384086025767	,47.268017
1384086025814	,47.0175
1384086025859	,44.96837
1384086025900	,41.420815
1384086025939	,38.74698
1384086026003	,64.139946
1384086026048	,44.054535
1384086026115	,67.70479
1384086026176	,60.895096
1384086026213	,36.9054
1384086026243	,29.501278
1384086026283	,40.25108
1384086026322	,35.003963
1384086026357	,34.396942
1384086026389	,32.34492
1384086026414	,24.503136
1384086026455	,41.081036
1384086026495	,39.5066
1384086026543	,48.460785
1384086026571	,27.357492
1384086026610	,39.105095
1384086026658	,48.38878
1384086026700	,41.858345
1384086026730	,30.130064
1384086026778	,47.122135
1384086026838	,60.103336
1384086026870	,31.662716
1384086026898	,28.54306
1384086026958	,59.200283
1384086027001	,43.473488
1384086027048	,46.592793
1384086027084	,36.319485
1384086027147	,62.78982
1384086027198	,51.16605
1384086027228	,29.427027
1384086027254	,26.251808
1384086027286	,31.597624
1384086027344	,57.96782
1384086027386	,41.87707
1384086027455	,68.96836
1384086027505	,49.652073
1384086027531	,25.977423
1384086027575	,44.209637
1384086027601	,26.23852
1384086027643	,41.673195
1384086027679	,36.008957
1384086027738	,58.79604
1384086027763	,24.97099
1384086027812	,49.097694
1384086027856	,43.787693
1384086027908	,51.544228
1384086027934	,25.517654
1384086028002	,68.37527
1384086028043	,41.05599
1384086028088	,44.999146
1384086028135	,46.46886
1384086028200	,65.29279
1384086028245	,44.92755
1384086028291	,45.66517
1384086028338	,46.625618
1384086028376	,38.37002
1384086028414	,37.478306
1384086028457	,43.26622
1384086028594	,136.33415
1384086028623	,28.878775
1384086028673	,50.58209
1384086028721	,47.254665
1384086028795	,74.6809
1384086028843	,47.170647
1384086028894	,51.010784
1384086028940	,45.96187
1384086028967	,27.024504
1384086029007	,40.597946
1384086029042	,34.117855
1384086029078	,36.08307
1384086029110	,32.021004
1384086029153	,42.526714
1384086029183	,30.4324
1384086029242	,58.896877
1384086029280	,37.663788
1384086029314	,34.33026
1384086029337	,22.885431
1384086029363	,25.344263
1384086029447	,84.01696
1384086029469	,21.937172
1384086029534	,65.13906
1384086029582	,47.389027
1384086029638	,56.69407
1384086029684	,45.669804
1384086029767	,83.097435
1384086029798	,30.88442
1384086029844	,45.463493
1384086029883	,39.41469
1384086029942	,58.114414
1384086029965	,23.755827
1384086030011	,45.234894
1384086030037	,26.418722
1384086030076	,38.60839
1384086030118	,41.64272
1384086030165	,47.49489
1384086030210	,44.571365
1384086030268	,57.623646
1384086030312	,44.667576
1384086030368	,55.33164
1384086030416	,47.801037
1384086030452	,36.1311
1384086030486	,33.782017
1384086030534	,47.87828
1384086030576	,42.128555
1384086030601	,25.185816
1384086030631	,29.285551
1384086030658	,27.213749
1384086030701	,43.210785
1384086030737	,35.78327
1384086030793	,55.49577
1384086030827	,33.909435
1384086030863	,36.02316
1384086030930	,67.26037
1384086030966	,36.164753
1384086031004	,37.71869
1384086031076	,72.08267
1384086031143	,66.41982
1384086031171	,28.417398
1384086031204	,32.999493
1384086031243	,38.03445
1384086031277	,33.90092
1384086031331	,54.71148
1384086031386	,54.045216
1384086031431	,45.038498
1384086031455	,24.568544
1384086031507	,51.157375
1384086031542	,35.77364
1384086031586	,42.640247
1384086031613	,27.335821
1384086031639	,25.639347
1384086031673	,33.945812
1384086031712	,39.32135
1384086031757	,44.574783
1384086031803	,46.27266
1384086031834	,30.700619
1384086031875	,41.119495
1384086031923	,48.05082
1384086031955	,31.994978
1384086032003	,47.49261
1384086032053	,49.7434
1384086032102	,49.01493
1384086032148	,45.64016
1384086032177	,29.487247
1384086032223	,45.509644
1384086032263	,40.05537
1384086032309	,45.793602
1384086032338	,29.497448
1384086032393	,54.08704
1384086032451	,58.34085
1384086032481	,30.385767
1384086032508	,26.33915
1384086032540	,31.517397
1384086032565	,25.712353
1384086032615	,49.344288
1384086032681	,66.06305
1384086032709	,27.994648
1384086032732	,23.211039
1384086032784	,51.482464
1384086032837	,53.271473
1384086032900	,62.32019
1384086032962	,62.297173
1384086032999	,37.121365
1384086033051	,51.44871
1384086033092	,40.957222
1384086033153	,60.441265
1384086033202	,49.046104
1384086033266	,64.403595
1384086033319	,52.980976
1384086033348	,28.63518
1384086033371	,22.991547
1384086033414	,42.55177
1384086033447	,33.199215
1384086033478	,30.961765
1384086033523	,44.498505
1384086033560	,37.32847
1384086033598	,37.803215
1384086033633	,35.415905
1384086033681	,47.622833
1384086033729	,47.484367
1384086033763	,34.615593
1384086033815	,51.034706
1384086033863	,48.376453
1384086033908	,44.438873
1384086033942	,34.087154
1384086033970	,27.654356
1384086034019	,49.540962
1384086034048	,28.706682
1384086034091	,42.93297
1384086034136	,44.65087
1384086034171	,35.524456
1384086034204	,32.31483
1384086034247	,43.0664
1384086034294	,46.463165
1384086034341	,47.245457
1384086034393	,52.01016
1384086034443	,50.00638
1384086034474	,31.320812
1384086034503	,28.133856
1384086034531	,28.030172
1384086034581	,49.685787
1384086034609	,28.09618
1384086034653	,43.714695
1384086034698	,45.327274
1384086034771	,73.12145
1384086034800	,28.651814
1384086034846	,45.444515
1384086034876	,29.800526
1384086034917	,41.64138
1384086034945	,27.7302
1384086034971	,25.699335
1384086035016	,44.57476
1384086035082	,66.72583
1384086035139	,56.399384
1384086035250	,111.15687
1384086035282	,31.990685
1384086035325	,43.076458
1384086035374	,48.481716
1384086035409	,35.402126
1384086035455	,45.4404
1384086035501	,46.36961
1384086035554	,52.69807
1384086035583	,28.560984
1384086035653	,69.89964
1384086035719	,65.65838
1384086035782	,63.168327
1384086035818	,35.696526
1384086035851	,33.322086
1384086035996	,144.27992
1384086036049	,52.9934
1384086036094	,45.251728
1384086036144	,49.83645
1384086036218	,74.54376
1384086036266	,47.41371
1384086036295	,28.574385
1384086036458	,163.49544
1384086036521	,62.31791
1384086036570	,48.868343
1384086036602	,31.949818
1384086036645	,43.559353
1384086036720	,74.31635
1384086036770	,49.95804
1384086036824	,54.08234
1384086036852	,28.210072
1384086036893	,40.920555
1384086036941	,47.841846
1384086036969	,27.230572
1384086037006	,37.41407
1384086037060	,53.836956
1384086037114	,53.71717
1384086037155	,40.66059
1384086037182	,27.859976
1384086037229	,46.908184
1384086037261	,31.760298
1384086037322	,60.914875
1384086037388	,65.883965
1384086037431	,42.46287
1384086037459	,28.354433
1384086037486	,26.437939
1384086037536	,50.364742
1384086037582	,45.920048
1384086037617	,34.588997
1384086037671	,53.653267
1384086037698	,27.60562
1384086037747	,48.268555
1384086037796	,48.78533
1384086037842	,46.272324
1384086037899	,55.932186
1384086038009	,110.177345
1384086038061	,51.621265
1384086038090	,29.088947
1384086038120	,29.77792
1384086038162	,41.870678
1384086038194	,31.553593
1384086038221	,27.673443
1384086038282	,60.828545
1384086038335	,52.865646
1384086038362	,26.656847
1384086038433	,70.840225
1384086038487	,54.40777
1384086038519	,31.140121
1384086038564	,44.793495
1384086038637	,72.94871
1384086038681	,44.014416
1384086038732	,50.782642
1384086038760	,27.96492
1384086038809	,49.735588
1384086038838	,28.79451
