1384081749252	,13.624201
1384081749262	,9.800478
1384081749278	,16.356548
1384081749286	,7.872108
1384081749293	,7.128202
1384081749301	,7.3428893
1384081749308	,7.063215
1384081749316	,7.952076
1384081749326	,9.87369
1384081749334	,7.771595
1384081749341	,7.634888
1384081749353	,11.750775
1384081749375	,21.493637
1384081749389	,13.859077
1384081749398	,9.540879
1384081749406	,7.774841
1384081749415	,8.715943
1384081749422	,7.44579
1384081749430	,7.2821193
1384081749439	,9.509207
1384081749447	,8.054656
1384081749455	,7.854684
1384081749463	,7.838717
1384081749472	,9.012821
1384081749482	,9.214432
1384081749489	,7.3592997
1384081749497	,7.613895
1384081749504	,7.5234656
1384081749514	,10.193898
1384081749523	,8.2100315
1384081749531	,7.9850717
1384081749540	,8.897908
1384081749549	,9.338915
1384081749558	,9.162421
1384081749568	,9.589985
1384081749587	,19.16992
1384081749599	,12.166017
1384081749610	,10.3323965
1384081749619	,9.563837
1384081749627	,7.5078673
1384081749635	,7.588727
1384081749642	,7.664918
1384081749654	,11.720127
1384081749666	,11.512259
1384081749675	,9.47055
1384081749683	,8.125211
1384081749692	,7.9649467
1384081749699	,7.395879
1384081749706	,6.857377
1384081749713	,7.042975
1384081749721	,7.478355
1384081749728	,7.528563
1384081749735	,7.011032
1384081749743	,7.437072
1384081749751	,8.019356
1384081749761	,9.601045
1384081749770	,9.273498
1384081749783	,13.071621
1384081749795	,11.684538
1384081749802	,7.5528064
1384081749810	,7.8549056
1384081749823	,13.056742
1384081749831	,7.378621
1384081749841	,9.6994295
1384081749857	,16.539007
1384081749865	,8.032746
1384081749873	,7.9365296
1384081749882	,8.701838
1384081749894	,11.384293
1384081749902	,8.399745
1384081749909	,7.068832
1384081749916	,7.097481
1384081749925	,8.900961
1384081749933	,7.217625
1384081749940	,7.418841
1384081749948	,7.6695848
1384081749956	,8.590014
1384081749964	,7.574954
1384081749973	,9.054637
1384081749993	,19.65788
1384081750002	,8.936009
1384081750009	,7.229575
1384081750021	,11.564862
1384081750031	,10.33026
1384081750039	,7.7758913
1384081750047	,7.761992
1384081750056	,9.230426
1384081750067	,10.747688
1384081750074	,7.393845
1384081750082	,7.957777
1384081750091	,8.134082
1384081750099	,8.609731
1384081750107	,8.020708
1384081750115	,7.159305
1384081750122	,7.4296527
1384081750131	,9.25337
1384081750139	,7.4076643
1384081750147	,8.172772
1384081750157	,10.079349
1384081750168	,10.342673
1384081750177	,9.438275
1384081750187	,9.297999
1384081750202	,15.658195
1384081750211	,8.34182
1384081750218	,7.279056
1384081750227	,8.680418
1384081750234	,7.147072
1384081750242	,7.575242
1384081750249	,7.698371
1384081750259	,9.330149
1384081750268	,9.15738
1384081750276	,7.68113
1384081750283	,7.632304
1384081750294	,10.186692
1384081750304	,10.681424
1384081750313	,8.735344
1384081750321	,7.607145
1384081750329	,8.496993
1384081750337	,7.2924438
1384081750345	,7.725251
1384081750352	,7.634537
1384081750362	,9.804614
1384081750370	,8.04595
1384081750379	,9.075789
1384081750388	,8.543255
1384081750400	,11.620722
1384081750409	,9.582171
1384081750417	,7.496212
1384081750426	,8.735768
1384081750434	,8.344671
1384081750442	,7.9262547
1384081750450	,8.066316
1384081750459	,8.425398
1384081750471	,12.735642
1384081750480	,8.525733
1384081750488	,7.458371
1384081750498	,10.581493
1384081750506	,7.688026
1384081750520	,14.434261
1384081750529	,8.184362
1384081750536	,7.540283
1384081750544	,7.133491
1384081750551	,6.917276
1384081750559	,7.944822
1384081750569	,10.828894
1384081750579	,9.689721
1384081750587	,8.109971
1384081750599	,11.273139
1384081750613	,14.280542
1384081750621	,8.063462
1384081750631	,9.543371
1384081750638	,7.3721967
1384081750646	,7.417565
1384081750653	,7.4775457
1384081750661	,7.915329
1384081750670	,8.613736
1384081750679	,9.2663555
1384081750687	,7.3837786
1384081750694	,7.0931687
1384081750705	,10.94681
1384081750712	,7.092936
1384081750721	,9.1851635
1384081750728	,7.2283263
1384081750736	,7.505846
1384081750745	,8.584461
1384081750753	,8.507727
1384081750762	,8.769225
1384081750771	,9.055837
1384081750783	,11.792392
1384081750793	,9.389281
1384081750801	,8.729607
1384081750816	,14.129192
1384081750824	,8.337364
1384081750834	,10.16298
1384081750841	,6.854949
1384081750849	,7.427681
1384081750856	,7.454967
1384081750865	,9.150791
1384081750874	,9.009561
1384081750884	,9.249826
1384081750892	,7.914393
1384081750900	,8.044892
1384081750909	,9.008341
1384081750917	,8.248548
1384081750927	,9.397377
1384081750936	,8.846276
1384081750943	,7.585187
1384081750951	,8.027743
1384081750959	,7.79421
1384081750968	,9.262548
1384081750976	,7.6292453
1384081750988	,11.827864
1384081750996	,8.018177
1384081751005	,8.527982
1384081751017	,12.6023445
1384081751026	,8.938811
1384081751036	,9.112452
1384081751043	,7.187915
1384081751052	,9.086166
1384081751059	,7.355568
1384081751070	,10.279983
1384081751079	,9.733001
1384081751088	,8.827549
1384081751097	,8.58085
1384081751105	,7.4021363
1384081751114	,9.232733
1384081751123	,9.084326
1384081751132	,8.65039
1384081751141	,9.275515
1384081751149	,8.348
1384081751156	,6.931315
1384081751164	,7.100419
1384081751172	,7.96927
1384081751184	,12.060428
1384081751194	,9.821629
1384081751202	,8.131222
1384081751216	,14.425437
1384081751224	,8.034813
1384081751235	,10.5000725
1384081751243	,7.675776
1384081751250	,6.918085
1384081751257	,7.175596
1384081751265	,7.682076
1384081751273	,8.249235
1384081751281	,7.542987
1384081751288	,7.5765886
1384081751297	,8.779005
1384081751305	,7.745191
1384081751313	,8.286839
1384081751322	,8.332453
1384081751329	,7.326794
1384081751339	,9.872047
1384081751347	,7.9937663
1384081751358	,10.920163
1384081751366	,7.373756
1384081751373	,7.411212
1384081751382	,9.460393
1384081751395	,12.099943
1384081751404	,9.349419
1384081751412	,7.999582
1384081751425	,12.588819
1384081751435	,9.828137
1384081751443	,8.496491
1384081751451	,7.4931183
1384081751458	,7.199524
1384081751466	,7.6352
1384081751473	,7.458552
1384081751482	,8.267913
1384081751489	,7.189873
1384081751496	,7.435451
1384081751504	,7.7700734
1384081751512	,8.069971
1384081751521	,8.462364
1384081751529	,7.98811
1384081751537	,7.601316
1384081751545	,8.446328
1384081751553	,7.816433
1384081751561	,7.463629
1384081751568	,7.775294
1384081751577	,8.515673
1384081751585	,7.8827424
1384081751596	,11.511065
1384081751607	,10.873221
1384081751615	,7.538613
1384081751630	,15.011805
1384081751640	,9.749424
1384081751648	,8.460758
1384081751656	,7.588138
1384081751666	,9.753001
1384081751673	,7.318376
1384081751683	,10.131643
1384081751694	,10.177428
1384081751703	,8.835245
1384081751710	,7.801824
1384081751719	,8.00785
1384081751728	,8.937752
1384081751743	,15.8241415
1384081751751	,7.5651317
1384081751761	,10.031897
1384081751770	,8.982648
1384081751779	,8.9061165
1384081751787	,7.449326
1384081751795	,8.197404
1384081751806	,10.440663
1384081751813	,7.830774
1384081751823	,9.093713
1384081751835	,12.495831
1384081751846	,11.115038
1384081751854	,7.212889
1384081751861	,7.650847
1384081751869	,7.4581547
1384081751876	,7.428575
1384081751886	,9.318572
1384081751893	,7.612775
1384081751901	,7.116045
1384081751908	,7.335065
1384081751917	,9.1426325
1384081751925	,7.795552
1384081751935	,9.896481
1384081751943	,7.791369
1384081751951	,7.921814
1384081751959	,8.113634
1384081751970	,11.309307
1384081751979	,8.464984
1384081751988	,8.487735
1384081752000	,12.223242
1384081752010	,10.209965
1384081752018	,7.867487
1384081752025	,7.4249268
1384081752035	,9.000655
1384081752047	,12.324448
1384081752056	,8.74182
1384081752063	,7.1732893
1384081752070	,7.376261
1384081752078	,7.474274
1384081752087	,9.442251
1384081752095	,7.406041
1384081752102	,7.3060517
1384081752110	,7.370251
1384081752120	,9.868448
1384081752127	,7.15738
1384081752137	,9.738525
1384081752145	,7.982137
1384081752153	,8.191221
1384081752162	,9.344809
1384081752172	,9.905073
1384081752181	,8.073787
1384081752189	,7.9909887
1384081752197	,8.808839
1384081752205	,7.982806
1384081752215	,9.157419
1384081752222	,7.530971
1384081752231	,8.76927
1384081752246	,14.702117
1384081752256	,10.416061
1384081752264	,8.02151
1384081752274	,9.664487
1384081752282	,8.167502
1384081752291	,8.944283
1384081752299	,8.024969
1384081752307	,7.479699
1384081752315	,7.9558654
1384081752325	,10.290109
1384081752334	,8.224829
1384081752343	,8.819495
1384081752358	,15.381829
1384081752366	,7.719983
1384081752374	,8.197726
1384081752384	,9.881739
1384081752392	,7.7658253
1384081752400	,8.586417
1384081752410	,9.153718
1384081752417	,7.458026
1384081752489	,71.93477
1384081752545	,55.636135
1384081752557	,11.843174
1384081752565	,8.180929
1384081752579	,13.914952
1384081752590	,11.364713
1384081752600	,9.851427
1384081752612	,11.139145
1384081752621	,9.731217
1384081752630	,8.248132
1384081752637	,7.292449
1384081752644	,7.3082204
1384081752654	,9.256155
1384081752663	,9.319556
1384081752671	,7.3951993
1384081752678	,7.3374267
1384081752685	,7.050042
1384081752692	,7.202908
1384081752700	,7.332068
1384081752709	,9.354046
1384081752734	,25.086435
1384081752742	,7.25391
1384081752749	,7.094056
1384081752761	,12.187995
1384081752769	,7.624183
1384081752777	,8.596975
1384081752788	,10.539314
1384081752799	,10.502626
1384081752806	,7.252869
1384081752815	,9.449273
1384081752830	,14.774647
1384081752838	,8.127004
1384081752845	,7.022116
1384081752853	,7.306087
1384081752862	,9.544827
1384081752871	,8.193052
1384081752878	,7.5383806
1384081752887	,8.497314
1384081752897	,9.92462
1384081752905	,8.051537
1384081752918	,12.75249
1384081752940	,22.191381
1384081752948	,7.766646
1384081752958	,10.234372
1384081752969	,11.235753
1384081752985	,15.321775
1384081752995	,10.569346
1384081753005	,9.230124
1384081753014	,8.789095
1384081753022	,8.594276
1384081753029	,6.646562
1384081753036	,7.045657
1384081753044	,7.55007
1384081753052	,7.746053
1384081753059	,7.449862
1384081753067	,7.657393
1384081753074	,7.216707
1384081753081	,7.287708
1384081753089	,7.1503053
1384081753096	,7.2543006
1384081753103	,7.172321
1384081753111	,7.282625
1384081753118	,7.166493
1384081753130	,12.182131
1384081753149	,18.636827
1384081753158	,9.533776
1384081753167	,8.329027
1384081753176	,9.257593
1384081753186	,9.726715
1384081753195	,9.273482
1384081753207	,11.55417
1384081753215	,8.50207
1384081753232	,16.728294
1384081753239	,7.2776337
1384081753247	,7.528911
1384081753255	,7.611327
1384081753262	,7.470731
1384081753270	,7.4742317
1384081753278	,8.088759
1384081753289	,10.80481
1384081753296	,7.315431
1384081753303	,7.145193
1384081753311	,7.830296
1384081753319	,7.366178
1384081753330	,11.480764
1384081753338	,7.6163244
1384081753352	,14.310956
1384081753364	,11.905422
1384081753371	,7.184477
1384081753380	,8.757491
1384081753390	,10.11369
1384081753401	,10.831774
1384081753413	,11.452036
1384081753422	,8.601469
1384081753429	,7.825463
1384081753437	,7.798697
1384081753446	,8.993461
1384081753455	,8.576268
1384081753465	,9.698609
1384081753475	,10.492897
1384081753482	,7.1591067
1384081753489	,6.8801384
1384081753497	,7.925144
1384081753508	,10.365363
1384081753515	,7.234003
1384081753524	,8.64152
1384081753538	,14.294856
1384081753553	,15.013547
1384081753563	,9.200965
1384081753573	,10.271283
1384081753580	,7.214626
1384081753596	,15.806616
1384081753609	,13.201787
1384081753618	,8.387761
1384081753625	,7.6682262
1384081753634	,8.246175
1384081753640	,6.622598
1384081753647	,6.8118234
1384081753655	,7.610841
1384081753663	,7.472671
1384081753669	,6.855461
1384081753676	,6.6424646
1384081753683	,6.418419
1384081753689	,6.732873
1384081753696	,6.2970333
1384081753702	,6.637674
1384081753709	,6.7030573
1384081753716	,6.8132453
1384081753723	,6.668673
1384081753731	,7.646029
1384081753740	,9.461108
1384081753749	,8.7587
1384081753766	,16.998726
1384081753773	,7.445468
1384081753783	,9.225526
1384081753792	,8.71416
1384081753815	,23.231548
1384081753824	,9.53822
1384081753834	,8.952263
1384081753841	,7.751106
1384081753849	,7.154167
1384081753856	,7.112611
1384081753864	,8.057382
1384081753871	,7.360672
1384081753878	,6.997709
1384081753885	,6.656813
1384081753893	,7.499549
1384081753902	,9.392016
1384081753910	,8.029363
1384081753918	,7.498902
1384081753925	,6.777897
1384081753931	,6.9027367
1384081753940	,8.659454
1384081753948	,8.054149
1384081753955	,6.5571537
1384081753966	,10.604511
1384081753973	,6.956567
1384081753981	,8.6968565
1384081753988	,6.904183
1384081753997	,8.584882
1384081754007	,9.501952
1384081754017	,10.665012
1384081754028	,11.185015
1384081754037	,8.507377
1384081754044	,7.241109
1384081754052	,7.210374
1384081754059	,7.586584
1384081754070	,10.216592
1384081754077	,7.544583
1384081754086	,8.496445
1384081754093	,6.7628207
1384081754100	,7.1778207
1384081754107	,7.464849
1384081754115	,7.85311
1384081754124	,8.338849
1384081754131	,7.525836
1384081754142	,11.085453
1384081754156	,13.1421995
1384081754167	,11.286295
1384081754176	,9.169802
1384081754183	,7.004923
1384081754190	,6.869755
1384081754199	,8.495983
1384081754221	,21.939964
1384081754231	,10.2445
1384081754239	,8.158511
1384081754246	,6.774725
1384081754253	,6.628148
1384081754259	,6.182509
1384081754266	,6.518914
1384081754272	,6.3844466
1384081754280	,7.8253503
1384081754287	,6.563489
1384081754293	,6.6467834
1384081754300	,6.412115
1384081754307	,6.715582
1384081754313	,6.494064
1384081754320	,6.7743692
1384081754327	,6.6656556
1384081754335	,8.084297
1384081754345	,10.411407
1384081754355	,9.723715
1384081754363	,8.223273
1384081754375	,11.334582
1384081754383	,8.191247
1384081754392	,9.026502
1384081754400	,7.501981
1384081754409	,8.885386
1384081754419	,10.189288
1384081754432	,12.905145
1384081754440	,7.983059
1384081754448	,7.912098
1384081754456	,7.906229
1384081754463	,7.5855517
1384081754472	,8.823851
1384081754479	,6.999519
1384081754486	,6.429112
1384081754493	,6.8368683
1384081754499	,6.474321
1384081754506	,6.6128416
1384081754515	,8.963979
1384081754524	,8.587994
1384081754531	,7.303066
1384081754538	,7.382773
1384081754548	,9.650719
1384081754557	,8.470438
1384081754564	,7.623003
1384081754574	,9.971238
1384081754582	,7.899308
1384081754591	,8.389493
1384081754599	,7.673067
1384081754606	,7.340249
1384081754614	,8.235765
1384081754626	,11.735482
1384081754638	,11.418867
1384081754646	,8.475015
1384081754653	,6.81618
1384081754660	,7.3123484
1384081754667	,7.0928197
1384081754674	,6.750979
1384081754683	,8.829455
1384081754691	,8.079498
1384081754699	,8.140451
1384081754708	,8.265146
1384081754715	,6.9394417
1384081754722	,7.295331
1384081754730	,7.668165
1384081754738	,8.384045
1384081754749	,10.77547
1384081754757	,7.4287825
1384081754768	,11.423849
1384081754777	,8.604132
1384081754784	,7.156455
1384081754795	,10.994891
1384081754802	,7.164081
1384081754811	,8.234185
1384081754819	,8.27115
1384081754830	,11.080638
1384081754847	,16.459728
1384081754854	,7.286896
1384081754861	,6.547038
1384081754868	,7.4365163
1384081754875	,6.684252
1384081754883	,7.688094
1384081754890	,6.9401793
1384081754897	,7.7622414
1384081754904	,6.898049
1384081754911	,6.7732377
1384081754918	,6.476348
1384081754925	,6.787379
1384081754931	,6.543413
1384081754939	,7.8300867
1384081754947	,7.414482
1384081754956	,9.68478
1384081754965	,8.35436
1384081754974	,8.837774
1384081754981	,7.182692
1384081754988	,7.1405506
1384081754999	,10.6618185
1384081755006	,6.713565
1384081755015	,9.108094
1384081755022	,7.430724
1384081755030	,7.3662806
1384081755040	,10.632172
1384081755053	,12.534393
1384081755063	,10.164868
1384081755071	,8.003981
1384081755079	,7.575896
1384081755087	,7.878748
1384081755095	,7.863386
1384081755102	,7.429851
1384081755109	,6.937049
1384081755116	,6.4450603
1384081755124	,8.517124
1384081755133	,8.654656
1384081755140	,7.290986
1384081755149	,8.088304
1384081755159	,9.955973
1384081755167	,8.672498
1384081755176	,8.529157
1384081755183	,6.803835
1384081755190	,6.9086556
1384081755196	,6.547286
1384081755206	,10.102709
1384081755214	,7.6838636
1384081755223	,8.6786785
1384081755230	,7.306191
1384081755240	,9.95244
1384081755255	,14.839633
1384081755264	,8.2754545
1384081755271	,7.4079704
1384081755278	,7.345921
1384081755285	,6.500524
1384081755292	,7.0876994
1384081755301	,8.974885
1384081755309	,7.647831
1384081755316	,6.89113
1384081755323	,7.014373
1384081755331	,8.118718
1384081755338	,6.910975
1384081755346	,7.4582767
1384081755354	,8.73657
1384081755369	,14.271223
1384081755381	,11.8866
1384081755391	,10.060806
1384081755399	,7.973613
1384081755409	,10.267546
1384081755418	,8.999741
1384081755427	,8.593834
1384081755440	,12.711286
1384081755448	,7.846478
1384081755457	,9.582395
1384081755469	,11.345208
1384081755476	,7.133436
1384081755483	,6.83981
1384081755490	,7.263279
1384081755497	,7.181213
1384081755504	,6.517985
1384081755510	,6.392523
1384081755518	,7.70408
1384081755525	,7.116789
1384081755533	,7.439738
1384081755540	,7.2554216
1384081755547	,6.8196487
1384081755554	,6.920109
1384081755562	,8.258093
1384081755570	,7.374393
1384081755581	,10.872665
1384081755588	,7.328641
1384081755596	,7.847328
1384081755604	,8.271245
1384081755616	,11.599522
1384081755623	,7.227586
1384081755631	,7.937215
1384081755640	,8.439993
1384081755648	,8.357476
1384081755658	,9.573742
1384081755666	,7.668499
1384081755679	,13.453804
1384081755686	,6.944772
1384081755694	,7.736047
1384081755701	,7.3463664
1384081755709	,7.243537
1384081755716	,7.547273
1384081755723	,6.9973865
1384081755730	,6.911606
1384081755739	,8.563
1384081755747	,7.652327
1384081755755	,8.658177
1384081755764	,8.697819
1384081755772	,7.6230803
1384081755779	,7.069722
1384081755787	,7.7189083
1384081755793	,6.577137
1384081755801	,7.5581822
1384081755808	,6.655958
1384081755819	,11.575913
1384081755830	,10.329372
1384081755838	,7.999287
1384081755845	,6.905038
1384081755852	,7.554138
1384081755862	,9.763064
1384081755870	,7.435628
1384081755881	,10.816856
1384081755888	,7.288902
1384081755895	,7.002841
1384081755902	,6.64552
1384081755910	,7.858909
1384081755919	,9.761364
1384081755927	,7.5944257
1384081755935	,7.728639
1384081755943	,7.8794036
1384081755950	,7.21702
1384081755957	,7.257542
1384081755965	,7.055086
1384081755974	,8.900906
1384081755988	,14.015852
1384081756001	,13.141803
1384081756008	,7.53724
1384081756016	,7.142267
1384081756024	,8.166787
1384081756033	,9.170266
1384081756043	,9.461465
1384081756050	,7.62175
1384081756065	,14.92239
1384081756074	,8.865852
1384081756084	,9.53314
1384081756091	,6.869412
1384081756098	,7.0960507
1384081756105	,7.09759
1384081756112	,6.98949
1384081756119	,6.616247
1384081756125	,6.294805
1384081756133	,7.917276
1384081756140	,6.8304973
1384081756147	,6.907148
1384081756154	,7.184307
1384081756163	,8.625891
1384081756173	,10.369806
1384081756183	,9.703594
1384081756192	,8.835867
1384081756199	,6.934629
1384081756207	,7.612139
1384081756215	,7.703335
1384081756225	,10.110836
1384081756237	,11.985039
1384081756247	,9.764836
1384081756254	,7.343992
1384081756262	,7.786104
1384081756270	,8.284506
1384081756279	,8.436226
1384081756286	,7.1918654
1384081756295	,9.2353325
1384081756304	,8.52192
1384081756314	,9.695763
1384081756321	,7.8277493
1384081756329	,7.251403
1384081756335	,6.680334
1384081756343	,7.5911956
1384081756351	,7.6076527
1384081756359	,7.679259
1384081756368	,9.008496
1384081756382	,14.229804
1384081756390	,8.265447
1384081756397	,6.897862
1384081756405	,7.667906
1384081756414	,9.269495
1384081756422	,7.447087
1384081756430	,8.18551
1384081756441	,10.717018
1384081756453	,11.838426
1384081756461	,8.312641
1384081756474	,13.10438
1384081756482	,7.747316
1384081756491	,9.125452
1384081756500	,8.614707
1384081756508	,7.596717
1384081756515	,7.430587
1384081756522	,6.757833
1384081756533	,10.995419
1384081756541	,7.513454
1384081756549	,8.597876
1384081756559	,9.340309
1384081756567	,8.43399
1384081756575	,7.609128
1384081756589	,14.547407
1384081756601	,11.551175
1384081756608	,7.271976
1384081756617	,8.259891
1384081756625	,7.885676
1384081756633	,8.074657
1384081756640	,7.604146
1384081756653	,12.16999
1384081756664	,10.762676
1384081756674	,9.975585
1384081756684	,9.993918
1384081756690	,6.797365
1384081756700	,9.7993965
1384081756708	,7.2054963
1384081756715	,7.254673
1384081756722	,6.832891
1384081756729	,7.32729
1384081756736	,6.887415
1384081756743	,6.9806433
1384081756751	,7.707378
1384081756759	,7.5894313
1384081756766	,7.43988
1384081756774	,7.964213
1384081756782	,7.568172
1384081756798	,16.107176
1384081756805	,7.0043836
1384081756813	,7.4322586
1384081756820	,7.7385974
1384081756828	,7.670022
1384081756838	,9.435148
1384081756858	,19.957996
1384081756866	,8.73563
1384081756874	,7.948279
1384081756882	,7.1683617
1384081756890	,8.715514
1384081756898	,7.458538
1384081756913	,14.607195
1384081756921	,8.601404
1384081756930	,8.243329
1384081756937	,7.702543
1384081756945	,7.677004
1384081756952	,6.845976
1384081756960	,7.756312
1384081756969	,8.97084
1384081756977	,8.497436
1384081756987	,9.966548
1384081757002	,14.595016
1384081757010	,7.3917003
1384081757018	,8.565367
1384081757026	,7.74604
1384081757034	,8.322514
1384081757043	,8.936013
1384081757054	,10.638852
1384081757064	,9.74519
1384081757072	,7.720455
1384081757079	,7.639816
1384081757088	,8.18272
1384081757096	,8.839278
1384081757105	,8.250479
1384081757114	,9.507997
1384081757122	,7.158393
1384081757128	,6.593388
1384081757135	,7.054314
1384081757142	,6.8011127
1384081757151	,8.929108
1384081757159	,7.802687
1384081757167	,8.286748
1384081757176	,8.144274
1384081757183	,7.853029
1384081757191	,7.510066
1384081757206	,14.652884
1384081757214	,8.480476
1384081757228	,13.728522
1384081757235	,7.2975707
1384081757243	,7.6537004
1384081757251	,7.350272
1384081757259	,8.062663
1384081757271	,12.265448
1384081757281	,9.423011
1384081757290	,9.779675
1384081757300	,9.637037
1384081757307	,7.314032
1384081757320	,12.365669
1384081757327	,7.536036
1384081757335	,7.196498
1384081757341	,6.710698
1384081757349	,6.969885
1384081757355	,6.827645
1384081757363	,7.906063
1384081757371	,7.816361
1384081757379	,7.953039
1384081757387	,7.898647
1384081757395	,7.525509
1384081757409	,14.085575
1384081757416	,7.27
1384081757424	,7.400548
1384081757432	,7.558053
1384081757439	,7.066486
1384081757448	,9.112843
1384081757459	,11.404627
1384081757470	,10.693855
1384081757480	,10.184893
1384081757488	,7.928196
1384081757495	,6.8863206
1384081757503	,7.561479
1384081757511	,7.8375707
1384081757520	,8.90432
1384081757533	,13.156495
1384081757541	,8.323139
1384081757549	,7.541222
1384081757557	,7.891639
1384081757564	,7.267268
1384081757573	,8.316998
1384081757582	,9.309517
1384081757591	,8.788435
1384081757598	,7.38416
1384081757611	,12.386434
1384081757618	,7.373475
1384081757626	,7.768957
1384081757634	,8.251392
1384081757643	,8.643909
1384081757652	,8.437753
1384081757662	,10.785841
1384081757674	,11.259198
1384081757684	,10.096114
1384081757691	,7.1399226
1384081757699	,7.55981
1384081757708	,8.840982
1384081757716	,8.024349
1384081757727	,11.585459
1384081757736	,8.615501
1384081757743	,7.0705256
1384081757750	,7.267992
1384081757757	,6.918334
1384081757767	,9.915865
1384081757777	,9.567794
1384081757785	,7.8335457
1384081757793	,7.9922366
1384081757801	,8.048044
1384081757811	,9.345283
1384081757822	,11.153743
1384081757832	,10.406591
1384081757841	,8.485246
1384081757848	,7.3658233
1384081757856	,7.304029
1384081757867	,11.265581
1384081757880	,12.461997
1384081757890	,10.253377
1384081757898	,7.947395
1384081757908	,9.636533
1384081757916	,8.187599
1384081757923	,7.227373
1384081757935	,11.878167
1384081757943	,8.187884
1384081757951	,7.5887337
1384081757958	,7.098352
1384081757966	,7.3622127
1384081757973	,7.1277003
1384081757980	,7.2797213
1384081757987	,7.1475086
1384081757995	,7.689779
1384081758004	,9.079659
1384081758015	,10.656149
1384081758025	,9.780751
1384081758032	,7.407042
1384081758040	,7.780418
1384081758048	,8.332646
1384081758057	,8.658002
1384081758068	,10.740109
1384081758080	,12.408903
1384081758090	,9.963861
1384081758098	,6.998122
1384081758105	,7.667599
1384081758113	,7.9679523
1384081758123	,9.628458
1384081758130	,6.9989552
1384081758139	,8.510542
1384081758150	,11.42538
1384081758159	,8.722073
1384081758167	,7.944764
1384081758175	,7.6454782
1384081758182	,7.384922
1384081758190	,7.943663
1384081758199	,8.946597
1384081758208	,9.031496
1384081758224	,15.5088825
1384081758233	,9.350639
1384081758240	,7.332935
1384081758248	,7.652334
1384081758257	,9.136321
1384081758270	,12.179482
1384081758278	,8.199806
1384081758291	,12.939231
1384081758298	,7.538294
1384081758306	,7.735426
1384081758313	,7.2765822
1384081758322	,8.867494
1384081758330	,7.060242
1384081758341	,11.905795
1384081758351	,9.930568
1384081758359	,7.242432
1384081758367	,8.394869
1384081758375	,7.706429
1384081758386	,10.757339
1384081758396	,10.582569
1384081758406	,9.264716
1384081758415	,9.556876
1384081758424	,8.449108
1384081758433	,9.157249
1384081758441	,8.315956
1384081758454	,12.080095
1384081758464	,10.769508
1384081758475	,10.218232
1384081758483	,7.984501
1384081758492	,9.618722
1384081758502	,9.243141
1384081758510	,8.232091
1384081758518	,7.808612
1384081758527	,9.23354
1384081758535	,7.7526937
1384081758543	,7.6173453
1384081758553	,10.615881
1384081758561	,8.02645
1384081758573	,11.525028
1384081758580	,7.344076
1384081758588	,7.303501
1384081758596	,7.9089856
1384081758604	,7.823249
1384081758613	,9.65723
1384081758623	,9.934689
1384081758632	,8.845271
1384081758641	,8.367744
1384081758648	,7.358122
1384081758657	,9.29562
1384081758666	,8.823081
1384081758674	,8.090902
1384081758682	,7.682608
1384081758690	,7.8506956
1384081758702	,11.563112
1384081758712	,10.03601
1384081758719	,7.28933
1384081758727	,7.8015733
1384081758738	,11.10632
1384081758746	,7.458728
1384081758759	,13.656362
1384081758772	,12.879387
1384081758781	,8.692191
1384081758789	,7.808474
1384081758800	,11.297858
1384081758810	,9.859272
1384081758819	,8.503053
1384081758837	,18.251205
1384081758845	,7.901325
1384081758853	,7.424696
1384081758860	,7.464001
1384081758871	,10.459192
1384081758880	,9.416206
1384081758890	,9.355849
1384081758900	,10.315405
1384081758910	,10.384692
1384081758918	,7.746654
1384081758926	,7.686152
1384081758934	,8.111873
1384081758943	,8.335849
1384081758950	,7.502459
1384081758959	,9.018428
1384081758967	,7.836644
1384081758976	,9.058856
1384081758987	,10.492752
1384081758995	,7.6859627
1384081759007	,12.301584
1384081759016	,8.803991
1384081759024	,7.6919503
1384081759034	,10.339728
1384081759042	,7.8444047
1384081759050	,7.619525
1384081759059	,9.857149
1384081759068	,8.221544
1384081759084	,16.087933
1384081759092	,8.270286
1384081759100	,7.965445
1384081759108	,7.749515
1384081759117	,9.143862
1384081759126	,8.707323
1384081759134	,8.224647
1384081759144	,9.371048
1384081759152	,7.930264
1384081759161	,8.791891
1384081759170	,9.823847
1384081759180	,9.472804
1384081759188	,7.539019
1384081759195	,6.969315
1384081759202	,7.5383034
1384081759211	,8.375025
1384081759219	,7.811505
1384081759226	,7.7706757
1384081759236	,9.280113
1384081759245	,9.166102
1384081759253	,7.78223
1384081759261	,7.897286
1384081759269	,8.441333
1384081759280	,11.137292
1384081759288	,7.908162
1384081759297	,8.062029
1384081759304	,7.5407968
1384081759394	,89.766624
1384081759404	,10.056448
1384081759412	,7.608601
1384081759419	,7.5337367
1384081759431	,11.80148
1384081759445	,13.767691
1384081759453	,7.6350718
1384081759460	,6.9164658
1384081759467	,7.0614448
1384081759479	,12.430618
1384081759490	,10.3015
1384081759499	,8.857478
1384081759507	,8.019036
1384081759514	,7.5741267
1384081759522	,7.497993
1384081759529	,7.535139
1384081759537	,7.863829
1384081759545	,7.492206
1384081759553	,7.8391423
1384081759561	,7.9339514
1384081759569	,7.974061
1384081759577	,7.8499703
1384081759590	,13.421967
1384081759610	,19.80366
1384081759618	,8.166166
1384081759627	,8.42988
1384081759637	,9.6620655
1384081759649	,12.316444
1384081759657	,8.290322
1384081759665	,8.053913
1384081759674	,8.434942
1384081759682	,8.145576
1384081759695	,12.497735
1384081759716	,21.404123
1384081759724	,8.23421
1384081759733	,8.911108
1384081759741	,7.338195
1384081759750	,8.932884
1384081759757	,7.492166
1384081759765	,7.592398
1384081759773	,7.8545427
1384081759781	,7.865623
1384081759789	,8.031598
1384081759800	,10.793129
1384081759820	,20.528133
1384081759835	,14.834574
1384081759846	,10.568841
1384081759856	,9.856005
1384081759864	,7.817058
1384081759874	,10.433339
1384081759882	,8.138899
1384081759891	,8.222294
1384081759901	,10.360998
1384081759910	,8.557173
1384081759920	,10.631534
1384081759929	,8.709172
1384081759937	,7.630709
1384081759945	,7.508286
1384081759952	,7.415398
1384081759963	,11.022866
1384081759971	,7.9679017
1384081759979	,7.66898
1384081759987	,7.618803
1384081759994	,7.3993626
1384081760004	,10.001413
1384081760041	,36.75368
1384081760055	,14.020411
1384081760064	,8.848465
1384081760074	,10.379079
1384081760083	,8.762953
1384081760091	,7.643819
1384081760100	,9.266351
1384081760108	,7.297852
1384081760116	,8.509413
1384081760124	,7.660103
1384081760132	,7.719313
1384081760140	,8.133776
1384081760147	,7.4982786
1384081760156	,8.124459
1384081760163	,7.7838883
1384081760175	,11.790613
1384081760183	,8.00396
1384081760192	,8.892641
1384081760200	,7.691166
1384081760209	,8.596139
1384081760217	,8.643381
1384081760226	,8.838014
1384081760255	,28.338516
1384081760263	,8.724515
1384081760272	,8.105418
1384081760281	,9.418324
1384081760289	,7.997635
1384081760300	,10.795118
1384081760309	,8.882662
1384081760326	,16.487947
1384081760339	,12.913279
1384081760356	,17.322056
1384081760364	,8.19308
1384081760372	,8.064026
1384081760382	,9.3675375
1384081760390	,8.185731
1384081760399	,8.393061
1384081760407	,8.377679
1384081760417	,9.762378
1384081760427	,9.899439
1384081760436	,9.2014
1384081760468	,32.025524
1384081760477	,8.683793
1384081760486	,8.885547
1384081760494	,8.292403
1384081760506	,11.608088
1384081760514	,8.06798
1384081760524	,9.629424
1384081760532	,8.631921
1384081760543	,10.995017
1384081760552	,8.597747
1384081760560	,8.148653
1384081760568	,8.137303
1384081760589	,20.273212
1384081760597	,7.9946337
1384081760605	,8.550821
1384081760614	,8.14277
1384081760626	,12.373002
1384081760636	,9.737493
1384081760679	,43.131702
1384081760693	,13.811287
1384081760701	,7.979755
1384081760711	,10.1214
1384081760722	,10.952018
1384081760732	,9.511053
1384081760740	,7.791916
1384081760748	,7.997086
1384081760755	,7.623886
1384081760764	,8.740293
1384081760772	,8.118241
1384081760780	,7.94405
1384081760788	,8.101085
1384081760797	,7.97952
1384081760805	,8.03903
1384081760813	,7.9227414
1384081760822	,9.019867
1384081760830	,8.230025
1384081760838	,8.4580965
1384081760847	,8.437269
1384081760855	,8.09348
1384081760865	,9.443681
1384081760886	,20.810852
1384081760898	,11.955219
1384081760905	,7.689229
1384081760916	,10.725685
1384081760923	,7.346983
1384081760933	,9.935985
1384081760943	,9.521111
1384081760953	,9.696096
1384081760966	,13.547085
1384081760976	,9.382089
1384081760988	,11.946677
1384081760997	,8.791525
1384081761005	,8.360753
1384081761014	,8.68543
1384081761022	,8.440112
1384081761030	,7.8629503
1384081761038	,7.550147
1384081761047	,8.697801
1384081761055	,8.222203
1384081761065	,10.087479
1384081761078	,12.837474
1384081761091	,13.181818
1384081761110	,18.360355
1384081761128	,17.981668
1384081761138	,9.846474
1384081761145	,7.409871
1384081761153	,7.449164
1384081761160	,7.502368
1384081761171	,10.7966385
1384081761179	,8.054455
1384081761187	,7.7686768
1384081761195	,7.601905
1384081761202	,7.474714
1384081761210	,7.4515734
1384081761217	,7.61202
1384081761225	,7.595821
1384081761233	,7.7268157
1384081761241	,7.7941537
1384081761256	,14.752427
1384081761270	,14.39831
1384081761284	,13.580827
1384081761299	,14.941677
1384081761308	,9.292455
1384081761331	,23.08672
1384081761341	,9.536168
1384081761352	,11.222891
1384081761360	,8.17992
1384081761368	,7.9953847
1384081761376	,8.041899
1384081761386	,9.376691
1384081761395	,8.575232
1384081761402	,7.867416
1384081761411	,8.049035
1384081761419	,8.054256
1384081761427	,8.171258
1384081761436	,9.011356
1384081761445	,8.472509
1384081761455	,9.973096
1384081761463	,8.009633
1384081761471	,7.814335
1384081761480	,9.678592
1384081761489	,9.176249
1384081761499	,9.324417
1384081761507	,8.467332
1384081761518	,10.075499
1384081761526	,8.844288
1384081761539	,12.254443
1384081761547	,8.092173
1384081761556	,8.573698
1384081761565	,8.969838
1384081761577	,11.819506
1384081761584	,7.6608863
1384081761594	,9.922682
1384081761603	,8.491593
1384081761612	,9.359604
1384081761621	,8.566939
1384081761630	,8.770234
1384081761639	,9.334376
1384081761647	,7.7593503
1384081761657	,9.835317
1384081761667	,9.859129
1384081761676	,9.074101
1384081761684	,8.219868
1384081761692	,8.271921
1384081761703	,10.393078
1384081761711	,8.1288395
1384081761721	,9.753127
1384081761736	,14.862714
1384081761753	,16.787828
1384081761761	,8.257499
1384081761770	,8.463199
1384081761778	,8.19219
1384081761786	,8.321562
1384081761795	,8.422371
1384081761803	,8.068405
1384081761811	,8.235289
1384081761819	,8.330481
1384081761828	,8.079418
1384081761836	,8.186813
1384081761846	,10.00428
1384081761855	,9.210179
1384081761864	,8.250158
1384081761882	,18.254007
1384081761894	,12.392779
1384081761905	,10.825896
1384081761915	,9.904242
1384081761930	,14.944505
1384081761949	,18.616848
1384081761972	,22.753778
1384081761980	,7.92334
1384081761987	,7.737589
1384081761995	,7.5054407
1384081762003	,7.746648
1384081762012	,9.121953
1384081762020	,8.347417
1384081762029	,8.755795
1384081762037	,7.909546
1384081762047	,9.863251
1384081762058	,10.910076
1384081762067	,8.8671055
1384081762077	,9.842215
1384081762089	,11.542167
1384081762099	,10.409683
1384081762110	,10.6938
1384081762118	,8.330331
1384081762129	,10.98478
1384081762141	,11.946419
1384081762153	,11.237043
1384081762162	,9.565862
1384081762176	,14.060683
1384081762186	,9.687121
1384081762200	,13.450591
1384081762208	,8.032453
1384081762218	,9.928292
1384081762227	,8.809183
1384081762237	,10.082753
1384081762246	,8.898531
1384081762255	,9.333659
1384081762264	,9.214116
1384081762273	,8.277169
1384081762282	,9.09133
1384081762294	,12.377407
1384081762305	,10.984494
1384081762315	,9.381601
1384081762324	,8.725106
1384081762332	,8.205258
1384081762345	,13.569121
1384081762358	,12.083484
1384081762371	,13.160746
1384081762379	,8.100899
1384081762387	,7.6959887
1384081762394	,7.35065
1384081762402	,7.3713284
1384081762409	,7.420662
1384081762417	,7.730349
1384081762424	,7.445287
1384081762432	,8.029376
1384081762440	,7.679972
1384081762449	,8.398762
1384081762457	,7.940606
1384081762467	,9.884678
1384081762476	,9.141746
1384081762484	,8.187517
1384081762520	,35.739353
1384081762531	,10.963403
1384081762539	,7.671624
1384081762563	,24.464762
1384081762583	,20.077347
1384081762591	,7.9977403
1384081762599	,7.6119857
1384081762608	,8.542307
1384081762620	,12.071658
1384081762628	,8.25838
1384081762636	,7.973507
1384081762645	,8.487918
1384081762654	,8.911214
1384081762662	,8.205294
1384081762671	,9.3739805
1384081762680	,8.548811
1384081762688	,8.354247
1384081762702	,13.30594
1384081762712	,10.716754
1384081762724	,11.306267
1384081762732	,8.474481
1384081762742	,9.484887
1384081762755	,12.655306
1384081762765	,10.3235655
1384081762773	,8.251942
1384081762781	,8.0151825
1384081762789	,7.9428062
1384081762798	,8.240065
1384081762806	,8.57502
1384081762815	,8.265068
1384081762826	,11.527153
1384081762835	,8.9295
1384081762844	,8.406654
1384081762852	,8.072629
1384081762864	,11.588069
1384081762873	,9.572573
1384081762882	,8.541081
1384081762891	,8.890313
1384081762902	,11.415748
1384081762912	,9.360769
1384081762920	,8.292659
1384081762930	,9.63972
1384081762937	,7.3978148
1384081762953	,15.845565
1384081762970	,16.812492
1384081762985	,14.843407
1384081762999	,14.580416
1384081763010	,10.24851
1384081763021	,10.679109
1384081763031	,10.402375
1384081763041	,10.356769
1384081763052	,10.233114
1384081763064	,11.74397
1384081763076	,12.000946
1384081763087	,11.3139515
1384081763098	,10.720997
1384081763114	,16.41843
1384081763131	,16.844658
1384081763151	,19.855444
1384081763166	,15.331364
1384081763183	,16.483696
1384081763201	,18.327623
1384081763213	,11.372438
1384081763223	,10.165878
1384081763233	,10.158792
1384081763243	,10.139292
1384081763254	,10.37536
1384081763265	,11.454574
1384081763277	,11.7933035
1384081763289	,11.569376
1384081763300	,10.630421
1384081763314	,14.719223
1384081763328	,13.495666
1384081763340	,12.161315
1384081763353	,12.344064
1384081763368	,14.958909
1384081763381	,13.694148
1384081763393	,11.2796135
1384081763405	,12.515119
1384081763416	,10.241298
1384081763428	,12.714785
1384081763440	,11.114049
1384081763455	,15.031806
1384081763467	,11.949392
1384081763478	,11.588531
1384081763493	,14.522193
1384081763504	,10.749188
1384081763518	,13.786064
1384081763531	,13.166844
1384081763544	,13.584966
1384081763555	,10.588743
1384081763570	,14.75683
1384081763582	,11.961489
1384081763595	,13.066861
1384081763611	,15.954094
1384081763622	,10.963265
1384081763633	,10.466157
1384081763643	,10.656991
1384081763653	,9.929535
1384081763664	,10.594115
1384081763676	,11.856441
1384081763687	,11.44624
1384081763698	,10.619886
1384081763712	,13.381189
1384081763723	,11.13045
1384081763736	,13.674384
1384081763750	,13.576161
1384081763771	,20.599573
1384081763784	,12.933405
1384081763802	,17.755047
1384081763818	,16.413416
1384081763830	,11.758091
1384081763841	,11.061258
1384081763851	,10.169759
1384081763861	,9.954922
1384081763872	,10.647985
1384081763887	,14.545205
1384081763898	,11.676665
1384081763910	,11.429783
1384081763923	,13.172601
1384081763936	,13.010155
1384081763949	,12.556954
1384081763960	,11.077538
1384081763973	,13.429762
1384081763985	,11.730875
1384081763997	,11.527534
1384081764010	,12.732096
1384081764021	,11.269542
1384081764032	,11.255569
1384081764045	,13.190989
1384081764057	,11.194761
1384081764069	,12.150273
1384081764087	,17.7782
1384081764099	,12.353617
1384081764117	,17.68823
1384081764132	,14.55525
1384081764143	,11.838891
1384081764155	,11.279465
1384081764166	,10.799283
1384081764177	,11.12823
1384081764189	,11.723793
1384081764199	,10.074928
1384081764213	,13.886135
1384081764223	,10.615008
1384081764238	,14.649302
1384081764248	,10.115415
1384081764259	,10.452762
1384081764269	,10.61549
1384081764280	,10.92956
1384081764292	,11.965186
1384081764304	,11.952119
1384081764317	,12.647534
1384081764330	,12.687422
1384081764343	,13.239144
1384081764358	,14.483719
1384081764370	,12.0579195
1384081764390	,20.03625
1384081764402	,11.597433
1384081764419	,16.720171
1384081764431	,12.171094
1384081764448	,17.094492
1384081764459	,11.033815
1384081764469	,10.420219
1384081764480	,10.225726
1384081764493	,13.215635
1384081764505	,11.626183
1384081764517	,12.484922
1384081764532	,14.658431
1384081764544	,11.700961
1384081764557	,13.177977
1384081764567	,10.314163
1384081764579	,11.185873
1384081764590	,11.6622305
1384081764601	,10.864163
1384081764611	,9.993802
1384081764625	,13.617107
1384081764636	,11.08212
1384081764649	,12.907191
1384081764661	,12.178458
1384081764673	,11.008999
1384081764683	,10.8687725
1384081764699	,15.946182
1384081764717	,17.145847
1384081764731	,14.01817
1384081764746	,15.085932
1384081764757	,10.596549
1384081764769	,11.901207
1384081764780	,11.206029
1384081764792	,11.9918785
1384081764803	,10.113321
1384081764814	,10.032915
1384081764829	,14.870238
1384081764841	,12.092246
1384081764854	,12.823938
1384081764865	,11.166267
1384081764875	,9.881552
1384081764885	,9.817399
1384081764897	,12.54078
1384081764907	,9.888957
1384081764918	,10.839875
1384081764929	,10.953663
1384081764944	,14.662963
1384081764955	,10.676319
1384081764970	,15.352183
1384081764981	,10.967302
1384081764996	,14.767253
1384081765010	,14.22422
1384081765024	,13.583617
1384081765041	,16.983898
1384081765052	,10.503781
1384081765067	,15.670136
1384081765078	,10.299726
1384081765088	,9.933238
1384081765100	,12.367913
1384081765111	,10.713934
1384081765123	,11.843734
1384081765134	,11.08653
1384081765149	,15.147281
1384081765160	,10.621754
1384081765175	,15.175234
1384081765185	,9.756272
1384081765199	,13.704961
1384081765208	,9.7495365
1384081765218	,9.785663
1384081765229	,10.162834
1384081765242	,13.447976
1384081765253	,10.854269
1384081765263	,10.3387
1384081765278	,14.701712
1384081765288	,9.728469
1384081765300	,12.206331
1384081765311	,10.544605
1384081765328	,17.056503
1384081765347	,18.965382
1384081765358	,11.059377
1384081765371	,12.706456
1384081765382	,11.624798
1384081765394	,11.243517
1384081765405	,11.315213
1384081765415	,9.688675
1384081765427	,12.001117
1384081765438	,11.296208
1384081765454	,15.593646
1384081765466	,12.2060375
1384081765481	,14.766109
1384081765492	,10.628345
1384081765504	,12.131274
1384081765514	,10.4489975
1384081765524	,9.759048
1384081765535	,10.873865
1384081765545	,10.275208
1384081765558	,12.496805
1384081765568	,10.113981
1384081765582	,14.077932
1384081765593	,10.368714
1384081765607	,14.172789
1384081765617	,10.447946
1384081765633	,15.405379
1384081765646	,12.912134
1384081765659	,13.395282
1384081765671	,11.26032
1384081765686	,14.975468
1384081765696	,10.673123
1384081765709	,12.461891
1384081765720	,10.857092
1384081765731	,11.1439
1384081765743	,11.535216
1384081765758	,15.3083725
1384081765768	,9.98888
1384081765780	,12.257479
1384081765792	,12.096094
1384081765807	,14.9555025
1384081765818	,10.126619
1384081765829	,11.668302
1384081765840	,10.916924
1384081765851	,10.459386
1384081765865	,14.312213
1384081765876	,10.489457
1384081765887	,11.459574
1384081765900	,12.470924
1384081765913	,13.223546
1384081765925	,11.506555
1384081765942	,16.754221
1384081765954	,12.049686
1384081765972	,18.174116
1384081765983	,11.529965
1384081765994	,10.460193
1384081766006	,12.039749
1384081766017	,10.915151
1384081766028	,10.856064
1384081766040	,11.75755
1384081766051	,10.859179
1384081766061	,10.565183
1384081766078	,16.067213
1384081766089	,11.337111
1384081766102	,13.087707
1384081766115	,12.696227
1384081766126	,11.295346
1384081766138	,11.571306
1384081766148	,10.315271
1384081766159	,10.99415
1384081766173	,14.065616
1384081766187	,13.1953535
1384081766198	,11.786064
1384081766214	,14.991607
1384081766224	,10.468878
1384081766234	,10.358509
1384081766251	,16.185593
1384081766263	,12.31806
1384081766281	,17.829165
1384081766292	,10.81769
1384081766302	,10.044478
1384081766318	,15.820535
1384081766329	,11.036399
1384081766340	,11.391154
1384081766352	,11.503674
1384081766364	,11.871722
1384081766377	,12.745564
1384081766390	,13.655389
1384081766401	,10.93919
1384081766416	,14.968106
1384081766427	,10.260503
1384081766437	,10.092495
1384081766448	,10.937083
1384081766458	,10.308383
1384081766469	,10.261526
1384081766479	,10.247435
1384081766493	,13.85921
1384081766503	,10.056563
1384081766520	,17.129053
1384081766533	,12.6613865
1384081766545	,11.697475
1384081766567	,21.906076
1384081766582	,15.4994
1384081766598	,16.088736
1384081766609	,10.262538
1384081766622	,13.531405
1384081766633	,10.592257
1384081766643	,9.885538
1384081766653	,10.027095
1384081766664	,10.695625
1384081766674	,10.217032
1384081766684	,10.376795
1384081766702	,17.641455
1384081766713	,10.319126
1384081766733	,19.967346
1384081766744	,11.175406
1384081766756	,12.50335
1384081766770	,13.281736
1384081766783	,13.64464
1384081766796	,12.205282
1384081766806	,9.873362
1384081766822	,15.933893
1384081766832	,10.443241
1384081766843	,10.824356
1384081766853	,10.327002
1384081766871	,17.211494
1384081766883	,12.408459
1384081766898	,14.5552845
1384081766912	,13.807572
1384081766927	,15.114518
1384081766939	,12.143472
1384081766950	,10.826173
1384081766960	,10.354133
1384081766972	,11.582172
1384081766985	,13.169485
1384081766998	,12.327853
1384081767010	,12.426206
1384081767025	,14.347908
1384081767035	,9.928184
1384081767045	,10.758623
1384081767055	,9.948031
1384081767066	,10.355734
1384081767076	,10.16832
1384081767086	,10.308828
1384081767096	,9.95275
1384081767109	,12.859224
1384081767120	,10.450358
1384081767141	,21.317873
1384081767153	,11.741937
1384081767166	,13.232909
1384081767189	,23.02638
1384081767204	,14.1392975
1384081767216	,12.450659
1384081767229	,12.820647
1384081767239	,9.886273
1384081767249	,10.049856
1384081767260	,10.6459675
1384081767270	,9.6233835
1384081767280	,10.606783
1384081767290	,10.244502
1384081767301	,10.196166
1384081767318	,16.880219
1384081767331	,13.333213
1384081767345	,13.929113
1384081767357	,11.563372
1384081767368	,11.194136
1384081767378	,10.222985
1384081767390	,11.318192
1384081767401	,11.3761
1384081767411	,9.722451
1384081767424	,13.0161
1384081767436	,12.002356
1384081767448	,11.972752
1384081767459	,10.60671
1384081767470	,11.1513815
1384081767480	,10.293832
1384081767494	,13.413819
1384081767505	,11.639912
1384081767522	,16.495916
1384081767535	,13.215805
1384081767552	,16.982677
1384081767563	,10.60936
1384081767576	,12.758596
1384081767587	,10.813802
1384081767597	,10.689182
1384081767609	,11.606816
1384081767619	,10.226147
1384081767634	,14.034752
1384081767643	,9.457912
1384081767653	,10.26034
1384081767663	,9.9889345
1384081767673	,9.695912
1384081767684	,11.119905
1384081767696	,11.076027
1384081767705	,9.7837105
1384081767715	,9.650508
1384081767729	,13.324988
1384081767743	,14.470794
1384081767758	,15.040242
1384081767770	,12.018986
1384081767781	,11.092317
1384081767801	,19.48992
1384081767815	,14.449611
1384081767830	,14.580398
1384081767840	,10.1873455
1384081767851	,10.338561
1384081767862	,10.871333
1384081767872	,10.472407
1384081767882	,9.938633
1384081767893	,10.703244
1384081767904	,11.133317
1384081767915	,10.560109
1384081767925	,10.082667
1384081767947	,21.995173
1384081767963	,16.123034
1384081767975	,12.165781
1384081767987	,11.064393
1384081767998	,11.131048
1384081768011	,13.118162
1384081768021	,9.561478
1384081768037	,16.3723
1384081768048	,10.672987
1384081768060	,12.430245
1384081768072	,11.560497
1384081768082	,10.551987
1384081768092	,9.924322
1384081768103	,10.571851
1384081768119	,16.23267
1384081768131	,11.509428
1384081768151	,20.451157
1384081768168	,16.343622
1384081768180	,12.005537
1384081768193	,13.075751
1384081768205	,11.567691
1384081768217	,12.171009
1384081768228	,11.317652
1384081768242	,13.266579
1384081768252	,10.631556
1384081768262	,9.997053
1384081768272	,9.752516
1384081768283	,10.252758
1384081768292	,9.72438
1384081768303	,11.143064
1384081768314	,10.379577
1384081768325	,10.967899
1384081768335	,9.617561
1384081768350	,15.033045
1384081768365	,14.945447
1384081768381	,15.958525
1384081768392	,10.930978
1384081768407	,15.197518
1384081768431	,23.909508
1384081768446	,14.786433
1384081768456	,10.197192
1384081768466	,9.5669565
1384081768478	,12.532924
1384081768489	,10.716696
1384081768500	,10.267542
1384081768511	,11.259999
1384081768522	,11.333382
1384081768533	,10.26824
1384081768544	,10.900736
1384081768558	,14.7738
1384081768573	,14.083274
1384081768587	,14.362294
1384081768599	,11.646836
1384081768610	,11.534447
1384081768624	,13.804502
1384081768635	,11.1629305
1384081768648	,12.610175
1384081768664	,15.677319
1384081768676	,11.893817
1384081768687	,11.031863
1384081768697	,10.455542
1384081768708	,10.217339
1384081768718	,10.053201
1384081768732	,13.810697
1384081768742	,10.257203
1384081768756	,14.252913
1384081768774	,17.436932
1384081768792	,18.562422
1384081768804	,11.54153
1384081768815	,11.326125
1384081768827	,11.657542
1384081768842	,14.734835
1384081768854	,12.0887785
1384081768864	,10.173832
1384081768875	,10.227728
1384081768885	,10.067868
1384081768895	,9.846674
1384081768905	,10.114845
1384081768915	,10.263982
1384081768925	,10.218766
1384081768936	,10.586368
1384081768946	,9.846061
1384081768960	,14.080084
1384081768979	,18.700161
1384081768994	,15.4430065
1384081769007	,12.814206
1384081769021	,13.749475
1384081769033	,11.482659
1384081769057	,24.250412
1384081769068	,10.728032
1384081769078	,10.493603
1384081769088	,9.472724
1384081769099	,10.86608
1384081769109	,9.647436
1384081769119	,9.965994
1384081769129	,10.767292
1384081769140	,10.901301
1384081769150	,10.025165
1384081769165	,13.960083
1384081769179	,14.423692
1384081769197	,17.688503
1384081769210	,13.477311
1384081769222	,11.158185
1384081769233	,11.900584
1384081769244	,10.661186
1384081769256	,11.707406
1384081769266	,10.410172
1384081769277	,10.725236
1384081769290	,12.94462
1384081769301	,10.945155
1384081769312	,10.985088
1384081769323	,10.9372
1384081769335	,11.510254
1384081769345	,10.200616
1384081769371	,25.487812
1384081769380	,9.683833
1384081769397	,16.832167
1384081769418	,20.243996
1384081769431	,13.051006
1384081769443	,12.175022
1384081769458	,14.909092
1384081769468	,10.448769
1384081769490	,10.642194
1384081769500	,10.035106
1384081769510	,10.105777
1384081769519	,9.449302
1384081769529	,9.552253
1384081769539	,10.57335
1384081769550	,10.782363
1384081769560	,9.411599
1384081769572	,11.790426
1384081769585	,13.586823
1384081769601	,15.490181
1384081769619	,17.651417
1384081769634	,15.653405
1384081769645	,11.0678215
1384081769658	,12.6816435
1384081769677	,19.010344
1384081769688	,10.90663
1384081769697	,9.208959
1384081769707	,9.684736
1384081769717	,9.923254
1384081769727	,9.969033
1384081769736	,8.952227
1384081769747	,10.806666
1384081769757	,10.343241
1384081769768	,10.314532
1384081769779	,10.713177
1384081769791	,12.048337
1384081769804	,13.205185
1384081769823	,18.714632
1384081769835	,11.914698
1384081769846	,10.880628
1384081769857	,10.912735
1384081769868	,10.822934
1384081769877	,9.713749
1384081769888	,11.038307
1384081769901	,12.602996
1384081769912	,10.744551
1384081769923	,11.46906
1384081769936	,12.279665
1384081769945	,9.527816
1384081769957	,11.743064
1384081769968	,11.057816
1384081769991	,22.633583
1384081770006	,15.073228
1384081770028	,21.758986
1384081770044	,15.858828
1384081770060	,15.84359
1384081770071	,10.985981
1384081770082	,10.757562
1384081770091	,9.652832
1384081770101	,9.835588
1384081770111	,9.839029
1384081770123	,11.464367
1384081770132	,9.221203
1384081770142	,9.87422
1384081770151	,9.159565
1384081770163	,11.409666
1384081770172	,9.80924
1384081770185	,13.000926
1384081770197	,11.473841
1384081770211	,14.026652
1384081770224	,12.7041025
1384081770244	,19.588442
1384081770255	,11.110451
1384081770269	,14.068227
1384081770280	,10.890947
1384081770298	,18.235111
1384081770308	,9.599708
1384081770318	,10.494964
1384081770329	,10.531243
1384081770340	,10.89235
1384081770349	,9.318755
1384081770359	,9.866357
1384081770370	,10.605311
1384081770381	,10.878098
1384081770392	,10.82436
1384081770402	,10.749417
1384081770414	,11.200038
1384081770427	,12.780513
1384081770444	,17.761637
1384081770457	,12.222306
1384081770470	,13.076444
1384081770479	,9.202147
1384081770488	,8.864487
1384081770498	,10.224582
1384081770508	,9.445544
1384081770521	,12.728692
1384081770530	,9.170744
1384081770540	,10.171834
1384081770550	,9.884248
1384081770560	,9.917924
1384081770570	,10.3991995
1384081770583	,12.518822
1384081770605	,21.603367
1384081770617	,12.508787
1384081770630	,12.247739
1384081770645	,15.005588
1384081770748	,103.02822
1384081770762	,14.428546
1384081770772	,10.014914
1384081770785	,12.392641
1384081770798	,13.653666
1384081770812	,13.698402
1384081770825	,13.114797
1384081770840	,14.416904
1384081770855	,15.610447
1384081770867	,11.024163
1384081770876	,9.776704
1384081770886	,9.898597
1384081770898	,11.393749
1384081770916	,18.174036
1384081770926	,9.905382
1384081770936	,9.829284
1384081770945	,9.080745
1384081770964	,19.27416
1384081770976	,11.54169
1384081770989	,12.76863
1384081771000	,11.6070595
1384081771012	,11.648997
1384081771022	,9.872597
1384081771035	,12.823398
1384081771045	,9.447204
1384081771060	,15.060632
1384081771069	,9.641285
1384081771079	,9.749455
1384081771088	,8.566822
1384081771097	,9.534425
1384081771106	,8.68904
1384081771116	,10.124797
1384081771129	,12.20469
1384081771140	,11.747865
1384081771151	,10.130469
1384081771165	,14.196333
1384081771178	,13.3044
1384081771190	,11.861312
1384081771203	,12.6348095
1384081771223	,20.593447
1384081771237	,13.140707
1384081771248	,11.542758
1384081771261	,12.872815
1384081771273	,11.487213
1384081771282	,9.516163
1384081771292	,10.048907
1384081771302	,9.189449
1384081771311	,9.747028
1384081771320	,8.738643
1384081771330	,9.409846
1384081771338	,8.5997715
1384081771348	,9.325208
1384081771358	,10.156027
1384081771373	,14.85899
1384081771383	,10.462615
1384081771396	,11.992328
1384081771406	,10.761178
1384081771417	,10.352227
1384081771426	,9.457115
1384081771442	,15.459195
1384081771452	,10.075037
1384081771467	,14.617828
1384081771478	,11.121442
1384081771488	,9.8259945
1384081771497	,9.035966
1384081771507	,10.277789
1384081771516	,9.1205015
1384081771533	,16.953476
1384081771543	,9.377456
1384081771553	,9.794255
1384081771562	,8.888629
1384081771574	,12.431784
1384081771589	,14.76257
1384081771605	,16.06578
1384081771616	,10.444936
1384081771625	,9.774834
1384081771636	,10.396512
1384081771649	,12.734814
1384081771662	,12.803816
1384081771672	,10.858565
1384081771682	,9.078256
1384081771692	,10.081811
1384081771701	,9.009065
1384081771710	,9.635683
1384081771719	,8.781315
1384081771729	,10.0740595
1384081771738	,8.909577
1384081771749	,10.227661
1384081771758	,9.739248
1384081771770	,11.134998
1384081771780	,9.759415
1384081771794	,14.608975
1384081771808	,13.676943
1384081771822	,13.616506
1384081771834	,12.577049
1384081771850	,15.778901
1384081771862	,11.568951
1384081771875	,13.536825
1384081771885	,9.753343
1384081771895	,10.287429
1384081771904	,8.533341
1384081771913	,9.294069
1384081771922	,8.87834
1384081771932	,9.57037
1384081771941	,8.760705
1384081771950	,9.300424
1384081771959	,8.776565
1384081771969	,10.161311
1384081771981	,11.567521
1384081771995	,14.454419
1384081772009	,14.046467
1384081772021	,11.561287
1384081772031	,9.865543
1384081772042	,10.645822
1384081772055	,13.2266
1384081772067	,12.054034
1384081772078	,10.369075
1384081772087	,9.7393675
1384081772097	,9.887598
1384081772108	,10.312204
1384081772117	,9.145024
1384081772128	,10.9596615
1384081772138	,10.231881
1384081772155	,17.160524
1384081772165	,9.724872
1384081772176	,10.88415
1384081772188	,11.818749
1384081772208	,20.371824
1384081772220	,11.104213
1384081772232	,12.417138
1384081772242	,9.974226
1384081772254	,11.355216
1384081772268	,13.95923
1384081772280	,12.690774
1384081772291	,10.839834
1384081772302	,10.296032
1384081772310	,8.792295
1384081772320	,9.597867
1384081772329	,8.53988
1384081772338	,9.526584
1384081772348	,9.613765
1384081772361	,13.2002125
1384081772372	,10.36336
1384081772382	,9.966703
1384081772392	,10.143672
1384081772404	,11.923966
1384081772421	,16.990904
1384081772434	,12.586148
1384081772443	,9.370203
1384081772462	,18.591705
1384081772474	,12.718267
1384081772487	,12.929517
1384081772498	,10.7086
1384081772508	,10.095203
1384081772518	,9.150722
1384081772528	,9.951199
1384081772537	,9.226145
1384081772547	,10.06022
1384081772556	,8.914029
1384081772566	,9.7752
1384081772575	,9.329299
1384081772586	,11.046859
1384081772596	,9.285503
1384081772606	,10.344418
1384081772628	,21.621996
1384081772639	,11.608828
1384081772652	,12.257395
1384081772670	,18.506628
1384081772680	,9.40934
1384081772691	,11.615569
1384081772702	,10.789137
1384081772712	,9.393782
1384081772721	,9.57816
1384081772733	,11.465172
1384081772743	,9.778052
1384081772753	,10.246285
1384081772768	,14.554575
1384081772779	,10.789349
1384081772789	,10.763131
1384081772799	,9.821669
1384081772810	,11.111727
1384081772831	,20.020597
1384081772841	,10.614466
1384081772853	,11.343204
1384081772865	,12.046384
1384081772880	,15.426102
1384081772890	,10.232856
1384081772902	,11.151784
1384081772911	,9.360922
1384081772922	,10.368983
1384081772931	,8.902963
1384081772940	,9.698249
1384081772949	,9.015967
1384081772960	,10.873902
1384081772972	,11.447589
1384081772983	,11.182641
1384081772995	,11.591195
1384081773006	,10.870553
1384081773015	,9.1801195
1384081773031	,15.900537
1384081773047	,15.700056
1384081773062	,15.320596
1384081773081	,19.137909
1384081773091	,10.043697
1384081773104	,12.161036
1384081773114	,10.059997
1384081773125	,11.532119
1384081773135	,10.019326
1384081773145	,9.300617
1384081773155	,10.013884
1384081773164	,9.231478
1384081773175	,10.6476145
1384081773185	,10.556518
1384081773197	,11.966551
1384081773207	,9.670597
1384081773218	,10.406222
1384081773231	,13.435817
1384081773247	,16.04238
1384081773259	,11.45193
1384081773271	,12.191793
1384081773285	,14.271587
1384081773296	,10.99608
1384081773307	,10.854321
1384081773319	,11.848155
1384081773329	,10.0211
1384081773340	,11.086368
1384081773352	,11.265908
1384081773362	,9.705757
1384081773371	,9.592316
1384081773388	,17.174015
1384081773402	,13.192869
1384081773411	,9.567414
1384081773422	,10.635887
1384081773437	,15.209052
1384081773455	,17.34216
1384081773467	,12.409883
1384081773479	,11.433594
1384081773490	,11.431579
1384081773502	,11.585556
1384081773512	,10.54256
1384081773523	,10.705335
1384081773532	,9.15366
1384081773543	,10.164711
1384081773552	,9.633912
1384081773562	,9.728576
1384081773571	,9.330799
1384081773583	,11.657696
1384081773596	,12.74601
1384081773609	,12.83441
1384081773621	,12.200094
1384081773634	,13.061706
1384081773651	,16.377937
1384081773669	,18.56582
1384081773682	,12.926065
1384081773696	,13.727797
1384081773706	,9.851533
1384081773720	,13.502974
1384081773730	,10.51185
1384081773742	,11.704198
1384081773752	,9.73119
1384081773762	,10.141288
1384081773772	,9.661163
1384081773782	,10.33341
1384081773793	,10.878512
1384081773805	,12.50321
1384081773816	,10.462584
1384081773828	,12.093361
1384081773841	,13.280573
1384081773852	,10.733244
1384081773867	,14.91631
1384081773880	,12.957828
1384081773895	,14.474293
1384081773907	,11.785234
1384081773918	,11.396309
1384081773930	,11.771061
1384081773940	,10.237647
1384081773951	,10.572035
1384081773962	,11.403309
1384081773973	,11.030222
1384081773983	,9.475123
1384081773995	,12.245606
1384081774016	,20.176796
1384081774027	,10.886319
1384081774039	,11.9849205
1384081774052	,13.520377
1384081774063	,10.887247
1384081774085	,21.723433
1384081774095	,9.959451
1384081774106	,10.915205
1384081774115	,9.4226465
1384081774127	,11.317276
1384081774136	,9.167673
1384081774147	,10.530144
1384081774156	,9.235377
1384081774166	,9.88176
1384081774175	,8.983227
1384081774185	,10.452999
1384081774199	,13.084549
1384081774214	,15.274975
1384081774224	,10.468511
1384081774237	,12.781893
1384081774251	,13.660273
1384081774264	,12.883822
1384081774278	,13.543356
1384081774294	,16.202343
1384081774303	,8.922977
1384081774320	,17.282162
1384081774333	,12.674097
1384081774344	,10.748394
1384081774355	,11.096745
1384081774366	,10.611048
1384081774375	,9.370138
1384081774385	,9.992616
1384081774394	,9.204475
1384081774406	,11.904693
1384081774419	,12.66401
1384081774429	,10.38965
1384081774441	,11.604664
1384081774453	,11.936253
1384081774462	,9.194979
1384081774476	,13.414498
1384081774491	,15.076841
1384081774503	,12.061627
1384081774514	,10.941344
1384081774526	,11.708042
1384081774536	,9.839942
1384081774546	,9.812158
1384081774558	,11.979413
1384081774570	,11.946086
1384081774579	,9.399891
1384081774590	,10.370482
1384081774602	,12.280894
1384081774616	,13.694427
1384081774631	,14.974871
1384081774644	,13.038685
1384081774655	,11.611028
1384081774666	,10.697907
1384081774679	,13.182095
1384081774693	,13.324126
1384081774707	,14.10066
1384081774718	,10.450284
1384081774729	,11.565835
1384081774742	,13.208469
1384081774752	,9.910398
1384081774764	,11.040073
1384081774774	,10.062536
1384081774783	,9.633477
1384081774793	,9.606413
1384081774805	,12.164657
1384081774821	,15.333647
1384081774833	,12.283987
1384081774847	,14.225596
1384081774862	,14.405829
1384081774876	,14.006652
1384081774888	,11.779954
1384081774902	,14.157836
1384081774915	,13.180782
1384081774926	,10.605124
1384081774940	,14.34839
1384081774952	,11.603841
1384081774963	,11.095152
1384081774973	,9.7937975
1384081774983	,9.815674
1384081774992	,9.060228
1384081775002	,10.294906
1384081775012	,10.014531
1384081775025	,12.659888
1384081775034	,9.247995
1384081775048	,13.329008
1384081775060	,12.573728
1384081775071	,10.561695
1384081775081	,10.224896
1384081775095	,13.219536
1384081775107	,12.006003
1384081775118	,11.597276
1384081775131	,13.060124
1384081775142	,11.013261
1384081775153	,10.700277
1384081775165	,11.801219
1384081775177	,11.398194
1384081775187	,10.620756
1384081775197	,9.811213
1384081775210	,13.205663
1384081775220	,9.4036
1384081775231	,11.491092
1384081775250	,19.01889
1384081775264	,13.843287
1384081775275	,10.150627
1384081775286	,11.3601
1384081775299	,12.593802
1384081775312	,12.879357
1384081775325	,13.488234
1384081775336	,10.453583
1384081775347	,11.6625185
1384081775360	,12.99253
1384081775371	,10.892587
1384081775382	,10.775165
1384081775392	,10.127093
1384081775402	,9.731567
1384081775414	,11.642381
1384081775425	,10.816591
1384081775439	,14.426885
1384081775454	,14.870958
1384081775468	,13.534011
1384081775478	,10.410537
1384081775495	,17.111725
1384081775510	,14.773778
1384081775523	,12.869441
1384081775533	,10.188549
1384081775548	,14.94742
1384081775561	,12.847941
1384081775571	,9.792505
1384081775583	,11.727992
1384081775593	,9.778896
1384081775603	,10.007433
1384081775613	,9.963514
1384081775623	,10.13315
1384081775636	,12.61129
1384081775647	,11.082595
1384081775659	,12.352239
1384081775671	,11.205777
1384081775680	,9.56272
1384081775693	,12.690774
1384081775705	,11.777313
1384081775715	,10.0314665
1384081775728	,12.466048
1384081775739	,11.165742
1384081775749	,9.837298
1384081775762	,12.810118
1384081775771	,9.818652
1384081775783	,11.32466
1384081775795	,12.144304
1384081775806	,10.510285
1384081775816	,10.143778
1384081775828	,11.983421
1384081775839	,11.555214
1384081775851	,11.860113
1384081775870	,18.449678
1384081775880	,10.384991
1384081775893	,12.882936
1384081775904	,10.886602
1384081775915	,11.024189
1384081775929	,13.392966
1384081775939	,10.479294
1384081775950	,10.560967
1384081775963	,13.306095
1384081775976	,12.259416
1384081775987	,11.13938
1384081775997	,10.646776
1384081776007	,9.589744
1384081776018	,11.12715
1384081776028	,9.219475
1384081776042	,14.09496
1384081776054	,12.211998
1384081776072	,17.495197
1384081776081	,9.817185
1384081776094	,12.9336
1384081776110	,15.043622
1384081776121	,11.295085
1384081776135	,13.861092
1384081776147	,11.784709
1384081776156	,9.107085
1384081776172	,16.223162
1384081776184	,11.490843
1384081776197	,12.954664
1384081776207	,10.159219
1384081776218	,10.576538
1384081776229	,11.266288
1384081776241	,12.306942
1384081776251	,10.013321
1384081776265	,13.328534
1384081776276	,11.158292
1384081776286	,9.871297
1384081776297	,10.952737
1384081776308	,11.023022
1384081776318	,10.475649
1384081776328	,9.8089075
1384081776341	,13.00118
1384081776354	,12.045012
1384081776364	,10.525674
1384081776376	,12.171108
1384081776387	,10.808228
1384081776399	,11.797029
1384081776410	,10.534383
1384081776421	,10.939219
1384081776433	,12.620403
1384081776447	,13.85399
1384081776457	,10.042426
1384081776480	,22.721363
1384081776490	,10.090183
1384081776503	,12.749344
1384081776516	,12.391336
1384081776526	,10.181211
1384081776535	,9.371086
1384081776553	,17.478573
1384081776562	,9.413512
1384081776574	,11.562582
1384081776586	,11.633083
1384081776596	,10.8417425
1384081776606	,9.852309
1384081776617	,10.318435
1384081776627	,10.14026
1384081776637	,10.20297
1384081776650	,12.559145
1384081776660	,10.562077
1384081776680	,19.438145
1384081776691	,11.031693
1384081776703	,11.428259
1384081776720	,17.638792
1384081776730	,9.451222
1384081776741	,10.988217
1384081776753	,12.372447
1384081776765	,12.2085085
1384081776775	,9.484659
1384081776795	,19.53636
1384081776805	,10.637101
1384081776816	,10.676709
1384081776825	,9.200702
1384081776836	,10.48438
1384081776846	,9.763816
1384081776856	,10.299242
1384081776866	,9.810096
1384081776882	,16.298962
1384081776891	,9.141204
1384081776903	,11.718432
1384081776914	,10.518878
1384081776927	,12.817788
1384081776936	,9.296834
1384081776946	,9.6546335
1384081776959	,13.547328
1384081776975	,15.350241
1384081776986	,10.839532
1384081776999	,13.252
1384081777008	,9.362662
1384081777022	,13.59161
1384081777032	,10.220848
1384081777043	,10.856834
1384081777057	,13.577699
1384081777069	,12.432287
1384081777087	,17.602549
1384081777101	,13.452489
1384081777112	,11.221648
1384081777121	,9.553765
1384081777134	,12.726944
1384081777145	,10.711091
1384081777155	,9.576824
1384081777169	,13.808653
1384081777178	,9.336526
1384081777188	,10.440057
1384081777204	,15.53675
1384081777215	,11.198299
1384081777225	,9.592825
1384081777237	,11.764544
1384081777246	,9.488914
1384081777260	,13.195058
1384081777271	,11.394117
1384081777292	,21.123257
1384081777305	,13.019097
1384081777318	,12.764929
1384081777333	,15.032228
1384081777345	,11.427364
1384081777356	,10.78686
1384081777367	,11.789547
1384081777379	,11.973001
1384081777391	,11.657742
1384081777410	,18.387115
1384081777421	,11.109156
1384081777430	,9.57076
1384081777442	,11.169482
1384081777452	,10.436086
1384081777463	,10.958436
1384081777474	,10.425177
1384081777484	,10.263727
1384081777499	,14.718769
1384081777511	,12.101319
1384081777521	,9.585251
1384081777532	,11.2176695
1384081777542	,10.52913
1384081777553	,10.658628
1384081777563	,9.540566
1384081777578	,14.942521
1384081777590	,12.3909235
1384081777602	,11.961709
1384081777615	,12.92141
1384081777627	,11.789719
1384081777640	,12.636324
1384081777650	,10.434886
1384081777663	,12.416982
1384081777674	,11.377056
1384081777684	,9.459067
1384081777700	,16.585009
1384081777716	,15.65531
1384081777727	,11.30988
1384081777739	,11.533987
1384081777749	,10.036501
1384081777759	,9.866728
1384081777770	,11.032572
1384081777785	,14.476004
1384081777796	,11.781673
1384081777807	,10.170397
1384081777820	,13.575553
1384081777831	,10.239226
1384081777842	,11.603922
1384081777852	,9.687613
1384081777865	,13.071047
1384081777875	,9.935725
1384081777885	,10.190707
1384081777904	,18.646307
1384081777918	,14.098132
1384081777928	,9.934776
1384081777939	,10.659205
1384081777950	,10.546168
1384081777960	,10.470957
1384081777970	,9.421451
1384081777979	,9.529337
1384081777990	,11.044001
1384081778001	,10.319401
1384081778011	,10.504666
1384081778027	,15.500925
1384081778037	,10.182244
1384081778050	,12.840655
1384081778061	,11.326334
1384081778071	,9.779092
1384081778081	,9.391038
1384081778090	,9.4842615
1384081778100	,9.98362
1384081778116	,15.770608
1384081778125	,9.130003
1384081778135	,9.475433
1384081778146	,10.700192
1384081778155	,9.454978
1384081778165	,9.435155
1384081778175	,10.230159
1384081778185	,10.152686
1384081778199	,13.762129
1384081778209	,10.348686
1384081778222	,12.058486
1384081778233	,11.5621395
1384081778243	,9.979597
1384081778256	,12.3885975
1384081778268	,12.090426
1384081778278	,9.750068
1384081778287	,9.753809
1384081778299	,11.530392
1384081778316	,16.481985
1384081778328	,12.000263
1384081778338	,10.24167
1384081778349	,10.958588
1384081778358	,9.081304
1384081778367	,9.279117
1384081778378	,10.926322
1384081778387	,8.960883
1384081778400	,12.583522
1384081778411	,11.005857
1384081778421	,9.548829
1384081778434	,13.729958
1384081778446	,10.998492
1384081778457	,11.529703
1384081778470	,12.423698
1384081778478	,8.341114
1384081778489	,10.604545
1384081778511	,22.594004
1384081778527	,15.347618
1384081778537	,10.739171
1384081778549	,11.316787
1384081778559	,10.459996
1384081778569	,9.780099
1384081778580	,11.101628
1384081778590	,9.90243
1384081778601	,10.545181
1384081778614	,13.16132
1384081778624	,10.159383
1384081778642	,18.116707
1384081778654	,11.558551
1384081778669	,15.221493
1384081778680	,10.501793
1384081778691	,11.053363
1384081778700	,9.055459
1384081778710	,9.846577
1384081778726	,15.819808
1384081778736	,9.666476
1384081778744	,8.874524
1384081778756	,11.513329
1384081778766	,9.592234
1384081778775	,9.190574
1384081778784	,8.897374
1384081778793	,9.0959
1384081778803	,9.775987
1384081778816	,13.4208555
1384081778828	,11.828472
1384081778841	,12.756398
1384081778853	,11.576863
1384081778867	,14.318714
1384081778878	,10.911602
1384081778890	,12.2568655
1384081778899	,9.0295725
1384081778910	,10.740857
1384081778923	,12.266964
1384081778938	,15.074664
1384081778951	,12.814996
1384081778960	,9.3321905
1384081778969	,9.2286825
1384081778979	,9.833967
1384081778990	,11.318866
1384081779000	,9.448613
1384081779009	,8.680681
1384081779025	,16.176481
1384081779034	,9.373648
1384081779046	,11.748689
1384081779059	,12.55096
1384081779070	,11.293124
1384081779082	,11.310572
1384081779092	,10.230384
1384081779101	,8.971509
1384081779123	,9.7965975
1384081779139	,16.639011
1384081779150	,10.465188
1384081779160	,9.986634
1384081779169	,9.445465
1384081779178	,8.85863
1384081779189	,10.487292
1384081779199	,10.188073
1384081779210	,10.521777
1384081779221	,11.028431
1384081779233	,12.19598
1384081779242	,9.394516
1384081779263	,20.44408
1384081779276	,13.132053
1384081779286	,9.48811
1384081779294	,8.311654
1384081779303	,8.931564
1384081779314	,10.525815
1384081779325	,11.431141
1384081779338	,12.347158
1384081779347	,9.486427
1384081779357	,10.234886
1384081779367	,10.020151
1384081779376	,8.520234
1384081779385	,9.118886
1384081779394	,8.321413
1384081779405	,11.0016985
1384081779414	,9.346917
1384081779428	,13.772511
1384081779442	,13.636275
1384081779453	,11.326392
1384081779466	,12.625619
1384081779480	,14.688853
1384081779491	,10.24269
1384081779501	,10.3332
1384081779513	,11.528165
1384081779526	,12.74618
1384081779538	,12.584822
1384081779550	,11.289073
1384081779565	,15.042262
1384081779574	,9.263598
1384081779583	,9.137153
1384081779593	,10.095653
1384081779603	,9.61974
1384081779613	,10.251561
1384081779623	,9.811826
1384081779635	,11.794149
1384081779646	,10.713541
1384081779657	,10.797337
1384081779672	,14.834796
1384081779683	,11.658048
1384081779692	,8.5822525
1384081779702	,10.4084635
1384081779713	,10.665122
1384081779724	,10.91885
1384081779739	,14.875702
1384081779752	,12.974742
1384081779763	,10.965526
1384081779773	,10.224222
1384081779783	,9.751039
1384081779793	,10.026827
1384081779802	,8.51154
1384081779815	,12.85722
1384081779825	,10.695185
1384081779838	,12.288275
1384081779851	,12.905198
1384081779869	,18.43524
1384081779882	,12.502748
1384081779893	,11.433026
1384081779903	,9.566417
1384081779913	,10.144315
1384081779922	,9.011401
1384081779933	,10.559221
1384081779945	,11.86408
1384081779955	,9.94677
1384081779966	,11.564785
1384081779977	,10.246282
1384081779986	,8.87074
1384081779995	,9.745967
1384081780005	,9.036988
1384081780014	,9.524493
1384081780023	,9.213905
1384081780033	,9.277309
1384081780046	,12.990167
1384081780062	,15.913459
1384081780073	,10.996782
1384081780086	,13.15868
1384081780099	,12.778328
1384081780109	,10.160589
1384081780121	,11.556768
1384081780134	,12.779783
1384081780145	,11.814349
1384081780154	,8.864638
1384081780165	,10.4307
1384081780176	,10.958965
1384081780185	,8.703174
1384081780195	,10.327559
1384081780203	,8.376829
1384081780212	,8.878447
1384081780221	,8.531546
1384081780231	,9.991885
1384081780242	,11.015835
1384081780254	,12.001661
1384081780264	,9.804172
1384081780274	,9.545466
1384081780290	,16.749037
1384081780303	,12.485402
1384081780313	,10.342874
1384081780325	,11.571218
1384081780335	,9.999877
1384081780352	,16.90431
1384081780365	,13.125207
1384081780377	,11.243965
1384081780386	,9.617685
1384081780398	,11.536541
1384081780408	,10.482523
1384081780418	,10.10559
1384081780431	,12.032665
1384081780442	,11.741372
1384081780453	,10.922543
1384081780467	,13.237743
1384081780482	,14.893789
1384081780504	,22.551926
1384081780516	,11.674456
1384081780528	,11.8233385
1384081780538	,10.09946
1384081780553	,14.508384
1384081780563	,9.99958
1384081780575	,12.525779
1384081780584	,8.999206
1384081780594	,9.285462
1384081780602	,8.423483
1384081780611	,9.322155
1384081780621	,9.484909
1384081780631	,10.352025
1384081780642	,10.159497
1384081780654	,12.069257
1384081780667	,13.174977
1384081780682	,14.956207
1384081780693	,11.060865
1384081780709	,15.418758
1384081780720	,11.243962
1384081780735	,14.763298
1384081780749	,13.90266
1384081780760	,11.11378
1384081780770	,9.9576
1384081780783	,13.307238
1384081780794	,10.605933
1384081780806	,11.849404
1384081780816	,9.673383
1384081780826	,10.232942
1384081780835	,8.916824
1384081780847	,11.935678
1384081780857	,9.961953
1384081780869	,12.206546
1384081780882	,13.054243
1384081780893	,10.3071375
1384081780909	,16.515133
1384081780921	,11.3273
1384081780932	,11.687993
1384081780943	,10.603831
1384081780957	,13.495956
1384081780968	,11.435508
1384081780979	,10.937455
1384081780991	,11.703888
1384081781001	,10.203708
1384081781012	,11.35964
1384081781023	,10.17746
1384081781033	,10.337116
1384081781045	,12.328912
1384081781059	,13.097792
1384081781070	,11.612401
1384081781083	,12.636745
1384081781103	,19.970026
1384081781118	,14.542631
1384081781129	,11.132121
1384081781140	,11.324165
1384081781153	,12.4234915
1384081781163	,10.407326
1384081781173	,9.593376
1384081781185	,12.607904
1384081781195	,9.562873
1384081781205	,10.258245
1384081781215	,9.557947
1384081781225	,10.27765
1384081781235	,9.484282
1384081781245	,10.358082
1384081781255	,9.824785
1384081781268	,12.164451
1384081781278	,10.36914
1384081781297	,19.169813
