1384081781323	,16.294416
1384081781336	,13.429959
1384081781354	,17.153408
1384081781367	,12.896754
1384081781378	,11.41679
1384081781391	,12.608651
1384081781403	,12.60812
1384081781415	,11.800094
1384081781426	,11.159326
1384081781438	,11.107607
1384081781449	,11.221155
1384081781461	,12.546478
1384081781476	,14.481193
1384081781488	,12.409834
1384081781507	,18.737732
1384081781521	,13.350399
1384081781537	,16.32345
1384081781550	,12.991838
1384081781566	,15.625176
1384081781579	,12.920187
1384081781592	,13.580326
1384081781607	,14.729676
1384081781619	,12.158379
1384081781632	,12.972445
1384081781645	,12.521896
1384081781658	,12.863989
1384081781670	,12.263014
1384081781681	,11.157128
1384081781694	,12.787192
1384081781714	,19.455069
1384081781733	,19.654436
1384081781746	,12.5382395
1384081781762	,16.177284
1384081781772	,9.98242
1384081781784	,11.385926
1384081781797	,13.058473
1384081781809	,11.750407
1384081781819	,10.861585
1384081781831	,11.535999
1384081781842	,11.206584
1384081781854	,11.484612
1384081781865	,11.26302
1384081781878	,12.419674
1384081781891	,13.390423
1384081781904	,12.621345
1384081781925	,21.414024
1384081781943	,17.451744
1384081781955	,12.19915
1384081781973	,17.430765
1384081781984	,11.327821
1384081782091	,106.57857
1384081782108	,17.193813
1384081782123	,15.468431
1384081782142	,18.598534
1384081782157	,15.13299
1384081782173	,16.145624
1384081782186	,12.196088
1384081782199	,13.828093
1384081782211	,11.743579
1384081782224	,12.38313
1384081782236	,11.822934
1384081782249	,13.264734
1384081782261	,11.581185
1384081782272	,11.479949
1384081782284	,12.2133665
1384081782298	,13.890006
1384081782314	,15.14684
1384081782327	,13.386594
1384081782343	,16.095613
1384081782359	,16.25949
1384081782376	,16.434639
1384081782387	,11.396506
1384081782401	,13.959407
1384081782413	,11.912316
1384081782425	,11.262356
1384081782436	,11.262091
1384081782449	,12.645667
1384081782460	,11.261832
1384081782472	,11.432828
1384081782483	,11.5174885
1384081782500	,17.108696
1384081782514	,13.744415
1384081782529	,14.727496
1384081782557	,27.729492
1384081782570	,13.347059
1384081782588	,17.751745
1384081782600	,11.84834
1384081782611	,11.297889
1384081782623	,11.377529
1384081782634	,11.71724
1384081782646	,11.955055
1384081782658	,11.677843
1384081782670	,11.94245
1384081782682	,11.674359
1384081782695	,13.436005
1384081782713	,17.807297
1384081782729	,15.509155
1384081782740	,11.521377
1384081782762	,21.678247
1384081782775	,12.95613
1384081782791	,15.365009
1384081782804	,13.201214
1384081782816	,12.122392
1384081782827	,10.875711
1384081782840	,13.013403
1384081782852	,11.949789
1384081782865	,12.600439
1384081782877	,12.067279
1384081782890	,12.744275
1384081782904	,14.773598
1384081782918	,13.926512
1384081782935	,16.471062
1384081782950	,14.829722
1384081782965	,15.385301
1384081782978	,12.440464
1384081782993	,14.626001
1384081783004	,11.517216
1384081783019	,14.624757
1384081783031	,11.836414
1384081783042	,11.267863
1384081783054	,11.627048
1384081783065	,10.786152
1384081783076	,11.321448
1384081783087	,11.131573
1384081783102	,14.330073
1384081783117	,15.101029
1384081783134	,17.184275
1384081783152	,17.540071
1384081783177	,25.074932
1384081783190	,12.946891
1384081783206	,16.035067
1384081783217	,11.1819515
1384081783229	,11.68221
1384081783239	,10.522659
1384081783251	,11.452037
1384081783262	,11.329956
1384081783274	,12.095519
1384081783285	,10.463192
1384081783297	,12.246618
1384081783312	,14.172267
1384081783329	,17.254725
1384081783343	,13.872879
1384081783355	,11.962542
1384081783367	,11.86089
1384081783392	,24.899424
1384081783402	,10.169004
1384081783415	,12.860601
1384081783427	,11.955127
1384081783439	,11.658483
1384081783452	,13.578804
1384081783465	,12.693887
1384081783477	,12.189936
1384081783489	,12.22691
1384081783501	,11.855252
1384081783517	,15.956054
1384081783529	,11.250815
1384081783547	,17.875076
1384081783561	,13.743472
1384081783576	,15.132965
1384081783597	,21.009161
1384081783610	,13.516597
1384081783621	,10.685941
1384081783637	,15.610072
1384081783647	,10.60452
1384081783659	,11.645282
1384081783671	,11.414764
1384081783682	,11.688332
1384081783693	,10.894129
1384081783705	,11.185467
1384081783719	,14.391242
1384081783732	,12.965762
1384081783746	,14.408499
1384081783766	,19.417444
1384081783780	,13.940788
1384081783805	,24.67387
1384081783818	,13.110726
1384081783830	,11.9239
1384081783840	,10.087279
1384081783852	,12.026281
1384081783863	,10.905978
1384081783875	,11.847658
1384081783885	,10.45911
1384081783897	,11.860993
1384081783909	,11.135165
1384081783924	,15.805948
1384081783946	,21.962564
1384081783960	,13.331111
1384081783971	,11.551756
1384081783985	,13.683815
1384081784009	,23.960768
1384081784022	,13.06791
1384081784036	,13.551565
1384081784048	,12.321692
1384081784060	,11.364641
1384081784073	,13.288479
1384081784084	,11.095772
1384081784097	,12.301019
1384081784108	,11.452349
1384081784126	,17.550909
1384081784136	,10.646214
1384081784152	,15.644996
1384081784165	,13.047278
1384081784178	,12.429353
1384081784189	,10.729066
1384081784204	,15.34996
1384081784221	,17.072523
1384081784233	,12.012312
1384081784247	,13.483249
1384081784260	,12.940999
1384081784270	,10.488621
1384081784283	,12.321506
1384081784293	,10.640068
1384081784305	,11.518806
1384081784317	,12.083579
1384081784334	,16.598795
1384081784349	,14.84117
1384081784362	,13.691534
1384081784378	,15.897926
1384081784392	,13.767796
1384081784418	,25.632002
1384081784433	,15.353719
1384081784444	,10.464825
1384081784455	,10.948481
1384081784465	,10.652347
1384081784477	,11.901109
1384081784488	,10.683284
1384081784500	,11.272535
1384081784510	,10.816054
1384081784523	,12.887004
1384081784535	,11.578148
1384081784548	,13.205343
1384081784565	,16.761282
1384081784579	,14.20145
1384081784592	,12.762864
1384081784606	,13.35335
1384081784620	,13.905609
1384081784632	,12.030278
1384081784644	,12.251818
1384081784657	,12.8061905
1384081784668	,11.322649
1384081784685	,16.286055
1384081784695	,10.579251
1384081784708	,12.330498
1384081784719	,11.042457
1384081784731	,12.247646
1384081784744	,12.962994
1384081784758	,14.3977165
1384081784774	,15.554643
1384081784789	,15.059756
1384081784800	,10.350271
1384081784814	,14.251321
1384081784829	,14.604601
1384081784841	,12.537587
1384081784851	,10.040986
1384081784868	,16.533195
1384081784879	,11.425131
1384081784892	,12.182721
1384081784902	,10.405382
1384081784914	,11.537072
1384081784925	,11.351975
1384081784940	,15.170387
1384081784956	,15.408714
1384081784967	,11.639226
1384081784983	,15.795747
1384081784998	,14.850507
1384081785018	,19.601635
1384081785036	,17.820019
1384081785052	,15.840707
1384081785064	,12.107444
1384081785074	,10.451308
1384081785087	,12.570095
1384081785097	,10.435249
1384081785110	,12.248766
1384081785121	,11.3657055
1384081785133	,11.680455
1384081785146	,12.844592
1384081785159	,13.171686
1384081785172	,13.333645
1384081785189	,16.82164
1384081785200	,10.891592
1384081785214	,13.46128
1384081785227	,13.540618
1384081785244	,15.9047575
1384081785257	,13.217244
1384081785269	,11.573948
1384081785280	,10.856651
1384081785292	,11.861691
1384081785303	,10.967433
1384081785315	,12.235015
1384081785327	,12.222648
1384081785341	,13.892191
1384081785356	,15.255732
1384081785369	,11.948756
1384081785378	,9.891068
1384081785395	,16.809008
1384081785408	,12.257334
1384081785425	,17.369509
1384081785436	,10.758588
1384081785449	,12.848991
1384081785459	,9.992206
1384081785470	,11.336919
1384081785484	,13.372461
1384081785495	,11.5575905
1384081785506	,10.589376
1384081785518	,11.549492
1384081785530	,12.046989
1384081785542	,12.470191
1384081785554	,12.165787
1384081785569	,14.845702
1384081785580	,10.654914
1384081785596	,15.754312
1384081785612	,15.590925
1384081785628	,16.597723
1384081785643	,14.745954
1384081785662	,19.43148
1384081785673	,10.22361
1384081785684	,10.921332
1384081785694	,10.581462
1384081785706	,11.688593
1384081785717	,10.968773
1384081785729	,12.225987
1384081785741	,11.960095
1384081785756	,14.976067
1384081785771	,14.2034025
1384081785785	,14.516425
1384081785802	,16.986553
1384081785815	,12.999957
1384081785828	,12.530629
1384081785841	,12.422265
1384081785858	,17.907232
1384081785873	,14.463046
1384081785883	,10.097844
1384081785895	,11.754823
1384081785905	,10.445513
1384081785920	,14.04954
1384081785931	,11.84396
1384081785947	,15.474508
1384081785961	,14.077993
1384081785976	,14.304269
1384081785986	,10.25837
1384081786000	,13.960312
1384081786012	,11.927139
1384081786026	,14.422999
1384081786039	,12.296547
1384081786051	,12.033868
1384081786063	,11.962668
1384081786075	,12.642041
1384081786087	,11.742666
1384081786103	,15.462161
1384081786114	,11.086632
1384081786126	,12.005709
1384081786137	,11.101707
1384081786149	,12.164311
1384081786163	,13.153931
1384081786179	,16.33041
1384081786191	,11.964622
1384081786204	,13.019297
1384081786216	,11.832569
1384081786233	,16.985909
1384081786248	,14.493057
1384081786266	,18.390312
1384081786279	,13.130801
1384081786291	,12.199725
1384081786303	,11.0488615
1384081786314	,11.641822
1384081786325	,10.888485
1384081786337	,12.054516
1384081786348	,10.992095
1384081786363	,14.256787
1384081786376	,13.6980505
1384081786388	,11.329094
1384081786407	,19.299347
1384081786420	,12.864524
1384081786434	,14.034761
1384081786447	,12.429772
1384081786459	,12.1783
1384081786475	,16.057459
1384081786487	,11.560337
1384081786499	,11.785308
1384081786509	,10.6485615
1384081786521	,11.67404
1384081786536	,15.3472185
1384081786549	,12.833793
1384081786565	,15.187508
1384081786584	,19.160204
1384081786596	,12.538338
1384081786608	,11.972453
1384081786620	,11.816315
1384081786636	,15.520838
1384081786647	,10.934352
1384081786658	,11.515149
1384081786672	,13.612731
1384081786685	,12.606989
1384081786695	,9.83736
1384081786711	,16.045446
1384081786722	,10.888541
1384081786734	,11.715641
1384081786745	,11.042878
1384081786756	,11.614194
1384081786770	,13.746501
1384081786784	,14.20742
1384081786799	,14.043548
1384081786812	,12.992889
1384081786822	,10.88427
1384081786841	,18.511839
1384081786852	,10.5675535
1384081786865	,13.67588
1384081786886	,20.686377
1384081786898	,11.418276
1384081786908	,10.7054825
1384081786920	,11.273441
1384081786930	,9.954635
1384081786941	,11.485578
1384081786952	,10.481297
1384081786964	,12.015905
1384081786975	,11.266974
1384081786988	,13.072272
1384081787001	,12.39404
1384081787016	,15.28126
1384081787028	,11.558179
1384081787045	,17.180851
1384081787056	,11.260252
1384081787068	,11.463338
1384081787082	,14.54342
1384081787095	,12.678665
1384081787105	,10.187075
1384081787116	,10.881444
1384081787126	,9.568044
1384081787137	,11.306121
1384081787150	,12.875848
1384081787163	,12.762408
1384081787178	,14.927446
1384081787194	,15.90828
1384081787206	,11.646311
1384081787218	,12.421581
1384081787231	,12.200049
1384081787247	,16.359953
1384081787258	,10.946933
1384081787269	,11.267593
1384081787282	,12.310363
1384081787296	,14.664043
1384081787307	,10.295411
1384081787321	,14.033452
1384081787334	,12.986086
1384081787347	,12.693766
1384081787358	,11.518679
1384081787374	,15.876123
1384081787387	,12.991373
1384081787401	,13.426186
1384081787414	,13.077992
1384081787428	,13.758247
1384081787441	,13.582245
1384081787458	,16.629639
1384081787469	,11.4240265
1384081787482	,12.357996
1384081787501	,19.537966
1384081787515	,13.812431
1384081787527	,11.825547
1384081787540	,12.244163
1384081787551	,11.276385
1384081787564	,13.449613
1384081787580	,15.409777
1384081787595	,15.082126
1384081787607	,11.554226
1384081787626	,19.490685
1384081787640	,13.887566
1384081787656	,16.231285
1384081787668	,11.170659
1384081787680	,12.035344
1384081787693	,12.952578
1384081787710	,17.05537
1384081787721	,10.691435
1384081787732	,11.583255
1384081787743	,10.596856
1384081787755	,12.163186
1384081787769	,13.772705
1384081787785	,16.259138
1384081787801	,15.530449
1384081787815	,14.3137865
1384081787828	,13.034245
1384081787842	,13.171742
1384081787858	,16.461767
1384081787872	,13.571733
1384081787884	,11.903127
1384081787898	,13.862981
1384081787912	,13.9181185
1384081787925	,12.897783
1384081787936	,11.0296135
1384081787951	,15.048745
1384081787963	,11.955828
1384081787977	,14.082695
1384081787990	,13.015715
1384081788004	,13.624805
1384081788017	,13.30808
1384081788032	,14.496129
1384081788046	,14.52864
1384081788061	,14.91958
1384081788076	,14.726857
1384081788091	,15.006164
1384081788105	,13.592953
1384081788125	,19.91054
1384081788136	,11.201763
1384081788149	,12.606006
1384081788160	,11.520426
1384081788174	,13.418474
1384081788187	,13.344329
1384081788202	,15.353706
1384081788215	,12.948177
1384081788229	,13.005148
1384081788240	,11.164521
1384081788262	,22.481312
1384081788275	,13.000665
1384081788288	,12.125247
1384081788299	,11.734785
1384081788314	,14.5207205
1384081788337	,22.929945
1384081788350	,13.518213
1384081788362	,11.0375395
1384081788378	,16.09273
1384081788392	,14.4576435
1384081788407	,14.275876
1384081788419	,12.175992
1384081788434	,14.954865
1384081788446	,12.0364485
1384081788461	,15.043369
1384081788474	,12.74259
1384081788487	,12.650646
1384081788498	,11.031831
1384081788509	,11.781621
1384081788523	,13.060861
1384081788535	,12.589486
1384081788550	,14.2945
1384081788565	,15.337284
1384081788576	,11.406613
1384081788589	,12.833666
1384081788605	,15.655423
1384081788619	,14.155394
1384081788631	,11.936604
1384081788645	,13.164174
1384081788657	,12.40699
1384081788671	,13.908236
1384081788686	,15.323288
1384081788699	,12.539686
1384081788714	,15.397484
1384081788729	,14.929989
1384081788743	,13.903667
1384081788759	,15.707587
1384081788771	,11.365239
1384081788784	,13.106767
1384081788798	,14.038705
1384081788813	,15.31757
1384081788825	,11.753378
1384081788839	,13.376318
1384081788850	,11.267017
1384081788871	,21.031784
1384081788884	,13.327794
1384081788896	,11.812214
1384081788907	,10.917807
1384081788919	,11.476236
1384081788931	,11.966884
1384081788944	,13.017429
1384081788956	,12.432611
1384081788970	,14.000507
1384081788981	,10.884936
1384081788997	,15.818572
1384081789014	,16.688486
1384081789029	,14.987095
1384081789041	,12.095462
1384081789054	,13.096797
1384081789068	,13.899903
1384081789083	,14.68978
1384081789095	,11.61824
1384081789109	,14.114959
1384081789120	,10.838112
1384081789133	,13.210712
1384081789145	,11.517774
1384081789157	,12.182612
1384081789177	,19.715984
1384081789193	,16.290842
1384081789207	,13.973591
1384081789221	,13.911851
1384081789233	,11.827175
1384081789246	,13.302984
1384081789258	,11.940179
1384081789275	,16.259953
1384081789285	,10.779272
1384081789301	,15.079213
1384081789313	,12.42708
1384081789327	,13.873432
1384081789342	,14.815878
1384081789355	,13.207569
1384081789367	,12.018921
1384081789384	,17.015411
1384081789397	,12.373782
1384081789411	,14.476528
1384081789427	,15.6341505
1384081789439	,12.383262
1384081789452	,12.1823635
1384081789464	,12.182226
1384081789475	,11.201676
1384081789492	,16.826498
1384081789505	,13.016514
1384081789518	,12.654233
1384081789529	,10.744585
1384081789540	,11.741884
1384081789553	,12.9496565
1384081789566	,12.781449
1384081789580	,13.9815035
1384081789597	,16.210924
1384081789614	,17.702702
1384081789632	,17.80884
1384081789644	,11.727058
1384081789656	,12.440415
1384081789669	,12.81107
1384081789684	,14.474463
1384081789696	,11.881958
1384081789710	,13.67084
1384081789721	,11.067795
1384081789733	,11.8922415
1384081789743	,9.921103
1384081789756	,13.636822
1384081789767	,10.557603
1384081789779	,11.609415
1384081789798	,19.547424
1384081789815	,16.566406
1384081789828	,13.299436
1384081789843	,14.826758
1384081789856	,12.529011
1384081789869	,13.029587
1384081789884	,14.929644
1384081789896	,11.857047
1384081789907	,10.982434
1384081789924	,17.020254
1384081789936	,12.543392
1384081789948	,11.578246
1384081789961	,13.207727
1384081789975	,13.778965
1384081789987	,11.479474
1384081790005	,18.483177
1384081790020	,15.115
1384081790034	,13.389938
1384081790048	,13.685233
1384081790061	,13.266428
1384081790072	,11.2979
1384081790085	,12.878047
1384081790097	,11.551093
1384081790113	,15.582752
1384081790123	,10.916026
1384081790136	,12.24812
1384081790146	,10.567754
1384081790159	,12.375832
1384081790172	,13.088239
1384081790186	,14.239263
1384081790199	,12.591513
1384081790217	,17.44836
1384081790233	,16.56997
1384081790252	,19.007456
1384081790266	,13.72576
1384081790281	,14.483647
1384081790293	,12.646799
1384081790305	,11.525896
1384081790318	,12.978313
1384081790331	,13.119362
1384081790343	,11.705591
1384081790356	,12.731983
1384081790367	,11.333643
1384081790381	,13.77272
1384081790392	,11.475702
1384081790405	,12.390005
1384081790427	,22.285412
1384081790441	,13.511803
1384081790453	,12.401528
1384081790467	,13.765238
1384081790480	,12.627223
1384081790493	,13.383952
1384081790503	,10.054153
1384081790515	,11.919821
1384081790527	,11.476435
1384081790543	,16.234863
1384081790555	,12.063169
1384081790568	,12.873668
1384081790581	,12.400432
1384081790594	,13.849166
1384081790606	,11.209636
1384081790620	,14.233387
1384081790637	,17.120623
1384081790653	,15.377013
1384081790666	,12.978822
1384081790678	,12.144826
1384081790691	,12.950894
1384081790705	,13.935189
1384081790716	,11.23782
1384081790732	,16.12761
1384081790743	,10.925019
1384081790756	,12.153275
1384081790766	,10.469204
1384081790778	,11.529493
1384081790791	,13.629264
1384081790803	,11.551789
1384081790815	,11.625884
1384081790830	,15.783725
1384081790854	,23.294321
1384081790872	,17.704561
1384081790882	,10.796484
1384081790899	,16.907972
1384081790910	,10.53308
1384081790922	,12.014139
1384081790935	,12.661369
1384081790947	,12.53834
1384081790959	,11.661663
1384081790971	,12.107225
1384081790982	,10.991351
1384081790997	,14.474761
1384081791014	,17.526253
1384081791029	,14.677253
1384081791052	,22.770645
1384081791068	,15.487799
1384081791079	,11.142278
1384081791093	,14.482944
1384081791106	,12.371782
1384081791118	,12.210033
1384081791129	,10.780917
1384081791141	,12.408875
1384081791154	,12.699288
1384081791166	,11.674823
1384081791179	,13.438129
1384081791192	,12.541197
1384081791207	,14.921053
1384081791221	,13.570027
1384081791234	,13.067286
1384081791250	,15.806861
1384081791270	,20.715145
1384081791284	,13.245659
1384081791296	,12.615459
1384081791309	,12.607845
1384081791320	,11.032911
1384081791333	,12.525804
1384081791344	,11.458061
1384081791360	,16.220213
1384081791372	,11.77464
1384081791385	,12.620617
1384081791396	,11.06228
1384081791413	,17.140066
1384081791430	,16.984484
1384081791443	,12.1859
1384081791459	,16.561249
1384081791478	,18.864264
1384081791490	,12.092057
1384081791505	,14.211585
1384081791515	,10.590214
1384081791527	,12.076642
1384081791538	,10.677531
1384081791550	,12.312898
1384081791562	,11.341483
1384081791575	,13.368268
1384081791586	,10.169102
1384081791598	,12.161672
1384081791609	,10.816647
1384081791623	,14.707009
1384081791636	,12.769848
1384081791656	,19.472076
1384081791676	,19.80355
1384081791688	,11.982647
1384081791700	,11.8341465
1384081791711	,11.736211
1384081791722	,10.93548
1384081791735	,12.588722
1384081791746	,11.368736
1384081791759	,12.499264
1384081791773	,13.675974
1384081791788	,15.386151
1384081791799	,11.108649
1384081791811	,11.810414
1384081791826	,14.784167
1384081791840	,13.71791
1384081791851	,10.733037
1384081791866	,15.516349
1384081791883	,16.527733
1384081791895	,12.23002
1384081791907	,11.970961
1384081791919	,12.311262
1384081791930	,10.816346
1384081791942	,11.98398
1384081791954	,11.371483
1384081791967	,13.536233
1384081791982	,14.178404
1384081791993	,11.817695
1384081792004	,10.484063
1384081792016	,12.383114
1384081792029	,12.627463
1384081792046	,17.048592
1384081792060	,13.38325
1384081792074	,14.671416
1384081792090	,15.195804
1384081792106	,16.563585
1384081792119	,12.502971
1384081792132	,12.849357
1384081792143	,11.242361
1384081792155	,12.071322
1384081792166	,10.793425
1384081792180	,13.722656
1384081792191	,10.626235
1384081792204	,12.9503
1384081792215	,11.057226
1384081792227	,12.438495
1384081792243	,16.01983
1384081792257	,13.865709
1384081792269	,12.208729
1384081792288	,18.574167
1384081792300	,11.890929
1384081792314	,13.868877
1384081792325	,11.273549
1384081792337	,12.11453
1384081792350	,12.846542
1384081792363	,12.283553
1384081792373	,10.60685
1384081792387	,13.774541
1384081792398	,11.182465
1384081792412	,13.882409
1384081792424	,11.847068
1384081792439	,14.620628
1384081792455	,15.727277
1384081792470	,14.735762
1384081792484	,13.933629
1384081792501	,17.187614
1384081792512	,11.443578
1384081792525	,12.689281
1384081792536	,10.570104
1384081792548	,12.234447
1384081792560	,11.555245
1384081792572	,12.616828
1384081792585	,12.872858
1384081792599	,13.409266
1384081792610	,10.791299
1384081792622	,12.282603
1384081792633	,11.2108965
1384081792647	,14.026152
1384081792664	,16.94809
1384081792678	,14.075318
1384081792996	,317.72507
1384081793056	,59.927773
1384081793069	,12.377163
1384081793080	,11.07703
1384081793092	,12.512006
1384081793104	,11.263056
1384081793116	,12.140671
1384081793127	,10.997521
1384081793139	,12.255894
1384081793150	,11.031073
1384081793163	,12.476612
1384081793174	,11.015208
1384081793191	,17.122452
1384081793210	,18.384916
1384081793231	,21.079836
1384081793246	,15.675026
1384081793266	,19.493397
1384081793277	,10.689076
1384081793288	,11.118389
1384081793298	,10.379141
1384081793310	,11.554442
1384081793322	,11.575894
1384081793335	,13.108716
1384081793358	,23.23452
1384081793373	,15.294098
1384081793385	,11.22415
1384081793397	,12.188793
1384081793415	,18.088388
1384081793428	,13.035858
1384081793445	,16.291885
1384081793459	,14.612608
1384081793476	,16.99477
1384081793488	,11.371744
1384081793498	,9.943989
1384081793510	,11.709546
1384081793519	,9.813304
1384081793531	,11.547301
1384081793541	,9.882154
1384081793553	,11.555441
1384081793562	,9.838649
1384081793574	,11.661037
1384081793584	,10.069063
1384081793596	,11.634563
1384081793608	,11.576481
1384081793627	,19.254684
1384081793641	,14.197847
1384081793655	,14.191128
1384081793668	,12.859533
1384081793703	,34.62249
1384081793714	,10.640762
1384081793725	,11.313592
1384081793736	,10.388192
1384081793747	,11.400111
1384081793757	,10.081664
1384081793769	,11.723527
1384081793779	,10.206025
1384081793791	,12.218122
1384081793803	,11.352253
1384081793817	,13.771357
1384081793838	,21.563171
1384081793854	,15.761727
1384081793867	,12.369117
1384081793879	,12.407066
1384081793893	,13.9575
1384081793907	,13.885887
1384081793917	,9.58902
1384081793929	,11.837461
1384081793939	,10.450481
1384081793951	,11.962284
1384081793962	,10.548191
1384081793973	,10.79622
1384081793982	,9.744331
1384081794000	,17.767698
1384081794012	,11.76341
1384081794026	,13.713691
1384081794040	,13.967152
1384081794053	,12.924927
1384081794071	,18.581224
1384081794084	,12.765203
1384081794098	,13.354127
1384081794109	,11.621112
1384081794119	,10.021311
1384081794131	,11.088419
1384081794140	,9.724208
1384081794151	,10.963869
1384081794161	,9.876427
1384081794172	,10.85557
1384081794182	,9.71762
1384081794193	,10.968394
1384081794203	,9.476575
1384081794215	,12.769785
1384081794227	,11.448238
1384081794246	,19.26719
1384081794256	,9.876547
1384081794272	,16.067198
1384081794284	,11.987624
1384081794295	,10.999722
1384081794319	,23.137396
1384081794331	,12.20889
1384081794341	,9.894514
1384081794352	,10.695303
1384081794362	,10.015397
1384081794372	,10.776275
1384081794382	,9.709233
1384081794393	,11.156099
1384081794403	,9.68587
1384081794414	,10.561557
1384081794425	,11.197904
1384081794438	,13.278713
1384081794453	,14.421058
1384081794468	,15.389793
1384081794484	,15.476185
1384081794495	,11.346605
1384081794509	,13.527216
1384081794520	,11.02483
1384081794529	,9.4199505
1384081794541	,11.51088
1384081794552	,11.102794
1384081794563	,11.154983
1384081794573	,9.470654
1384081794584	,10.60562
1384081794593	,9.784791
1384081794604	,10.53192
1384081794614	,10.017449
1384081794642	,28.027136
1384081794659	,17.066582
1384081794676	,16.160616
1384081794695	,19.213284
1384081794706	,11.184384
1384081794722	,15.97692
1384081794733	,10.985829
1384081794742	,9.28849
1384081794753	,10.035393
1384081794762	,9.765935
1384081794772	,10.055402
1384081794782	,9.305473
1384081794792	,10.19528
1384081794801	,9.248119
1384081794812	,11.017836
1384081794822	,9.524246
1384081794833	,11.223662
1384081794845	,11.226227
1384081794863	,18.65727
1384081794877	,13.622028
1384081794890	,12.834652
1384081794901	,10.791782
1384081794912	,11.020659
1384081794925	,12.633487
1384081794946	,21.277884
1384081794957	,11.131169
1384081794968	,10.733569
1384081794977	,9.432662
1384081794988	,10.42932
1384081794997	,9.369273
1384081795008	,10.721781
1384081795017	,9.1862755
1384081795029	,11.800262
1384081795041	,12.201792
1384081795054	,12.435256
1384081795067	,12.993368
1384081795082	,14.883821
1384081795096	,14.154159
1384081795107	,11.254394
1384081795117	,9.931878
1384081795130	,12.2383175
1384081795140	,10.349529
1384081795151	,10.977983
1384081795162	,10.279238
1384081795173	,10.974025
1384081795182	,9.7792
1384081795194	,11.385957
1384081795204	,9.890199
1384081795215	,11.191431
1384081795225	,10.379646
1384081795239	,13.019033
1384081795273	,34.210342
1384081795290	,17.366076
1384081795303	,12.846268
1384081795314	,10.756905
1384081795323	,8.992526
1384081795337	,14.246443
1384081795348	,11.0596285
1384081795359	,10.503406
1384081795368	,9.094985
1384081795379	,11.023437
1384081795388	,9.160626
1384081795399	,10.815763
1384081795409	,9.212667
1384081795420	,11.162861
1384081795429	,9.437403
1384081795441	,11.374536
1384081795452	,11.296099
1384081795470	,17.692951
1384081795485	,15.570606
1384081795498	,12.242089
1384081795508	,9.754968
1384081795518	,10.333386
1384081795528	,9.794507
1384081795541	,13.6033745
1384081795555	,13.820958
1384081795567	,11.639007
1384081795581	,14.295383
1384081795593	,11.067225
1384081795602	,9.329836
1384081795613	,10.595812
1384081795622	,9.310821
1384081795634	,11.506138
1384081795644	,10.091657
1384081795655	,11.418607
1384081795666	,10.393132
1384081795686	,19.851463
1384081795699	,13.7235985
1384081795714	,14.443733
1384081795723	,9.149184
1384081795734	,10.707598
1384081795747	,12.968053
1384081795759	,12.367576
1384081795769	,9.649328
1384081795781	,12.292081
1384081795791	,9.761089
1384081795802	,10.939988
1384081795812	,9.48103
1384081795824	,12.068465
1384081795834	,10.276677
1384081795847	,13.175738
1384081795859	,11.407814
1384081795875	,15.795961
1384081795901	,25.82174
1384081795912	,11.765323
1384081795923	,10.150198
1384081795933	,10.844217
1384081795945	,11.47827
1384081795957	,11.665548
1384081795967	,9.963334
1384081795982	,15.217921
1384081795991	,9.27246
1384081796002	,10.32881
1384081796011	,9.01106
1384081796022	,10.611124
1384081796031	,9.114523
1384081796044	,13.094512
1384081796058	,13.649131
1384081796072	,14.605933
1384081796084	,11.442394
1384081796112	,27.79465
1384081796123	,11.1634445
1384081796133	,10.118426
1384081796142	,9.253533
1384081796156	,13.716597
1384081796169	,12.312342
1384081796181	,12.904368
1384081796191	,9.662326
1384081796205	,13.868076
1384081796214	,9.289598
1384081796225	,10.906197
1384081796235	,9.643599
1384081796248	,12.936162
1384081796260	,11.374774
1384081796272	,12.565155
1384081796283	,10.701881
1384081796293	,10.4287405
1384081796316	,22.17747
1384081796329	,13.380437
1384081796338	,9.276916
1384081796349	,10.258721
1384081796363	,13.900096
1384081796374	,11.405703
1384081796383	,8.856039
1384081796394	,10.947598
1384081796404	,9.435392
1384081796414	,10.617921
1384081796424	,9.242736
1384081796434	,10.723006
1384081796445	,10.396833
1384081796457	,12.0399
1384081796469	,11.780037
1384081796479	,10.298821
1384081796492	,12.353422
1384081796503	,11.027474
1384081796532	,28.97818
1384081796543	,10.905637
1384081796552	,9.561019
1384081796565	,12.311491
1384081796575	,10.2593155
1384081796587	,11.818057
1384081796596	,9.441106
1384081796607	,10.236968
1384081796616	,9.049368
1384081796626	,10.444904
1384081796635	,9.109443
1384081796648	,12.093626
1384081796658	,10.770024
1384081796670	,11.092508
1384081796681	,11.239969
1384081796691	,10.501731
1384081796701	,9.877988
1384081796714	,12.500493
1384081796729	,14.76537
1384081796741	,12.32487
1384081796750	,9.260549
1384081796761	,10.784852
1384081796771	,9.929742
1384081796784	,12.791029
1384081796796	,11.748565
1384081796806	,10.049077
1384081796815	,8.98371
1384081796826	,10.658353
1384081796837	,11.104801
1384081796848	,11.115422
1384081796859	,10.985767
1384081796871	,12.107608
1384081796881	,9.571811
1384081796892	,10.655949
1384081796901	,8.858499
1384081796914	,13.893088
1384081796926	,11.008853
1384081796945	,19.794132
1384081796956	,10.112838
1384081796967	,11.109203
1384081796979	,12.494991
1384081796992	,12.298193
1384081797002	,10.421515
1384081797013	,10.351639
1384081797022	,9.334598
1384081797033	,10.97104
1384081797042	,9.242713
1384081797055	,12.754459
1384081797066	,11.106935
1384081797078	,11.554277
1384081797089	,11.077664
1384081797103	,13.919848
1384081797114	,11.325714
1384081797126	,11.300279
1384081797141	,14.767392
1384081797156	,15.852295
1384081797166	,9.95709
1384081797176	,9.915
1384081797190	,13.801047
1384081797201	,10.705624
1384081797211	,9.425784
1384081797221	,10.116533
1384081797230	,9.317462
1384081797241	,10.515407
1384081797250	,9.307344
1384081797263	,12.940183
1384081797273	,9.83284
1384081797284	,10.910167
1384081797294	,10.360742
1384081797305	,10.363992
1384081797317	,12.703012
1384081797331	,13.26018
1384081797344	,13.560659
1384081797357	,12.602719
1384081797367	,9.7286825
1384081797377	,10.449644
1384081797389	,11.286851
1384081797403	,14.46544
1384081797413	,9.761969
1384081797424	,10.50317
1384081797434	,9.903281
1384081797444	,10.521247
1384081797454	,9.533136
1384081797466	,12.1171665
1384081797476	,9.832983
1384081797488	,12.272482
1384081797498	,9.849524
1384081797509	,11.020127
1384081797520	,10.7458105
1384081797532	,11.735507
1384081797548	,16.296425
1384081797564	,15.889008
1384081797574	,9.765403
1384081797585	,10.969732
1384081797597	,12.38417
1384081797608	,10.664283
1384081797617	,9.357798
1384081797629	,11.46006
1384081797638	,9.34966
1384081797650	,11.641186
1384081797661	,10.710265
1384081797673	,12.433073
1384081797684	,10.2998705
1384081797695	,10.881708
1384081797705	,10.308004
1384081797716	,10.73992
1384081797729	,13.535333
1384081797743	,13.789667
1384081797755	,12.062786
1384081797767	,11.519818
1384081797778	,10.961035
1384081797789	,10.626129
1384081797799	,9.859781
1384081797812	,13.711265
1384081797823	,10.157985
1384081797833	,10.520442
1384081797842	,9.32212
1384081797853	,10.788706
1384081797863	,9.843524
1384081797876	,12.6761
1384081797886	,10.317408
1384081797897	,10.479595
1384081797906	,9.057519
1384081797917	,10.9717045
1384081797930	,13.061755
1384081797944	,13.608683
1384081797955	,11.113412
1384081797965	,9.786134
1384081797974	,9.599496
1384081797986	,11.024291
1384081797995	,9.362519
1384081798010	,15.006143
1384081798023	,13.293013
1384081798034	,10.391537
1384081798043	,9.441066
1384081798054	,10.364712
1384081798067	,13.690077
1384081798080	,12.4942045
1384081798089	,9.139969
1384081798100	,10.331185
1384081798109	,9.541673
1384081798120	,10.934876
1384081798133	,12.577396
1384081798145	,11.97005
1384081798155	,10.241678
1384081798166	,10.268027
1384081798175	,9.247593
1384081798189	,13.724005
1384081798198	,9.580652
1384081798208	,10.186888
1384081798221	,12.857999
1384081798232	,10.982541
1384081798242	,9.454991
1384081798253	,10.528114
1384081798261	,8.763613
1384081798274	,12.444515
1384081798285	,11.424403
1384081798297	,11.313752
1384081798308	,11.459287
1384081798320	,11.775984
1384081798338	,17.662271
1384081798350	,12.569162
1384081798359	,8.954644
1384081798372	,12.96781
1384081798382	,9.026949
1384081798398	,16.810236
1384081798408	,9.57268
1384081798419	,10.978087
1384081798430	,11.282539
1384081798441	,10.269774
1384081798450	,8.931483
1384081798461	,10.953044
1384081798470	,9.1962805
1384081798483	,13.285031
1384081798493	,9.485417
1384081798504	,11.233917
1384081798513	,9.099338
1384081798525	,11.580025
1384081798540	,14.91939
1384081798552	,11.611175
1384081798562	,10.216636
1384081798572	,10.460081
1384081798582	,9.581612
1384081798593	,10.431117
1384081798604	,11.08282
1384081798614	,10.018984
1384081798626	,12.494662
1384081798639	,12.637687
1384081798648	,9.433995
1384081798660	,11.138996
1384081798672	,12.736676
1384081798686	,13.915619
1384081798696	,9.443913
1384081798708	,11.511444
1384081798716	,8.844185
1384081798727	,10.909154
1384081798743	,15.184012
1384081798754	,11.589873
1384081798765	,10.197916
1384081798775	,9.973983
1384081798784	,9.181446
1384081798794	,10.520151
1384081798809	,14.393161
1384081798820	,10.648746
1384081798830	,10.202274
1384081798844	,14.173418
1384081798855	,11.068004
1384081798866	,11.054701
1384081798877	,10.78285
1384081798892	,15.271262
1384081798901	,8.8335085
1384081798912	,10.396938
1384081798922	,10.145174
1384081798942	,20.331059
1384081798953	,11.033381
1384081798965	,11.667545
1384081798974	,8.821298
1384081798987	,12.903804
1384081798996	,9.216155
1384081799010	,13.800925
1384081799021	,10.969314
1384081799032	,10.901625
1384081799046	,13.729172
1384081799056	,10.3702965
1384081799067	,10.118843
1384081799078	,11.222912
1384081799091	,13.073177
1384081799103	,11.5498295
1384081799112	,9.356684
1384081799123	,10.584614
1384081799132	,9.728016
1384081799148	,15.25586
1384081799162	,13.834523
1384081799174	,12.096101
1384081799183	,9.364814
1384081799194	,10.556755
1384081799203	,9.084177
1384081799214	,11.090502
1384081799227	,13.110856
1384081799240	,13.093291
1384081799254	,13.967123
1384081799265	,10.450926
1384081799274	,8.865635
1384081799288	,14.254182
1384081799300	,12.1285515
1384081799311	,10.772024
1384081799320	,8.824502
1384081799331	,10.806428
1384081799342	,10.784818
1384081799354	,12.046984
1384081799363	,9.193863
1384081799374	,11.244858
1384081799384	,9.266619
1384081799395	,10.818005
1384081799404	,9.363309
1384081799415	,10.390917
1384081799426	,11.126981
1384081799438	,12.205893
1384081799448	,10.1598625
1384081799462	,13.368441
1384081799471	,9.562512
1384081799484	,12.98872
1384081799495	,11.015799
1384081799506	,10.81951
1384081799516	,10.004738
1384081799528	,11.280727
1384081799548	,20.653372
1384081799564	,15.816372
1384081799574	,9.661931
1384081799584	,9.996685
1384081799593	,9.343681
1384081799606	,12.049943
1384081799615	,9.138406
1384081799625	,10.057075
1384081799647	,22.454008
1384081799660	,12.045823
1384081799669	,9.441552
1384081799679	,10.253446
1384081799690	,10.8025675
1384081799701	,10.892783
1384081799711	,9.56595
1384081799721	,9.863525
1384081799730	,9.055333
1384081799741	,10.864996
1384081799755	,14.390453
1384081799769	,14.247712
1384081799779	,9.49608
1384081799789	,9.717321
1384081799799	,9.954881
1384081799809	,10.465883
1384081799818	,8.934999
1384081799829	,10.097929
1384081799838	,9.30216
1384081799852	,14.4832325
1384081799862	,9.8389015
1384081799874	,11.515886
1384081799883	,9.066984
1384081799898	,14.785711
1384081799911	,12.788961
1384081799921	,10.228844
1384081799930	,9.366778
1384081799941	,10.831084
1384081799955	,13.621861
1384081799968	,12.923493
1384081799978	,9.560063
1384081799988	,10.722038
1384081799998	,9.266719
1384081800008	,10.363719
1384081800017	,9.220179
1384081800028	,10.27774
1384081800037	,9.132503
1384081800051	,14.123775
1384081800063	,11.484069
1384081800078	,15.316433
1384081800087	,8.965892
1384081800099	,12.043109
1384081800109	,9.441081
1384081800120	,11.070312
1384081800129	,8.811375
1384081800140	,11.184809
1384081800154	,13.913504
1384081800171	,16.683811
1384081800183	,12.358592
1384081800194	,10.561455
1384081800203	,9.6834955
1384081800214	,10.517234
1384081800223	,9.401061
1384081800234	,10.663739
1384081800243	,8.812865
1384081800257	,13.495532
1384081800272	,15.857815
1384081800283	,10.556977
1384081800294	,10.794009
1384081800305	,11.339803
1384081800315	,9.600761
1384081800325	,10.236716
1384081800334	,8.8264675
1384081800345	,10.927924
1384081800356	,10.387233
1384081800372	,16.04299
1384081800383	,11.337671
1384081800394	,10.564462
1384081800402	,8.426841
1384081800413	,10.940746
1384081800423	,9.576391
1384081800433	,10.503618
1384081800442	,8.850351
1384081800453	,10.6704645
1384081800465	,11.626673
1384081800478	,13.371488
1384081800490	,11.337526
1384081800506	,15.9493265
1384081800515	,9.376434
1384081800528	,12.455704
1384081800537	,9.300501
1384081800548	,11.32738
1384081800559	,11.006768
1384081800576	,16.735752
1384081800587	,10.4735565
1384081800598	,10.7410555
1384081800606	,8.781619
1384081800617	,11.014843
1384081800627	,9.007573
1384081800638	,11.38194
1384081800647	,9.155029
1384081800658	,10.307898
1384081800674	,16.468128
1384081800686	,12.003251
1384081800695	,9.190199
1384081800713	,17.348995
1384081800723	,9.732096
1384081800734	,10.944501
1384081800742	,8.32652
1384081800753	,11.155132
1384081800765	,11.989005
1384081800784	,18.859673
1384081800794	,9.489458
1384081800804	,10.206918
1384081800813	,9.27986
1384081800824	,10.7955
1384081800836	,12.139803
1384081800847	,10.815168
1384081800856	,8.768891
1384081800867	,10.424768
1384081800879	,12.086462
1384081800892	,12.882092
1384081800904	,12.695634
1384081800917	,12.2846155
1384081800926	,9.13231
1384081800938	,11.591962
1384081800946	,8.667911
1384081800957	,10.166765
1384081800967	,10.62874
1384081800984	,16.516268
1384081800994	,10.2146015
1384081801005	,10.899123
1384081801014	,9.3944645
1384081801026	,11.417289
1384081801035	,9.3290615
1384081801046	,10.503937
1384081801055	,9.552991
1384081801067	,11.075766
1384081801078	,10.897666
1384081801093	,15.518253
1384081801107	,13.609997
1384081801120	,13.539819
1384081801130	,9.811674
1384081801142	,11.981148
1384081801152	,9.1879635
1384081801162	,10.148062
1384081801174	,11.929439
1384081801190	,16.08175
1384081801199	,9.380224
1384081801210	,10.264921
1384081801219	,9.003641
1384081801229	,10.533167
1384081801238	,9.060002
1384081801249	,10.797274
1384081801258	,8.838061
1384081801269	,10.316495
1384081801278	,9.005294
1384081801295	,16.910065
1384081801312	,17.100512
1384081801325	,13.605588
1384081801336	,10.278821
1384081801347	,11.07733
1384081801356	,9.21494
1384081801367	,11.082998
1384081801378	,10.50544
1384081801401	,23.522808
1384081801410	,8.878189
1384081801421	,10.185859
1384081801430	,9.488598
1384081801441	,10.754319
1384081801453	,12.285702
1384081801464	,10.496704
1384081801473	,8.660201
1384081801484	,10.99845
1384081801497	,13.629038
1384081801514	,16.54891
1384081801524	,10.413588
1384081801535	,10.224998
1384081801543	,8.381351
1384081801553	,9.906276
1384081801562	,8.327564
1384081801572	,10.026837
1384081801581	,9.184418
1384081801594	,13.287079
1384081801603	,9.030106
1384081801615	,11.189561
1384081801623	,8.43971
1384081801634	,10.706592
1384081801643	,9.119044
1384081801654	,10.590253
1384081801663	,9.00734
1384081801674	,10.936732
1384081801683	,9.053379
1384081801694	,10.645034
1384081801717	,23.766787
1384081801735	,17.056955
1384081801744	,9.289247
1384081801757	,12.623476
1384081801766	,8.949866
1384081801777	,11.7655945
1384081801786	,8.948321
1384081801799	,12.705156
1384081801808	,8.393311
1384081801818	,10.286904
1384081801827	,9.088797
1384081801837	,10.050576
1384081801846	,8.511548
1384081801856	,10.08838
1384081801865	,8.511121
1384081801874	,9.829708
1384081801883	,8.553218
1384081801894	,10.499055
1384081801905	,11.552647
1384081801928	,22.85607
1384081801941	,13.340173
1384081801952	,10.250005
1384081801961	,8.690053
1384081801971	,10.064634
1384081801984	,12.997474
1384081801996	,12.71994
1384081802011	,14.907482
1384081802023	,11.046555
1384081802032	,9.047572
1384081802041	,9.425231
1384081802050	,8.77947
1384081802062	,11.788372
1384081802071	,8.836267
1384081802081	,10.256397
1384081802090	,8.964042
1384081802100	,10.209488
1384081802113	,12.483111
1384081802136	,23.122862
1384081802151	,14.608144
1384081802161	,10.254305
1384081802169	,7.987441
1384081802179	,10.268417
1384081802191	,11.125449
1384081802202	,11.759765
1384081802214	,11.18355
1384081802223	,9.733235
1384081802232	,8.452111
1384081802242	,9.66171
1384081802251	,8.916833
1384081802261	,9.8421755
1384081802269	,8.373241
1384081802278	,9.344197
1384081802287	,8.75012
1384081802298	,10.603523
1384081802306	,8.0064
1384081802324	,17.64363
1384081802339	,15.729586
1384081802353	,13.937393
1384081802362	,8.14473
1384081802373	,11.082197
1384081802381	,8.187601
1384081802392	,11.325564
1384081802404	,11.734383
1384081802415	,10.884245
1384081802423	,7.808704
1384081802433	,9.515387
1384081802442	,9.24508
1384081802451	,9.064094
1384081802460	,8.998786
1384081802470	,10.166483
1384081802479	,8.628509
1384081802488	,9.063169
1384081802496	,7.780094
1384081802505	,9.295267
1384081802513	,7.87994
1384081802527	,13.49902
1384081802540	,12.81918
1384081802555	,15.088556
1384081802563	,8.283886
1384081802573	,9.570342
1384081802581	,7.852902
1384081802594	,12.931792
1384081802607	,13.506851
1384081802617	,9.741974
1384081802629	,11.574868
1384081802639	,10.489645
1384081802648	,8.623804
1384081802658	,9.670127
1384081802666	,8.13915
1384081802676	,10.316473
1384081802685	,9.025433
1384081802695	,9.729009
1384081802703	,7.861109
1384081802712	,9.464242
1384081802722	,9.815102
1384081802736	,13.519443
1384081802750	,14.248449
1384081802765	,14.55785
1384081802773	,7.993956
1384081802864	,91.501564
1384081802874	,9.722806
1384081802884	,9.754551
1384081802893	,8.619455
1384081802903	,10.204291
1384081802911	,7.823155
1384081802922	,10.984094
1384081802940	,18.186943
1384081802958	,17.29758
1384081802972	,14.704526
1384081802982	,9.77521
1384081802993	,10.43225
1384081803002	,9.593521
1384081803010	,8.051361
1384081803020	,9.29111
1384081803028	,7.727353
1384081803037	,9.048413
1384081803045	,8.627195
1384081803067	,21.352144
1384081803075	,8.694783
1384081803085	,9.819398
1384081803094	,8.818066
1384081803105	,10.642854
1384081803114	,8.791075
1384081803124	,10.250644
1384081803133	,9.105918
1384081803149	,16.104107
1384081803159	,9.726102
1384081803177	,17.72362
1384081803186	,8.517618
1384081803195	,9.125472
1384081803203	,8.422681
1384081803214	,10.898279
1384081803223	,8.64259
1384081803233	,10.210141
1384081803245	,11.707366
1384081803261	,16.259716
1384081803279	,17.241535
1384081803288	,9.25174
1384081803299	,10.505199
1384081803308	,9.590168
1384081803316	,8.015087
1384081803326	,10.113568
1384081803337	,10.832595
1384081803356	,18.489332
1384081803368	,11.716698
1384081803385	,17.481306
1384081803396	,10.736558
1384081803407	,10.701385
1384081803416	,9.028753
1384081803427	,10.780025
1384081803436	,8.9884205
1384081803447	,10.810515
1384081803456	,9.803489
1384081803470	,13.921718
1384081803488	,17.580185
1384081803497	,9.400108
1384081803505	,7.789797
1384081803515	,10.006945
1384081803524	,8.571685
1384081803535	,10.823656
1384081803544	,8.541782
1384081803568	,23.929287
1384081803578	,10.065447
1384081803593	,15.497482
1384081803604	,10.488421
1384081803614	,10.40943
1384081803623	,8.828531
1384081803633	,9.912194
1384081803642	,8.636064
1384081803652	,9.768145
1384081803660	,8.194846
1384081803673	,13.572863
1384081803688	,14.214586
1384081803698	,10.278331
1384081803706	,7.8958607
1384081803716	,9.88922
1384081803724	,8.393307
1384081803735	,10.081342
1384081803744	,9.255207
1384081803755	,10.567881
1384081803766	,11.475179
1384081803778	,11.707852
1384081803787	,8.83357
1384081803800	,13.364373
1384081803808	,7.913418
1384081803817	,9.30147
1384081803826	,8.869251
1384081803836	,9.757126
1384081803845	,8.480277
1384081803855	,10.016877
1384081803865	,10.056494
1384081803879	,14.266206
1384081803892	,12.333788
1384081803903	,10.8730955
1384081803913	,10.652219
1384081803923	,9.785276
1384081803931	,8.251718
1384081803942	,10.956454
1384081803951	,8.987335
1384081803964	,12.828754
1384081803978	,13.611297
1384081803987	,8.745939
1384081803994	,7.377709
1384081804009	,14.275043
1384081804016	,7.638538
1384081804026	,9.946139
1384081804034	,8.031116
1384081804044	,9.467277
1384081804052	,8.07868
1384081804062	,10.344878
1384081804070	,7.758586
1384081804085	,15.041161
1384081804098	,12.336381
1384081804109	,10.853371
1384081804117	,8.542523
1384081804128	,10.3790045
1384081804137	,9.290828
1384081804147	,10.303883
1384081804158	,10.165049
1384081804171	,13.123457
1384081804184	,13.34716
1384081804195	,11.149991
1384081804210	,14.630424
1384081804223	,12.698595
1384081804232	,8.71068
1384081804241	,9.768208
1384081804250	,8.228931
1384081804260	,10.544268
1384081804269	,8.6118
1384081804280	,10.882583
1384081804290	,10.016492
1384081804304	,13.731191
1384081804313	,8.748888
1384081804323	,10.740944
1384081804333	,9.030808
1384081804344	,11.067366
1384081804353	,8.894068
1384081804365	,12.651749
1384081804375	,9.974607
1384081804388	,12.345624
1384081804396	,8.612697
1384081804407	,10.920931
1384081804421	,13.776375
1384081804431	,10.167115
1384081804440	,8.901186
1384081804450	,9.778456
1384081804459	,8.89751
1384081804469	,10.069466
1384081804479	,9.689549
1384081804498	,18.824198
1384081804509	,10.999815
1384081804520	,10.7900305
1384081804530	,9.949932
1384081804540	,10.296323
1384081804549	,8.825333
1384081804561	,11.583196
1384081804573	,11.823917
1384081804582	,9.601711
1384081804597	,14.814305
1384081804608	,10.715799
1384081804617	,9.046117
1384081804631	,13.566083
1384081804640	,8.883211
1384081804650	,10.547877
1384081804659	,8.717956
1384081804670	,10.662833
1384081804679	,8.723193
1384081804690	,11.855176
1384081804704	,13.481908
1384081804717	,12.486499
1384081804726	,9.617951
1384081804737	,10.471336
1384081804747	,9.905351
1384081804758	,11.253629
1384081804769	,11.277636
1384081804781	,11.966953
1384081804790	,8.849253
1384081804810	,20.087889
1384081804819	,8.715981
1384081804838	,18.33804
1384081804847	,8.939626
1384081804857	,10.438109
1384081804866	,8.826674
1384081804876	,10.219849
1384081804886	,9.207643
1384081804897	,11.638871
1384081804909	,11.453012
1384081804921	,12.353989
1384081804930	,8.682628
1384081804940	,10.536748
1384081804949	,8.656734
1384081804960	,10.600931
1384081804970	,10.402789
1384081804981	,10.824415
1384081804990	,8.93667
1384081805001	,10.43192
1384081805011	,10.257802
1384081805022	,10.4547
1384081805031	,9.415453
1384081805048	,16.534124
1384081805056	,8.806184
1384081805067	,10.508952
1384081805076	,8.729045
1384081805086	,10.228029
1384081805095	,9.034376
1384081805113	,18.164513
1384081805123	,9.719097
1384081805134	,10.736129
1384081805146	,12.117794
1384081805157	,11.14083
1384081805166	,8.950183
1384081805180	,13.26132
1384081805191	,11.007143
1384081805201	,10.701406
1384081805215	,13.071235
1384081805226	,10.996071
1384081805235	,9.080601
1384081805246	,11.472225
1384081805257	,10.223005
1384081805267	,10.6612425
1384081805276	,9.052366
1384081805287	,10.462586
1384081805296	,9.279156
1384081805312	,16.029324
1384081805324	,11.213715
1384081805334	,10.304466
1384081805347	,12.752231
1384081805357	,10.370267
1384081805368	,11.085107
1384081805382	,13.52716
1384081805392	,9.46799
1384081805404	,12.043638
1384081805413	,9.052808
1384081805432	,19.636011
1384081805441	,8.57483
1384081805457	,16.135315
1384081805468	,10.916522
1384081805479	,10.908517
1384081805488	,8.81788
1384081805499	,11.294296
1384081805511	,11.294792
1384081805524	,13.442291
1384081805534	,9.248318
1384081805544	,10.427171
1384081805553	,9.2628565
1384081805564	,10.853654
1384081805574	,9.675545
1384081805587	,13.312636
1384081805596	,8.81289
1384081805607	,10.566007
1384081805615	,8.432577
1384081805626	,10.353556
1384081805635	,9.434966
1384081805646	,10.624154
1384081805656	,9.621991
1384081805669	,12.875338
1384081805678	,9.485097
1384081805689	,10.335139
1384081805697	,8.037529
1384081805707	,10.331012
1384081805717	,10.2294855
1384081805732	,14.426269
1384081805740	,8.242742
1384081805751	,10.378933
1384081805761	,10.610653
1384081805772	,11.016439
1384081805782	,9.293067
1384081805792	,10.193616
1384081805800	,7.982992
1384081805810	,10.273993
1384081805819	,8.802567
1384081805830	,10.813961
1384081805844	,14.109485
1384081805855	,10.412307
1384081805864	,8.872392
1384081805878	,14.823363
1384081805887	,8.427837
1384081805898	,10.616816
1384081805907	,9.11565
1384081805921	,14.533644
1384081805934	,11.978931
1384081805944	,10.480619
1384081805953	,9.383829
1384081805965	,11.708051
1384081805976	,10.949829
1384081805990	,13.225996
1384081805999	,9.505232
1384081806009	,10.115333
1384081806018	,9.024997
1384081806030	,11.529139
1384081806043	,12.924455
1384081806056	,13.226232
1384081806066	,9.353518
1384081806076	,10.637108
1384081806091	,14.463262
1384081806102	,11.006235
1384081806111	,8.64837
1384081806123	,12.761665
1384081806133	,9.193221
1384081806144	,10.783361
1384081806152	,8.800434
1384081806162	,9.601342
1384081806174	,11.7870655
1384081806186	,12.134328
1384081806197	,10.427596
1384081806207	,9.975293
1384081806215	,8.410092
1384081806226	,10.733523
1384081806235	,9.260166
1384081806247	,11.244636
1384081806259	,11.929892
1384081806272	,13.499484
1384081806282	,9.445428
1384081806295	,13.663569
1384081806304	,9.102788
1384081806316	,11.383935
1384081806332	,16.407291
1384081806344	,11.884638
1384081806358	,14.013574
1384081806369	,10.245923
1384081806379	,10.554637
1384081806393	,13.992337
1384081806403	,9.39356
1384081806413	,10.037236
1384081806422	,9.04447
1384081806433	,10.901444
1384081806442	,8.540183
1384081806453	,11.155545
1384081806466	,13.118322
1384081806478	,11.581976
1384081806487	,9.332273
1384081806500	,12.542839
1384081806510	,10.79633
1384081806521	,10.373172
1384081806535	,13.935141
1384081806547	,12.548558
1384081806556	,8.509543
1384081806567	,10.869892
1384081806578	,11.289602
1384081806590	,11.360675
1384081806602	,12.542837
1384081806613	,10.804629
1384081806622	,8.82785
1384081806636	,13.311765
1384081806646	,9.938708
1384081806657	,11.385574
1384081806673	,16.105314
1384081806684	,10.835216
1384081806693	,9.377484
1384081806705	,11.626028
1384081806717	,11.946632
1384081806729	,11.835222
1384081806743	,13.900759
1384081806754	,10.812222
1384081806763	,9.265399
1384081806775	,11.476132
1384081806785	,10.284747
1384081806796	,10.921275
1384081806807	,10.852831
1384081806819	,11.592107
1384081806828	,9.531368
1384081806839	,10.601537
1384081806848	,9.335698
1384081806859	,10.7516
1384081806869	,9.945495
1384081806880	,11.339803
1384081806892	,11.582026
1384081806904	,12.082921
1384081806916	,12.034397
1384081806928	,11.5312
1384081806946	,17.613703
1384081806958	,12.390836
1384081806969	,11.2807865
1384081806980	,10.831964
1384081806991	,10.507512
1384081807004	,12.971304
1384081807014	,10.047155
1384081807025	,10.811215
1384081807034	,9.004877
1384081807045	,10.591667
1384081807055	,10.470368
1384081807066	,10.79665
1384081807076	,9.687593
1384081807090	,13.834468
1384081807099	,9.108344
1384081807110	,11.005105
1384081807120	,10.4420185
1384081807135	,14.087518
1384081807147	,12.097993
1384081807159	,12.533291
1384081807168	,8.894801
1384081807180	,11.866633
1384081807191	,11.235018
1384081807204	,12.093485
1384081807217	,13.544198
1384081807228	,10.413086
1384081807236	,7.9435973
1384081807246	,10.761386
1384081807256	,9.210964
1384081807267	,10.90331
1384081807279	,11.876523
1384081807290	,11.044382
1384081807304	,14.307306
1384081807314	,9.894317
1384081807324	,9.609674
1384081807342	,18.139956
1384081807353	,11.121377
1384081807365	,12.128969
1384081807375	,9.652234
1384081807387	,12.313987
1384081807399	,11.3538475
1384081807410	,11.369878
1384081807421	,10.214117
1384081807431	,10.65763
1384081807440	,8.87095
1384081807451	,10.427627
1384081807460	,8.855789
1384081807472	,11.988989
1384081807481	,9.350167
1384081807492	,10.600957
1384081807503	,11.21778
1384081807513	,10.355111
1384081807523	,9.691231
1384081807536	,12.46303
1384081807549	,12.740358
1384081807566	,17.401548
1384081807575	,8.948557
1384081807590	,15.04261
1384081807601	,10.919359
1384081807615	,13.843531
1384081807624	,8.62794
1384081807633	,9.210044
1384081807641	,7.766947
1384081807650	,9.4107685
1384081807658	,7.614921
1384081807668	,10.30969
1384081807678	,9.363955
1384081807688	,10.152547
1384081807697	,9.29429
1384081807710	,12.222604
1384081807719	,9.158291
1384081807729	,10.614033
1384081807739	,9.768141
1384081807755	,15.706624
1384081807769	,13.71947
1384081807780	,10.798044
1384081807789	,9.42689
1384081807802	,12.899601
1384081807814	,11.780286
1384081807827	,12.705681
1384081807835	,8.038448
1384081807844	,9.572838
1384081807853	,8.668863
1384081807864	,10.711103
1384081807873	,9.307324
1384081807884	,10.578741
1384081807896	,12.525053
1384081807908	,11.738959
1384081807921	,12.914515
1384081807932	,10.631675
1384081807941	,9.301624
1384081807952	,10.595533
1384081807970	,18.253454
1384081807982	,11.837974
1384081807991	,8.558836
1384081808002	,11.149343
1384081808012	,9.526991
1384081808023	,11.179676
1384081808033	,10.328382
1384081808045	,11.852072
1384081808054	,9.083899
1384081808065	,10.971534
1384081808074	,8.772083
1384081808086	,11.484492
1384081808095	,8.798717
1384081808106	,11.011633
1384081808116	,10.608522
1384081808128	,12.124582
1384081808138	,9.993163
1384081808151	,12.007027
1384081808159	,8.435411
1384081808172	,12.727916
1384081808188	,15.8945265
1384081808201	,13.352439
1384081808212	,10.868775
1384081808224	,12.372031
1384081808236	,11.081156
1384081808246	,10.7440195
1384081808255	,8.567405
1384081808265	,10.239619
1384081808274	,8.606893
1384081808284	,10.001357
1384081808295	,10.623972
1384081808306	,11.114511
1384081808316	,10.125249
1384081808327	,10.919482
1384081808336	,8.814656
1384081808347	,10.8108425
1384081808357	,10.329784
1384081808370	,12.587026
1384081808384	,14.042162
1384081808395	,10.744584
1384081808404	,9.127563
1384081808415	,11.405267
1384081808428	,12.03005
1384081808438	,10.838949
1384081808453	,14.865227
1384081808464	,10.457953
1384081808473	,8.822459
1384081808484	,11.353855
1384081808496	,12.086143
1384081808510	,13.34186
1384081808519	,9.55689
1384081808530	,10.639793
1384081808545	,14.799387
1384081808559	,13.759792
1384081808569	,10.084799
1384081808587	,17.899355
1384081808600	,12.663517
1384081808612	,12.3542595
1384081808621	,8.957067
1384081808633	,11.836306
1384081808644	,10.609428
1384081808654	,10.852639
1384081808663	,9.016245
1384081808674	,10.611281
1384081808683	,8.904321
1384081808694	,10.751654
1384081808703	,9.47707
1384081808715	,11.01534
1384081808726	,11.087302
1384081808741	,15.629675
1384081808756	,14.956126
1384081808768	,11.452295
1384081808779	,10.791112
1384081808790	,11.214573
1384081808808	,17.446745
1384081808824	,16.820347
1384081808838	,13.762861
1384081808850	,12.207587
1384081808861	,10.012053
1384081808871	,10.736083
1384081808881	,9.179753
1384081808891	,10.760056
1384081808901	,9.322741
1384081808912	,10.892097
1384081808921	,9.561205
1384081808932	,11.060379
1384081808943	,10.713961
1384081808955	,11.502511
1384081808969	,13.6934
1384081808980	,11.707482
1384081808990	,10.041747
1384081809004	,13.366715
1384081809015	,11.550592
1384081809027	,11.278804
1384081809040	,12.808954
1384081809050	,10.628427
1384081809061	,10.341241
1384081809071	,10.643082
1384081809080	,8.627975
1384081809091	,10.473834
1384081809100	,8.8491535
1384081809112	,12.568723
1384081809122	,9.385684
1384081809135	,13.69677
1384081809145	,9.799813
1384081809162	,16.39233
1384081809176	,13.841912
1384081809190	,14.369578
1384081809201	,10.973835
1384081809216	,14.595988
1384081809227	,10.904121
1384081809238	,11.134671
1384081809248	,10.398232
1384081809260	,11.474844
1384081809269	,8.9988575
1384081809280	,11.028119
1384081809290	,9.763601
1384081809301	,11.275723
1384081809310	,9.141637
1384081809321	,10.9484625
1384081809332	,10.864675
1384081809344	,11.321801
1384081809354	,10.686061
1384081809366	,11.960724
1384081809380	,13.254512
1384081809391	,11.476849
1384081809401	,9.252766
1384081809416	,15.342676
1384081809432	,15.616909
1384081809450	,18.486868
1384081809459	,9.048272
1384081809470	,11.02621
1384081809480	,9.283407
1384081809491	,10.825171
1384081809499	,8.770762
1384081809511	,11.309706
1384081809520	,9.465895
1384081809532	,11.371579
1384081809541	,9.588747
1384081809553	,11.255766
1384081809563	,10.244029
1384081809574	,10.416466
1384081809585	,11.097626
1384081809598	,12.999878
1384081809608	,9.880706
1384081809621	,12.839374
1384081809632	,11.197685
1384081809645	,13.453616
1384081809656	,10.179774
1384081809669	,12.784547
1384081809678	,9.883851
1384081809689	,10.104841
1384081809698	,9.357202
1384081809710	,11.403787
1384081809719	,9.24288
1384081809733	,14.149177
1384081809744	,10.9299555
1384081809760	,16.17976
1384081809773	,12.577608
1384081809785	,12.160457
1384081809799	,13.598269
1384081809810	,10.901348
1384081809819	,8.8605385
1384081809831	,11.959732
1384081809843	,12.256234
1384081809855	,11.555705
1384081809863	,7.963798
1384081809872	,9.679059
1384081809881	,8.899978
1384081809895	,13.980316
1384081809905	,10.040142
1384081809917	,11.445398
1384081809927	,9.691804
1384081809939	,12.42046
1384081809949	,9.977618
1384081809960	,11.067053
1384081809972	,11.930154
1384081809988	,15.532291
1384081810002	,13.905038
1384081810013	,11.360926
1384081810023	,9.662119
1384081810039	,16.271416
1384081810061	,21.385328
1384081810072	,10.96243
1384081810082	,10.139352
1384081810092	,10.294709
1384081810104	,11.507644
1384081810118	,14.042617
1384081810129	,11.2081585
1384081810140	,10.703996
1384081810150	,9.647439
1384081810162	,12.357609
1384081810172	,9.554703
1384081810187	,15.178685
1384081810198	,10.612208
1384081810215	,17.455381
1384081810226	,10.356715
1384081810240	,14.138336
1384081810253	,13.456818
1384081810266	,13.041541
1384081810277	,10.422439
1384081810288	,10.928791
1384081810297	,8.799653
1384081810308	,11.2010355
1384081810318	,9.484143
1384081810329	,11.339619
1384081810339	,9.836161
1384081810351	,12.355498
1384081810362	,10.620676
1384081810374	,11.755295
1384081810386	,11.974424
1384081810400	,13.868372
1384081810414	,13.772204
1384081810426	,12.428168
1384081810436	,9.616031
1384081810448	,12.355403
1384081810462	,14.193169
1384081810474	,11.196078
1384081810483	,8.834078
1384081810493	,9.983626
1384081810501	,8.578733
1384081810512	,10.70725
1384081810521	,8.873301
1384081810533	,11.9107275
1384081810543	,9.692084
1384081810554	,10.936237
1384081810563	,9.542406
1384081810574	,11.065053
1384081810586	,11.708555
1384081810603	,16.299637
1384081810614	,11.296797
1384081810630	,15.60159
1384081810639	,9.546401
1384081810654	,14.940631
1384081810666	,12.011714
1384081810681	,15.199211
1384081810691	,9.199078
1384081810704	,12.84046
1384081810712	,8.722101
1384081810723	,10.281648
1384081810732	,9.240158
1384081810743	,10.680289
1384081810753	,9.85652
1384081810763	,10.610399
1384081810773	,9.7195215
1384081810785	,12.172643
1384081810794	,8.448501
1384081810807	,13.299969
1384081810819	,12.106061
1384081810834	,14.286301
1384081810844	,9.761464
1384081810856	,11.90907
1384081810867	,10.198201
1384081810880	,13.275943
1384081810888	,8.071981
1384081810898	,9.353137
1384081810907	,9.754098
1384081810917	,9.793556
1384081810925	,7.899308
1384081810936	,10.317625
1384081810944	,8.262132
1384081810954	,10.198486
1384081810964	,9.6939745
1384081810976	,12.191936
1384081810990	,13.643244
1384081811000	,10.074052
1384081811016	,15.593904
1384081811028	,12.65223
1384081811043	,14.371809
1384081811053	,10.682167
1384081811062	,8.930294
1384081811075	,12.90772
1384081811085	,9.842708
1384081811095	,9.284156
1384081811103	,7.865334
1384081811112	,9.818931
1384081811120	,7.8233232
1384081811131	,10.393447
1384081811139	,8.281116
1384081811149	,10.190115
1384081811158	,8.93767
1384081811169	,10.5789175
1384081811177	,8.207816
1384081811190	,12.403968
1384081811201	,11.14064
1384081811216	,15.035479
1384081811225	,8.46439
1384081811237	,12.864201
1384081811250	,12.36997
1384081811260	,10.259333
1384081811275	,14.762698
1384081811287	,11.449861
1384081811296	,9.225537
1384081811306	,10.220108
1384081811317	,10.532325
1384081811326	,9.403668
1384081811335	,8.851008
1384081811345	,9.450439
1384081811353	,7.981746
1384081811362	,9.532408
1384081811371	,8.885632
1384081811382	,10.59076
1384081811392	,9.636551
1384081811404	,11.91609
1384081811413	,9.115095
1384081811428	,15.039511
1384081811439	,11.156794
1384081811452	,13.129756
1384081811460	,8.054393
1384081811472	,11.944742
1384081811480	,7.868298
1384081811491	,10.808469
1384081811500	,8.60139
1384081811510	,9.989182
1384081811518	,8.167328
1384081811528	,9.365527
1384081811535	,7.930027
1384081811545	,9.918607
1384081811554	,8.016156
1384081811563	,9.658854
1384081811572	,8.91915
1384081811585	,12.916985
1384081811597	,11.426207
1384081811608	,10.913835
1384081811623	,15.349761
1384081811638	,15.120297
1384081811650	,11.569242
1384081811661	,10.997089
1384081811669	,8.15991
1384081811684	,14.540769
1384081811692	,7.980606
1384081811701	,9.184542
1384081811711	,9.745022
1384081811720	,9.415069
1384081811729	,8.193573
1384081811740	,10.999938
1384081811749	,9.083548
1384081811760	,10.710655
1384081811768	,8.381263
1384081811779	,10.525047
1384081811787	,8.101943
1384081811800	,13.271356
1384081811811	,10.813226
1384081811822	,11.301839
1384081811835	,12.451223
1384081811846	,11.406968
1384081811857	,10.431764
1384081811866	,9.359385
1384081811874	,8.162261
1384081811888	,13.936039
1384081811899	,10.065402
1384081811909	,10.691284
1384081811921	,11.357156
1384081811931	,10.562857
1384081811940	,8.356322
1384081811950	,10.387534
1384081811959	,8.290694
1384081811969	,10.920503
1384081811979	,8.99118
1384081811989	,10.5510435
1384081812001	,11.382159
1384081812012	,11.093768
1384081812021	,8.852286
1384081812036	,15.211176
1384081812046	,10.288704
1384081812058	,11.30253
1384081812067	,9.397194
1384081812078	,11.234462
1384081812088	,9.569249
1384081812098	,9.584425
1384081812106	,8.448461
1384081812117	,10.894767
1384081812126	,9.11119
1384081812136	,9.29078
1384081812143	,7.521479
1384081812153	,9.715446
1384081812161	,8.37231
1384081812172	,10.077124
1384081812180	,8.5706005
1384081812193	,12.332968
1384081812204	,11.229082
1384081812214	,10.383101
1384081812226	,11.6272135
1384081812244	,17.559408
1384081812252	,8.537107
1384081812266	,14.249642
1384081812277	,10.079331
1384081812288	,11.750635
1384081812300	,11.094892
1384081812310	,10.331899
1384081812320	,9.715985
1384081812329	,9.358131
1384081812337	,8.078708
1384081812347	,9.616555
1384081812356	,8.516623
1384081812366	,10.0510845
1384081812374	,8.3201685
1384081812384	,9.82884
1384081812392	,8.4687
1384081812404	,11.635242
1384081812415	,10.468262
1384081812425	,10.222536
1384081812436	,11.367763
1384081812450	,13.129761
1384081812457	,7.708677
1384081812471	,13.3473015
1384081812482	,10.833434
1384081812492	,10.253455
1384081812503	,11.2744
1384081812514	,10.35257
1384081812526	,11.786185
1384081812540	,14.888715
1384081812548	,7.408295
1384081812558	,9.750654
1384081812567	,9.458017
1384081812577	,9.917274
1384081812585	,8.0346985
1384081812595	,10.117172
1384081812605	,9.343669
1384081812616	,11.261007
1384081812626	,9.364784
1384081812637	,11.643712
1384081812648	,11.014641
1384081812663	,14.08279
1384081812671	,8.574639
1384081812683	,11.479763
1384081812691	,8.443617
1384081812701	,9.686445
1384081812709	,8.336773
1384081812719	,9.976556
1384081812728	,8.079546
1384081812738	,10.906327
1384081812748	,9.093397
1384081812757	,9.596531
1384081812765	,7.7890325
1384081812775	,10.150475
1384081812783	,7.928837
1384081812793	,9.178895
1384081812801	,7.9482927
1384081812817	,16.175734
1384081812827	,9.815005
1384081812847	,20.227772
1384081812856	,9.115925
1384081812867	,11.051233
1384081812875	,7.360403
1384081812890	,14.857715
1384081812899	,9.141004
1384081812911	,12.467606
1384081812920	,8.273135
1384081812932	,12.359457
1384081812941	,8.637053
1384081812950	,9.396495
1384081812958	,8.104334
1384081812968	,9.853549
1384081812977	,9.132126
1384081812988	,10.295761
1384081812997	,8.739682
1384081813007	,10.169136
1384081813015	,8.19553
1384081813026	,10.922879
1384081813034	,8.02932
1384081813051	,16.659409
1384081813062	,11.277642
1384081813074	,11.476193
1384081813084	,10.355212
1384081813098	,14.098786
1384081813106	,7.6504197
1384081813121	,14.747763
1384081813129	,8.262497
1384081813143	,13.275945
1384081813153	,10.403988
1384081813163	,9.794836
1384081813171	,8.165078
1384081813182	,10.892279
1384081813191	,9.094157
1384081813201	,10.005823
1384081813211	,9.400176
1384081813222	,10.770398
1384081813230	,7.962169
1384081813239	,9.55752
1384081813248	,8.2509775
1384081813264	,16.297829
1384081813274	,9.763125
1384081813283	,9.090754
1384081813297	,14.295695
1384081813307	,9.6471405
1384081813316	,9.3070135
1384081813325	,8.995272
1384081813334	,8.9611845
1384081813345	,10.852811
1384081813354	,8.923846
1384081813364	,9.44244
1384081813371	,7.662695
1384081813382	,10.135024
1384081813391	,8.800022
1384081813400	,9.884673
1384081813409	,8.459985
1384081813420	,11.304754
1384081813436	,15.350629
1384081813448	,12.606195
1384081813465	,16.681728
1384081813477	,12.143853
1384081813485	,7.380939
1384081813499	,14.154862
1384081813510	,10.74757
1384081813520	,9.764675
1384081813529	,9.587344
1384081813539	,9.746614
1384081813548	,9.061955
1384081813558	,9.860745
1384081813566	,8.191353
1384081813576	,10.033877
1384081813585	,8.248668
1384081813596	,10.75307
1384081813604	,7.8811173
1384081813614	,10.244214
1384081813622	,8.525966
1384081813634	,11.614343
1384081813643	,8.38734
1384081813654	,11.658856
1384081813669	,14.495359
1384081813680	,11.276151
1384081813690	,9.659838
1384081813702	,11.684635
1384081813711	,9.2613735
1384081813721	,10.141316
1384081813730	,8.86166
1384081813742	,12.015611
1384081813753	,10.918453
1384081813764	,10.476734
1384081813772	,8.143159
1384081813782	,9.620953
1384081813789	,7.87399
1384081813799	,9.632934
1384081813807	,7.401782
1384081813817	,9.922728
1384081813826	,9.554197
1384081813836	,9.798456
1384081813845	,8.571916
1384081813856	,11.340241
1384081813870	,14.098183
1384081813884	,14.016286
1384081813894	,9.245534
1384081813905	,11.11928
1384081813915	,9.954599
1384081813924	,9.02011
1384081813934	,9.502904
1384081813943	,9.424732
1384081813951	,8.401662
1384081813961	,9.233665
1384081813972	,11.208822
1384081813981	,9.26889
1384081813989	,7.893732
1384081813999	,9.705277
1384081814008	,8.603104
1384081814017	,9.634694
1384081814027	,9.979657
1384081814039	,11.783989
1384081814053	,13.462127
1384081814065	,12.547078
1384081814084	,18.322628
1384081814094	,10.307433
1384081814107	,12.725392
1384081814118	,11.38312
1384081814127	,8.100773
1384081814137	,10.741975
1384081814145	,7.942587
1384081814155	,9.716957
1384081814164	,8.637873
1384081814174	,10.172953
1384081814182	,8.095561
1384081814192	,9.71615
1384081814200	,7.873433
1384081814211	,10.737748
1384081814219	,8.673943
1384081814230	,10.3102255
1384081814238	,8.211323
1384081814248	,10.099175
1384081814258	,9.737015
1384081814271	,13.231211
1384081814285	,13.546083
1384081814295	,10.271755
1384081814305	,9.6289425
1384081814315	,9.968139
1384081814324	,8.800924
1384081814333	,8.9184475
1384081814341	,7.9141173
1384081814351	,10.326536
1384081814361	,9.880505
1384081814371	,9.377508
1384081814382	,11.35868
1384081814394	,12.14312
1384081814402	,7.9445057
1384081814412	,9.972731
1384081814420	,7.799602
1384081814431	,11.002083
1384081814440	,8.370469
1384081814449	,9.455143
1384081814458	,8.737308
1384081814467	,9.457585
1384081814478	,10.130958
1384081814492	,14.686302
1384081814501	,8.495116
1384081814514	,12.775257
1384081814522	,8.170632
1384081814532	,9.988071
1384081814540	,7.570392
1384081814551	,11.175534
1384081814558	,7.381639
1384081814569	,10.205281
1384081814577	,8.662114
1384081814587	,9.750129
1384081814596	,8.82105
1384081814605	,9.127316
1384081814614	,8.971783
1384081814623	,9.362905
1384081814633	,9.89185
1384081814645	,11.449955
1384081814654	,9.137817
1384081814670	,15.954339
1384081814680	,9.495645
1384081814702	,21.876652
1384081814711	,8.923086
1384081814723	,11.827841
1384081814731	,8.012825
1384081814740	,9.409689
1384081814748	,7.75023
1384081814758	,10.040346
1384081814766	,7.96992
1384081814776	,9.776093
1384081814784	,7.911832
1384081814794	,9.683219
1384081814802	,8.537185
1384081814813	,10.615362
1384081814821	,8.653196
1384081814834	,12.3998165
1384081814843	,8.774035
1384081814853	,9.655358
1384081814861	,8.322052
1384081814871	,10.0317745
1384081814882	,10.761804
1384081814897	,15.4910345
1384081814906	,8.619955
1384081814917	,10.952573
1384081814926	,9.343274
1384081814936	,9.05138
1384081814943	,7.566237
1384081814953	,9.814427
1384081814962	,8.868191
1384081814973	,10.671784
1384081814981	,8.224102
1384081814991	,10.395771
1384081815003	,11.962222
1384081815013	,9.978885
1384081815023	,9.176402
1384081815035	,12.187939
1384081815044	,9.312002
1384081815054	,9.192234
1384081815062	,8.532109
1384081815073	,10.604425
1384081815081	,8.383429
1384081815094	,12.45837
1384081815103	,9.250624
1384081815114	,10.633079
1384081815123	,9.567014
1384081815133	,9.339128
1384081815141	,8.410387
1384081815151	,9.323387
1384081815158	,7.239287
1384081815170	,11.515598
1384081815177	,7.520629
1384081815188	,10.823788
1384081815198	,9.712423
1384081815208	,10.147832
1384081815216	,7.628401
1384081815225	,9.187628
1384081815233	,8.407109
1384081815243	,9.133094
1384081815251	,8.393667
1384081815261	,9.492717
1384081815270	,9.333469
1384081815285	,15.418791
1384081815296	,10.117133
1384081815306	,10.624554
1384081815324	,17.402885
1384081815334	,10.355898
1384081815342	,7.9695354
1384081815353	,10.666363
1384081815361	,7.674934
1384081815371	,9.911119
1384081815378	,7.6598606
1384081815388	,9.676872
1384081815397	,9.165752
1384081815408	,10.337771
1384081815415	,7.667684
1384081815425	,9.817826
1384081815435	,9.401371
1384081815445	,9.872222
1384081815453	,8.691293
1384081815463	,9.602683
1384081815471	,8.345411
1384081815483	,11.517892
1384081815493	,9.566266
1384081815507	,14.288061
1384081815517	,10.363797
1384081815529	,11.112453
1384081815536	,7.314561
1384081815546	,9.960485
1384081815554	,8.0388565
1384081815564	,9.699913
1384081815572	,8.279834
1384081815583	,10.958118
1384081815594	,10.599321
1384081815603	,9.616948
1384081815613	,9.054669
1384081815630	,17.106398
1384081815640	,10.026913
1384081815651	,11.002331
1384081815658	,7.503939
1384081815668	,9.840185
1384081815678	,9.530022
1384081815689	,11.146795
1384081815698	,9.183613
1384081815709	,10.328785
1384081815718	,9.227822
1384081815729	,10.741026
1384081815737	,8.2518215
1384081815747	,9.490956
1384081815756	,9.203652
1384081815766	,10.12016
1384081815774	,8.199846
1384081815786	,11.224957
1384081815795	,8.734101
1384081815805	,10.449622
1384081815815	,9.92273
1384081815825	,10.141005
1384081815832	,7.06252
1384081815845	,12.372353
1384081815855	,10.309436
1384081815865	,9.5166645
1384081815873	,8.077551
1384081815885	,11.707125
1384081815899	,14.7785225
1384081815910	,10.616976
1384081815920	,10.20492
1384081815939	,18.997974
1384081815949	,9.743358
1384081815960	,11.206708
1384081815968	,7.4263463
1384081815978	,10.380331
1384081815986	,8.041419
1384081815997	,10.287138
1384081816005	,8.158036
1384081816015	,9.825477
1384081816023	,8.359664
1384081816034	,10.694433
1384081816044	,10.132835
1384081816056	,11.181153
1384081816063	,7.632665
1384081816073	,9.887454
1384081816083	,10.190106
1384081816095	,11.026541
1384081816103	,8.829703
1384081816116	,12.475119
1384081816129	,13.060019
1384081816140	,10.9529505
1384081816148	,7.819544
1384081816160	,11.733621
1384081816169	,9.132369
1384081816179	,10.10012
1384081816187	,8.11537
1384081816198	,10.918375
1384081816209	,11.007332
1384081816219	,9.547601
1384081816229	,10.1007185
1384081816238	,9.219518
1384081816252	,13.36588
1384081816265	,12.819612
1384081816272	,7.1913652
1384081816282	,9.89234
1384081816290	,8.435069
1384081816302	,11.598504
1384081816313	,10.619245
1384081816324	,10.983749
1384081816334	,10.0774765
1384081816344	,9.811287
1384081816352	,7.9236155
1384081816362	,10.221269
1384081816371	,8.733048
1384081816381	,10.351631
1384081816389	,7.307214
1384081816402	,13.598644
1384081816411	,8.746223
1384081816422	,11.176966
1384081816434	,11.248828
1384081816443	,9.385889
1384081816453	,9.725225
1384081816463	,10.072613
1384081816471	,7.960447
1384081816481	,9.685348
1384081816491	,10.423811
1384081816502	,11.059619
1384081816516	,13.326897
1384081816526	,10.163198
1384081816535	,9.03632
1384081816545	,9.73215
1384081816553	,7.506616
1384081816570	,17.65151
1384081816579	,9.110564
1384081816590	,10.369101
1384081816598	,8.003612
1384081816609	,10.561638
1384081816618	,9.060774
1384081816627	,9.07842
1384081816635	,8.198658
1384081816645	,9.462961
1384081816653	,8.006494
1384081816663	,9.968749
1384081816670	,7.481134
1384081816680	,10.109006
1384081816687	,7.087102
1384081816698	,10.927558
1384081816708	,9.079724
1384081816720	,12.138818
1384081816728	,8.107086
1384081816741	,13.338981
1384081816751	,10.053693
1384081816762	,10.731978
1384081816770	,7.817202
1384081816783	,12.648566
1384081816792	,8.997225
1384081816802	,10.09706
1384081816811	,9.072893
1384081816827	,15.51194
1384081816835	,8.500641
1384081816848	,12.680251
1384081816856	,8.122342
1384081816869	,12.768525
1384081816882	,12.563149
1384081816892	,10.259433
1384081816902	,10.181635
1384081816917	,14.445317
1384081816927	,9.928042
1384081816938	,11.266732
1384081816948	,9.728346
1384081816959	,10.736972
1384081816967	,8.240513
1384081816978	,11.3872595
1384081816990	,11.301165
1384081817002	,12.172847
1384081817011	,8.609571
1384081817021	,9.887265
1384081817032	,11.074206
1384081817046	,13.676187
1384081817057	,11.559064
1384081817069	,12.065062
1384081817078	,8.641533
1384081817089	,10.859256
1384081817211	,121.89354
1384081817254	,43.365204
1384081817267	,12.982467
1384081817275	,7.934611
