1384081739860	,3.4483778
1384081739864	,3.3813632
1384081739867	,3.249733
1384081739872	,4.72377
1384081739875	,2.895597
1384081739878	,3.11846
1384081739887	,8.681727
1384081739890	,3.185431
1384081739895	,4.072343
1384081739898	,3.2694108
1384081739901	,3.0503569
1384081739904	,2.747039
1384081739907	,2.768122
1384081739910	,3.3844619
1384081739916	,5.714192
1384081739919	,2.9892042
1384081739923	,3.614625
1384081739926	,2.928855
1384081739929	,2.845687
1384081739933	,3.907844
1384081739937	,3.3378649
1384081739940	,3.247517
1384081739944	,3.504463
1384081739947	,2.96997
1384081739950	,3.151013
1384081739954	,3.4860659
1384081739958	,3.918353
1384081739962	,3.8888612
1384081739966	,3.262006
1384081739969	,3.319678
1384081739973	,3.054801
1384081739976	,3.045741
1384081739984	,7.686245
1384081739988	,4.130647
1384081739991	,3.08377
1384081739995	,3.014463
1384081740000	,4.9909267
1384081740005	,4.664707
1384081740017	,12.423195
1384081740035	,17.631718
1384081740041	,5.364315
1384081740047	,6.1862493
1384081740059	,12.017712
1384081740063	,4.014102
1384081740067	,3.056866
1384081740070	,3.108829
1384081740074	,4.112327
1384081740078	,3.479753
1384081740081	,3.009195
1384081740086	,4.228932
1384081740090	,3.790085
1384081740093	,3.013773
1384081740096	,2.7268798
1384081740099	,2.974446
1384081740103	,3.8289528
1384081740106	,3.018106
1384081740111	,4.347183
1384081740114	,2.994352
1384081740117	,2.958189
1384081740126	,8.265563
1384081740130	,3.466255
1384081740133	,3.638587
1384081740136	,2.8463988
1384081740141	,3.950358
1384081740144	,3.1788
1384081740147	,3.321014
1384081740151	,2.974213
1384081740155	,4.517477
1384081740159	,3.0819
1384081740163	,3.544471
1384081740168	,4.3401318
1384081740171	,3.132271
1384081740174	,2.946643
1384081740177	,2.9332561
1384081740181	,3.143052
1384081740185	,3.9926112
1384081740191	,6.310208
1384081740196	,4.533927
1384081740199	,3.0717409
1384081740203	,3.151023
1384081740206	,2.962462
1384081740209	,2.918782
1384081740212	,3.0833411
1384081740215	,3.058734
1384081740219	,2.995937
1384081740223	,4.002451
1384081740226	,3.087631
1384081740230	,3.8859441
1384081740234	,3.2382
1384081740237	,3.337313
1384081740241	,3.10537
1384081740244	,3.258434
1384081740247	,3.174696
1384081740251	,3.333724
1384081740254	,3.175031
1384081740258	,3.299642
1384081740264	,5.473369
1384081740269	,5.70744
1384081740272	,2.886907
1384081740277	,4.32169
1384081740280	,2.701655
1384081740283	,3.099183
1384081740286	,2.892127
1384081740290	,3.740349
1384081740294	,3.062282
1384081740297	,3.222106
1384081740300	,2.955426
1384081740310	,9.354707
1384081740314	,4.024628
1384081740317	,2.989469
1384081740321	,3.2207701
1384081740324	,3.2214699
1384081740327	,3.212004
1384081740331	,3.854761
1384081740335	,3.162627
1384081740339	,3.5985258
1384081740348	,9.505978
1384081740354	,5.699607
1384081740357	,2.811955
1384081740361	,3.9013321
1384081740366	,4.0439982
1384081740369	,2.8032992
1384081740372	,3.237273
1384081740376	,4.008294
1384081740380	,3.123039
1384081740383	,3.1384609
1384081740387	,4.016002
1384081740392	,4.420411
1384081740397	,4.598682
1384081740401	,4.5000095
1384081740406	,4.775679
1384081740409	,2.770793
1384081740412	,2.6785161
1384081740416	,3.17686
1384081740419	,3.081398
1384081740424	,4.473573
1384081740427	,3.5394752
1384081740431	,3.550486
1384081740439	,7.8944597
1384081740443	,3.720719
1384081740450	,6.440003
1384081740453	,2.9226398
1384081740456	,2.886249
1384081740459	,2.909078
1384081740462	,3.2616918
1384081740466	,3.359115
1384081740471	,4.7238503
1384081740474	,3.130819
1384081740478	,4.011536
1384081740482	,3.820359
1384081740485	,2.909101
1384081740488	,2.8399599
1384081740492	,3.7687252
1384081740495	,3.08615
1384081740499	,2.9452128
1384081740502	,3.309275
1384081740508	,6.131665
1384081740515	,6.223573
1384081740520	,5.154852
1384081740523	,2.943829
1384081740526	,2.883491
1384081740529	,2.9353702
1384081740532	,2.839721
1384081740536	,3.7365859
1384081740540	,3.8740668
1384081740543	,3.1275449
1384081740546	,2.854897
1384081740550	,3.9735038
1384081740554	,3.7127018
1384081740560	,5.5633883
1384081740565	,4.4939494
1384081740570	,5.019081
1384081740574	,3.395473
1384081740577	,3.525892
1384081740581	,3.325803
1384081740584	,2.761358
1384081740587	,3.024075
1384081740591	,3.215354
1384081740594	,3.244174
1384081740598	,3.9359179
1384081740602	,3.050913
1384081740606	,3.96409
1384081740610	,3.783756
1384081740613	,2.952801
1384081740617	,3.120876
1384081740620	,2.98282
1384081740623	,3.4469419
1384081740627	,3.8525481
1384081740631	,3.521522
1384081740636	,4.806622
1384081740640	,3.248056
1384081740643	,2.99051
1384081740646	,3.207744
1384081740649	,2.864003
1384081740656	,6.339705
1384081740660	,3.597553
1384081740665	,4.830532
1384081740667	,2.77246
1384081740671	,2.957653
1384081740675	,4.037666
1384081740678	,2.963563
1384081740682	,4.026791
1384081740686	,3.1011202
1384081740688	,2.7808182
1384081740692	,3.79707
1384081740696	,2.985001
1384081740699	,3.286905
1384081740704	,4.95083
1384081740707	,2.975382
1384081740711	,2.951983
1384081740714	,2.8450792
1384081740717	,2.768423
1384081740720	,3.086333
1384081740730	,3.0082352
1384081740733	,2.746248
1384081740736	,2.777195
1384081740741	,4.457917
1384081740744	,2.875457
1384081740747	,3.5556278
1384081740753	,5.549047
1384081740757	,3.424502
1384081740760	,3.0659251
1384081740763	,2.940645
1384081740766	,2.8922338
1384081740784	,17.827156
1384081740788	,4.134423
1384081740794	,5.472334
1384081740797	,3.186828
1384081740801	,3.555802
1384081740804	,2.722452
1384081740807	,2.939022
1384081740812	,4.792366
1384081740816	,4.046302
1384081740819	,2.86357
1384081740822	,2.738905
1384081740826	,4.028587
1384081740830	,3.475221
1384081740833	,2.728122
1384081740836	,3.108282
1384081740840	,3.242698
1384081740843	,2.907711
1384081740846	,2.637377
1384081740850	,3.712876
1384081740853	,3.326445
1384081740856	,3.1088212
1384081740859	,2.859617
1384081740862	,2.843162
1384081740865	,2.6530359
1384081740869	,3.289658
1384081740872	,3.412159
1384081740875	,2.853179
1384081740881	,5.386426
1384081740885	,4.22927
1384081740889	,3.688445
1384081740892	,2.614441
1384081740895	,2.5011
1384081740906	,10.8541565
1384081740909	,3.040693
1384081740912	,3.034454
1384081740915	,2.9232771
1384081740918	,2.86041
1384081740921	,2.817789
1384081740925	,3.830565
1384081740928	,2.913179
1384081740933	,5.085486
1384081740936	,2.37519
1384081740939	,2.9452949
1384081740943	,4.181063
1384081740947	,3.2385921
1384081740950	,3.3567882
1384081740955	,4.549581
1384081740958	,2.7126818
1384081740962	,3.752553
1384081740965	,3.0736752
1384081740968	,2.830358
1384081740972	,3.437708
1384081740974	,2.686479
1384081740978	,2.958463
1384081740981	,2.865092
1384081740983	,2.657835
1384081740986	,2.826948
1384081740990	,3.174884
1384081740993	,3.5862792
1384081740998	,4.426432
1384081741002	,4.27232
1384081741006	,3.281554
1384081741009	,2.948447
1384081741012	,2.548634
1384081741015	,2.8482509
1384081741019	,4.388449
1384081741024	,3.96527
1384081741027	,3.0494442
1384081741030	,2.7110739
1384081741032	,2.72593
1384081741036	,3.02488
1384081741038	,2.544907
1384081741042	,3.342843
1384081741045	,3.288834
1384081741048	,2.880018
1384081741052	,3.036984
1384081741055	,3.0676432
1384081741058	,3.557957
1384081741062	,3.3738549
1384081741065	,2.904622
1384081741068	,2.774679
1384081741071	,3.066163
1384081741074	,3.015768
1384081741077	,2.9237409
1384081741081	,2.9487329
1384081741085	,3.776508
1384081741088	,2.889272
1384081741091	,2.8956
1384081741093	,2.6854742
1384081741097	,3.0933192
1384081741100	,3.220722
1384081741103	,2.728792
1384081741106	,2.943421
1384081741109	,2.712938
1384081741112	,3.0588279
1384081741115	,2.798665
1384081741119	,3.379779
1384081741122	,3.15073
1384081741126	,3.306345
1384081741129	,2.921241
1384081741132	,3.21475
1384081741135	,3.204611
1384081741139	,3.079042
1384081741142	,2.763937
1384081741144	,2.7952619
1384081741148	,3.0581298
1384081741151	,3.6305401
1384081741154	,2.709934
1384081741159	,4.089286
1384081741162	,3.353497
1384081741165	,2.9535372
1384081741168	,2.662457
1384081741171	,2.928335
1384081741174	,2.600041
1384081741177	,2.8534799
1384081741180	,3.0885692
1384081741183	,3.105707
1384081741188	,4.571756
1384081741198	,9.466639
1384081741201	,2.664289
1384081741207	,5.871642
1384081741210	,2.8789442
1384081741213	,3.0320878
1384081741216	,3.108412
1384081741219	,3.087167
1384081741223	,2.9739509
1384081741226	,3.5429509
1384081741230	,3.7474718
1384081741234	,3.49168
1384081741237	,2.830942
1384081741240	,3.000174
1384081741243	,2.867626
1384081741251	,8.0569
1384081741255	,3.465859
1384081741258	,2.85183
1384081741262	,3.586841
1384081741265	,3.490416
1384081741268	,2.974263
1384081741272	,3.5453951
1384081741277	,4.796587
1384081741281	,3.4708579
1384081741283	,2.628331
1384081741287	,3.838829
1384081741294	,6.178107
1384081741297	,3.509968
1384081741313	,15.028663
1384081741317	,4.620974
1384081741323	,4.977215
1384081741326	,3.341838
1384081741330	,3.947433
1384081741335	,4.521506
1384081741338	,3.063976
1384081741342	,3.653617
1384081741346	,3.4548392
1384081741349	,2.9387572
1384081741352	,2.7456489
1384081741355	,3.051765
1384081741358	,2.6622858
1384081741361	,3.208931
1384081741365	,3.679435
1384081741370	,4.570234
1384081741373	,2.701928
1384081741375	,2.8212838
1384081741378	,2.688518
1384081741381	,2.7976809
1384081741384	,2.546042
1384081741387	,2.7937539
1384081741390	,2.826564
1384081741393	,3.114637
1384081741396	,2.8337028
1384081741400	,3.453716
1384081741403	,2.6332948
1384081741406	,2.971722
1384081741409	,3.336129
1384081741412	,3.1045911
1384081741415	,2.626225
1384081741418	,2.862274
1384081741421	,2.817035
1384081741424	,2.916554
1384081741427	,2.6427948
1384081741431	,4.163555
1384081741435	,3.371855
1384081741439	,3.983291
1384081741442	,2.935359
1384081741445	,3.1097338
1384081741448	,2.609261
1384081741451	,2.942547
1384081741454	,2.6819189
1384081741458	,3.365962
1384081741461	,2.56792
1384081741464	,3.442066
1384081741467	,2.86032
1384081741471	,3.742562
1384081741474	,2.782264
1384081741479	,4.919074
1384081741482	,2.9662452
1384081741485	,2.658983
1384081741487	,2.495056
1384081741491	,3.3047419
1384081741496	,4.875636
1384081741500	,3.514462
1384081741503	,2.972047
1384081741506	,2.807683
1384081741514	,8.502244
1384081741517	,3.069782
1384081741521	,3.158642
1384081741523	,2.784106
1384081741526	,2.7261288
1384081741529	,2.993289
1384081741533	,3.6574662
1384081741536	,2.765922
1384081741538	,2.3334122
1384081741542	,3.007712
1384081741545	,2.8012881
1384081741549	,4.424163
1384081741555	,6.0792623
1384081741559	,3.200628
1384081741561	,2.6562662
1384081741564	,2.5802782
1384081741567	,2.589638
1384081741570	,3.1850119
1384081741579	,8.304009
1384081741582	,3.21674
1384081741585	,2.9410958
1384081741588	,2.677521
1384081741593	,4.586238
1384081741597	,4.2352166
1384081741600	,2.768962
1384081741605	,4.3918147
1384081741608	,2.476341
1384081741611	,2.999694
1384081741614	,2.918977
1384081741617	,3.345001
1384081741621	,3.0493731
1384081741623	,2.573008
1384081741627	,3.080755
1384081741630	,2.835447
1384081741632	,2.414318
1384081741635	,2.70919
1384081741638	,2.977642
1384081741644	,5.83298
1384081741651	,6.255351
1384081741653	,2.763586
1384081741656	,2.278255
1384081741659	,3.299651
1384081741662	,2.419184
1384081741666	,4.1961555
1384081741669	,2.985355
1384081741673	,3.009915
1384081741675	,2.728028
1384081741678	,2.59235
1384081741681	,2.9880779
1384081741684	,2.765387
1384081741687	,2.483578
1384081741690	,2.656823
1384081741693	,2.796336
1384081741698	,5.196574
1384081741703	,4.8206267
1384081741706	,2.6415539
1384081741709	,2.623421
1384081741711	,2.789417
1384081741714	,2.582738
1384081741718	,3.671115
1384081741721	,3.0428789
1384081741724	,2.801847
1384081741727	,2.4336379
1384081741730	,2.7787242
1384081741734	,3.852658
1384081741737	,2.864165
1384081741739	,2.3142538
1384081741742	,2.618731
1384081741745	,2.5298312
1384081741747	,2.6887772
1384081741750	,2.894826
1384081741754	,3.123475
1384081741764	,10.3015995
1384081741768	,3.6545658
1384081741774	,6.223
1384081741778	,3.028448
1384081741780	,2.610324
1384081741785	,4.463956
1384081741788	,2.663473
1384081741791	,2.813834
1384081741793	,2.52741
1384081741796	,2.783177
1384081741799	,2.952085
1384081741803	,3.294425
1384081741809	,5.528243
1384081741812	,2.934304
1384081741815	,2.9895768
1384081741817	,2.576383
1384081741820	,2.598427
1384081741823	,3.1454809
1384081741826	,2.4518278
1384081741829	,2.6327872
1384081741831	,2.422042
1384081741834	,2.815831
1384081741837	,2.524617
1384081741841	,3.6329079
1384081741844	,3.2626588
1384081741847	,3.02675
1384081741852	,4.634797
1384081741856	,3.977992
1384081741859	,2.5083249
1384081741863	,3.970804
1384081741866	,3.032856
1384081741869	,2.756491
1384081741872	,2.308284
1384081741875	,2.775431
1384081741877	,2.359364
1384081741880	,2.98955
1384081741884	,3.266839
1384081741887	,3.707526
1384081741891	,3.614782
1384081741894	,2.626141
1384081741897	,2.472397
1384081741901	,4.198519
1384081741907	,5.430521
1384081741909	,2.72219
1384081741912	,2.4510028
1384081741915	,2.813589
1384081741918	,2.516604
1384081741921	,3.2171059
1384081741924	,3.093569
1384081741927	,2.738854
1384081741931	,3.614372
1384081741935	,3.569897
1384081741938	,3.6349242
1384081741941	,2.588184
1384081741944	,2.5039709
1384081741947	,2.59553
1384081741954	,7.728665
1384081741958	,3.146912
1384081741961	,2.584427
1384081741964	,2.9173741
1384081741966	,2.6280339
1384081741970	,3.536384
1384081741974	,3.4278822
1384081741977	,3.244844
1384081741980	,2.471672
1384081741983	,2.762378
1384081741986	,2.8258889
1384081741989	,3.1060581
1384081741992	,2.833004
1384081741995	,2.735372
1384081741998	,2.786426
1384081742001	,3.4461608
1384081742004	,2.765065
1384081742010	,5.836864
1384081742013	,3.085715
1384081742041	,27.33339
1384081742045	,4.133628
1384081742049	,3.3874838
1384081742052	,2.7990081
1384081742055	,2.873824
1384081742060	,5.021291
1384081742064	,3.826697
1384081742066	,2.518338
1384081742069	,2.869045
1384081742072	,2.6436322
1384081742075	,3.1884809
1384081742084	,8.163392
1384081742087	,2.8488212
1384081742089	,2.4322438
1384081742106	,2.700988
1384081742110	,4.545182
1384081742113	,2.301559
1384081742116	,2.981453
1384081742119	,2.731851
1384081742122	,2.785414
1384081742124	,2.204633
1384081742126	,2.485024
1384081742129	,2.391797
1384081742131	,2.45226
1384081742134	,2.3966188
1384081742137	,2.720813
1384081742140	,2.699614
1384081742142	,2.456771
1384081742145	,2.978229
1384081742148	,2.880445
1384081742150	,2.186828
1384081742153	,2.401405
1384081742156	,2.969809
1384081742158	,2.4622838
1384081742161	,2.2453148
1384081742163	,2.347605
1384081742166	,2.851816
1384081742170	,3.8251169
1384081742173	,2.85568
1384081742177	,3.574817
1384081742180	,2.442539
1384081742182	,2.455523
1384081742185	,2.998477
1384081742188	,2.887513
1384081742191	,2.5337958
1384081742201	,9.848525
1384081742204	,3.0238588
1384081742206	,2.0535119
1384081742209	,2.386432
1384081742212	,3.067859
1384081742215	,3.3789341
1384081742218	,2.1570802
1384081742220	,2.2952719
1384081742223	,2.395675
1384081742225	,2.463729
1384081742228	,2.593076
1384081742231	,2.563714
1384081742233	,2.5281641
1384081742237	,3.320303
1384081742241	,4.127484
1384081742245	,3.516958
1384081742249	,4.678595
1384081742253	,3.989794
1384081742256	,2.312894
1384081742258	,2.425124
1384081742262	,2.991546
1384081742269	,7.1468444
1384081742273	,3.898081
1384081742276	,2.935297
1384081742278	,2.291939
1384081742281	,2.363656
1384081742283	,2.515032
1384081742286	,2.633479
1384081742289	,2.7025979
1384081742292	,2.79577
1384081742294	,2.481049
1384081742297	,2.654897
1384081742300	,2.390422
1384081742303	,2.79117
1384081742306	,2.982221
1384081742308	,2.592926
1384081742311	,2.736753
1384081742314	,2.970167
1384081742317	,2.667846
1384081742320	,2.5415702
1384081742323	,2.803669
1384081742325	,2.518437
1384081742329	,3.369479
1384081742332	,2.84053
1384081742334	,2.5642118
1384081742337	,2.6796331
1384081742340	,2.7384279
1384081742347	,6.878393
1384081742350	,2.609322
1384081742352	,2.4228039
1384081742355	,2.473851
1384081742358	,2.705881
1384081742360	,2.448363
1384081742363	,2.74715
1384081742366	,2.703622
1384081742369	,2.464635
1384081742372	,3.854794
1384081742375	,2.389611
1384081742378	,2.571458
1384081742381	,3.1797628
1384081742384	,2.521665
1384081742386	,2.646993
1384081742390	,3.1974828
1384081742392	,2.56752
1384081742395	,2.6518579
1384081742398	,2.532053
1384081742400	,2.428209
1384081742403	,2.644582
1384081742406	,2.876218
1384081742409	,2.5450459
1384081742411	,2.561424
1384081742415	,3.722432
1384081742419	,3.644562
1384081742422	,3.405184
1384081742425	,2.912171
1384081742429	,3.020278
1384081742431	,2.701634
1384081742434	,2.877286
1384081742437	,2.776519
1384081742440	,2.673882
1384081742444	,3.63764
1384081742447	,2.7256832
1384081742449	,2.8037329
1384081742453	,3.2638898
1384081742459	,5.9452367
1384081742463	,4.129772
1384081742466	,2.579698
1384081742468	,2.493257
1384081742472	,3.186169
1384081742484	,11.839556
1384081742487	,3.4751542
1384081742490	,2.9504309
1384081742494	,3.896173
1384081742497	,2.726117
1384081742501	,4.0152802
1384081742511	,9.476098
1384081742517	,5.889187
1384081742519	,2.415915
1384081742522	,2.595277
1384081742525	,2.340997
1384081742527	,2.582563
1384081742530	,2.833173
1384081742533	,2.8396
1384081742536	,2.532229
1384081742538	,2.7104928
1384081742541	,2.5685458
1384081742544	,3.123283
1384081742547	,2.5016189
1384081742550	,2.8319252
1384081742553	,2.631526
1384081742555	,2.613477
1384081742558	,2.539073
1384081742560	,2.385456
1384081742563	,2.782843
1384081742566	,2.460295
1384081742569	,2.520107
1384081742571	,2.670196
1384081742575	,3.16507
1384081742577	,2.490282
1384081742580	,3.0122828
1384081742583	,3.024669
1384081742586	,2.421663
1384081742590	,4.291144
1384081742593	,2.837364
1384081742596	,2.781738
1384081742599	,2.280144
1384081742601	,2.519818
1384081742604	,2.5036569
1384081742606	,2.3516579
1384081742615	,8.874151
1384081742621	,5.483105
1384081742628	,7.644856
1384081742631	,2.758669
1384081742634	,2.714702
1384081742637	,2.647415
1384081742640	,2.795351
1384081742643	,2.842293
1384081742646	,3.307646
1384081742649	,2.951958
1384081742652	,2.83956
1384081742655	,2.867709
1384081742663	,7.2794046
1384081742668	,4.91783
1384081742670	,2.622844
1384081742673	,2.7998378
1384081742676	,2.5309231
1384081742679	,2.7145128
1384081742681	,2.5580769
1384081742685	,3.9001389
1384081742688	,3.1251311
1384081742692	,3.83528
1384081742695	,2.514807
1384081742698	,2.630814
1384081742700	,2.6305258
1384081742705	,4.502448
1384081742708	,2.716671
1384081742711	,2.797813
1384081742714	,2.753114
1384081742716	,2.489924
1384081742720	,3.948124
1384081742723	,2.642374
1384081742726	,2.578096
1384081742729	,3.286515
1384081742733	,3.993112
1384081742736	,2.496783
1384081742738	,2.441767
1384081742741	,2.717824
1384081742744	,2.9330568
1384081742747	,2.515499
1384081742750	,2.678926
1384081742752	,2.800414
1384081742755	,2.608234
1384081742758	,2.768466
1384081742761	,3.387229
1384081742765	,3.514236
1384081742768	,2.683331
1384081742771	,2.667803
1384081742773	,2.611043
1384081742777	,3.141531
1384081742781	,3.899231
1384081742785	,4.0467353
1384081742788	,3.184874
1384081742791	,3.2044232
1384081742794	,2.5720692
1384081742797	,2.4766688
1384081742799	,2.2122562
1384081742802	,2.782082
1384081742804	,2.357828
1384081742809	,4.890211
1384081742817	,7.5260477
1384081742820	,2.733799
1384081742823	,3.4843569
1384081742826	,2.408521
1384081742828	,2.560107
1384081742831	,2.7595448
1384081742834	,2.593489
1384081742837	,2.705799
1384081742839	,2.58111
1384081742842	,2.835299
1384081742845	,2.6791852
1384081742849	,3.391519
1384081742852	,2.783988
1384081742856	,4.197078
1384081742859	,3.100057
1384081742862	,2.562205
1384081742864	,2.7240329
1384081742869	,4.315437
1384081742876	,7.276604
1384081742880	,3.444429
1384081742882	,2.297776
1384081742885	,2.402668
1384081742888	,3.07905
1384081742891	,2.678026
1384081742899	,8.019617
1384081742904	,4.673059
1384081742906	,2.354533
1384081742908	,2.408043
1384081742911	,2.4708111
1384081742914	,2.376959
1384081742916	,2.561846
1384081742919	,2.353602
1384081742921	,2.424361
1384081742925	,3.602726
1384081742929	,4.1735716
1384081742932	,2.71655
1384081742935	,2.859527
1384081742937	,2.373833
1384081742940	,2.51849
1384081742956	,16.093626
1384081742959	,2.9613478
1384081742963	,3.347516
1384081742966	,2.857808
1384081742968	,2.626636
1384081742971	,2.611899
1384081742974	,2.645626
1384081742977	,2.754904
1384081742980	,3.0125592
1384081742983	,3.090344
1384081742986	,2.846515
1384081742989	,2.618449
1384081742991	,2.545603
1384081742994	,2.705359
1384081742998	,3.7105649
1384081743001	,3.375494
1384081743004	,2.509888
1384081743007	,2.817033
1384081743010	,3.048188
1384081743013	,2.612083
1384081743016	,2.6958702
1384081743019	,2.8845038
1384081743021	,2.6132748
1384081743025	,3.481647
1384081743028	,2.6505258
1384081743030	,2.5891058
1384081743033	,2.9764462
1384081743036	,2.9024441
1384081743039	,2.798074
1384081743042	,2.43612
1384081743046	,4.048773
1384081743049	,2.57234
1384081743051	,2.6804829
1384081743054	,2.316936
1384081743056	,2.586432
1384081743059	,2.4249032
1384081743062	,2.560221
1384081743064	,2.4870949
1384081743067	,2.7296169
1384081743070	,2.49178
1384081743072	,2.585836
1384081743076	,4.004201
1384081743080	,3.99952
1384081743084	,2.932077
1384081743086	,2.3225849
1384081743089	,2.494067
1384081743092	,3.373462
1384081743095	,3.297365
1384081743098	,2.974745
1384081743102	,3.35478
1384081743106	,4.333001
1384081743110	,3.710977
1384081743113	,3.1002228
1384081743116	,2.4950721
1384081743119	,2.994209
1384081743122	,2.50857
1384081743125	,3.385528
1384081743129	,3.621375
1384081743131	,2.402562
1384081743134	,2.4469461
1384081743137	,2.688856
1384081743139	,2.486829
1384081743142	,2.515703
1384081743144	,2.2126498
1384081743147	,2.400739
1384081743149	,2.386045
1384081743152	,3.2101388
1384081743155	,2.6568
1384081743166	,10.760375
1384081743181	,14.378879
1384081743183	,2.582091
1384081743186	,2.232894
1384081743189	,2.944592
1384081743191	,2.4556031
1384081743194	,2.574933
1384081743196	,2.3718321
1384081743199	,2.584138
1384081743202	,2.5328588
1384081743204	,2.5173998
1384081743207	,2.503347
1384081743210	,3.074733
1384081743213	,2.9562628
1384081743216	,2.3285358
1384081743218	,2.4017859
1384081743221	,2.4895358
1384081743223	,2.498966
1384081743227	,3.3251002
1384081743229	,2.459145
1384081743232	,2.512868
1384081743234	,2.554853
1384081743237	,2.37123
1384081743239	,2.346596
1384081743242	,2.402978
1384081743244	,2.428309
1384081743247	,2.45868
1384081743250	,2.680182
1384081743253	,3.14606
1384081743256	,2.473316
1384081743258	,2.828329
1384081743261	,2.447846
1384081743265	,4.249618
1384081743268	,2.765769
1384081743271	,2.479719
1384081743274	,2.854605
1384081743277	,2.742459
1384081743280	,2.847527
1384081743282	,2.595042
1384081743286	,3.95639
1384081743289	,2.639139
1384081743292	,2.560793
1384081743294	,2.605602
1384081743297	,2.4032018
1384081743300	,2.459492
1384081743302	,2.769531
1384081743305	,2.638525
1384081743308	,2.616169
1384081743312	,4.451571
1384081743317	,4.4461813
1384081743320	,2.5065491
1384081743322	,2.38672
1384081743324	,2.259439
1384081743327	,2.921497
1384081743330	,2.7646189
1384081743334	,3.107854
1384081743336	,2.343489
1384081743339	,2.597503
1384081743342	,2.835789
1384081743345	,3.277659
1384081743350	,4.952227
1384081743353	,2.6824
1384081743356	,2.951616
1384081743359	,2.773063
1384081743366	,7.551528
1384081743370	,3.493956
1384081743373	,2.568543
1384081743376	,2.9028811
1384081743378	,2.634659
1384081743382	,3.543563
1384081743385	,2.4253392
1384081743387	,2.7117772
1384081743390	,2.446799
1384081743393	,2.7208688
1384081743396	,3.1419098
1384081743399	,2.710959
1384081743402	,2.781851
1384081743405	,3.513532
1384081743408	,2.73303
1384081743411	,2.4745219
1384081743414	,3.030346
1384081743417	,2.586262
1384081743419	,2.821716
1384081743422	,2.502713
1384081743425	,2.5290992
1384081743429	,4.331471
1384081743433	,3.55174
1384081743436	,2.6870701
1384081743438	,2.3469431
1384081743441	,2.44612
1384081743443	,2.2379122
1384081743446	,2.515832
1384081743448	,2.380405
1384081743450	,2.368696
1384081743453	,2.857096
1384081743456	,2.4647539
1384081743458	,2.346063
1384081743462	,3.945571
1384081743465	,2.690583
1384081743468	,2.4900491
1384081743470	,2.486472
1384081743473	,2.585909
1384081743476	,2.575085
1384081743478	,2.57272
1384081743483	,4.13059
1384081743487	,4.0641203
1384081743491	,4.3325143
1384081743495	,3.951252
1384081743498	,2.95652
1384081743501	,2.246489
1384081743503	,2.097334
1384081743505	,2.292811
1384081743509	,3.144146
1384081743511	,2.363813
1384081743514	,2.799874
1384081743517	,2.576561
1384081743521	,4.149538
1384081743524	,3.299341
1384081743527	,2.326429
1384081743530	,3.19419
1384081743533	,2.834406
1384081743535	,2.2551332
1384081743538	,2.270652
1384081743540	,2.588176
1384081743543	,2.576803
1384081743546	,2.995365
1384081743549	,2.493658
1384081743551	,2.5638702
1384081743554	,2.6566598
1384081743557	,3.208221
1384081743560	,2.818703
1384081743563	,2.614407
1384081743566	,2.674725
1384081743568	,2.648894
1384081743571	,2.7908058
1384081743574	,2.475353
1384081743578	,4.256258
1384081743581	,2.8711388
1384081743584	,2.8949828
1384081743588	,3.229917
1384081743591	,2.844759
1384081743595	,3.9348812
1384081743597	,2.811916
1384081743600	,2.385272
1384081743603	,2.490619
1384081743605	,2.620802
1384081743608	,2.828624
1384081743611	,2.72182
1384081743614	,2.840971
1384081743617	,2.879672
1384081743620	,2.989038
1384081743624	,3.3854108
1384081743626	,2.5781722
1384081743629	,2.780446
1384081743633	,3.638334
1384081743635	,2.564166
1384081743638	,2.815195
1384081743641	,2.649739
1384081743644	,2.5932648
1384081743647	,3.0868769
1384081743650	,2.935209
1384081743652	,2.399332
1384081743655	,2.491263
1384081743658	,2.648672
1384081743660	,2.404427
1384081743663	,2.633699
1384081743666	,2.597689
1384081743669	,2.871437
1384081743671	,2.415529
1384081743674	,2.454813
1384081743676	,2.5633721
1384081743681	,4.086305
1384081743683	,2.312323
1384081743687	,4.032069
1384081743690	,2.915196
1384081743693	,2.8502128
1384081743696	,2.9436269
1384081743700	,4.0705028
1384081743704	,3.940341
1384081743708	,3.320597
1384081743711	,2.6566288
1384081743713	,2.51467
1384081743716	,2.7856998
1384081743719	,2.751369
1384081743722	,3.158112
1384081743725	,2.292701
1384081743727	,2.58964
1384081743730	,2.837463
1384081743734	,3.452231
1384081743739	,5.20031
1384081743742	,2.797868
1384081743745	,2.83497
1384081743747	,2.4514961
1384081743750	,2.479276
1384081743753	,2.577552
1384081743755	,2.7061598
1384081743758	,2.969306
1384081743761	,2.601666
1384081743764	,2.760334
1384081743767	,2.67282
1384081743769	,2.553254
1384081743772	,2.726335
1384081743775	,2.7734208
1384081743778	,2.718779
1384081743781	,2.908894
1384081743784	,2.710886
1384081743787	,3.3081498
1384081743790	,3.1042929
1384081743795	,4.98316
1384081743799	,3.074094
1384081743802	,3.1997561
1384081743805	,2.5481322
1384081743807	,2.369257
1384081743810	,2.5442219
1384081743813	,2.727447
1384081743815	,2.663799
1384081743818	,2.815647
1384081743821	,3.1061862
1384081743825	,3.962688
1384081743829	,3.276321
1384081743832	,2.608286
1384081743834	,2.771516
1384081743837	,2.311056
1384081743839	,2.49862
1384081743842	,2.3936121
1384081743845	,2.96891
1384081743848	,2.946999
1384081743851	,2.691552
1384081743854	,2.775345
1384081743856	,2.728769
1384081743860	,2.99501
1384081743862	,2.5599432
1384081743865	,2.740165
1384081743868	,2.726639
1384081743871	,2.793979
1384081743874	,2.689431
1384081743876	,2.600462
1384081743879	,2.780416
1384081743882	,2.748866
1384081743885	,2.724546
1384081743888	,2.772202
1384081743893	,4.8317432
1384081743896	,3.306602
1384081743899	,3.060509
1384081743902	,2.625136
1384081743905	,2.76242
1384081743908	,2.966923
1384081743910	,2.37257
1384081743913	,2.413415
1384081743915	,2.5747828
1384081743918	,2.888792
1384081743921	,2.673943
1384081743925	,3.3198469
1384081743928	,2.8551369
1384081743931	,3.083956
1384081743935	,4.206344
1384081743939	,3.521459
1384081743942	,3.1220539
1384081743945	,2.638576
1384081743948	,3.094377
1384081743950	,2.614429
1384081743953	,2.829448
1384081743957	,3.6536412
1384081743960	,2.4541059
1384081743962	,2.3854852
1384081743965	,2.888253
1384081743968	,2.740232
1384081743971	,2.614523
1384081743974	,2.713575
1384081743976	,2.6675081
1384081743979	,2.674867
1384081743982	,2.7395792
1384081743985	,3.06493
1384081743988	,3.076602
1384081743991	,2.968137
1384081743994	,2.8023
1384081743999	,5.0953407
1384081744002	,2.9162729
1384081744005	,2.8866441
1384081744008	,2.670509
1384081744011	,2.832603
1384081744014	,2.497866
1384081744017	,2.8381321
1384081744020	,3.4248512
1384081744024	,3.353605
1384081744026	,2.717616
1384081744030	,3.053077
1384081744032	,2.61152
1384081744035	,2.7833269
1384081744039	,3.338813
1384081744042	,2.895632
1384081744046	,4.2578807
1384081744049	,2.585725
1384081744051	,2.592282
1384081744054	,2.661353
1384081744057	,2.6743588
1384081744060	,3.1918921
1384081744063	,2.582283
1384081744065	,2.6206412
1384081744068	,2.597379
1384081744071	,2.455085
1384081744074	,3.344238
1384081744077	,3.015614
1384081744080	,2.763822
1384081744083	,2.587292
1384081744086	,2.9066498
1384081744089	,3.372084
1384081744093	,3.2475328
1384081744097	,4.5653033
1384081744101	,3.192659
1384081744106	,5.612396
1384081744113	,6.359721
1384081744116	,3.435133
1384081744119	,2.7300959
1384081744121	,2.364995
1384081744124	,2.412075
1384081744127	,2.693519
1384081744129	,2.5843601
1384081744132	,2.759311
1384081744136	,4.00564
1384081744141	,4.2163043
1384081744144	,3.20029
1384081744146	,2.404389
1384081744150	,3.2317
1384081744152	,2.558055
1384081744155	,2.686866
1384081744159	,3.373707
1384081744163	,3.899807
1384081744166	,2.7287939
1384081744168	,2.523693
1384081744171	,2.566266
1384081744173	,2.5166569
1384081744176	,2.5077481
1384081744179	,2.8982759
1384081744187	,7.899447
1384081744190	,2.461924
1384081744192	,2.618509
1384081744195	,2.711882
1384081744198	,2.470303
1384081744201	,2.954491
1384081744203	,2.4568741
1384081744206	,2.893861
1384081744210	,3.3094542
1384081744212	,2.43268
1384081744215	,2.448331
1384081744219	,4.064293
1384081744222	,2.7804852
1384081744225	,3.0438101
1384081744228	,2.815268
1384081744232	,3.972138
1384081744235	,2.9538531
1384081744238	,3.592153
1384081744241	,2.7234929
1384081744243	,2.1642141
1384081744246	,2.376519
1384081744248	,2.206375
1384081744251	,2.655219
1384081744254	,2.799572
1384081744256	,2.7118192
1384081744259	,2.999294
1384081744264	,3.992589
1384081744266	,2.7500682
1384081744269	,2.739686
1384081744272	,2.411467
1384081744275	,2.7841809
1384081744277	,2.516624
1384081744280	,2.4914541
1384081744282	,2.605648
1384081744285	,2.574407
1384081744288	,2.734147
1384081744291	,2.781189
1384081744294	,2.912983
1384081744297	,3.346039
1384081744300	,2.79876
1384081744303	,3.1436708
1384081744307	,3.507004
1384081744310	,2.827086
1384081744312	,2.393126
1384081744315	,2.649966
1384081744320	,4.6112404
1384081744323	,3.596025
1384081744328	,4.114052
1384081744331	,3.411459
1384081744334	,3.037109
1384081744337	,2.484693
1384081744340	,2.864114
1384081744343	,2.972363
1384081744348	,4.593647
1384081744353	,5.229874
1384081744356	,2.7182772
1384081744358	,2.2829041
1384081744361	,2.4847958
1384081744363	,2.772309
1384081744367	,3.4486852
1384081744370	,2.627971
1384081744372	,2.577258
1384081744375	,2.5300438
1384081744378	,2.5850868
1384081744380	,2.7296698
1384081744383	,2.594459
1384081744386	,2.6617491
1384081744389	,2.5873702
1384081744392	,3.0754519
1384081744395	,3.089257
1384081744398	,2.6550481
1384081744401	,3.1302662
1384081744404	,3.215311
1384081744408	,3.511938
1384081744412	,3.792843
1384081744416	,4.165871
1384081744419	,2.810642
1384081744422	,2.644329
1384081744424	,2.5741022
1384081744427	,2.490926
1384081744429	,2.433583
1384081744433	,3.758231
1384081744436	,2.887137
1384081744440	,3.2083158
1384081744490	,49.99207
1384081744494	,3.9149399
1384081744496	,2.646209
1384081744501	,4.093454
1384081744504	,2.9203
1384081744507	,3.3364441
1384081744511	,3.5434618
1384081744513	,2.4660301
1384081744516	,2.511594
1384081744518	,2.414125
1384081744522	,3.355665
1384081744527	,4.856041
1384081744529	,2.508359
1384081744532	,2.7464051
1384081744534	,2.27841
1384081744537	,2.638083
1384081744540	,2.876379
1384081744543	,2.7435892
1384081744546	,3.153739
1384081744550	,3.316139
1384081744552	,2.7210839
1384081744556	,3.1839209
1384081744558	,2.208463
1384081744560	,2.358232
1384081744563	,2.5200372
1384081744567	,3.4231021
1384081744570	,2.878349
1384081744572	,2.332242
1384081744576	,4.213958
1384081744579	,2.6869419
1384081744582	,2.8877661
1384081744585	,2.6828082
1384081744588	,2.77077
1384081744590	,2.7830749
1384081744594	,3.152678
1384081744597	,2.795416
1384081744599	,2.651779
1384081744602	,2.89448
1384081744605	,3.020726
1384081744608	,2.4335492
1384081744611	,2.7919729
1384081744614	,2.5317252
1384081744616	,2.538751
1384081744619	,2.453369
1384081744622	,2.8256369
1384081744624	,2.5503368
1384081744627	,2.474083
1384081744630	,2.856792
1384081744633	,3.012757
1384081744637	,4.366584
1384081744642	,4.637918
1384081744644	,2.352852
1384081744647	,2.4579031
1384081744650	,2.612458
1384081744652	,2.652315
1384081744655	,2.870584
1384081744658	,3.0217361
1384081744662	,3.2210538
1384081744664	,2.229446
1384081744667	,2.4044352
1384081744669	,2.618833
1384081744673	,3.905741
1384081744676	,2.606539
1384081744679	,2.523939
1384081744681	,2.7703822
1384081744684	,2.67524
1384081744694	,9.345304
1384081744697	,2.915896
1384081744699	,2.52292
1384081744702	,3.06313
1384081744706	,3.221314
1384081744709	,2.765903
1384081744712	,2.867979
1384081744714	,2.567009
1384081744717	,2.472603
1384081744720	,2.843489
1384081744722	,2.517622
1384081744726	,3.154577
1384081744729	,3.36411
1384081744732	,3.29452
1384081744736	,3.350407
1384081744738	,2.221518
1384081744741	,2.5706189
1384081744743	,2.573953
1384081744746	,2.693769
1384081744749	,2.710529
1384081744752	,2.8138068
1384081744754	,2.4105392
1384081744759	,4.410458
1384081744762	,2.9822052
1384081744764	,2.381365
1384081744767	,2.458473
1384081744770	,2.5693731
1384081744772	,2.607327
1384081744775	,2.637419
1384081744779	,2.695827
1384081744782	,2.786536
1384081744787	,4.9609866
1384081744790	,2.725595
1384081744792	,2.595499
1384081744796	,3.5492911
1384081744799	,2.959996
1384081744802	,2.6532629
1384081744805	,2.673086
1384081744807	,2.651953
1384081744810	,2.80769
1384081744813	,2.8073092
1384081744816	,2.880949
1384081744819	,2.84025
1384081744822	,2.860848
1384081744825	,3.1819332
1384081744828	,2.7443402
1384081744831	,2.5096931
1384081744833	,2.4619288
1384081744840	,6.672794
1384081744843	,3.097896
1384081744846	,2.622576
1384081744849	,2.983113
1384081744852	,2.88291
1384081744855	,2.654666
1384081744858	,2.840189
1384081744860	,2.759279
1384081744863	,2.696347
1384081744866	,2.7671049
1384081744869	,2.911031
1384081744873	,3.361584
1384081744876	,2.9978302
1384081744878	,2.541307
1384081744881	,2.575349
1384081744884	,2.6541722
1384081744887	,2.747926
1384081744889	,2.8602
1384081744893	,3.0873492
1384081744900	,6.906909
1384081744907	,7.093588
1384081744911	,4.032996
1384081744915	,4.3829436
1384081744919	,3.097166
1384081744922	,3.520561
1384081744925	,2.501521
1384081744928	,2.75984
1384081744931	,2.910375
1384081744933	,2.4253469
1384081744937	,4.018165
1384081744941	,3.166786
1384081744945	,4.630018
1384081744949	,3.396737
1384081744955	,6.1104407
1384081744958	,2.4436011
1384081744963	,5.33224
1384081744967	,3.602107
1384081744969	,2.6992872
1384081744974	,4.5094676
1384081744976	,2.248572
1384081744979	,2.464453
1384081744982	,2.642828
1384081744984	,2.474056
1384081744987	,2.4582849
1384081744989	,2.694596
1384081744992	,2.442699
1384081744995	,2.722676
1384081744998	,2.743375
1384081745000	,2.558003
1384081745003	,2.468436
1384081745006	,2.623072
1384081745010	,4.1380506
1384081745013	,2.840875
1384081745015	,2.689477
1384081745018	,2.5625901
1384081745021	,2.653848
1384081745024	,2.813025
1384081745027	,3.251013
1384081745032	,4.605237
1384081745034	,2.730782
1384081745037	,2.4361942
1384081745040	,2.479761
1384081745042	,2.720119
1384081745045	,2.777333
1384081745048	,2.7835991
1384081745051	,2.575653
1384081745053	,2.480368
1384081745056	,2.510137
1384081745058	,2.560459
1384081745061	,2.447949
1384081745064	,2.573437
1384081745066	,2.467519
1384081745069	,2.596126
1384081745071	,2.6257992
1384081745074	,2.404116
1384081745077	,2.697536
1384081745079	,2.429996
1384081745082	,2.588629
1384081745085	,2.793196
1384081745087	,2.5183492
1384081745090	,2.652073
1384081745093	,3.018105
1384081745096	,2.461406
1384081745098	,2.5713701
1384081745104	,6.009541
1384081745111	,6.802024
1384081745115	,3.409807
1384081745123	,8.434448
1384081745137	,13.569421
1384081745141	,3.708933
1384081745144	,3.0749362
1384081745147	,2.815368
1384081745150	,2.677151
1384081745152	,2.492513
1384081745156	,3.3085802
1384081745158	,2.227376
1384081745161	,2.718075
1384081745163	,2.462162
1384081745166	,2.2626798
1384081745169	,2.8914828
1384081745171	,2.615019
1384081745174	,2.870832
1384081745177	,2.51155
1384081745180	,3.051459
1384081745183	,3.1953168
1384081745186	,2.3848689
1384081745188	,2.50005
1384081745191	,2.340166
1384081745193	,2.440876
1384081745196	,2.508646
1384081745198	,2.582029
1384081745201	,2.631775
1384081745203	,2.297962
1384081745206	,2.83307
1384081745209	,2.811579
1384081745212	,2.810482
1384081745215	,2.4961588
1384081745217	,2.438528
1384081745220	,2.4202461
1384081745222	,2.4561398
1384081745225	,2.624406
1384081745227	,2.282775
1384081745230	,2.576386
1384081745232	,2.288426
1384081745235	,2.777216
1384081745239	,3.273407
1384081745241	,2.80744
1384081745244	,2.649552
1384081745248	,3.877258
1384081745252	,3.901567
1384081745255	,2.586062
1384081745257	,2.5165591
1384081745260	,2.411885
1384081745262	,2.364435
1384081745265	,2.406416
1384081745267	,2.50751
1384081745270	,2.556266
1384081745273	,2.5249221
1384081745276	,3.4960701
1384081745279	,2.612186
1384081745281	,2.3284318
1384081745284	,2.298485
1384081745286	,2.4487562
1384081745289	,2.3139231
1384081745291	,2.3906999
1384081745294	,2.5091121
1384081745296	,2.732189
1384081745299	,2.372623
1384081745302	,2.853369
1384081745306	,3.6054142
1384081745309	,3.770544
1384081745312	,2.966547
1384081745317	,4.728288
1384081745320	,2.728595
1384081745322	,2.369676
1384081745325	,2.656655
1384081745328	,2.60999
1384081745332	,4.370001
1384081745335	,2.5619528
1384081745338	,2.8564441
1384081745341	,3.270366
1384081745344	,2.711456
1384081745348	,3.484531
1384081745352	,4.0000668
1384081745354	,2.492379
1384081745357	,2.396403
1384081745360	,2.761249
1384081745362	,2.233355
1384081745364	,2.4228392
1384081745367	,2.353879
1384081745369	,2.515409
1384081745372	,2.552461
1384081745375	,2.7934709
1384081745378	,3.3810658
1384081745381	,2.601247
1384081745384	,2.519669
1384081745386	,2.57322
1384081745389	,2.498775
1384081745392	,2.503219
1384081745394	,2.705826
1384081745397	,2.49507
1384081745400	,2.634226
1384081745403	,2.829289
1384081745405	,2.534899
1384081745408	,2.6730568
1384081745411	,2.6831632
1384081745414	,2.930222
1384081745416	,2.5048292
1384081745419	,2.720824
1384081745422	,2.5072381
1384081745424	,2.427449
1384081745427	,2.557232
1384081745429	,2.6466398
1384081745432	,2.540971
1384081745435	,2.96225
1384081745438	,3.253327
1384081745442	,3.6290061
1384081745446	,3.38852
1384081745448	,2.429118
1384081745451	,2.348306
1384081745453	,2.625345
1384081745457	,3.387864
1384081745464	,6.788224
1384081745466	,2.6354718
1384081745469	,2.665526
1384081745472	,2.5452871
1384081745474	,2.631563
1384081745477	,2.758826
1384081745480	,2.852153
1384081745483	,3.133314
1384081745486	,2.830447
1384081745489	,2.976216
1384081745492	,3.0872672
1384081745495	,2.925566
1384081745498	,2.555232
1384081745501	,2.599452
1384081745504	,3.06285
1384081745507	,2.781853
1384081745511	,4.327461
1384081745522	,10.903154
1384081745525	,3.303245
1384081745528	,2.787208
1384081745531	,2.395053
1384081745533	,2.564208
1384081745536	,2.709764
1384081745539	,2.465585
1384081745541	,2.483572
1384081745546	,4.7012596
1384081745549	,2.4782982
1384081745551	,2.848294
1384081745557	,5.267643
1384081745564	,6.878961
1384081745567	,3.641257
1384081745570	,2.286468
1384081745572	,2.3732638
1384081745575	,2.5904078
1384081745578	,2.6105459
1384081745581	,3.091079
1384081745584	,3.159229
1384081745588	,3.628239
1384081745590	,2.409174
1384081745593	,2.370032
1384081745595	,2.521666
1384081745598	,2.545304
1384081745600	,2.679776
1384081745603	,2.87441
1384081745606	,2.926186
1384081745609	,2.628196
1384081745612	,2.521263
1384081745615	,3.00972
1384081745618	,2.647092
1384081745620	,2.5640879
1384081745623	,2.507159
1384081745625	,2.522804
1384081745628	,2.47846
1384081745631	,2.965993
1384081745634	,2.757096
1384081745637	,2.73191
1384081745640	,3.233956
1384081745643	,3.078126
1384081745648	,5.067534
1384081745652	,3.657074
1384081745654	,2.358349
1384081745657	,2.4959629
1384081745659	,2.465523
1384081745663	,3.154106
1384081745665	,2.699006
1384081745668	,2.449923
1384081745671	,2.438753
1384081745673	,2.370719
1384081745676	,2.491539
1384081745678	,2.604699
1384081745681	,2.444103
1384081745684	,2.678096
1384081745686	,2.443356
1384081745689	,2.492736
1384081745691	,2.526469
1384081745694	,2.5413659
1384081745696	,2.525899
1384081745699	,2.817136
1384081745702	,2.8329098
1384081745705	,2.778452
1384081745708	,2.45701
1384081745711	,2.820076
1384081745716	,5.261253
1384081745719	,2.9214199
1384081745721	,2.520131
1384081745724	,2.874721
1384081745727	,2.614537
1384081745731	,3.967801
1384081745734	,2.545936
1384081745737	,2.678293
1384081745739	,2.658846
1384081745742	,2.5798092
1384081745745	,2.604476
1384081745749	,3.998734
1384081745751	,2.598353
1384081745754	,2.738846
1384081745757	,2.653533
1384081745760	,2.6850219
1384081745762	,2.266306
1384081745766	,4.1414266
1384081745769	,2.629643
1384081745771	,2.383881
1384081745774	,2.276272
1384081745776	,2.381845
1384081745780	,3.8039222
1384081745783	,2.471885
1384081745785	,2.450103
1384081745788	,2.659906
1384081745791	,2.621053
1384081745793	,2.6154132
1384081745796	,2.9183168
1384081745799	,2.297672
1384081745801	,2.590706
1384081745804	,2.482552
1384081745806	,2.4288821
1384081745809	,2.646516
1384081745811	,2.3026059
1384081745814	,2.428116
1384081745816	,2.412529
1384081745819	,2.689316
1384081745822	,2.487266
1384081745824	,2.415732
1384081745828	,3.3043969
1384081745831	,2.970324
1384081745833	,2.5970879
1384081745836	,2.439221
1384081745839	,3.078488
1384081745843	,3.61557
1384081745845	,2.51009
1384081745848	,2.241112
1384081745852	,4.378005
1384081745856	,3.47519
1384081745858	,2.542286
1384081745861	,2.457499
1384081745863	,2.500266
1384081745866	,2.699859
1384081745869	,2.9696898
1384081745872	,2.566662
1384081745874	,2.333636
1384081745877	,2.371153
1384081745879	,2.357933
1384081745882	,2.501005
1384081745884	,2.376708
1384081745886	,2.369106
1384081745890	,3.432642
1384081745893	,2.584486
1384081745895	,2.2973921
1384081745897	,2.345301
1384081745900	,2.357425
1384081745902	,2.4449651
1384081745905	,2.682969
1384081745908	,2.639059
1384081745910	,2.482373
1384081745913	,2.968183
1384081745917	,3.5773702
1384081745921	,3.3450458
1384081745923	,2.372856
1384081745926	,2.983561
1384081745929	,2.5104952
1384081745931	,2.32773
1384081745934	,3.04645
1384081745937	,2.427823
1384081745939	,2.237026
1384081745941	,2.183658
1384081745945	,3.984628
1384081745948	,2.831759
1384081745951	,3.0560338
1384081745954	,2.614186
1384081745957	,2.901273
1384081745960	,2.7277892
1384081745968	,8.12117
1384081745977	,8.789709
1384081745980	,2.979424
1384081745983	,2.552262
1384081745985	,2.531697
1384081745987	,2.207991
1384081745990	,2.841196
1384081745997	,6.529073
1384081746000	,2.775866
1384081746003	,2.579687
1384081746005	,2.505689
1384081746008	,2.636939
1384081746011	,2.758886
1384081746013	,2.503785
1384081746016	,2.271706
1384081746019	,3.029846
1384081746021	,2.432569
1384081746024	,2.306453
1384081746026	,2.760966
1384081746029	,2.585459
1384081746032	,2.752606
1384081746035	,2.8120801
1384081746038	,2.851616
1384081746040	,2.693124
1384081746043	,2.764751
1384081746046	,2.829479
1384081746049	,2.6158211
1384081746052	,2.810473
1384081746055	,3.1640038
1384081746058	,2.9306078
1384081746061	,3.139153
1384081746064	,2.652649
1384081746067	,2.947703
1384081746070	,2.820538
1384081746073	,3.210956
1384081746076	,2.72475
1384081746078	,2.403513
1384081746081	,2.58446
1384081746084	,2.58925
1384081746086	,2.5060992
1384081746089	,2.410389
1384081746091	,2.567539
1384081746095	,3.008779
1384081746098	,3.1900358
1384081746101	,3.1555371
1384081746105	,3.5841331
1384081746107	,2.4753158
1384081746110	,2.8818521
1384081746113	,2.7591941
1384081746116	,2.697999
1384081746128	,11.72137
1384081746133	,5.271416
1384081746145	,11.79544
1384081746148	,3.106087
1384081746152	,3.501211
1384081746154	,2.509733
1384081746157	,2.747497
1384081746160	,2.616496
1384081746162	,2.545309
1384081746165	,2.349076
1384081746168	,2.776819
1384081746172	,4.221881
1384081746176	,3.7448668
1384081746179	,3.56176
1384081746184	,4.535712
1384081746188	,3.542826
1384081746190	,2.5311332
1384081746193	,2.627903
1384081746197	,3.951383
1384081746200	,2.614295
1384081746203	,3.52761
1384081746206	,2.512542
1384081746208	,2.39269
1384081746211	,2.648272
1384081746214	,2.5577161
1384081746216	,2.6460161
1384081746219	,2.496626
1384081746222	,2.808388
1384081746224	,2.5033422
1384081746227	,2.4480228
1384081746230	,2.532823
1384081746232	,2.521857
1384081746235	,2.462593
1384081746237	,2.646039
1384081746240	,2.487996
1384081746243	,2.4640992
1384081746245	,2.521636
1384081746248	,3.0073621
1384081746251	,2.445896
1384081746253	,2.398334
1384081746256	,2.970804
1384081746260	,3.69932
1384081746264	,3.510407
1384081746268	,4.025064
1384081746270	,2.345536
1384081746273	,2.282622
1384081746275	,2.3503401
1384081746278	,2.608301
1384081746280	,2.559518
1384081746283	,2.999786
1384081746286	,2.2637029
1384081746288	,2.36385
1384081746291	,2.543792
1384081746293	,2.346656
1384081746296	,2.376523
1384081746298	,2.3292391
1384081746300	,2.258272
1384081746303	,2.4214818
1384081746306	,2.517008
1384081746308	,2.5798478
1384081746311	,2.434203
1384081746313	,2.3335931
1384081746315	,2.257633
1384081746318	,2.904419
1384081746321	,2.471923
1384081746324	,2.414628
1384081746326	,2.383971
1384081746328	,2.411145
1384081746331	,2.482313
1384081746333	,2.337811
1384081746338	,4.330494
1384081746341	,2.771491
1384081746343	,2.325987
1384081746346	,2.382701
1384081746348	,2.4005282
1384081746350	,2.346828
1384081746356	,5.119299
1384081746359	,3.351864
1384081746361	,2.267071
1384081746364	,2.209875
1384081746366	,2.612719
1384081746369	,2.3393998
1384081746371	,2.572847
1384081746374	,2.381563
1384081746376	,2.51047
1384081746379	,2.744885
1384081746382	,2.418473
1384081746384	,2.452379
1384081746388	,3.497624
1384081746390	,2.4964519
1384081746393	,2.6163769
1384081746396	,2.367262
1384081746398	,2.4062152
1384081746401	,2.669882
1384081746403	,2.450703
1384081746406	,2.635802
1384081746409	,2.4564629
1384081746411	,2.140169
1384081746414	,2.654358
1384081746416	,2.306488
1384081746418	,2.284089
1384081746421	,2.3402772
1384081746423	,2.479757
1384081746426	,2.418319
1384081746428	,2.1605182
1384081746431	,2.489175
1384081746433	,2.535887
1384081746436	,2.464749
1384081746438	,2.500136
1384081746441	,2.4804318
1384081746443	,2.3030062
1384081746445	,2.253695
1384081746448	,2.58726
1384081746451	,2.764919
1384081746454	,2.635339
1384081746457	,3.488646
1384081746460	,2.632503
1384081746462	,2.256392
1384081746466	,4.091864
1384081746469	,2.647472
1384081746471	,2.203393
1384081746474	,2.1233158
1384081746476	,2.523192
1384081746479	,2.310639
1384081746481	,2.3584352
1384081746485	,3.793822
1384081746488	,3.358582
1384081746491	,2.306732
1384081746493	,2.475827
1384081746496	,2.427779
1384081746509	,13.408314
1384081746511	,1.99097
1384081746514	,2.244962
1384081746516	,2.0089831
1384081746518	,2.062031
1384081746520	,2.19977
1384081746522	,2.143958
1384081746524	,1.909003
1384081746526	,2.065198
1384081746529	,2.416385
1384081746531	,2.179717
1384081746534	,3.1401331
1384081746537	,2.35056
1384081746540	,3.53252
1384081746542	,2.3293521
1384081746545	,2.18297
1384081746547	,2.132666
1384081746549	,2.0181391
1384081746551	,2.2204552
1384081746554	,2.4425259
1384081746557	,2.9427629
1384081746561	,3.931151
1384081746564	,3.2496831
1384081746568	,3.483331
1384081746571	,3.093793
1384081746573	,2.424372
1384081746575	,2.2491999
1384081746578	,2.614795
1384081746581	,2.460886
1384081746583	,2.718119
1384081746586	,2.3997462
1384081746588	,2.502082
1384081746592	,3.312793
1384081746596	,4.473734
1384081746599	,2.1388001
1384081746601	,2.221119
1384081746603	,2.42869
1384081746606	,2.2708921
1384081746608	,2.43572
1384081746611	,2.428973
1384081746613	,2.197904
1384081746615	,2.3870459
1384081746618	,2.233236
1384081746620	,2.2971961
1384081746623	,2.4412901
1384081746625	,2.5914161
1384081746628	,2.4988492
1384081746630	,2.521146
1384081746633	,2.583214
1384081746636	,2.400386
1384081746638	,2.236212
1384081746640	,2.307453
1384081746643	,2.2838492
1384081746645	,2.459385
1384081746648	,2.338006
1384081746650	,2.341299
1384081746652	,2.4488559
1384081746655	,2.469496
1384081746657	,2.3238082
1384081746660	,2.865531
1384081746663	,2.666341
1384081746666	,2.542647
1384081746668	,2.6120172
1384081746671	,2.968246
1384081746674	,2.833601
1384081746677	,2.568082
1384081746680	,2.5662858
1384081746682	,2.4241889
1384081746685	,2.583646
1384081746688	,2.859862
1384081746691	,2.987
1384081746693	,2.615649
1384081746696	,2.694139
1384081746699	,2.6709762
1384081746702	,2.888415
1384081746704	,2.6218722
1384081746707	,2.587537
1384081746710	,3.3125691
1384081746713	,2.443437
1384081746717	,3.465386
1384081746719	,2.213926
1384081746722	,2.7100892
1384081746724	,2.575406
1384081746727	,2.134321
1384081746729	,2.288409
1384081746732	,2.811917
1384081746735	,2.749273
1384081746737	,2.282023
1384081746740	,2.652623
1384081746744	,4.5641737
1384081746747	,2.412986
1384081746749	,2.417608
1384081746751	,2.217519
1384081746754	,2.665146
1384081746757	,2.760243
1384081746766	,9.292789
1384081746769	,2.793288
1384081746772	,2.216944
1384081746774	,2.559603
1384081746777	,3.140492
1384081746780	,2.288476
1384081746783	,3.0158
1384081746786	,2.758535
1384081746788	,2.356758
1384081746791	,2.729922
1384081746793	,2.509833
1384081746796	,2.3774629
1384081746799	,3.05719
1384081746802	,2.948683
1384081746805	,2.521369
1384081746807	,2.456455
1384081746810	,2.699326
1384081746813	,2.991586
1384081746818	,4.450417
1384081746820	,2.374366
1384081746822	,2.1831632
1384081746825	,2.435909
1384081746827	,2.480593
1384081746829	,2.143283
1384081746832	,2.160362
1384081746834	,2.1591551
1384081746836	,2.356019
1384081746839	,2.2348359
1384081746841	,2.385221
1384081746843	,2.320313
1384081746846	,2.5524752
1384081746889	,43.159557
1384081746894	,4.418009
1384081746898	,4.3121347
1384081746901	,2.535063
1384081746903	,2.323654
1384081746906	,2.3605
1384081746908	,2.512445
1384081746911	,2.694644
1384081746914	,2.715992
1384081746917	,2.852322
1384081746919	,2.361806
1384081746921	,2.281032
1384081746924	,2.887746
1384081746927	,2.5694718
1384081746929	,2.274369
1384081746932	,2.189079
1384081746934	,2.238922
1384081746937	,2.946476
1384081746939	,2.402249
1384081746942	,2.421613
1384081746944	,2.310425
1384081746947	,2.535359
1384081746949	,2.289521
1384081746952	,2.438398
1384081746954	,2.209493
1384081746956	,2.2682729
1384081746959	,2.362586
1384081746961	,2.42907
1384081746965	,3.263139
1384081746967	,2.648914
1384081746970	,3.0051088
1384081746973	,2.3554132
1384081746975	,2.201462
1384081746977	,2.180653
1384081746980	,2.559772
1384081746982	,2.3984299
1384081746985	,3.015869
1384081746988	,2.230942
1384081746990	,2.277626
1384081746992	,2.269663
1384081746995	,2.115725
1384081746997	,2.179026
1384081746999	,2.233629
1384081747002	,2.372583
1384081747004	,2.362275
1384081747007	,3.147444
1384081747009	,2.0676918
1384081747012	,2.6127691
1384081747015	,2.3997362
1384081747017	,2.65973
1384081747021	,4.048863
1384081747024	,2.322113
1384081747026	,2.394689
1384081747029	,2.604006
1384081747031	,2.264142
1384081747034	,2.4986289
1384081747036	,2.451222
1384081747039	,2.2022262
1384081747041	,2.2934961
1384081747043	,2.2638621
1384081747045	,2.084058
1384081747048	,2.2094991
1384081747050	,2.379373
1384081747053	,2.342241
1384081747055	,2.214125
1384081747057	,2.486981
1384081747060	,2.664526
1384081747062	,2.1640759
1384081747065	,2.2682528
1384081747067	,2.237366
1384081747070	,2.536029
1384081747072	,2.243582
1384081747074	,2.247153
1384081747078	,4.077724
1384081747081	,2.4734519
1384081747084	,2.580662
1384081747086	,2.1426752
1384081747089	,2.649
1384081747092	,3.0447462
1384081747095	,3.255344
1384081747098	,2.657145
1384081747100	,2.448932
1384081747104	,3.3252099
1384081747106	,2.300112
1384081747108	,2.23231
1384081747111	,2.264256
1384081747114	,2.971202
1384081747117	,2.898143
1384081747120	,3.5487099
1384081747123	,2.215659
1384081747125	,2.482446
1384081747128	,2.594166
1384081747130	,2.267436
1384081747132	,2.295106
1384081747135	,2.240778
1384081747137	,2.405077
1384081747141	,3.631649
1384081747145	,3.5723479
1384081747148	,3.678301
1384081747151	,2.476753
1384081747153	,2.460649
1384081747156	,2.145539
1384081747158	,2.375236
1384081747162	,3.582133
1384081747164	,2.559945
1384081747167	,2.685062
1384081747170	,2.4578822
1384081747172	,2.371408
1384081747174	,2.107402
1384081747176	,2.274293
1384081747179	,2.087928
1384081747181	,2.29227
1384081747183	,2.1953292
1384081747186	,2.8819818
1384081747189	,2.793639
1384081747191	,2.179499
1384081747194	,2.642582
1384081747197	,2.572723
1384081747199	,2.5990791
1384081747203	,3.152917
1384081747206	,3.084716
1384081747210	,3.973681
1384081747212	,2.4839551
1384081747215	,2.317706
1384081747217	,2.182505
1384081747219	,2.4592628
1384081747222	,2.638396
1384081747225	,2.4105291
1384081747227	,2.101896
1384081747229	,2.2169838
1384081747232	,2.332329
1384081747234	,2.197022
1384081747236	,2.493316
1384081747239	,2.4884331
1384081747242	,2.5022008
1384081747244	,2.5654452
1384081747246	,2.250029
1384081747249	,2.611803
1384081747252	,2.374606
1384081747254	,2.589752
1384081747257	,2.606909
1384081747259	,2.497329
1384081747262	,2.177698
1384081747264	,2.442615
1384081747267	,2.395915
1384081747269	,2.418202
1384081747272	,2.553015
1384081747274	,2.5147529
1384081747277	,2.521416
1384081747280	,2.53358
1384081747282	,2.459189
1384081747285	,2.6206932
1384081747287	,2.494281
1384081747290	,2.777437
1384081747293	,2.550096
1384081747296	,2.813942
1384081747298	,2.695301
1384081747301	,2.7413578
1384081747304	,2.504587
1384081747306	,2.402732
1384081747309	,2.622773
1384081747312	,2.483682
1384081747314	,2.3314772
1384081747316	,2.460315
1384081747320	,3.063101
1384081747323	,3.204745
1384081747326	,3.218487
1384081747329	,2.745227
1384081747331	,2.3255992
1384081747334	,2.374851
1384081747336	,2.463745
1384081747339	,2.565804
1384081747342	,3.285726
1384081747345	,2.553981
1384081747348	,2.791548
1384081747352	,4.19617
1384081747354	,2.156528
1384081747357	,2.466684
1384081747359	,2.3646111
1384081747362	,2.185804
1384081747364	,2.5160868
1384081747368	,3.540468
1384081747370	,2.373125
1384081747373	,2.52176
1384081747375	,2.1266532
1384081747378	,2.7703912
1384081747381	,2.65949
1384081747383	,2.649129
1384081747386	,2.2758
1384081747389	,2.787229
1384081747391	,2.410793
1384081747394	,2.5491312
1384081747396	,2.2739031
1384081747399	,2.919025
1384081747401	,2.245869
1384081747404	,2.216961
1384081747408	,4.847797
1384081747412	,3.171021
1384081747415	,2.876595
1384081747417	,2.633975
1384081747420	,2.4415271
1384081747424	,4.245319
1384081747427	,2.624371
1384081747430	,2.6418512
1384081747433	,3.0838501
1384081747435	,2.2184489
1384081747437	,2.21204
1384081747440	,2.3534951
1384081747442	,2.3871331
1384081747444	,2.2250779
1384081747447	,2.05717
1384081747449	,2.384384
1384081747451	,2.0721831
1384081747454	,2.387982
1384081747456	,2.13518
1384081747458	,2.36605
1384081747460	,2.168591
1384081747463	,2.457244
1384081747465	,2.156859
1384081747468	,2.2864342
1384081747470	,2.1685162
1384081747472	,2.3590271
1384081747474	,2.029168
1384081747477	,2.432384
1384081747479	,2.180371
1384081747481	,2.192049
1384081747484	,2.508443
1384081747486	,2.373898
1384081747489	,2.328061
1384081747491	,2.498378
1384081747494	,2.464294
1384081747497	,2.6816049
1384081747499	,2.359564
1384081747502	,2.472924
1384081747504	,2.3602538
1384081747507	,3.2147682
1384081747512	,4.8948827
1384081747515	,2.5312219
1384081747517	,2.4699528
1384081747520	,2.196517
1384081747522	,2.14737
1384081747524	,2.4353368
1384081747527	,2.29066
1384081747529	,2.5017
1384081747531	,2.100618
1384081747534	,2.2326841
1384081747536	,2.381707
1384081747539	,2.645742
1384081747541	,2.244469
1384081747543	,2.1939752
1384081747546	,2.240693
1384081747549	,2.692565
1384081747552	,3.192621
1384081747556	,3.940743
1384081747558	,2.2839098
1384081747561	,2.449899
1384081747563	,2.278378
1384081747565	,2.460317
1384081747568	,2.795417
1384081747571	,2.541751
1384081747573	,2.4400811
1384081747576	,2.6858711
1384081747578	,2.055178
1384081747581	,2.270387
1384081747584	,2.942974
1384081747586	,2.4396908
1384081747588	,2.136638
1384081747591	,2.680018
1384081747594	,3.081861
1384081747597	,2.3983479
1384081747599	,2.151604
1384081747601	,2.162583
1384081747603	,2.0340781
1384081747605	,2.139284
1384081747608	,2.24281
1384081747610	,2.31023
1384081747613	,2.401064
1384081747615	,2.471874
1384081747617	,2.223984
1384081747620	,2.178401
1384081747622	,2.5732782
1384081747627	,4.267572
1384081747629	,2.3780339
1384081747632	,3.170405
1384081747636	,3.184895
1384081747638	,2.287771
1384081747640	,2.131708
1384081747643	,2.535919
1384081747645	,2.2563999
1384081747647	,2.310218
1384081747650	,2.127834
1384081747652	,2.519554
1384081747655	,2.31923
1384081747657	,2.4786332
1384081747660	,2.465056
1384081747662	,2.4825501
1384081747665	,2.287039
1384081747667	,2.6775172
1384081747670	,2.337063
1384081747673	,3.0251918
1384081747675	,2.237854
1384081747678	,2.719019
1384081747681	,2.686708
1384081747683	,2.516761
1384081747685	,2.0962782
1384081747688	,2.483871
1384081747691	,2.979244
1384081747694	,2.4519641
1384081747696	,2.4146621
1384081747698	,2.327929
1384081747701	,2.841768
1384081747704	,2.7009952
1384081747706	,2.1014838
1384081747709	,2.473805
1384081747711	,2.538368
1384081747715	,3.820908
1384081747718	,2.446231
1384081747721	,2.7117882
1384081747723	,2.44396
1384081747726	,2.579355
1384081747728	,2.067303
1384081747731	,2.950655
1384081747734	,3.3177328
1384081747737	,2.234283
1384081747739	,2.415941
1384081747741	,2.310842
1384081747744	,2.1863039
1384081747746	,2.591654
1384081747749	,2.38993
1384081747751	,2.274167
1384081747753	,2.046066
1384081747756	,2.4396589
1384081747758	,2.516001
1384081747761	,2.337177
1384081747763	,2.270184
1384081747765	,2.256362
1384081747768	,2.7122538
1384081747771	,3.134189
1384081747774	,2.47175
1384081747777	,2.640461
1384081747779	,2.0152469
1384081747781	,2.171677
1384081747783	,2.171597
1384081747785	,2.246671
1384081747788	,2.25495
1384081747790	,2.547718
1384081747793	,2.35971
1384081747796	,3.1393921
1384081747799	,2.705164
1384081747801	,2.32773
1384081747803	,2.101781
1384081747806	,2.804967
1384081747809	,2.408521
1384081747811	,2.205435
1384081747813	,2.064696
1384081747816	,2.392078
1384081747818	,2.57252
1384081747821	,3.144706
1384081747824	,2.6715062
1384081747828	,3.50613
1384081747831	,2.740468
1384081747833	,2.237457
1384081747835	,2.075881
1384081747838	,2.731907
1384081747840	,2.591703
1384081747843	,2.248964
1384081747845	,2.251885
1384081747848	,2.439389
1384081747850	,2.27501
1384081747852	,2.421381
1384081747855	,2.310124
1384081747857	,2.3285239
1384081747859	,2.198585
1384081747862	,2.645948
1384081747864	,2.253381
1384081747867	,2.316864
1384081747869	,2.534513
1384081747872	,2.444489
1384081747875	,2.484211
1384081747877	,2.375408
1384081747879	,2.267582
1384081747882	,2.48278
1384081747884	,2.31793
1384081747887	,2.437711
1384081747889	,2.62783
1384081747892	,2.6194232
1384081747895	,2.473161
1384081747898	,3.130743
1384081747901	,2.628329
1384081747905	,3.9795501
1384081747907	,2.280131
1384081747909	,2.433268
1384081747912	,2.235657
1384081747915	,2.713185
1384081747917	,2.148803
1384081747920	,3.052519
1384081747922	,2.474521
1384081747925	,2.8858678
1384081747928	,2.6096299
1384081747930	,2.209747
1384081747933	,2.230521
1384081747935	,2.380311
1384081747939	,3.664175
1384081747941	,2.5612042
1384081747944	,2.150106
1384081747946	,2.282718
1384081747949	,3.219295
1384081747952	,2.310085
1384081747954	,2.024136
1384081747956	,2.121854
1384081747961	,4.656556
1384081747963	,2.201115
1384081747965	,2.117325
1384081747967	,2.22149
1384081747970	,2.142063
1384081747972	,2.8418589
1384081747975	,2.579644
1384081747979	,3.353399
1384081747981	,2.147866
1384081747983	,2.187692
1384081747985	,2.3559332
1384081747988	,2.321387
1384081747990	,2.0666862
1384081747993	,2.969572
1384081747999	,5.4084783
1384081748003	,3.9244819
1384081748005	,2.1121469
1384081748007	,2.521
1384081748009	,2.072395
1384081748012	,2.253884
1384081748014	,2.235644
1384081748017	,3.0711088
1384081748020	,2.465874
1384081748022	,2.2118778
1384081748024	,2.127107
1384081748027	,2.502038
1384081748031	,4.17731
1384081748034	,3.191797
1384081748038	,3.3090868
1384081748041	,3.009249
1384081748044	,3.128305
1384081748046	,2.2876542
1384081748048	,2.08977
1384081748051	,2.15651
1384081748053	,2.1155
1384081748055	,2.1665869
1384081748057	,2.1263292
1384081748060	,2.385507
1384081748062	,1.94011
1384081748064	,2.099225
1384081748066	,2.158387
1384081748068	,2.227002
1384081748071	,2.123971
1384081748073	,2.338841
1384081748075	,2.249826
1384081748078	,2.344818
1384081748080	,2.423047
1384081748082	,2.278785
1384081748085	,2.169426
1384081748087	,2.46301
1384081748090	,2.232207
1384081748092	,2.389314
1384081748094	,2.3590438
1384081748097	,2.258964
1384081748099	,2.150276
1384081748102	,2.5768378
1384081748104	,2.500036
1384081748107	,2.320882
1384081748109	,2.198364
1384081748111	,2.5712461
1384081748114	,2.25472
1384081748116	,2.417351
1384081748119	,2.1697981
1384081748121	,2.298341
1384081748123	,2.4781709
1384081748126	,2.8931808
1384081748130	,3.524596
1384081748132	,2.418777
1384081748136	,3.6215591
1384081748138	,2.103027
1384081748141	,2.264476
1384081748143	,2.289682
1384081748145	,2.058777
1384081748148	,2.530715
1384081748150	,2.0586102
1384081748152	,2.51298
1384081748155	,2.058817
1384081748157	,2.130024
1384081748159	,2.327084
1384081748163	,4.184373
1384081748166	,2.2343779
1384081748168	,2.3314838
1384081748171	,2.6962352
1384081748173	,2.346366
1384081748179	,5.2014856
1384081748181	,2.669828
1384081748183	,1.956465
1384081748185	,2.073098
1384081748188	,2.53595
1384081748191	,2.574379
1384081748193	,2.4626398
1384081748196	,2.2964718
1384081748198	,2.250227
1384081748203	,5.4170628
1384081748207	,3.278595
1384081748209	,2.1515138
1384081748211	,2.473201
1384081748214	,2.440978
1384081748216	,2.3812041
1384081748219	,2.4474351
1384081748221	,2.411222
1384081748224	,2.3545601
1384081748226	,2.46302
1384081748229	,2.757875
1384081748232	,2.6561809
1384081748235	,2.6610548
1384081748237	,2.561624
1384081748241	,3.846783
1384081748244	,2.643398
1384081748247	,2.597355
1384081748249	,2.286973
1384081748251	,2.3503869
1384081748254	,2.188071
1384081748256	,2.272428
1384081748258	,2.3152199
1384081748261	,2.283181
1384081748263	,2.162396
1384081748265	,2.535251
1384081748269	,3.57998
1384081748272	,2.4735692
1384081748274	,2.38091
1384081748277	,2.437802
1384081748279	,2.3744662
1384081748282	,3.2550921
1384081748285	,2.817595
1384081748288	,2.684698
1384081748291	,2.6450071
1384081748294	,2.721094
1384081748296	,2.201185
1384081748299	,2.6570048
1384081748301	,2.4918811
1384081748304	,2.790106
1384081748306	,2.2895472
1384081748310	,3.195649
1384081748312	,2.2590802
1384081748314	,2.46909
1384081748317	,2.422124
1384081748319	,2.55148
1384081748322	,2.329193
1384081748325	,3.134759
1384081748327	,2.301371
1384081748330	,2.260951
1384081748332	,2.3375869
1384081748335	,2.4639518
1384081748338	,3.592304
1384081748342	,3.170298
1384081748345	,3.434115
1384081748348	,2.5561259
1384081748351	,2.7236679
1384081748354	,3.1327548
1384081748356	,2.20571
1384081748358	,2.2895
1384081748361	,2.100781
1384081748363	,2.351314
1384081748366	,3.2670271
1384081748369	,2.3068402
1384081748371	,2.07908
1384081748373	,2.359925
1384081748376	,2.5039518
1384081748378	,2.578861
1384081748381	,2.223274
1384081748384	,2.840775
1384081748386	,2.247643
1384081748389	,2.5771651
1384081748391	,2.4805338
1384081748394	,2.392305
1384081748396	,2.344883
1384081748398	,2.374954
1384081748401	,2.311784
1384081748404	,2.836332
1384081748406	,2.4343898
1384081748409	,3.060525
1384081748412	,2.209928
1384081748414	,2.684154
1384081748417	,2.521398
1384081748420	,2.5353181
1384081748422	,2.40799
1384081748425	,2.819215
1384081748427	,2.507401
1384081748430	,2.68117
1384081748433	,2.446695
1384081748437	,4.375569
1384081748440	,2.3381011
1384081748444	,4.212939
1384081748448	,3.7322109
1384081748450	,2.432311
1384081748453	,2.4179752
1384081748455	,2.568764
1384081748458	,2.406358
1384081748462	,4.093719
1384081748465	,2.571754
1384081748467	,2.8207438
1384081748470	,2.514888
1384081748473	,2.560718
1384081748475	,2.54245
1384081748478	,2.5836751
1384081748481	,2.5738912
1384081748483	,2.7064772
1384081748486	,2.319042
1384081748488	,2.7192042
1384081748491	,2.491518
1384081748494	,2.88471
1384081748497	,2.748771
1384081748500	,2.9172819
1384081748503	,2.9628649
1384081748506	,2.853612
1384081748509	,2.825745
1384081748512	,2.878663
1384081748514	,2.48542
1384081748517	,2.758385
1384081748520	,2.6073449
1384081748522	,2.6577759
1384081748525	,2.284432
1384081748528	,2.999034
1384081748530	,2.319984
1384081748533	,2.9101808
1384081748535	,2.181487
1384081748538	,2.784775
1384081748542	,3.488073
1384081748545	,2.889181
1384081748547	,2.127934
1384081748550	,2.7288501
1384081748552	,2.4887629
1384081748555	,2.389418
1384081748557	,2.329489
1384081748560	,2.367035
1384081748562	,2.239978
1384081748566	,3.594625
1384081748569	,2.984955
1384081748571	,2.36251
1384081748573	,2.198133
1384081748576	,2.78203
1384081748579	,2.8277
1384081748582	,2.910758
1384081748585	,2.855989
1384081748587	,2.508443
1384081748590	,2.3884752
1384081748592	,2.451813
1384081748595	,2.916822
1384081748598	,2.388774
1384081748600	,2.1147609
1384081748603	,2.713704
1384081748605	,2.4366002
1384081748609	,3.4930348
1384081748614	,5.402402
1384081748618	,3.62085
1384081748621	,2.690135
1384081748623	,2.3415
1384081748626	,2.3462381
1384081748628	,2.61021
1384081748631	,2.2195091
1384081748633	,2.558829
1384081748635	,2.197698
1384081748638	,2.315738
1384081748640	,2.520087
1384081748643	,2.9019408
1384081748646	,2.786402
1384081748649	,2.732034
1384081748653	,4.352339
1384081748657	,3.7847152
1384081748659	,2.076614
1384081748662	,2.305094
1384081748664	,2.1906378
1384081748666	,2.249857
1384081748669	,2.294932
1384081748671	,2.642376
1384081748674	,2.412638
1384081748677	,2.495327
1384081748679	,2.5442638
1384081748682	,2.6063712
1384081748684	,2.557584
1384081748687	,2.684764
1384081748690	,2.544665
1384081748692	,2.5958269
1384081748695	,2.475546
1384081748698	,2.814286
1384081748700	,2.562043
1384081748703	,2.6840448
1384081748706	,2.632052
1384081748709	,2.676889
1384081748712	,3.051575
1384081748714	,2.618777
1384081748717	,2.575925
1384081748720	,2.8922281
1384081748723	,2.3632972
1384081748725	,2.538855
1384081748728	,2.426675
1384081748730	,2.629107
1384081748733	,2.389721
1384081748736	,2.935611
1384081748738	,1.9483399
1384081748741	,2.812371
1384081748745	,3.893032
1384081748748	,3.7083879
1384081748753	,4.445857
1384081748756	,2.534677
1384081748759	,3.0942419
1384081748761	,2.3959188
1384081748763	,2.2821398
1384081748766	,2.204921
1384081748769	,2.685201
1384081748771	,2.5916278
1384081748773	,2.217808
1384081748776	,2.330918
1384081748778	,2.2397408
1384081748781	,2.538041
1384081748783	,2.331691
1384081748785	,2.2267199
1384081748788	,2.137982
1384081748790	,2.266094
1384081748792	,2.021247
1384081748795	,2.44417
1384081748797	,2.508077
1384081748799	,2.151143
1384081748802	,2.265278
1384081748804	,2.5673468
1384081748807	,3.0804179
1384081748810	,2.464554
1384081748812	,2.1736279
1384081748815	,2.3242438
1384081748817	,2.215127
1384081748821	,3.680062
1384081748824	,2.78951
1384081748826	,2.256833
1384081748828	,2.351741
1384081748831	,2.448331
1384081748833	,2.328074
1384081748836	,2.637064
1384081748838	,2.395774
1384081748841	,2.179665
1384081748843	,2.5148149
1384081748847	,3.7295792
1384081748849	,2.2781541
1384081748852	,2.644228
1384081748856	,4.041696
1384081748860	,3.482142
1384081748863	,2.8052108
1384081748865	,2.409197
1384081748867	,2.2634408
1384081748870	,2.436961
1384081748872	,2.189698
1384081748875	,2.37853
1384081748883	,8.297034
1384081748885	,2.453023
1384081748891	,5.441604
1384081748894	,2.611749
1384081748896	,2.3491411
1384081748899	,2.668767
1384081748901	,2.6831021
1384081748904	,2.731456
1384081748907	,2.568325
1384081748910	,2.72209
1384081748912	,2.378559
1384081748915	,2.567813
1384081748917	,2.353933
1384081748920	,2.412925
1384081748922	,2.325263
1384081748924	,2.3929021
1384081748927	,2.114233
1384081748929	,2.2656689
1384081748931	,2.478971
1384081748934	,2.922261
1384081748937	,2.803524
1384081748940	,2.292674
1384081748942	,2.6744761
1384081748945	,2.1375968
1384081748947	,2.6466508
1384081748949	,2.209941
1384081748952	,2.072247
1384081748956	,4.492274
1384081748962	,5.309525
1384081748964	,2.7621431
1384081748967	,2.361196
1384081748969	,2.315001
1384081748973	,3.758757
1384081748975	,2.218758
1384081748978	,2.221168
1384081748980	,2.343549
1384081748983	,2.502544
1384081748985	,2.3888612
1384081748988	,3.283448
1384081748991	,2.288831
1384081748993	,2.063263
1384081748995	,2.462833
1384081748998	,2.271832
1384081749000	,2.291004
1384081749002	,2.172501
1384081749005	,2.1788769
1384081749007	,2.319822
1384081749010	,2.502719
1384081749012	,2.862098
1384081749015	,2.251515
1384081749017	,2.1702452
1384081749019	,2.301538
1384081749022	,2.11186
1384081749024	,2.635998
1384081749027	,2.832248
1384081749030	,2.4192228
1384081749032	,2.043641
1384081749034	,2.3901398
1384081749036	,2.205994
1384081749039	,2.3097749
1384081749041	,2.1634629
1384081749044	,2.397216
1384081749046	,2.734669
1384081749050	,3.799925
1384081749053	,2.851668
1384081749056	,2.508544
1384081749059	,2.867565
1384081749063	,4.499149
1384081749065	,2.1661508
1384081749068	,2.536735
1384081749070	,2.304167
1384081749073	,2.229105
1384081749075	,2.148152
1384081749077	,2.3770459
1384081749080	,2.220255
1384081749082	,2.500677
1384081749085	,2.418015
1384081749087	,2.4201741
1384081749090	,2.300821
1384081749092	,2.591381
1384081749095	,2.3337772
1384081749097	,2.727787
1384081749100	,2.3864489
1384081749103	,2.676656
1384081749105	,2.548575
1384081749108	,2.718721
1384081749111	,2.680575
1384081749113	,2.368987
1384081749116	,2.321991
1384081749118	,2.619051
1384081749121	,2.390325
1384081749124	,2.800534
1384081749126	,2.547615
1384081749129	,2.672951
1384081749132	,2.644074
1384081749134	,2.70272
1384081749137	,2.769878
1384081749141	,4.036599
1384081749144	,2.326772
1384081749146	,2.467856
1384081749149	,2.8770812
1384081749152	,2.653165
1384081749154	,2.2886112
1384081749157	,2.5811608
1384081749159	,2.2600372
1384081749167	,7.351354
1384081749169	,2.449579
1384081749172	,2.520946
1384081749177	,4.9784904
1384081749179	,2.5163531
1384081749182	,2.18455
1384081749185	,2.8728702
1384081749189	,4.00608
1384081749191	,2.7817938
1384081749194	,2.238485
1384081749196	,2.382407
1384081749199	,2.387798
1384081749202	,3.244114
1384081749205	,2.733307
1384081749207	,2.504835
1384081749210	,2.168544
1384081749212	,2.4839551
1384081749215	,2.337117
