1384082600015	,18.367052
1384082600028	,12.624321
1384082600040	,11.525257
1384082600052	,12.303791
1384082600068	,15.556514
1384082600077	,9.222002
1384082600093	,16.430227
1384082600104	,10.981368
1384082600122	,17.465733
1384082600140	,17.975199
1384082600162	,22.013533
1384082600177	,14.855281
1384082600218	,41.181118
1384082600243	,25.307981
1384082600255	,11.843142
1384082600275	,19.948858
1384082600287	,11.503846
1384082600299	,12.1985035
1384082600318	,18.699461
1384082600337	,18.546394
1384082600348	,11.0042515
1384082600359	,11.341975
1384082600375	,15.643762
1384082600399	,24.50034
1384082600419	,19.309834
1384082600432	,13.187597
1384082600446	,13.610714
1384082600464	,18.510908
1384082600480	,15.346005
1384082600494	,14.769671
1384082600515	,20.343168
1384082600539	,23.88984
1384082600549	,9.921106
1384082600561	,12.400274
1384082600571	,10.196543
1384082600582	,10.666415
1384082600595	,13.17091
1384082600623	,27.915483
1384082600642	,18.350634
1384082600654	,11.971039
1384082600666	,12.110908
1384082600683	,17.010624
1384082600694	,11.317633
1384082600705	,10.77411
1384082600889	,183.49362
1384082600902	,13.057893
1384082600912	,10.425531
1384082600929	,16.559484
1384082600950	,20.578611
1384082600960	,10.293676
1384082600970	,9.763432
1384082600980	,9.774766
1384082600990	,10.464437
1384082601003	,12.73867
1384082601048	,45.39045
1384082601080	,31.09739
1384082601094	,14.599043
1384082601105	,10.507163
1384082601115	,10.477352
1384082601125	,9.199953
1384082601134	,9.840926
1384082601144	,9.509368
1384082601155	,11.395958
1384082601185	,29.781624
1384082601195	,9.563226
1384082601207	,12.026673
1384082601265	,57.63507
1384082601292	,27.723824
1384082601312	,18.990446
1384082601322	,10.522682
1384082601333	,11.305601
1384082601345	,11.620758
1384082601363	,17.576057
1384082601381	,17.846872
1384082601391	,9.952952
1384082601400	,9.356891
1384082601414	,13.625932
1384082601440	,26.610384
1384082601470	,29.855495
1384082601516	,45.149036
1384082601526	,9.858975
1384082601534	,8.866989
1384082601545	,10.695878
1384082601554	,8.935467
1384082601571	,17.184288
1384082601581	,9.59176
1384082601591	,9.703377
1384082601600	,9.13577
1384082601613	,12.664636
1384082601634	,21.08951
1384082601648	,13.9007015
1384082601688	,39.664803
1384082601713	,24.992107
1384082601723	,10.109301
1384082601733	,10.272617
1384082601743	,9.295135
1384082601752	,9.242018
1384082601761	,9.286573
1384082601772	,10.698786
1384082601781	,9.171984
1384082601790	,9.180519
1384082601800	,9.684347
1384082601850	,49.647736
1384082601894	,44.25821
1384082601927	,32.634964
1384082601939	,11.704828
1384082601948	,9.369361
1384082601957	,9.239141
1384082601967	,9.319767
1384082601976	,9.368532
1384082601985	,9.1903715
1384082601995	,9.171694
1384082602004	,9.150594
1384082602013	,9.376598
1384082602027	,13.955149
1384082602047	,19.140778
1384082602061	,14.392202
1384082602077	,15.920721
1384082602100	,22.419863
1384082602115	,15.018741
1384082602130	,14.85721
1384082602161	,31.06037
1384082602170	,9.4396
1384082602179	,8.952202
1384082602191	,11.401851
1384082602204	,13.419094
1384082602213	,9.163237
1384082602227	,13.655704
1384082602250	,22.549377
1384082602266	,16.04831
1384082602280	,14.544727
1384082602309	,28.978619
1384082602320	,10.477903
1384082602342	,21.91034
1384082602352	,9.6566925
1384082602361	,9.509393
1384082602374	,13.14215
1384082602385	,10.738382
1384082602395	,9.318384
1384082602410	,15.107463
1384082602419	,9.264649
1384082602434	,15.246497
1384082602497	,62.369278
1384082602522	,25.290522
1384082602555	,32.81743
1384082602565	,10.003264
1384082602574	,9.210227
1384082602584	,9.14573
1384082602593	,9.571832
1384082602602	,9.212374
1384082602612	,9.423763
1384082602621	,9.346003
1384082602637	,15.197615
1384082602661	,23.957335
1384082602684	,23.16341
1384082602708	,24.59152
1384082602723	,14.112768
1384082602732	,9.408293
1384082602742	,9.866485
1384082602762	,20.304676
1384082602772	,9.43072
1384082602783	,11.424951
1384082602814	,30.333248
1384082602824	,9.733742
1384082602837	,13.904367
1384082602863	,25.049335
1384082602874	,11.692113
1384082602901	,26.476988
1384082602915	,14.429578
1384082602937	,21.732817
1384082602948	,10.504222
1384082602979	,31.07062
1384082602989	,10.2727165
1384082603001	,11.872837
1384082603011	,10.004534
1384082603021	,9.93544
1384082603034	,13.089817
1384082603046	,11.2084465
1384082603067	,21.829802
1384082603088	,20.957237
1384082603135	,46.474457
1384082603148	,12.684086
1384082603158	,9.857027
1384082603183	,25.485107
1384082603193	,9.980478
1384082603203	,9.685531
1384082603213	,9.866965
1384082603223	,10.071986
1384082603235	,11.5000515
1384082603248	,12.762792
1384082603262	,14.378125
1384082603282	,20.312748
1384082603303	,20.829578
1384082603323	,20.096016
1384082603339	,15.165689
1384082603348	,9.752218
1384082603360	,11.509434
1384082603373	,13.310594
1384082603389	,15.304631
1384082603399	,10.546652
1384082603410	,10.831683
1384082603420	,9.492824
1384082603431	,11.131167
1384082603471	,39.99661
1384082603485	,13.711027
1384082603513	,28.041723
1384082603531	,18.104977
1384082603549	,17.519655
1384082603565	,16.29813
1384082603577	,11.662469
1384082603599	,22.38759
1384082603609	,9.697546
1384082603619	,9.97384
1384082603630	,10.509639
1384082603640	,10.128673
1384082603653	,13.159502
1384082603669	,15.90096
1384082603698	,29.525003
1384082603720	,21.772877
1384082603732	,11.183496
1384082603743	,11.26655
1384082603777	,34.40052
1384082603802	,24.328642
1384082603813	,11.588039
1384082603823	,9.618034
1384082603833	,9.49831
1384082603842	,9.763199
1384082603856	,13.650182
1384082603869	,13.239216
1384082603883	,13.881766
1384082603903	,19.176981
1384082603924	,21.688896
1384082603936	,11.34814
1384082603945	,9.288126
1384082603961	,15.809197
1384082603972	,10.679352
1384082603986	,14.253984
1384082603997	,10.47734
1384082604008	,11.395341
1384082604019	,10.633378
1384082604028	,9.659937
1384082604039	,10.020029
1384082604057	,18.38364
1384082604078	,21.123299
1384082604125	,46.25371
1384082604138	,13.126758
1384082604148	,10.384113
1384082604163	,14.443249
1384082604177	,13.91183
1384082604190	,13.501092
1384082604201	,10.962477
1384082604221	,20.165497
1384082604231	,9.88065
1384082604242	,11.0317745
1384082604255	,12.112111
1384082604274	,19.16055
1384082604283	,9.586545
1384082604311	,27.54057
1384082604334	,22.638683
1384082604345	,11.158831
1384082604357	,12.152816
1384082604372	,14.229261
1384082604383	,11.693866
1384082604397	,13.354216
1384082604433	,35.85106
1384082604442	,9.622919
1384082604453	,10.185321
1384082604466	,13.282032
1384082604479	,12.521733
1384082604488	,9.743903
1384082604512	,23.763947
1384082604531	,18.34644
1384082604542	,11.765858
1384082604553	,10.20305
1384082604563	,9.811495
1384082604580	,17.521612
1384082604600	,20.297535
1384082604613	,12.4837
1384082604625	,12.197625
1384082604642	,16.336924
1384082604651	,9.515862
1384082604668	,16.728996
1384082604685	,17.227367
1384082604695	,9.782011
1384082604725	,30.042616
1384082604752	,27.079638
1384082604762	,9.84603
1384082604779	,16.726856
1384082604791	,11.361972
1384082604806	,15.362077
1384082604818	,12.44547
1384082604832	,13.483683
1384082604850	,17.790068
1384082604866	,16.509401
1384082604881	,14.5013485
1384082604891	,10.053849
1384082604918	,27.02556
1384082604932	,13.354123
1384082604951	,19.715044
1384082604962	,10.443225
1384082604977	,14.658561
1384082604990	,13.366309
1384082605009	,19.07953
1384082605022	,12.8794365
1384082605036	,13.69001
1384082605070	,34.343624
1384082605086	,15.222981
1384082605097	,11.502256
1384082605125	,27.506317
1384082605141	,15.9769125
1384082605154	,13.253749
1384082605165	,10.514819
1384082605175	,9.830791
1384082605185	,10.281814
1384082605195	,10.044312
1384082605214	,19.271278
1384082605227	,12.656103
1384082605238	,10.987332
1384082605253	,15.109113
1384082605266	,13.002587
1384082605286	,19.531588
1384082605299	,12.886297
1384082605312	,13.240311
1384082605340	,28.01832
1384082605357	,16.50689
1384082605374	,17.48506
1384082605385	,10.576596
1384082605395	,9.834049
1384082605405	,9.754893
1384082605425	,20.634792
1384082605437	,11.091567
1384082605449	,11.988164
1384082605467	,18.534931
1384082605482	,14.455454
1384082605493	,11.489184
1384082605504	,10.338517
1384082605518	,14.415034
1384082605542	,24.202337
1384082605559	,16.733854
1384082605570	,10.770791
1384082605582	,11.906101
1384082605593	,10.607532
1384082605604	,11.482194
1384082605615	,10.547471
1384082605632	,16.9725
1384082605649	,17.040844
1384082605660	,10.667315
1384082605696	,35.99161
1384082605707	,11.2713585
1384082605721	,14.149729
1384082605736	,14.96218
1384082605762	,25.645344
1384082605773	,11.142834
1384082605784	,10.43237
1384082605794	,10.462406
1384082605804	,9.653804
1384082605814	,10.138653
1384082605825	,10.956366
1384082605846	,20.964417
1384082605860	,14.004596
1384082605878	,17.361122
1384082605900	,22.215855
1384082605911	,11.542412
1384082605925	,13.35349
1384082605937	,12.57395
1384082605968	,30.166176
1384082605980	,12.148873
1384082605997	,17.30468
1384082606008	,10.800015
1384082606018	,10.177597
1384082606029	,10.563093
1384082606047	,17.598768
1384082606067	,19.81253
1384082606085	,18.884268
1384082606103	,17.261732
1384082606113	,10.551798
1384082606127	,13.845386
1384082606144	,16.493483
1384082606154	,10.524536
1384082606181	,26.457008
1384082606193	,11.566704
1384082606205	,12.514982
1384082606220	,14.987774
1384082606232	,11.45099
1384082606244	,12.402782
1384082606260	,15.377692
1384082606272	,12.510882
1384082606291	,18.58946
1384082606317	,26.52988
1384082606332	,14.075861
1384082606345	,13.730649
1384082606356	,10.285841
1384082606369	,13.083683
1384082606389	,20.36507
1384082606399	,10.089499
1384082606410	,10.351457
1384082606420	,10.252109
1384082606431	,10.576405
1384082606440	,9.683871
1384082606455	,14.215973
1384082606472	,17.071442
1384082606486	,14.592906
1384082606504	,17.742098
1384082606521	,16.826393
1384082606535	,13.699671
1384082606548	,12.985484
1384082606559	,10.519008
1384082606571	,12.062483
1384082606596	,25.272722
1384082606607	,10.702327
1384082606623	,16.557514
1384082606634	,10.801384
1384082606644	,10.046065
1384082606659	,14.895086
1384082606681	,21.53105
1384082606693	,11.860622
1384082606709	,16.400263
1384082606722	,13.198476
1384082606736	,13.661299
1384082606751	,15.20859
1384082606768	,16.320772
1384082606779	,11.486812
1384082606799	,19.944508
1384082606810	,10.695631
1384082606824	,13.75643
1384082606834	,10.351998
1384082606845	,10.167569
1384082606855	,10.372998
1384082606867	,12.2948
1384082606884	,16.560274
1384082606908	,24.340233
1384082606938	,29.296618
1384082606952	,13.907628
1384082606961	,9.742144
1384082606973	,11.652463
1384082606988	,14.958042
1384082607003	,15.125674
1384082607014	,10.31075
1384082607024	,10.209655
1384082607035	,10.651634
1384082607045	,10.161615
1384082607056	,11.041743
1384082607068	,11.686955
1384082607087	,19.174763
1384082607102	,14.585524
1384082607123	,21.41237
1384082607145	,21.503962
1384082607156	,11.486516
1384082607166	,10.129673
1384082607178	,11.924219
1384082607197	,18.806398
1384082607211	,13.378589
1384082607222	,10.959771
1384082607232	,10.5645075
1384082607247	,14.859974
1384082607258	,10.569667
1384082607271	,13.094217
1384082607283	,12.344219
1384082607306	,22.510319
1384082607325	,19.369741
1384082607341	,15.655034
1384082607355	,13.475149
1384082607365	,10.313995
1384082607378	,13.106849
1384082607390	,12.091564
1384082607404	,13.572719
1384082607417	,12.854176
1384082607434	,16.87794
1384082607446	,12.449003
1384082607457	,10.811006
1384082607468	,10.366534
1384082607481	,13.045941
1384082607493	,11.974535
1384082607510	,17.061989
1384082607532	,21.645252
1384082607562	,30.481728
1384082607573	,11.183267
1384082607586	,12.253353
1384082607599	,13.540219
1384082607615	,15.257957
1384082607625	,10.595024
1384082607635	,9.943432
1384082607646	,10.361461
1384082607656	,10.072378
1384082607666	,9.977787
1384082607679	,13.065477
1384082607694	,14.464013
1384082607714	,20.199903
1384082607738	,24.192936
1384082607754	,16.047155
1384082607770	,15.662816
1384082607782	,11.667525
1384082607793	,11.3910475
1384082607805	,12.35887
1384082607816	,10.571379
1384082607830	,13.3656435
1384082607840	,10.451842
1384082607851	,11.093839
1384082607868	,16.65264
1384082607879	,10.787471
1384082607892	,13.532483
1384082607904	,11.968121
1384082607931	,26.406178
1384082607945	,13.926235
1384082607963	,18.599304
1384082607974	,10.882818
1384082607989	,14.9572
1384082608004	,14.862873
1384082608015	,11.093812
1384082608027	,11.187791
1384082608039	,12.278003
1384082608051	,11.8864
1384082608062	,10.6004305
1384082608073	,10.8630085
1384082608083	,10.323574
1384082608098	,14.841197
1384082608110	,11.950196
1384082608136	,26.122675
1384082608153	,16.799458
1384082608178	,25.454645
1384082608192	,13.818301
1384082608206	,14.182299
1384082608220	,13.148245
1384082608230	,10.171264
1384082608241	,10.616339
1384082608252	,11.419144
1384082608262	,10.216848
1384082608273	,10.147277
1384082608283	,10.3961935
1384082608299	,16.196756
1384082608311	,11.708181
1384082608325	,13.42859
1384082608363	,38.032562
1384082608375	,12.19739
1384082608388	,13.411489
1384082608401	,12.788899
1384082608414	,12.467737
1384082608426	,12.391173
1384082608437	,11.068299
1384082608451	,13.980521
1384082608463	,11.59424
1384082608473	,10.327339
1384082608488	,14.957738
1384082608503	,14.700676
1384082608516	,12.636092
1384082608530	,13.681209
1384082608546	,16.419846
1384082608570	,23.612137
1384082608585	,15.633989
1384082608600	,15.010522
1384082608614	,13.078394
1384082608626	,12.0785055
1384082608636	,10.29079
1384082608647	,10.485523
1384082608665	,18.076284
1384082608677	,11.999366
1384082608687	,10.079572
1384082608697	,10.043774
1384082608712	,14.939223
1384082608724	,12.059104
1384082608741	,16.527397
1384082608772	,31.476171
1384082608785	,12.766314
1384082608809	,23.586096
1384082608821	,12.314701
1384082608832	,11.001107
1384082608843	,10.618542
1384082608854	,10.826535
1384082608865	,10.762739
1384082608875	,10.544207
1384082608885	,10.081444
1384082608895	,10.056386
1384082608913	,17.665562
1384082608926	,12.649127
1384082608938	,12.417597
1384082608956	,17.18401
1384082608990	,34.767254
1384082609006	,15.135827
1384082609020	,14.643095
1384082609032	,11.690767
1384082609044	,11.648387
1384082609054	,9.668567
1384082609065	,11.242349
1384082609081	,16.110462
1384082609092	,10.781992
1384082609111	,19.151726
1384082609126	,15.196737
1384082609141	,14.496445
1384082609158	,17.553925
1384082609171	,12.61668
1384082609193	,21.57876
1384082609211	,18.163916
1384082609226	,14.7465315
1384082609237	,11.189874
1384082609248	,10.516581
1384082609259	,11.198668
1384082609273	,14.071796
1384082609289	,16.157341
1384082609300	,11.184061
1384082609312	,11.642385
1384082609329	,17.204725
1384082609344	,14.763504
1384082609362	,17.204233
1384082609377	,15.332194
1384082609405	,28.24187
1384082609435	,30.14911
1384082609446	,10.977418
1384082609458	,11.6972885
1384082609470	,11.566959
1384082609481	,11.594941
1384082609492	,10.35057
1384082609502	,10.177111
1384082609513	,10.466931
1384082609527	,14.439604
1384082609542	,15.033043
1384082609558	,15.389077
1384082609570	,12.451987
1384082609588	,17.349524
1384082609619	,31.31624
1384082609636	,16.839413
1384082609647	,11.100761
1384082609659	,11.98768
1384082609670	,11.210197
1384082609681	,11.065784
1384082609692	,10.857903
1384082609708	,15.779777
1384082609722	,13.375394
1384082609745	,23.802395
1384082609759	,13.476607
1384082609773	,13.482307
1384082609788	,15.574258
1384082609800	,11.415532
1384082609823	,23.278603
1384082609842	,18.937769
1384082609853	,10.732438
1384082609863	,10.688869
1384082609874	,10.604507
1384082609887	,13.134614
1384082609899	,11.681445
1384082609909	,10.333059
1384082609926	,16.71722
1384082609939	,13.06108
1384082609954	,14.874284
1384082609969	,14.247632
1384082609981	,12.421469
1384082609997	,16.157248
1384082610021	,23.587236
1384082610051	,29.915009
1384082610062	,11.455796
1384082610074	,11.558658
1384082610085	,11.177904
1384082610098	,12.943329
1384082610109	,11.018265
1384082610121	,11.188152
1384082610133	,12.635031
1384082610147	,13.8146305
1384082610162	,14.9763775
1384082610178	,15.479193
1384082610193	,15.018712
1384082610208	,14.710395
1384082610224	,16.567804
1384082610256	,31.319513
1384082610266	,10.693345
1384082610278	,11.360297
1384082610288	,10.515438
1384082610299	,10.647653
1384082610309	,10.397885
1384082610323	,13.931927
1384082610342	,18.520569
1384082610363	,20.858604
1384082610380	,16.708876
1384082610394	,14.020326
1384082610408	,14.530524
1384082610420	,11.059621
1384082610434	,14.730685
1384082610464	,29.574448
1384082610475	,10.95459
1384082610486	,10.966176
1384082610497	,11.143858
1384082610511	,13.283593
1384082610522	,11.331748
1384082610534	,11.544886
1384082610548	,14.917953
1384082610568	,19.55549
1384082610586	,17.607264
1384082610600	,14.56951
1384082610615	,14.202837
1384082610629	,14.408509
1384082610653	,24.05541
1384082610677	,23.336077
1384082610687	,10.74495
1384082610699	,11.249333
1384082610710	,11.036513
1384082610720	,10.450159
1384082610732	,11.692474
1384082610747	,13.158166
1384082610760	,12.970696
1384082610774	,14.68137
1384082610786	,11.493045
1384082610799	,13.185898
1384082610815	,15.81603
1384082610827	,11.713488
1384082610840	,13.028961
1384082610857	,17.47694
1384082610877	,20.097343
1384082610890	,12.047894
1384082610901	,11.102494
1384082610911	,9.936508
1384082610922	,11.198964
1384082610934	,11.478581
1384082610948	,14.569362
1384082610963	,14.998975
1384082610980	,16.370636
1384082610992	,11.858369
1384082611007	,15.345814
1384082611022	,15.224489
1384082611035	,12.881971
1384082611047	,11.8447695
1384082611059	,11.978218
1384082611072	,13.093467
1384082611090	,17.175163
1384082611100	,10.310547
1384082611111	,10.874855
1384082611124	,12.93361
1384082611135	,10.650803
1384082611146	,11.803289
1384082611158	,11.368451
1384082611175	,17.249468
1384082611193	,18.113008
1384082611206	,12.722248
1384082611222	,15.563079
1384082611236	,14.419358
1384082611249	,12.489108
1384082611271	,22.581057
1384082611284	,12.703353
1384082611299	,14.494594
1384082611309	,9.824821
1384082611319	,10.322314
1384082611331	,11.930057
1384082611341	,10.500768
1384082611353	,11.312396
1384082611365	,11.724766
1384082611377	,11.941659
1384082611393	,15.953782
1384082611408	,14.816945
1384082611428	,20.86474
1384082611441	,12.413057
1384082611454	,13.482658
1384082611467	,12.578743
1384082611482	,15.095099
1384082611496	,14.0714445
1384082611509	,12.506017
1384082611519	,10.09013
1384082611529	,9.979579
1384082611540	,10.4014015
1384082611553	,13.436864
1384082611576	,22.777344
1384082611595	,19.03556
1384082611609	,13.880091
1384082611627	,17.485632
1384082611643	,16.20366
1384082611657	,13.920419
1384082611668	,11.42824
1384082611683	,14.332628
1384082611694	,11.29002
1384082611707	,13.297393
1384082611718	,10.820662
1384082611729	,10.827127
1384082611740	,11.026335
1384082611753	,12.95611
1384082611765	,11.5367775
1384082611778	,13.020966
1384082611792	,14.16617
1384082611814	,21.836084
1384082611827	,12.749089
1384082611839	,12.154221
1384082611850	,11.180585
1384082611869	,18.694656
1384082611887	,18.021385
1384082611903	,15.493041
1384082611918	,15.247494
1384082611929	,11.16112
1384082611940	,10.711129
1384082611952	,11.723763
1384082611962	,10.51243
1384082611972	,9.881877
1384082611986	,13.504155
1384082611997	,11.100762
1384082612015	,17.691442
1384082612030	,15.461413
1384082612043	,12.670594
1384082612057	,13.837276
1384082612425	,368.12186
1384082612500	,74.464325
1384082612510	,10.851124
1384082612521	,10.015862
1384082612531	,10.13655
1384082612541	,9.867496
1384082612550	,9.701128
1384082612560	,9.651797
1384082612570	,9.668171
1384082612579	,9.478187
1384082612589	,9.656812
1384082612599	,9.490861
1384082612608	,9.606022
1384082612618	,9.623726
1384082612628	,10.161338
1384082612640	,11.666137
1384082612697	,57.086063
1384082612708	,10.649011
1384082612718	,10.162864
1384082612729	,10.850804
1384082612740	,10.666075
1384082612750	,10.1142435
1384082612761	,11.618411
1384082612772	,10.786332
1384082612783	,10.390994
1384082612814	,30.822744
1384082612825	,10.926965
1384082612835	,10.008905
1384082612851	,16.610659
1384082612914	,63.00799
1384082612924	,9.884023
1384082612934	,9.5804
1384082612943	,9.129599
1384082612952	,8.9073
1384082612961	,8.78404
1384082612970	,8.73568
1384082612979	,8.932718
1384082612987	,8.711232
1384082612996	,8.798835
1384082613005	,8.658562
1384082613014	,8.956301
1384082613023	,8.85518
1384082613033	,10.071666
1384082613045	,11.550055
1384082613059	,14.345638
1384082613087	,27.383348
1384082613105	,17.888264
1384082613139	,34.357285
1384082613150	,10.858366
1384082613159	,9.028496
1384082613169	,10.431149
1384082613179	,9.582831
1384082613190	,10.507109
1384082613200	,9.879799
1384082613210	,10.232223
1384082613220	,9.969114
1384082613230	,9.9295635
1384082613242	,11.855506
1384082613257	,15.608682
1384082613291	,33.235363
1384082613316	,24.834372
1384082613334	,18.019163
1384082613346	,11.754182
1384082613356	,10.152579
1384082613366	,10.193724
1384082613376	,10.113009
1384082613386	,9.8569765
1384082613396	,9.689775
1384082613406	,9.73741
1384082613417	,11.135857
1384082613427	,9.736095
1384082613472	,45.01177
1384082613514	,42.30631
1384082613529	,15.334618
1384082613542	,12.67022
1384082613554	,11.877151
1384082613564	,9.781076
1384082613574	,9.798078
1384082613583	,9.337914
1384082613593	,10.058675
1384082613603	,9.471978
1384082613612	,9.314786
1384082613621	,9.151427
1384082613631	,9.1746855
1384082613640	,9.7609005
1384082613655	,14.5637245
1384082613676	,20.42235
1384082613700	,24.084673
1384082613718	,17.897724
1384082613728	,10.722918
1384082613739	,10.706904
1384082613750	,11.22846
1384082613764	,13.229096
1384082613793	,29.59638
1384082613803	,9.930185
1384082613813	,9.974187
1384082613824	,10.154106
1384082613834	,10.301848
1384082613845	,10.6209
1384082613858	,13.454172
1384082613868	,10.234222
1384082613885	,16.545214
1384082613920	,34.905487
1384082613936	,16.139841
1384082613953	,16.846355
1384082613965	,12.156575
1384082613975	,10.087623
1384082613986	,10.699638
1384082613996	,9.37592
1384082614006	,10.101743
1384082614016	,9.899303
1384082614026	,9.828658
1384082614035	,9.670072
1384082614047	,11.367462
1384082614061	,14.241453
1384082614075	,13.616412
1384082614146	,70.716866
1384082614163	,17.740257
1384082614175	,11.699251
1384082614185	,9.966424
1384082614195	,9.725865
1384082614206	,10.483031
1384082614216	,10.325652
1384082614226	,10.243489
1384082614236	,10.227862
1384082614248	,11.007433
1384082614260	,12.42468
1384082614271	,11.393073
1384082614282	,10.259878
1384082614302	,20.15519
1384082614321	,18.823093
1384082614347	,26.4137
1384082614360	,12.821665
1384082614374	,13.240117
1384082614386	,12.685097
1384082614396	,10.012493
1384082614407	,10.267248
1384082614417	,10.656511
1384082614435	,17.721828
1384082614455	,19.817013
1384082614468	,12.931457
1384082614478	,10.180796
1384082614490	,11.705722
1384082614507	,17.167637
1384082614524	,16.298767
1384082614554	,30.242216
1384082614570	,15.917446
1384082614582	,12.09882
1384082614592	,10.214488
1384082614603	,10.213342
1384082614613	,9.931882
1384082614623	,10.318605
1384082614633	,9.948497
1384082614644	,11.170637
1384082614654	,10.032852
1384082614669	,14.929935
1384082614681	,11.655731
1384082614694	,12.873007
1384082614718	,24.470833
1384082614733	,14.725044
1384082614782	,48.568985
1384082614792	,10.095775
1384082614802	,10.3325815
1384082614812	,9.667255
1384082614822	,10.153427
1384082614832	,10.025974
1384082614843	,10.222013
1384082614854	,10.861256
1384082614866	,12.444658
1384082614876	,9.515416
1384082614886	,10.172201
1384082614902	,16.055517
1384082614925	,22.915472
1384082614943	,17.710281
1384082614959	,15.731196
1384082614977	,18.228148
1384082614992	,15.147071
1384082615003	,11.292551
1384082615014	,11.04032
1384082615025	,10.361284
1384082615037	,12.577972
1384082615049	,11.0698395
1384082615061	,12.557665
1384082615091	,29.727856
1384082615106	,15.416345
1384082615129	,22.104836
1384082615146	,16.868923
1384082615161	,15.776256
1384082615174	,12.357615
1384082615196	,22.140007
1384082615207	,11.384276
1384082615218	,10.069233
1384082615228	,10.491639
1384082615240	,11.870524
1384082615251	,10.686264
1384082615262	,10.779883
1384082615273	,11.273177
1384082615286	,12.744849
1384082615298	,12.137298
1384082615316	,17.951153
1384082615344	,27.969759
1384082615355	,11.220621
1384082615371	,15.298574
1384082615382	,11.049005
1384082615420	,38.020695
1384082615430	,10.0471325
1384082615440	,10.416169
1384082615451	,10.50637
1384082615462	,10.878541
1384082615473	,10.58588
1384082615486	,13.125968
1384082615497	,11.291295
1384082615514	,16.925713
1384082615529	,14.585623
1384082615556	,26.84518
1384082615572	,16.758364
1384082615584	,11.795194
1384082615594	,10.05366
1384082615609	,14.967467
1384082615628	,18.167267
1384082615638	,10.66712
1384082615650	,11.59824
1384082615661	,11.278391
1384082615674	,12.115962
1384082615688	,14.285515
1384082615699	,10.833836
1384082615714	,15.235983
1384082615757	,43.17739
1384082615770	,12.823718
1384082615784	,13.686595
1384082615796	,11.570421
1384082615808	,12.201016
1384082615832	,24.234863
1384082615842	,10.029461
1384082615853	,10.379811
1384082615864	,11.200395
1384082615877	,12.820164
1384082615889	,12.545423
1384082615902	,12.095941
1384082615914	,12.5588455
1384082615925	,10.804787
1384082615943	,17.747877
1384082615970	,27.292683
1384082615985	,14.551439
1384082615995	,9.976353
1384082616005	,10.292627
1384082616015	,10.215899
1384082616029	,13.113237
1384082616060	,31.373732
1384082616071	,10.848327
1384082616084	,12.844939
1384082616096	,12.397994
1384082616108	,11.282358
1384082616120	,12.61499
1384082616131	,10.530176
1384082616149	,17.550974
1384082616162	,13.172672
1384082616183	,21.106936
1384082616197	,14.17758
1384082616208	,11.130721
1384082616221	,12.280447
1384082616233	,12.014674
1384082616248	,15.454699
1384082616263	,14.744469
1384082616275	,11.5510845
1384082616289	,14.609598
1384082616301	,11.825752
1384082616312	,11.109293
1384082616327	,14.842448
1384082616338	,10.4344425
1384082616370	,32.5215
1384082616391	,20.21606
1384082616404	,13.414964
1384082616417	,12.408913
1384082616431	,14.317316
1384082616445	,13.466907
1384082616461	,16.367811
1384082616473	,11.852159
1384082616485	,12.180182
1384082616499	,13.72169
1384082616513	,13.651022
1384082616526	,12.827766
1384082616537	,11.309927
1384082616556	,18.62288
1384082616570	,14.33918
1384082616589	,19.142454
1384082616601	,11.493112
1384082616613	,12.62943
1384082616624	,10.537681
1384082616635	,11.059728
1384082616647	,11.685459
1384082616659	,11.738114
1384082616677	,18.075499
1384082616699	,22.56989
1384082616711	,11.498862
1384082616722	,11.220406
1384082616735	,13.0528965
1384082616746	,10.882567
1384082616764	,17.690344
1384082616777	,12.916153
1384082616795	,17.414715
1384082616807	,12.04089
1384082616820	,13.333789
1384082616831	,10.996476
1384082616842	,11.240898
1384082616855	,12.611743
1384082616868	,13.405715
1384082616885	,16.342386
1384082616900	,14.663674
1384082616911	,11.367946
1384082616923	,11.79814
1384082616936	,13.527515
1384082616947	,10.871204
1384082616959	,11.356835
1384082616977	,18.009605
1384082617011	,33.64671
1384082617025	,13.872072
1384082617035	,10.718944
1384082617050	,14.712956
1384082617063	,12.746567
1384082617076	,13.145172
1384082617092	,16.130112
1384082617105	,12.642533
1384082617116	,10.773394
1384082617128	,12.038872
1384082617141	,13.053384
1384082617152	,10.6247635
1384082617163	,11.228297
1384082617185	,22.399393
1384082617204	,18.06146
1384082617216	,12.631742
1384082617228	,12.162883
1384082617238	,9.755021
1384082617248	,10.109373
1384082617259	,10.33903
1384082617271	,11.626739
1384082617281	,10.618909
1384082617299	,18.006525
1384082617324	,24.728037
1384082617339	,14.867092
1384082617351	,11.521808
1384082617364	,13.351215
1384082617383	,18.44903
1384082617394	,11.593428
1384082617408	,13.704769
1384082617420	,11.987852
1384082617434	,13.834197
1384082617445	,10.915755
1384082617457	,12.4107685
1384082617468	,11.097166
1384082617485	,16.398521
1384082617507	,22.333775
1384082617518	,10.385076
1384082617530	,11.727163
1384082617543	,12.975649
1384082617554	,11.680082
1384082617566	,12.00577
1384082617585	,18.500294
1384082617597	,11.85296
1384082617612	,15.09741
1384082617640	,28.39513
1384082617652	,11.583017
1384082617663	,10.897333
1384082617679	,15.833921
1384082617691	,12.122202
1384082617710	,18.85036
1384082617722	,11.734135
1384082617734	,12.0225525
1384082617747	,13.064214
1384082617757	,9.91923
1384082617768	,11.065342
1384082617790	,21.485607
1384082617804	,14.505724
1384082617819	,14.483222
1384082617832	,13.099674
1384082617843	,10.873714
1384082617856	,13.233952
1384082617867	,11.207212
1384082617879	,11.438128
1384082617892	,13.323491
1384082617914	,21.330177
1384082617925	,11.669917
1384082617954	,28.578005
1384082617966	,12.308503
1384082617977	,10.10406
1384082617991	,14.636859
1384082618005	,13.348846
1384082618019	,13.902288
1384082618030	,11.184768
1384082618042	,11.628794
1384082618059	,17.184704
1384082618072	,12.742415
1384082618083	,11.303331
1384082618102	,18.623104
1384082618123	,20.832104
1384082618135	,12.601861
1384082618146	,10.689004
1384082618160	,14.1609955
1384082618171	,10.766193
1384082618187	,15.85391
1384082618204	,17.45673
1384082618219	,14.503277
1384082618229	,10.058169
1384082618241	,11.962583
1384082618254	,12.403883
1384082618270	,16.679003
1384082618286	,15.122465
1384082618302	,16.108438
1384082618318	,16.227606
1384082618332	,13.711161
1384082618343	,11.239071
1384082618356	,13.205062
1384082618366	,10.143874
1384082618380	,13.891764
1384082618394	,13.627204
1384082618412	,17.363796
1384082618425	,13.223279
1384082618434	,9.352729
1384082618447	,13.145822
1384082618458	,10.701606
1384082618472	,13.438986
1384082618483	,11.733734
1384082618493	,9.801336
1384082618507	,13.575835
1384082618520	,13.304593
1384082618534	,13.307462
1384082618544	,10.494586
1384082618560	,15.51558
1384082618577	,17.46282
1384082618595	,17.559498
1384082618611	,15.818663
1384082618625	,13.708704
1384082618635	,10.534121
1384082618645	,10.153114
1384082618655	,10.002168
1384082618673	,17.814735
1384082618684	,10.202463
1384082618702	,18.772314
1384082618725	,22.649572
1384082618747	,21.574766
1384082618761	,14.275494
1384082618771	,9.743519
1384082618781	,10.36631
1384082618793	,11.258328
1384082618805	,12.680084
1384082618818	,12.835305
1384082618830	,11.83306
1384082618841	,10.32194
1384082618850	,9.543794
1384082618863	,12.483795
1384082618877	,13.937583
1384082618892	,15.138894
1384082618925	,32.8736
1384082618938	,12.740329
1384082618954	,16.669226
1384082618967	,12.38623
1384082618978	,11.595928
1384082618991	,12.062691
1384082619004	,13.068507
1384082619019	,15.247848
1384082619033	,13.702659
1384082619050	,11.020456
1384082619063	,13.212275
1384082619075	,11.583556
1384082619089	,13.969351
1384082619099	,10.252992
1384082619115	,16.217316
1384082619130	,14.309612
1384082619148	,18.527836
1384082619162	,13.446628
1384082619173	,11.171708
1384082619191	,18.456923
1384082619205	,13.105321
1384082619231	,26.69358
1384082619242	,10.261513
1384082619252	,9.983068
1384082619262	,10.682182
1384082619274	,11.073661
1384082619286	,12.343205
1384082619296	,10.088494
1384082619307	,10.867239
1384082619324	,16.873493
1384082619340	,16.588964
1384082619361	,20.731224
1384082619373	,12.102895
1384082619386	,12.077488
1384082619399	,13.318434
1384082619411	,12.030329
1384082619425	,13.7747
1384082619437	,12.320304
1384082619448	,10.727656
1384082619458	,9.538571
1384082619469	,11.546264
1384082619480	,10.633849
1384082619494	,14.379718
1384082619505	,10.917049
1384082619519	,13.592982
1384082619547	,27.8059
1384082619563	,16.042484
1384082619574	,10.779607
1384082619586	,12.078049
1384082619598	,11.565652
1384082619611	,13.457509
1384082619626	,14.396346
1384082619639	,13.589848
1384082619648	,9.218871
1384082619658	,9.743799
1384082619670	,11.993099
1384082619683	,12.236647
1384082619697	,14.465166
1384082619707	,10.24012
1384082619720	,12.463222
1384082619737	,16.718275
1384082619755	,18.185312
1384082619776	,20.751617
1384082619787	,10.922437
1384082619802	,14.908037
1384082619821	,19.093
1384082619836	,14.948295
1384082619853	,16.719893
1384082619863	,10.597754
1384082619873	,10.1666155
1384082619886	,12.510832
1384082619897	,10.508375
1384082619909	,12.625902
1384082619920	,10.6972
1384082619938	,17.543365
1384082619963	,24.801056
1384082619983	,20.262154
1384082619994	,11.218557
1384082620007	,12.556144
1384082620021	,14.407158
1384082620035	,13.57536
1384082620045	,10.082992
1384082620055	,9.74693
1384082620064	,9.247052
1384082620076	,11.579447
1384082620088	,12.499495
1384082620099	,10.43539
1384082620118	,18.898767
1384082620132	,14.417531
1384082620149	,16.7707
1384082620181	,32.223137
1384082620194	,12.027399
1384082620205	,11.617092
1384082620216	,11.26855
1384082620232	,15.376248
1384082620246	,13.6483755
1384082620257	,11.698766
1384082620267	,9.8065
1384082620278	,10.662022
1384082620289	,10.855178
1384082620299	,10.242538
1384082620315	,15.899698
1384082620327	,11.790301
1384082620337	,10.497183
1384082620350	,12.920955
1384082620361	,10.886621
1384082620382	,20.33081
1384082620394	,11.734758
1384082620404	,10.636432
1384082620423	,19.003242
1384082620443	,19.336973
1384082620453	,9.865527
1384082620463	,10.163112
1384082620477	,13.718619
1384082620488	,11.65885
1384082620500	,12.030573
1384082620513	,12.467273
1384082620528	,15.261367
1384082620540	,11.735218
1384082620560	,19.804089
1384082620571	,10.754669
1384082620600	,29.382431
1384082620613	,12.480199
1384082620623	,9.913675
1384082620639	,16.257366
1384082620654	,14.461291
1384082620664	,10.10353
1384082620673	,9.359374
1384082620684	,10.664374
1384082620695	,10.678337
1384082620707	,11.972155
1384082620718	,11.675713
1384082620732	,13.144628
1384082620745	,13.569617
1384082620758	,12.683756
1384082620767	,9.34856
1384082620781	,13.226838
1384082620811	,30.230904
1384082620823	,12.001383
1384082620846	,22.721388
1384082620859	,12.936769
1384082620869	,10.501086
1384082620880	,10.730739
1384082620889	,9.118414
1384082620901	,11.632219
1384082620911	,9.69079
1384082620930	,19.259275
1384082620943	,12.747372
1384082620956	,13.259939
1384082620968	,11.413158
1384082620979	,11.104495
1384082620991	,12.501375
1384082621019	,27.235174
1384082621035	,16.426556
1384082621054	,19.028673
1384082621065	,10.413072
1384082621075	,10.349968
1384082621085	,9.784239
1384082621098	,12.411409
1384082621116	,18.54847
1384082621130	,13.448029
1384082621144	,14.042168
1384082621156	,12.558771
1384082621170	,13.684478
1384082621183	,12.750921
1384082621195	,11.662052
1384082621207	,12.737266
1384082621232	,24.161587
1384082621252	,20.64672
1384082621263	,10.277836
1384082621273	,10.672199
1384082621284	,10.172735
1384082621294	,10.188512
1384082621304	,10.132194
1384082621314	,10.19205
1384082621329	,14.728713
1384082621347	,17.482834
1384082621363	,15.857895
1384082621376	,13.07423
1384082621387	,11.007896
1384082621398	,11.166043
1384082621411	,12.927928
1384082621431	,20.243761
1384082621457	,25.910372
1384082621470	,12.735871
1384082621480	,9.790957
1384082621492	,11.722264
1384082621502	,10.758496
1384082621515	,12.556817
1384082621526	,10.967554
1384082621542	,15.976137
1384082621554	,11.797104
1384082621576	,21.5484
1384082621587	,10.977743
1384082621599	,12.715123
1384082621609	,9.755703
1384082621622	,12.566793
1384082621644	,21.9422
1384082621671	,27.415756
1384082621683	,11.336915
1384082621694	,10.829804
1384082621703	,9.706112
1384082621717	,13.163464
1384082621735	,18.792723
1384082621753	,17.573727
1384082621765	,11.59036
1384082621780	,15.004803
1384082621792	,12.557302
1384082621805	,12.977043
1384082621818	,12.649443
1384082621829	,10.577911
1384082621843	,14.501371
1384082621870	,26.997704
1384082621881	,10.195671
1384082621891	,10.570165
1384082621901	,9.864382
1384082621912	,10.562204
1384082621921	,9.523755
1384082621933	,11.287693
1384082621947	,14.006129
1384082621961	,14.639312
1384082621982	,21.051832
1384082621996	,13.009921
1384082622007	,11.758683
1384082622023	,15.4572935
1384082622040	,17.506592
1384082622061	,20.052084
1384082622080	,19.628119
1384082622091	,10.368484
1384082622102	,11.08559
1384082622113	,11.558666
1384082622126	,12.287767
1384082622137	,10.717358
1384082622149	,12.821479
1384082622163	,13.519564
1384082622176	,12.851882
1384082622193	,17.039259
1384082622205	,11.483884
1384082622215	,10.112409
1384082622225	,10.761491
1384082622237	,10.984108
1384082622253	,16.896358
1384082622275	,21.741367
1384082622294	,18.902184
1384082622305	,10.462323
1384082622315	,9.938762
1384082622328	,13.602594
1384082622339	,10.621681
1384082622366	,26.958908
1384082622380	,14.013928
1384082622397	,16.466732
1384082622409	,12.722178
1384082622421	,11.652881
1384082622433	,12.237201
1384082622446	,12.569617
1384082622462	,16.320946
1384082622482	,19.241688
1384082622498	,15.769111
1384082622508	,10.487141
1384082622518	,9.873289
1384082622528	,9.995618
1384082622538	,10.099851
1384082622550	,12.042926
1384082622564	,13.226819
1384082622579	,15.09891
1384082622590	,10.730222
1384082622610	,20.902975
1384082622620	,9.590346
1384082622635	,14.901561
1384082622648	,12.928004
1384082622677	,29.232782
1384082622695	,17.605108
1384082622707	,12.164324
1384082622718	,10.419424
1384082622730	,12.006517
1384082622741	,10.799803
1384082622751	,10.650025
1384082622764	,13.131114
1384082622779	,14.516681
1384082622790	,10.676901
1384082622808	,18.445707
1384082622818	,9.703839
1384082622828	,10.095647
1384082622838	,9.905015
1384082622850	,12.180763
1384082622866	,15.840936
1384082622880	,13.595988
1384082622893	,12.889015
1384082622908	,14.597189
1384082622920	,12.4235115
1384082622930	,10.410988
1384082622943	,12.3142395
1384082622955	,11.679007
1384082622969	,14.500482
1384082622992	,22.994118
1384082623009	,16.606739
1384082623021	,11.570702
1384082623034	,13.51787
1384082623046	,12.10865
1384082623058	,11.935157
1384082623071	,12.926998
1384082623087	,16.174183
1384082623105	,17.645947
1384082623117	,11.829242
1384082623127	,9.794832
1384082623137	,9.764907
1384082623147	,10.156736
1384082623157	,9.818422
1384082623173	,16.566713
1384082623189	,15.447279
1384082623201	,12.244413
1384082623220	,18.36186
1384082623231	,11.148638
1384082623242	,11.46358
1384082623256	,13.504274
1384082623267	,10.821764
1384082623291	,24.006702
1384082623307	,16.387419
1384082623319	,11.402515
1384082623330	,10.673871
1384082623343	,13.152551
1384082623354	,10.689571
1384082623366	,12.321753
1384082623378	,11.628622
1384082623393	,15.489928
1384082623406	,13.221438
1384082623423	,16.408064
1384082623435	,11.972279
1384082623445	,10.119741
1384082623458	,12.356698
1384082623543	,85.375595
1384082623599	,55.693726
1384082623622	,22.827248
1384082623635	,12.793227
1384082623647	,11.797504
1384082623663	,16.305954
1384082623673	,9.911505
1384082623683	,10.005985
1384082623693	,9.802024
1384082623704	,10.976744
1384082623714	,10.045776
1384082623724	,10.039768
1384082623734	,9.452441
1384082623744	,9.986415
1384082623756	,12.048766
1384082623785	,29.168148
1384082623804	,18.784252
1384082623817	,12.713834
1384082623829	,12.063551
1384082623839	,10.575557
1384082623849	,9.9476595
1384082623863	,13.147102
1384082623872	,9.883535
1384082623887	,14.762351
1384082623904	,16.724337
1384082623918	,14.239112
1384082623928	,9.411518
1384082623939	,11.202074
1384082623953	,13.629428
1384082623987	,33.801304
1384082624020	,33.323715
1384082624036	,16.43744
1384082624050	,13.047991
1384082624062	,12.445709
1384082624073	,10.885741
1384082624083	,9.873439
1384082624093	,10.19274
1384082624103	,9.402305
1384082624113	,9.87054
1384082624122	,9.309707
1384082624132	,9.965735
1384082624141	,9.447988
1384082624152	,10.1473255
1384082624162	,10.369901
1384082624175	,13.199721
1384082624232	,56.967552
1384082624251	,18.347069
1384082624268	,14.758662
1384082624280	,12.4811125
1384082624290	,9.865322
1384082624300	,10.009475
1384082624309	,9.322641
1384082624321	,11.322985
1384082624331	,9.930099
1384082624341	,9.857944
1384082624350	,9.072719
1384082624360	,10.467444
1384082624377	,16.723892
1384082624400	,23.198507
1384082624433	,32.77484
1384082624449	,15.624516
1384082624459	,10.345897
1384082624471	,11.899168
1384082624482	,10.772732
1384082624491	,9.048842
1384082624505	,13.669621
1384082624515	,10.151898
1384082624526	,10.575176
1384082624547	,21.519583
1384082624559	,11.309328
1384082624570	,11.053835
1384082624590	,19.669352
1384082624609	,19.439444
1384082624633	,23.760328
1384082624656	,23.498741
1384082624670	,13.776551
1384082624682	,11.3886
1384082624690	,8.766833
1384082624700	,9.8415575
1384082624710	,9.24866
1384082624720	,10.086498
1384082624729	,9.250434
1384082624739	,9.638637
1384082624748	,8.976603
1384082624758	,10.181057
1384082624768	,9.614043
1384082624782	,14.060661
1384082624801	,18.863924
1384082624816	,14.752115
1384082624830	,14.687321
1384082624873	,42.85561
1384082624885	,11.628301
1384082624899	,13.739842
1384082624909	,10.417643
1384082624919	,9.754714
1384082624929	,9.435307
1384082624939	,9.920412
1384082624948	,9.708971
1384082624958	,9.827879
1384082624968	,9.6696825
1384082624982	,14.0864105
1384082625004	,21.40268
1384082625021	,17.343325
1384082625038	,16.510601
1384082625053	,15.459161
1384082625073	,19.752771
1384082625083	,10.539858
1384082625093	,9.08909
1384082625102	,9.609313
1384082625111	,9.024914
1384082625124	,12.697107
1384082625135	,10.809788
1384082625146	,10.87042
1384082625155	,8.849868
1384082625183	,28.319664
1384082625208	,24.493017
1384082625221	,13.203591
1384082625240	,18.63362
1384082625254	,14.308588
1384082625277	,22.68247
1384082625288	,11.575295
1384082625298	,9.551235
1384082625308	,9.730004
1384082625317	,9.128728
1384082625326	,9.110159
1384082625336	,9.781775
1384082625345	,9.434931
1384082625355	,9.437841
1384082625364	,9.05889
1384082625374	,9.691864
1384082625386	,11.986205
1384082625400	,14.275669
1384082625417	,17.063429
1384082625437	,19.61383
1384082625451	,14.494553
1384082625465	,13.386515
1384082625502	,37.225494
1384082625514	,11.597157
1384082625524	,10.16712
1384082625533	,9.239584
1384082625542	,9.031961
1384082625552	,9.326079
1384082625561	,9.144884
1384082625571	,9.954907
1384082625580	,9.120543
1384082625592	,11.876174
1384082625608	,15.955348
1384082625623	,15.2950735
1384082625642	,18.888
1384082625653	,10.334197
1384082625668	,14.883237
1384082625685	,17.749664
1384082625696	,10.843064
1384082625705	,9.040151
1384082625714	,8.789473
1384082625724	,9.20958
1384082625732	,8.796114
1384082625746	,14.000262
1384082625757	,10.508292
1384082625766	,9.017453
1384082625776	,9.789475
1384082625788	,12.488623
1384082625838	,49.868862
1384082625851	,12.419583
1384082625866	,14.723304
1384082625891	,24.853737
1384082625901	,10.69675
1384082625911	,10.075885
1384082625921	,9.09056
1384082625930	,9.178049
1384082625939	,8.81756
1384082625948	,9.044828
1384082625957	,8.953041
1384082625966	,8.976336
1384082625975	,9.133038
1384082625984	,9.326181
1384082625995	,10.9044
1384082626006	,10.617042
1384082626018	,12.205043
1384082626035	,16.160536
1384082626053	,18.899466
1384082626068	,14.535425
1384082626081	,12.459201
1384082626093	,12.185548
1384082626104	,11.385834
1384082626119	,14.300255
1384082626139	,20.305447
1384082626150	,10.845085
1384082626159	,8.99401
1384082626168	,9.215056
1384082626178	,10.116283
1384082626188	,9.4768505
1384082626200	,11.846726
1384082626210	,10.22045
1384082626224	,14.033614
1384082626242	,17.931854
1384082626260	,17.333984
1384082626274	,14.40924
1384082626291	,16.995808
1384082626305	,14.21082
1384082626314	,9.011357
1384082626324	,9.670129
1384082626333	,8.60674
1384082626342	,9.1002245
1384082626351	,8.573324
1384082626363	,12.071113
1384082626375	,12.251695
1384082626385	,9.831708
1384082626395	,10.013433
1384082626408	,12.8955555
1384082626422	,13.893542
1384082626435	,12.747561
1384082626476	,41.691853
1384082626493	,16.789164
1384082626509	,16.083778
1384082626520	,10.560722
1384082626530	,10.364226
1384082626540	,9.159881
1384082626549	,9.105836
1384082626558	,8.963784
1384082626567	,8.663457
1384082626575	,8.769375
1384082626584	,9.096334
1384082626594	,9.807292
1384082626606	,12.036067
1384082626617	,10.027041
1384082626631	,14.857627
1384082626646	,14.965029
1384082626658	,11.543941
1384082626690	,31.699156
1384082626701	,10.8555155
1384082626716	,14.755731
1384082626726	,10.507159
1384082626738	,11.626692
1384082626748	,9.898961
1384082626758	,10.128177
1384082626778	,19.991693
1384082626789	,10.958041
1384082626799	,9.9631195
1384082626810	,11.196496
1384082626822	,11.303991
1384082626836	,13.899912
1384082626847	,11.821178
1384082626859	,11.497977
1384082626872	,12.912815
1384082626895	,22.972206
1384082626910	,14.675452
1384082626924	,14.531193
1384082626934	,9.426314
1384082626943	,9.536706
1384082626953	,9.065319
1384082626962	,9.315344
1384082626971	,9.07185
1384082626981	,10.090564
1384082626997	,15.92728
1384082627011	,13.94959
1384082627023	,11.996936
1384082627042	,18.854515
1384082627056	,13.419084
1384082627068	,11.948241
1384082627107	,39.828876
1384082627126	,18.75387
1384082627136	,9.827872
1384082627148	,11.861156
1384082627158	,9.643248
1384082627167	,9.636512
1384082627177	,9.541086
1384082627187	,9.937135
1384082627197	,9.937676
1384082627208	,10.591032
1384082627222	,14.553527
1384082627233	,10.198721
1384082627255	,22.018091
1384082627267	,11.931886
1384082627278	,11.379163
1384082627292	,14.113224
1384082627324	,31.743015
1384082627335	,11.023844
1384082627346	,11.096587
1384082627358	,11.503198
1384082627368	,10.129666
1384082627378	,10.294467
1384082627389	,10.157059
1384082627399	,10.148239
1384082627427	,27.708912
1384082627437	,10.7988405
1384082627459	,21.886354
1384082627471	,11.836892
1384082627483	,11.440508
1384082627498	,14.940554
1384082627514	,15.918568
1384082627535	,21.3839
1384082627546	,10.394446
1384082627556	,10.283806
1384082627566	,10.524804
1384082627577	,10.019225
1384082627587	,10.175989
1384082627598	,11.4536495
1384082627609	,10.805668
1384082627630	,20.848293
1384082627641	,10.642295
1384082627653	,11.788503
1384082627679	,26.122082
1384082627690	,11.129823
1384082627703	,13.311865
1384082627750	,46.720222
1384082627761	,11.185389
1384082627773	,11.408815
1384082627783	,10.462392
1384082627810	,10.811202
1384082627820	,10.037845
1384082627836	,15.134317
1384082627846	,10.636203
1384082627857	,11.261302
1384082627879	,21.92015
1384082627892	,11.994089
1384082627904	,12.104911
1384082627917	,13.625917
1384082627940	,22.249004
1384082627959	,19.487934
1384082627973	,14.114191
1384082627985	,11.923346
1384082627997	,12.006518
1384082628009	,12.044255
1384082628022	,12.313084
1384082628038	,16.1903
1384082628060	,21.775656
1384082628073	,13.618623
1384082628096	,22.220894
1384082628106	,10.6173115
1384082628121	,14.171707
1384082628134	,13.803873
1384082628146	,11.18005
1384082628171	,24.932743
1384082628181	,10.493832
1384082628192	,10.329487
1384082628202	,10.664035
1384082628214	,11.990269
1384082628226	,11.8716755
1384082628242	,15.963059
1384082628257	,14.824702
1384082628269	,11.844964
1384082628283	,14.327933
1384082628308	,24.495367
1384082628325	,17.186216
1384082628341	,15.649234
1384082628377	,35.823048
1384082628389	,11.632419
1384082628399	,9.95353
1384082628409	,10.075429
1384082628420	,11.399052
1384082628430	,10.208136
1384082628443	,12.920166
1384082628454	,10.749158
1384082628465	,10.874429
1384082628478	,13.142486
1384082628489	,10.92451
1384082628510	,20.478191
1384082628526	,16.493914
1384082628548	,21.272999
1384082628563	,15.307249
1384082628585	,21.549618
1384082628596	,11.484184
1384082628610	,13.776664
1384082628622	,12.096754
1384082628639	,16.660019
1384082628651	,11.801329
1384082628672	,21.094528
1384082628686	,14.472322
1384082628697	,10.95818
1384082628720	,22.546381
1384082628733	,12.594779
1384082628747	,13.813282
1384082628758	,11.85742
1384082628770	,10.983759
1384082628792	,22.501217
1384082628803	,10.493778
1384082628813	,10.438938
1384082628826	,12.601303
1384082628840	,13.826969
1384082628852	,11.775164
1384082628869	,17.293297
1384082628882	,12.978305
1384082628894	,11.885632
1384082628905	,11.204281
1384082628933	,27.981075
1384082628946	,12.737435
1384082628961	,15.153207
1384082628973	,12.180515
1384082629006	,32.993046
1384082629017	,10.340643
1384082629027	,10.362003
1384082629037	,9.948982
1384082629050	,12.836271
1384082629061	,10.683181
1384082629072	,11.487795
1384082629083	,10.820835
1384082629095	,12.114411
1384082629106	,10.073319
1384082629117	,11.513381
1384082629141	,23.497948
1384082629150	,9.540451
1384082629166	,16.08444
1384082629180	,13.556881
1384082629194	,13.9911995
1384082629215	,20.634092
1384082629225	,9.914628
1384082629243	,17.824743
1384082629257	,14.065959
1384082629271	,14.145601
1384082629301	,15.996654
1384082629315	,14.607558
1384082629328	,12.351499
1384082629346	,17.876095
1384082629356	,10.095588
1384082629368	,12.160337
1384082629379	,10.471435
1384082629391	,12.7065325
1384082629403	,11.448489
1384082629424	,21.4902
1384082629438	,13.934713
1384082629455	,16.626558
1384082629475	,19.837444
1384082629487	,11.826808
1384082629497	,10.396666
1384082629510	,13.040323
1384082629519	,8.751946
1384082629530	,10.6318245
1384082629554	,24.100496
1384082629566	,11.675052
1384082629577	,11.313213
1384082629593	,15.895245
1384082629605	,12.341084
1384082629617	,11.350936
1384082629638	,21.034363
1384082629650	,11.562891
1384082629662	,12.8466
1384082629675	,12.814761
1384082629691	,15.130583
1384082629703	,12.482375
1384082629714	,10.580106
1384082629730	,16.37291
1384082629741	,11.104387
1384082629767	,25.708504
1384082629787	,20.08743
1384082629802	,14.349489
1384082629817	,14.874719
1384082629853	,36.163406
1384082629870	,17.49302
1384082629884	,13.950811
1384082629906	,21.78549
1384082629919	,12.300974
1384082629936	,17.295994
1384082629947	,11.492507
1384082629965	,17.66407
1384082629976	,11.243941
1384082629989	,13.00258
1384082630001	,11.044282
1384082630018	,17.333977
1384082630029	,11.300905
1384082630042	,13.025367
1384082630068	,25.361252
1384082630081	,13.498114
1384082630107	,25.307503
1384082630118	,11.246494
1384082630133	,15.135649
1384082630146	,12.846781
1384082630162	,15.756327
1384082630191	,29.398508
1384082630212	,20.575748
1384082630229	,16.73487
1384082630240	,11.2655945
1384082630258	,18.29566
1384082630285	,26.755598
1384082630304	,18.81801
1384082630316	,11.857943
1384082630328	,11.945656
1384082630344	,15.433124
1384082630356	,12.340608
1384082630380	,24.11274
1384082630393	,12.589706
1384082630410	,17.561104
1384082630423	,12.105392
1384082630438	,15.385876
1384082630449	,11.054624
1384082630490	,41.15148
1384082630513	,22.547417
1384082630530	,16.636166
1384082630548	,18.452772
1384082630565	,16.701145
1384082630583	,18.52923
1384082630596	,12.723371
1384082630610	,13.676646
1384082630623	,12.565918
1384082630641	,18.088264
1384082630653	,12.482473
1384082630670	,16.915068
1384082630699	,28.802847
1384082630725	,26.173122
1384082630738	,12.718736
1384082630753	,14.980481
1384082630770	,16.715855
1384082630789	,18.584528
1384082630820	,31.45712
1384082630835	,15.1229
1384082630850	,14.751638
1384082630867	,16.461224
1384082630883	,16.617092
1384082630905	,21.37707
1384082630928	,23.257198
1384082630942	,14.005921
1384082630956	,13.615417
1384082630970	,14.469512
1384082630981	,10.910053
1384082630997	,16.282093
1384082631017	,19.233929
1384082631036	,19.08794
1384082631050	,13.6594
1384082631062	,12.3128395
1384082631075	,12.59675
1384082631091	,16.424345
1384082631104	,12.578463
1384082631151	,47.50453
1384082631163	,11.591704
1384082631179	,16.468557
1384082631195	,15.933065
1384082631212	,16.197584
1384082631223	,11.696177
1384082631238	,14.041246
1384082631249	,11.54267
1384082631262	,13.144652
1384082631276	,13.455175
1384082631293	,16.904856
1384082631312	,18.94714
1384082631348	,35.72918
1384082631362	,14.65854
1384082631375	,12.563708
1384082631398	,22.585085
1384082631409	,11.315406
1384082631425	,16.0315
1384082631469	,43.9508
1384082631481	,11.986252
1384082631500	,18.985252
1384082631515	,14.508612
1384082631534	,18.853893
1384082631558	,24.64512
1384082631569	,10.845176
1384082631587	,17.416811
1384082631604	,17.240294
1384082631616	,12.140701
1384082631633	,17.190304
1384082631647	,13.543405
1384082631662	,15.1313715
1384082631676	,13.792108
1384082631692	,16.111967
1384082631707	,14.4847765
1384082631721	,13.890143
1384082631737	,15.807166
1384082631750	,13.028873
1384082631788	,38.252975
1384082631805	,16.688742
1384082631816	,10.791231
1384082631830	,14.832602
1384082631843	,12.875604
1384082631856	,12.360197
1384082631875	,19.107162
1384082631887	,12.060046
1384082631902	,15.253758
1384082631916	,13.844265
1384082631939	,22.766884
1384082631955	,16.168535
1384082631979	,23.431358
1384082632001	,21.680717
1384082632013	,12.056458
1384082632024	,11.436629
1384082632042	,17.650036
1384082632053	,11.158125
1384082632068	,14.50499
1384082632105	,37.250443
1384082632121	,15.699864
1384082632138	,17.494728
1384082632153	,14.220223
1384082632167	,14.119614
1384082632190	,23.01022
1384082632202	,12.48851
1384082632218	,15.338911
1384082632235	,16.813227
1384082632251	,16.481462
1384082632266	,14.274024
1384082632284	,18.454096
1384082632300	,15.6555195
1384082632319	,19.438324
1384082632333	,13.96439
1384082632346	,12.585312
1384082632359	,13.0948305
1384082632372	,13.298903
1384082632394	,21.423302
1384082632428	,33.96471
1384082632439	,11.456664
1384082632455	,15.817547
1384082632467	,11.979152
1384082632479	,11.701569
1384082632495	,15.861694
1384082632512	,16.989243
1384082632531	,18.640856
1384082632547	,16.549595
1384082632568	,20.262392
1384082632595	,27.13474
1384082632611	,16.339638
1384082632627	,15.81321
1384082632643	,15.502629
1384082632656	,13.171174
1384082632669	,12.898099
1384082632684	,14.6955
1384082632705	,21.028208
1384082632717	,11.800308
1384082632751	,34.648914
1384082632769	,17.505945
1384082632783	,14.088142
1384082632803	,20.401968
1384082632815	,11.548577
1384082632830	,14.767956
1384082632840	,10.295669
1384082632853	,12.325697
1384082632875	,22.039309
1384082632887	,12.018378
1384082632912	,25.375612
1384082632925	,13.239993
1384082632939	,13.945524
1384082632959	,19.432327
1384082632975	,15.740404
1384082632987	,11.983899
1384082633004	,17.117523
1384082633015	,11.053114
1384082633032	,16.724018
1384082633054	,22.246824
1384082633069	,14.542523
1384082633084	,15.279292
1384082633096	,11.967057
1384082633111	,15.047645
1384082633130	,18.480106
1384082633143	,12.785887
1384082633164	,21.247551
1384082633181	,16.80863
1384082633194	,12.842953
1384082633216	,22.460146
1384082633232	,15.966201
1384082633245	,12.495785
1384082633256	,10.890335
1384082633267	,11.008564
1384082633278	,11.049818
1384082633291	,12.740782
1384082633303	,12.259697
1384082633317	,13.735741
1384082633343	,26.265814
1384082633386	,42.71059
1384082633398	,11.896641
1384082633418	,19.798862
1384082633437	,19.163504
1384082633451	,13.898624
1384082633467	,16.295609
1384082633485	,17.614523
1384082633503	,18.557676
1384082633517	,13.476694
1384082633550	,32.828945
1384082633563	,13.348476
1384082633578	,14.892736
1384082633593	,15.188981
1384082633607	,13.007938
1384082633624	,17.446455
1384082633643	,19.196901
1384082633657	,14.017868
1384082633669	,11.215477
1384082633697	,28.690649
1384082633716	,18.291664
1384082633738	,21.80076
1384082633755	,17.599005
1384082633770	,14.693594
1384082633784	,14.086056
1384082633801	,16.987112
1384082633813	,12.10946
1384082633832	,18.731112
1384082633854	,21.628468
1384082633866	,12.457709
1384082633877	,10.80084
1384082633889	,12.053953
1384082633901	,11.95499
1384082633916	,15.135333
1384082633929	,12.974618
1384082633942	,12.952075
1384082633972	,29.167088
1384082633985	,12.741087
1384082634011	,26.65901
1384082634023	,11.440476
1384082634039	,15.918616
1384082634051	,12.630017
1384082634063	,11.866811
1384082634075	,11.632269
1384082634089	,13.529327
1384082634101	,12.497494
1384082634124	,22.858614
1384082634139	,14.921208
1384082634152	,12.808919
1384082634179	,26.646408
1384082634191	,12.51383
1384082634201	,9.9583
1384082634222	,20.479399
1384082634240	,18.656471
1384082634253	,12.834515
1384082634267	,13.495233
1384082634279	,11.719822
1384082634290	,10.839166
1384082634301	,10.91225
1384082634311	,10.541074
1384082634339	,27.500265
1384082634351	,12.427501
1384082634366	,14.696825
1384082634387	,21.430885
1384082634399	,11.355443
1384082634408	,9.639989
1384082634427	,18.435553
1384082634443	,15.54008
1384082634458	,15.241284
1384082634476	,18.310083
1384082634489	,12.369594
1384082634499	,10.339541
1384082634509	,10.305023
1384082634519	,9.625843
1384082634538	,19.273304
1384082634623	,84.20856
1384082634690	,66.909325
1384082634704	,13.866286
1384082634715	,11.092484
1384082634730	,15.548181
1384082634745	,14.752315
1384082634757	,11.965708
1384082634768	,11.230082
1384082634780	,11.920909
1384082634792	,11.438537
1384082634802	,9.775517
1384082634811	,9.671478
1384082634823	,11.628116
1384082634835	,11.891284
1384082634862	,26.964136
1384082634899	,36.41448
1384082634911	,12.654368
1384082634924	,12.632759
1384082634936	,11.542527
1384082634950	,14.275143
1384082634959	,9.417643
1384082634969	,9.323867
1384082634980	,10.808206
1384082635002	,22.09754
1384082635013	,11.3988905
1384082635023	,9.905503
1384082635035	,12.061351
1384082635066	,30.478745
1384082635102	,36.36128
1384082635117	,14.255335
1384082635131	,14.351693
1384082635142	,10.772907
1384082635158	,16.13935
1384082635170	,12.3190775
1384082635180	,9.686377
1384082635190	,9.489656
1384082635199	,9.461432
1384082635209	,9.426809
1384082635220	,11.529122
1384082635236	,15.289789
1384082635249	,13.58205
1384082635278	,28.379044
1384082635291	,13.334374
1384082635332	,40.917267
1384082635345	,13.136705
1384082635358	,12.828809
1384082635374	,16.090052
1384082635385	,10.45007
1384082635396	,11.033544
1384082635414	,18.654346
1384082635427	,12.139726
1384082635439	,12.067432
1384082635449	,9.75366
1384082635459	,10.573139
1384082635491	,31.737932
1384082635505	,13.761722
1384082635530	,24.932411
1384082635545	,15.580243
1384082635555	,9.439235
1384082635565	,10.2011595
1384082635576	,10.335083
1384082635585	,8.863641
1384082635594	,9.747426
1384082635604	,9.48855
1384082635613	,9.207439
1384082635624	,11.240264
1384082635654	,29.124687
1384082635666	,12.36803
1384082635686	,19.807005
1384082635740	,53.623302
1384082635759	,18.932138
1384082635768	,9.817194
1384082635783	,14.095102
1384082635794	,11.595217
1384082635806	,11.269264
1384082635817	,11.152501
1384082635828	,11.188356
1384082635838	,10.015829
1384082635852	,14.329646
1384082635865	,12.30408
1384082635875	,9.753143
1384082635885	,10.745385
1384082635898	,12.614948
1384082635923	,24.723845
1384082635944	,20.690012
1384082635972	,28.275124
1384082635987	,14.483002
1384082635999	,12.477176
1384082636010	,10.669005
1384082636022	,11.702547
1384082636033	,11.167722
1384082636043	,9.747088
1384082636057	,14.1165905
1384082636072	,15.602799
1384082636087	,14.147931
1384082636102	,15.748188
1384082636131	,28.668528
1384082636155	,23.63347
1384082636173	,18.272482
1384082636183	,10.122088
1384082636198	,15.041515
1384082636210	,11.2588215
1384082636220	,9.771195
1384082636231	,11.150115
1384082636241	,10.442587
1384082636257	,16.123777
1384082636293	,35.07205
1384082636308	,15.24931
1384082636335	,27.441195
1384082636366	,30.714655
1384082636385	,18.835741
1384082636400	,15.410393
1384082636413	,12.056923
1384082636422	,9.512826
1384082636431	,8.95865
1384082636441	,9.477776
1384082636454	,13.703343
1384082636467	,12.235137
1384082636477	,9.882552
1384082636493	,16.194353
1384082636510	,17.408712
1384082636524	,13.396856
1384082636542	,18.412037
1384082636561	,18.16512
1384082636573	,12.263146
1384082636602	,28.652836
1384082636614	,11.993079
1384082636626	,12.07882
1384082636638	,12.218504
1384082636659	,20.936455
1384082636672	,12.843767
1384082636686	,14.056887
1384082636699	,12.901791
1384082636711	,11.736659
1384082636722	,10.930098
1384082636731	,8.897081
1384082636756	,25.413977
1384082636767	,10.932405
1384082636794	,26.387522
1384082636808	,13.903852
1384082636819	,11.725856
1384082636831	,11.93978
1384082636843	,11.823189
1384082636854	,10.478103
1384082636870	,16.630377
1384082636881	,10.683985
1384082636897	,15.51161
1384082636928	,31.082783
1384082636944	,15.928877
1384082636972	,27.61632
1384082637000	,28.15086
1384082637014	,14.170112
1384082637028	,13.606753
1384082637039	,11.296362
1384082637049	,9.775046
1384082637058	,9.6482115
1384082637075	,16.079102
1384082637087	,11.892035
1384082637098	,11.303875
1384082637111	,13.338588
1384082637122	,10.359851
1384082637133	,11.583009
1384082637154	,20.258411
1384082637168	,14.384544
1384082637184	,15.50253
1384082637197	,13.464014
1384082637214	,16.594368
1384082637234	,20.601377
1384082637244	,9.618821
1384082637254	,9.482035
1384082637266	,12.20195
1384082637284	,17.510662
1384082637297	,13.902699
1384082637307	,9.547463
1384082637320	,12.640203
1384082637333	,12.668175
1384082637342	,9.481222
1384082637356	,13.785936
1384082637367	,11.416018
1384082637379	,11.381987
1384082637396	,16.685307
1384082637412	,16.168177
1384082637426	,13.700901
1384082637438	,12.281013
1384082637447	,9.521783
1384082637457	,9.248834
1384082637469	,11.762612
1384082637484	,14.95256
1384082637498	,14.541602
1384082637510	,11.807643
1384082637528	,18.007074
1384082637558	,30.342731
1384082637578	,19.424824
1384082637607	,29.213684
1384082637628	,20.82246
1384082637640	,11.691702
1384082637649	,9.108319
1384082637664	,14.77431
1384082637673	,9.341102
1384082637688	,15.138296
1384082637698	,9.644715
1384082637710	,11.849284
1384082637720	,10.25562
1384082637732	,11.569045
1384082637746	,14.45614
1384082637760	,13.251448
1384082637773	,13.67113
1384082637787	,13.309277
1384082637797	,10.401415
1384082637815	,17.8664
1384082637826	,11.049233
1384082637841	,14.700397
1384082637860	,18.871138
1384082637879	,18.534206
1384082637896	,17.630302
1384082637912	,15.640635
1384082637924	,11.796157
1384082637936	,12.319474
1384082637948	,11.296391
1384082637960	,11.945745
1384082637975	,14.868453
1384082637984	,9.02359
1384082637994	,10.342595
1384082638003	,8.99616
1384082638024	,20.451138
1384082638038	,14.828931
1384082638055	,16.375463
1384082638067	,12.145641
1384082638077	,9.622684
1384082638096	,19.072338
1384082638112	,16.266258
1384082638123	,11.013626
1384082638136	,12.607143
1384082638153	,17.249268
1384082638169	,15.730256
1384082638203	,33.708652
1384082638219	,16.45918
1384082638231	,11.721094
1384082638257	,25.392109
1384082638267	,10.344628
1384082638279	,12.305325
1384082638289	,9.980366
1384082638306	,16.318556
1384082638318	,12.683079
1384082638333	,14.782374
1384082638344	,10.818003
1384082638359	,14.741184
1384082638373	,13.641104
1384082638385	,12.24196
1384082638399	,13.974807
1384082638415	,15.976186
1384082638426	,10.776911
1384082638439	,12.799253
1384082638453	,13.941256
1384082638467	,14.739321
1384082638478	,10.985246
1384082638489	,10.36409
1384082638539	,50.47048
1384082638552	,12.017625
1384082638566	,14.552071
1384082638579	,12.421427
1384082638589	,10.3246355
1384082638602	,12.887033
1384082638612	,9.847991
1384082638622	,9.644054
1384082638634	,12.204675
1384082638658	,24.66192
1384082638680	,21.96427
1384082638691	,10.723752
1384082638707	,15.388113
1384082638724	,17.256939
1384082638742	,17.779715
1384082638761	,18.875183
1384082638778	,16.846779
1384082638790	,12.281435
1384082638804	,14.275762
1384082638816	,11.783232
1384082638843	,26.916147
1384082638867	,23.362663
1384082638889	,22.387365
1384082638901	,11.786791
1384082638918	,17.136578
1384082638933	,15.048266
1384082638949	,15.6569395
1384082638961	,11.645956
1384082638975	,14.371378
1384082638989	,13.668097
1384082638999	,10.658896
1384082639015	,15.105218
1384082639030	,15.539781
1384082639042	,11.512079
1384082639053	,10.784157
1384082639073	,20.654345
1384082639090	,17.054205
1384082639105	,14.153562
1384082639120	,14.88661
1384082639133	,13.743659
1384082639156	,22.129566
1384082639190	,34.016727
1384082639204	,13.962873
1384082639216	,12.113732
1384082639226	,10.130294
1384082639236	,9.822866
1384082639249	,12.84776
1384082639261	,12.039556
1384082639277	,16.337294
1384082639306	,28.283812
1384082639323	,17.85566
1384082639340	,16.638145
1384082639359	,18.763418
1384082639374	,15.183406
1384082639390	,16.142372
1384082639401	,10.76614
1384082639417	,15.516009
1384082639427	,9.880734
1384082639437	,10.048207
1384082639448	,11.513355
1384082639462	,13.84875
1384082639475	,12.940026
1384082639537	,61.42187
1384082639554	,17.485476
1384082639567	,12.963886
1384082639582	,14.390798
1384082639594	,12.444838
1384082639607	,13.054872
1384082639623	,15.673341
1384082639636	,12.502872
1384082639649	,13.327295
1384082639661	,12.378188
1384082639673	,11.110206
1384082639687	,14.196153
1384082639703	,15.875619
1384082639719	,16.395016
1384082639751	,32.140907
1384082639768	,16.579575
1384082639779	,11.209636
1384082639794	,14.473902
1384082639805	,11.15815
1384082639825	,19.942951
1384082639843	,17.421206
1384082639855	,12.339627
1384082639868	,13.3361845
1384082639879	,10.843449
1384082639894	,14.820204
1384082639906	,12.2822485
1384082639922	,15.055173
1384082639938	,16.12974
1384082639977	,39.011616
1384082639995	,17.908772
1384082640010	,15.343944
1384082640027	,16.26406
1384082640038	,11.675591
1384082640050	,12.133564
1384082640063	,12.515397
1384082640076	,13.267046
1384082640089	,12.527262
1384082640101	,11.863359
1384082640113	,12.561843
1384082640129	,15.897999
1384082640178	,48.47394
1384082640201	,22.600222
1384082640216	,15.203587
1384082640229	,12.747786
1384082640239	,10.416901
1384082640251	,12.218807
1384082640262	,10.533881
1384082640281	,18.513783
1384082640293	,12.148506
1384082640306	,13.603028
1384082640319	,12.959911
1384082640332	,12.566948
1384082640354	,22.191084
1384082640370	,15.544921
1384082640409	,38.705925
1384082640424	,15.24579
1384082640442	,18.066654
1384082640453	,10.938575
1384082640465	,11.44614
1384082640475	,10.363659
1384082640491	,15.590764
1384082640503	,12.113351
1384082640518	,15.112409
1384082640531	,13.094781
1384082640558	,27.285934
1384082640575	,16.970304
1384082640603	,27.960957
1384082640627	,23.696716
1384082640642	,14.269954
1384082640652	,10.50776
1384082640664	,12.337898
1384082640677	,12.180787
1384082640690	,12.876338
1384082640707	,17.020971
1384082640719	,12.731529
1384082640730	,10.401064
1384082640746	,16.493904
1384082640775	,28.937185
1384082640792	,16.169727
1384082640830	,37.72147
1384082640842	,11.992597
1384082640852	,9.903671
1384082640864	,12.318124
1384082640876	,11.826297
1384082640887	,11.17206
1384082640905	,17.86415
1384082640916	,10.827383
1384082640934	,18.58985
1384082640949	,14.823981
1384082640968	,19.003538
1384082640986	,17.39007
1384082640999	,13.374079
1384082641021	,21.672173
1384082641045	,24.357737
1384082641056	,10.756553
1384082641069	,12.983919
1384082641081	,11.200446
1384082641091	,10.685018
1384082641102	,10.604742
1384082641118	,15.72023
1384082641134	,15.828061
1384082641149	,15.432649
1384082641164	,14.408147
1384082641190	,26.045944
1384082641205	,15.67557
1384082641249	,43.47843
1384082641262	,13.17307
1384082641274	,12.270066
1384082641287	,12.08174
1384082641299	,12.218538
1384082641312	,12.761427
1384082641325	,13.161515
1384082641339	,13.983809
1384082641354	,14.688771
1384082641377	,23.47284
1384082641399	,21.893057
1384082641437	,37.50985
1384082641461	,23.969973
1384082641472	,10.936633
1384082641484	,12.11701
1384082641496	,11.906107
1384082641507	,10.796888
1384082641525	,17.732727
1384082641538	,13.2327585
1384082641556	,17.924623
1384082641573	,17.035248
1384082641587	,14.345146
1384082641606	,18.141088
1384082641618	,11.9820595
1384082641633	,14.931537
1384082641666	,33.566166
1384082641679	,12.676986
1384082641689	,10.523096
1384082641703	,13.478906
1384082641715	,12.353062
1384082641731	,15.376631
1384082641742	,11.109652
1384082641756	,14.034845
1384082641769	,12.261718
1384082641786	,17.019035
1384082641802	,16.238903
1384082641817	,14.957848
1384082641832	,14.444121
1384082641861	,29.560228
1384082641881	,19.926157
1384082641894	,12.590869
1384082641907	,12.799668
1384082641917	,10.230238
1384082641929	,12.28619
1384082641943	,13.839807
1384082641957	,13.389365
1384082641974	,16.903664
1384082642002	,28.643703
1384082642022	,20.036938
1384082642043	,20.776169
1384082642059	,15.199598
1384082642086	,27.323313
1384082642098	,11.921236
1384082642108	,10.293715
1384082642118	,9.887096
1384082642129	,10.745657
1384082642143	,13.852213
1384082642159	,15.97419
1384082642170	,10.714814
1384082642196	,25.880558
1384082642211	,15.4214945
1384082642229	,17.66271
1384082642240	,10.816664
1384082642257	,17.37925
1384082642275	,18.284885
1384082642304	,28.258419
1384082642317	,13.242792
1384082642330	,13.064484
1384082642345	,14.3226
1384082642361	,16.428165
1384082642373	,12.286858
1384082642388	,14.7648
1384082642412	,23.760065
1384082642426	,13.850508
1384082642448	,21.827068
1384082642462	,13.880051
1384082642474	,12.206382
1384082642491	,17.044939
1384082642515	,24.263578
1384082642526	,10.942455
1384082642539	,12.080475
1384082642552	,13.315305
1384082642568	,15.891585
1384082642583	,15.128157
1384082642605	,21.497988
1384082642620	,15.762405
1384082642642	,21.400833
1384082642659	,17.144615
1384082642674	,15.115824
1384082642687	,12.974498
1384082642701	,13.833522
1384082642722	,20.603859
1384082642734	,12.543189
1384082642746	,11.542691
1384082642757	,11.212901
1384082642778	,20.247396
1384082642790	,11.896148
1384082642804	,14.112926
1384082642823	,19.327932
1384082642836	,13.293791
1384082642849	,12.072735
1384082642869	,20.65631
1384082642885	,16.123442
1384082642897	,11.1075
1384082642913	,16.179897
1384082642938	,25.598469
1384082642949	,10.71907
1384082642965	,15.7715435
1384082642980	,14.805637
1384082642997	,16.949371
1384082643018	,20.691023
1384082643033	,14.887776
1384082643047	,14.704874
1384082643072	,24.862156
1384082643087	,14.656967
1384082643100	,12.978785
1384082643113	,12.95965
1384082643128	,14.963853
1384082643142	,13.89616
1384082643153	,11.183936
1384082643164	,10.774205
1384082643180	,16.20742
1384082643193	,12.466796
1384082643206	,13.387827
1384082643223	,16.286293
1384082643249	,25.940678
1384082643264	,14.984914
1384082643284	,20.066288
1384082643298	,14.513079
1384082643308	,9.86728
1384082643321	,12.486935
1384082643332	,11.273859
1384082643349	,17.129839
1384082643364	,14.7313385
1384082643383	,18.486816
1384082643397	,14.195851
1384082643409	,12.045623
1384082643433	,23.636715
1384082643450	,16.96403
1384082643461	,10.627274
1384082643483	,22.073053
1384082643496	,12.832978
1384082643510	,14.772759
1384082643526	,15.37047
1384082643538	,12.229266
1384082643566	,28.3353
1384082643582	,15.155809
1384082643603	,21.601187
1384082643616	,12.767225
1384082643638	,21.32339
1384082643651	,13.150904
1384082643662	,11.479991
1384082643688	,25.325716
1384082643704	,16.35757
1384082643716	,11.402399
1384082643727	,11.031461
1384082643744	,17.288458
1384082643754	,10.315755
1384082643773	,18.935534
1384082643785	,12.071618
1384082643797	,11.918273
1384082643809	,11.930724
1384082643822	,12.655804
1384082643841	,18.815056
1384082643853	,12.062345
1384082643864	,10.412981
1384082643882	,18.306503
1384082643909	,27.185379
1384082643920	,10.502593
1384082643932	,11.931861
1384082643943	,11.329428
1384082643955	,11.430114
1384082643969	,14.084512
1384082643992	,23.418804
1384082644011	,18.748888
1384082644026	,15.301438
1384082644056	,29.146328
1384082644067	,11.050556
1384082644077	,10.097068
1384082644095	,18.056326
1384082644111	,16.44154
1384082644124	,12.2996645
1384082644136	,12.356245
1384082644150	,13.309208
1384082644160	,10.40738
1384082644172	,12.2941265
1384082644198	,25.349401
1384082644216	,18.215393
1384082644231	,15.166747
1384082644259	,27.292332
1384082644271	,11.964966
1384082644285	,13.841422
1384082644298	,13.13052
1384082644322	,24.553228
1384082644334	,12.084985
1384082644344	,9.641482
1384082644359	,15.048406
1384082644372	,12.736068
1384082644382	,10.075245
1384082644403	,20.777237
1384082644417	,14.156134
1384082644432	,14.378694
1384082644454	,22.378252
1384082644469	,15.1400795
1384082644480	,10.751356
1384082644493	,13.000839
1384082644514	,20.459389
1384082644531	,17.346361
1384082644541	,10.135578
1384082644554	,12.245433
1384082644570	,16.0724
1384082644580	,10.445893
1384082644591	,10.326995
1384082644610	,19.263123
1384082644632	,21.706388
1384082644643	,11.013315
1384082644663	,20.022608
1384082644677	,14.321732
1384082644692	,14.50656
1384082644703	,11.5678625
1384082644717	,13.264158
1384082644729	,12.463025
1384082644744	,14.868559
1384082644754	,10.295055
1384082644770	,15.718017
1384082644785	,14.791984
1384082644798	,13.191458
1384082644814	,15.814862
1384082644860	,46.124832
1384082644875	,14.267766
1384082644886	,11.01257
1384082644900	,13.925115
1384082644922	,22.279793
1384082644936	,14.1323
1384082644949	,12.474451
1384082644959	,10.177079
1384082644976	,17.163809
1384082644987	,10.747664
1384082644998	,10.480331
1384082645011	,13.80715
1384082645022	,10.9934845
1384082645069	,46.767254
1384082645084	,14.686437
1384082645103	,18.668165
1384082645116	,12.771112
1384082645135	,19.813679
1384082645150	,14.605415
1384082645166	,15.756844
1384082645183	,16.93694
1384082645195	,12.240997
1384082645211	,15.94122
1384082645224	,13.171182
1384082645238	,13.844694
1384082645263	,24.634123
1384082645285	,21.82488
1384082645299	,13.8193245
1384082645311	,11.716883
1384082645326	,15.732165
1384082645340	,13.1894865
1384082645355	,15.311575
1384082645368	,12.849037
1384082645383	,14.755135
1384082645395	,12.681233
1384082645408	,12.599027
1384082645423	,15.27019
1384082645437	,13.988411
1384082645452	,14.390973
1384082645500	,48.201775
1384082645510	,10.190763
1384082645523	,12.239071
1384082645539	,16.014751
1384082645549	,9.930083
1384082645565	,16.073454
