1384082645598	,19.994455
1384082645616	,17.974827
1384082645629	,13.530821
1384082645646	,17.139708
1384082645664	,17.60186
1384082645761	,97.14915
1384082645821	,59.951138
1384082645840	,18.48428
1384082645854	,13.673025
1384082645878	,24.377892
1384082645890	,12.312301
1384082645904	,13.28957
1384082645918	,14.410445
1384082645930	,12.05682
1384082645945	,14.826767
1384082645963	,17.35368
1384082646024	,61.221825
1384082646036	,12.577648
1384082646051	,14.281964
1384082646065	,14.423488
1384082646078	,12.446837
1384082646092	,13.880435
1384082646104	,12.460707
1384082646127	,22.429504
1384082646139	,11.79917
1384082646151	,12.245458
1384082646163	,12.159972
1384082646192	,28.604393
1384082646237	,45.619884
1384082646256	,18.97008
1384082646273	,15.993933
1384082646289	,16.912056
1384082646302	,12.110252
1384082646318	,16.469517
1384082646332	,13.432553
1384082646345	,13.568645
1384082646359	,13.210812
1384082646378	,18.947008
1384082646398	,20.429104
1384082646457	,59.147457
1384082646470	,12.573847
1384082646491	,21.1556
1384082646505	,13.599462
1384082646518	,13.653061
1384082646530	,11.988575
1384082646545	,14.256514
1384082646557	,11.875416
1384082646574	,17.394285
1384082646591	,16.774529
1384082646621	,30.07393
1384082646638	,16.790232
1384082646671	,33.158455
1384082646684	,13.257666
1384082646697	,12.687877
1384082646709	,11.826821
1384082646725	,15.428764
1384082646739	,13.863698
1384082646767	,28.530005
1384082646780	,12.397752
1384082646808	,28.805302
1384082646825	,16.6017
1384082646840	,14.535096
1384082646862	,22.251474
1384082646886	,23.880692
1384082646901	,14.967023
1384082646913	,11.587371
1384082646926	,13.338685
1384082646940	,13.652
1384082646951	,11.439899
1384082646966	,14.693156
1384082646981	,14.769854
1384082646996	,15.36401
1384082647023	,26.548721
1384082647046	,23.390308
1384082647094	,47.593063
1384082647111	,17.258669
1384082647122	,11.155125
1384082647136	,13.933654
1384082647150	,13.650111
1384082647162	,11.779209
1384082647175	,13.240923
1384082647189	,14.000338
1384082647209	,19.978352
1384082647234	,25.22418
1384082647249	,14.983167
1384082647263	,13.737885
1384082647280	,16.605404
1384082647307	,26.920763
1384082647319	,12.464988
1384082647333	,13.868678
1384082647348	,14.270922
1384082647360	,12.2500515
1384082647376	,15.796964
1384082647393	,17.50035
1384082647417	,23.358034
1384082647437	,20.744259
1384082647457	,19.387981
1384082647470	,13.449129
1384082647485	,14.756755
1384082647519	,34.149868
1384082647531	,11.508014
1384082647547	,15.537357
1384082647561	,14.069739
1384082647573	,11.888955
1384082647585	,12.545587
1384082647597	,11.985923
1384082647618	,20.94833
1384082647645	,26.434755
1384082647665	,20.283749
1384082647684	,18.425556
1384082647702	,18.370766
1384082647738	,36.23806
1384082647752	,13.9492035
1384082647766	,13.849244
1384082647782	,15.6185665
1384082647794	,12.316655
1384082647811	,16.722809
1384082647836	,25.050037
1384082647852	,15.82493
1384082647869	,17.069016
1384082647888	,18.359426
1384082647905	,17.663149
1384082647921	,15.712809
1384082647939	,18.111248
1384082647954	,14.37733
1384082647965	,11.159772
1384082647979	,14.480059
1384082648002	,22.289629
1384082648031	,29.26054
1384082648054	,22.690718
1384082648067	,13.252753
1384082648084	,16.908432
1384082648098	,13.405027
1384082648115	,16.89794
1384082648131	,16.481146
1384082648159	,27.902744
1384082648173	,13.602934
1384082648188	,14.930765
1384082648200	,12.164855
1384082648213	,13.093284
1384082648233	,19.681107
1384082648260	,27.076027
1384082648276	,15.99595
1384082648299	,22.721148
1384082648318	,18.98355
1384082648333	,15.437864
1384082648364	,30.212587
1384082648380	,16.69939
1384082648397	,16.298931
1384082648409	,12.609808
1384082648424	,15.06425
1384082648445	,20.638243
1384082648472	,26.991655
1384082648488	,15.606892
1384082648506	,18.234913
1384082648520	,13.586889
1384082648536	,15.947663
1384082648549	,12.927494
1384082648569	,20.333187
1384082648583	,13.730219
1384082648599	,16.427946
1384082648621	,21.177755
1384082648644	,23.179516
1384082648667	,22.816065
1384082648684	,16.746204
1384082648699	,15.453353
1384082648717	,17.628504
1384082648736	,18.665367
1384082648758	,22.713152
1384082648780	,21.847404
1384082648795	,15.242537
1384082648807	,11.536979
1384082648824	,16.662066
1384082648844	,20.200333
1384082648862	,17.461346
1384082648885	,23.272343
1384082648899	,14.367733
1384082648920	,21.11261
1384082648939	,18.687618
1384082648957	,17.287687
1384082648970	,13.202836
1384082649000	,29.658312
1384082649014	,14.11005
1384082649029	,15.645424
1384082649050	,20.984072
1384082649065	,14.859899
1384082649086	,20.815754
1384082649103	,17.108595
1384082649121	,17.206142
1384082649136	,15.1669235
1384082649148	,11.785892
1384082649169	,21.114199
1384082649188	,19.42542
1384082649206	,17.098406
1384082649220	,14.552983
1384082649254	,33.45501
1384082649277	,23.528568
1384082649296	,18.609491
1384082649312	,16.219114
1384082649329	,17.008913
1384082649345	,16.046465
1384082649362	,16.460802
1384082649375	,13.1572895
1384082649392	,17.334398
1384082649415	,22.17317
1384082649431	,16.6149
1384082649451	,19.874722
1384082649467	,15.176474
1384082649484	,17.403898
1384082649505	,20.741714
1384082649521	,16.002293
1384082649540	,19.015997
1384082649557	,17.18492
1384082649573	,15.931359
1384082649588	,14.4420395
1384082649603	,14.962593
1384082649625	,22.028692
1384082649638	,12.809374
1384082649662	,24.821766
1384082649678	,15.7112465
1384082649692	,13.229055
1384082649710	,18.085085
1384082649723	,13.642124
1384082649742	,18.297989
1384082649754	,12.488538
1384082649767	,12.6775675
1384082649783	,15.689183
1384082649794	,11.621341
1384082649817	,22.877981
1384082649835	,17.188368
1384082649853	,18.774057
1384082649874	,20.844244
1384082649901	,26.597061
1384082649916	,14.826531
1384082649933	,16.624392
1384082649950	,17.5065
1384082649964	,14.305542
1384082649981	,16.058369
1384082649995	,14.44791
1384082650017	,22.256668
1384082650040	,21.99325
1384082650059	,19.854397
1384082650077	,17.906967
1384082650096	,18.18398
1384082650108	,12.323868
1384082650128	,19.5405
1384082650144	,16.66476
1384082650160	,15.416235
1384082650179	,19.353535
1384082650197	,17.31163
1384082650211	,14.508814
1384082650229	,18.140448
1384082650247	,17.971064
1384082650266	,18.546204
1384082650282	,16.459549
1384082650298	,15.727416
1384082650310	,11.34844
1384082650326	,16.481789
1384082650338	,11.407308
1384082650353	,14.797236
1384082650364	,11.279184
1384082650379	,14.745194
1384082650394	,15.176238
1384082650411	,17.188494
1384082650432	,20.697603
1384082650451	,19.0193
1384082650470	,19.034132
1384082650497	,27.124216
1384082650515	,18.216496
1384082650531	,14.982723
1384082650543	,12.274266
1384082650555	,11.573163
1384082650568	,13.0632305
1384082650583	,15.134207
1384082650598	,15.06558
1384082650615	,16.99528
1384082650636	,20.891264
1384082650651	,14.721102
1384082650674	,22.712969
1384082650694	,20.830658
1384082650709	,14.997186
1384082650728	,18.482176
1384082650751	,22.868704
1384082650767	,16.084053
1384082650779	,11.821996
1384082650797	,18.030767
1384082650821	,24.318302
1384082650842	,20.56162
1384082650865	,22.491602
1384082650880	,15.070689
1384082650902	,21.893383
1384082650913	,11.517358
1384082650927	,13.54883
1384082650943	,16.126757
1384082650957	,14.203974
1384082650972	,14.653461
1384082650987	,14.881591
1384082651000	,13.313715
1384082651013	,12.841916
1384082651028	,14.442327
1384082651044	,16.640923
1384082651076	,31.502
1384082651105	,29.21696
1384082651121	,15.834065
1384082651137	,16.115856
1384082651151	,13.898548
1384082651163	,11.905281
1384082651182	,18.513912
1384082651195	,13.097426
1384082651206	,11.445747
1384082651221	,14.316808
1384082651239	,17.879196
1384082651258	,19.668713
1384082651283	,24.669275
1384082651300	,16.330667
1384082651314	,14.29733
1384082651326	,12.307996
1384082651339	,12.24394
1384082651353	,14.661568
1384082651370	,16.462877
1384082651387	,17.317804
1384082651398	,10.773566
1384082651416	,18.302076
1384082651446	,29.918676
1384082651464	,17.575424
1384082651486	,21.838198
1384082651505	,19.16242
1384082651519	,13.6744
1384082651530	,11.367852
1384082651544	,14.032379
1384082651559	,14.4115715
1384082651571	,11.973561
1384082651589	,18.422813
1384082651603	,13.106121
1384082651616	,13.5593815
1384082651629	,12.558534
1384082651645	,16.485981
1384082651664	,18.291445
1384082651693	,28.810192
1384082651719	,25.966873
1384082651733	,14.303403
1384082651747	,13.978026
1384082651759	,12.343895
1384082651773	,13.160089
1384082651785	,12.338754
1384082651800	,15.365879
1384082651813	,12.342682
1384082651830	,17.200716
1384082651847	,16.503252
1384082651872	,25.412222
1384082651893	,20.613409
1384082651912	,19.619925
1384082651926	,13.13594
1384082651938	,12.336495
1384082651951	,12.677686
1384082651964	,12.892456
1384082651984	,20.122555
1384082652002	,17.752773
1384082652013	,11.571615
1384082652030	,16.937092
1384082652051	,21.019531
1384082652075	,23.501747
1384082652091	,16.078968
1384082652107	,15.662346
1384082652128	,21.27206
1384082652142	,13.3751335
1384082652154	,11.902633
1384082652165	,11.295371
1384082652180	,15.391672
1384082652192	,11.539686
1384082652207	,15.028935
1384082652220	,12.702256
1384082652235	,15.1487665
1384082652249	,14.354802
1384082652263	,13.069567
1384082652278	,15.328816
1384082652308	,29.562725
1384082652326	,18.396084
1384082652345	,18.507198
1384082652357	,12.697411
1384082652370	,13.058907
1384082652382	,11.067536
1384082652393	,11.15503
1384082652408	,15.34303
1384082652422	,14.27548
1384082652437	,14.379112
1384082652452	,14.745788
1384082652464	,12.13061
1384082652486	,22.35486
1384082652512	,26.132622
1384082652530	,17.857306
1384082652545	,14.633021
1384082652558	,13.278585
1384082652570	,11.784992
1384082652583	,12.390059
1384082652599	,16.05954
1384082652616	,17.57117
1384082652630	,13.516322
1384082652659	,29.05164
1384082652674	,14.813251
1384082652697	,22.724844
1384082652715	,18.557068
1384082652738	,22.359024
1384082652751	,13.539192
1384082652765	,13.665047
1384082652776	,10.824908
1384082652792	,16.318958
1384082652805	,12.491824
1384082652818	,13.272643
1384082652832	,14.09614
1384082652844	,11.601654
1384082652859	,15.089806
1384082652873	,13.51582
1384082652884	,11.513481
1384082652906	,21.198744
1384082652947	,40.825554
1384082652969	,22.333187
1384082652981	,11.909365
1384082652996	,15.384619
1384082653009	,12.954021
1384082653021	,11.180114
1384082653033	,12.23513
1384082653047	,13.956195
1384082653068	,21.160717
1384082653084	,15.651623
1384082653113	,29.212114
1384082653141	,27.338003
1384082653153	,12.59319
1384082653167	,13.846953
1384082653180	,12.869587
1384082653192	,12.364359
1384082653205	,12.735691
1384082653218	,13.044985
1384082653231	,12.366608
1384082653249	,17.98109
1384082653277	,27.845388
1384082653296	,19.35286
1384082653321	,25.089664
1384082653347	,25.674553
1384082653361	,13.965643
1384082653372	,10.514428
1384082653382	,10.177684
1384082653395	,13.279789
1384082653409	,13.335279
1384082653421	,12.890843
1384082653433	,11.876073
1384082653449	,15.905244
1384082653461	,12.037087
1384082653479	,17.704157
1384082653494	,14.376273
1384082653507	,13.038172
1384082653524	,16.940836
1384082653546	,22.225578
1384082653569	,22.583801
1384082653587	,17.802813
1384082653597	,10.610902
1384082653608	,10.507256
1384082653620	,11.875406
1384082653633	,13.13413
1384082653645	,11.631352
1384082653659	,14.32864
1384082653672	,12.810118
1384082653686	,13.772487
1384082653705	,19.248596
1384082653726	,20.692924
1384082653742	,16.099321
1384082653761	,19.411207
1384082653776	,14.435464
1384082653788	,12.535571
1384082653800	,11.283633
1384082653811	,11.240943
1384082653825	,13.478089
1384082653837	,12.720411
1384082653853	,15.261564
1384082653873	,19.890669
1384082653895	,22.222319
1384082653920	,24.673965
1384082653937	,16.8291
1384082653958	,21.390415
1384082653977	,18.802187
1384082653991	,13.632437
1384082654001	,10.734827
1384082654014	,13.019365
1384082654028	,13.786241
1384082654042	,13.655031
1384082654054	,12.185911
1384082654067	,13.18137
1384082654084	,16.04656
1384082654098	,14.621715
1384082654115	,16.941793
1384082654137	,21.737692
1384082654157	,20.197924
1384082654183	,26.131773
1384082654196	,12.688902
1384082654214	,17.403212
1384082654226	,12.054113
1384082654242	,16.199001
1384082654253	,11.323942
1384082654266	,12.799044
1384082654284	,17.976103
1384082654298	,14.030583
1384082654329	,30.997747
1384082654351	,21.342812
1384082654375	,24.016834
1384082654389	,14.239361
1384082654400	,10.601131
1384082654413	,13.037745
1384082654426	,12.921874
1384082654437	,11.44254
1384082654451	,13.03749
1384082654462	,11.10828
1384082654480	,18.215816
1384082654493	,12.721389
1384082654507	,14.276112
1384082654546	,39.200718
1384082654567	,20.139372
1384082654585	,18.04982
1384082654605	,19.878279
1384082654616	,11.444012
1384082654629	,12.44821
1384082654645	,16.04908
1384082654658	,13.089374
1384082654669	,11.134275
1384082654690	,20.950079
1384082654702	,12.054252
1384082654722	,19.364096
1384082654742	,20.243275
1384082654762	,20.065786
1384082654783	,20.596981
1384082654798	,15.194685
1384082654811	,12.642848
1384082654822	,11.781538
1384082654842	,19.406141
1384082654858	,16.139885
1384082654871	,12.677573
1384082654885	,13.682294
1384082654900	,15.135777
1384082654920	,19.650978
1384082654941	,21.742668
1384082654959	,17.39537
1384082654978	,19.035044
1384082654997	,18.666248
1384082655007	,10.22106
1384082655021	,14.450584
1384082655035	,13.466906
1384082655046	,11.428031
1384082655060	,13.436011
1384082655071	,11.10852
1384082655084	,12.419719
1384082655103	,19.788164
1384082655119	,15.93872
1384082655145	,25.838097
1384082655182	,36.559097
1384082655199	,16.995384
1384082655213	,13.823523
1384082655228	,15.022906
1384082655240	,11.780851
1384082655253	,13.507623
1384082655266	,12.356805
1384082655277	,11.544567
1384082655292	,14.911834
1384082655305	,13.067786
1384082655322	,16.176664
1384082655333	,11.554542
1384082655356	,22.281872
1384082655383	,26.97502
1384082655394	,11.626358
1384082655418	,23.64305
1384082655432	,13.839978
1384082655443	,11.524526
1384082655458	,14.571859
1384082655473	,14.77353
1384082655489	,15.502634
1384082655503	,14.167052
1384082655522	,18.68309
1384082655534	,12.23321
1384082655558	,24.156834
1384082655588	,30.111565
1384082655606	,17.56616
1384082655618	,12.536096
1384082655632	,13.219556
1384082655646	,14.121132
1384082655657	,10.879429
1384082655670	,12.677077
1384082655686	,16.276209
1384082655700	,14.013851
1384082655717	,16.573431
1384082655736	,19.47572
1384082655751	,14.963415
1384082655775	,23.91042
1384082655801	,25.798172
1384082655817	,16.401934
1384082655829	,11.384648
1384082655844	,15.218064
1384082655857	,12.546381
1384082655868	,11.4519825
1384082655882	,13.345979
1384082655896	,14.660039
1384082655907	,10.940365
1384082655923	,15.523266
1384082655942	,18.616096
1384082655955	,13.439118
1384082655976	,20.724699
1384082656003	,27.076149
1384082656021	,17.782309
1384082656035	,14.507333
1384082656055	,19.568974
1384082656068	,12.608789
1384082656083	,15.336281
1384082656098	,15.133152
1384082656111	,12.6370325
1384082656124	,13.141722
1384082656143	,19.011106
1384082656161	,18.20811
1384082656181	,19.71567
1384082656200	,18.459192
1384082656223	,23.040394
1384082656235	,11.564836
1384082656248	,13.0108795
1384082656262	,14.754957
1384082656276	,13.319156
1384082656289	,12.795043
1384082656305	,16.108511
1384082656316	,11.206755
1384082656332	,15.950724
1384082656359	,26.897919
1384082656373	,14.319668
1384082656400	,26.185604
1384082656415	,15.038023
1384082656522	,107.308815
1384082656538	,15.480217
1384082656557	,19.71382
1384082656575	,17.878992
1384082656592	,16.980408
1384082656609	,16.458447
1384082656627	,17.672012
1384082656640	,13.828713
1384082656654	,13.433389
1384082656668	,13.598337
1384082656679	,11.2707405
1384082656695	,16.177664
1384082656729	,33.808975
1384082656764	,34.86364
1384082656779	,15.342985
1384082656796	,16.859537
1384082656810	,13.9203415
1384082656821	,10.7324
1384082656835	,13.929309
1384082656846	,11.254243
1384082656857	,10.854361
1384082656868	,10.532477
1384082656881	,12.802697
1384082656894	,12.921445
1384082656907	,12.961957
1384082656929	,21.960968
1384082656947	,18.426788
1384082656982	,34.837208
1384082657001	,19.261717
1384082657021	,19.473707
1384082657035	,14.121611
1384082657047	,12.200475
1384082657059	,11.695551
1384082657070	,11.025588
1384082657083	,13.063994
1384082657097	,13.077466
1384082657110	,13.111109
1384082657125	,15.045236
1384082657165	,39.705246
1384082657188	,23.465302
1384082657202	,13.687272
1384082657218	,16.531506
1384082657231	,13.001122
1384082657243	,11.111746
1384082657255	,12.449397
1384082657268	,13.160293
1384082657283	,14.69857
1384082657294	,11.175051
1384082657305	,10.443384
1384082657336	,31.550568
1384082657360	,23.319138
1384082657397	,36.701168
1384082657419	,22.326746
1384082657430	,11.327419
1384082657441	,10.9772625
1384082657454	,12.6469755
1384082657471	,16.978777
1384082657484	,13.1027775
1384082657497	,12.839726
1384082657510	,12.898467
1384082657526	,15.618742
1384082657544	,17.791122
1384082657563	,19.362919
1384082657579	,16.298008
1384082657612	,32.944645
1384082657628	,15.219305
1384082657648	,20.316616
1384082657660	,12.248839
1384082657673	,12.802903
1384082657684	,10.997891
1384082657697	,12.909316
1384082657710	,12.743269
1384082657722	,12.079892
1384082657741	,18.600317
1384082657760	,18.665573
1384082657791	,31.04692
1384082657816	,24.84166
1384082657832	,16.557766
1384082657847	,14.452743
1384082657858	,11.247337
1384082657871	,13.435478
1384082657883	,11.53464
1384082657894	,10.919379
1384082657909	,15.313758
1384082657923	,13.748649
1384082657941	,17.646912
1384082657968	,27.152512
1384082657984	,16.314947
1384082658003	,18.454706
1384082658031	,27.865635
1384082658044	,12.592932
1384082658056	,12.774157
1384082658071	,14.076676
1384082658088	,17.592724
1384082658100	,12.2658825
1384082658111	,10.813542
1384082658125	,13.723123
1384082658145	,19.902645
1384082658162	,16.46986
1384082658177	,14.861006
1384082658194	,17.458069
1384082658208	,13.517382
1384082658242	,34.068302
1384082658264	,22.007004
1384082658278	,14.492428
1384082658290	,12.072035
1384082658303	,12.5341835
1384082658315	,11.411557
1384082658328	,12.933682
1384082658341	,13.798541
1384082658359	,17.147415
1384082658370	,11.205431
1384082658413	,42.727108
1384082658430	,17.358665
1384082658455	,25.361563
1384082658468	,12.430015
1384082658482	,14.295936
1384082658495	,12.932846
1384082658508	,12.846758
1384082658521	,13.257831
1384082658536	,14.610628
1384082658553	,17.229248
1384082658577	,23.64552
1384082658594	,17.185936
1384082658618	,23.66424
1384082658636	,18.334343
1384082658658	,21.111828
1384082658670	,12.328524
1384082658684	,13.446964
1384082658695	,11.601721
1384082658713	,17.619667
1384082658729	,15.592995
1384082658742	,13.61172
1384082658756	,14.243681
1384082658768	,11.782219
1384082658786	,17.493832
1384082658810	,24.08258
1384082658837	,27.069016
1384082658859	,22.065527
1384082658873	,13.529477
1384082658892	,19.593063
1384082658904	,11.066214
1384082658916	,12.720721
1384082658928	,11.078699
1384082658939	,11.21463
1384082658952	,12.911355
1384082658966	,14.252662
1384082658977	,11.240218
1384082658991	,13.625276
1384082659006	,14.979008
1384082659052	,45.60047
1384082659073	,21.59599
1384082659084	,10.726277
1384082659099	,14.910816
1384082659110	,10.934538
1384082659124	,13.841828
1384082659136	,11.454784
1384082659156	,20.285227
1384082659176	,19.676523
1384082659207	,31.828379
1384082659226	,18.07055
1384082659245	,19.799932
1384082659264	,18.009949
1384082659282	,17.952652
1384082659292	,10.523159
1384082659310	,18.226536
1384082659323	,13.020039
1384082659336	,12.876153
1384082659350	,13.626426
1384082659362	,11.969776
1384082659378	,15.538721
1384082659392	,14.174533
1384082659416	,24.102999
1384082659432	,15.472517
1384082659471	,39.123802
1384082659488	,17.378645
1384082659507	,18.352556
1384082659517	,10.435118
1384082659527	,9.989452
1384082659538	,10.298329
1384082659550	,12.533394
1384082659563	,13.315033
1384082659577	,13.715957
1384082659588	,10.480358
1384082659600	,12.043041
1384082659615	,14.896358
1384082659626	,10.900064
1384082659656	,30.44002
1384082659676	,19.388885
1384082659695	,19.224955
1384082659706	,10.987341
1384082659719	,12.60375
1384082659729	,10.388919
1384082659740	,10.287638
1384082659752	,12.188803
1384082659779	,27.207355
1384082659791	,11.845507
1384082659805	,13.591382
1384082659828	,22.998293
1384082659847	,19.208984
1384082659866	,18.82036
1384082659884	,18.062109
1384082659902	,17.960852
1384082659914	,12.035583
1384082659927	,12.473832
1384082659939	,12.147238
1384082659956	,16.908623
1384082659969	,13.647492
1384082659983	,13.594466
1384082660000	,16.719542
1384082660014	,14.440484
1384082660032	,17.78172
1384082660047	,14.998731
1384082660068	,20.686743
1384082660093	,24.49052
1384082660111	,18.389256
1384082660122	,11.108568
1384082660142	,20.08123
1384082660154	,12.093628
1384082660170	,15.044483
1384082660184	,14.29115
1384082660195	,11.004296
1384082660210	,14.702871
1384082660226	,16.177399
1384082660240	,14.159568
1384082660279	,38.838654
1384082660298	,19.354303
1384082660318	,19.057804
1384082660328	,10.737216
1384082660342	,13.25734
1384082660352	,9.823125
1384082660366	,14.795192
1384082660389	,22.105047
1384082660404	,15.051498
1384082660418	,13.837411
1384082660445	,27.578083
1384082660461	,16.188425
1384082660478	,16.796377
1384082660501	,22.408148
1384082660519	,17.992388
1384082660533	,14.070015
1384082660551	,17.999313
1384082660570	,18.91039
1384082660582	,11.95922
1384082660598	,15.70048
1384082660613	,15.080779
1384082660629	,16.37262
1384082660648	,18.289995
1384082660664	,16.823044
1384082660679	,14.905592
1384082660700	,20.476988
1384082660719	,19.037817
1384082660736	,17.019884
1384082660753	,16.394207
1384082660763	,10.379346
1384082660777	,14.15111
1384082660788	,10.380768
1384082660803	,14.937144
1384082660817	,13.780875
1384082660829	,12.034323
1384082660840	,11.604651
1384082660853	,12.873766
1384082660875	,21.467707
1384082660900	,25.559347
1384082660918	,17.460169
1384082660946	,27.733183
1384082660956	,10.449
1384082660976	,19.85552
1384082660987	,10.98932
1384082661014	,27.348314
1384082661030	,15.833327
1384082661046	,15.418758
1384082661074	,28.571484
1384082661090	,15.529112
1384082661106	,15.842288
1384082661116	,10.070851
1384082661145	,29.070145
1384082661157	,11.954284
1384082661172	,15.012859
1384082661192	,19.56486
1384082661207	,15.279071
1384082661224	,16.458982
1384082661243	,19.14772
1384082661256	,13.420389
1384082661281	,24.524496
1384082661299	,18.284271
1384082661321	,21.161392
1384082661339	,18.439753
1384082661357	,18.115187
1384082661374	,16.800224
1384082661390	,16.307775
1384082661407	,15.946447
1384082661420	,13.528806
1384082661431	,10.942372
1384082661446	,14.625736
1384082661462	,15.79846
1384082661476	,14.783879
1384082661502	,25.64192
1384082661512	,9.729016
1384082661527	,14.517315
1384082661543	,16.286125
1384082661561	,18.067583
1384082661573	,11.908322
1384082661586	,13.3110485
1384082661598	,11.3730545
1384082661610	,12.511445
1384082661631	,20.197638
1384082661651	,20.332108
1384082661663	,11.470763
1384082661695	,32.709675
1384082661709	,14.092026
1384082661722	,12.410899
1384082661734	,12.42885
1384082661749	,14.823505
1384082661777	,27.421202
1384082661797	,20.5311
1384082661813	,15.471134
1384082661829	,16.09843
1384082661849	,19.804329
1384082661862	,13.227208
1384082661886	,24.217829
1384082661903	,16.063105
1384082661914	,11.255611
1384082661932	,17.997133
1384082661950	,18.314316
1384082661962	,11.408083
1384082661988	,26.422377
1384082662015	,26.310528
1384082662028	,13.394604
1384082662042	,14.040526
1384082662056	,14.316087
1384082662073	,16.601992
1384082662087	,13.506847
1384082662102	,15.45149
1384082662120	,17.594547
1384082662131	,11.066717
1384082662140	,9.421642
1384082662154	,13.439497
1384082662165	,11.382891
1384082662189	,23.805147
1384082662203	,13.313581
1384082662216	,13.078929
1384082662226	,10.214414
1384082662251	,25.140644
1384082662263	,11.797714
1384082662274	,10.454351
1384082662287	,13.531136
1384082662300	,13.012981
1384082662317	,17.1431
1384082662333	,15.31768
1384082662343	,9.971383
1384082662356	,12.996906
1384082662369	,13.340939
1384082662398	,28.412786
1384082662417	,18.7518
1384082662428	,11.283815
1384082662443	,15.220983
1384082662459	,15.824177
1384082662470	,10.490025
1384082662482	,11.91712
1384082662502	,20.285015
1384082662514	,12.08913
1384082662523	,8.868848
1384082662534	,10.452039
1384082662551	,17.451744
1384082662562	,10.956086
1384082662574	,11.577237
1384082662587	,12.937894
1384082662625	,38.681744
1384082662636	,10.580322
1384082662649	,13.207935
1384082662662	,12.717477
1384082662673	,11.273027
1384082662693	,19.98878
1384082662708	,14.215796
1384082662721	,13.055765
1384082662733	,12.358983
1384082662748	,14.4542885
1384082662759	,11.501948
1384082662773	,13.558099
1384082662787	,14.09781
1384082662819	,31.651653
1384082662836	,16.872175
1384082662848	,12.169225
1384082662880	,32.00442
1384082662901	,20.847523
1384082662920	,18.620176
1384082662931	,11.322488
1384082662940	,9.046969
1384082662950	,9.64387
1384082662961	,11.479794
1384082662973	,11.538983
1384082662987	,14.469956
1384082662998	,10.860626
1384082663029	,30.840546
1384082663047	,17.36483
1384082663061	,13.947835
1384082663074	,13.284537
1384082663083	,9.4263315
1384082663099	,15.075392
1384082663112	,13.338064
1384082663124	,11.908746
1384082663136	,11.6801195
1384082663146	,10.635044
1384082663158	,11.877114
1384082663183	,24.429407
1384082663198	,15.158415
1384082663214	,16.333792
1384082663253	,38.80938
1384082663265	,11.936884
1384082663277	,11.4311495
1384082663289	,12.266613
1384082663307	,17.907652
1384082663318	,11.156998
1384082663331	,12.656861
1384082663344	,12.887775
1384082663357	,12.85387
1384082663371	,13.740797
1384082663384	,12.818483
1384082663399	,15.116314
1384082663417	,18.5558
1384082663433	,15.655069
1384082663452	,18.661335
1384082663463	,10.776828
1384082663488	,25.694569
1384082663501	,12.447314
1384082663517	,16.184034
1384082663528	,11.174125
1384082663544	,15.742622
1384082663557	,12.949542
1384082663569	,11.845169
1384082663581	,12.084195
1384082663591	,10.261881
1384082663613	,21.148775
1384082663626	,13.219015
1384082663659	,32.768005
1384082663674	,15.35656
1384082663688	,13.850029
1384082663703	,15.347881
1384082663717	,13.795076
1384082663730	,12.235107
1384082663742	,12.32663
1384082663754	,11.864655
1384082663766	,12.111392
1384082663776	,9.79858
1384082663799	,23.312805
1384082663815	,15.283583
1384082663831	,16.199528
1384082663845	,14.299871
1384082663879	,33.34824
1384082663891	,12.671332
1384082663904	,12.5776205
1384082663922	,17.696617
1384082663935	,13.359958
1384082663946	,11.093616
1384082663957	,10.079542
1384082663976	,19.044176
1384082663986	,10.036168
1384082663999	,13.696349
1384082664015	,15.251696
1384082664035	,19.834898
1384082664049	,14.625312
1384082664061	,11.783029
1384082664077	,15.540766
1384082664091	,14.54528
1384082664116	,24.65168
1384082664127	,10.84062
1384082664138	,11.435716
1384082664148	,9.686311
1384082664160	,12.014367
1384082664174	,13.618811
1384082664185	,11.254663
1384082664195	,10.1325035
1384082664210	,14.523084
1384082664235	,24.4877
1384082664252	,17.68392
1384082664262	,9.832615
1384082664276	,13.613874
1384082664304	,27.617144
1384082664319	,14.930197
1384082664331	,12.244418
1384082664345	,14.499525
1384082664356	,10.268068
1384082664369	,13.293215
1384082664381	,12.036971
1384082664392	,10.353969
1384082664404	,12.389658
1384082664430	,25.800167
1384082664442	,12.591402
1384082664459	,15.987439
1384082664470	,11.726874
1384082664487	,16.646767
1384082664510	,23.398767
1384082664529	,18.645975
1384082664541	,11.843709
1384082664553	,12.14564
1384082664566	,13.066407
1384082664579	,12.57375
1384082664591	,11.631143
1384082664603	,11.827676
1384082664618	,14.916676
1384082664645	,27.611246
1384082664658	,12.524419
1384082664671	,12.664596
1384082664683	,12.109212
1384082664700	,17.422455
1384082664735	,34.650944
1384082664749	,13.530888
1384082664760	,11.740242
1384082664775	,14.792897
1384082664786	,11.010208
1384082664799	,12.906171
1384082664810	,10.773226
1384082664822	,11.827076
1384082664840	,18.263912
1384082664858	,17.449268
1384082664876	,18.366045
1384082664891	,14.465722
1384082664908	,17.222034
1384082664927	,18.620983
1384082664942	,15.637063
1384082664955	,12.706194
1384082664965	,10.097724
1384082664978	,12.498234
1384082664990	,12.271633
1384082665001	,11.256406
1384082665013	,11.651069
1384082665027	,13.41462
1384082665061	,34.553524
1384082665074	,13.136572
1384082665085	,10.605063
1384082665100	,14.790924
1384082665114	,14.54204
1384082665140	,25.48412
1384082665154	,13.712115
1384082665164	,10.369725
1384082665177	,12.983101
1384082665189	,11.546492
1384082665202	,12.884554
1384082665213	,10.921406
1384082665225	,12.407486
1384082665238	,13.071446
1384082665263	,24.279177
1384082665276	,13.258001
1384082665290	,14.012516
1384082665306	,15.720705
1384082665317	,11.50919
1384082665337	,19.76647
1384082665359	,21.912481
1384082665372	,12.320734
1384082665384	,12.603492
1384082665396	,11.929704
1384082665408	,11.841778
1384082665423	,15.156694
1384082665434	,10.642602
1384082665450	,15.721571
1384082665469	,19.558735
1384082665487	,17.952991
1384082665503	,15.15133
1384082665517	,14.619683
1384082665541	,23.956764
1384082665559	,17.841484
1384082665570	,10.414566
1384082665583	,12.788261
1384082665594	,11.814089
1384082665605	,10.852538
1384082665617	,11.919254
1384082665631	,13.313926
1384082665647	,16.661327
1384082665668	,20.852396
1384082665686	,17.853348
1384082665698	,11.476465
1384082665712	,13.834672
1384082665729	,16.914175
1384082665757	,28.343985
1384082665769	,12.30345
1384082665781	,12.032508
1384082665794	,12.718537
1384082665808	,13.226037
1384082665820	,12.894419
1384082665835	,14.945955
1384082665846	,10.919769
1384082665861	,14.185647
1384082665875	,14.050982
1384082665893	,18.095922
1384082665906	,12.866457
1384082665919	,13.26439
1384082665934	,14.390253
1384082665952	,18.052603
1384082665970	,18.38287
1384082665987	,17.114565
1384082666001	,13.184962
1384082666011	,9.985334
1384082666022	,11.2996435
1384082666037	,14.8972645
1384082666051	,14.017078
1384082666064	,12.705541
1384082666082	,17.796692
1384082666103	,21.727444
1384082666117	,13.453003
1384082666139	,21.608793
1384082666157	,18.366755
1384082666175	,17.721256
1384082666187	,12.610315
1384082666199	,11.753597
1384082666212	,12.317737
1384082666223	,11.4961815
1384082666235	,11.766043
1384082666245	,10.123741
1384082666262	,16.403572
1384082666275	,13.059164
1384082666294	,19.344334
1384082666314	,20.235239
1384082666326	,11.499372
1384082666338	,12.474542
1384082666354	,15.857326
1384082666368	,13.717881
1384082666384	,15.583276
1384082666394	,10.544901
1384082666408	,13.11278
1384082666421	,13.30532
1384082666436	,14.89954
1384082666451	,15.257687
1384082666464	,12.726971
1384082666484	,19.626339
1384082666498	,14.151887
1384082666516	,18.078352
1384082666527	,11.343204
1384082666541	,13.854137
1384082666557	,15.92836
1384082666572	,14.3664255
1384082666587	,15.518258
1384082666603	,16.092264
1384082666616	,12.859672
1384082666627	,10.624505
1384082666642	,14.68673
1384082666663	,21.263065
1384082666677	,14.157273
1384082666693	,15.748514
1384082666707	,13.857217
1384082666734	,26.717344
1384082666751	,16.969498
1384082666766	,15.252138
1384082666785	,18.922943
1384082666800	,15.285059
1384082666813	,12.128702
1384082666826	,12.938431
1384082666836	,10.621544
1384082667300	,463.44382
1384082667321	,20.805164
1384082667334	,12.838252
1384082667345	,11.720443
1384082667357	,11.481603
1384082667368	,11.377327
1384082667381	,13.103652
1384082667393	,11.906995
1384082667407	,13.099143
1384082667418	,11.5678625
1384082667431	,12.941544
1384082667445	,13.681356
1384082667519	,73.58586
1384082667529	,10.17135
1384082667541	,12.546063
1384082667553	,11.122779
1384082667565	,12.651989
1384082667576	,10.513147
1384082667588	,11.837091
1384082667599	,11.30277
1384082667633	,33.724037
1384082667645	,12.074785
1384082667658	,13.269377
1384082667683	,24.269075
1384082667726	,43.57083
1384082667746	,19.835787
1384082667758	,11.530454
1384082667770	,12.171759
1384082667780	,10.281961
1384082667791	,10.230105
1384082667803	,11.930527
1384082667813	,10.411341
1384082667825	,12.1506405
1384082667837	,11.82239
1384082667849	,11.786815
1384082667863	,13.616612
1384082667883	,20.696026
1384082667920	,36.58648
1384082667969	,48.640503
1384082667980	,10.714314
1384082667992	,12.043036
1384082668004	,12.388902
1384082668015	,11.052229
1384082668028	,12.789809
1384082668039	,10.830074
1384082668054	,14.739826
1384082668072	,18.351467
1384082668092	,19.43209
1384082668116	,24.209751
1384082668128	,11.685289
1384082668139	,11.042671
1384082668163	,24.6163
1384082668178	,14.047552
1384082668189	,10.987593
1384082668200	,11.820174
1384082668212	,11.1933975
1384082668225	,13.321022
1384082668239	,13.393387
1384082668250	,11.242844
1384082668262	,12.128968
1384082668328	,65.75791
1384082668338	,9.953089
1384082668348	,10.161026
1384082668367	,18.68586
1384082668395	,28.317461
1384082668408	,12.596493
1384082668419	,11.295311
1384082668432	,12.761249
1384082668443	,10.729901
1384082668456	,13.181879
1384082668469	,12.800488
1384082668484	,14.947614
1384082668501	,17.53627
1384082668542	,40.513947
1384082668553	,10.492454
1384082668566	,13.074933
1384082668579	,12.956293
1384082668590	,11.001257
1384082668624	,34.63404
1384082668637	,12.464373
1384082668649	,12.354254
1384082668663	,13.587921
1384082668674	,10.502551
1384082668686	,12.160421
1384082668701	,15.346361
1384082668715	,13.539517
1384082668748	,33.45333
1384082668760	,12.070451
1384082668773	,12.179098
1384082668784	,10.869757
1384082668798	,14.825631
1384082668822	,23.530552
1384082668835	,12.561661
1384082668851	,16.737217
1384082668863	,11.9364805
1384082668877	,13.918988
1384082668894	,16.655895
1384082668908	,13.987227
1384082668921	,12.937204
1384082668970	,48.77948
1384082668982	,12.421811
1384082668994	,11.030691
1384082669007	,13.104426
1384082669034	,26.97539
1384082669046	,12.346191
1384082669058	,11.7355
1384082669070	,11.723808
1384082669082	,12.641314
1384082669098	,15.780315
1384082669115	,16.790787
1384082669129	,13.80047
1384082669148	,19.43097
1384082669177	,28.768852
1384082669190	,12.836572
1384082669202	,12.254661
1384082669215	,12.66734
1384082669227	,11.847262
1384082669251	,23.445171
1384082669271	,20.221489
1384082669285	,14.522873
1384082669299	,13.017792
1384082669313	,14.197069
1384082669325	,12.628715
1384082669338	,12.07037
1384082669356	,18.144981
1384082669370	,13.880517
1384082669384	,14.173258
1384082669395	,10.93765
1384082669406	,10.54953
1384082669423	,16.964682
1384082669434	,11.667584
1384082669453	,18.67168
1384082669463	,9.866767
1384082669477	,14.251834
1384082669490	,12.737674
1384082669507	,17.150171
1384082669523	,15.197167
1384082669535	,12.860266
1384082669553	,17.137224
1384082669571	,18.31113
1384082669606	,34.667366
1384082669617	,11.345051
1384082669637	,19.664707
1384082669660	,23.180279
1384082669672	,12.197266
1384082669683	,10.414079
1384082669694	,10.852961
1384082669707	,12.995866
1384082669721	,13.862888
1384082669735	,13.883865
1384082669745	,10.442589
1384082669757	,12.3016405
1384082669772	,14.164254
1384082669789	,17.62393
1384082669807	,17.685772
1384082669819	,12.140144
1384082669830	,11.07228
1384082669845	,14.07629
1384082669855	,10.143809
1384082669879	,24.043648
1384082669913	,33.711174
1384082669927	,14.622867
1384082669942	,14.967436
1384082669953	,10.949298
1384082669968	,14.279545
1384082669980	,12.598831
1384082669991	,11.087331
1384082670005	,13.610258
1384082670020	,14.377513
1384082670032	,12.800972
1384082670050	,17.167465
1384082670062	,12.544131
1384082670083	,20.885715
1384082670096	,12.756958
1384082670120	,24.030016
1384082670135	,14.659006
1384082670148	,13.189113
1384082670161	,13.091206
1384082670176	,14.600245
1384082670190	,14.484629
1384082670202	,12.109729
1384082670226	,23.024118
1384082670236	,10.476539
1384082670253	,16.764236
1384082670266	,12.672102
1384082670288	,22.537138
1384082670302	,13.952693
1384082670313	,10.662277
1384082670332	,19.145643
1384082670346	,13.876351
1384082670359	,12.49537
1384082670375	,16.514956
1384082670390	,14.979215
1384082670402	,12.039668
1384082670415	,12.344451
1384082670435	,20.167084
1384082670447	,11.691524
1384082670461	,14.1285
1384082670474	,12.950451
1384082670487	,13.268943
1384082670514	,26.502134
1384082670546	,32.62289
1384082670561	,14.934139
1384082670572	,10.059995
1384082670591	,19.544155
1384082670604	,12.580873
1384082670614	,9.939457
1384082670626	,12.456677
1384082670639	,12.674461
1384082670650	,10.51142
1384082670667	,17.309654
1384082670678	,10.71649
1384082670689	,10.808046
1384082670707	,18.277092
1384082670727	,19.513393
1384082670751	,24.282455
1384082670765	,13.796325
1384082670776	,11.629084
1384082670792	,15.636754
1384082670804	,12.149248
1384082670817	,12.241311
1384082670831	,14.137972
1384082670855	,24.556435
1384082670872	,16.497828
1384082670882	,10.22351
1384082670893	,10.994314
1384082670906	,12.646503
1384082670936	,29.469055
1384082670952	,16.730995
1384082670968	,15.371912
1384082670979	,11.150302
1384082670995	,15.977216
1384082671006	,10.952485
1384082671016	,10.403376
1384082671030	,13.264147
1384082671044	,13.962826
1384082671060	,15.705936
1384082671072	,12.522686
1384082671083	,10.574203
1384082671095	,12.397621
1384082671106	,10.440092
1384082671120	,14.097368
1384082671167	,47.533062
1384082671179	,11.98336
1384082671195	,15.910685
1384082671208	,12.293585
1384082671217	,9.363834
1384082671229	,11.306088
1384082671239	,10.390468
1384082671253	,13.728124
1384082671264	,10.821823
1384082671274	,10.536217
1384082671287	,13.143739
1384082671300	,12.629029
1384082671313	,12.5509615
1384082671336	,23.295427
1384082671359	,23.276821
1384082671383	,23.377077
1384082671403	,19.755802
1384082671415	,12.398348
1384082671427	,11.347299
1384082671437	,10.043184
1384082671448	,11.337833
1384082671462	,13.945521
1384082671482	,19.561235
1384082671493	,11.605717
1384082671505	,11.598293
1384082671518	,13.27711
1384082671533	,14.81296
1384082671560	,27.004549
1384082671573	,12.907417
1384082671588	,14.953234
1384082671604	,15.568453
1384082671615	,11.066434
1384082671624	,9.399492
1384082671637	,12.289406
1384082671649	,11.78393
1384082671659	,10.283082
1384082671676	,17.39163
1384082671687	,10.336401
1384082671699	,12.394427
1384082671711	,11.698689
1384082671727	,15.841953
1384082671745	,17.670937
1384082671796	,51.54733
1384082671811	,14.551035
1384082671820	,8.923872
1384082671831	,11.299889
1384082671842	,10.727082
1384082671853	,11.223575
1384082671863	,9.685087
1384082671878	,14.648456
1384082671889	,11.723304
1384082671906	,16.906904
1384082671922	,15.065758
1384082671934	,12.242828
1384082671956	,21.969536
1384082671973	,16.827852
1384082672011	,37.67118
1384082672023	,12.231861
1384082672033	,9.989311
1384082672043	,10.193926
1384082672055	,11.446109
1384082672067	,12.059876
1384082672080	,13.725348
1384082672106	,25.932604
1384082672120	,13.32363
1384082672131	,11.501231
1384082672151	,19.741373
1384082672169	,18.148321
1384082672187	,17.261972
1384082672204	,16.758005
1384082672219	,15.186645
1384082672228	,9.51059
1384082672239	,10.725196
1384082672249	,9.989068
1384082672259	,9.993742
1384082672271	,11.346372
1384082672288	,17.492752
1384082672301	,13.194537
1384082672315	,13.960748
1384082672328	,12.9819565
1384082672339	,10.780848
1384082672355	,15.438853
1384082672368	,12.673443
1384082672389	,21.21895
1384082672431	,42.439743
1384082672441	,9.685595
1384082672453	,11.637538
1384082672465	,11.848542
1384082672476	,11.239911
1384082672489	,12.968677
1384082672500	,10.555373
1384082672512	,12.258211
1384082672529	,16.615295
1384082672538	,9.720516
1384082672552	,13.509187
1384082672569	,17.257072
1384082672592	,22.738195
1384082672633	,40.527096
1384082672644	,11.56913
1384082672655	,11.18198
1384082672665	,9.849609
1384082672677	,11.82313
1384082672690	,12.764759
1384082672703	,13.187752
1384082672716	,12.515505
1384082672741	,25.148989
1384082672756	,14.419717
1384082672766	,10.425001
1384082672782	,15.97101
1384082672805	,22.496641
1384082672823	,17.844946
1384082672837	,14.9307575
1384082672847	,9.337123
1384082672859	,11.740196
1384082672868	,9.736695
1384082672878	,9.801123
1384082672890	,11.327052
1384082672906	,16.649878
1384082672921	,14.728346
1384082672935	,13.41349
1384082672947	,12.191327
1384082672962	,15.215021
1384082672974	,11.804028
1384082672999	,24.543655
1384082673014	,14.828096
1384082673045	,31.603304
1384082673055	,10.088152
1384082673067	,11.472805
1384082673077	,9.94235
1384082673087	,9.965875
1384082673097	,9.631879
1384082673107	,10.164022
1384082673117	,10.525202
1384082673131	,13.933406
1384082673149	,17.814163
1384082673165	,15.860563
1384082673178	,12.450603
1384082673196	,17.84041
1384082673230	,33.842613
1384082673250	,20.122263
1384082673260	,10.419195
1384082673270	,9.8715105
1384082673281	,11.231798
1384082673293	,11.418983
1384082673303	,10.246744
1384082673318	,15.215971
1384082673329	,10.701552
1384082673339	,10.033423
1384082673352	,12.420129
1384082673375	,22.828989
1384082673387	,12.2424
1384082673407	,20.193325
1384082673423	,15.320717
1384082673437	,14.111883
1384082673449	,12.645112
1384082673462	,12.138253
1384082673472	,10.164952
1384082673482	,10.027515
1384082673494	,12.385081
1384082673504	,9.971635
1384082673517	,12.703376
1384082673538	,21.051344
1384082673551	,12.623974
1384082673563	,11.957277
1384082673578	,14.755257
1384082673588	,10.364527
1384082673605	,15.791712
1384082673629	,23.511993
1384082673652	,23.462893
1384082673664	,11.623933
1384082673675	,11.6009
1384082673691	,15.223536
1384082673702	,11.140294
1384082673712	,10.2088995
1384082673726	,13.938216
1384082673737	,11.222533
1384082673748	,10.136945
1384082673758	,10.057085
1384082673771	,12.877915
1384082673786	,15.62103
1384082673801	,14.450336
1384082673819	,18.573252
1384082673850	,30.735193
1384082673864	,13.344726
1384082673876	,12.580942
1384082673886	,9.791175
1384082673896	,9.72606
1384082673908	,11.726941
1384082673918	,10.161461
1384082673933	,14.898178
1384082673948	,15.321413
1384082673959	,10.490629
1384082673968	,9.639077
1384082673986	,17.128984
1384082674006	,20.6009
1384082674030	,23.737064
1384082674045	,15.279344
1384082674059	,13.120125
1384082674070	,11.307892
1384082674081	,11.321149
1384082674092	,10.822502
1384082674104	,12.069919
1384082674114	,9.495328
1384082674125	,11.40954
1384082674143	,17.696455
1384082674156	,13.034146
1384082674171	,15.134576
1384082674183	,11.69233
1384082674196	,12.960685
1384082674210	,13.961283
1384082674228	,17.629536
1384082674251	,23.438007
1384082674265	,13.921486
1384082674276	,10.81907
1384082674289	,12.638457
1384082674304	,14.569186
1384082674315	,11.857912
1384082674326	,10.68477
1384082674338	,11.775212
1384082674355	,16.457691
1384082674367	,12.871138
1384082674385	,17.177565
1384082674395	,10.223461
1384082674415	,20.143091
1384082674434	,18.843903
1384082674449	,15.274321
1384082674472	,22.338564
1384082674482	,10.069184
1384082674492	,10.170714
1384082674503	,10.786859
1384082674514	,10.710721
1384082674525	,10.912742
1384082674534	,9.505756
1384082674545	,10.677604
1384082674565	,19.883833
1384082674579	,13.551833
1384082674595	,16.467833
1384082674609	,14.198007
1384082674641	,32.07049
1384082674657	,15.177759
1384082674673	,15.759029
1384082674683	,10.89553
1384082674694	,10.410195
1384082674704	,10.158042
1384082674714	,9.759073
1384082674726	,12.125495
1384082674736	,9.593703
1384082674749	,12.840102
1384082674763	,14.302115
1384082674781	,17.699112
1384082674799	,17.821888
1384082674808	,9.595009
1384082674824	,15.911076
1384082674840	,15.201371
1384082674851	,11.211173
1384082674874	,22.81255
1384082674885	,10.78929
1384082674897	,12.2506695
1384082674909	,12.0596695
1384082674920	,11.407568
1384082674931	,10.790535
1384082674943	,11.880377
1384082674956	,13.055839
1384082674967	,10.665814
1384082674980	,13.117813
1384082674997	,16.393661
1384082675007	,10.474547
1384082675022	,14.510824
1384082675037	,15.167465
1384082675054	,16.786772
1384082675071	,16.845057
1384082675089	,18.037977
1384082675105	,16.02701
1384082675114	,9.4724455
1384082675126	,11.700284
1384082675138	,11.467697
1384082675150	,11.915478
1384082675163	,13.283986
1384082675178	,15.463211
1384082675191	,12.205296
1384082675202	,10.715432
1384082675212	,10.541374
1384082675233	,21.310852
1384082675257	,23.422924
1384082675273	,16.085602
1384082675291	,17.813145
1384082675301	,10.403782
1384082675311	,9.880138
1384082675321	,9.476951
1384082675331	,10.212067
1384082675341	,9.799299
1384082675351	,10.389599
1384082675366	,14.856648
1384082675378	,11.938317
1384082675409	,30.350275
1384082675421	,12.286134
1384082675435	,14.024393
1384082675451	,15.957943
1384082675468	,16.827652
1384082675492	,23.653059
1384082675503	,10.732606
1384082675518	,15.438066
1384082675529	,10.817619
1384082675540	,11.0232115
1384082675556	,15.522906
1384082675568	,11.81633
1384082675578	,10.917672
1384082675590	,10.961919
1384082675609	,19.61312
1384082675621	,11.939577
1384082675634	,12.776165
1384082675649	,15.025467
1384082675670	,21.271437
1384082675682	,11.826548
1384082675696	,13.864263
1384082675709	,12.763309
1384082675722	,12.58842
1384082675734	,12.654809
1384082675745	,10.578809
1384082675756	,11.08591
1384082675767	,10.734277
1384082675779	,11.988756
1384082675797	,17.741322
1384082675814	,17.074339
1384082675828	,14.207401
1384082675841	,12.914209
1384082675864	,22.65041
1384082675885	,21.544044
1384082675896	,10.838664
1384082675909	,12.7575
1384082675919	,9.536359
1384082675930	,10.874984
1384082675939	,9.668736
1384082675949	,9.725007
1384082675963	,13.739871
1384082675973	,10.135612
1384082675985	,11.88342
1384082675997	,11.935021
1384082676030	,32.311115
1384082676041	,11.5084505
1384082676054	,13.369067
1384082676066	,11.298501
1384082676079	,13.182985
1384082676096	,17.28466
1384082676110	,13.625625
1384082676124	,13.404501
1384082676140	,15.944284
1384082676150	,10.763845
1384082676161	,10.371706
1384082676173	,12.160682
1384082676184	,10.5413475
1384082676194	,10.742341
1384082676204	,9.573902
1384082676215	,10.985513
1384082676235	,19.45949
1384082676248	,13.406772
1384082676266	,17.50142
1384082676282	,16.730284
1384082676297	,14.256196
1384082676309	,11.772952
1384082676320	,11.333573
1384082676331	,10.685713
1384082676344	,13.258221
1384082676353	,9.109017
1384082676363	,9.671087
1384082676375	,11.779039
1384082676386	,10.78264
1384082676399	,13.375118
1384082676417	,17.439453
1384082676429	,12.318302
1384082676446	,17.162386
1384082676460	,14.1099615
1384082676482	,21.75361
1384082676501	,18.8736
1384082676516	,15.0225725
1384082676526	,9.833588
1384082676536	,9.87032
1384082676546	,10.055009
1384082676555	,9.02885
1384082676567	,11.999718
1384082676579	,11.979476
1384082676590	,10.948148
1384082676602	,12.0437565
1384082676612	,9.845582
1384082676624	,12.146411
1384082676637	,12.140553
1384082676665	,28.742712
1384082676678	,12.690333
1384082676690	,11.613824
1384082676705	,15.517805
1384082676722	,16.8819
1384082676732	,9.32845
1384082676741	,9.554553
1384082676759	,17.61324
1384082676770	,10.696799
1384082676784	,14.048086
1384082676793	,9.041255
1384082676804	,11.167856
1384082676815	,10.467993
1384082676828	,12.876094
1384082676838	,10.299075
1384082676849	,10.975072
1384082676882	,32.826305
1384082676895	,13.094541
1384082676912	,16.731693
1384082676924	,11.643226
1384082676938	,14.515526
1384082676952	,13.528307
1384082676969	,16.93575
1384082676981	,12.275971
1384082676991	,9.633511
1384082677001	,10.213689
1384082677010	,9.495977
1384082677029	,18.617123
1384082677041	,11.919439
1384082677053	,11.379175
1384082677097	,44.12617
1384082677108	,11.548112
1384082677120	,11.56318
1384082677130	,10.308174
1384082677140	,10.023342
1384082677153	,12.350993
1384082677165	,11.697103
1384082677178	,13.0594
1384082677189	,10.845384
1384082677200	,11.0758095
1384082677212	,11.691194
1384082677222	,10.670286
1384082677234	,11.598582
1384082677245	,10.835399
1384082677256	,11.118799
1384082677267	,11.387354
1384082677302	,34.69385
1384082677315	,12.379446
1384082677327	,12.218222
1384082677344	,16.76993
1384082677356	,12.699858
1384082677372	,15.113541
1384082677384	,11.847459
1384082677398	,14.315292
1384082677409	,11.473861
1384082677424	,14.442168
1384082677437	,12.714118
1384082677447	,10.045369
1384082677458	,11.355793
1384082677470	,12.029931
1384082677487	,16.51949
1384082677509	,22.112724
1384082677518	,8.916018
1384082677533	,15.269753
1384082677546	,12.563403
1384082677557	,11.129978
1384082677568	,10.57322
1384082677584	,15.617835
1384082677595	,11.022569
1384082677606	,11.666455
1384082677618	,11.956911
1384082677627	,9.10044
1384082677643	,15.8795
1384082677656	,12.862823
1384082677666	,10.062289
1384082677677	,10.721572
1384082677792	,114.45246
1384082677803	,11.651294
1384082677816	,12.311467
1384082677827	,11.070456
1384082677838	,10.51932
1384082677854	,16.560602
1384082677866	,11.637656
1384082677879	,12.734931
1384082677897	,18.641994
1384082677912	,14.230751
1384082677921	,8.874009
1384082677930	,9.089558
1384082677941	,11.216994
1384082677953	,11.757593
1384082677964	,11.463751
1384082677977	,12.581041
1384082678019	,41.859734
1384082678028	,9.137184
1384082678038	,10.234629
1384082678050	,12.012328
1384082678064	,13.979112
1384082678077	,12.719289
1384082678089	,11.795003
1384082678113	,24.403393
1384082678124	,10.395071
1384082678136	,11.982094
1384082678145	,8.970351
1384082678156	,10.753802
1384082678166	,9.829489
1384082678175	,9.587875
1384082678188	,12.771799
1384082678203	,15.066044
1384082678242	,38.689648
1384082678254	,12.340513
1384082678269	,14.9526205
1384082678283	,13.113763
1384082678293	,10.3870125
1384082678313	,19.704916
1384082678323	,10.584635
1384082678333	,9.054277
1384082678343	,10.879535
1384082678355	,11.139351
1384082678364	,9.430476
1384082678375	,11.248173
1384082678389	,13.078476
1384082678401	,12.229784
1384082678421	,19.925163
1384082678452	,30.636465
1384082678463	,11.536788
1384082678474	,10.954003
1384082678486	,11.328523
1384082678499	,13.164326
1384082678517	,18.222076
1384082678527	,9.54218
1384082678536	,9.220358
1384082678546	,9.733602
1384082678556	,10.64353
1384082678566	,9.616395
1384082678578	,11.867987
1384082678590	,12.36957
1384082678601	,10.568371
1384082678612	,10.489432
1384082678622	,10.836126
1384082678641	,18.361359
1384082678659	,17.915783
1384082678673	,13.61161
1384082678684	,11.610766
1384082678697	,13.013911
1384082678709	,12.008721
1384082678728	,18.755657
1384082678737	,9.189416
1384082678747	,9.23557
1384082678757	,9.802164
1384082678768	,10.935779
1384082678779	,10.997247
1384082678790	,11.688169
1384082678802	,12.019134
1384082678813	,10.314159
1384082678825	,11.826905
1384082678836	,11.362274
1384082678852	,15.804616
1384082678880	,27.752573
1384082678894	,13.781834
1384082678905	,11.742321
1384082678917	,11.929787
1384082678929	,11.525542
1384082678941	,12.33759
1384082678952	,10.236581
1384082678961	,9.113495
1384082678970	,9.09231
1384082678980	,10.306922
1384082678990	,9.303033
1384082679000	,9.852036
1384082679011	,11.124472
1384082679020	,8.978815
1384082679042	,22.460564
1384082679055	,12.772236
1384082679077	,21.851
1384082679094	,16.41921
1384082679106	,11.9581785
1384082679116	,10.650837
1384082679130	,13.644941
1384082679140	,10.135052
1384082679152	,12.118615
1384082679162	,9.4558525
1384082679171	,9.201156
1384082679180	,8.425269
1384082679192	,12.290365
1384082679207	,15.228742
1384082679217	,10.095715
1384082679229	,11.823961
1384082679247	,17.91398
1384082679260	,12.713194
1384082679271	,10.972871
1384082679296	,24.766329
1384082679308	,12.481649
1384082679320	,11.770068
1384082679334	,14.23189
1384082679347	,12.940883
1384082679357	,9.801932
1384082679368	,10.147909
1384082679378	,10.301264
1384082679389	,11.317235
1384082679400	,10.78613
1384082679414	,13.618861
1384082679427	,12.742933
1384082679440	,12.962512
1384082679461	,21.339436
1384082679473	,11.7392435
1384082679492	,18.981245
1384082679519	,27.176249
1384082679531	,12.32551
1384082679540	,8.604337
1384082679552	,12.060442
1384082679562	,10.030806
1384082679572	,9.510231
1384082679582	,10.474085
1384082679593	,10.217454
1384082679605	,12.50981
1384082679616	,10.285061
1384082679625	,8.925326
1384082679633	,8.817026
1384082679645	,11.14053
1384082679672	,26.90911
1384082679683	,11.122668
1384082679704	,20.795774
1384082679718	,13.933658
1384082679733	,15.215046
1384082679742	,8.740886
1384082679750	,8.754642
1384082679760	,9.361258
1384082679773	,12.8787155
1384082679782	,8.877722
1384082679793	,11.074968
1384082679804	,10.789045
1384082679817	,13.324934
1384082679831	,13.71018
1384082679842	,10.597237
1384082679857	,15.008603
1384082679873	,16.772137
1384082679884	,10.112739
1384082679901	,17.234165
1384082679921	,20.160137
1384082679937	,15.97033
1384082679946	,8.6535425
1384082679957	,10.770011
1384082679966	,9.212621
1384082679980	,14.304041
1384082679989	,8.73441
1384082679998	,9.1508045
1384082680009	,11.031146
1384082680022	,12.997683
1384082680034	,11.459911
1384082680043	,9.252929
1384082680058	,14.641612
1384082680069	,11.063933
1384082680085	,15.784005
1384082680102	,16.986506
1384082680113	,11.369929
1384082680145	,31.878256
1384082680155	,9.830318
1384082680167	,11.578785
1384082680178	,11.033942
1384082680189	,10.662577
1384082680198	,9.220206
1384082680210	,11.493682
1384082680222	,12.745816
1384082680232	,9.30229
1384082680241	,9.483529
1384082680250	,8.884033
1384082680261	,10.799475
1384082680275	,13.490488
1384082680300	,25.785822
1384082680320	,19.70563
1384082680347	,26.559273
1384082680358	,10.956965
1384082680367	,9.399622
1384082680376	,8.770401
1384082680386	,10.112987
1384082680397	,10.594213
1384082680406	,9.460181
1384082680419	,12.769789
1384082680431	,12.112692
1384082680447	,15.137893
1384082680456	,9.276099
1384082680469	,13.427807
1384082680484	,14.365595
1384082680495	,11.172769
1384082680511	,15.56658
1384082680522	,11.73291
1384082680536	,13.369058
1384082680554	,17.728996
1384082680562	,8.278637
1384082680573	,11.163762
1384082680583	,9.555983
1384082680598	,14.561257
1384082680606	,8.878449
1384082680619	,12.94806
1384082680633	,13.092051
1384082680645	,12.519073
1384082680655	,10.076318
1384082680669	,13.505679
1384082680681	,11.853705
1384082680696	,15.403353
1384082680711	,14.417631
1384082680726	,14.824171
1384082680743	,17.077568
1384082680766	,23.663164
1384082680775	,8.923709
1384082680788	,12.972528
1384082680798	,9.724424
1384082680808	,9.627098
1384082680820	,12.405958
1384082680832	,11.147152
1384082680841	,8.920789
1384082680851	,10.8453665
1384082680863	,11.395634
1384082680875	,11.590141
1384082680888	,13.3896265
1384082680912	,24.21527
1384082680928	,16.104242
1384082680950	,21.737381
1384082680962	,11.284303
1384082680974	,11.968224
1384082680984	,10.31567
1384082680994	,10.120506
1384082681005	,11.011671
1384082681017	,11.556347
1384082681027	,10.12922
1384082681037	,10.394156
1384082681046	,8.896157
1384082681055	,8.773538
1384082681069	,13.39882
1384082681081	,12.563047
1384082681096	,15.021862
1384082681107	,10.815265
1384082681122	,14.276534
1384082681133	,11.08006
1384082681143	,10.456606
1384082681163	,19.692638
1384082681175	,11.923783
1384082681184	,9.33323
1384082681194	,9.925071
1384082681205	,10.218916
1384082681217	,11.966346
1384082681232	,14.841642
1384082681243	,11.4054365
1384082681252	,9.325707
1384082681262	,9.163854
1384082681272	,10.291326
1384082681286	,14.35424
1384082681297	,10.406186
1384082681310	,12.876405
1384082681327	,17.13787
1384082681338	,10.951346
1384082681358	,19.586239
1384082681374	,16.797443
1384082681387	,12.216464
1384082681398	,11.525186
1384082681409	,10.892486
1384082681418	,8.981985
1384082681429	,10.852039
1384082681441	,11.827934
1384082681453	,11.337209
1384082681462	,9.268096
1384082681475	,13.038327
1384082681485	,10.16521
1384082681498	,12.391448
1384082681510	,12.496805
1384082681526	,15.612824
1384082681553	,27.039268
1384082681571	,17.776304
1384082681581	,9.99182
1384082681592	,10.679108
1384082681602	,10.132573
1384082681612	,10.001741
1384082681624	,12.4522085
1384082681634	,9.709363
1384082681646	,11.710249
1384082681655	,9.24062
1384082681665	,10.080562
1384082681678	,13.215949
1384082681690	,11.767875
1384082681702	,12.115549
1384082681719	,16.13365
1384082681731	,12.033912
1384082681743	,11.827999
1384082681757	,14.118431
1384082681775	,18.258213
1384082681786	,10.478309
1384082681794	,8.431992
1384082681804	,9.455992
1384082681815	,10.992296
1384082681824	,9.459423
1384082681836	,11.230202
1384082681853	,16.998768
1384082681865	,12.468315
1384082681875	,9.94347
1384082681886	,10.772572
1384082681899	,12.984154
1384082681910	,11.287679
1384082681926	,15.932172
1384082681940	,13.77811
1384082681956	,15.407833
1384082681970	,14.499295
1384082681990	,19.747995
1384082682004	,14.199377
1384082682015	,10.72719
1384082682026	,10.839901
1384082682036	,10.389761
1384082682047	,10.156072
1384082682057	,10.449889
1384082682067	,10.369279
1384082682078	,10.07303
1384082682088	,10.5432205
1384082682099	,10.597703
1384082682109	,9.719513
1384082682118	,9.660757
1384082682131	,13.014522
1384082682145	,13.03655
1384082682169	,23.972744
1384082682191	,22.323801
1384082682203	,12.43934
1384082682213	,9.691905
1384082682222	,8.6967535
1384082682231	,9.266558
1384082682243	,11.882312
1384082682253	,10.15621
1384082682263	,9.13319
1384082682273	,10.215662
1384082682285	,11.897999
1384082682299	,14.228503
1384082682310	,10.829164
1384082682324	,14.251163
1384082682346	,21.81509
1384082682359	,12.5408535
1384082682371	,12.423973
1384082682388	,16.171339
1384082682402	,14.8578005
1384082682413	,10.437222
1384082682422	,9.323455
1384082682433	,10.440543
1384082682443	,10.472461
1384082682457	,13.2962055
1384082682466	,9.251828
1384082682485	,19.006577
1384082682498	,12.467228
1384082682509	,11.7096815
1384082682522	,12.952272
1384082682532	,9.676249
1384082682553	,21.247263
1384082682568	,14.580037
1384082682579	,11.346362
1384082682597	,17.166763
1384082682617	,19.979637
1384082682627	,9.80128
1384082682639	,12.800724
1384082682650	,10.367701
1384082682661	,10.983373
1384082682671	,10.573894
1384082682682	,10.096144
1384082682692	,9.986218
1384082682704	,11.991356
1384082682716	,11.78064
1384082682727	,11.823147
1384082682741	,13.746208
1384082682754	,12.305752
1384082682766	,12.34818
1384082682775	,9.121853
1384082682806	,30.359028
1384082682819	,13.225423
1384082682829	,10.407348
1384082682838	,8.9565735
1384082682849	,10.2280655
1384082682862	,13.401372
1384082682871	,9.201445
1384082682883	,11.340255
1384082682893	,10.622025
1384082682905	,11.653031
1384082682916	,10.703629
1384082682933	,16.531347
1384082682943	,10.907551
1384082682958	,14.734659
1384082682978	,19.310678
1384082682987	,9.274511
1384082683001	,13.744983
1384082683015	,14.605277
1384082683028	,12.99022
1384082683038	,9.863338
1384082683052	,13.527717
1384082683062	,9.87838
1384082683072	,10.304539
1384082683081	,8.569209
1384082683092	,11.183383
1384082683115	,23.114672
1384082683125	,9.167177
1384082683133	,8.255848
1384082683146	,13.113791
1384082683156	,9.833481
1384082683175	,18.824345
1384082683186	,10.9897175
1384082683195	,9.356968
1384082683206	,10.767216
1384082683238	,31.563112
1384082683250	,12.069797
1384082683260	,10.469334
1384082683271	,11.020624
1384082683282	,10.210149
1384082683293	,11.802676
1384082683304	,10.5042
1384082683315	,11.123823
1384082683328	,12.537883
1384082683337	,8.762343
1384082683351	,14.134238
1384082683361	,9.686424
1384082683371	,10.1388645
1384082683388	,16.852148
1384082683398	,10.282723
1384082683429	,30.455679
1384082683446	,17.783075
1384082683458	,11.31182
1384082683469	,10.763207
1384082683488	,19.345575
1384082683500	,12.188742
1384082683510	,9.512819
1384082683524	,14.234386
1384082683538	,13.862356
1384082683554	,15.44641
1384082683564	,10.319494
1384082683578	,13.748131
1384082683597	,19.183153
1384082683608	,11.170187
1384082683617	,8.943622
1384082683643	,25.302507
1384082683655	,12.496984
1384082683665	,9.518933
1384082683678	,13.3228655
1384082683687	,9.348785
1384082683699	,11.072923
1384082683710	,11.865857
1384082683722	,11.67656
1384082683744	,22.016552
1384082683755	,10.984156
1384082683766	,10.24081
1384082683776	,10.438708
1384082683800	,23.949886
1384082683810	,10.263577
1384082683820	,9.028584
1384082683840	,20.332596
1384082683866	,25.740746
1384082683875	,9.023125
1384082683887	,12.658351
1384082683896	,8.947781
1384082683907	,10.30889
1384082683916	,9.29947
1384082683927	,10.7678175
1384082683938	,10.508528
1384082683950	,12.489259
1384082683962	,11.479158
1384082683971	,9.407246
1384082683983	,11.465818
1384082683994	,11.752736
1384082684011	,16.886806
1384082684020	,8.657045
1384082684031	,10.972087
1384082684049	,18.138897
1384082684070	,20.160368
1384082684080	,10.108819
1384082684093	,13.403226
1384082684105	,11.517046
1384082684113	,8.389638
1384082684124	,11.06841
1384082684134	,9.1979685
1384082684147	,13.229727
1384082684161	,13.922874
1384082684175	,13.791461
1384082684186	,11.438363
1384082684199	,12.998498
1384082684216	,16.773376
1384082684227	,10.474984
1384082684239	,11.950929
1384082684249	,10.792733
1384082684261	,11.785784
1384082684279	,17.577509
1384082684293	,13.631053
1384082684303	,9.972463
1384082684313	,10.156673
1384082684324	,11.3556185
1384082684336	,11.51697
1384082684358	,21.971716
1384082684373	,14.639211
1384082684381	,8.550286
1384082684390	,9.143433
1384082684407	,16.758371
1384082684420	,12.900581
1384082684432	,12.262075
1384082684447	,14.460529
1384082684460	,13.178826
1384082684490	,29.89414
1384082684500	,9.700344
1384082684511	,10.683331
1384082684522	,10.978304
1384082684534	,11.787341
1384082684546	,12.406712
1384082684558	,12.305152
1384082684571	,12.533669
1384082684580	,9.300081
1384082684594	,13.26099
1384082684605	,11.629908
1384082684615	,9.362263
1384082684630	,14.806252
1384082684639	,9.162373
1384082684648	,8.875127
1384082684658	,10.250094
1384082684672	,13.97082
1384082684685	,12.471724
1384082684705	,20.183212
1384082684716	,11.051228
1384082684727	,11.354456
1384082684738	,10.235573
1384082684749	,11.63079
1384082684761	,11.188251
1384082684772	,11.451844
1384082684782	,9.63078
1384082684793	,11.118397
1384082684804	,10.6963215
1384082684814	,9.920059
1384082684824	,10.008879
1384082684834	,9.974729
1384082684843	,9.3491335
1384082684852	,8.366905
1384082684861	,9.778751
1384082684872	,10.528088
1384082684883	,11.3242655
1384082684895	,12.028295
1384082684911	,15.985727
1384082684921	,9.481994
1384082684936	,14.995445
1384082684947	,10.860158
1384082684959	,11.54175
1384082684978	,18.869965
1384082684992	,14.144944
1384082685004	,12.065254
1384082685015	,11.051152
1384082685027	,11.914737
1384082685038	,11.248576
1384082685052	,13.871276
1384082685065	,12.644431
1384082685075	,10.45051
1384082685088	,12.98416
1384082685115	,26.464653
1384082685130	,14.624577
1384082685141	,11.30826
1384082685151	,10.357996
1384082685160	,8.392514
1384082685172	,11.702019
1384082685182	,10.0344095
1384082685191	,9.137696
1384082685201	,9.983767
1384082685211	,9.968027
1384082685222	,11.242757
1384082685234	,11.293275
1384082685246	,12.654413
1384082685261	,15.000467
1384082685272	,10.202614
1384082685285	,12.979903
1384082685300	,15.06109
1384082685310	,9.939571
1384082685327	,17.198624
1384082685341	,13.918487
1384082685353	,12.009186
1384082685364	,10.830552
1384082685379	,14.443954
1384082685388	,9.499873
1384082685396	,8.006736
1384082685409	,13.109529
1384082685419	,9.890717
1384082685429	,9.487596
1384082685439	,10.087689
1384082685453	,14.351272
1384082685463	,9.248836
1384082685474	,11.133348
1384082685484	,10.192497
1384082685494	,10.183274
1384082685505	,11.060736
1384082685518	,12.882812
1384082685534	,15.504657
1384082685546	,12.487232
1384082685555	,8.188472
1384082685568	,13.462238
1384082685580	,11.845986
1384082685591	,11.197592
1384082685613	,21.188835
1384082685624	,11.254235
1384082685636	,11.787512
1384082685645	,9.528487
1384082685657	,11.287137
1384082685670	,12.720482
1384082685678	,8.446317
1384082685687	,9.104681
1384082685697	,10.110597
1384082685708	,10.687972
1384082685718	,10.296874
1384082685730	,11.095482
1384082685755	,25.020231
1384082685763	,8.203592
1384082685774	,10.845127
1384082685786	,12.172803
1384082685796	,9.824374
1384082685806	,9.578723
1384082685818	,12.336622
1384082685826	,7.975463
1384082685836	,9.576826
1384082685845	,9.427037
1384082685853	,8.129389
1384082685867	,13.326807
1384082685876	,9.227259
1384082685884	,8.4365
1384082685894	,9.182477
1384082685912	,18.315557
1384082685929	,16.654354
1384082685938	,9.445192
1384082685961	,22.832836
1384082685969	,8.248392
1384082685981	,11.594211
1384082685996	,14.549543
1384082686004	,8.481198
1384082686014	,9.777089
1384082686027	,12.9142885
1384082686039	,11.58083
1384082686047	,8.497556
1384082686056	,8.871475
1384082686065	,8.758421
1384082686076	,10.900593
1384082686084	,7.964051
1384082686096	,11.669667
1384082686104	,8.575564
1384082686114	,9.870358
1384082686126	,11.91734
1384082686134	,8.0223
1384082686143	,8.924185
1384082686156	,12.6620245
1384082686171	,14.68328
1384082686186	,15.685662
1384082686198	,11.925245
1384082686210	,11.30069
1384082686234	,24.097645
1384082686244	,10.476378
1384082686256	,11.031723
1384082686267	,11.18671
1384082686278	,11.344918
1384082686291	,12.483757
1384082686301	,10.380022
1384082686310	,9.040738
1384082686320	,9.885694
1384082686329	,9.199364
1384082686342	,12.428672
1384082686352	,10.127711
1384082686378	,25.830599
1384082686389	,11.237563
1384082686401	,11.371993
1384082686411	,10.40904
1384082686421	,9.632642
1384082686434	,13.001087
1384082686444	,9.874341
1384082686453	,9.165211
1384082686462	,9.00634
1384082686473	,10.77257
1384082686488	,14.477558
1384082686500	,12.664056
1384082686509	,8.8999815
1384082686521	,11.731786
1384082686538	,17.26232
1384082686547	,8.307523
1384082686557	,10.47323
1384082686568	,10.883589
1384082686588	,19.571108
1384082686600	,12.448765
1384082686608	,7.9159713
1384082686619	,10.297214
1384082686631	,12.400388
1384082686643	,11.68558
1384082686652	,9.525359
1384082686661	,8.136708
1384082686669	,8.675885
1384082686678	,8.225069
1384082686690	,12.32632
1384082686703	,12.732895
1384082686712	,9.389108
1384082686726	,13.406437
1384082686735	,8.898485
1384082686743	,8.512039
1384082686753	,10.172906
1384082686763	,9.817367
1384082686778	,14.791743
1384082686802	,24.15324
1384082686813	,10.626316
1384082686824	,10.5913315
1384082686838	,13.859514
1384082686851	,13.587181
1384082686861	,9.524818
1384082686870	,8.943754
1384082686883	,12.695917
1384082686893	,10.14994
1384082686908	,15.569731
1384082686921	,12.398494
1384082686933	,11.828697
1384082686946	,13.102271
1384082686959	,12.703631
1384082686967	,8.381378
1384082686982	,15.169958
1384082687002	,19.902172
1384082687011	,8.751092
1384082687022	,10.513294
1384082687030	,8.023228
1384082687039	,9.515397
1384082687051	,11.713388
1384082687059	,7.8857927
1384082687068	,8.627625
1384082687076	,8.531789
1384082687085	,8.27941
1384082687095	,10.181439
1384082687115	,20.001265
1384082687127	,11.581583
1384082687140	,13.331225
1384082687150	,9.827453
1384082687162	,12.530779
1384082687172	,9.673567
1384082687183	,11.067699
1384082687192	,8.537864
1384082687213	,20.57156
1384082687229	,16.310043
1384082687239	,10.022081
1384082687251	,12.254192
1384082687260	,8.661559
1384082687268	,7.762661
1384082687279	,11.1049
1384082687291	,11.564299
1384082687299	,8.73885
1384082687309	,9.368922
1384082687321	,12.530584
1384082687329	,7.843944
1384082687341	,11.867216
1384082687349	,8.202169
1384082687363	,13.844376
1384082687376	,12.261521
1384082687387	,11.491555
1384082687397	,9.359262
1384082687417	,20.343204
1384082687427	,9.358474
1384082687437	,10.576207
1384082687459	,21.614023
1384082687469	,10.346724
1384082687478	,8.136042
1384082687490	,12.105621
1384082687501	,11.361838
1384082687515	,13.369071
1384082687538	,23.20889
1384082687549	,10.967298
1384082687557	,7.819458
1384082687570	,13.333253
1384082687583	,12.834031
1384082687593	,9.75045
1384082687602	,9.384414
1384082687624	,21.276192
1384082687633	,9.2344055
1384082687643	,10.19438
1384082687654	,10.570678
1384082687665	,11.318366
1384082687675	,10.013272
1384082687685	,9.407161
1384082687695	,9.84014
1384082687703	,8.619844
1384082687712	,8.460279
1384082687724	,12.1601305
1384082687738	,14.10161
1384082687750	,12.018803
1384082687762	,11.292885
1384082687774	,11.989337
1384082687785	,10.882205
1384082687793	,8.316481
1384082687807	,14.086392
1384082687821	,13.798862
1384082687838	,17.53089
1384082687847	,7.9958777
1384082687855	,8.622473
1384082687869	,13.966385
1384082687877	,7.656147
1384082687887	,10.214911
1384082687896	,8.891782
1384082687905	,9.0072565
1384082687918	,12.653207
1384082687929	,10.712992
1384082687942	,12.896311
1384082687952	,10.107341
1384082687962	,9.73653
1384082687976	,14.492809
1384082687988	,11.569426
1384082687999	,11.059653
1384082688013	,13.569014
1384082688032	,19.457516
1384082688164	,131.48837
1384082688177	,13.73522
1384082688187	,9.33888
1384082688196	,9.226275
1384082688205	,9.256439
1384082688223	,17.10097
1384082688234	,10.9157505
1384082688247	,13.40917
1384082688255	,8.263771
1384082688266	,10.209304
1384082688275	,9.050594
1384082688285	,10.116797
1384082688295	,9.651539
1384082688304	,8.928441
1384082688314	,10.512067
1384082688325	,10.752545
1384082688344	,19.40868
1384082688370	,25.31836
1384082688382	,11.75253
1384082688391	,9.674791
1384082688400	,8.99136
1384082688409	,8.389186
1384082688419	,10.510224
1384082688432	,12.341223
1384082688441	,9.299637
1384082688450	,9.2814865
1384082688476	,25.814983
1384082688487	,10.713952
1384082688496	,8.408498
1384082688506	,10.471197
1384082688517	,10.902549
1384082688526	,9.037612
1384082688544	,17.969288
1384082688563	,18.883633
1384082688585	,21.815187
1384082688596	,11.343048
1384082688607	,10.047578
1384082688617	,10.216832
1384082688636	,19.508602
1384082688654	,17.827793
1384082688664	,9.267715
1384082688672	,8.797
1384082688681	,8.491273
1384082688691	,10.124249
1384082688700	,8.497052
1384082688708	,8.513888
1384082688719	,10.698765
1384082688728	,8.9568615
1384082688737	,9.333942
1384082688762	,24.605341
1384082688804	,42.21628
1384082688825	,20.695515
1384082688842	,16.616545
1384082688853	,10.9294
1384082688866	,13.216808
1384082688875	,8.979841
1384082688885	,10.080751
1384082688895	,9.252793
1384082688905	,10.127532
1384082688913	,8.671581
1384082688924	,10.521047
1384082688933	,9.060549
1384082688946	,13.174865
1384082688971	,24.310444
1384082688979	,7.705606
1384082688990	,11.786897
1384082689012	,21.64435
1384082689021	,9.076315
1384082689036	,14.74733
1384082689046	,10.33932
1384082689055	,8.540203
1384082689066	,11.192422
1384082689076	,9.249526
1384082689086	,10.179075
1384082689096	,10.116714
1384082689106	,9.836539
1384082689133	,27.38144
1384082689148	,14.307914
1384082689158	,9.905091
1384082689179	,21.829292
1384082689188	,8.899559
1384082689201	,12.379946
1384082689220	,19.420298
1384082689242	,21.241661
1384082689251	,9.291613
1384082689261	,9.9139595
1384082689275	,13.807254
1384082689284	,9.520884
1384082689293	,8.439964
1384082689303	,9.934561
1384082689312	,8.562892
1384082689320	,8.475673
1384082689330	,10.329051
1384082689340	,9.947924
1384082689353	,12.388511
1384082689363	,10.369701
1384082689384	,20.220966
1384082689393	,9.671169
1384082689404	,10.448579
1384082689417	,13.391732
1384082689428	,11.017585
1384082689468	,39.96137
1384082689483	,14.21585
1384082689491	,7.947227
1384082689499	,8.135634
1384082689509	,10.455112
1384082689518	,8.680607
1384082689528	,9.531275
1384082689537	,9.379436
1384082689546	,8.845589
1384082689557	,10.660128
1384082689568	,11.116685
1384082689587	,18.802631
1384082689601	,14.469957
1384082689614	,12.568429
1384082689625	,10.578169
1384082689636	,11.382391
1384082689648	,11.915675
1384082689663	,15.163383
1384082689673	,10.100443
1384082689684	,10.414057
1384082689694	,9.636891
1384082689703	,9.109265
1384082689712	,9.068381
1384082689722	,9.622596
1384082689731	,9.824797
1384082689741	,10.02388
1384082689754	,11.992794
1384082689765	,11.309326
1384082689806	,40.657654
1384082689817	,10.853799
1384082689828	,11.0962105
1384082689839	,11.537295
1384082689851	,11.85889
1384082689861	,9.345248
1384082689877	,16.825163
1384082689889	,11.352571
1384082689899	,9.874252
1384082689908	,9.29831
1384082689917	,8.902695
1384082689927	,9.688588
1384082689937	,9.526116
1384082689947	,9.980183
1384082689960	,12.971956
1384082689968	,8.724171
1384082689979	,10.541147
1384082690001	,22.227272
1384082690013	,12.025917
1384082690026	,12.627164
1384082690035	,9.290363
1384082690051	,15.159908
1384082690062	,10.9616585
1384082690071	,9.720421
1384082690083	,11.091089
1384082690101	,18.014046
1384082690125	,24.639164
1384082690134	,8.470428
1384082690144	,9.915243
1384082690153	,8.893829
1384082690164	,11.492811
1384082690174	,9.270206
1384082690186	,12.70143
1384082690203	,16.43055
1384082690213	,10.447948
1384082690229	,15.082733
1384082690244	,14.880615
1384082690263	,19.773113
1384082690272	,8.911769
1384082690288	,16.102394
1384082690304	,15.868087
1384082690313	,8.505169
1384082690322	,9.400558
1384082690331	,8.418451
1384082690341	,10.444541
1384082690353	,11.599969
1384082690366	,12.40481
1384082690377	,11.594497
1384082690388	,11.045031
1384082690406	,17.641005
1384082690441	,35.169167
1384082690462	,20.975348
1384082690472	,10.074376
1384082690482	,9.741048
1384082690495	,12.815955
1384082690506	,11.1269045
1384082690517	,10.220197
1384082690526	,9.254324
1384082690535	,8.726808
1384082690545	,10.016329
1384082690555	,10.198065
1384082690569	,13.649032
1384082690580	,11.256517
1384082690591	,10.841267
1384082690600	,8.598931
1384082690612	,12.68114
1384082690623	,10.553247
1384082690643	,20.025288
1384082690659	,15.506605
