1384082589307	,3.936738
1384082589307	,0.796135
1384082589313	,5.630806
1384082589314	,0.736841
1384082589320	,6.262372
1384082589324	,3.013415
1384082589334	,9.8368435
1384082589337	,3.010625
1384082589339	,2.570215
1384082589344	,4.216942
1384082589345	,1.249515
1384082589348	,3.34452
1384082589355	,5.902124
1384082589355	,0.739725
1384082589362	,5.9852595
1384082589363	,1.172754
1384082589369	,6.1144114
1384082589372	,2.451924
1384082589376	,4.172904
1384082589377	,0.788176
1384082589384	,6.621164
1384082589387	,3.5396311
1384082589393	,5.491129
1384082589395	,2.1835992
1384082589402	,6.72629
1384082589406	,2.895365
1384082589412	,6.334554
1384082589413	,0.835417
1384082589419	,5.645953
1384082589421	,1.611582
1384082589428	,6.800804
1384082589434	,6.413394
1384082589450	,15.269363
1384082589452	,2.036633
1384082589458	,5.3359313
1384082589459	,0.70083696
1384082589469	,10.162935
1384082589470	,0.67173797
1384082589476	,6.110765
1384082589478	,1.938012
1384082589484	,5.923106
1384082589485	,0.69535
1384082589492	,6.5822167
1384082589495	,2.95051
1384082589501	,6.208782
1384082589502	,0.929194
1384082589509	,6.101995
1384082589512	,2.850791
1384082589518	,6.5479913
1384082589519	,0.885857
1384082589525	,5.4450793
1384082589526	,0.79082
1384082589531	,5.437484
1384082589533	,0.93867403
1384082589539	,6.076213
1384082589540	,0.93000597
1384082589546	,5.678114
1384082589547	,0.876932
1384082589553	,5.791706
1384082589562	,8.226387
1384082589566	,4.8784237
1384082589569	,2.8437939
1384082589578	,8.442108
1384082589580	,2.1667461
1384082589587	,6.017003
1384082589590	,2.9979231
1384082589596	,6.205889
1384082589598	,1.974916
1384082589605	,5.9337378
1384082589608	,2.149322
1384082589613	,5.550796
1384082589615	,0.9322
1384082589620	,5.56847
1384082589621	,0.78116804
1384082589628	,7.029964
1384082589629	,0.881101
1384082589635	,5.566616
1384082589636	,0.6677
1384082589642	,5.499979
1384082589642	,0.698881
1384082589652	,9.470811
1384082589654	,1.712198
1384082589660	,5.768546
1384082589661	,0.714801
1384082589666	,4.977682
1384082589667	,0.627548
1384082589673	,5.663423
1384082589675	,2.154498
1384082589679	,4.241349
1384082589681	,1.102612
1384082589686	,5.753715
1384082589688	,0.872901
1384082589694	,5.805737
1384082589695	,0.903938
1384082589700	,5.363553
1384082589704	,3.5941842
1384082589711	,6.656006
1384082589712	,1.016715
1384082589720	,7.5191545
1384082589721	,1.132711
1384082589728	,6.274254
1384082589729	,0.84635794
1384082589734	,5.185162
1384082589735	,0.78995097
1384082589741	,5.784021
1384082589742	,0.61739695
1384082589748	,5.993603
1384082589749	,1.1755849
1384082589755	,5.892863
1384082589758	,2.5243921
1384082589764	,5.455124
1384082589765	,0.885014
1384082589771	,6.007396
1384082589772	,0.73598
1384082589778	,5.947039
1384082589779	,1.161124
1384082589785	,5.570094
1384082589786	,0.917735
1384082589792	,5.811585
1384082589795	,2.2173622
1384082589801	,5.636879
1384082589802	,1.560789
1384082589808	,5.594827
1384082589811	,2.859904
1384082589817	,5.221579
1384082589818	,1.535956
1384082589824	,5.784139
1384082589826	,1.0642841
1384082589832	,6.3087482
1384082589833	,0.63659996
1384082589839	,5.4278903
1384082589840	,0.917576
1384082589845	,5.571306
1384082589846	,0.626735
1384082589852	,5.891065
1384082589857	,4.9669094
1384082589864	,6.735295
1384082589865	,0.608433
1384082589875	,9.863532
1384082589878	,2.485858
1384082589881	,3.616591
1384082589883	,1.449042
1384082589892	,8.647161
1384082589894	,1.892926
1384082589899	,5.5998864
1384082589901	,1.190822
1384082589907	,6.19565
1384082589910	,2.621499
1384082589916	,5.562828
1384082589917	,0.73525095
1384082589924	,6.707932
1384082589926	,1.9644849
1384082589932	,5.763122
1384082589933	,1.100562
1384082589939	,5.269617
1384082589939	,0.687831
1384082589945	,5.6155944
1384082589946	,0.68710303
1384082589952	,5.969271
1384082589955	,2.682193
1384082589959	,4.292136
1384082589960	,0.682467
1384082589966	,5.654585
1384082589967	,1.0999041
1384082589974	,6.511136
1384082589975	,0.874387
1384082589982	,6.553687
1384082589983	,1.1293681
1384082589989	,5.8927193
1384082589995	,5.817749
1384082589998	,2.833503
1384082590005	,6.962337
1384082590007	,1.135521
1384082590012	,5.4152727
1384082590014	,1.506501
1384082590020	,5.3629417
1384082590022	,2.112349
1384082590028	,5.3915114
1384082590028	,0.523524
1384082590034	,5.7949257
1384082590035	,0.456184
1384082590040	,5.028914
1384082590041	,1.0497409
1384082590047	,5.608377
1384082590048	,0.949831
1384082590054	,5.7079983
1384082590056	,1.977949
1384082590066	,9.486716
1384082590072	,5.748724
1384082590078	,6.259983
1384082590079	,0.503165
1384082590085	,5.510759
1384082590086	,0.84287095
1384082590092	,6.0295
1384082590093	,0.85258096
1384082590099	,5.67977
1384082590100	,0.981252
1384082590106	,5.3975134
1384082590106	,0.447766
1384082590112	,5.857075
1384082590114	,1.633768
1384082590120	,5.5129323
1384082590120	,0.49501097
1384082590126	,5.293851
1384082590126	,0.46383402
1384082590134	,7.972962
1384082590135	,0.503486
1384082590139	,4.1639113
1384082590142	,2.689547
1384082590145	,3.114489
1384082590149	,3.076972
1384082590152	,3.314569
1384082590156	,3.375205
1384082590166	,3.476495
1384082590170	,3.7260602
1384082590175	,4.783475
1384082590180	,4.051642
1384082590184	,4.0354223
1384082590188	,4.406675
1384082590193	,4.172227
1384082590198	,4.7699723
1384082590208	,10.374337
1384082590212	,3.803985
1384082590216	,3.486234
1384082590220	,3.612505
1384082590223	,3.4960878
1384082590227	,3.147977
1384082590230	,2.935128
1384082590233	,3.5728931
1384082590237	,2.838213
1384082590240	,3.449548
1384082590244	,3.216133
1384082590247	,3.435181
1384082590250	,2.810858
1384082590253	,2.9869971
1384082590257	,3.623176
1384082590260	,2.867844
1384082590264	,3.898273
1384082590269	,4.215064
1384082590272	,3.366975
1384082590276	,3.325481
1384082590279	,3.585136
1384082590282	,2.4822638
1384082590285	,2.762532
1384082590288	,2.863721
1384082590291	,2.718668
1384082590294	,2.92853
1384082590297	,2.9495811
1384082590300	,2.7500448
1384082590303	,3.1388168
1384082590307	,3.3955839
1384082590310	,3.189048
1384082590314	,3.169097
1384082590317	,2.82073
1384082590321	,4.340186
1384082590324	,2.921766
1384082590327	,2.806844
1384082590332	,4.13784
1384082590337	,4.692048
1384082590340	,3.1915429
1384082590343	,2.8020139
1384082590347	,3.5755582
1384082590350	,2.879957
1384082590353	,2.817158
1384082590365	,11.7905655
1384082590368	,3.336093
1384082590372	,3.632212
1384082590379	,6.958251
1384082590384	,4.386343
1384082590387	,3.5377061
1384082590390	,3.0626469
1384082590394	,3.756613
1384082590397	,2.937361
1384082590400	,2.8741498
1384082590403	,2.549857
1384082590409	,6.000444
1384082590416	,6.450029
1384082590419	,2.9844751
1384082590423	,4.1085505
1384082590427	,4.072503
1384082590430	,2.535596
1384082590433	,3.178631
1384082590436	,3.123058
1384082590441	,4.094861
1384082590444	,2.881532
1384082590447	,2.963458
1384082590451	,4.200394
1384082590454	,3.110286
1384082590458	,3.002506
1384082590461	,3.1081312
1384082590464	,2.677272
1384082590468	,4.435351
1384082590474	,5.720956
1384082590478	,3.1220129
1384082590482	,4.017466
1384082590485	,3.136425
1384082590488	,2.888888
1384082590492	,3.755842
1384082590497	,5.069707
1384082590500	,2.9305449
1384082590504	,3.135244
1384082590507	,3.375732
1384082590515	,7.827548
1384082590520	,4.74809
1384082590525	,5.1473627
1384082590529	,3.424566
1384082590532	,2.8698778
1384082590535	,3.066741
1384082590539	,3.6153688
1384082590543	,3.670013
1384082590547	,3.966292
1384082590551	,3.9484189
1384082590554	,3.113911
1384082590557	,2.756222
1384082590560	,2.695147
1384082590563	,2.8107548
1384082590566	,2.826894
1384082590569	,2.837455
1384082590572	,3.0367548
1384082590575	,2.891835
1384082590578	,2.8731742
1384082590582	,3.2314022
1384082590585	,3.1389852
1384082590589	,3.720703
1384082590593	,3.435964
1384082590598	,5.090964
1384082590601	,2.807655
1384082590604	,3.439052
1384082590608	,3.275238
1384082590612	,4.071206
1384082590616	,3.668649
1384082590620	,4.404449
1384082590625	,4.556862
1384082590629	,4.0401797
1384082590633	,3.449031
1384082590639	,5.4912014
1384082590644	,5.344162
1384082590647	,2.984959
1384082590651	,3.0505471
1384082590654	,3.782047
1384082590658	,3.00007
1384082590662	,4.009303
1384082590665	,2.834794
1384082590669	,3.632549
1384082590672	,3.289898
1384082590678	,5.8932376
1384082590681	,3.072091
1384082590685	,3.581476
1384082590690	,4.848126
1384082590695	,5.28848
1384082590699	,2.869864
1384082590702	,3.058476
1384082590705	,3.390307
1384082590710	,4.203582
1384082590713	,2.984652
1384082590716	,2.906758
1384082590720	,4.002092
1384082590723	,3.134095
1384082590727	,3.1001742
1384082590734	,7.059102
1384082590738	,4.142549
1384082590741	,2.560415
1384082590744	,2.800527
1384082590747	,3.105385
1384082590750	,3.1120138
1384082590757	,6.708315
1384082590762	,4.264439
1384082590765	,3.098763
1384082590768	,2.7686908
1384082590771	,2.942366
1384082590774	,2.8325448
1384082590777	,3.3402581
1384082590781	,3.12483
1384082590784	,3.5516722
1384082590789	,3.989513
1384082590793	,4.32566
1384082590796	,2.801146
1384082590802	,5.728082
1384082590807	,4.418728
1384082590810	,2.874542
1384082590813	,3.633214
1384082590825	,6.746181
1384082590837	,12.155165
1384082590843	,5.650115
1384082590847	,3.908712
1384082590850	,2.918951
1384082590855	,4.903271
1384082590859	,3.272629
1384082590862	,3.197794
1384082590866	,3.1552548
1384082590869	,2.871371
1384082590872	,3.2886999
1384082590876	,3.8018851
1384082590879	,2.876649
1384082590883	,3.940872
1384082590886	,2.9179518
1384082590889	,2.868031
1384082590892	,2.893255
1384082590895	,3.068534
1384082590899	,3.2897391
1384082590903	,3.789237
1384082590906	,2.6773
1384082590909	,2.916451
1384082590912	,2.754579
1384082590915	,2.9817152
1384082590918	,2.943115
1384082590921	,2.9908378
1384082590925	,3.962603
1384082590929	,3.814879
1384082590932	,2.8121011
1384082590936	,4.008902
1384082590943	,6.421389
1384082590949	,5.566395
1384082590953	,3.593963
1384082590956	,2.973221
1384082590959	,3.645999
1384082590971	,11.20171
1384082590974	,2.5463932
1384082590976	,2.450323
1384082590979	,2.970145
1384082590982	,3.0114489
1384082590985	,2.955089
1384082590988	,2.874155
1384082590992	,3.247438
1384082590996	,3.963472
1384082591002	,5.6771364
1384082591008	,6.655421
1384082591018	,3.136571
1384082591021	,2.7357528
1384082591024	,2.637455
1384082591028	,3.6927352
1384082591030	,2.647897
1384082591032	,2.1409318
1384082591039	,6.345073
1384082591042	,2.975262
1384082591045	,2.4718
1384082591048	,3.30727
1384082591051	,3.13483
1384082591054	,2.53725
1384082591057	,2.975123
1384082591060	,2.805666
1384082591062	,2.5352519
1384082591066	,3.216764
1384082591069	,2.652123
1384082591077	,4.741921
1384082591080	,2.9516861
1384082591089	,9.34599
1384082591092	,2.962646
1384082591095	,2.8225439
1384082591098	,2.676407
1384082591110	,11.381817
1384082591112	,2.7451189
1384082591115	,2.610759
1384082591118	,2.646484
1384082591121	,2.487087
1384082591123	,2.6653602
1384082591126	,2.644283
1384082591129	,2.822855
1384082591133	,3.3233068
1384082591136	,2.893401
1384082591139	,2.8641622
1384082591142	,2.99842
1384082591147	,4.798503
1384082591154	,7.71459
1384082591159	,3.9278
1384082591164	,5.0884714
1384082591167	,2.7994418
1384082591170	,3.076781
1384082591174	,3.946654
1384082591177	,2.868787
1384082591180	,2.612301
1384082591184	,4.086029
1384082591187	,3.303363
1384082591190	,2.846822
1384082591193	,2.7152338
1384082591196	,2.8136551
1384082591199	,2.9496608
1384082591202	,3.0504751
1384082591205	,2.7882051
1384082591210	,4.134221
1384082591213	,3.608808
1384082591216	,2.7661421
1384082591220	,3.899019
1384082591223	,2.527079
1384082591226	,2.675189
1384082591229	,2.863071
1384082591232	,3.168152
1384082591235	,2.400282
1384082591238	,3.153955
1384082591243	,5.137647
1384082591246	,2.5875912
1384082591251	,5.2194543
1384082591255	,3.334688
1384082591260	,4.9315352
1384082591263	,2.813752
1384082591266	,3.180622
1384082591269	,2.865202
1384082591272	,2.6287649
1384082591275	,2.7700582
1384082591278	,3.132864
1384082591281	,2.44276
1384082591284	,2.518134
1384082591286	,2.22897
1384082591291	,5.086899
1384082591294	,2.640697
1384082591297	,2.727825
1384082591300	,2.928138
1384082591303	,2.869466
1384082591306	,2.990984
1384082591309	,2.8854208
1384082591314	,4.4166126
1384082591318	,4.039334
1384082591321	,3.270697
1384082591324	,2.598155
1384082591327	,2.602834
1384082591329	,2.4540129
1384082591332	,2.836346
1384082591336	,3.219697
1384082591339	,3.1066952
1384082591342	,2.404967
1384082591344	,2.3375502
1384082591347	,2.5152452
1384082591350	,3.161208
1384082591354	,4.002693
1384082591358	,3.412397
1384082591362	,3.90255
1384082591366	,3.938761
1384082591370	,3.714446
1384082591373	,2.826284
1384082591375	,2.578571
1384082591380	,4.181035
1384082591384	,4.0002637
1384082591386	,2.4136899
1384082591389	,2.5229142
1384082591392	,2.433506
1384082591395	,3.0871599
1384082591399	,4.199126
1384082591403	,3.171032
1384082591406	,2.773337
1384082591409	,3.3407118
1384082591416	,6.39078
1384082591419	,3.485156
1384082591424	,4.5823216
1384082591427	,2.96299
1384082591430	,3.285044
1384082591434	,3.28348
1384082591437	,2.605876
1384082591440	,3.509377
1384082591445	,4.27471
1384082591450	,4.772728
1384082591453	,3.468111
1384082591458	,4.1172986
1384082591463	,5.299
1384082591467	,4.2335677
1384082591472	,4.5852633
1384082591477	,5.159871
1384082591481	,2.983387
1384082591484	,2.873556
1384082591486	,2.7456899
1384082591490	,3.497
1384082591493	,3.228924
1384082591496	,2.809072
1384082591499	,2.4444308
1384082591502	,2.595804
1384082591505	,2.9925191
1384082591508	,3.078316
1384082591511	,2.577786
1384082591514	,2.4877372
1384082591517	,3.175283
1384082591521	,4.248706
1384082591524	,2.803901
1384082591527	,2.4810581
1384082591530	,2.639075
1384082591533	,3.269612
1384082591537	,3.300125
1384082591540	,3.441257
1384082591543	,3.065551
1384082591547	,3.2911031
1384082591550	,2.634406
1384082591553	,2.919162
1384082591556	,2.82357
1384082591560	,4.398337
1384082591565	,4.416325
1384082591569	,4.041167
1384082591573	,4.078479
1384082591579	,5.7723837
1384082591582	,3.176763
1384082591588	,5.1979017
1384082591599	,10.994773
1384082591603	,3.5378659
1384082591606	,2.680633
1384082591608	,2.506288
1384082591611	,2.625262
1384082591614	,2.87224
1384082591617	,3.315887
1384082591622	,5.049653
1384082591628	,5.701124
1384082591631	,3.000717
1384082591634	,2.511853
1384082591637	,2.8858001
1384082591639	,2.253376
1384082591642	,2.863687
1384082591645	,2.420857
1384082591647	,2.503382
1384082591652	,4.885253
1384082591656	,3.3989122
1384082591660	,4.439434
1384082591663	,2.3429751
1384082591666	,2.753346
1384082591668	,2.417096
1384082591671	,2.39509
1384082591673	,2.498741
1384082591676	,2.6692028
1384082591679	,2.509116
1384082591681	,2.547283
1384082591684	,2.7123349
1384082591687	,2.4787319
1384082591689	,2.505821
1384082591692	,2.823769
1384082591711	,18.831656
1384082591714	,2.868629
1384082591717	,2.848346
1384082591721	,3.610073
1384082591724	,3.744576
1384082591728	,3.430885
1384082591731	,2.908133
1384082591735	,3.139954
1384082591738	,2.8918512
1384082591741	,2.960104
1384082591744	,3.365783
1384082591748	,3.554178
1384082591751	,3.191082
1384082591756	,4.666787
1384082591759	,3.0024838
1384082591762	,3.218427
1384082591765	,2.696729
1384082591769	,3.6407008
1384082591775	,5.894006
1384082591783	,8.560009
1384082591789	,5.964084
1384082591793	,3.73707
1384082591797	,3.346554
1384082591799	,2.7287939
1384082591802	,2.513584
1384082591805	,2.972333
1384082591808	,3.081826
1384082591811	,2.748697
1384082591814	,3.088905
1384082591818	,3.344816
1384082591822	,4.371192
1384082591825	,2.80569
1384082591828	,2.91485
1384082591833	,4.926732
1384082591836	,3.014073
1384082591840	,3.657981
1384082591843	,3.066726
1384082591846	,3.0850039
1384082591850	,3.1646879
1384082591854	,4.812179
1384082591861	,6.5600343
1384082591866	,4.41108
1384082591870	,3.8373182
1384082591873	,3.660468
1384082591877	,3.307542
1384082591880	,3.410216
1384082591884	,3.734169
1384082591895	,3.7243588
1384082591899	,4.2607193
1384082591902	,2.524369
1384082591904	,2.678621
1384082591907	,2.881971
1384082591910	,2.99296
1384082591913	,2.886417
1384082591917	,3.0754838
1384082591920	,2.877021
1384082591923	,3.039799
1384082591926	,3.1106699
1384082591930	,3.802899
1384082591934	,3.787049
1384082591939	,5.781332
1384082591942	,2.8485558
1384082591945	,2.769192
1384082591948	,2.487639
1384082591951	,3.199321
1384082591955	,3.984569
1384082591958	,2.83835
1384082591961	,2.500631
1384082591963	,2.564614
1384082591966	,2.624501
1384082591969	,3.401084
1384082591972	,2.61521
1384082591975	,2.981694
1384082591978	,2.648853
1384082591981	,3.514873
1384082591985	,3.604551
1384082591990	,4.747481
1384082591994	,4.012057
1384082592000	,5.993878
1384082592005	,4.4295297
1384082592010	,4.9771957
1384082592012	,2.430629
1384082592015	,2.759977
1384082592017	,2.303021
1384082592020	,2.845102
1384082592024	,3.1927738
1384082592027	,2.8917701
1384082592029	,2.572382
1384082592034	,4.510815
1384082592039	,5.3046374
1384082592044	,4.403195
1384082592047	,2.78404
1384082592049	,2.506748
1384082592053	,3.8520072
1384082592057	,3.7104619
1384082592070	,13.21556
1384082592073	,2.707766
1384082592076	,3.064534
1384082592079	,2.482162
1384082592082	,3.331063
1384082592090	,7.404376
1384082592094	,4.33276
1384082592100	,5.399881
1384082592103	,3.2816918
1384082592106	,2.653573
1384082592109	,2.8555992
1384082592112	,3.028439
1384082592115	,2.866536
1384082592118	,2.841427
1384082592121	,2.967322
1384082592124	,3.34376
1384082592128	,3.1501622
1384082592132	,3.998977
1384082592135	,3.6894479
1384082592139	,3.4827561
1384082592142	,3.141699
1384082592146	,3.2564619
1384082592149	,3.275968
1384082592152	,3.015538
1384082592155	,2.6357992
1384082592158	,2.711115
1384082592161	,3.375581
1384082592164	,2.735217
1384082592167	,2.8047671
1384082592169	,2.680454
1384082592173	,3.036753
1384082592176	,2.830913
1384082592179	,3.048114
1384082592183	,4.3564153
1384082592187	,3.368287
1384082592191	,4.3964143
1384082592194	,2.760916
1384082592198	,3.651536
1384082592201	,3.0940301
1384082592205	,4.1105943
1384082592212	,6.726015
1384082592216	,4.311231
1384082592220	,3.552981
1384082592223	,2.763616
1384082592227	,3.749981
1384082592230	,2.805968
1384082592233	,3.42704
1384082592236	,2.767415
1384082592243	,6.732345
1384082592249	,6.145202
1384082592253	,3.6171641
1384082592255	,2.571939
1384082592259	,3.477624
1384082592264	,5.3287673
1384082592268	,3.0945978
1384082592273	,5.305606
1384082592277	,4.108564
1384082592280	,2.7702749
1384082592283	,2.397856
1384082592286	,3.4579399
1384082592289	,2.904153
1384082592293	,3.369769
1384082592296	,3.2492971
1384082592299	,2.744252
1384082592302	,3.0204332
1384082592307	,4.63387
1384082592309	,2.682638
1384082592312	,2.5537858
1384082592315	,2.9447029
1384082592318	,2.99541
1384082592321	,2.746723
1384082592324	,2.9001298
1384082592327	,2.9404829
1384082592330	,3.046939
1384082592333	,2.759022
1384082592336	,2.8537338
1384082592339	,3.104544
1384082592343	,3.8034608
1384082592346	,3.142947
1384082592350	,3.358145
1384082592352	,2.58865
1384082592355	,2.783752
1384082592358	,3.067231
1384082592362	,3.1210592
1384082592365	,3.566323
1384082592368	,2.815074
1384082592371	,2.738214
1384082592374	,3.264453
1384082592377	,2.821971
1384082592380	,2.797958
1384082592383	,2.949239
1384082592386	,3.21228
1384082592389	,2.836564
1384082592393	,3.376649
1384082592397	,3.991908
1384082592400	,3.459196
1384082592410	,9.345178
1384082592417	,6.636199
1384082592422	,5.529304
1384082592427	,4.339931
1384082592430	,3.426228
1384082592433	,2.7960129
1384082592436	,3.252981
1384082592440	,3.5582528
1384082592447	,6.66285
1384082592453	,6.098517
1384082592457	,3.7218392
1384082592460	,2.9527242
1384082592463	,3.020077
1384082592467	,4.167747
1384082592473	,5.436769
1384082592477	,3.7322729
1384082592480	,3.800165
1384082592483	,2.736399
1384082592486	,2.480546
1384082592489	,2.8607018
1384082592493	,3.656847
1384082592498	,4.985127
1384082592503	,4.8947387
1384082592505	,2.637982
1384082592509	,3.512837
1384082592511	,2.4001088
1384082592514	,2.396996
1384082592517	,2.9326031
1384082592520	,3.2665071
1384082592524	,3.291658
1384082592526	,2.39678
1384082592529	,2.7021232
1384082592532	,2.688566
1384082592535	,2.9370682
1384082592538	,2.8285892
1384082592541	,3.173409
1384082592545	,3.807559
1384082592551	,5.4069657
1384082592557	,5.892634
1384082592563	,5.995142
1384082592565	,2.60021
1384082592569	,3.4258258
1384082592572	,2.677181
1384082592574	,2.832886
1384082592577	,2.6605892
1384082592580	,2.493239
1384082592583	,3.0803182
1384082592586	,2.5599709
1384082592589	,3.262213
1384082592593	,3.617424
1384082592595	,2.47858
1384082592598	,2.69157
1384082592602	,3.47643
1384082592605	,3.7214432
1384082592608	,2.967314
1384082592612	,2.9727318
1384082592614	,2.733764
1384082592618	,3.92857
1384082592624	,5.0948377
1384082592630	,6.464819
1384082592637	,7.105341
1384082592640	,2.905946
1384082592643	,2.470469
1384082592646	,2.6093478
1384082592649	,3.20284
1384082592656	,6.894226
1384082592659	,3.435542
1384082592662	,2.764639
1384082592666	,3.5102549
1384082592670	,4.043281
1384082592676	,5.719086
1384082592680	,4.02311
1384082592686	,6.049694
1384082592690	,4.005721
1384082592694	,4.0239673
1384082592697	,2.618948
1384082592700	,3.182769
1384082592705	,4.784725
1384082592709	,3.5825438
1384082592713	,4.398911
1384082592716	,2.4357162
1384082592718	,2.4396818
1384082592722	,3.3914871
1384082592725	,2.816649
1384082592728	,2.8890471
1384082592730	,2.498959
1384082592733	,2.487469
1384082592736	,2.7561488
1384082592738	,2.800377
1384082592742	,3.0415092
1384082592745	,3.574873
1384082592749	,3.652333
1384082592753	,3.5915968
1384082592755	,2.688683
1384082592758	,2.64467
1384082592762	,3.896656
1384082592768	,5.329771
1384082592771	,3.249654
1384082592774	,3.4347858
1384082592777	,2.940458
1384082592780	,2.55302
1384082592783	,3.124174
1384082592786	,3.02117
1384082592789	,2.929302
1384082592793	,3.3944528
1384082592796	,3.442373
1384082592800	,3.05874
1384082592803	,3.0958588
1384082592807	,3.7781131
1384082592810	,3.441935
1384082592814	,3.327446
1384082592816	,2.36077
1384082592819	,2.841773
1384082592822	,3.029891
1384082592827	,4.4530964
1384082592830	,2.9634871
1384082592833	,3.195963
1384082592836	,3.3506918
1384082592845	,8.860302
1384082592851	,5.4677987
1384082592855	,3.943919
1384082592860	,5.25696
1384082592863	,2.824887
1384082592868	,4.263771
1384082592874	,5.8775134
1384082592877	,3.5202801
1384082592881	,3.955344
1384082592885	,3.417305
1384082592889	,4.088005
1384082592893	,3.9028602
1384082592896	,2.807919
1384082592898	,2.437639
1384082592901	,2.620353
1384082592904	,2.638439
1384082592907	,2.78411
1384082592911	,4.4793234
1384082592916	,4.359928
1384082592919	,2.863642
1384082592922	,3.069164
1384082592925	,3.28955
1384082592928	,3.100194
1384082592932	,3.367836
1384082592935	,2.9764671
1384082592938	,3.036613
1384082592941	,3.0977728
1384082592944	,2.946433
1384082592947	,2.6290371
1384082592949	,2.474528
1384082592952	,2.8051622
1384082592956	,3.03493
1384082592958	,2.496482
1384082592962	,3.7859251
1384082592965	,2.706459
1384082592969	,4.0425
1384082592972	,2.822163
1384082592975	,2.697979
1384082592978	,2.9722028
1384082592980	,2.781053
1384082592984	,3.4508798
1384082592987	,3.16734
1384082592991	,3.397356
1384082592994	,2.6455119
1384082592996	,2.586958
1384082592999	,2.811377
1384082593003	,3.535793
1384082593006	,3.032794
1384082593009	,2.6957529
1384082593012	,2.993166
1384082593015	,3.265047
1384082593025	,2.7760682
1384082593028	,2.958973
1384082593031	,3.627668
1384082593037	,5.328249
1384082593041	,4.4745917
1384082593044	,2.784197
1384082593050	,5.695137
1384082593062	,12.188399
1384082593067	,5.0545974
1384082593071	,3.632656
1384082593074	,2.62805
1384082593077	,3.143791
1384082593081	,4.2002273
1384082593084	,2.935181
1384082593087	,2.5406609
1384082593090	,3.151646
1384082593093	,2.883593
1384082593098	,4.4861383
1384082593101	,3.000135
1384082593105	,4.5152082
1384082593109	,3.3926818
1384082593117	,8.3908825
1384082593123	,5.459897
1384082593125	,2.555754
1384082593128	,2.7150161
1384082593131	,2.7646232
1384082593134	,3.018399
1384082593138	,3.568574
1384082593141	,2.756273
1384082593143	,2.745454
1384082593146	,2.819039
1384082593149	,2.901197
1384082593152	,2.94894
1384082593155	,2.851326
1384082593159	,3.181491
1384082593162	,3.390429
1384082593165	,2.692437
1384082593168	,2.791734
1384082593171	,3.135536
1384082593174	,3.405621
1384082593179	,4.310527
1384082593183	,4.4071937
1384082593187	,3.132609
1384082593190	,3.195847
1384082593193	,2.91135
1384082593195	,2.535134
1384082593198	,2.761279
1384082593201	,2.722646
1384082593204	,2.915951
1384082593208	,3.9218898
1384082593213	,4.491818
1384082593216	,2.751967
1384082593219	,3.124493
1384082593223	,3.815071
1384082593226	,3.227033
1384082593229	,3.431542
1384082593233	,2.752437
1384082593237	,3.8581269
1384082593240	,3.3294108
1384082593245	,4.125214
1384082593248	,3.258406
1384082593251	,2.6977391
1384082593255	,3.8120692
1384082593264	,8.888638
1384082593275	,11.654158
1384082593285	,8.952017
1384082593288	,3.490761
1384082593291	,2.669979
1384082593294	,2.728141
1384082593300	,6.213232
1384082593304	,3.956128
1384082593307	,2.543619
1384082593309	,2.7336068
1384082593312	,2.400259
1384082593316	,3.8407142
1384082593320	,3.809368
1384082593327	,7.070013
1384082593330	,2.861445
1384082593333	,3.473759
1384082593336	,2.830465
1384082593340	,3.399017
1384082593343	,3.16939
1384082593346	,3.212504
1384082593350	,3.143564
1384082593352	,2.651246
1384082593355	,2.847839
1384082593358	,2.903676
1384082593361	,2.940665
1384082593365	,3.097146
1384082593368	,3.08555
1384082593371	,3.3164341
1384082593374	,3.039666
1384082593377	,3.18498
1384082593381	,2.9777029
1384082593384	,3.7882042
1384082593388	,3.0250869
1384082593390	,2.750653
1384082593393	,2.93443
1384082593397	,3.7000568
1384082593400	,2.873999
1384082593403	,3.1389499
1384082593407	,3.264473
1384082593411	,4.199092
1384082593414	,3.237466
1384082593418	,3.263095
1384082593421	,3.465667
1384082593425	,4.2001
1384082593430	,4.098689
1384082593434	,4.09765
1384082593436	,2.57075
1384082593440	,3.866122
1384082593446	,4.987311
1384082593449	,3.542006
1384082593452	,3.09949
1384082593456	,3.154761
1384082593459	,3.083073
1384082593463	,3.761021
1384082593465	,2.726063
1384082593470	,4.7685637
1384082593474	,3.259544
1384082593477	,3.780184
1384082593483	,5.948569
1384082593491	,7.9003243
1384082593505	,13.297257
1384082593513	,8.456232
1384082593518	,4.403077
1384082593521	,2.5895991
1384082593523	,2.426419
1384082593526	,2.819596
1384082593529	,3.399341
1384082593533	,3.2034762
1384082593536	,2.961243
1384082593539	,3.169846
1384082593542	,3.103283
1384082593546	,3.27594
1384082593549	,3.118187
1384082593552	,3.163502
1384082593555	,3.317813
1384082593632	,76.26786
1384082593636	,4.208335
1384082593641	,4.484954
1384082593644	,2.754771
1384082593646	,2.4429529
1384082593649	,2.992594
1384082593652	,2.905597
1384082593656	,3.300983
1384082593659	,3.383531
1384082593662	,3.322886
1384082593665	,2.7304862
1384082593668	,2.817479
1384082593673	,4.4149284
1384082593676	,3.379199
1384082593681	,4.812935
1384082593684	,3.28972
1384082593687	,2.8341222
1384082593690	,2.607059
1384082593694	,4.171451
1384082593698	,3.854165
1384082593703	,5.008794
1384082593719	,15.407394
1384082593726	,6.776388
1384082593729	,3.453826
1384082593732	,2.934866
1384082593737	,4.981976
1384082593741	,3.411686
1384082593744	,2.780083
1384082593746	,2.7612872
1384082593750	,3.0228732
1384082593753	,3.2227972
1384082593756	,2.8729331
1384082593759	,2.909423
1384082593762	,3.064685
1384082593765	,2.7886221
1384082593768	,3.0746431
1384082593771	,2.846961
1384082593774	,2.896819
1384082593777	,2.832646
1384082593780	,2.89732
1384082593783	,2.8779361
1384082593786	,2.948875
1384082593789	,2.911799
1384082593792	,3.043607
1384082593795	,2.900018
1384082593798	,2.932906
1384082593801	,3.019
1384082593804	,3.071547
1384082593807	,3.0338492
1384082593810	,2.87213
1384082593814	,3.276987
1384082593818	,4.29557
1384082593823	,4.817382
1384082593826	,2.910261
1384082593829	,2.844229
1384082593834	,4.816352
1384082593838	,4.387142
1384082593843	,4.790915
1384082593850	,6.7335486
1384082593854	,3.907814
1384082593857	,3.2629461
1384082593860	,2.8086202
1384082593863	,2.864563
1384082593866	,2.4387019
1384082593869	,3.16526
1384082593873	,3.5338569
1384082593876	,3.6151102
1384082593880	,3.2535138
1384082593882	,2.759692
1384082593886	,3.3555028
1384082593889	,2.5619261
1384082593891	,2.3885849
1384082593894	,2.582229
1384082593896	,2.512241
1384082593902	,5.286353
1384082593905	,3.059844
1384082593908	,3.263367
1384082593911	,2.59571
1384082593915	,4.491331
1384082593923	,7.656163
1384082593938	,14.670432
1384082593941	,2.755941
1384082593945	,4.291231
1384082593950	,4.839985
1384082593953	,3.137917
1384082593956	,2.7605991
1384082593959	,2.792857
1384082593962	,3.2092662
1384082593966	,3.745193
1384082593969	,2.79501
1384082593972	,2.848244
1384082593975	,2.9804862
1384082593978	,2.841387
1384082593981	,3.169376
1384082593984	,2.9743721
1384082593988	,3.341317
1384082593991	,3.079133
1384082593994	,3.4335501
1384082593997	,2.750251
1384082594000	,2.82446
1384082594003	,2.826271
1384082594006	,3.1710138
1384082594010	,3.26529
1384082594013	,3.3100529
1384082594016	,3.265887
1384082594020	,3.3953798
1384082594023	,3.276063
1384082594027	,3.284
1384082594031	,4.157424
1384082594036	,5.30067
1384082594039	,2.81616
1384082594044	,4.3975153
1384082594049	,5.604628
1384082594061	,11.988551
1384082594067	,5.3348494
1384082594071	,3.9435568
1384082594074	,2.70817
1384082594077	,3.457498
1384082594080	,2.466274
1384082594083	,3.100862
1384082594086	,3.47902
1384082594090	,3.3033001
1384082594092	,2.436686
1384082594095	,2.641979
1384082594098	,2.871774
1384082594101	,3.314293
1384082594106	,4.693973
1384082594109	,2.938071
1384082594113	,3.225054
1384082594115	,2.6413379
1384082594119	,3.536887
1384082594124	,5.286201
1384082594136	,11.488253
1384082594146	,9.779933
1384082594152	,6.686629
1384082594156	,3.688948
1384082594159	,2.466295
1384082594161	,2.683238
1384082594164	,2.8572972
1384082594167	,2.993729
1384082594170	,2.674207
1384082594173	,3.032564
1384082594176	,2.85526
1384082594179	,2.796386
1384082594182	,2.9396212
1384082594185	,3.001103
1384082594188	,3.149025
1384082594191	,2.790314
1384082594194	,2.9748182
1384082594197	,2.8651059
1384082594200	,2.881308
1384082594203	,2.731577
1384082594206	,2.874371
1384082594209	,2.904567
1384082594212	,2.865932
1384082594215	,2.928863
1384082594218	,2.8464642
1384082594220	,2.819559
1384082594223	,2.759459
1384082594226	,3.024948
1384082594229	,2.832818
1384082594232	,2.9501202
1384082594236	,3.24823
1384082594239	,3.242443
1384082594242	,2.961606
1384082594247	,4.613126
1384082594251	,4.408823
1384082594257	,5.647354
1384082594273	,16.19693
1384082594282	,8.860252
1384082594287	,4.491773
1384082594290	,3.351016
1384082594295	,4.456133
1384082594298	,3.168805
1384082594300	,2.5456522
1384082594303	,2.761472
1384082594308	,4.777514
1384082594311	,2.521769
1384082594315	,4.669578
1384082594318	,2.660696
1384082594321	,2.687113
1384082594324	,3.288753
1384082594328	,3.228546
1384082594331	,2.9849799
1384082594334	,3.646933
1384082594339	,4.309204
1384082594343	,3.6037838
1384082594345	,2.78007
1384082594350	,4.436221
1384082594357	,6.8022137
1384082594361	,3.683103
1384082594363	,2.488232
1384082594366	,2.968407
1384082594369	,2.934289
1384082594372	,2.715676
1384082594375	,2.594326
1384082594378	,2.812652
1384082594380	,2.670278
1384082594383	,2.754545
1384082594386	,2.765746
1384082594389	,2.89689
1384082594392	,2.875252
1384082594395	,2.591032
1384082594398	,3.180216
1384082594401	,3.03143
1384082594404	,2.78065
1384082594407	,2.636343
1384082594410	,2.942446
1384082594412	,2.814436
1384082594416	,3.0195968
1384082594418	,2.837046
1384082594422	,3.666637
1384082594425	,2.79456
1384082594428	,2.9006832
1384082594431	,3.004874
1384082594435	,3.27313
1384082594438	,3.748026
1384082594449	,10.4015045
1384082594452	,3.2900949
1384082594456	,3.314738
1384082594458	,2.674319
1384082594461	,2.73355
1384082594464	,2.673747
1384082594467	,2.7191088
1384082594472	,4.916304
1384082594477	,5.598547
1384082594482	,4.676935
1384082594490	,7.4961042
1384082594496	,6.400827
1384082594500	,3.47348
1384082594504	,4.069188
1384082594507	,3.194606
1384082594511	,3.4697108
1384082594514	,2.8523622
1384082594517	,3.239229
1384082594520	,2.895797
1384082594523	,2.8603158
1384082594526	,2.896912
1384082594529	,2.974981
1384082594531	,2.368034
1384082594535	,3.365185
1384082594538	,3.366238
1384082594541	,3.07925
1384082594545	,3.4939642
1384082594548	,2.719928
1384082594551	,2.888988
1384082594557	,5.795281
1384082594560	,3.3428822
1384082594564	,4.1927586
1384082594567	,2.795789
1384082594570	,2.7177339
1384082594573	,2.571055
1384082594576	,3.1979098
1384082594579	,2.729372
1384082594582	,3.005469
1384082594587	,5.144773
1384082594590	,3.073374
1384082594593	,2.8138068
1384082594596	,2.541291
1384082594598	,2.565464
1384082594602	,3.106848
1384082594605	,3.391888
1384082594608	,3.128738
1384082594612	,3.156776
1384082594615	,2.918957
1384082594618	,2.840641
1384082594621	,3.029061
1384082594624	,2.9235878
1384082594627	,3.548278
1384082594630	,3.012335
1384082594633	,2.997309
1384082594636	,3.0113268
1384082594639	,2.7378001
1384082594643	,3.611319
1384082594647	,3.5894222
1384082594650	,3.012801
1384082594653	,2.991717
1384082594656	,2.741646
1384082594659	,2.837333
1384082594662	,3.006471
1384082594665	,3.18605
1384082594668	,2.556862
1384082594671	,2.927413
1384082594674	,3.339562
1384082594677	,2.876461
1384082594682	,5.338292
1384082594687	,4.445765
1384082594691	,4.381486
1384082594696	,4.3371677
1384082594705	,9.296712
1384082594710	,4.291052
1384082594714	,3.976064
1384082594717	,3.500234
1384082594721	,3.4647229
1384082594723	,2.672453
1384082594727	,2.9507
1384082594729	,2.536183
1384082594733	,3.6308799
1384082594736	,3.249808
1384082594739	,2.692975
1384082594746	,7.260973
1384082594750	,3.871134
1384082594753	,2.593344
1384082594755	,2.4531689
1384082594762	,6.34859
1384082594764	,2.499282
1384082594769	,4.355355
1384082594772	,3.094369
1384082594775	,2.777894
1384082594777	,2.2925582
1384082594780	,2.314905
1384082594783	,2.645728
1384082594785	,2.749391
1384082594789	,3.2685912
1384082594792	,2.751215
1384082594794	,2.7173588
1384082594797	,2.762913
1384082594800	,2.465289
1384082594803	,2.930867
1384082594806	,2.976664
1384082594809	,2.853293
1384082594812	,2.891866
1384082594815	,2.879397
1384082594818	,2.76548
1384082594821	,3.0042129
1384082594825	,4.373433
1384082594828	,2.802031
1384082594831	,2.7804022
1384082594834	,3.068786
1384082594837	,2.950447
1384082594840	,3.060262
1384082594843	,2.7099628
1384082594846	,3.3432682
1384082594850	,3.0668602
1384082594853	,3.525047
1384082594857	,3.6930768
1384082594860	,2.873194
1384082594863	,2.764552
1384082594866	,3.289063
1384082594869	,2.7769308
1384082594872	,3.2526522
1384082594876	,3.309604
1384082594878	,2.666056
1384082594881	,2.775853
1384082594884	,2.768333
1384082594887	,2.454222
1384082594890	,3.688126
1384082594899	,8.276484
1384082594905	,6.2083635
1384082594917	,11.72792
1384082594920	,2.997086
1384082594927	,6.6892242
1384082594930	,3.022629
1384082594933	,2.9852438
1384082594937	,3.61626
1384082594940	,2.782393
1384082594942	,2.687433
1384082594945	,2.416379
1384082594949	,3.903748
1384082594953	,4.353813
1384082594957	,3.456948
1384082594960	,3.031242
1384082594965	,4.7587633
1384082594968	,2.908335
1384082594971	,2.913231
1384082594974	,2.966144
1384082594979	,5.1039762
1384082594983	,4.006648
1384082594987	,3.142924
1384082594990	,3.235934
1384082594995	,4.565021
1384082594998	,2.411081
1384082595000	,2.739923
1384082595003	,2.433237
1384082595005	,2.578048
1384082595008	,2.6114419
1384082595010	,2.293323
1384082595013	,2.5039022
1384082595015	,2.361715
1384082595018	,2.62805
1384082595021	,2.656774
1384082595023	,2.5739021
1384082595026	,2.598737
1384082595029	,2.497294
1384082595031	,2.4594529
1384082595034	,2.75845
1384082595037	,2.854312
1384082595040	,2.763214
1384082595043	,2.946945
1384082595045	,2.510029
1384082595049	,3.5395901
1384082595052	,3.211708
1384082595057	,4.906126
1384082595060	,2.965875
1384082595063	,2.8884552
1384082595066	,2.686574
1384082595070	,4.557205
1384082595073	,2.759957
1384082595077	,3.545321
1384082595080	,2.784569
1384082595082	,2.5729032
1384082595085	,2.577626
1384082595089	,3.6124122
1384082595092	,3.116122
1384082595095	,2.925636
1384082595098	,2.8098798
1384082595102	,3.802587
1384082595104	,2.719473
1384082595107	,2.55752
1384082595110	,2.841999
1384082595113	,2.991959
1384082595117	,4.478349
1384082595124	,6.693195
1384082595133	,8.342698
1384082595137	,4.4931717
1384082595143	,5.3247404
1384082595145	,2.822617
1384082595149	,3.149209
1384082595152	,3.60525
1384082595157	,4.2370076
1384082595161	,4.3385515
1384082595164	,3.0942252
1384082595169	,4.6728787
1384082595172	,2.528492
1384082595174	,2.44072
1384082595177	,3.2561288
1384082595181	,3.649471
1384082595185	,3.7493129
1384082595188	,2.779277
1384082595190	,2.5099962
1384082595193	,2.759913
1384082595196	,2.660798
1384082595198	,2.343093
1384082595201	,2.314029
1384082595203	,2.4700472
1384082595207	,3.130437
1384082595210	,3.461061
1384082595213	,3.058661
1384082595216	,2.562019
1384082595219	,2.656238
1384082595222	,2.986337
1384082595224	,2.453826
1384082595227	,2.657027
1384082595231	,4.247047
1384082595234	,2.38731
1384082595236	,2.6861322
1384082595239	,2.7008789
1384082595242	,2.614392
1384082595245	,2.505873
1384082595247	,2.3880448
1384082595250	,2.6241589
1384082595253	,2.893761
1384082595258	,4.863966
1384082595261	,3.453854
1384082595264	,2.9400039
1384082595267	,2.5776389
1384082595270	,2.866026
1384082595273	,3.476182
1384082595276	,2.704121
1384082595279	,3.1332219
1384082595282	,2.900481
1384082595285	,2.321485
1384082595287	,2.638213
1384082595290	,3.0455859
1384082595295	,4.402062
1384082595299	,4.135022
1384082595304	,4.373208
1384082595306	,2.575642
1384082595309	,2.497986
1384082595312	,2.964198
1384082595314	,2.341733
1384082595317	,2.233728
1384082595320	,3.327717
1384082595323	,2.856085
1384082595327	,3.646413
1384082595331	,4.05026
1384082595338	,6.8231792
1384082595341	,3.7144542
1384082595360	,18.21442
1384082595364	,4.656302
1384082595367	,2.3984928
1384082595370	,2.623317
1384082595375	,5.038647
1384082595377	,2.5186598
1384082595380	,2.653527
1384082595383	,2.440557
1384082595386	,3.7852142
1384082595392	,5.046674
1384082595395	,3.1985009
1384082595398	,2.751467
1384082595401	,2.899658
1384082595404	,2.9215162
1384082595407	,2.860559
1384082595409	,2.862783
1384082595412	,2.8895779
1384082595415	,2.931782
1384082595419	,3.168066
1384082595422	,3.113017
1384082595425	,2.909909
1384082595428	,2.697216
1384082595430	,2.57362
1384082595433	,2.649413
1384082595436	,2.9422872
1384082595439	,2.641318
1384082595442	,3.00111
1384082595445	,3.054395
1384082595448	,2.724539
1384082595451	,2.8338158
1384082595453	,2.792875
1384082595456	,2.3345459
1384082595459	,2.834179
1384082595462	,3.341032
1384082595465	,2.870261
1384082595468	,3.127469
1384082595472	,3.137958
1384082595475	,3.3416998
1384082595480	,4.6048846
1384082595483	,2.979613
1384082595485	,2.4473588
1384082595488	,2.572164
1384082595490	,2.444289
1384082595493	,2.6663702
1384082595499	,5.8706613
1384082595502	,3.30304
1384082595505	,2.870033
1384082595509	,3.288859
1384082595512	,3.109724
1384082595516	,4.116027
1384082595519	,3.039051
1384082595523	,3.530383
1384082595526	,3.017793
1384082595529	,3.361341
1384082595538	,8.337579
1384082595542	,3.877298
1384082595546	,4.236936
1384082595549	,3.219606
1384082595552	,2.9578369
1384082595560	,7.562442
1384082595569	,8.873952
1384082595573	,3.97027
1384082595576	,3.044127
1384082595578	,2.283541
1384082595582	,3.988604
1384082595585	,2.515065
1384082595588	,2.468629
1384082595590	,2.6867719
1384082595593	,2.493834
1384082595597	,3.56576
1384082595602	,5.170698
1384082595614	,11.881773
1384082595617	,2.8345602
1384082595619	,2.705113
1384082595623	,3.008843
1384082595626	,2.978508
1384082595629	,2.981206
1384082595632	,2.869699
1384082595634	,2.7640429
1384082595637	,2.714329
1384082595640	,2.6615338
1384082595643	,2.764126
1384082595646	,2.765165
1384082595649	,2.953705
1384082595652	,2.97085
1384082595655	,3.028476
1384082595659	,4.080789
1384082595662	,3.136786
1384082595665	,3.1822472
1384082595669	,3.8237062
1384082595673	,3.588891
1384082595676	,2.9911819
1384082595679	,2.5885258
1384082595682	,3.3774061
1384082595686	,3.5541298
1384082595689	,3.371939
1384082595692	,2.966554
1384082595695	,2.7169719
1384082595698	,2.581592
1384082595701	,3.2743921
1384082595705	,3.502975
1384082595707	,2.8791
1384082595711	,3.551754
1384082595715	,3.9670968
1384082595718	,2.5222929
1384082595721	,2.820687
1384082595723	,2.4005668
1384082595727	,3.589236
1384082595730	,2.750542
1384082595734	,4.0884
1384082595738	,3.7217982
1384082595741	,3.689021
1384082595744	,2.554324
1384082595747	,3.0224462
1384082595750	,3.1870558
1384082595754	,3.33472
1384082595756	,2.361233
1384082595759	,2.8424551
1384082595762	,3.231183
1384082595765	,2.899058
1384082595774	,8.274325
1384082595785	,11.680246
1384082595789	,3.652301
1384082595797	,7.690314
1384082595799	,2.407216
1384082595801	,2.1459951
1384082595804	,2.232702
1384082595807	,2.7286532
1384082595811	,4.6301765
1384082595814	,2.531962
1384082595816	,2.101773
1384082595818	,2.297668
1384082595821	,2.418946
1384082595824	,2.713632
1384082595827	,3.455301
1384082595830	,2.477102
1384082595832	,2.4057
1384082595835	,2.362022
1384082595837	,2.613833
1384082595840	,2.710832
1384082595843	,2.598147
1384082595846	,3.36794
1384082595850	,3.477906
1384082595853	,3.252247
1384082595856	,2.657424
1384082595859	,3.17116
1384082595861	,2.375293
1384082595864	,2.636322
1384082595867	,2.822317
1384082595870	,2.714206
1384082595873	,2.646393
1384082595876	,3.2239132
1384082595879	,3.239038
1384082595882	,2.3159318
1384082595885	,3.184263
1384082595888	,3.630197
1384082595891	,2.91048
1384082595894	,2.669866
1384082595897	,2.506373
1384082595899	,2.5295691
1384082595902	,2.573477
1384082595904	,2.316588
1384082595908	,3.718575
1384082595913	,5.020574
1384082595916	,3.070114
1384082595920	,3.292727
1384082595924	,4.533575
1384082595927	,2.525582
1384082595930	,3.245436
1384082595933	,2.476488
1384082595935	,2.48341
1384082595938	,2.885149
1384082595942	,3.154888
1384082595944	,2.766905
1384082595947	,2.612588
1384082595950	,2.797542
1384082595952	,2.297323
1384082595955	,3.160347
1384082595959	,3.082666
1384082595962	,2.8853688
1384082595965	,3.811633
1384082595968	,2.7717128
1384082595972	,3.89344
1384082595977	,4.721467
1384082595980	,2.84358
1384082595983	,2.921185
1384082595990	,6.788662
1384082595996	,6.446336
1384082596001	,4.9355297
1384082596005	,3.713361
1384082596008	,2.758087
1384082596011	,3.291869
1384082596014	,2.5503988
1384082596017	,3.4991488
1384082596020	,2.127899
1384082596022	,2.598802
1384082596025	,2.73387
1384082596028	,2.906089
1384082596031	,2.7868102
1384082596034	,3.0180879
1384082596037	,2.924186
1384082596040	,2.8455071
1384082596043	,2.811406
1384082596046	,2.795072
1384082596049	,3.2333941
1384082596052	,2.8523521
1384082596055	,2.911697
1384082596058	,3.061861
1384082596061	,3.215656
1384082596065	,3.663031
1384082596069	,3.752068
1384082596072	,2.646649
1384082596074	,2.432953
1384082596077	,2.956979
1384082596080	,3.191608
1384082596084	,3.184103
1384082596087	,2.877596
1384082596089	,2.820802
1384082596093	,3.438131
1384082596096	,2.741452
1384082596098	,2.460206
1384082596101	,2.385515
1384082596104	,3.347361
1384082596107	,2.7092052
1384082596109	,2.403125
1384082596113	,3.5762591
1384082596118	,4.529669
1384082596121	,3.140974
1384082596124	,2.972664
1384082596127	,2.413013
1384082596130	,3.2507892
1384082596134	,3.952028
1384082596137	,3.5742471
1384082596141	,3.889831
1384082596144	,2.849666
1384082596147	,2.5082462
1384082596149	,2.4978082
1384082596153	,3.4380372
1384082596156	,2.959326
1384082596159	,2.574022
1384082596162	,3.2630959
1384082596167	,4.9806337
1384082596171	,3.583824
1384082596173	,2.60078
1384082596177	,3.491537
1384082596180	,2.965133
1384082596183	,2.478293
1384082596185	,2.510153
1384082596188	,2.474659
1384082596191	,3.2534308
1384082596194	,2.802834
1384082596199	,5.289654
1384082596204	,4.891073
1384082596209	,4.412872
1384082596212	,3.2387452
1384082596215	,3.385937
1384082596220	,4.660148
1384082596225	,5.043748
1384082596228	,2.729883
1384082596231	,2.4991722
1384082596234	,2.983226
1384082596236	,2.786767
1384082596239	,2.8008459
1384082596242	,2.667126
1384082596245	,2.878327
1384082596248	,2.702033
1384082596251	,2.797719
1384082596254	,2.930509
1384082596257	,2.906492
1384082596259	,2.6631398
1384082596262	,2.8932328
1384082596266	,3.677361
1384082596269	,2.942283
1384082596273	,3.460297
1384082596275	,2.600892
1384082596278	,2.792686
1384082596281	,2.922424
1384082596286	,4.766915
1384082596290	,4.4192576
1384082596293	,2.893844
1384082596296	,2.4851842
1384082596299	,2.96801
1384082596302	,2.959015
1384082596305	,3.103851
1384082596308	,2.9792042
1384082596311	,3.097454
1384082596314	,2.498038
1384082596318	,3.4935272
1384082596320	,2.746105
1384082596323	,2.5289729
1384082596326	,3.373716
1384082596331	,4.390944
1384082596335	,4.030255
1384082596338	,2.605012
1384082596341	,2.960929
1384082596343	,2.7479
1384082596348	,4.16268
1384082596350	,2.504742
1384082596354	,4.1302614
1384082596357	,2.8128798
1384082596360	,2.579251
1384082596362	,2.275428
1384082596365	,3.076694
1384082596369	,3.098511
1384082596373	,4.6899114
1384082596376	,2.4626498
1384082596380	,4.323125
1384082596383	,2.4075592
1384082596385	,2.2908912
1384082596388	,2.530425
1384082596391	,2.787539
1384082596394	,3.523061
1384082596397	,2.905011
1384082596401	,3.425117
1384082596407	,6.124602
1384082596411	,4.0518713
1384082596415	,3.988638
1384082596419	,3.867835
1384082596422	,2.861063
1384082596427	,4.7143893
1384082596432	,4.887527
1384082596434	,2.470102
1384082596437	,2.6635592
1384082596441	,4.1552434
1384082596445	,3.901567
1384082596448	,2.425936
1384082596450	,2.754055
1384082596453	,2.569396
1384082596456	,2.9058301
1384082596460	,3.408657
1384082596463	,3.367742
1384082596468	,4.590793
1384082596472	,4.526599
1384082596476	,3.236868
1384082596478	,2.876679
1384082596481	,2.920613
1384082596484	,2.5594819
1384082596487	,2.883286
1384082596491	,3.39904
1384082596494	,2.9184299
1384082596496	,2.879486
1384082596500	,3.101637
1384082596502	,2.7427619
1384082596505	,2.7040658
1384082596509	,3.350147
1384082596511	,2.527773
1384082596514	,2.737712
1384082596516	,2.306528
1384082596520	,3.9584641
1384082596523	,2.894649
1384082596526	,2.525749
1384082596529	,2.984793
1384082596534	,4.724224
1384082596537	,3.237254
1384082596541	,3.472516
1384082596545	,3.960988
1384082596547	,2.2526278
1384082596550	,3.433372
1384082596553	,2.416751
1384082596555	,2.406873
1384082596559	,3.274645
1384082596562	,3.110634
1384082596565	,3.26508
1384082596568	,2.343972
1384082596571	,2.7891588
1384082596575	,3.925537
1384082596578	,3.1732452
1384082596581	,2.7381399
1384082596584	,2.9005668
1384082596587	,3.296238
1384082596589	,2.318326
1384082596593	,3.9588702
1384082596598	,4.072634
1384082596601	,3.180334
1384082596603	,2.306039
1384082596606	,2.356569
1384082596608	,2.8029332
1384082596611	,2.4552228
1384082596616	,4.859313
1384082596622	,5.592674
1384082596625	,3.396188
1384082596630	,4.6206183
1384082596633	,3.341827
1384082596636	,2.645326
1384082596639	,2.7204819
1384082596641	,2.276202
1384082596643	,2.423456
1384082596646	,2.408729
1384082596649	,3.031549
1384082596652	,2.7271159
1384082596655	,2.684655
1384082596657	,2.762612
1384082596660	,2.754302
1384082596663	,2.631177
1384082596666	,2.797538
1384082596669	,2.727586
1384082596672	,3.560901
1384082596676	,3.3084571
1384082596679	,3.078233
1384082596682	,2.813794
1384082596685	,3.075742
1384082596688	,2.860541
1384082596691	,2.954263
1384082596693	,2.555412
1384082596703	,9.629878
1384082596705	,2.327414
1384082596708	,2.520596
1384082596710	,2.2387052
1384082596713	,2.273649
1384082596716	,3.183855
1384082596718	,2.440065
1384082596722	,3.230918
1384082596724	,2.750395
1384082596727	,2.304208
1384082596730	,3.194572
1384082596733	,2.78191
1384082596738	,4.957311
1384082596743	,5.114821
1384082596749	,5.536232
1384082596753	,4.304299
1384082596756	,3.186254
1384082596759	,2.459923
1384082596761	,2.378325
1384082596763	,2.232779
1384082596767	,3.24664
1384082596770	,3.090092
1384082596774	,3.661712
1384082596777	,3.4862409
1384082596780	,2.997854
1384082596783	,3.033436
1384082596786	,3.10784
1384082596791	,4.173102
1384082596794	,3.210208
1384082596797	,2.835756
1384082596800	,3.250651
1384082596805	,4.8470087
1384082596809	,3.990398
1384082596814	,4.532542
1384082596816	,2.579566
1384082596819	,2.385333
1384082596822	,2.632214
1384082596825	,3.0998058
1384082596828	,3.663128
1384082596832	,3.035178
1384082596837	,5.1067443
1384082596841	,3.947088
1384082596845	,4.3140707
1384082596848	,2.4140658
1384082596850	,2.634302
1384082596853	,3.0581388
1384082596857	,3.14864
1384082596860	,3.049577
1384082596863	,2.764413
1384082596866	,2.877064
1384082596869	,2.923636
1384082596871	,2.8349462
1384082596875	,3.144474
1384082596878	,2.9149141
1384082596881	,3.005239
1384082596883	,2.4843888
1384082596886	,2.7756722
1384082596889	,2.7167299
1384082596892	,2.840809
1384082596895	,2.991324
1384082596898	,2.689051
1384082596901	,2.854743
1384082596906	,4.9152317
1384082596909	,3.723441
1384082596913	,3.2609699
1384082596916	,3.038471
1384082596919	,3.355643
1384082596922	,2.5572329
1384082596926	,4.277546
1384082596929	,2.46017
1384082596932	,3.140696
1384082596935	,3.0021832
1384082596938	,3.116082
1384082596942	,3.327079
1384082596944	,2.8954132
1384082596948	,3.098358
1384082596954	,6.1972823
1384082596958	,3.652038
1384082596961	,3.693864
1384082596964	,2.511056
1384082596967	,2.5668292
1384082596970	,2.879312
1384082596972	,2.681659
1384082596975	,3.10031
1384082596978	,2.5186722
1384082596993	,15.315711
1384082596999	,5.5783043
1384082597002	,2.734559
1384082597005	,3.508401
1384082597008	,2.53603
1384082597010	,2.504506
1384082597013	,2.845449
1384082597016	,2.630769
1384082597018	,2.116108
1384082597020	,2.1423378
1384082597023	,2.308865
1384082597025	,2.1145802
1384082597028	,2.926363
1384082597030	,2.11219
1384082597032	,2.054186
1384082597035	,2.486917
1384082597040	,5.2259007
1384082597045	,4.797475
1384082597051	,6.047356
1384082597054	,2.891543
1384082597057	,2.903719
1384082597060	,3.186876
1384082597063	,2.541859
1384082597065	,2.4906259
1384082597067	,2.231694
1384082597070	,2.483592
1384082597072	,2.302628
1384082597076	,3.8326669
1384082597079	,3.048039
1384082597083	,4.013741
1384082597087	,3.234063
1384082597089	,2.6983168
1384082597092	,2.612514
1384082597095	,3.028915
1384082597098	,2.603037
1384082597101	,2.7660549
1384082597103	,2.869644
1384082597106	,2.475099
1384082597109	,2.584763
1384082597111	,2.364192
1384082597114	,3.410386
1384082597117	,2.577817
1384082597120	,2.456059
1384082597122	,2.6987848
1384082597125	,2.31442
1384082597128	,2.735351
1384082597130	,2.23206
1384082597132	,2.3650858
1384082597135	,2.942828
1384082597139	,3.699893
1384082597141	,2.483217
1384082597144	,2.903687
1384082597149	,4.419535
1384082597154	,4.883208
1384082597157	,2.84924
1384082597160	,3.3173192
1384082597164	,3.9800339
1384082597167	,2.425044
1384082597169	,2.392028
1384082597171	,2.4214098
1384082597174	,2.870644
1384082597177	,3.006531
1384082597180	,2.381397
1384082597184	,3.773128
1384082597186	,2.624698
1384082597189	,2.515397
1384082597192	,2.540619
1384082597194	,2.577976
1384082597199	,4.522681
1384082597203	,3.713806
1384082597205	,2.682992
1384082597208	,2.6923602
1384082597214	,5.44558
1384082597219	,5.117826
1384082597222	,3.216561
1384082597225	,2.7328491
1384082597227	,2.6198559
1384082597230	,2.5096688
1384082597233	,2.85433
1384082597236	,2.899616
1384082597239	,2.540563
1384082597241	,2.712357
1384082597244	,3.099949
1384082597248	,3.377763
1384082597251	,3.033207
1384082597258	,7.023979
1384082597262	,3.9900482
1384082597265	,2.7078521
1384082597267	,2.458069
1384082597270	,2.6131961
1384082597273	,2.5182939
1384082597275	,2.7443688
1384082597279	,3.72366
1384082597282	,2.6940992
1384082597285	,3.4031508
1384082597288	,2.891213
1384082597291	,2.932323
1384082597295	,3.092347
1384082597299	,3.9933932
1384082597301	,2.695452
1384082597304	,2.901736
1384082597307	,2.94717
1384082597311	,3.687733
1384082597314	,2.499412
1384082597316	,2.506196
1384082597319	,3.043987
1384082597322	,3.03241
1384082597326	,3.08833
1384082597329	,3.522687
1384082597332	,3.3152971
1384082597335	,2.253676
1384082597337	,2.477578
1384082597340	,2.999298
1384082597343	,2.627523
1384082597347	,3.932799
1384082597350	,3.23394
1384082597354	,3.514557
1384082597357	,3.071899
1384082597362	,4.921606
1384082597365	,2.786269
1384082597372	,7.039309
1384082597375	,2.97351
1384082597378	,2.41374
1384082597380	,2.689306
1384082597383	,2.6290991
1384082597388	,5.166376
1384082597392	,3.6722739
1384082597395	,3.050859
1384082597398	,3.0681741
1384082597401	,2.844472
1384082597404	,2.4270692
1384082597411	,7.4965677
1384082597415	,3.720101
1384082597418	,2.768425
1384082597423	,4.859191
1384082597426	,3.441063
1384082597429	,2.778334
1384082597432	,2.656249
1384082597435	,2.782216
1384082597438	,3.168315
1384082597441	,3.023033
1384082597444	,3.0329852
1384082597447	,3.065454
1384082597450	,3.244126
1384082597453	,2.4864361
1384082597457	,3.818286
1384082597461	,3.62265
1384082597467	,6.0194187
1384082597471	,4.48304
1384082597474	,2.6533492
1384082597476	,2.3488688
1384082597479	,2.8944771
1384082597482	,3.128336
1384082597485	,2.620726
1384082597488	,3.150443
1384082597491	,2.571383
1384082597494	,3.06181
1384082597497	,2.810385
1384082597500	,2.916944
1384082597503	,3.0220568
1384082597506	,2.599987
1384082597509	,2.732333
1384082597512	,3.271324
1384082597515	,3.092929
1384082597519	,3.709651
1384082597522	,3.382511
1384082597525	,2.909614
1384082597529	,3.433469
1384082597531	,2.4548788
1384082597535	,3.672659
1384082597538	,3.196115
1384082597541	,2.94649
1384082597544	,2.811815
1384082597548	,3.377342
1384082597550	,2.560214
1384082597553	,3.0261111
1384082597556	,2.463327
1384082597559	,2.742538
1384082597562	,3.529526
1384082597565	,3.257408
1384082597568	,2.479893
1384082597571	,3.107021
1384082597575	,3.8155358
1384082597578	,2.787567
1384082597581	,2.655521
1384082597583	,2.735152
1384082597587	,3.3072739
1384082597590	,3.088064
1384082597593	,3.056787
1384082597596	,3.171625
1384082597599	,2.663321
1384082597602	,2.615515
1384082597604	,2.6074939
1384082597607	,2.634328
1384082597611	,3.8855472
1384082597614	,3.2335281
1384082597618	,3.19553
1384082597620	,2.502489
1384082597624	,3.4953659
1384082597627	,3.536832
1384082597630	,2.8855371
1384082597633	,2.64023
1384082597635	,2.262421
1384082597638	,2.499777
1384082597640	,2.4922009
1384082597644	,3.659098
1384082597647	,2.7617872
1384082597650	,2.563131
1384082597652	,2.500314
1384082597656	,3.368133
1384082597659	,3.032358
1384082597661	,2.7499928
1384082597664	,2.371796
1384082597669	,5.077433
1384082597676	,6.898983
1384082597681	,5.210388
1384082597686	,4.608236
1384082597690	,3.449089
1384082597692	,2.3763368
1384082597695	,2.703105
1384082597698	,3.416481
1384082597702	,3.7796369
1384082597704	,2.400055
1384082597707	,2.294854
1384082597710	,2.831555
1384082597713	,2.757442
1384082597716	,3.4088678
1384082597719	,3.1830769
1384082597722	,2.832187
1384082597725	,2.446687
1384082597728	,3.4712381
1384082597732	,4.107963
1384082597735	,2.6041732
1384082597738	,2.866114
1384082597741	,3.055665
1384082597744	,2.969094
1384082597747	,2.892291
1384082597751	,3.580552
1384082597754	,2.9926598
1384082597757	,2.80174
1384082597760	,2.8758621
1384082597763	,3.025791
1384082597767	,4.680458
1384082597771	,3.044848
1384082597775	,4.624433
1384082597778	,2.925901
1384082597781	,2.981526
1384082597785	,3.816238
1384082597789	,4.0466433
1384082597792	,2.609941
1384082597797	,5.15493
1384082597800	,2.715734
1384082597803	,2.859294
1384082597806	,2.774851
1384082597808	,2.281379
1384082597811	,2.9444861
1384082597814	,2.861038
1384082597817	,2.99114
1384082597820	,3.2651222
1384082597824	,3.8346121
1384082597828	,4.095376
1384082597832	,3.870055
1384082597836	,3.3775458
1384082597838	,2.651645
1384082597841	,2.312266
1384082597844	,3.416498
1384082597847	,3.1116621
1384082597850	,2.769751
1384082597853	,2.539171
1384082597856	,2.701535
1384082597858	,2.584121
1384082597861	,2.4631941
1384082597863	,2.2117639
1384082597866	,2.568734
1384082597868	,2.516304
1384082597871	,2.7178712
1384082597874	,2.746761
1384082597877	,2.961223
1384082597883	,5.8455677
1384082597891	,8.151626
1384082597893	,2.363074
1384082597896	,2.569929
1384082597899	,2.6857672
1384082597902	,2.922612
1384082597905	,3.275065
1384082597908	,2.890185
1384082597911	,3.1197119
1384082597914	,2.887164
1384082597918	,4.201626
1384082597921	,2.916995
1384082597924	,2.65308
1384082597927	,2.629607
1384082597930	,2.751017
1384082597933	,3.676594
1384082597936	,2.893015
1384082597940	,3.683596
1384082597942	,2.267117
1384082597945	,2.579994
1384082597948	,2.742251
1384082597950	,2.5145879
1384082597954	,3.408334
1384082597957	,2.796911
1384082597959	,2.3137228
1384082597963	,3.624762
1384082597966	,3.501321
1384082597971	,4.6649723
1384082597973	,2.344255
1384082597977	,3.271993
1384082597981	,4.1006203
1384082597984	,2.884605
1384082597987	,2.9186761
1384082597991	,3.741841
1384082597995	,3.733745
1384082597998	,3.055228
1384082598000	,2.7855382
1384082598004	,3.908483
1384082598009	,4.3878217
1384082598013	,3.661693
1384082598016	,3.2329009
1384082598019	,2.918225
1384082598022	,3.3823268
1384082598027	,4.123035
1384082598035	,8.0632715
1384082598038	,2.745939
1384082598041	,3.87396
1384082598044	,2.6292338
1384082598047	,2.782768
1384082598050	,3.052391
1384082598053	,2.983523
1384082598056	,3.30006
1384082598059	,2.500798
1384082598062	,3.078958
1384082598065	,3.181326
1384082598068	,2.866597
1384082598071	,2.679363
1384082598075	,3.496886
1384082598079	,4.797122
1384082598082	,2.871459
1384082598085	,2.6992152
1384082598089	,3.7508411
1384082598094	,5.319794
1384082598102	,7.127039
1384082598104	,2.6914551
1384082598108	,3.114785
1384082598110	,2.704538
1384082598114	,3.165059
1384082598116	,2.881044
1384082598120	,3.216815
1384082598122	,2.637961
1384082598125	,2.807626
1384082598128	,2.825721
1384082598131	,2.5939379
1384082598134	,2.908886
1384082598138	,4.284233
1384082598143	,4.906766
1384082598147	,3.280318
1384082598150	,3.604048
1384082598153	,2.890268
1384082598157	,3.6507242
1384082598160	,2.907585
1384082598163	,2.685446
1384082598165	,2.723988
1384082598168	,2.965201
1384082598172	,4.040697
1384082598175	,2.660113
1384082598179	,3.3390691
1384082598181	,2.7304542
1384082598184	,2.651181
1384082598187	,2.8037338
1384082598190	,2.8584008
1384082598193	,3.333967
1384082598197	,4.1762576
1384082598202	,4.403076
1384082598206	,3.56961
1384082598209	,2.991107
1384082598212	,3.033042
1384082598215	,3.392511
1384082598219	,3.4391818
1384082598222	,3.233003
1384082598225	,2.644751
1384082598227	,2.565191
1384082598230	,2.7765071
1384082598234	,3.5575259
1384082598239	,5.382357
1384082598242	,2.636063
1384082598245	,3.154209
1384082598248	,3.052814
1384082598251	,2.726094
1384082598253	,2.44997
1384082598257	,3.243819
1384082598260	,2.738148
1384082598262	,2.741059
1384082598265	,2.29003
1384082598268	,3.000672
1384082598271	,3.094452
1384082598274	,2.691695
1384082598276	,2.586833
1384082598279	,2.531535
1384082598283	,3.506262
1384082598285	,2.6654332
1384082598288	,2.8978431
1384082598291	,2.7941608
1384082598297	,5.696417
1384082598303	,6.21586
1384082598312	,9.015593
1384082598319	,6.7543426
1384082598324	,5.0519743
1384082598327	,2.846583
1384082598330	,2.627337
1384082598332	,2.249195
1384082598335	,2.634291
1384082598338	,2.817492
1384082598341	,2.902914
1384082598344	,3.202248
1384082598347	,3.146881
1384082598350	,2.644521
1384082598352	,2.723956
1384082598355	,2.442499
1384082598361	,5.505485
1384082598364	,3.3354251
1384082598367	,3.100047
1384082598370	,2.521572
1384082598373	,2.798681
1384082598376	,3.7755501
1384082598380	,3.634988
1384082598383	,2.5307949
1384082598385	,2.675297
1384082598388	,2.542574
1384082598391	,2.462677
1384082598393	,2.7277281
1384082598396	,2.7717028
1384082598400	,3.832246
1384082598403	,2.760721
1384082598407	,4.2968187
1384082598410	,2.5148358
1384082598414	,4.180179
1384082598418	,3.3858478
1384082598421	,3.532912
1384082598424	,2.905657
1384082598427	,2.674415
1384082598430	,2.587523
1384082598433	,2.9852548
1384082598435	,2.5046809
1384082598437	,2.289309
1384082598440	,2.632414
1384082598445	,4.80994
1384082598451	,5.81664
1384082598454	,3.001688
1384082598457	,2.636411
1384082598459	,2.602666
1384082598463	,3.189454
1384082598465	,2.776915
1384082598468	,2.31546
1384082598471	,3.222392
1384082598475	,3.435312
1384082598477	,2.687766
1384082598480	,2.5855162
1384082598483	,2.626816
1384082598486	,2.835184
1384082598488	,2.832439
1384082598492	,3.333587
1384082598495	,2.742798
1384082598498	,3.116354
1384082598501	,3.487853
1384082598506	,4.695002
1384082598509	,2.383462
1384082598512	,3.4675071
1384082598518	,6.224263
1384082598523	,4.8796067
1384082598527	,3.627356
1384082598530	,2.532841
1384082598532	,2.5494242
1384082598535	,2.3650172
1384082598537	,2.672559
1384082598540	,2.994041
1384082598544	,3.1983879
1384082598547	,2.8485372
1384082598549	,2.599324
1384082598552	,2.797937
1384082598555	,2.9748359
1384082598557	,2.284881
1384082598560	,2.516824
1384082598566	,6.1928177
1384082598569	,2.924959
1384082598572	,2.395566
1384082598574	,2.124478
1384082598577	,3.378731
1384082598585	,7.4001336
1384082598588	,3.064741
1384082598590	,2.373812
1384082598593	,2.7760339
1384082598596	,3.06251
1384082598599	,2.695283
1384082598602	,2.979265
1384082598605	,2.3556669
1384082598608	,3.5738149
1384082598611	,3.054751
1384082598616	,5.003798
1384082598620	,3.7304542
1384082598628	,7.656165
1384082598631	,2.594234
1384082598633	,2.756326
1384082598636	,2.939415
1384082598639	,2.809128
1384082598642	,2.6579409
1384082598645	,3.156392
1384082598648	,2.718014
1384082598653	,4.523044
1384082598655	,2.580293
1384082598659	,3.303273
1384082598661	,2.86033
1384082598664	,2.2641509
1384082598666	,2.273617
1384082598669	,2.3962748
1384082598672	,2.9152539
1384082598674	,2.8225849
1384082598677	,2.34213
1384082598680	,2.6476588
1384082598682	,2.7158039
1384082598685	,2.5496411
1384082598689	,4.193895
1384082598692	,2.522999
1384082598694	,2.4968
1384082598697	,2.574635
1384082598700	,2.962554
1384082598704	,3.474163
1384082598707	,3.3659198
1384082598711	,4.003249
1384082598714	,2.623993
1384082598717	,2.929518
1384082598720	,2.769688
1384082598723	,3.599216
1384082598733	,9.531831
1384082598736	,3.506386
1384082598739	,2.3610568
1384082598741	,2.43609
1384082598744	,2.802185
1384082598747	,2.4573321
1384082598750	,3.103862
1384082598753	,3.281483
1384082598756	,2.6559641
1384082598759	,2.968343
1384082598763	,4.042968
1384082598767	,4.050282
1384082598772	,4.3968663
1384082598774	,2.2646708
1384082598776	,2.414288
1384082598779	,2.6117911
1384082598782	,2.6968741
1384082598785	,3.189415
1384082598788	,2.962801
1384082598790	,2.340595
1384082598793	,2.5402129
1384082598796	,2.431572
1384082598799	,2.87428
1384082598801	,2.536161
1384082598804	,2.931497
1384082598807	,2.681999
1384082598810	,3.5289772
1384082598815	,4.276086
1384082598818	,2.752417
1384082598823	,5.556084
1384082598827	,3.684856
1384082598830	,3.050216
1384082598833	,2.58904
1384082598835	,2.609879
1384082598838	,2.712433
1384082598841	,2.5816622
1384082598843	,2.595474
1384082598846	,2.543311
1384082598849	,2.659884
1384082598851	,2.386041
1384082598854	,3.127845
1384082598857	,2.619924
1384082598861	,3.9471412
1384082598865	,3.554149
1384082598868	,2.720581
1384082598870	,2.362694
1384082598873	,2.938544
1384082598876	,2.743362
1384082598878	,2.2526999
1384082598881	,2.5632849
1384082598884	,3.037314
1384082598887	,2.913159
1384082598889	,2.451332
1384082598892	,2.568864
1384082598895	,2.945981
1384082598898	,2.849415
1384082598900	,2.377144
1384082598903	,2.631335
1384082598906	,3.001324
1384082598910	,3.608399
1384082598915	,5.6569333
1384082598918	,2.6953979
1384082598922	,3.502512
1384082598925	,3.56438
1384082598930	,4.9218016
1384082598940	,9.567664
1384082598946	,5.754061
1384082598951	,4.695875
1384082598953	,2.709408
1384082598956	,2.482533
1384082598959	,2.870131
1384082598962	,3.013593
1384082598966	,4.007925
1384082598968	,2.089387
1384082598973	,4.423146
1384082598976	,3.399138
1384082598979	,2.5943449
1384082598981	,2.6596508
1384082598984	,2.521771
1384082598987	,3.322174
1384082598991	,3.907542
1384082598995	,3.659044
1384082598998	,2.560375
1384082599000	,2.39956
1384082599003	,2.607095
1384082599006	,2.85523
1384082599008	,2.4979
1384082599011	,2.728652
1384082599014	,2.544812
1384082599017	,3.003269
1384082599021	,4.3526
1384082599026	,4.441356
1384082599030	,4.4236403
1384082599035	,4.5101957
1384082599038	,3.0660338
1384082599041	,2.6483169
1384082599043	,2.4097848
1384082599046	,2.714914
1384082599049	,3.2088468
1384082599052	,2.684214
1384082599055	,2.683096
1384082599057	,2.763446
1384082599060	,2.9271321
1384082599064	,3.199415
1384082599068	,4.6882567
1384082599073	,4.1953683
1384082599076	,3.241739
1384082599079	,3.214897
1384082599082	,2.599835
1384082599085	,3.014304
1384082599088	,3.022776
1384082599091	,2.980628
1384082599094	,2.955465
1384082599097	,2.944427
1384082599100	,2.931299
1384082599103	,3.315601
1384082599106	,2.8163378
1384082599109	,3.117399
1384082599113	,3.087555
1384082599115	,2.7985768
1384082599118	,2.737074
1384082599121	,2.68322
1384082599124	,2.613532
1384082599127	,2.891114
1384082599129	,2.691225
1384082599132	,2.9865072
1384082599135	,2.8628712
1384082599139	,3.265648
1384082599142	,3.309292
1384082599150	,8.214395
1384082599153	,2.403962
1384082599156	,3.0061002
1384082599158	,2.194211
1384082599161	,2.915668
1384082599164	,2.4100192
1384082599166	,2.331843
1384082599169	,3.0993888
1384082599171	,2.1527662
1384082599174	,2.3194718
1384082599178	,4.079675
1384082599180	,2.327128
1384082599183	,2.582621
1384082599186	,2.607034
1384082599188	,2.348055
1384082599192	,4.126418
1384082599197	,4.32946
1384082599200	,3.0155559
1384082599202	,2.573469
1384082599205	,2.487078
1384082599207	,2.444156
1384082599210	,2.851645
1384082599213	,2.7730682
1384082599216	,2.650338
1384082599222	,5.7576528
1384082599225	,3.097748
1384082599228	,3.162111
1384082599231	,3.440729
1384082599235	,3.638501
1384082599243	,7.654867
1384082599246	,2.7954462
1384082599249	,3.218054
1384082599255	,6.1203923
1384082599258	,2.414562
1384082599261	,2.7907782
1384082599263	,2.297245
1384082599266	,2.72459
1384082599269	,3.497315
1384082599275	,5.278947
1384082599278	,3.1422682
1384082599281	,3.0282872
1384082599284	,2.9331222
1384082599287	,2.909824
1384082599290	,2.521591
1384082599292	,2.484172
1384082599295	,2.6053522
1384082599297	,2.669625
1384082599301	,3.296233
1384082599304	,3.181761
1384082599307	,2.702595
1384082599310	,2.717886
1384082599314	,4.7788577
1384082599318	,3.761044
1384082599321	,2.932636
1384082599325	,3.386118
1384082599328	,3.000012
1384082599330	,2.433113
1384082599333	,2.585906
1384082599336	,2.675001
1384082599339	,2.977579
1384082599342	,2.9058092
1384082599345	,2.834378
1384082599348	,3.529851
1384082599355	,7.04161
1384082599361	,5.56767
1384082599363	,2.191494
1384082599365	,2.158983
1384082599368	,2.475897
1384082599371	,2.9036179
1384082599374	,2.628278
1384082599378	,3.876351
1384082599383	,5.1329846
1384082599386	,3.5980248
1384082599389	,2.745552
1384082599392	,2.526281
1384082599394	,2.576824
1384082599397	,2.9439628
1384082599400	,2.799638
1384082599403	,3.04801
1384082599406	,2.701452
1384082599409	,2.912274
1384082599412	,3.068002
1384082599415	,2.6512911
1384082599418	,2.753325
1384082599421	,3.046953
1384082599425	,3.701324
1384082599428	,3.112852
1384082599431	,3.1618521
1384082599435	,3.972772
1384082599438	,3.312252
1384082599442	,3.1705172
1384082599448	,6.016635
1384082599451	,3.371467
1384082599454	,2.637725
1384082599457	,2.7135239
1384082599459	,2.2578979
1384082599462	,2.58274
1384082599464	,2.36926
1384082599467	,2.8508449
1384082599469	,2.451121
1384082599472	,2.624748
1384082599475	,3.125385
1384082599478	,3.019414
1384082599482	,3.041413
1384082599485	,3.8827639
1384082599489	,3.6784022
1384082599492	,2.6642241
1384082599495	,2.8385491
1384082599498	,2.91222
1384082599501	,3.229711
1384082599505	,3.6528559
1384082599508	,2.8150601
1384082599512	,3.8737252
1384082599514	,2.5842009
1384082599517	,2.939067
1384082599521	,3.454636
1384082599524	,2.634296
1384082599526	,2.833763
1384082599529	,2.924505
1384082599533	,3.225554
1384082599536	,3.570103
1384082599539	,3.008077
1384082599545	,5.953732
1384082599548	,2.697362
1384082599551	,2.50129
1384082599553	,2.512788
1384082599557	,3.301813
1384082599562	,4.887796
1384082599568	,6.534487
1384082599572	,3.292191
1384082599575	,3.269426
1384082599579	,4.195673
1384082599583	,3.4383368
1384082599585	,2.776539
1384082599588	,2.412783
1384082599592	,4.286602
1384082599597	,4.319151
1384082599599	,2.601663
1384082599602	,2.771176
1384082599606	,3.539664
1384082599609	,2.792967
1384082599611	,2.767346
1384082599614	,2.9235592
1384082599617	,2.5716689
1384082599620	,2.62379
1384082599623	,2.836246
1384082599626	,3.478574
1384082599629	,2.859029
1384082599632	,2.900114
1384082599636	,3.6123369
1384082599639	,3.176268
1384082599642	,2.774479
1384082599645	,2.804197
1384082599648	,3.631021
1384082599652	,3.1367671
1384082599656	,4.722484
1384082599659	,2.969399
1384082599662	,2.455126
1384082599664	,2.492939
1384082599667	,2.57328
1384082599670	,2.819364
1384082599673	,2.613399
1384082599675	,2.700429
1384082599678	,3.012177
1384082599681	,2.830826
1384082599685	,3.38437
1384082599688	,3.3844671
1384082599695	,6.7617807
1384082599699	,3.948428
1384082599702	,2.8128722
1384082599705	,2.808497
1384082599707	,2.113603
1384082599709	,2.408388
1384082599712	,2.31556
1384082599714	,2.393442
1384082599717	,2.822667
1384082599720	,2.769573
1384082599723	,3.3041809
1384082599727	,4.1805887
1384082599730	,2.71106
1384082599733	,2.415332
1384082599737	,4.097633
1384082599740	,2.93552
1384082599744	,4.525934
1384082599748	,3.9845
1384082599752	,3.091747
1384082599754	,2.696189
1384082599757	,2.512892
1384082599760	,2.708514
1384082599763	,2.9291599
1384082599766	,2.9027019
1384082599769	,3.4752352
1384082599773	,3.7768059
1384082599777	,3.9149709
1384082599781	,3.938324
1384082599784	,2.952596
1384082599788	,3.7787008
1384082599791	,2.865863
1384082599793	,2.584412
1384082599796	,2.419942
1384082599799	,3.057107
1384082599802	,2.844219
1384082599805	,2.9686809
1384082599807	,2.319566
1384082599810	,2.515035
1384082599813	,3.041352
1384082599818	,5.237599
1384082599821	,2.4636202
1384082599823	,2.4014418
1384082599826	,2.373396
1384082599829	,2.7094991
1384082599831	,2.156985
1384082599834	,2.781322
1384082599837	,2.878799
1384082599843	,6.256637
1384082599847	,3.542471
1384082599850	,3.09671
1384082599854	,4.075917
1384082599857	,2.8989599
1384082599860	,3.261859
1384082599864	,3.7355769
1384082599867	,3.075249
1384082599872	,4.864957
1384082599875	,2.7551389
1384082599877	,2.514934
1384082599880	,2.579257
1384082599883	,2.557092
1384082599885	,2.377885
1384082599888	,2.97242
1384082599891	,2.8620858
1384082599893	,2.397381
1384082599897	,3.117486
1384082599901	,3.9665658
1384082599905	,4.570685
1384082599908	,2.858956
1384082599911	,3.154981
1384082599915	,3.421617
1384082599918	,3.012022
1384082599921	,3.245895
1384082599924	,2.672857
1384082599927	,3.292414
1384082599930	,2.800436
1384082599933	,2.8371642
1384082599936	,2.4574828
1384082599939	,3.0055401
1384082599943	,4.443092
1384082599946	,2.68449
1384082599949	,2.669519
1384082599951	,2.616502
1384082599955	,3.273087
1384082599958	,3.5051
1384082599961	,2.4800549
1384082599964	,2.882994
1384082599967	,2.760976
1384082599969	,2.7582161
