32,31.971
63,30.702
94,30.555
125,31.016
156,30.726
187,30.844
218,31.005
249,30.803
280,30.877
311,30.855
341,30.743
372,30.968
403,30.639
434,30.891
465,30.597
495,30.57
527,30.998
558,31.338
589,30.974
620,31.142
652,31.329
683,31.129
714,30.789
745,30.96
778,33.27
811,33.128
842,30.819
873,30.812
904,30.833
935,30.831
966,31.007
997,30.919
1028,31.164
1060,31.02
1091,31.145
1122,30.997
1153,30.894
1184,30.987
1215,30.723
1246,31.064
1277,30.858
1308,30.7
1340,32.072
1371,30.982
1402,31.284
1435,32.33
1466,31.254
1497,30.881
1528,30.776
1559,31.29
1590,30.978
1622,31.453
1653,31.298
1684,31.074
1715,31.022
1746,30.302
1777,31.248
1808,30.734
1839,30.646
1869,30.58
1900,30.725
1931,31.139
1962,30.855
1993,30.895
2024,30.735
2055,30.936
2086,30.887
2117,30.739
2148,30.803
2179,30.908
2210,30.719
2241,30.838
2271,30.697
2302,30.607
2333,30.82
2364,30.803
2395,30.918
2426,30.765
2457,30.91
2488,30.694
2519,31.108
2550,30.805
2581,30.756
2612,31.121
2643,31.032
2674,30.658
2704,30.54
2740,35.931
2771,30.722
2802,30.678
2833,30.966
2864,31.37
2899,34.526
2930,30.569
2961,30.824
2992,30.966
3023,31.152
3054,30.968
3085,31.084
3116,30.782
3147,30.891
3178,30.92
3209,31.254
3240,30.823
3271,30.705
3302,30.613
3333,30.991
3364,30.909
3395,30.876
3426,30.59
3456,30.695
3487,30.551
3518,30.711
3548,30.546
3579,30.788
3611,31.258
3642,30.782
3672,30.707
3703,30.713
3734,30.69
3765,30.905
3796,30.525
3827,31.063
3858,30.814
3889,30.839
3920,30.954
3951,30.843
3981,30.487
4012,30.477
4043,30.772
4074,30.948
4104,30.489
4135,30.621
4166,30.892
4197,30.778
4230,32.737
4260,30.854
4291,30.873
4322,30.867
4353,30.509
4384,30.831
4415,30.872
4446,30.701
4477,30.876
4509,31.804
4540,30.843
4571,30.711
4602,30.412
4632,30.344
4663,30.499
4693,30.488
4724,30.514
4754,30.417
4785,30.49
4816,30.598
4847,30.926
4878,31.236
4909,30.816
4943,34.215
4974,30.607
5005,30.931
5036,30.589
5066,30.61
5097,30.596
5128,30.518
5160,32.553
5193,32.611
5225,31.707
5259,34.02
5290,30.634
5320,30.434
5351,30.217
5383,32.809
5414,30.506
5445,30.392
5475,30.42
5506,31.33
5538,31.641
5571,32.61
5601,30.449
5632,30.316
5664,32.145
5695,30.422
5725,30.333
5755,30.206
5786,30.757
5817,30.68
5848,30.658
5878,30.524
5911,32.082
5941,30.555
5972,30.389
6002,30.351
6033,30.413
6063,30.459
6094,30.458
6124,30.15
6155,30.355
6185,30.548
6216,30.574
6247,30.54
6277,30.604
6308,30.674
6338,30.34
6369,30.374
6399,30.411
6430,30.597
6461,30.6
6492,30.704
6522,30.303
6553,30.356
6583,30.775
6614,30.758
6645,30.907
6676,31.081
6707,30.772
6738,30.418
6769,30.671
6799,30.393
6830,30.694
6860,30.313
6891,30.626
6925,34.091
6955,30.09
6986,30.46
7018,32.189
7050,31.925
7081,30.695
7115,34.391
7146,30.304
7176,30.23
7207,30.709
7238,30.664
7268,30.513
7299,30.468
7329,30.506
7360,30.365
7391,30.579
7421,30.578
7452,30.511
7482,30.412
7515,32.447
7545,30.424
7576,30.635
7607,30.81
7638,30.865
7669,30.662
7700,31.04
7732,31.521
7763,30.983
7794,31.477
7825,31.196
7856,30.543
7887,31.007
7919,31.393
7950,31.094
7982,31.571
8013,30.884
8044,31.376
8075,30.868
8107,31.435
8138,31.311
8169,30.506
8200,31.069
8231,30.876
8262,30.752
8292,30.301
8323,30.998
8354,30.524
8385,30.795
8415,30.514
8446,30.686
8477,30.781
8508,31.138
8539,30.936
8570,30.338
8600,30.464
8632,31.865
8663,30.222
8693,30.855
8724,30.597
8755,30.708
8787,31.41
8817,30.554
8848,30.939
8878,30.317
8910,31.327
8942,31.628
8973,31.381
9004,30.624
9035,31.264
9066,30.744
9101,35.641
9132,30.425
9162,30.122
9192,30.092
9225,32.803
9255,30.196
9285,30.114
9316,30.087
9346,29.966
9376,30.075
9406,30.474
9437,30.621
9468,30.656
9498,30.469
9529,30.686
9559,30.432
9590,30.606
9621,30.37
9652,31.353
9683,30.427
9713,30.453
9744,30.386
9774,30.554
9805,30.551
9835,30.575
9866,30.38
9896,30.419
9927,30.671
9958,30.719
9989,31.282
10020,31.016
10051,30.679
10083,31.393
10114,30.892
10145,31.588
10176,30.704
10208,31.629
10238,30.653
10269,30.749
10300,31.044
10331,30.837
10362,30.672
10393,30.644
10424,30.67
10454,30.828
10488,33.02
10520,32.593
10551,31.092
10582,30.36
10614,31.66
10644,30.603
10675,30.705
10706,30.453
10736,30.36
10767,30.418
10797,30.318
10827,30.39
10858,30.344
10888,30.315
10919,30.585
10950,30.719
10980,30.709
11011,30.818
11043,31.939
11076,32.23
11107,30.866
11143,36.056
11174,30.827
11205,31.209
11236,30.939
11267,30.91
11298,30.827
11329,30.78
11359,30.566
11390,30.721
11421,30.675
11451,30.456
11482,30.647
11514,31.351
11544,30.758
11576,31.623
11607,31.151
11639,31.552
11671,31.611
11702,30.906
11734,31.876
11766,31.883
11796,30.478
11827,30.449
11857,30.468
11888,30.513
11918,30.514
11949,30.564
11979,30.281
12010,30.275
12040,30.659
12071,30.167
12101,30.159
12132,30.466
12162,30.35
12192,30.301
12223,30.446
12253,30.375
12284,30.232
12314,30.24
12344,30.279
12375,31.032
12406,30.351
12436,30.465
12467,30.417
12497,30.371
12528,30.49
12558,30.257
12590,31.328
12628,38.11
12659,31.274
12690,30.667
12721,30.55
12751,30.652
12782,30.434
12812,30.618
12843,30.407
12874,31.406
12906,31.255
12937,31.632
12968,30.628
13000,31.218
13030,30.616
13062,31.442
13092,30.492
13124,31.452
13154,30.479
13186,31.71
13217,30.464
13247,30.325
13279,31.679
13310,30.606
13341,31.325
13372,31.263
13404,31.626
13435,30.403
13465,30.472
13497,31.376
13527,30.73
13558,30.723
13589,30.359
13621,31.832
13651,30.58
13682,30.585
13713,31.075
13744,30.744
13775,31.194
13806,30.533
13837,30.803
13867,30.335
13898,30.964
13929,30.933
13960,30.644
13991,30.471
14022,30.859
14053,30.804
14084,31.656
14115,30.533
14145,30.43
14176,30.481
14207,30.804
14239,30.794
14270,30.785
14300,30.369
14331,30.514
14362,30.638
14392,30.252
14422,30.512
14453,30.434
14483,30.357
14516,32.147
14547,31.758
14578,30.512
14611,32.55
14641,30.269
14672,31.184
14703,30.533
14734,30.494
14764,30.033
14794,30.191
14824,30.21
14854,30.086
14884,30.091
14915,29.998
14945,30.623
14976,30.41
15006,30.192
15036,30.308
15067,30.487
15097,30.296
15128,30.239
15158,30.21
15188,30.13
15219,30.566
15249,30.354
15280,30.41
15312,32.362
15343,30.478
15373,30.617
15404,30.569
15435,30.455
15465,30.567
15496,30.424
15527,30.65
15559,32.427
15590,30.72
15620,30.309
15651,30.529
15681,30.309
15714,32.474
15744,30.438
15776,31.924
15807,30.508
15839,32.244
15872,32.317
15903,31.482
15937,33.357
15968,30.704
15999,30.996
16033,34.243
16066,33.392
16097,30.599
16130,32.732
16162,31.681
16192,30.592
16223,30.479
16253,30.326
16286,32.351
16316,30.557
16347,30.476
16379,32.17
16414,34.489
16444,30.492
16475,30.478
16505,30.316
16536,30.404
16566,29.921
16596,30.227
16627,30.489
16658,30.618
16688,30.483
16719,30.433
16749,30.466
16781,31.692
16812,30.552
16842,30.424
16874,31.502
16904,30.678
16935,30.613
16966,30.311
16996,30.33
17028,31.519
17058,30.589
17089,30.427
17120,30.514
17150,30.37
17180,30.3
17211,30.662
17242,31.261
17273,30.667
17305,32.02
17337,31.622
17370,32.706
17402,31.628
17432,30.777
17463,30.468
17494,30.678
17524,30.493
17555,30.342
17585,30.225
17615,30.184
17648,32.22
17679,31.637
17712,32.105
17743,31.462
17775,31.508
17807,32.15
17839,31.896
17873,34.08
17905,31.892
17936,31.307
17969,32.563
18001,31.494
18033,31.839
18064,31.44
18096,31.521
18127,31.077
18160,32.399
18191,31.6
18223,31.814
18256,32.425
18287,31.103
18317,30.311
18348,30.47
18378,30.362
18409,31.075
18440,30.974
18471,30.089
18502,31.51
18533,30.278
18563,30.454
18594,30.337
18624,30.094
18655,30.87
18686,31.069
18716,30.193
18747,31.046
18778,30.84
18809,30.469
18839,30.592
18870,30.225
18901,30.715
18931,30.282
18961,30.29
18992,30.262
19022,30.247
19052,29.465
19081,29.131
19111,29.665
19140,29.243
19170,30.293
19200,29.772
19230,29.532
19261,31.296
19291,29.55
19320,29.281
19350,29.823
19382,32.343
19413,30.52
19443,30.33
19474,30.016
19504,30.634
19534,29.725
19564,29.412
19594,30.284
19624,30.392
19653,28.554
19684,31.092
19714,29.176
19744,30.302
19774,30.152
19804,29.472
19833,29.28
19862,29.303
19892,29.091
19921,29.228
19951,29.71
19980,29.092
20009,28.977
20039,29.726
20069,29.589
20097,28.759
20129,31.293
20158,28.93
20188,29.709
20216,28.655
20246,29.308
20275,29.417
20304,28.833
20333,28.896
20362,29.105
20391,28.613
20420,28.607
20448,28.554
20477,28.537
20506,28.884
20535,29.239
20565,29.482
20595,30.394
20625,29.26
20654,28.997
20683,29.269
20712,28.958
20741,28.706
20770,29.016
20799,28.824
20827,28.236
20856,28.302
20885,29.098
20915,29.697
20945,29.914
20974,29.513
21004,29.629
21033,29.028
21063,29.63
21093,29.713
21123,29.62
21152,29.499
21182,29.836
21212,29.697
21242,30.117
21272,29.37
21301,29.675
21332,30.803
21362,29.323
21391,29.537
21421,30.154
21451,29.895
21481,29.737
21511,29.788
21540,28.946
21570,29.451
21599,29.333
21629,29.239
21658,29.418
21688,29.648
21718,29.778
21748,30.548
21778,29.441
21808,29.63
21837,28.978
21866,29.147
21895,29.003
21925,29.463
21954,29.464
21984,29.288
22013,29.166
22044,31.513
22075,30.25
22105,30.494
22136,30.34
22166,30.536
22197,30.557
22228,30.479
22258,30.383
22289,30.697
22319,30.132
22349,30.1
22379,29.638
22409,29.751
22438,29.181
22467,28.997
22497,29.625
22527,29.293
22557,30.271
22587,29.877
22616,29.319
22646,29.956
22676,29.438
22706,30.007
22736,29.739
22766,29.676
22795,29.387
22825,29.998
22855,29.974
22886,30.289
22916,30.118
22946,30.167
22976,29.784
23006,29.827
23036,30.249
23066,29.425
23096,30.078
23126,30.143
23156,30.136
23186,29.394
23215,29.383
23245,29.565
23275,29.621
23304,29.509
23334,29.635
23364,29.683
23394,29.827
23424,29.663
23453,29.432
23483,30.061
23513,29.889
23544,30.824
23575,30.628
23606,30.531
23638,32.17
23668,29.867
23698,29.565
23731,33.295
23761,29.879
23790,29.405
23820,29.396
23849,29.388
23879,29.349
23909,30.187
23939,29.67
23969,29.454
23998,29.785
24028,29.612
24060,31.595
24089,29.586
24119,29.27
24149,29.671
24179,29.84
24208,29.608
24238,29.881
24268,29.303
24297,29.421
24327,29.737
24363,35.684
24392,29.463
24422,29.893
24452,29.527
24482,29.456
24511,29.59
24541,29.752
24571,29.548
24600,29.171
24630,29.467
24659,29.348
24689,29.965
24719,29.594
24749,30.047
24778,29.307
24810,31.879
24841,30.349
24871,30.34
24901,30.041
24931,29.821
24961,29.917
24991,29.404
25020,29.456
25050,29.599
25081,30.324
25110,29.694
25141,30.085
25171,30.194
25201,30.388
25231,29.845
25260,28.976
25290,29.243
25319,28.922
25354,35.187
25384,30.053
25414,29.694
25444,29.91
25475,30.469
25505,30.193
25535,29.708
25566,30.92
25603,37.701
25634,30.233
25664,30.045
25695,30.799
25726,30.615
25756,30.653
25788,31.727
25818,29.639
25850,31.691
25881,31.419
25912,30.572
25945,32.685
25975,30.62
26005,29.608
26035,29.617
26065,29.694
26095,30.447
26125,29.531
26154,29.585
26184,29.823
26215,30.442
26245,29.85
26275,29.977
26305,29.884
26335,29.374
26364,29.49
26394,29.758
26427,29.348
26457,29.893
26487,30.323
26518,30.036
26548,29.918
26577,29.573
26608,30.204
26637,29.703
26667,29.989
26697,29.844
26729,30.998
26759,30.003
26789,30.041
26819,29.887
26849,30.178
26879,29.898
26909,30.061
26939,29.99
26969,29.896
27000,30.511
27030,30.212
27060,30.16
27091,30.384
27122,30.494
27151,29.48
27181,29.592
27212,30.477
27242,30.492
27273,30.259
27303,30.279
27333,29.774
27363,29.715
27392,29.774
27423,30.063
27453,30.666
27484,30.292
27514,30.392
27545,30.494
27575,30.485
27606,30.667
27637,30.313
27666,29.615
27697,30.163
27727,30.437
27758,30.588
27788,30.262
27819,30.606
27849,30.26
27879,29.686
27909,30.127
27939,29.924
27969,29.639
27999,30.202
28029,29.843
28059,29.406
28090,30.841
28121,30.76
28153,32.555
28185,31.549
28217,31.698
28249,32.673
28280,30.68
28312,31.568
28342,30.061
28373,30.565
28403,30.205
28435,31.359
28467,32.274
28498,30.929
28530,32.421
28561,30.558
28591,30.092
28622,30.665
28652,30.271
28685,31.961
28716,31.022
28748,32.078
28781,33.321
28812,30.792
28843,30.271
28873,30.254
28903,30.369
28935,31.692
28966,30.564
28997,30.749
29028,31.077
29059,30.519
29090,30.881
29121,31.161
29151,30.616
29182,30.215
29213,31.232
29244,30.64
29278,33.64
29309,31.67
29342,32.741
29373,30.427
29405,32.245
29437,31.823
29469,31.879
29505,36.223
29537,31.914
29568,30.895
29601,32.668
29632,30.713
29663,31.411
29695,31.085
29727,31.789
29758,30.964
29788,30.517
29819,30.898
29850,30.708
29880,30.201
29911,30.862
29942,30.317
29973,31.282
30004,30.621
30035,30.999
30066,31.114
30097,30.475
30133,35.94
30163,30.55
30195,31.14
30226,30.972
30257,30.761
30288,30.811
30319,31.123
30350,30.686
30381,31.836
30412,29.971
30443,31.121
30474,30.696
30504,30.168
30535,31.027
30566,31.011
30597,31.307
30629,31.343
30660,31.266
30692,31.293
30722,30.542
30753,30.128
30783,29.93
30813,30.618
30844,30.487
30874,30.068
30905,30.508
30935,30.157
30966,30.494
30996,30.294
31025,29.474
31055,29.603
31085,29.346
31115,30.532
31146,30.349
31176,30.175
31206,29.776
31236,29.6
31265,29.631
31295,29.73
31325,29.412
31354,29.481
31384,29.698
31414,29.61
31444,29.687
31473,29.645
31503,29.69
31533,29.27
31562,29.375
31591,29.366
31621,29.892
31651,29.832
31681,29.839
31711,29.753
31741,29.782
31771,29.496
31800,29.449
31830,29.892
31860,29.849
31890,29.521
31920,30.124
31950,30.184
31982,31.675
32012,30.113
32042,29.314
32071,29.738
32102,29.996
32132,29.956
32162,30.557
32193,30.381
32223,30.224
32253,30.165
32284,30.579
32314,30.237
32345,30.477
32375,30.207
32406,30.491
32436,30.185
32466,29.819
32496,30.098
32526,30.468
32556,29.921
32587,30.176
32617,30.303
32648,30.24
32677,29.227
32707,30.007
32737,30.46
32768,30.238
32798,30.115
32828,30.252
32859,31.024
32890,30.461
32921,30.828
32951,30.65
32982,30.751
33013,30.682
33044,30.516
33074,30.463
33105,30.295
33134,29.354
33165,30.802
33196,30.718
33226,29.793
33255,29.284
33285,29.84
33315,29.614
33344,29.575
33374,29.473
33403,29.365
33433,29.625
33463,29.53
33492,29.399
33522,29.496
33551,29.683
33582,30.152
33612,30.012
33642,30.132
33672,30.347
33707,34.652
33738,30.333
33768,30.472
33799,30.635
33830,30.772
33860,30.296
33890,30.192
33921,30.874
33952,30.168
33982,30.698
34013,30.23
34043,30.348
34073,29.823
34104,30.821
34134,30.506
34165,30.246
34196,31.313
34228,31.434
34259,31.315
34291,31.388
34322,30.898
34356,34.249
34390,34.015
34425,34.696
34455,30.568
34486,30.385
34516,30.416
34547,30.749
34578,30.753
34612,33.362
34642,30.811
34674,31.289
34705,30.991
34735,30.513
34769,33.638
34801,31.995
34836,34.21
34868,32.019
34898,30.2
34928,30.397
34959,30.233
34989,29.915
35020,31.181
35050,30.214
35081,30.461
35111,30.505
35142,30.221
35173,30.815
35204,31.11
35235,30.775
35266,30.84
35296,30.657
35328,31.333
35359,31.111
35392,32.595
35423,31.083
35454,31.056
35485,30.555
35515,30.611
35546,30.753
35577,30.591
35607,30.336
35638,30.632
35669,30.587
35699,30.568
35730,30.522
35761,30.85
35792,30.64
35822,30.573
35853,30.458
35883,30.531
35914,30.783
35945,30.498
35975,30.325
36006,30.481
36036,30.526
36066,29.811
36097,30.404
36127,30.235
36157,30.167
36187,29.594
36218,30.818
36248,30.311
36278,29.748
36314,35.372
36348,34.664
36381,32.28
36420,39.339
36453,32.925
36486,32.475
36516,30.598
36548,32.039
36581,32.072
36613,32.446
36646,32.86
36682,35.967
36714,31.77
36754,40.342
36786,31.944
36817,30.894
36848,30.777
36879,30.721
36910,30.686
36943,33.493
36975,31.6
37008,32.493
37039,30.996
37073,34.689
37104,30.577
37142,37.45
37173,30.899
37203,30.49
37234,30.649
37264,30.302
37296,32.074
37328,31.04
37359,31.564
37391,31.583
37422,31.021
37453,30.855
37484,30.977
37515,30.909
37550,35.026
37581,30.932
37612,30.392
37647,35.287
37678,31.036
37709,30.917
37740,30.523
37770,30.542
37801,30.689
37832,30.603
37863,30.726
37893,30.419
37924,30.649
37954,30.679
37985,30.329
38016,30.67
38046,30.645
38077,30.454
38107,30.192
38139,31.345
38173,34.199
38208,35.084
38239,30.333
38269,30.232
38299,29.66
38329,29.925
38359,29.939
38388,29.595
38418,29.923
38448,29.966
38479,30.409
38509,29.788
38539,29.959
38569,30.578
38600,30.577
38631,30.51
38662,30.876
38692,30.259
38723,30.897
38753,30.157
38784,30.777
38815,30.651
38846,30.981
38876,30.015
38906,29.99
38937,30.729
38967,30.311
38998,30.166
39028,30.379
39059,30.701
39089,30.367
39120,30.2
39151,30.888
39182,30.591
39212,30.631
39243,31.049
39277,33.172
39308,30.906
39339,31.204
39370,30.921
39401,30.699
39432,30.728
39467,34.99
39499,31.151
39530,31.126
39561,31.041
39596,35.001
39627,30.6
39659,31.481
39690,30.798
39720,30.519
39751,30.533
39781,30.453
39812,30.377
39843,30.817
39873,30.294
39904,29.868
39935,31.02
39965,30.555
39996,30.319
40026,30.349
40057,30.518
40087,30.43
40118,30.661
40149,30.601
40180,30.786
40210,30.261
40241,30.601
40271,30.526
40302,30.176
40332,30.608
40363,30.908
40394,30.616
40425,30.569
40455,30.23
40486,30.205
40515,29.822
40545,29.833
40575,29.971
40606,30.17
40636,30.058
40666,30.009
40696,30.071
40726,30.134
40757,30.071
40787,30.053
40817,30.449
40849,31.174
40879,30.574
40910,30.105
40940,30.097
40970,30.553
41001,30.697
41032,30.603
41065,32.707
41095,30.444
41126,30.603
41157,30.697
41188,30.718
41218,30.459
41249,30.54
41279,30.342
41310,30.44
41351,31.099
41381,30.001
41411,30.129
41441,30.465
41472,30.198
41502,30.265
41533,30.375
41563,30.461
41594,30.609
41624,30.164
41655,30.675
41686,30.442
41716,30.267
41747,30.632
41777,30.261
41807,29.961
41838,30.691
41869,30.424
41899,30.202
41930,30.833
41960,30.267
41991,30.329
42021,30.612
42052,30.458
42084,32.064
42115,30.701
42147,31.825
42178,30.594
42211,32.94
42241,30.746
42272,30.232
42302,30.242
42332,30.205
42363,30.689
42394,30.35
42424,30.515
42455,30.875
42486,30.463
42516,30.229
42548,31.248
42578,30.552
42609,30.484
42640,30.646
42671,30.909
42701,30.556
42732,31.02
42763,30.606
42793,29.689
42831,38.303
42862,30.485
42895,33.449
42926,30.215
42956,29.804
42985,29.689
43016,30.218
43047,31.068
43077,29.649
43106,29.605
43136,29.869
43167,30.498
43197,29.528
43226,29.477
43256,29.336
43286,29.742
43316,30.365
43346,30.267
43377,30.707
43410,32.442
43441,31.328
43473,31.394
43506,33.624
43537,30.865
43568,30.773
43599,30.445
43629,30.413
43662,32.172
43695,33.091
43725,30.449
43760,34.03
43790,30.489
43822,31.412
43852,30.33
43884,32.03
43915,30.621
43946,30.619
43976,30.593
44007,30.662
44038,30.504
44068,30.424
44100,31.295
44132,32.112
44163,30.705
44193,30.691
44225,31.177
44255,30.493
44286,30.328
44317,30.841
44348,30.824
44379,30.855
44410,30.903
44441,30.836
44472,31.05
44502,30.593
44533,30.352
44563,30.464
44594,30.798
44625,31.002
44660,34.522
44691,30.825
44722,30.506
44754,31.995
44784,30.477
44817,32.517
44847,30.491
44878,30.331
44908,30.418
44940,31.645
44971,30.595
45002,30.99
45033,30.519
45063,30.808
45095,31.23
45126,30.879
45157,30.665
45188,31.457
45219,30.623
45252,33.22
45282,30.102
45313,30.772
45344,30.394
45376,32.266
45407,30.537
45437,29.722
45468,31.274
45499,30.829
45530,30.709
45562,32.095
45593,30.716
45623,30.281
45655,31.827
45686,30.38
45716,30.608
45747,30.514
45778,30.794
45809,30.649
45839,30.332
45871,31.481
45901,30.601
45932,30.439
45962,30.452
45992,29.575
46023,30.299
46052,29.836
46083,30.12
46120,37.603
46151,30.577
46191,39.642
46222,30.807
46252,30.2
46283,30.728
46313,29.98
46344,30.435
46374,30.744
46405,30.518
46435,30.301
46466,30.396
46496,30.263
46527,30.347
46557,29.958
46587,29.968
46618,30.584
46647,29.653
46678,30.066
46708,29.9
46736,28.83
46765,28.856
46795,28.979
46825,29.953
46855,30.064
46887,32.145
46917,29.854
46947,30.041
46977,29.769
47007,29.494
47036,29.627
47066,29.979
47097,30.18
47126,28.804
47155,29.055
47185,29.776
47215,29.795
47245,29.858
47274,29.604
47304,29.323
47334,29.721
47364,29.977
47393,29.44
47423,29.93
47453,29.685
47483,29.405
47512,29.615
47541,28.979
47571,29.508
47600,29.291
47630,29.502
47659,29.272
47690,30.233
47720,30.312
47750,29.522
47780,29.829
47809,29.518
47838,29.079
47868,29.306
47897,29.375
47927,29.9
47957,29.45
47987,29.601
48016,29.343
48045,29.033
48075,30.107
48105,29.211
48134,29.133
48163,29.496
48194,30.32
48225,30.464
48255,30.06
48286,31.018
48316,29.744
48346,30.322
48376,29.872
48407,30.741
48438,31.234
48467,28.793
48497,29.692
48527,29.539
48557,30.068
48586,29.37
48616,29.636
48645,29.481
48674,28.835
48703,28.174
48731,28.109
48760,28.638
48788,27.955
48817,28.959
48846,29.054
48877,30.811
48909,31.908
48939,30.368
48970,30.443
48999,29.531
49030,30.04
49059,29.524
49090,30.171
49119,29.656
49149,29.375
49182,33.051
49213,30.655
49243,30.027
49273,29.96
49303,29.477
49333,29.898
49363,29.979
49393,30.536
49424,30.759
49454,30.313
49485,30.624
49516,30.254
49546,30.144
49575,29.142
49604,29.29
49635,30.38
49665,30.168
49695,29.663
49725,29.496
49754,29.596
49785,31.079
49816,30.202
49846,30.599
49876,29.291
49905,29.324
49936,30.298
49966,30.348
49996,29.777
50027,30.767
50057,30.042
50087,29.95
50117,29.643
50147,29.894
50177,29.875
50206,29.551
50236,29.693
50266,29.912
50296,29.218
50325,29.252
50354,29.45
50385,30.009
50414,29.746
50444,29.264
50473,29.263
50502,29.137
50532,29.653
50562,29.606
50591,29.483
50621,29.458
50652,30.449
50681,29.706
50712,30.036
50741,29.218
50771,29.705
50801,29.788
50831,30.029
50860,29.045
50889,28.833
50921,32.076
50951,29.696
50981,30.381
51011,29.566
51041,29.922
51071,29.489
51104,33.345
51135,30.572
51164,29.737
51194,29.271
51224,29.737
51254,29.999
51289,34.73
51325,36.201
51355,29.617
51384,29.204
51413,29.014
51443,29.623
51472,29.003
51501,28.925
51530,28.758
51559,29.247
51588,29.06
51618,29.028
51648,29.877
51677,29.414
51707,30.199
51740,32.244
51771,30.83
51803,31.926
51834,30.737
51865,30.961
51896,31.199
51929,33.378
51961,31.257
51991,30.512
52022,30.941
52053,30.369
52084,30.739
52114,30.005
52145,30.849
52175,30.243
52208,32.259
52241,33.581
52272,30.288
52306,34.103
52336,29.769
52366,29.755
52395,29.623
52425,29.692
52459,33.62
52490,30.938
52523,32.506
52552,29.798
52582,29.095
52611,29.42
52640,29.202
52670,29.361
52699,29.058
52729,29.919
52758,29.208
52788,29.26
52819,30.743
52850,30.811
52880,30.34
52910,30.131
52944,33.587
52976,31.578
53007,30.788
53038,31.731
53068,29.047
53099,31.19
53129,30.186
53159,29.567
53190,30.903
53221,31.31
53251,29.422
53280,29.097
53310,30.105
53340,29.638
53369,28.518
53399,30.139
53429,30.186
53459,29.538
53488,29.667
53520,31.695
53550,29.693
53580,29.367
53609,29.808
53642,32.123
53671,29.369
53701,30.003
53732,30.487
53763,30.648
53792,28.905
53821,29.446
53850,28.978
53879,29.013
53909,29.117
53939,30.057
53968,28.833
53997,29.429
54027,29.595
54057,30.265
54090,33.11
54121,30.264
54150,29.361
54180,29.836
54209,29.041
54239,29.447
54268,29.19
54301,32.422
54331,29.7
54363,31.961
54393,30.004
54425,31.851
54455,30.294
54484,28.905
54516,32.192
54546,29.343
54576,29.728
54605,29.533
54636,30.47
54666,30.083
54696,30.192
54727,30.964
54757,29.157
54788,31.043
54818,30.355
54848,29.951
54879,30.197
54909,29.864
54944,34.965
54975,30.866
55006,31.163
55036,30.529
55067,30.562
55097,29.945
55128,30.253
55158,30.791
55189,30.235
55219,29.777
55249,30.162
55278,29.234
55308,29.823
55343,34.295
55374,31.182
55406,32.282
55440,33.665
55471,30.977
55505,33.661
55536,31.525
55568,31.528
55599,30.97
55632,32.886
55664,31.464
55697,33.061
55728,30.985
55760,32.159
55792,31.624
55824,31.875
55855,31.353
55887,31.141
55921,33.97
55954,32.676
55985,30.885
56016,31.066
56047,31.57
56078,30.822
56111,32.176
56142,30.974
56173,30.791
56204,31.127
56235,30.808
56265,30.55
56296,30.62
56327,30.861
56358,30.498
56389,30.665
56419,30.021
56449,29.998
56480,30.589
56514,34.121
56545,31.376
56577,31.394
56613,36.413
56644,30.565
56675,30.63
56707,32.161
56738,31.163
56770,31.921
56801,30.885
56833,31.57
56864,31.42
56900,35.31
56936,35.95
56968,32.312
57000,31.816
57031,30.698
57062,30.585
57094,32.206
57126,31.551
57157,31.459
57188,30.798
57219,30.435
57250,31.035
57282,32.224
57314,31.367
57345,31.661
57381,35.651
57412,30.9
57446,33.481
57477,31.377
57509,31.559
57540,30.547
57571,31.323
57609,38.215
57641,31.826
57673,31.491
57705,31.577
57736,31.843
57768,31.858
57800,31.745
57832,31.732
57864,32.217
57896,31.753
57928,31.684
57959,30.618
57990,30.741
58020,30.702
58052,31.182
58083,31.239
58114,30.91
58149,34.977
58180,31.134
58212,31.481
58243,31.043
58274,30.444
58305,31.082
58336,30.991
58368,31.597
58399,31.239
58429,30.334
58460,30.358
58491,30.883
58522,30.879
58556,34.037
58587,31.186
58618,30.738
58649,30.611
58680,30.881
58717,37.256
58748,30.719
58779,30.597
58815,35.934
58846,30.651
58877,30.898
58907,30.747
58938,30.679
58969,30.492
59005,35.929
59036,31.012
59067,30.944
59098,31.167
59129,30.851
59160,31.082
59192,31.888
59224,31.203
59255,31.225
59286,31.035
59317,31.111
59348,30.546
59379,30.417
59414,35.631
59452,37.275
59483,31.235
59518,35.26
59559,40.937
59593,33.685
59626,32.613
59656,30.077
59693,36.364
59723,30.762
59754,30.21
59786,31.947
59819,32.951
59849,30.278
59880,30.386
59910,30.425
59941,30.915
59971,29.981
60003,31.296
60035,32.395
60067,31.688
60103,36.079
60133,30.133
60165,31.839
60196,30.44
60226,30.402
60257,30.616
60292,34.695
60323,30.845
60353,30.226
60384,30.66
60415,31.252
60446,30.325
60477,30.702
60507,30.332
60537,29.935
60567,29.814
60597,29.724
60627,30.002
60657,30.163
60687,29.683
60717,29.955
60747,29.772
60777,30.428
60808,30.716
60839,30.57
60869,30.31
60900,30.593
60931,30.742
60962,31.297
60993,30.323
61024,31.068
61054,29.649
61084,30.539
61115,31.154
61146,30.864
61178,31.22
61208,30.708
61239,30.865
61271,31.063
61304,33.134
61334,30.093
61365,30.773
61395,30.435
61426,30.296
61457,30.621
61488,31.231
61520,31.876
61551,30.592
61581,30.845
61612,30.2
61646,33.748
61677,30.934
61708,30.787
61738,30.616
61769,30.611
61800,30.773
61831,30.72
61862,30.882
61893,30.832
61924,30.858
61954,30.665
61985,30.655
62016,30.458
62047,31.068
62079,31.788
62110,31.364
62141,31.109
62173,31.259
62205,32.012
62236,31.534
62267,30.579
62298,30.878
62329,30.563
62360,30.847
62391,30.965
62422,30.74
62452,30.684
62483,30.781
62520,36.091
62550,30.457
62581,30.797
62612,30.636
62646,34.121
62677,30.986
62711,33.468
62742,31.464
62774,31.123
62805,31.147
62836,30.939
62868,31.506
62898,30.834
62930,31.896
62962,31.342
62994,31.764
63025,30.829
63056,30.7
63086,30.433
63117,30.58
63148,30.783
63179,30.974
63210,30.944
63242,32.029
63273,31.222
63305,31.271
63336,30.805
63367,31.194
63399,31.468
63430,31.216
63463,32.895
63498,35.458
63533,34.37
63573,40.343
63609,36.029
63640,30.513
63670,30.295
63701,30.716
63731,30.157
63763,31.701
63794,30.654
63825,30.885
63856,30.875
63887,31.158
63919,31.356
63950,30.911
63980,30.476
64012,31.108
64042,30.833
64073,30.874
64104,30.353
64136,31.792
64167,31.08
64198,30.985
64229,30.572
64259,30.594
64290,30.42
64321,30.659
64351,30.38
64382,30.342
64412,30.547
64443,30.545
64474,30.537
64504,30.494
64535,30.344
64565,30.577
64597,31.066
64627,30.526
64658,30.792
64689,31.136
64720,30.891
64753,32.963
64784,30.885
64815,30.947
64847,31.831
64879,31.038
64909,30.641
64940,30.674
64971,30.811
65002,31.367
65033,30.847
65065,31.697
65096,30.902
65127,31.171
65158,30.898
65189,30.93
65220,30.285
65250,29.803
65280,29.94
65310,30.376
65341,30.122
65371,29.984
65401,30.466
65431,30.213
65462,30.319
65492,30.391
65523,30.215
65553,30.56
65584,30.472
65614,29.905
65644,30.15
65675,30.37
65705,30.242
65735,30.181
65766,30.491
65797,30.721
65827,30.319
65858,30.572
65888,30.466
65919,30.723
65950,30.817
65981,30.906
66012,30.691
66043,30.471
66073,30.536
66104,30.496
66134,30.536
66165,30.478
66196,30.858
66227,30.697
66257,30.512
66288,30.588
66319,30.514
66349,30.534
66380,30.507
66411,30.462
66441,30.5
66472,30.817
66504,31.299
66534,30.435
66565,30.56
66596,30.753
66627,30.929
66658,30.829
66689,31.018
66719,30.678
66750,30.607
66781,30.97
66812,30.721
66843,30.715
66874,30.907
66905,30.954
66941,35.569
66972,31.371
67003,30.977
67034,30.919
67065,31.076
67096,30.71
67127,30.809
67158,30.555
67189,30.664
67219,30.583
67250,30.869
67281,30.871
67312,30.563
67343,31.219
67374,30.497
67404,30.359
67435,30.701
67466,30.604
67496,30.558
67527,30.366
67558,30.573
67589,30.863
67619,30.762
67650,30.82
67681,30.795
67712,30.432
67742,30.432
67773,30.473
67804,30.846
67835,31.413
67867,30.972
67897,30.843
67928,30.68
67959,30.969
67991,31.276
68022,31.134
68052,30.341
68083,30.502
68114,30.493
68144,30.585
68175,30.661
68206,30.467
68237,31.208
68268,30.7
68298,30.597
68331,32.257
68362,30.698
68392,30.599
68423,30.895
68454,30.68
68485,30.8
68516,30.751
68547,30.779
68577,30.395
68608,30.835
68639,30.845
68670,30.952
68702,31.246
68733,30.799
68764,31.048
68795,31.523
68831,35.627
68862,30.857
68894,31.679
68925,30.979
68963,38.127
68995,31.772
69026,31.299
69058,30.979
69088,30.73
69120,31.869
69151,30.864
69183,31.46
69214,31.083
69245,31.111
69276,30.833
69308,31.285
69339,31.108
69370,30.889
69401,30.666
69431,30.404
69462,30.956
69494,31.251
69524,30.743
69555,30.948
69586,30.529
69617,30.96
69648,31.03
69679,31.277
69711,31.273
69742,31.184
69777,35.277
69808,31.089
69839,30.809
69878,38.915
69909,31.215
69941,31.479
69973,31.805
70005,32.285
70036,30.407
70067,30.892
70097,30.54
70129,31.249
70159,30.398
70191,31.198
70223,32.013
70254,30.859
70285,31.19
70316,31.1
70347,30.882
70378,31.345
70409,30.853
70440,30.75
70471,30.642
70502,31.088
70533,30.957
70564,31.133
70596,31.497
70627,31.472
70659,31.763
70691,31.473
70723,32.077
70754,30.964
70786,31.602
70818,32.432
70849,30.481
70881,32.036
70913,32.091
70944,30.707
70975,30.732
71005,30.545
71036,31.056
71068,31.196
71099,30.701
71130,31.226
71161,31.396
71192,31.031
71223,30.706
71254,31.087
71286,31.709
71318,31.489
71350,31.607
71382,32.068
71413,30.922
71444,30.691
71475,31.733
71507,31.123
71538,31.034
71569,31.399
71600,30.793
71631,30.691
71663,31.622
71695,31.826
71726,31.306
71757,30.638
71789,31.655
71824,35.737
71856,31.372
71888,31.855
71919,31.355
71951,31.053
71982,31.878
72014,31.19
72045,31.411
72077,31.78
72109,32.019
72141,31.93
72174,32.275
72205,31.882
72238,32.31
72269,30.578
72300,31.183
72331,31.529
72363,31.231
72394,31.183
72425,30.642
72456,31.132
72487,30.907
72523,35.707
72554,31.023
72586,31.811
72616,30.572
72649,32.178
72680,31.215
72712,31.484
72743,31.723
72775,31.546
72806,31.228
72838,31.532
72869,31.502
72901,31.743
72933,31.211
72964,31.202
72994,30.244
73025,30.791
73056,30.618
73086,29.988
73116,30.311
73147,30.745
73178,30.453
73208,30.739
73239,30.484
73272,32.804
73303,31.037
73334,31.061
73366,31.435
73403,36.675
73433,30.58
73464,30.855
73496,31.33
73527,31.034
73558,30.774
73588,30.221
73621,32.626
73653,32.09
73686,33.5
73718,31.236
73752,34.001
73786,34.119
73816,30.517
73849,31.999
73879,30.423
73911,31.867
73943,31.641
73975,31.676
74005,30.691
74037,31.573
74067,30.4
74099,31.437
74130,30.494
74161,31.49
74193,31.818
74224,30.846
74254,30.259
74286,31.327
74316,30.718
74347,30.671
74378,30.549
74408,30.47
74439,30.925
74470,30.711
74510,40.216
74541,30.951
74577,35.033
74607,30.583
74638,30.231
74669,30.922
74700,31.267
74731,31.048
74762,31.054
74793,31.078
74825,31.794
74857,32.227
74890,32.263
74921,31.011
74952,31.042
74983,30.721
75014,30.882
75045,30.785
75075,30.593
75106,30.81
75137,30.843
75168,30.887
75199,30.612
75229,30.618
75260,30.693
75292,31.897
75324,31.928
75355,30.839
75386,30.583
75418,31.66
75449,31.465
75480,31.002
75512,31.334
75543,31.682
75575,31.395
75606,31.45
75637,30.948
75668,30.619
75700,32.085
75732,31.224
75764,31.876
75794,30.728
75826,31.31
75858,31.722
75889,31.415
75920,30.772
75951,30.949
75982,30.674
76013,31.06
76043,30.538
76075,31.069
76105,30.812
76136,30.772
76168,31.257
76199,30.764
76229,30.68
76260,30.743
76291,30.748
76323,32.041
76354,31.161
76389,34.713
76420,31.3
76452,31.349
76483,31.011
76514,31.487
76546,31.028
76577,30.953
76608,31.562
76640,31.357
76671,30.773
76701,30.801
76733,31.069
76764,31.125
76795,30.911
76826,31.148
76857,30.701
76887,30.523
76918,30.884
76949,30.601
76980,30.844
77011,30.807
77041,30.472
77072,30.405
77102,30.329
77133,30.837
77164,30.895
77195,30.73
77226,30.879
77256,30.344
77288,31.08
77318,30.78
77349,31.019
77381,31.247
77412,30.695
77442,29.917
77472,30.834
77508,35.496
77538,30.313
77569,30.185
77599,30.23
77630,30.511
77660,29.989
77691,30.932
77721,30.459
77751,30.153
77782,30.695
77814,31.631
77844,30.081
77875,30.543
77908,33.205
77939,30.634
77970,31.239
78001,30.763
78031,30.605
78062,30.478
78093,30.951
78124,30.582
78156,32.004
78186,30.051
78217,30.573
78246,29.752
78276,29.924
78306,30.005
78337,30.064
78367,30.544
78398,30.546
78429,30.817
78460,30.726
78490,30.393
78520,30.287
78550,29.662
78580,29.622
78610,29.765
78639,29.814
78670,30.335
78700,29.667
78730,30.325
78760,29.604
78790,30.42
78820,29.978
78851,30.594
78882,30.56
78912,30.495
78943,30.479
78974,30.711
79004,30.663
79035,30.789
79066,30.651
79097,30.689
79128,30.95
79158,30.558
79189,30.315
79219,30.547
79250,30.334
79280,30.418
79311,30.645
79342,30.675
79372,30.402
79403,30.46
79433,30.477
79464,30.455
79494,30.339
79525,30.464
79559,34.393
79592,32.441
79626,34.332
79657,30.481
79688,30.702
79727,39.25
79757,30.405
79788,30.977
79819,30.855
79850,31.044
79881,30.701
79913,31.343
79946,33.583
79977,30.225
80008,31.083
80038,30.454
80070,31.813
80100,30.064
80132,31.626
80162,30.265
80194,31.048
80223,29.654
80253,29.542
80283,29.555
80313,30.778
80347,34.011
80377,29.507
80410,32.95
80449,39.247
80480,30.68
80510,29.546
80540,29.782
80569,29.649
80600,30.22
80630,30.277
80661,30.482
80692,30.881
80722,30.787
80753,30.937
80785,31.054
80815,30.787
80846,30.677
80877,30.569
80907,30.171
80938,30.442
80968,30.415
80998,29.65
81028,29.888
81058,30.325
81088,30.045
81119,30.174
81149,30.408
81180,30.705
81210,30.381
81241,30.488
81271,30.487
81302,30.328
81333,30.758
81364,31.054
81394,30.541
81434,39.461
81464,30.373
81495,30.123
81525,30.185
81555,30.41
81587,31.745
81619,31.836
81649,30.283
81682,32.697
81713,30.98
81743,29.983
81775,31.899
81806,30.764
81838,32.133
81868,29.788
81900,32.147
81931,30.788
81961,30.097
81993,31.234
82023,30.522
82054,30.844
82085,30.919
82115,29.795
82145,29.775
82175,29.748
82204,29.505
82234,29.694
82264,29.747
82294,29.763
82324,30.073
82354,29.734
82383,29.5
82413,29.425
82443,29.666
82472,29.398
82502,29.963
82532,29.438
82561,29.451
82590,29.126
82620,29.324
82649,29.228
82680,30.467
82710,30.226
82740,29.847
82770,30.421
82800,29.707
82831,30.32
82860,29.878
82890,29.54
82921,30.614
82952,31.523
82985,32.684
83015,30.225
83047,30.966
83077,30.344
83107,30.359
83137,29.972
83168,30.5
83199,30.527
83228,29.83
83258,29.326
83288,30.023
83317,29.388
83353,35.11
83383,30.65
83414,30.452
83445,30.975
83477,31.527
83509,32.001
83539,30.672
83570,30.195
83600,30.506
83632,31.65
83662,29.661
83692,30.418
83722,30.073
83752,29.987
83783,30.198
83814,31.088
83844,30.559
83876,31.446
83907,30.517
83938,31.045
83968,30.508
83999,30.546
84029,29.984
84060,30.787
84091,30.391
84121,30.637
84152,30.624
84182,30.03
84212,30.109
84242,29.815
84272,29.753
84302,29.573
84333,30.743
84362,29.339
84393,30.699
84422,29.381
84452,29.582
84481,29.398
84512,30.747
84542,30.177
84572,29.727
84603,30.324
84633,30.286
84663,29.493
84693,29.999
84723,29.969
84752,29.783
84783,30.373
84813,29.755
84842,29.621
84872,29.521
84902,29.645
84932,30.384
84962,30.001
84992,29.81
85022,29.361
85051,29.424
85081,29.508
85111,30.168
85141,30.385
85172,30.202
85202,30.075
85232,30.44
85263,30.651
85296,32.856
85327,30.609
85356,29.534
85386,29.508
85416,29.577
85447,30.97
85476,29.351
85506,29.613
85536,30.413
85566,29.939
85596,29.913
85626,30.157
85658,31.538
85689,30.393
85720,31.551
85752,31.713
85782,29.752
85812,29.632
85842,30.039
85871,29.478
85901,29.592
85931,30.403
85962,30.295
85992,29.795
86022,29.964
86052,29.946
86083,30.844
86113,29.967
86143,30.119
86173,30.153
86203,29.443
86233,30.443
86263,30.024
86293,29.836
86323,29.802
86353,29.8
86382,29.502
86412,29.887
86442,29.981
86473,30.19
86503,30.037
86533,30.532
86564,30.145
86595,30.838
86625,30.295
86655,30.073
86686,30.667
86717,31.212
86748,31.297
86779,30.907
86811,31.138
86841,30.362
86871,30.032
86902,30.722
86932,30.481
86963,30.583
86994,30.348
87024,30.274
87054,30.05
87084,30.349
87115,29.998
87145,30.027
87175,30.287
87206,30.718
87236,30.237
87267,31.019
87298,30.298
87328,30.832
87359,30.204
87389,30.228
87419,30.159
87450,30.5
87480,30.259
87511,31.068
87542,30.159
87572,30.711
87603,30.286
87633,30.099
87663,30.147
87694,30.733
87726,32.197
87757,30.246
87787,30.782
87818,30.342
87848,30.473
87880,31.166
87910,30.663
87941,30.39
87971,30.068
88001,30.024
88032,30.515
88062,30.524
88092,30.017
88123,30.146
88153,30.669
88184,30.794
88215,31.128
88247,31.4
88278,31.156
88309,30.805
88340,31.014
88370,30.299
88401,30.172
88431,30.343
88462,30.818
88492,29.881
88523,30.917
88555,31.781
88587,32.506
88619,31.961
88650,30.803
88681,30.967
88725,43.117
88756,31.122
88787,30.782
88818,30.94
88848,30.594
88879,30.986
88910,30.5
88942,32.525
88973,30.611
89004,31.051
89036,31.416
89067,31.541
89098,30.802
89129,30.787
89160,30.983
89191,30.778
89222,30.701
89252,30.53
89283,30.872
89315,31.18
89346,31.62
89378,31.387
89409,31.395
89441,31.655
89472,31.006
89505,32.681
89538,32.712
89569,30.932
89599,30.799
89632,32.805
89665,32.204
89696,31.567
89729,33.067
89760,30.828
89793,32.986
89824,30.673
89855,30.844
89887,32.104
89920,32.552
89952,31.903
89984,32.232
90016,31.849
90046,30.306
90077,30.445
90107,30.152
90138,30.65
90168,30.397
90199,30.943
90231,31.677
90262,30.884
90293,31.038
90324,30.476
90355,31.005
90386,30.889
90417,30.798
90448,30.665
90478,30.182
90509,30.802
90541,32.2
90571,30.368
90602,30.58
90633,30.638
90663,30.374
90695,31.488
90725,30.513
90756,30.419
90787,30.749
90817,29.849
90847,29.977
90878,31.238
90909,30.831
90940,31.276
90973,32.332
91004,31.339
91035,31.137
91066,31.094
91098,31.183
91129,31.474
91161,31.297
91191,29.948
91221,30.609
91252,30.283
91283,31.516
91314,30.428
91344,30.318
91375,30.516
91406,31.486
91439,32.527
91470,30.78
91501,30.566
91532,31.042
91562,30.607
91593,30.211
91623,30.757
91655,31.204
91686,31.023
91717,30.772
91747,29.817
91776,29.669
91806,30.0
91837,30.855
91868,30.217
91898,30.546
91930,31.769
91961,30.423
91999,37.989
92029,30.754
92060,30.751
92091,30.982
92122,30.871
92153,30.35
92183,30.267
92214,30.655
92244,30.357
92275,30.908
92306,30.798
92337,30.573
92367,30.405
92398,30.784
92429,30.924
92460,30.907
92491,30.809
92522,30.816
92553,31.052
92584,30.746
92616,32.368
92647,30.65
92678,30.925
92709,30.635
92740,31.014
92771,31.32
92803,31.411
92836,33.586
92867,31.136
92899,31.066
92932,33.212
92963,30.981
92994,31.448
93025,30.852
93057,31.512
93089,31.682
93121,32.224
93155,33.858
93187,31.566
93217,30.794
93248,30.599
93279,30.703
93309,30.312
93340,30.341
93370,30.19
93400,30.241
93431,30.723
93462,31.14
93493,30.956
93524,30.265
93554,30.707
93585,30.637
93616,30.978
93647,30.61
93677,30.504
93709,31.03
93739,30.476
93771,31.536
93802,31.111
93833,31.035
93865,31.557
93896,30.834
93926,30.844
93958,31.377
93988,29.853
94019,30.664
94048,29.775
94080,31.313
94111,30.751
94141,30.187
94173,31.936
94203,30.413
94235,31.001
94266,31.114
94296,30.541
94329,33.012
94362,32.56
94392,29.965
94422,30.157
94454,31.496
94485,30.59
94515,30.712
94547,31.767
94578,30.385
94609,31.178
94640,30.99
94670,30.457
94702,31.4
94733,30.602
94766,33.085
94796,30.369
94827,30.333
94857,30.101
94889,32.457
94920,30.491
94951,30.985
94984,32.726
95015,30.78
95046,31.586
95078,31.949
95109,30.845
95142,32.585
95172,30.509
95205,32.041
95237,32.535
95268,31.143
95299,30.648
95332,33.27
95363,30.712
95394,30.695
95425,30.695
95455,30.497
95487,31.698
95518,30.52
95549,31.365
95581,32.04
95613,31.215
95646,32.893
95677,31.333
95711,34.068
95742,31.329
95776,33.24
95808,31.67
95839,31.334
95872,33.342
95904,31.251
95940,36.669
95973,32.677
96006,32.698
96037,30.905
96068,30.591
96098,30.585
96129,30.647
96160,30.603
96190,30.584
96221,30.657
96252,30.561
96282,30.522
96313,30.392
96343,30.607
96374,30.531
96405,30.55
96435,30.61
96466,30.777
96497,30.621
96528,30.673
96558,30.528
96589,31.091
96620,30.871
96652,31.145
96683,31.249
96714,31.223
96746,31.197
96778,32.143
96808,30.65
96841,31.919
96871,30.622
96904,32.184
96935,30.969
96968,33.502
97001,33.121
97032,30.744
97064,31.556
97094,30.412
97127,32.902
97159,31.176
97192,33.092
97223,30.738
97254,30.993
97284,30.428
97316,31.501
97347,30.906
97378,31.291
97410,31.467
97441,31.324
97472,31.081
97505,33.068
97536,30.476
97566,30.081
97597,30.547
97627,30.795
97659,30.954
97691,31.963
97721,30.453
97753,31.385
97783,30.431
97813,29.431
97843,30.22
97874,30.505
97904,30.571
97935,30.394
97965,30.475
97995,30.188
98026,30.243
98056,30.513
98087,30.258
98118,30.793
98148,30.476
98180,31.306
98210,30.356
98241,31.341
98272,30.571
98303,30.864
98334,30.48
98365,30.891
98396,31.345
98427,30.967
98457,30.334
98488,30.674
98520,31.472
98551,30.902
98582,30.733
98612,30.49
98643,31.061
98674,30.227
98704,30.767
98735,30.765
98766,30.549
98797,30.662
98830,33.438
98862,32.027
98895,32.188
98925,30.713
98957,31.077
98987,30.432
99018,31.222
99049,30.091
99079,30.251
99113,33.815
99143,30.465
99176,32.249
99206,30.432
99239,32.191
99269,30.578
99302,32.317
99332,30.442
99365,32.454
99396,31.038
99429,32.684
99461,32.566
99492,30.845
99525,32.779
99557,31.684
99589,31.852
99620,30.947
99653,33.201
99684,30.897
99716,31.682
99747,30.51
99778,30.898
99808,30.53
99840,32.06
99871,30.385
99903,31.585
99934,30.988
99965,31.603
99997,31.072
100027,30.763
100058,30.65
100088,29.897
100119,30.893
100150,30.803
100181,30.439
100212,30.959
100243,31.318
100275,31.589
100306,30.983
100337,31.247
100368,30.904
100399,30.77
100430,30.997
100461,30.704
100492,30.621
100522,30.562
100553,30.807
100584,30.605
100615,30.607
100646,30.812
100676,30.839
100707,30.845
100738,30.69
100769,31.058
100800,30.913
100831,30.648
100862,30.625
100893,30.828
100924,31.02
100955,31.448
100987,31.593
101019,31.738
101051,31.593
101083,31.932
101121,37.83
101151,30.672
101184,32.943
101216,31.391
101248,31.56
101279,31.399
101311,31.929
101342,30.808
101373,30.781
101404,30.964
101435,30.911
101466,30.491
101496,30.863
101527,30.87
101559,31.428
101590,31.106
101621,30.8
101652,31.126
101683,30.582
101714,31.224
101746,31.202
101777,31.108
101808,31.17
101839,30.988
101870,31.137
101902,31.119
101934,31.875
101965,30.725
101996,31.39
102027,31.02
102059,31.375
102090,31.556
102121,30.752
102153,31.544
102183,30.57
102215,31.719
102247,31.205
102278,31.142
102309,30.637
102339,30.312
102370,31.007
102404,34.099
102436,31.361
102467,30.836
102498,30.887
102529,30.712
102559,30.784
102590,30.619
102621,30.727
102652,30.792
102683,30.932
102714,30.975
102745,31.094
102776,31.077
102807,30.566
102838,31.088
102869,30.299
102899,30.618
102931,31.213
102961,30.482
102992,30.979
103024,31.276
103055,31.12
103087,31.7
103117,30.41
103148,30.972
103180,31.757
103213,32.576
103244,31.389
103277,32.096
103308,31.639
103345,36.87
103377,31.341
103409,31.777
103440,30.857
103470,30.883
103503,32.842
103534,30.358
103565,30.951
103595,30.426
103626,30.531
103656,30.211
103688,31.273
103719,31.581
103750,30.835
103782,31.447
103813,30.942
103844,31.024
103876,31.596
103906,30.593
103938,31.471
103969,30.802
104001,31.746
104032,31.216
104063,30.764
104093,30.259
104124,30.427
104155,30.662
104185,30.636
104216,30.801
104249,32.287
104279,30.335
104311,31.311
104343,32.721
104374,30.613
104406,31.382
104436,30.401
104468,31.54
104504,36.318
104536,31.541
104567,30.917
104598,30.77
104628,30.42
104659,30.812
104690,30.637
104720,30.545
104751,30.769
104782,30.597
104813,30.645
104843,30.552
104874,30.604
104905,30.716
104936,31.347
104967,30.271
104998,30.658
105028,30.652
105059,30.904
105090,30.259
105121,31.009
105151,30.558
105182,30.018
105212,30.421
105244,31.615
105274,30.543
105305,30.482
105336,31.294
105367,30.629
105397,29.939
105428,30.449
105458,30.476
105489,30.517
105519,30.303
105550,30.455
105580,30.273
105611,30.331
105641,30.517
105672,30.153
105702,30.323
105732,30.376
105763,30.667
105794,30.537
105826,31.626
105857,31.138
105887,29.839
105917,30.32
105950,32.568
105981,30.617
106012,31.798
106045,32.198
106076,31.176
106107,30.634
106139,31.727
106169,30.681
106200,30.937
106232,30.98
106262,30.869
106294,30.945
106324,30.587
106355,30.658
106385,29.715
106416,30.635
106446,30.674
106477,30.346
106507,30.445
106538,30.656
106569,30.476
106599,30.621
106631,31.239
106662,30.732
106692,30.59
106723,31.0
106754,30.667
106785,30.446
106814,29.647
106844,29.962
106874,29.671
106904,29.687
106935,30.572
106965,30.141
106994,29.132
107024,29.277
107053,29.879
107083,29.84
107113,29.832
107144,30.112
107173,29.795
107203,29.619
107235,31.389
107264,29.315
107293,28.991
107322,29.016
107352,29.9
107382,29.689
107411,29.02
107441,29.81
107471,29.257
107501,29.916
107531,29.992
107560,29.524
107590,29.841
107620,29.453
107650,29.837
107680,29.951
107710,30.028
107739,29.212
107769,29.399
107797,28.662
107827,29.22
107856,29.367
107886,29.624
107916,29.562
107946,30.137
107978,31.81
108008,29.937
108038,29.67
108067,28.835
108095,28.746
108124,28.391
108152,28.381
108182,29.468
108211,29.045
108241,29.683
108271,29.817
108300,29.423
108331,30.24
108361,30.208
108391,29.416
108420,29.104
108449,29.418
108481,30.963
108510,29.471
108539,29.216
108569,29.745
108600,30.317
108630,30.303
108660,29.563
108690,29.67
108719,29.318
108748,28.94
108777,29.148
108807,29.16
108835,28.771
108865,29.423
108894,28.894
108924,30.195
108954,29.701
108984,29.85
109015,30.699
109045,30.405
109075,30.02
109105,29.042
109134,29.636
109164,29.496
109194,29.93
109223,29.365
109253,29.792
109282,28.79
109311,28.788
109340,29.26
109371,30.126
109401,29.812
109431,30.538
109461,30.102
109492,30.442
109522,30.084
109552,29.588
109582,30.076
109612,29.571
109642,29.933
109672,29.703
109701,29.569
109731,29.285
109760,29.037
109789,29.654
109819,29.546
109849,29.581
109878,29.56
109908,29.716
109939,30.295
109969,30.345
109999,29.864
110029,29.721
110058,29.177
110089,30.459
110119,29.872
110148,29.652
110179,30.397
110209,30.165
110239,29.92
110269,29.369
110298,29.077
110328,29.501
110356,28.835
110386,29.69
110416,29.359
110446,29.903
110476,29.828
110505,29.746
110535,29.535
110565,29.65
110595,30.092
110625,29.933
110655,29.997
110685,29.97
110716,30.779
110746,29.85
110776,29.468
110806,30.183
110836,29.507
110866,30.681
110896,29.489
110926,29.861
110956,29.711
110986,29.764
111016,30.315
111046,29.435
111075,29.202
111104,28.963
111132,28.095
111161,28.219
111191,29.874
111220,29.755
111250,29.536
111280,29.739
111310,30.151
111340,29.66
111370,29.484
111399,29.728
111429,29.639
111459,29.39
111489,30.083
111519,29.567
111548,28.751
111577,29.104
111606,28.796
111635,29.266
111664,29.255
111695,30.029
111724,29.578
111754,29.731
111783,29.206
111813,29.292
111842,29.358
111871,28.929
111902,30.847
111932,29.315
111961,29.739
111991,29.39
112021,29.638
112051,29.742
112080,29.547
112110,29.48
112140,29.784
112170,29.862
112201,31.36
112232,31.072
112262,29.352
112291,29.084
112321,29.754
112351,30.104
112381,29.522
112410,29.623
112440,29.339
112469,28.944
112498,29.182
112527,29.29
112556,28.911
112585,28.706
112614,28.352
112643,29.393
112673,29.18
112708,35.302
112738,29.916
112768,29.668
112798,29.96
112827,29.328
112858,30.385
112887,29.627
112917,29.498
112946,28.713
112975,28.802
113004,29.218
113036,31.468
113065,29.579
113094,29.012
113123,28.74
113152,28.902
113181,28.411
113210,29.009
113239,28.755
113269,29.72
113298,29.453
113328,30.057
113358,29.214
113388,30.137
113418,29.829
113447,29.095
113476,28.644
113505,29.355
113535,30.152
113566,30.262
113597,30.637
113627,30.439
113658,30.575
113690,32.452
113721,30.259
113751,30.459
113782,30.101
113812,30.631
113844,31.353
113874,30.543
113905,30.479
113940,34.865
113971,30.668
114002,30.751
114032,30.342
114063,30.492
114093,30.287
114123,30.216
114153,29.743
114184,30.284
114214,30.309
114245,30.441
114275,30.295
114306,30.55
114336,30.407
114366,30.189
114397,30.365
114427,30.127
114457,30.21
114487,29.301
114517,29.746
114547,30.215
114578,30.86
114608,30.318
114639,30.713
114670,30.653
114701,30.603
114731,30.84
114762,30.486
114792,30.065
114823,30.238
114853,30.149
114883,30.405
114914,30.731
114946,31.671
114977,30.508
115007,30.056
115037,30.059
115067,30.45
115098,30.169
115128,30.569
115158,29.856
115189,30.539
115219,30.478
115251,31.124
115282,30.823
115313,30.818
115343,30.797
115374,30.951
115406,31.053
115436,30.223
115467,30.921
115498,31.023
115529,30.896
115560,30.891
115591,30.504
115622,30.912
115653,31.11
115684,31.094
115715,30.869
115745,30.159
115776,30.29
115807,30.756
115838,31.176
115868,30.348
115899,30.737
115930,30.975
115961,30.57
115992,30.874
116022,30.014
116052,29.912
116083,30.458
116113,30.304
116144,30.376
116174,30.405
116205,30.41
116236,30.9
116266,30.343
116296,29.58
116326,29.896
116357,30.588
116387,30.488
116417,30.079
116448,30.318
116478,30.037
116508,30.448
116539,30.479
116570,30.955
116600,29.639
116632,31.82
116662,29.76
116693,30.895
116723,30.309
116754,30.735
116784,29.801
116814,30.098
116844,29.954
116874,29.878
116904,29.651
116934,29.856
116964,30.448
116994,29.717
117024,29.685
117054,30.342
117084,29.723
117116,31.43
117146,30.838
117178,31.595
117209,30.863
117242,32.796
117273,30.634
117304,31.075
117335,30.871
117366,31.189
117398,31.735
117429,31.219
117461,31.469
117492,31.345
117525,32.647
117556,30.533
117587,30.716
117618,30.855
117649,30.928
117680,31.206
117711,31.022
117743,31.649
117775,31.607
117805,30.735
117837,31.593
117868,30.718
117899,30.656
117930,31.472
117961,30.68
117992,30.81
118023,31.17
118055,31.225
118085,30.668
118116,30.768
118147,30.917
118179,31.525
118210,31.548
118241,30.693
118272,31.051
118303,30.63
118334,30.719
118366,31.478
118397,31.261
118428,31.002
118459,30.98
118491,31.516
118522,31.249
118553,31.244
118584,30.752
118615,30.593
118646,30.599
118677,31.422
118708,30.995
118740,31.642
118771,31.035
118803,31.773
118834,31.064
118865,30.679
118896,31.145
118930,33.873
118961,30.619
118992,30.772
119023,30.755
119055,31.917
119086,31.414
119118,31.96
119149,30.928
119180,31.134
119211,30.776
119242,30.708
119273,30.868
119304,30.601
119335,30.754
119366,30.756
119400,34.597
119431,31.07
119463,31.858
119495,31.593
119526,31.171
119558,31.283
119589,31.121
119621,31.624
119652,31.304
119684,31.518
119715,31.498
119746,31.056
119778,31.064
119809,30.843
119841,32.016
119872,30.948
119902,30.409
119933,30.888
119964,30.918
119995,31.15
120027,31.647
120058,30.993
120090,31.271
120121,31.099
120152,31.175
120184,31.324
120215,30.989
120247,31.921
120278,31.098
120309,30.784
120340,31.25
120372,31.398
120405,33.059
120437,32.085
120471,33.544
120503,31.964
120535,32.652
120569,33.119
120600,31.347
120632,31.772
120666,33.814
120698,32.099
120732,33.561
120764,32.204
120796,31.871
120828,31.427
120860,32.445
120891,31.319
120925,33.738
120956,30.869
120988,31.991
121021,32.429
121052,31.125
121086,33.421
121118,31.889
121149,31.323
121181,31.477
121213,31.858
121244,30.979
121275,31.044
121306,30.853
121337,30.723
121368,31.697
121401,32.184
121432,31.511
121465,32.246
121496,31.218
121528,32.15
121563,34.58
121595,31.587
121626,31.302
121657,31.096
121688,30.927
121720,31.503
121751,30.924
121782,30.699
121812,30.769
121844,31.133
121875,31.419
121907,31.512
121938,30.92
121971,32.609
122003,31.932
122034,31.719
122066,31.215
122097,31.062
122129,31.586
122160,31.032
122191,31.052
122222,30.936
122253,30.896
122284,31.174
122315,30.785
122346,30.966
122377,30.717
122408,30.935
122440,31.707
122472,31.639
122503,30.932
122537,34.727
122568,30.688
122603,34.623
122634,30.997
122669,35.237
122701,31.129
122732,30.947
122763,30.858
122793,30.72
122824,31.024
122855,30.412
122886,30.949
122917,30.595
122947,30.649
122981,33.652
123014,33.101
123046,31.417
123077,30.782
123108,30.651
123138,30.487
123169,30.778
123200,30.698
123230,30.489
123261,30.489
123292,31.087
123326,33.243
123357,31.383
123389,31.943
123421,32.027
123452,30.702
123484,31.517
123515,30.897
123546,31.177
123579,33.339
123610,30.85
123642,31.968
123674,31.245
123704,30.233
123736,31.315
123767,31.351
123798,30.572
123828,30.64
123859,30.566
123890,30.457
123920,30.449
123952,31.606
123983,30.8
124014,31.592
124045,30.707
124077,31.513
124107,30.403
124139,31.669
124170,30.796
124201,30.561
124232,31.57
124263,30.742
124295,31.343
124327,31.756
124357,30.436
124389,31.52
124420,30.922
124451,30.701
124481,30.619
124512,30.311
124542,30.45
124573,30.485
124604,30.59
124634,30.534
124665,30.312
124695,30.741
124726,30.359
124757,31.509
124788,30.758
124819,30.928
124850,30.14
124881,31.257
124912,31.03
124943,30.817
124973,30.295
125004,30.155
125034,30.379
125065,30.549
125095,30.265
125126,30.225
125156,30.572
125189,33.174
125221,31.195
125252,30.786
125284,32.032
125314,30.495
125347,32.838
125380,32.052
125411,31.473
125445,33.341
125475,30.791
125507,31.34
125540,33.214
125573,32.791
125604,31.205
125635,30.589
125666,30.848
125697,31.367
125729,31.326
125759,30.452
125790,30.478
125821,30.482
125851,30.554
125882,30.54
125912,30.429
125943,30.603
125974,30.385
126004,30.43
126035,30.682
126066,30.605
126096,30.261
126127,30.428
126157,30.292
126188,30.488
126218,30.489
126249,30.391
126279,30.434
126313,33.839
126348,34.822
126379,31.088
126411,31.785
126444,32.711
126475,31.156
126507,31.93
126540,32.121
126573,32.706
126605,32.528
126636,30.613
126667,31.1
126700,32.789
126731,31.356
126763,31.674
126795,31.388
126826,31.197
126858,31.72
126889,31.023
126920,30.802
126951,30.67
126982,30.859
127012,30.591
127043,30.833
127074,30.605
127105,31.143
127136,30.61
127167,30.71
127199,31.664
127231,32.549
127265,33.735
127297,31.675
127328,30.772
127362,33.694
127392,30.454
127424,32.036
127455,30.963
127486,30.768
127518,31.98
127551,32.346
127584,32.566
127616,32.133
127647,30.72
127679,32.539
127711,31.558
127744,32.422
127775,30.909
127805,30.57
127836,30.419
127867,30.875
127900,32.651
127930,30.598
127961,30.543
127999,38.219
128030,30.68
128061,30.719
128092,30.599
128122,30.686
128153,30.863
128184,30.763
128215,30.61
128246,30.738
128277,30.669
128307,30.633
128338,30.481
128368,30.478
128400,30.97
128431,30.829
128462,31.036
128493,30.84
128524,31.033
128554,30.276
128585,30.328
128615,30.736
128646,30.169
128677,30.877
128707,30.63
128739,31.297
128769,30.387
128800,30.273
128830,30.181
128860,29.967
128890,30.015
128921,30.389
128958,36.791
128989,31.498
129022,32.643
129053,30.701
129085,31.611
129116,31.658
129147,30.87
129178,30.803
129209,31.032
129241,31.128
129272,31.185
129303,31.044
129335,31.934
129368,32.397
129399,31.615
129431,31.711
129463,31.564
129494,30.582
129525,30.915
129556,31.221
129588,31.613
129618,30.598
129649,30.773
129680,31.124
129712,31.227
129743,30.863
129777,34.52
129808,30.882
129839,30.603
129871,31.277
129901,30.776
129937,35.844
129968,30.528
129999,31.2
130030,30.616
130061,30.574
130091,30.47
130122,30.551
130153,30.623
130183,30.575
130214,30.584
130245,30.372
130276,31.157
130307,30.813
130338,30.69
130369,30.806
130399,30.733
130430,30.873
130461,30.786
130492,30.923
130523,30.835
130555,31.184
130586,30.877
130617,31.05
130648,31.006
130679,31.384
130711,31.972
130743,31.899
130775,31.661
130807,32.061
130839,31.536
130871,32.001
130903,31.774
130935,32.093
130967,31.493
131000,32.63
131031,31.165
131063,32.116
131096,32.477
131130,34.419
131163,32.317
131195,32.679
131227,31.268
131258,31.102
131290,32.086
131321,30.96
131352,30.541
131385,33.17
131417,31.345
131447,30.47
131478,30.541
131509,30.853
131540,30.604
131570,30.818
131601,30.733
131632,30.722
131663,30.872
131694,30.711
131725,30.541
131755,30.662
131786,30.66
131817,30.656
131848,30.641
131879,30.851
131909,30.784
131940,30.755
131971,30.699
132002,30.753
132033,30.584
132064,30.749
132094,30.702
132125,30.787
132156,30.571
132186,30.372
132217,30.285
132247,30.279
132277,30.373
132308,30.235
132338,30.182
132368,30.448
132399,30.651
132430,30.532
132460,30.209
132491,30.463
132521,30.367
132552,30.589
132583,31.223
132614,30.918
132645,30.618
132676,30.888
132706,30.515
132737,30.617
132768,30.562
132799,30.841
132829,30.583
132860,30.294
132891,31.501
132922,30.748
132956,33.876
132987,30.848
133018,30.766
133056,37.791
133086,30.688
133117,30.819
133148,30.578
133179,30.596
133212,33.429
133243,30.804
133274,30.815
133305,30.596
133335,30.481
133366,30.416
133397,30.527
133427,30.446
133457,30.463
133489,31.471
133519,30.406
133550,30.405
133581,30.63
133612,30.873
133643,30.891
133673,30.739
133704,30.733
133735,30.482
133765,30.347
133796,30.389
133826,30.339
133856,30.298
133887,30.586
133924,37.196
133955,31.102
133986,31.084
134017,30.487
134048,30.735
134078,30.258
134108,30.169
134139,31.01
134171,31.253
134202,31.116
134234,31.888
134265,30.976
134296,31.012
134326,30.59
134357,30.476
134389,32.427
134420,30.953
134451,30.73
134484,32.645
134532,48.366
134563,30.487
134598,35.295
134630,31.639
134660,30.514
134691,30.259
134722,30.901
134752,30.438
134784,31.796
134814,30.535
134845,30.39
134876,30.796
134908,31.882
134942,34.451
134974,31.602
135006,32.272
135037,30.501
135069,31.943
135101,31.739
135131,30.463
135162,30.555
135192,30.321
135223,30.641
135253,30.353
135284,30.44
135314,30.486
135345,30.796
135376,30.475
135406,30.833
135437,30.87
135468,30.91
135499,30.933
135531,30.989
135561,30.645
135593,31.223
135623,30.497
135654,30.805
135685,31.154
135716,30.853
135747,30.617
135777,30.182
135808,30.406
135839,30.704
135869,30.496
135900,30.312
135930,30.153
135960,29.899
135991,30.739
136021,30.447
136051,30.066
136086,34.953
136116,29.545
136146,29.91
136176,29.684
136206,30.324
136238,31.937
136269,30.689
136299,30.089
136329,30.241
136359,30.075
136390,30.209
136420,30.71
136451,30.856
136482,30.718
136512,30.338
136543,30.262
136574,31.03
136604,30.517
136635,30.623
136665,30.305
136696,30.659
136726,30.309
136757,30.423
136787,30.391
136818,30.548
136847,29.56
136877,29.53
136907,29.78
136938,30.614
136968,30.553
136998,30.278
137029,30.133
137059,30.133
137089,30.537
137120,30.445
137150,30.311
137181,30.321
137211,30.369
137241,30.324
137272,30.4
137302,30.192
137332,30.28
137363,30.063
137392,29.569
137422,29.84
137452,29.86
137482,29.987
137512,29.899
137542,30.378
137573,30.418
137603,30.286
137634,30.399
137664,29.934
137694,30.05
137724,29.88
137753,29.736
137783,29.778
137813,29.87
137843,29.723
137872,29.352
137902,29.817
137932,30.295
137963,30.135
137993,29.844
138023,29.839
138052,29.562
138082,29.931
138112,29.729
138142,29.766
138172,30.041
138203,30.509
138232,29.814
138262,29.929
138293,30.112
138323,30.047
138353,29.661
138383,30.059
138412,29.711
138442,29.534
138472,29.608
138502,29.988
138532,30.22
138562,30.286
138592,29.812
138623,30.319
138653,30.2
138683,29.971
138713,30.228
138744,30.432
138774,30.102
138804,30.377
138835,30.278
138864,29.426
138893,29.006
138923,29.475
138952,29.131
138981,29.168
139011,30.035
139041,29.791
139071,29.314
139100,29.509
139130,29.489
139159,29.252
139188,28.942
139217,28.922
139246,28.88
139275,28.758
139304,28.991
139334,29.628
139363,29.526
139393,29.362
139422,29.174
139451,28.948
139480,28.892
139509,28.776
139538,29.489
139568,29.27
139598,29.856
139627,29.622
139656,28.804
139685,28.854
139714,29.006
139743,28.504
139771,28.714
139801,29.162
139829,28.624
139858,28.394
139886,28.426
139916,29.465
139946,30.298
139975,29.296
140005,29.16
140034,28.916
140062,28.736
140091,28.812
140121,29.29
140150,28.905
140178,28.669
140207,29.099
140236,28.548
140265,28.522
140294,28.882
140322,28.179
140350,28.078
140378,28.181
140406,28.234
140434,27.777
140462,27.856
140490,27.987
140518,28.219
140547,28.42
140575,28.133
140603,28.347
140632,28.893
140661,28.562
140690,29.399
140720,29.367
140749,28.724
140778,28.984
140807,28.985
140835,28.426
140863,28.174
140894,30.547
140923,29.008
140952,28.465
140980,28.249
141009,28.658
141037,28.333
141066,28.884
141095,28.954
141124,29.083
141153,28.796
141181,28.501
141210,28.785
141239,28.72
141268,29.021
141297,28.932
141326,28.858
141355,28.603
141383,28.753
141413,29.618
141443,29.744
141472,29.039
141502,29.741
141531,29.529
141561,29.287
141590,29.676
141620,29.622
141650,29.774
141679,29.631
141709,29.614
141739,29.556
141768,29.532
141798,29.401
141827,29.256
141856,28.926
141885,29.254
141915,29.929
141946,30.078
141975,29.746
142005,29.615
142035,29.736
142064,29.445
142094,29.539
142123,28.937
142152,29.221
142182,29.649
142212,29.622
142242,29.973
142271,29.615
142301,29.657
142331,29.591
142361,29.714
142390,29.257
142419,29.381
142449,29.586
142479,29.772
142509,30.229
142539,29.447
142568,29.406
142598,29.382
142627,29.756
142657,29.357
142686,29.655
142717,30.006
142746,29.584
142776,29.495
142805,29.648
142835,29.456
142864,29.359
142894,30.035
142924,29.191
142952,28.726
142981,28.952
143011,29.566
143040,28.973
143069,29.12
143098,29.137
143128,29.625
143157,29.166
143186,29.007
143216,29.45
143247,30.634
143276,29.677
143305,29.201
143335,29.444
143364,29.068
143393,29.018
143422,28.789
143451,29.391
143481,29.296
143510,29.498
143540,29.824
143570,29.713
143599,29.468
143629,29.794
143658,29.055
143687,28.732
143716,28.55
143744,28.466
143773,29.038
143803,29.441
143833,29.658
143862,28.863
143890,28.755
143920,29.694
143949,29.13
143978,28.661
144007,29.008
144037,29.294
144065,28.416
144094,28.651
144123,28.831
144152,28.731
144181,28.977
144210,28.935
144239,29.531
144269,29.715
144298,28.747
144327,28.939
144356,28.664
144384,28.392
144413,28.351
144442,28.993
144470,28.624
144500,29.438
144529,28.687
144557,28.836
144586,28.405
144615,28.925
144645,29.536
144674,29.33
144703,29.417
144733,29.002
144761,28.706
144791,29.224
144820,29.226
144849,28.939
144878,29.008
144907,28.773
144936,28.881
144965,28.842
144993,28.584
145022,28.613
145051,28.926
145079,28.539
145109,29.159
145138,29.119
145167,29.093
145196,29.534
145226,29.262
145255,29.145
145285,29.682
145314,28.816
145344,30.416
145373,29.231
145403,29.634
145432,29.404
145464,31.726
145496,31.739
145528,31.648
145557,28.902
145586,28.859
145616,30.524
145646,29.701
145677,30.804
145706,29.027
145736,29.633
145765,29.637
145795,29.59
145825,29.579
145854,29.091
145883,28.892
145913,29.977
145943,30.214
145973,29.9
146003,29.893
146034,30.262
146064,29.84
146093,29.88
146123,29.855
146153,29.111
146182,29.473
146212,29.633
146242,29.909
146272,29.758
146302,30.09
146332,29.786
146362,29.672
146391,29.479
146421,29.364
146450,29.705
146480,29.541
146509,28.943
146538,29.319
146569,30.292
146598,29.439
146630,31.743
146660,29.659
146690,29.888
146719,29.617
146749,29.484
146779,30.403
146809,29.626
146840,30.552
146869,29.624
146900,30.192
146930,30.414
146961,30.267
146991,30.779
147021,29.751
147051,29.618
147081,29.93
147111,30.128
147141,29.877
147170,29.071
147201,31.009
147231,29.618
147261,29.615
147291,30.477
147321,29.764
147351,29.775
147380,29.017
147409,29.332
147439,29.042
147468,29.073
147501,32.802
147530,29.417
147559,28.717
147587,28.491
147616,28.502
147645,28.861
147674,28.566
147704,30.675
147733,28.78
147762,29.027
147791,28.485
147820,29.007
147848,28.539
147877,28.908
147907,29.17
147936,29.288
147965,28.888
147994,29.453
148023,28.938
148052,28.899
148082,29.604
148111,28.734
148139,27.915
148167,28.397
148196,28.74
148224,28.507
148253,28.269
148281,28.188
148310,28.649
148338,28.537
148367,29.083
148396,28.917
148425,29.13
148454,28.755
148483,28.533
148511,28.704
148540,28.318
148568,28.052
148596,28.14
148625,28.794
148654,28.936
148682,28.448
148712,29.981
148742,29.574
148771,29.029
148801,29.839
148831,29.536
148860,29.644
148890,29.728
148920,29.738
148950,29.59
148978,28.432
149006,28.287
149035,28.617
149064,29.3
149093,28.658
149122,29.237
149150,27.942
149179,28.08
149207,28.672
149236,28.479
149266,29.882
149294,28.416
149323,29.094
149353,29.538
149382,28.704
149411,29.213
149440,28.541
149468,28.494
149497,28.821
149526,28.95
149555,28.7
149583,28.521
149612,28.186
149640,28.344
149669,28.373
149699,30.204
149728,29.064
149757,29.165
149786,29.141
149815,29.146
149845,29.041
149873,28.877
149902,28.812
149932,29.845
149961,29.289
149991,29.302
150020,29.441
150050,29.218
150081,31.46
150110,28.929
150140,29.622
150168,28.305
150197,29.352
150228,30.349
150259,31.043
150288,29.37
150319,30.91
150348,28.543
150378,30.479
150408,29.488
150438,29.592
150466,28.728
150496,29.555
150526,30.303
150555,28.443
150584,29.284
150613,28.803
150643,29.632
150672,28.943
150705,33.354
150734,28.732
150763,28.875
150792,28.617
150825,33.481
150855,29.398
150883,28.695
150914,30.886
150944,29.568
150973,29.236
151003,29.401
151033,29.868
151064,31.556
151093,28.808
151122,29.138
151151,28.968
151181,29.349
151211,29.851
151240,29.579
151269,28.557
151298,29.027
151330,31.929
151359,29.296
151389,29.987
151420,30.483
151451,31.486
151481,29.46
151510,29.427
151539,29.273
151569,29.762
151598,28.943
151630,32.152
151659,28.88
151688,28.939
151717,28.514
151748,30.768
151776,28.093
151805,29.455
151835,29.5
151865,29.71
151894,29.35
151923,28.843
151954,31.391
151983,28.983
152012,28.931
152043,30.205
152071,28.449
152099,28.19
152128,28.593
152157,29.396
152188,30.551
152218,29.785
152247,29.0
152277,29.744
152305,28.182
152333,27.935
152361,28.203
152389,28.215
152418,28.783
152447,28.682
152475,28.341
152505,29.473
152535,29.779
152565,30.1
152594,29.119
152623,28.551
152652,28.95
152684,31.688
152713,29.087
152743,29.875
152773,30.081
152802,29.534
152833,30.56
152862,29.166
152893,30.4
152924,31.149
152954,30.059
152984,29.743
153015,30.767
153045,30.479
153076,30.598
153105,28.926
153134,29.296
153165,31.151
153195,29.422
153228,33.031
153258,29.423
153289,31.755
153319,29.38
153350,31.021
153380,29.899
153410,30.025
153440,29.907
153470,29.615
153499,29.67
153529,30.067
153559,29.087
153588,29.524
153617,29.152
153647,29.435
153679,32.177
153709,30.271
153739,29.374
