5,4.63
9,3.838
19,9.708
23,3.758
28,4.713
31,3.7
35,4.125
39,4.039
43,3.569
47,4.024
51,3.695
55,3.71
59,4.04
62,3.686
66,3.682
70,4.177
74,3.717
78,4.031
82,4.129
86,3.853
90,3.713
94,3.924
98,3.732
102,3.872
105,3.59
109,3.591
113,3.933
117,3.685
121,3.99
125,4.485
129,3.882
133,3.76
137,4.308
141,3.913
145,3.866
149,3.663
153,3.866
157,3.922
161,3.887
164,3.768
168,3.977
172,3.833
176,3.656
180,3.61
184,3.777
188,3.92
191,3.757
195,3.749
199,4.152
203,3.818
207,4.038
212,4.487
216,3.822
220,3.853
224,4.031
228,3.913
232,3.972
236,4.216
240,4.079
244,3.805
248,3.751
252,4.188
256,4.217
260,3.488
264,4.21
268,4.099
272,3.852
276,4.181
280,4.112
284,3.864
289,4.28
292,3.79
296,3.618
301,4.496
304,3.812
308,3.841
312,3.89
316,3.762
320,3.94
324,3.866
328,4.042
332,4.039
336,3.777
340,3.711
345,4.98
349,3.908
354,5.251
358,3.875
362,3.662
365,3.709
369,3.705
373,3.901
377,3.749
380,3.437
385,4.589
389,3.602
392,3.718
396,3.787
400,3.786
404,3.642
407,3.521
411,3.642
415,3.634
418,3.504
422,3.626
425,3.384
429,3.428
432,3.599
436,3.587
440,3.596
443,3.499
447,3.381
450,3.71
454,3.624
457,3.385
461,3.42
465,4.311
469,3.513
472,3.421
476,3.472
479,3.542
483,3.247
486,3.362
489,3.431
493,3.377
496,3.428
500,3.51
503,3.527
507,3.502
511,3.721
514,3.673
518,3.515
522,3.619
525,3.388
529,3.416
532,3.33
535,3.344
540,4.25
543,3.598
547,3.329
550,3.479
554,3.382
557,3.542
561,3.487
564,3.504
568,3.662
571,3.548
575,3.487
579,3.533
582,3.449
586,3.836
590,3.67
593,3.805
597,3.758
601,3.868
605,3.747
609,3.682
613,4.006
616,3.579
620,3.707
624,3.779
628,3.747
632,3.787
635,3.836
639,3.69
643,3.764
647,3.86
651,3.837
660,9.407
664,3.67
668,3.911
672,3.879
676,3.957
680,3.692
683,3.798
688,4.742
692,3.651
696,3.615
699,3.738
703,3.589
707,3.66
710,3.527
714,3.886
718,4.047
722,3.813
726,3.59
729,3.541
733,3.571
736,3.422
740,3.552
744,3.778
747,3.517
751,3.7
755,3.894
759,4.421
763,3.9
767,3.693
771,4.042
775,3.79
779,3.738
783,3.802
786,3.804
790,3.669
794,3.817
798,3.759
801,3.571
805,3.712
809,3.707
813,3.639
816,3.556
820,3.713
824,3.631
827,3.507
831,4.183
835,3.596
839,3.586
842,3.55
846,3.618
850,3.58
853,3.387
857,3.55
860,3.503
864,3.586
867,3.506
871,3.337
874,3.438
877,3.277
881,3.494
884,3.322
888,3.63
892,3.523
896,3.956
899,3.902
903,3.665
907,3.965
911,4.155
916,4.243
919,3.589
923,3.312
926,3.332
930,3.542
933,3.575
937,3.567
941,3.674
944,3.613
948,3.704
951,3.524
955,3.858
959,3.559
963,4.005
967,3.558
970,3.356
973,3.411
977,3.42
980,3.254
984,3.327
987,3.325
990,3.31
994,3.709
998,3.508
1001,3.383
1004,3.251
1008,3.18
1011,3.269
1014,3.163
1017,2.955
1020,3.329
1024,3.735
1028,3.325
1031,3.382
1034,3.336
1038,3.319
1041,3.224
1044,3.187
1048,3.29
1051,3.53
1055,3.455
1058,3.429
1061,3.314
1065,3.253
1068,3.076
1071,3.35
1075,3.456
1078,3.346
1082,3.764
1085,3.264
1089,3.306
1092,3.367
1095,3.378
1099,3.378
1102,3.244
1105,3.389
1109,3.354
1112,3.318
1115,3.226
1119,3.464
1122,3.307
1126,3.333
1129,3.327
1132,3.383
1136,3.405
1140,3.965
1143,3.31
1147,3.358
1150,3.397
1153,3.201
1157,3.302
1160,3.323
1163,3.241
1166,3.094
1170,3.4
1173,3.318
1177,3.388
1180,3.314
1183,3.429
1187,3.329
1190,3.391
1194,3.817
1197,3.292
1201,3.28
1204,3.262
1207,3.258
1211,3.149
1214,3.214
1217,3.29
1220,3.231
1224,3.17
1227,3.223
1230,3.254
1233,3.169
1237,3.269
1240,3.234
1243,3.171
1246,3.244
1250,3.957
1254,3.355
1258,3.748
1261,3.617
1265,3.477
1268,3.446
1272,3.508
1275,3.395
1279,3.252
1282,3.343
1285,3.28
1289,3.447
1292,3.28
1295,3.072
1299,3.336
1302,3.556
1306,3.366
1309,3.343
1312,3.149
1315,3.283
1319,3.153
1322,3.353
1325,3.401
1329,3.132
1332,3.31
1335,3.329
1339,3.487
1350,10.718
1354,3.946
1357,3.463
1360,3.287
1364,3.515
1368,3.702
1371,3.306
1374,3.261
1385,10.593
1389,4.154
1393,3.481
1396,3.492
1400,3.953
1404,3.683
1408,3.851
1411,3.31
1414,3.089
1418,3.16
1421,3.122
1424,3.486
1428,3.16
1431,3.408
1434,3.38
1438,3.855
1441,3.135
1445,3.443
1448,3.185
1451,3.09
1455,3.456
1458,3.481
1462,3.516
1465,3.266
1468,3.049
1472,3.426
1475,3.42
1478,3.04
1482,3.38
1485,3.551
1488,2.851
1492,3.315
1495,3.402
1498,3.068
1501,3.277
1505,3.275
1508,3.038
1511,3.384
1515,3.205
1518,3.032
1521,3.28
1524,2.954
1527,3.245
1530,3.183
1534,3.304
1537,3.226
1541,4.268
1545,3.243
1548,3.15
1551,3.564
1555,3.221
1558,3.693
1562,3.15
1565,3.588
1569,3.422
1572,3.557
1576,3.68
1580,3.605
1583,3.65
1587,3.359
1590,3.19
1593,3.223
1597,3.511
1600,3.298
1604,3.702
1607,3.483
1611,3.55
1615,3.635
1618,3.518
1622,3.717
1627,4.466
1630,3.086
1633,3.266
1636,3.359
1640,3.531
1644,3.602
1647,3.587
1651,3.266
1654,3.613
1658,3.539
1661,3.397
1665,3.518
1668,3.368
1672,3.714
1675,3.362
1679,3.311
1682,3.632
1686,3.749
1690,3.546
1693,3.377
1697,3.506
1700,3.389
1704,3.592
1708,4.531
1712,3.572
1716,3.745
1719,3.478
1723,3.408
1726,3.411
1730,3.376
1733,3.197
1736,3.309
1739,3.17
1743,3.228
1746,3.343
1749,3.169
1753,3.416
1756,3.237
1759,3.413
1764,4.179
1767,3.458
1770,3.33
1774,3.47
1778,3.662
1781,3.359
1785,3.52
1788,3.402
1791,3.329
1795,3.353
1798,3.39
1802,3.566
1805,3.579
1809,3.538
1813,3.454
1816,3.504
1820,3.577
1824,4.269
1827,3.353
1831,3.295
1834,3.395
1838,3.357
1841,3.395
1845,3.579
1848,3.551
1852,3.59
1856,3.686
1859,3.487
1863,3.428
1866,3.507
1870,3.342
1873,3.355
1877,3.568
1880,3.299
1884,4.16
1887,3.373
1891,3.399
1894,3.43
1898,3.31
1901,3.347
1905,3.418
1908,3.33
1911,3.486
1915,3.317
1918,3.478
1922,3.279
1925,3.37
1929,3.556
1932,3.557
1936,3.499
1940,4.144
1943,3.332
1947,3.408
1950,3.586
1954,3.589
1958,3.585
1961,3.72
1965,3.609
1969,3.71
1973,3.661
1976,3.512
1980,3.591
1984,3.728
1987,3.583
1991,3.599
1994,3.642
1998,3.665
2002,4.223
2006,3.631
2010,3.54
2013,3.66
2017,3.496
2020,3.537
2024,3.434
2028,3.657
2032,3.982
2035,3.578
2039,3.658
2043,3.555
2046,3.39
2049,3.254
2053,3.649
2057,3.523
2061,4.205
2064,3.551
2068,3.334
2071,3.573
2075,3.427
2078,3.304
2082,3.491
2085,3.315
2089,3.603
2092,3.531
2096,3.687
2100,3.556
2103,3.42
2107,3.534
2110,3.765
2114,3.541
2117,3.383
2122,4.258
2125,3.384
2129,3.522
2132,3.403
2136,3.482
2139,3.24
2142,3.31
2146,3.518
2149,3.268
2153,3.386
2156,3.354
2160,3.556
2163,3.307
2166,3.552
2170,3.439
2173,3.27
2177,4.053
2181,3.352
2184,3.456
2187,3.117
2191,3.33
2194,3.383
2198,3.403
2201,3.44
2205,3.57
2208,3.271
2212,3.491
2215,3.562
2219,3.579
2222,3.628
2226,3.508
2230,3.55
2239,9.646
2243,3.508
2246,3.526
2250,3.631
2253,3.415
2257,3.515
2261,3.659
2264,3.521
2268,3.547
2271,3.473
2275,3.614
2279,3.447
2282,3.457
2285,3.362
2289,3.363
2292,3.247
2295,3.183
2299,3.262
2303,4.132
2306,3.247
2309,3.302
2313,3.304
2316,3.44
2320,3.375
2323,3.428
2327,3.522
2330,3.414
2334,3.551
2338,3.7
2341,3.468
2345,3.54
2348,3.48
2352,3.789
2355,3.418
2359,3.428
2363,4.076
2367,3.471
2370,3.467
2373,3.282
2377,3.518
2380,3.483
2384,3.202
2387,3.417
2390,3.172
2394,3.228
2397,3.309
2400,3.239
2404,3.367
2407,3.354
2410,3.284
2414,3.347
2418,4.259
2425,6.987
2429,3.71
2432,3.338
2435,3.283
2439,3.343
2442,3.269
2445,3.349
2449,3.267
2452,3.366
2455,3.313
2459,3.523
2463,3.443
2466,3.479
2470,3.457
2473,3.452
2476,3.274
2480,3.771
2483,3.28
2487,3.368
2490,3.414
2494,3.509
2497,3.365
2501,3.401
2504,3.361
2508,3.454
2511,3.551
2515,3.385
2518,3.367
2521,3.169
2525,3.361
2528,3.425
2532,3.386
2536,4.134
2539,3.727
2543,3.606
2547,3.363
2550,3.48
2553,3.434
2557,3.513
2560,3.414
2564,3.57
2568,3.376
2571,3.468
2575,3.585
2578,3.4
2582,3.717
2585,3.219
2588,3.127
2592,3.262
2596,4.138
2599,3.382
2603,3.375
2606,3.355
2609,3.28
2613,3.172
2616,3.074
2619,3.273
2622,3.124
2626,3.394
2629,3.324
2632,3.38
2636,3.235
2639,3.334
2642,3.285
2646,3.239
2649,3.814
2653,3.222
2656,3.46
2660,3.44
2663,3.497
2667,3.402
2670,3.536
2674,3.584
2678,3.645
2681,3.426
2684,3.431
2688,3.391
2692,3.6
2695,3.433
2698,3.399
2702,3.588
2706,3.502
2710,4.053
2713,3.543
2717,3.485
2720,3.395
2724,3.411
2727,3.411
2731,3.392
2734,3.415
2738,3.587
2741,3.374
2745,3.4
2748,3.423
2751,3.377
2755,3.434
2758,3.335
2762,3.513
2766,4.59
2770,3.517
2773,3.41
2777,3.412
2780,3.153
2783,3.305
2787,3.286
2790,3.183
2793,3.16
2797,3.359
2800,3.307
2803,3.22
2806,2.969
2810,3.425
2813,3.344
2816,3.302
2819,3.114
2823,3.368
2826,3.296
2830,3.359
2833,3.341
2836,3.494
2840,3.289
2843,3.299
2847,3.421
2850,3.441
2853,3.354
2857,3.605
2861,3.6
2864,3.451
2868,3.309
2871,3.482
2874,3.268
2878,3.258
2882,3.835
2885,3.396
2888,3.209
2892,3.307
2895,3.385
2898,3.41
2902,3.191
2905,3.299
2908,3.37
2912,3.109
2915,3.4
2918,3.401
2922,3.408
2926,3.589
2929,3.379
2933,3.52
2936,3.478
2940,4.28
2944,3.95
2948,3.32
2951,3.38
2955,3.401
2958,3.471
2961,2.869
2964,3.181
2968,3.271
2971,3.205
2974,2.956
2977,3.329
2981,3.434
2984,3.389
2987,3.255
2990,2.891
2993,3.019
2997,3.291
3000,3.311
3003,3.432
3007,3.505
3010,3.262
3015,4.156
3018,3.021
3021,2.924
3024,3.358
3027,3.133
3030,3.218
3033,2.962
3037,3.473
3040,3.472
3044,3.493
3048,3.56
3051,3.357
3054,3.257
3058,3.675
3062,3.783
3065,3.472
3069,3.342
3072,3.548
3075,3.059
3079,4.003
3083,3.434
3087,3.764
3090,3.488
3094,3.669
3097,3.566
3101,2.974
3104,3.453
3107,3.333
3111,3.116
3114,3.253
3117,2.883
3120,2.969
3123,2.95
3126,3.248
3130,3.427
3133,3.134
3136,3.277
3139,3.145
3142,3.103
3146,3.26
3150,3.889
3153,3.453
3157,3.412
3160,3.336
3163,3.406
3167,3.436
3171,3.681
3174,3.513
3177,3.368
3181,3.408
3184,3.354
3188,3.475
3191,3.441
3195,3.293
3198,3.448
3202,3.44
3205,3.478
3209,3.63
3212,3.301
3215,3.321
3219,3.317
3222,3.238
3226,3.449
3229,3.269
3232,3.327
3236,3.329
3239,3.426
3242,3.211
3246,3.22
3249,3.46
3252,3.266
3256,3.321
3259,3.417
3263,3.853
3266,3.19
3269,3.013
3273,3.383
3276,3.343
3280,3.401
3283,3.086
3286,3.248
3289,3.189
3292,3.164
3296,3.312
3299,3.246
3303,3.573
3306,3.549
3310,3.676
3314,3.49
3317,3.655
3321,4.08
3325,3.517
3328,3.536
3332,3.437
3335,3.396
3339,3.308
3342,3.452
3346,3.397
3349,3.4
3353,3.353
3356,3.276
3359,3.347
3363,3.396
3366,3.485
3370,3.778
3373,3.036
3377,3.654
3380,3.519
3384,3.992
3388,3.378
3391,3.406
3395,3.344
3398,3.404
3402,3.543
3405,3.304
3409,3.442
3412,3.373
3415,3.386
3419,3.345
3422,3.431
3426,3.631
3430,3.6
3433,3.394
3436,3.342
3440,3.192
3444,4.078
3447,3.37
3451,3.333
3454,3.103
3457,2.901
3460,3.296
3463,3.526
3467,3.524
3471,3.495
3474,3.375
3477,3.339
3481,3.283
3484,3.326
3487,3.316
3491,3.07
3494,3.355
3497,3.424
3501,3.325
3505,3.778
3508,3.195
3511,3.28
3514,3.3
3518,3.286
3521,3.277
3524,3.244
3528,3.272
3531,3.433
3534,3.281
3538,3.257
3541,3.318
3544,3.237
3548,3.313
3551,3.354
3555,3.381
3558,3.678
3561,2.935
3565,3.644
3568,3.125
3571,3.357
3575,3.371
3578,3.226
3581,3.296
3585,3.195
3588,3.002
3591,3.414
3594,3.235
3598,3.368
3601,2.723
3604,3.347
3607,3.356
3611,3.415
3614,2.851
3617,3.324
3621,3.617
3624,3.535
3629,4.292
3632,3.285
3635,3.274
3639,3.268
3642,3.313
3645,3.294
3649,3.408
3652,3.387
3656,3.554
3659,3.444
3663,3.292
3667,4.103
3670,3.671
3674,3.768
3678,3.669
3682,3.529
3685,3.605
3690,4.501
3693,3.4
3697,3.506
3700,3.471
3704,3.263
3707,3.394
3711,3.578
3714,3.551
3718,3.451
3721,3.303
3724,3.406
3728,3.33
3731,3.474
3735,3.385
3738,3.351
3742,3.479
3745,3.452
3749,3.953
3752,3.255
3756,3.428
3759,3.5
3768,8.893
3778,9.336
3781,3.652
3785,3.499
3788,3.498
3792,3.602
3796,3.429
3799,3.539
3803,3.347
3806,3.39
3810,3.652
3813,3.545
3817,3.403
3820,3.458
3824,3.342
3827,3.571
3831,3.588
3834,3.563
3838,3.532
3842,3.533
3845,3.406
3848,3.424
3852,3.383
3855,3.445
3859,3.556
3862,3.431
3866,3.427
3869,3.572
3873,3.389
3877,4.115
3880,3.352
3884,3.405
3887,3.379
3891,3.473
3895,3.744
3899,4.469
3903,3.569
3906,3.543
3910,3.568
3914,3.593
3917,3.671
3921,3.597
3925,3.614
3928,3.521
3932,3.779
3935,3.534
3940,4.56
3944,3.434
3947,3.832
3951,3.614
3955,3.742
3959,3.654
3962,3.608
3966,3.519
3969,3.609
3980,10.136
3983,3.732
3987,3.695
3991,3.59
3994,3.503
3998,3.477
4001,3.514
4006,4.443
4009,3.446
4013,3.595
4017,3.704
4020,3.537
4024,3.587
4027,3.614
4031,3.563
4035,3.456
4038,3.465
4042,3.522
4045,3.472
4049,3.539
4052,3.514
4056,3.599
4059,3.43
4063,3.493
4066,3.492
4070,3.502
4074,3.508
4077,3.207
4080,3.39
4084,3.564
4087,3.264
4091,3.497
4094,3.534
4098,3.474
4101,3.603
4105,3.533
4108,3.457
4112,3.566
4116,3.553
4119,3.471
4122,3.127
4126,3.812
4130,3.549
4134,4.07
4137,3.495
4141,3.369
4144,3.578
4148,3.377
4151,3.549
4155,3.501
4158,3.502
4162,3.528
4165,3.176
4169,3.423
4172,3.428
4176,3.365
4179,3.431
4182,3.319
4186,3.399
4189,3.445
4193,3.985
4197,3.419
4200,3.437
4204,3.377
4207,3.229
4210,3.449
4214,3.473
4218,3.487
4221,3.263
4224,3.248
4227,3.29
4231,3.319
4234,3.273
4238,3.475
4241,3.209
4244,3.403
4248,3.925
4252,3.278
4255,3.436
4258,3.254
4262,3.343
4265,3.368
4269,3.368
4272,3.268
4275,3.381
4279,3.576
4282,3.272
4285,3.193
4289,3.25
4292,3.462
4296,3.505
4299,3.499
4303,3.529
4307,4.074
4310,3.411
4314,3.215
4317,3.336
4320,3.18
4324,3.298
4327,3.511
4331,3.504
4334,3.316
4338,3.493
4341,3.444
4345,3.458
4348,3.36
4351,3.32
4355,3.39
4358,3.332
4362,3.982
4365,3.334
4369,3.429
4372,3.437
4376,3.385
4379,3.352
4383,3.459
4386,3.573
4390,3.591
4393,3.302
4397,3.385
4400,3.533
4404,3.419
4407,3.466
4411,3.404
4414,3.293
4418,3.585
4422,4.614
4426,3.545
4430,3.581
4433,3.603
4437,3.351
4440,3.381
4443,3.292
4446,2.924
4450,3.483
4453,3.541
4457,3.497
4461,3.559
4464,3.433
4467,3.417
4471,3.465
4474,3.367
4478,3.608
4481,3.477
4485,3.453
4488,3.28
4492,3.256
4495,3.576
4499,3.404
4502,3.182
4505,3.321
4509,3.356
4512,3.244
4515,3.25
4519,3.264
4522,3.249
4525,3.429
4529,3.522
4532,3.504
4536,3.407
4540,4.284
4544,3.373
4547,3.486
4551,3.451
4554,3.46
4558,3.511
4561,3.313
4564,3.484
4568,3.203
4571,3.459
4574,3.271
4578,3.397
4581,3.361
4585,3.522
4588,3.297
4592,3.4
4595,3.517
4599,3.831
4603,3.505
4606,3.476
4609,3.355
4613,3.423
4616,3.433
4620,3.504
4623,3.456
4627,3.437
4630,3.485
4634,3.494
4637,3.321
4641,3.473
4644,3.315
4647,3.319
4651,3.385
4655,3.784
4658,3.489
4662,3.428
4665,3.608
4669,3.293
4672,3.625
4676,3.511
4679,3.475
4683,3.44
4686,3.374
4690,3.412
4693,3.467
4697,3.474
4700,3.371
4704,3.3
4707,3.503
4711,3.47
4715,3.989
4718,3.346
4721,3.365
4725,3.379
4728,3.522
4732,3.507
4736,3.599
4739,3.46
4743,3.406
4746,3.412
4749,3.426
4753,3.45
4756,3.431
4760,3.379
4763,3.205
4767,3.501
4770,3.411
4774,4.158
4778,3.254
4781,3.51
4785,3.42
4788,3.51
4791,3.348
4795,3.499
4798,3.384
4802,3.626
4805,3.273
4809,3.459
4812,3.225
4816,3.39
4819,3.441
4823,3.468
4826,3.384
4830,3.905
4833,3.409
4837,3.203
4840,3.347
4844,3.49
4847,3.192
4850,3.39
4854,3.425
4857,3.409
4860,3.306
4864,3.273
4867,3.506
4871,3.303
4874,3.376
4877,3.223
4881,3.336
4884,3.304
4888,4.193
4892,3.52
4895,3.323
4898,3.269
4902,3.332
4905,3.51
4909,3.36
4913,4.265
4917,3.542
4920,3.351
4924,3.391
4927,3.243
4930,3.468
4934,3.592
4937,3.465
4941,3.39
4945,4.445
4949,3.276
4952,3.473
4956,3.575
4959,3.42
4963,3.345
4966,3.463
4969,3.313
4973,3.45
4976,3.372
4980,3.246
4983,3.342
4986,3.36
4990,3.314
4993,3.263
4997,3.41
5000,3.388
5004,4.059
5007,3.25
5011,3.207
5014,3.48
5018,3.358
5021,3.401
5024,3.453
5028,3.286
5031,3.501
5035,3.259
5038,3.343
5041,3.302
5045,3.535
5048,3.5
5052,3.61
5056,3.728
5060,4.476
5064,3.656
5068,3.51
5071,3.562
5075,3.508
5078,3.465
5082,3.692
5086,3.55
5089,3.456
5093,3.432
5096,3.55
5100,3.439
5103,3.397
5107,3.469
5110,3.339
5114,3.611
5117,3.164
5120,3.199
5123,3.437
5127,3.332
5131,3.421
5135,3.653
5139,3.576
5142,3.53
5146,3.625
5149,3.434
5153,3.636
5157,3.516
5160,3.211
5163,3.368
5167,3.529
5170,3.445
5174,3.329
5178,4.092
5182,3.659
5185,3.581
5189,3.526
5192,3.401
5196,3.45
5199,3.522
5203,3.603
5206,3.413
5210,3.494
5213,3.393
5217,3.531
5220,3.547
5229,8.678
5233,3.564
5236,3.483
5240,3.525
5244,4.022
5247,3.587
5251,3.536
5255,3.457
5258,3.367
5261,3.19
5265,3.423
5268,3.334
5271,3.322
5275,3.411
5278,3.386
5282,3.305
5285,3.427
5289,3.629
5292,3.397
5295,3.288
5303,7.705
5307,3.474
5310,3.3
5314,3.366
5317,3.271
5320,3.287
5324,3.406
5327,3.392
5339,12.071
5343,3.518
5347,3.723
5350,3.367
5353,3.257
5357,3.356
5360,3.385
5364,3.466
5367,3.207
5371,4.041
5374,3.383
5378,3.366
5381,3.412
5385,3.4
5388,3.363
5391,3.229
5395,3.159
5398,3.39
5401,3.512
5405,3.405
5408,3.23
5412,3.298
5415,3.278
5418,3.371
5422,3.475
5426,4.015
5429,3.39
5433,3.523
5436,3.281
5440,3.422
5443,3.295
5447,3.527
5450,3.265
5453,3.553
5457,3.368
5460,3.639
5464,3.483
5468,3.88
5472,4.316
5477,4.268
5481,4.3
5485,3.9
5490,5.001
5494,4.224
5498,4.221
5503,4.224
5507,3.891
5511,4.209
5515,4.162
5519,3.497
5522,3.472
5526,3.578
5529,3.391
5533,3.488
5536,3.649
5540,3.561
5544,4.384
5548,3.889
5552,3.824
5557,4.792
5561,4.1
5565,3.764
5569,3.599
5572,3.346
5575,3.454
5579,3.348
5582,3.494
5586,3.719
5590,3.441
5593,3.269
5596,3.464
5600,3.389
5604,3.657
5607,3.493
5611,3.497
5614,3.475
5618,4.157
5622,3.437
5625,3.354
5629,3.377
5632,3.452
5636,3.423
5639,3.727
5643,3.514
5647,3.686
5650,3.615
5659,8.664
5663,3.674
5666,3.607
5670,3.63
5674,3.641
5678,3.783
5683,4.954
5686,3.561
5690,3.765
5694,3.48
5697,3.493
5701,3.55
5704,3.362
5708,3.447
5711,3.199
5714,3.369
5718,3.452
5721,3.43
5725,3.385
5728,3.392
5731,3.317
5735,3.192
5738,3.343
5742,4.211
5746,3.35
5749,3.395
5753,3.387
5756,3.112
5759,3.594
5763,3.421
5766,3.402
5769,3.052
5773,3.33
5776,3.484
5780,3.421
5783,3.328
5786,3.396
5790,3.254
5793,3.35
5797,3.457
5800,3.285
5804,3.552
5807,3.303
5811,4.002
5814,3.459
5818,3.36
5821,3.462
5824,2.994
5828,3.294
5831,3.002
5834,3.41
5838,3.311
5841,3.301
5844,3.225
5848,3.324
5851,3.3
5854,3.154
5858,3.425
5861,3.586
5864,3.13
5868,3.488
5871,3.22
5874,2.996
5877,3.123
5881,3.675
5885,4.071
5889,3.367
5892,3.441
5895,3.027
5899,3.451
5903,4.037
5906,3.379
5910,3.648
5913,3.609
5917,3.525
5920,3.272
5924,3.379
5927,3.236
5930,3.407
5934,3.495
5937,3.277
5941,3.336
5944,3.414
5948,3.492
5951,3.02
5955,4.066
5958,3.472
5962,3.557
5966,3.701
5969,3.463
5973,3.454
5976,3.364
5980,3.842
5984,3.822
5988,3.86
5991,3.719
5995,3.74
5999,3.903
6003,3.791
6007,3.702
6011,3.759
6015,4.668
6019,3.698
6023,3.889
6026,3.53
6030,3.575
6034,3.826
6038,3.607
6041,3.478
6045,3.657
6049,3.797
6053,3.877
6056,3.779
6060,3.899
6064,3.94
6068,3.872
6072,3.711
6076,3.646
6080,4.165
6084,3.815
6087,3.687
6091,3.588
6095,3.572
6098,3.586
6102,3.666
6105,3.539
6109,3.511
6113,3.615
6117,3.803
6120,3.878
6124,3.671
6128,3.457
6132,3.855
6135,3.679
6139,3.536
6143,4.306
6147,3.625
6150,3.572
6154,3.553
6158,3.631
6161,3.657
6165,3.397
6168,3.458
6172,3.287
6175,3.507
6179,3.543
6182,3.485
6186,3.592
6190,3.58
6193,3.455
6197,3.747
6201,4.506
6205,3.447
6208,3.343
6212,3.533
6215,3.496
6219,3.345
6222,3.509
6226,3.681
6229,3.325
6233,3.814
6237,3.552
6240,3.647
6244,3.516
6247,3.445
6251,3.627
6255,3.593
6258,3.46
6263,4.58
6266,3.181
6270,3.616
6273,3.463
6277,3.488
6280,3.604
6284,3.612
6288,3.792
6291,3.452
6295,3.249
6298,3.468
6302,3.855
6306,3.454
6309,3.502
6313,3.599
6316,3.684
6320,3.62
6324,3.515
6328,4.238
6332,3.52
6336,4.022
6339,3.775
6343,3.851
6347,3.773
6351,3.742
6355,3.835
6359,3.936
6362,3.726
6366,3.497
6370,3.683
6374,3.814
6377,3.699
6381,3.714
6385,3.592
6388,3.473
6393,4.541
6397,3.659
6400,3.722
6404,3.611
6408,3.786
6412,3.822
6416,4.014
6419,3.583
6423,3.655
6427,3.58
6430,3.47
6434,3.781
6438,3.548
6441,3.864
6445,3.735
6449,3.867
6454,4.581
6458,3.705
6461,3.564
6465,3.719
6469,3.764
6472,3.665
6476,3.67
6480,3.665
6484,3.666
6487,3.551
6491,3.739
6494,3.472
6498,3.556
6501,3.349
6505,3.481
6508,3.424
6512,3.429
6516,4.318
6519,3.253
6523,3.521
6527,3.617
6530,3.383
6533,3.405
6537,3.516
6541,3.688
6545,3.721
6548,3.53
6552,3.656
6555,3.649
6559,3.584
6563,3.585
6566,3.656
6570,3.701
6575,4.55
6578,3.557
6582,3.622
6586,3.788
6589,3.597
6593,3.631
6597,3.539
6600,3.45
6604,3.727
6608,3.592
6611,3.656
6615,3.528
6618,3.596
6622,3.669
6626,3.562
6630,3.707
6633,3.701
6637,4.166
6641,3.563
6645,3.597
6648,3.319
6652,3.625
6655,3.639
6659,3.732
6663,3.591
6667,3.785
6670,3.516
6674,3.797
6677,3.285
6681,3.495
6684,3.472
6688,3.435
6691,3.437
6695,4.085
6699,3.552
6703,3.554
6706,3.606
6710,3.698
6714,3.576
6717,3.261
6721,3.617
6724,3.574
6727,3.077
6731,3.429
6734,3.589
6738,3.536
6742,3.75
6745,3.519
6749,3.572
6753,3.674
6756,3.601
6760,3.699
6769,8.649
6772,3.7
6776,3.618
6780,3.624
6783,3.542
6787,3.724
6791,3.824
6795,3.511
6798,3.676
6802,3.986
6806,3.419
6809,3.555
6813,3.524
6816,3.531
6820,3.518
6824,3.499
6836,12.469
6840,3.702
6844,3.713
6847,3.492
6851,3.573
6854,3.565
6858,3.685
6862,3.636
6865,3.626
6869,3.605
6873,3.605
6876,3.413
6880,3.688
6883,3.584
6887,3.722
6891,3.408
6894,3.517
6899,4.379
6902,3.309
6905,3.49
6909,3.625
6913,3.531
6916,3.093
6919,2.989
6922,3.391
6926,3.608
6930,3.574
6933,3.609
6937,3.584
6941,3.841
6944,3.24
6948,3.517
6951,3.317
6954,3.283
6958,3.404
6961,3.393
6965,4.125
6968,2.911
6971,3.279
6975,3.163
6978,3.508
6981,3.225
6985,3.469
6988,3.346
6992,3.625
6996,3.591
6999,3.517
7003,3.594
7006,3.388
7010,3.351
7013,3.351
7016,3.358
7020,3.577
7024,3.424
7027,3.404
7030,3.276
7034,3.646
7037,3.439
7041,3.554
7045,3.529
7048,3.415
7052,3.696
7055,3.442
7059,3.151
7062,3.38
7065,3.39
7069,3.319
7072,3.482
7076,3.673
7079,3.487
7084,4.148
7087,3.566
7091,3.566
7095,3.659
7098,3.497
7102,3.441
7105,3.378
7108,3.356
7112,3.277
7115,3.425
7118,3.322
7122,3.298
7125,3.308
7129,3.504
7132,3.32
7135,3.314
7139,3.211
7143,4.016
7146,3.413
7149,3.262
7153,3.362
7156,3.254
7159,3.247
7163,3.389
7166,3.282
7169,3.366
7173,3.366
7176,3.289
7180,3.272
7183,3.409
7186,3.349
7190,3.371
7193,3.394
7197,4.268
7201,3.329
7204,3.28
7208,3.37
7211,3.323
7214,3.395
7218,3.522
7221,3.485
7225,3.488
7228,3.326
7232,3.36
7235,3.525
7239,3.472
7242,3.458
7246,3.449
7249,3.482
7253,3.364
7257,4.445
7261,3.408
7264,3.378
7268,3.465
7271,3.414
7274,3.244
7278,3.626
7281,3.511
7285,3.626
7289,3.764
7292,3.409
7296,3.424
7299,3.341
7303,3.545
7306,3.507
7310,3.611
7313,3.152
7317,3.72
7320,3.231
7324,3.465
7328,4.313
7332,3.467
7335,3.669
7339,3.629
7342,3.52
7346,3.386
7349,3.444
7353,3.476
7356,3.114
7360,3.613
7363,3.573
7366,3.159
7370,3.656
7374,3.511
7377,3.699
7381,3.553
7385,3.598
7388,3.63
7392,3.609
7395,3.336
7400,4.309
7403,3.632
7407,3.281
7410,3.384
7414,3.554
7417,3.348
7421,3.503
7424,3.57
7428,3.394
7431,3.328
7435,3.882
7439,3.561
7442,3.512
7446,3.631
7449,3.606
7453,3.676
7457,3.386
7460,3.598
7464,3.393
7467,3.445
7471,4.024
7475,3.533
7478,3.544
7482,3.639
7485,3.441
7489,3.471
7492,3.356
7496,3.699
7500,3.581
7503,3.745
7507,3.624
7511,3.652
7514,3.431
7518,3.407
7521,3.398
7525,3.719
7529,3.586
7533,4.21
7536,3.526
7540,3.573
7543,3.384
7547,3.522
7551,3.6
7554,3.36
7558,3.599
7561,3.597
7565,3.667
7568,3.338
7572,3.542
7575,3.43
7579,3.413
7582,3.472
7586,3.649
7590,4.227
7594,3.77
7598,3.548
7601,3.684
7605,3.689
7609,3.646
7612,3.485
7616,3.434
7619,3.283
7623,3.561
7626,3.48
7630,3.621
7633,3.237
7637,3.735
7641,3.563
7644,3.784
7648,3.682
7653,4.412
7656,3.809
7660,3.138
7663,3.739
7667,3.192
7670,3.446
7674,3.445
7677,3.519
7681,3.369
7684,3.385
7687,3.327
7691,3.402
7694,3.381
7697,3.312
7701,3.472
7705,3.504
7708,3.483
7711,3.352
7716,4.059
7718,2.903
7722,3.378
7725,3.487
7729,3.516
7732,2.989
7735,3.324
7739,3.522
7742,3.287
7746,3.486
7749,3.339
7753,3.36
7756,3.244
7759,3.239
7763,3.481
7766,3.323
7769,3.375
7773,3.291
7776,3.379
7779,2.927
7783,3.418
7786,3.387
7790,3.425
7793,3.391
7796,3.434
7800,3.459
7803,3.364
7807,3.478
7810,3.132
7813,3.433
7817,3.461
7820,3.481
7824,3.452
7827,3.099
7831,3.513
7834,3.427
7837,3.097
7840,3.054
7843,3.025
7847,3.644
7850,3.347
7853,2.848
7857,3.408
7860,3.309
7864,3.303
7866,2.901
7870,3.227
7873,3.264
7877,3.455
7880,3.325
7883,3.365
7887,3.29
7890,3.435
7894,3.41
7900,6.464
7904,3.61
7907,3.4
7911,3.396
7914,3.701
7918,4.061
7922,3.313
7925,3.633
7929,3.855
7933,3.477
7936,3.122
7940,3.823
7943,3.164
7946,3.204
7950,3.728
7954,3.813
7957,3.157
7961,3.758
7965,3.65
7968,3.623
7972,3.745
7976,3.598
7979,3.504
7983,3.31
7986,3.45
7990,4.221
7994,3.62
7997,3.384
8001,3.446
8004,3.487
8008,3.214
8011,3.418
8014,3.133
8018,3.425
8021,3.224
8024,3.396
8028,3.413
8032,3.717
8035,3.449
8039,3.618
8042,3.325
8046,3.517
8049,3.535
8053,3.76
8057,4.346
8061,3.212
8064,3.647
8068,3.522
8072,3.669
8075,3.567
8079,3.591
8083,3.658
8086,3.788
8090,3.529
8094,3.753
8098,3.764
8101,3.744
8105,3.696
8108,3.223
8112,3.62
8116,3.494
8119,3.642
8122,3.164
8126,3.581
8130,4.307
8134,3.53
8137,3.172
8140,3.186
8144,3.574
8148,3.531
8151,3.568
8155,3.376
8158,3.43
8162,3.549
8165,3.386
8169,3.527
8172,3.47
8176,3.466
8179,3.152
8182,3.623
8186,3.505
8189,3.418
8194,4.299
8197,3.629
8201,3.398
8205,3.572
8208,3.669
8212,3.696
8216,3.518
8219,3.379
8222,3.345
8226,3.403
8229,3.343
8233,3.524
8236,3.39
8239,2.982
8243,3.353
8246,3.557
8250,3.38
8253,3.375
8256,3.342
8260,3.569
8263,3.338
8267,3.37
8270,3.481
8274,3.485
8278,3.765
8281,3.586
8285,3.501
8288,3.517
8292,3.498
8296,3.729
8299,3.589
8303,3.479
8306,3.409
8309,2.827
8313,3.392
8317,4.119
8320,3.189
8323,3.172
8331,7.497
8334,3.309
8337,3.404
8341,3.208
8344,3.289
8347,3.332
8351,3.218
8354,3.367
8357,3.37
8361,3.553
8365,3.422
8368,3.27
8371,3.296
8375,3.557
8379,4.198
8382,3.169
8385,3.167
8389,3.294
8392,3.364
8396,3.451
8399,3.117
8402,3.374
8405,2.982
8409,3.382
8412,3.503
8416,3.438
8419,3.382
8423,3.49
8426,3.318
8429,3.367
8433,3.185
8436,3.219
8439,3.017
8442,3.261
8446,3.964
8450,3.37
8453,3.556
8457,3.503
8460,2.89
8463,3.38
8467,3.59
8470,3.321
8474,3.58
8477,3.458
8480,2.958
8483,3.317
8487,3.42
8490,3.282
8494,3.29
8497,3.021
8500,3.474
8503,3.304
8507,3.296
8511,3.905
8514,3.176
8517,3.217
8520,3.231
8523,2.788
8527,3.303
8530,3.154
8533,2.897
8536,3.415
8539,3.185
8543,3.343
8546,3.377
8549,2.914
8552,3.349
8556,3.261
8559,2.792
8562,3.245
8565,3.08
8568,2.756
8571,3.099
8574,3.335
8578,3.375
8581,3.479
8585,3.325
8588,3.365
8591,3.372
8595,3.169
8598,3.203
8601,3.529
8604,2.921
8608,3.264
8611,3.137
8614,3.325
8617,3.095
8621,3.486
8624,3.294
8627,2.956
8630,3.332
8634,3.463
8637,3.458
8641,3.989
8645,3.338
8648,2.992
8651,2.914
8654,3.323
8657,3.292
8661,3.367
8664,3.136
8667,3.253
8671,3.205
8674,3.274
8677,3.087
8680,3.253
8683,2.831
8686,2.89
8689,3.044
8693,3.395
8696,3.284
8699,3.407
8703,3.55
8706,3.018
8709,3.354
8714,4.22
8716,2.79
8720,3.397
8723,3.268
8727,3.252
8730,3.402
8733,3.223
8737,3.393
8740,3.5
8743,3.169
8747,3.275
8750,3.295
8753,3.373
8757,3.487
8761,3.59
8764,3.346
8767,3.313
8771,3.348
8775,4.368
8779,3.459
8782,3.353
8786,3.481
8789,3.386
8792,3.344
8796,3.317
8799,3.418
8803,3.414
8806,3.036
8809,3.276
8812,3.369
8816,3.124
8819,3.255
8822,3.245
8826,3.455
8829,3.003
8832,3.199
8836,3.86
8839,3.463
8842,2.974
8846,3.187
8849,3.094
8852,3.338
8855,3.27
8858,2.962
8861,2.99
8865,3.263
8868,3.705
8872,3.293
8875,3.404
8879,3.533
8882,3.175
8886,3.553
8889,3.582
8892,3.277
8896,3.609
8900,3.689
8903,3.51
8908,4.393
8911,3.454
8914,2.949
8918,3.515
8921,3.197
8924,3.056
8928,3.397
8931,3.367
8934,3.414
8938,3.447
8941,3.304
8945,3.666
8948,3.385
8952,3.4
8955,3.429
8959,3.388
8962,3.348
8966,3.356
8969,3.502
8974,4.589
8977,3.511
8981,3.534
8984,3.544
8988,3.629
8992,3.515
8995,3.583
8998,3.148
9002,3.561
9006,3.566
9009,2.967
9012,3.396
9015,3.254
9019,3.333
9022,3.446
9026,3.324
9029,3.372
9032,3.337
9035,2.909
9039,3.237
9043,4.034
9046,3.509
9049,2.955
9053,3.409
9056,3.319
9059,3.243
9062,3.212
9066,3.422
9069,3.372
9073,3.233
9076,3.512
9079,3.188
9083,3.588
9086,3.351
9090,3.478
9093,3.385
9097,3.411
9100,3.405
9104,3.956
9108,3.391
9111,3.458
9115,3.457
9118,3.535
9122,3.392
9125,3.586
9129,3.474
9132,3.379
9135,3.375
9139,3.352
9142,3.342
9146,3.396
9149,3.455
9153,3.57
9156,3.585
9160,3.613
9164,4.309
9168,3.398
9171,3.549
9175,3.451
9179,3.611
9182,3.476
9186,3.483
9189,3.506
9193,3.471
9196,3.378
9199,3.074
9203,3.438
9206,3.459
9210,3.526
9216,3.614
9220,3.495
9224,3.758
9227,3.561
9230,3.088
9235,4.179
9238,3.298
9241,3.456
9245,3.103
9248,3.347
9251,2.989
9254,3.204
9258,3.705
9261,3.292
9265,3.121
9268,3.447
9272,3.44
9275,3.371
9279,3.562
9282,3.459
9286,3.473
9289,3.432
9292,3.226
9296,3.407
9300,4.413
9303,3.02
9307,3.355
9310,3.549
9313,3.203
9317,3.618
9321,3.445
9324,2.946
9327,3.369
9330,3.4
9334,3.449
9337,3.479
9341,3.309
9344,3.061
9347,3.461
9351,3.268
9354,3.659
9358,3.603
9361,3.23
9364,3.036
9368,3.464
9371,3.241
9375,3.555
9378,3.138
9382,4.555
9386,3.689
9390,3.586
9393,3.677
9397,3.71
9401,3.622
9405,3.848
9408,3.457
9412,3.68
9415,3.511
9419,3.658
9423,3.503
9426,3.574
9430,3.67
9434,3.686
9438,3.755
9441,3.552
9445,4.164
9449,3.424
9452,3.453
9456,3.578
9459,3.542
9463,3.094
9466,3.413
9469,3.178
9473,3.678
9476,3.279
9480,3.24
9483,3.422
9486,3.441
9490,3.437
9493,3.379
9497,3.612
9501,3.504
9505,4.289
9509,3.614
9512,3.593
9516,3.53
9519,3.574
9523,3.567
9526,3.534
9530,3.542
9534,3.575
9537,3.508
9541,3.64
9544,3.549
9548,3.533
9552,3.634
9556,3.765
9559,3.748
9563,3.674
9567,3.562
9570,3.484
9574,3.593
9577,3.515
9581,3.549
9585,3.626
9588,3.324
9591,3.293
9595,3.556
9598,3.487
9602,3.726
9606,3.618
9609,3.59
9613,3.469
9617,3.759
9620,3.501
9625,4.291
9628,3.528
9632,3.471
9635,3.679
9639,3.569
9642,3.495
9646,3.494
9649,3.342
9653,3.34
9656,3.43
9660,3.531
9663,3.326
9667,3.378
9670,3.441
9674,3.469
9677,3.764
9681,3.731
9685,4.261
9689,3.663
9693,3.688
9697,3.69
9700,3.382
9704,3.68
9707,3.672
9711,3.429
9714,3.639
9718,3.762
9722,3.736
9726,3.8
9729,3.433
9733,3.878
9737,3.4
9740,3.451
9744,3.408
9748,4.14
9751,3.419
9755,3.445
9758,3.476
9762,3.621
9765,3.197
9769,3.606
9772,3.648
9776,3.585
9780,3.463
9783,3.7
9787,3.836
9790,3.334
9794,3.761
9798,3.795
9802,3.872
9805,3.405
9809,3.819
9813,3.476
9817,4.111
9820,3.538
9824,3.615
9827,3.331
9831,3.642
9835,3.53
9838,3.643
9842,3.575
9845,3.143
9849,3.61
9852,3.114
9855,3.476
9859,3.109
9862,3.553
9866,3.681
9869,3.432
9873,3.473
9876,3.56
9880,3.13
9883,3.345
9887,3.563
9890,3.462
9895,4.366
9898,3.217
9901,3.341
9905,3.579
9908,3.622
9912,3.127
9915,3.369
9919,3.781
9923,3.724
9926,3.517
9930,3.677
9934,3.832
9937,3.499
9941,3.541
9949,8.466
9953,3.449
9956,3.493
9960,3.475
9963,3.444
9967,3.35
9970,3.419
9974,4.076
9978,3.742
9982,3.485
9985,3.415
9988,3.082
9992,3.505
9995,3.293
9998,3.303
10002,3.77
10006,3.524
10009,3.349
10013,3.571
10016,3.574
10020,3.368
10023,3.572
10027,3.488
10030,3.412
10034,3.732
10037,3.476
10041,3.352
10044,3.166
10047,3.113
10051,4.239
10055,3.669
10058,3.056
10062,3.723
10066,3.542
10069,3.598
10073,3.553
10076,3.196
10080,3.512
10083,2.954
10086,3.578
10090,3.708
10094,3.946
10098,3.61
10101,3.552
10105,3.504
10108,3.621
10112,3.576
10115,3.333
10120,4.387
10123,3.454
10127,3.726
10131,3.61
10134,3.494
10138,3.714
10141,3.507
10145,3.485
10149,3.598
10152,3.608
10156,3.833
10160,3.694
10163,3.526
10167,3.488
10171,3.649
10174,3.61
10178,3.577
10181,3.36
10185,4.137
10189,3.681
10193,3.616
10196,3.644
10200,3.753
10204,3.736
10208,3.687
10211,3.515
10215,3.543
10218,3.516
10222,3.314
10225,3.433
10229,3.407
10232,3.522
10236,3.711
10239,3.627
10243,3.708
10248,4.399
10251,3.598
10255,3.601
10259,3.783
10262,3.593
10266,3.598
10270,3.551
10273,3.56
10277,3.603
10280,3.636
10284,3.615
10288,3.679
10292,3.715
10295,3.334
10299,3.752
10303,3.88
10307,4.124
10310,3.46
10314,3.63
10317,3.442
10321,3.614
10325,3.575
10328,3.509
10332,3.577
10336,3.657
10339,3.388
10354,15.029
10358,4.118
10362,3.697
10365,3.392
10369,3.859
10373,3.629
10377,3.753
10380,3.595
10385,4.387
10388,3.562
10392,3.663
10396,3.616
10399,3.627
10403,3.791
10407,3.638
10410,3.506
10414,3.496
10418,3.59
10421,3.657
10425,3.595
10429,3.577
10432,3.598
10436,3.521
10439,3.573
10444,4.268
10447,3.75
10451,3.435
10454,3.552
10458,3.414
10461,3.501
10465,3.439
10469,3.539
10472,3.508
10476,3.535
10479,3.577
10483,3.416
10486,3.584
10490,3.649
10494,3.614
10497,3.507
10501,3.559
10505,4.423
10509,3.469
10512,3.659
10516,3.569
10520,3.549
10523,3.501
10527,3.666
10531,3.609
10534,3.558
10538,3.631
10541,3.546
10545,3.638
10549,3.519
10552,3.463
10556,3.515
10559,3.666
10564,4.159
10567,3.494
10571,3.532
10574,3.619
10578,3.642
10582,3.574
10585,3.686
10589,3.548
10593,3.897
10597,3.807
10600,3.71
10604,3.692
10608,3.683
10612,3.629
10615,3.462
10619,3.915
10623,3.649
10626,3.258
10630,3.593
10634,4.316
10638,3.543
10641,3.696
10645,3.541
10649,3.8
10652,3.601
10656,3.593
10660,3.633
10663,3.543
10667,3.905
10671,3.479
10674,3.565
10678,3.385
10681,3.619
10685,3.672
10689,3.728
10693,4.269
10697,3.716
10700,3.439
10704,3.345
10707,3.558
10711,3.444
10714,3.559
10718,3.752
10722,3.474
10725,3.516
10729,3.425
10732,3.463
10736,3.511
10739,3.596
10743,3.383
10746,3.607
10750,3.472
10754,4.36
10758,3.228
10761,3.541
10765,3.646
10768,3.62
10772,3.588
10776,3.55
10779,3.564
10783,3.533
10786,3.609
10790,3.626
10794,3.787
10797,3.463
10801,3.62
10804,3.319
10808,3.387
10812,4.128
10816,3.909
10820,3.555
10823,3.648
10827,3.64
10831,3.621
10834,3.642
10838,3.519
10841,3.466
10845,3.67
10848,3.056
10851,3.093
10855,3.331
10858,3.541
10862,3.673
10865,3.151
10869,3.753
10873,3.638
10876,3.61
10880,4.091
10884,3.287
10887,3.421
10891,3.495
10896,5.109
10899,3.558
10903,3.344
10906,3.518
10910,3.662
10914,3.5
10917,3.576
10921,3.504
10924,3.188
10927,3.192
10931,3.411
10934,3.536
10937,3.309
10941,3.297
10945,4.165
10948,3.476
10952,3.532
10956,3.581
10959,3.637
10963,3.584
10966,3.442
10970,3.465
10973,3.336
10977,3.48
10980,3.343
10989,8.825
10993,3.598
10996,3.54
11000,3.656
11004,3.773
11008,4.33
11012,3.624
11016,3.781
11019,3.877
11023,3.681
11027,3.925
11031,3.575
11034,3.55
11038,3.74
11041,3.324
11045,3.648
11049,3.612
11052,3.449
11056,3.759
11059,3.165
11063,3.505
11066,3.666
11070,3.687
11074,4.303
11078,3.669
11081,3.164
11085,3.738
11089,3.562
11092,3.237
11096,3.771
11099,3.666
11103,3.59
11107,3.551
11110,3.587
11114,3.442
11117,3.627
11121,3.67
11124,3.492
11128,3.528
11132,3.45
11136,4.072
11139,3.571
11143,3.498
11146,3.47
11150,3.675
11153,3.459
11157,3.4
11160,3.031
11163,3.422
11167,3.33
11170,3.42
11173,3.045
11177,3.456
11180,3.44
11183,3.166
11187,3.387
11190,3.139
11193,3.425
11197,3.526
11200,3.567
11204,3.472
11208,4.154
11212,3.648
11216,3.662
11219,3.584
11223,3.375
11226,3.669
11230,3.675
11233,3.471
11237,3.518
11241,3.576
11244,3.489
11248,3.511
11251,3.583
11255,3.524
11258,3.247
11261,3.395
11266,4.123
11269,3.496
11273,3.52
11276,3.63
11280,3.485
11283,3.106
11287,3.644
11290,3.414
11293,3.307
11297,3.37
11300,3.535
11309,8.293
11312,3.111
11315,3.424
11319,3.605
11322,3.061
11325,3.026
11329,3.591
11332,3.428
11336,3.621
11340,4.525
11344,3.75
11348,3.6
11351,3.496
11359,7.946
11363,3.768
11367,3.603
11370,3.587
11374,3.634
11378,3.705
11381,3.498
11385,3.694
11389,3.625
11392,3.494
11396,3.549
11399,3.456
11403,3.696
11407,4.262
11411,3.503
11414,3.636
11418,3.478
11422,3.556
11425,3.675
11429,3.606
11432,3.53
11436,3.408
11440,3.601
11443,3.623
11447,3.561
11450,3.478
11454,3.616
11458,3.974
11461,3.313
11465,4.194
11469,3.473
11472,3.382
11476,3.319
11479,3.635
11483,3.598
11487,3.432
11490,3.418
11493,3.394
11497,3.711
11501,3.704
11505,3.704
11508,3.817
11512,3.777
11516,3.757
11520,3.737
11523,3.63
11528,4.367
11531,3.49
11535,3.636
11539,3.638
11542,3.677
11546,3.551
11549,3.205
11553,3.84
11557,3.547
11560,3.627
11564,3.629
11568,3.54
11571,3.499
11575,3.548
11578,3.463
11582,3.496
11585,3.579
11589,3.45
11592,3.613
11596,3.598
11600,3.487
11603,3.579
11607,3.655
11610,3.447
11619,3.503
11623,3.782
11627,3.922
11630,3.669
11634,3.859
11638,3.891
11642,3.868
11646,3.879
11650,3.709
11654,3.806
11658,3.946
11662,4.493
11666,3.79
11670,3.725
11673,3.796
11677,3.541
11681,3.516
11684,3.689
11688,3.515
11691,3.665
11695,3.713
11699,3.661
11703,3.865
11707,3.805
11710,3.72
11714,3.522
11717,3.438
11721,3.492
11725,4.388
11729,3.364
11732,3.498
11736,3.624
11739,3.56
11743,3.574
11747,3.447
11751,4.006
11754,3.619
11758,3.801
11762,3.568
11765,3.676
11769,3.684
11773,3.779
11777,3.636
11780,3.6
11785,4.328
11788,3.678
11792,3.575
11796,3.546
11799,3.341
11803,3.443
11806,3.413
11809,3.078
11812,3.315
11816,3.318
11819,3.353
11823,3.467
11826,3.59
11830,3.767
11834,3.665
11837,3.679
11841,3.484
11844,3.433
11848,3.462
11851,3.453
11855,3.511
11859,3.636
11862,3.498
11866,3.88
11870,3.534
11873,3.668
11877,3.593
11881,3.663
11884,3.55
11888,3.571
11892,3.66
11895,3.762
11899,3.921
11903,3.717
11908,4.473
11911,3.827
11915,3.653
11919,3.607
11922,3.519
11926,3.643
11930,3.568
11933,3.38
11936,3.436
11940,3.746
11944,3.797
11948,3.893
11952,3.884
11956,3.806
11959,3.596
11963,3.727
11967,3.642
11971,4.501
11975,3.887
11979,3.863
11983,3.801
11986,3.459
11990,3.794
11994,3.541
11997,3.63
12001,3.624
12005,3.635
12008,3.496
12012,3.712
12015,3.591
12019,3.727
12023,3.624
12027,3.651
12031,4.181
12034,3.645
12038,3.644
12042,3.476
12045,3.506
12049,3.578
12052,3.536
12056,3.623
12059,3.412
12063,3.527
12066,3.496
12070,3.649
12074,3.607
12077,3.679
12081,3.684
12085,3.655
12088,3.527
12093,4.209
12096,3.528
12100,3.641
12103,3.662
12107,3.867
12111,3.643
12115,3.58
12118,3.74
12122,3.732
12126,3.88
12130,3.702
12133,3.644
12137,3.815
12141,3.736
12145,3.799
12149,3.661
12153,4.276
12157,3.643
12160,3.509
12164,3.65
12167,3.571
12171,3.446
12174,3.456
12178,3.622
12181,3.368
12185,3.541
12188,3.484
12192,3.511
12195,3.567
12199,3.469
12202,3.493
12206,3.472
12209,3.443
12214,4.209
12217,3.401
12221,3.534
12224,3.587
12228,3.707
12232,3.639
12235,3.787
12239,3.624
12243,3.525
12246,3.63
12250,3.667
12254,3.523
12257,3.507
12261,3.65
12264,3.685
12268,3.643
12272,3.539
12276,4.622
12280,3.926
12284,3.648
12287,3.551
12291,3.447
12295,3.54
12298,3.661
12302,3.77
12306,3.741
12309,3.701
12313,3.774
12317,3.896
12321,3.878
12325,3.769
12329,3.836
12333,3.777
12337,4.142
12341,3.931
12344,3.53
12348,3.863
12352,3.756
12356,3.85
12360,3.727
12363,3.761
12367,3.601
12371,3.815
12375,3.957
12379,3.81
12382,3.659
12386,3.675
12390,3.667
12393,3.585
12397,3.84
12400,3.11
12404,3.812
12408,3.601
12411,3.506
12415,3.437
12418,3.601
12422,3.328
12425,3.332
12428,3.248
12432,3.446
12435,3.508
12439,3.524
12442,3.686
12446,3.678
12450,3.434
12453,3.595
12457,3.518
12460,3.529
12465,4.303
12468,3.431
12472,3.399
12475,3.538
12479,3.662
12483,3.897
12486,3.523
12490,3.608
12493,3.3
12497,3.341
12500,3.1
12503,3.348
12507,3.517
12510,3.388
12513,3.436
12517,3.221
12520,3.308
12524,4.086
12527,3.261
12531,3.118
12534,3.238
12537,3.232
12540,3.359
12544,3.286
12547,3.21
12550,3.334
12554,3.663
12557,3.307
12561,3.488
12564,3.632
12568,3.655
12572,3.387
12575,3.596
12579,3.965
12583,3.525
12586,3.5
12590,3.688
12593,3.396
12597,3.468
12600,3.433
12604,3.516
12607,3.471
12611,3.544
12614,3.516
12618,3.746
12622,3.4
12625,3.435
12629,3.651
12632,3.693
12636,3.606
12641,4.59
12648,7.515
12652,3.643
12656,3.631
12659,3.542
12663,3.474
12666,3.637
12670,3.313
12673,3.706
12677,3.353
12680,3.306
12684,3.453
12687,3.503
12691,3.445
12694,3.376
12697,3.285
12701,3.981
12705,3.361
12708,3.181
12711,3.128
12714,3.386
12718,3.452
12721,3.55
12725,3.607
12728,3.387
12732,3.194
12735,3.295
12738,3.297
12742,3.489
12745,3.31
12748,2.844
12752,3.552
12755,3.532
12759,4.117
12762,3.11
12766,3.205
12769,3.272
12772,3.483
12776,3.4
12779,3.199
12782,2.733
12785,3.344
12788,3.363
12792,3.327
12795,3.371
12799,3.462
12802,3.642
12806,3.616
12809,3.271
12813,3.363
12816,3.23
12820,4.037
12823,3.213
12827,3.319
12830,3.487
12834,3.916
12837,3.428
12841,3.064
12844,3.139
12847,3.327
12850,3.154
12854,3.237
12857,3.065
12860,3.161
12863,3.221
12866,3.23
12870,3.27
12874,4.055
12877,3.261
12880,3.25
12884,3.292
12887,3.397
12890,3.267
12894,3.279
12897,3.386
12900,3.319
12904,3.654
12907,3.407
12911,3.294
12914,3.435
12917,3.269
12921,3.203
12924,3.373
12927,3.402
12931,3.984
12935,3.391
12938,3.206
12941,3.084
12945,3.359
12948,3.695
12952,3.663
12955,3.42
12959,3.655
12963,3.368
12966,3.628
12970,3.48
12973,3.318
12977,3.503
12980,3.644
12984,3.313
12987,3.413
12991,4.156
12995,3.447
12998,3.623
13002,3.641
13006,3.725
13009,3.722
13013,3.617
13016,3.368
13020,3.365
13023,3.562
13027,3.537
13031,3.623
13034,3.539
13038,3.903
13042,3.863
13045,3.378
13050,4.103
13053,3.587
13057,3.579
13060,3.471
13063,3.162
13067,3.547
13070,3.346
13074,3.566
13077,3.398
13081,3.39
13084,3.29
13088,3.409
13091,3.367
13094,3.275
13097,3.246
13101,3.298
13104,3.338
13108,3.897
13111,3.243
13115,3.251
13118,3.221
13121,3.293
13124,3.232
13128,3.234
13131,3.283
13134,3.272
13138,3.389
13141,3.187
13144,3.309
13148,3.355
13151,3.582
13155,3.596
13158,3.569
13163,4.295
13166,3.548
13170,3.59
13173,3.541
13177,3.442
13182,5.294
13186,3.847
13190,3.733
13194,3.64
13197,3.612
13201,3.556
13204,3.528
13208,3.643
13211,3.483
13215,3.556
13219,3.524
13222,3.4
13225,3.448
13229,3.44
13232,3.504
13236,3.478
13239,3.555
13243,3.532
13247,3.544
13250,3.42
13255,4.744
13258,3.506
13262,3.169
13265,3.385
13268,3.381
13272,3.4
13275,3.411
13279,3.535
13286,7.349
13289,3.292
13293,3.352
13296,3.544
13300,3.333
13303,3.476
13307,3.481
13310,3.589
13314,3.43
13317,3.422
13321,3.477
13324,3.203
13330,5.963
13334,3.777
13337,3.411
13341,3.48
13344,3.436
13348,3.466
13353,4.832
13356,3.472
13359,3.379
13363,3.281
13366,3.209
13369,2.989
13373,3.762
13376,3.173
13379,2.84
13382,3.144
13385,2.932
13388,3.092
13397,9.028
13402,5.118
13405,3.248
13409,3.178
13412,3.273
13415,3.262
13419,3.265
13423,4.352
13426,3.491
13430,3.597
13434,3.457
13437,3.414
13440,3.27
13444,3.343
13447,3.312
13450,3.279
13454,3.392
13457,3.317
13461,3.444
13464,3.162
13467,3.28
13470,3.431
13474,3.042
13477,3.862
13481,3.257
13484,3.311
13487,3.239
13490,3.138
13494,3.253
13497,3.216
13500,3.346
13503,2.884
13507,3.259
13510,3.38
13513,3.289
13517,3.225
13520,3.275
13523,3.175
13526,3.333
13530,3.331
13533,3.577
13537,3.918
13541,3.316
13544,3.29
13547,3.101
13550,3.386
13554,3.202
13557,3.5
13561,3.347
13564,3.084
13567,3.345
13570,3.395
13574,3.211
13577,3.224
13581,3.56
13584,3.21
13587,3.202
13591,4.227
13595,3.326
13598,3.422
13601,3.313
13605,3.096
13608,3.324
13611,3.312
13615,3.36
13618,3.335
13621,3.365
13625,3.252
13628,3.542
13632,3.553
13635,3.401
13639,3.485
13642,3.299
13646,3.546
13649,3.7
13652,3.022
13656,3.205
13659,3.345
13662,3.241
13666,3.575
13669,3.599
13673,3.28
13676,3.684
13680,3.313
13683,3.508
13687,3.315
13690,3.418
13693,3.318
13697,3.343
13700,3.224
13703,3.226
13707,3.324
13710,3.386
13713,3.284
13717,3.828
13720,3.378
13724,3.414
13727,3.537
13731,3.588
13734,3.383
13738,3.523
13741,3.312
13745,3.522
13748,3.255
13752,3.413
13755,3.588
13759,3.398
13762,3.304
13765,3.26
13769,3.347
13772,3.435
13776,3.882
13779,3.327
13783,3.514
13786,3.429
13790,3.272
13793,3.361
13796,3.168
13800,3.519
13803,3.487
13807,3.369
13810,3.39
13813,3.235
13817,3.322
13820,3.433
13823,3.417
13827,3.4
13831,4.139
13834,3.369
13838,3.285
13841,3.302
13849,7.725
13852,3.505
13856,3.477
13859,3.345
13863,3.386
13866,3.347
13869,3.388
13873,3.367
13876,3.462
13880,3.308
13883,3.401
13886,3.255
13890,3.234
13894,4.056
13897,3.429
13900,3.363
13904,3.434
13907,3.398
13911,3.332
13914,3.439
13918,3.432
13921,3.262
13924,3.234
13927,3.236
13931,3.173
13934,3.409
13937,3.233
13941,3.481
13944,3.273
13948,3.89
13951,3.271
13955,3.691
13959,3.755
13962,3.442
13966,3.423
13969,3.434
13973,3.66
13976,3.244
13979,3.193
13983,3.389
13986,3.296
13990,3.418
13993,3.437
13997,3.491
14000,3.521
14004,3.504
14008,4.294
14011,3.385
14015,3.471
14018,3.199
14022,3.29
14025,3.287
14028,3.384
14032,3.465
14035,3.428
14039,3.413
14042,3.546
14046,3.552
14049,3.422
14053,3.48
14056,3.503
14060,3.6
14064,4.16
14068,3.407
14071,3.454
14075,3.532
14078,3.566
14082,3.644
14086,3.852
14090,3.759
14093,3.611
14097,3.605
14100,3.427
14104,3.54
14108,3.554
14111,3.661
14115,3.597
14118,3.351
14122,3.545
14126,4.51
14130,3.553
14134,3.658
14137,3.301
14141,3.408
14144,3.591
14148,3.467
14151,3.677
14155,3.679
14159,3.549
14162,3.717
14166,3.79
14170,3.683
14173,3.404
14177,3.501
14181,3.655
14184,3.449
14188,4.149
14192,3.507
14196,3.751
14199,3.571
14203,3.735
14207,3.623
14210,3.555
14214,3.684
14218,3.739
14222,3.578
14225,3.627
14229,3.391
14232,3.637
14236,3.585
14240,3.656
14243,3.643
14248,4.398
14251,3.52
14255,3.887
14259,3.573
14263,3.866
14267,3.911
14270,3.546
14274,3.71
14278,3.608
14282,3.796
14285,3.543
14289,3.796
14293,3.789
14297,3.687
14301,3.908
14304,3.616
14308,3.766
14312,4.222
14316,3.554
14319,3.483
14323,3.428
14326,3.522
14330,3.603
14334,3.655
14337,3.462
14341,3.5
14344,3.492
14348,3.288
14351,3.556
14355,3.414
14358,3.216
14361,3.238
14365,3.734
14368,3.268
14372,3.3
14375,3.242
14378,3.413
14382,3.177
14386,4.245
14389,3.439
14393,3.189
14396,3.46
14399,3.279
14403,3.549
14406,3.31
14410,3.531
14413,3.414
14417,3.46
14420,3.55
14424,3.419
14428,3.726
14431,3.636
14435,3.483
14439,3.594
14442,3.582
14446,4.123
14450,3.33
14453,3.258
14456,3.39
14460,3.386
14463,3.623
14467,3.374
14470,3.426
14474,3.434
14477,3.306
14481,3.509
14484,3.461
14487,3.396
14491,3.39
14494,3.374
14498,3.396
14501,3.236
14505,3.997
14509,3.541
14512,3.397
14516,3.575
14519,3.602
14523,3.386
14526,3.366
14529,3.441
14533,3.348
14536,3.397
14540,3.55
14543,3.441
14547,3.361
14550,3.416
14554,3.448
14557,3.606
14562,4.317
14565,3.443
14569,3.646
14572,3.618
14576,3.646
14580,3.711
14584,3.667
14587,3.412
14591,3.666
14594,3.442
14598,3.505
14601,3.669
14605,3.568
14609,3.607
14612,3.632
14616,3.696
14620,3.503
14624,4.519
14628,3.372
14631,3.564
14635,3.629
14639,3.813
14642,3.364
14646,3.648
14649,3.622
14653,3.639
14657,3.829
14660,3.393
14664,3.57
14668,3.588
14671,3.577
14675,3.58
14678,3.517
14683,4.382
14687,3.545
14690,3.597
14694,3.523
14697,3.57
14701,3.467
14704,3.496
14708,3.47
14711,3.432
14715,3.674
14719,3.436
14722,3.513
14726,3.491
14729,3.576
14733,3.329
14736,3.589
14740,3.77
14744,3.595
14747,3.505
14751,3.39
14754,3.597
14758,3.497
14761,3.491
14765,3.587
14768,3.363
14772,3.439
14775,3.504
14779,3.531
14783,3.5
14786,3.537
14790,3.506
14793,3.647
14797,3.614
14802,4.622
14805,3.506
14809,3.535
14812,3.636
14816,3.438
14820,3.642
14823,3.591
14827,3.501
14830,3.625
14834,3.64
14838,3.488
14841,3.549
14845,3.671
14849,3.736
14852,3.573
14856,3.561
14860,3.539
14864,4.448
14868,3.432
14871,3.418
14875,3.644
14878,3.559
14882,3.524
14885,3.52
14889,3.622
14892,3.199
14895,3.049
14899,3.615
14903,3.556
14914,11.648
14918,3.544
14922,3.707
14925,3.376
14929,3.758
14933,3.692
14936,3.698
14940,3.577
14943,3.45
14948,4.832
14952,3.693
14956,3.746
14959,3.639
14963,3.554
14966,3.424
14970,3.5
14974,3.537
14977,3.467
14981,3.432
14984,3.384
14987,3.438
14991,3.427
14994,3.583
14998,3.622
15002,3.741
15006,4.514
15010,3.404
15013,3.319
15017,3.669
15021,3.618
15024,3.363
15028,3.536
15031,3.706
15035,3.613
15039,3.626
15042,3.552
15046,3.456
15049,3.409
15052,3.337
15056,3.478
15059,3.47
15063,3.341
15067,4.095
15070,3.512
15078,7.097
15081,3.238
15084,3.329
15088,3.63
15092,3.734
15095,3.455
15099,3.42
15102,3.618
15106,3.418
15109,3.515
15113,3.411
15116,3.131
15120,3.624
15123,3.782
15127,3.555
15131,4.314
15135,3.366
15138,3.762
15142,3.804
15147,4.378
15151,3.763
15154,3.625
15158,3.794
15162,3.594
15165,3.343
15169,3.587
15172,3.257
15175,3.347
15179,3.463
15182,3.353
15186,3.398
15189,3.368
15193,4.041
15196,3.406
15200,3.624
15203,3.278
15207,3.362
15210,3.526
15214,3.489
15217,3.456
15221,3.507
15224,3.266
15228,3.389
15231,3.453
15234,3.233
15238,3.577
15241,3.281
15245,3.257
15248,3.281
15251,3.309
15255,3.354
15258,3.426
15261,3.292
15265,3.222
15268,3.082
15271,3.307
15274,2.86
15277,3.165
15281,3.366
15284,3.352
15287,3.514
15291,3.382
15294,3.299
15298,3.352
15301,3.27
15304,3.228
15308,4.029
15311,3.148
15315,3.172
15318,3.362
15321,3.295
15325,3.51
15328,3.215
15331,3.219
15335,3.314
15338,3.364
15342,3.465
15345,3.427
15348,3.297
15352,3.193
15355,3.278
15358,3.352
15361,3.16
15364,3.087
15369,4.3
15372,3.37
15375,3.203
15379,3.374
15382,3.408
15386,3.323
15389,3.427
15393,3.572
15396,3.302
15399,3.266
15403,3.242
15406,3.421
15409,3.202
15413,3.397
15416,3.416
15420,3.615
15423,3.304
15427,3.414
15430,3.254
15433,3.387
15437,4.235
15441,3.496
15445,3.494
15448,3.443
15451,3.316
15455,3.309
15458,3.32
15461,3.353
15465,3.232
15468,3.289
15471,3.443
15475,3.238
15478,2.828
15481,3.428
15484,3.25
15487,3.09
15491,3.178
15493,2.746
15497,3.268
15501,3.884
15504,2.974
15507,3.198
15510,3.245
15513,3.025
15516,3.273
15520,3.21
15523,3.355
15526,3.26
15529,3.155
15533,3.294
15536,3.129
15539,3.144
15542,3.073
15545,3.144
15549,3.296
15553,4.357
15556,3.328
15560,3.102
15563,3.478
15566,3.365
15570,3.033
15573,3.167
15576,3.264
15579,3.242
15583,3.242
15586,3.435
15590,3.466
15593,3.43
15596,3.335
15600,3.44
15603,3.442
15607,3.24
15611,4.097
15614,3.402
15618,3.412
15621,3.233
15624,3.065
15627,3.178
15631,3.455
15634,3.53
15638,3.491
15641,3.288
15645,3.309
15648,3.247
15651,3.283
15654,3.141
15658,3.272
15661,3.366
15665,3.463
15668,3.499
15672,4.21
15676,3.583
15680,3.461
15683,3.483
15687,3.624
15691,3.816
15694,3.57
15698,3.694
15702,3.559
15705,3.744
15709,3.505
15712,3.368
15716,3.563
15719,3.238
15723,3.568
15726,3.449
15730,3.554
15734,3.688
15738,4.21
15741,3.19
15745,3.447
15748,3.452
15751,3.309
15755,3.446
15758,3.544
15762,3.235
15765,3.346
15769,3.473
15772,3.519
15776,3.598
15779,3.485
15783,3.363
15786,3.305
15789,3.329
15794,4.223
15797,3.204
15800,3.353
15804,3.313
15807,3.29
15810,3.456
15814,3.554
15818,3.519
15821,3.23
15824,3.302
15828,3.327
15831,3.422
15834,3.313
15838,3.405
15844,6.026
15847,3.623
15851,3.48
15855,4.25
15859,3.473
15862,3.352
15866,3.263
15869,3.363
15872,3.381
15876,3.404
15879,3.526
15883,3.263
15886,3.448
15891,4.299
15895,3.335
15898,3.36
15901,3.388
15905,3.464
15909,3.524
15912,3.505
15916,3.496
15919,3.274
15922,3.278
15926,3.528
15929,3.433
15933,3.557
15936,3.501
15940,3.525
15944,3.472
15947,3.668
15950,3.112
15954,3.283
15958,3.693
15961,3.321
15964,3.6
15968,3.754
15972,3.783
15976,3.647
15980,3.72
15984,4.396
15988,3.578
15991,3.777
15995,3.957
15999,3.637
16003,3.42
16006,3.408
16010,3.591
16013,3.637
16017,3.595
16020,3.558
16024,3.35
16027,3.398
16031,3.376
16034,3.699
16038,3.66
16043,4.534
16046,3.527
16050,3.741
16054,3.937
16058,3.611
16061,3.468
16065,3.682
16082,17.488
16086,4.01
16090,3.825
16094,3.927
16098,3.858
16102,3.851
16106,4.121
16110,3.977
16114,3.618
16117,3.533
16122,4.432
16125,3.481
16129,3.593
16133,3.344
16136,3.53
16140,3.592
16143,3.575
16147,3.433
16150,3.404
16154,3.68
16158,3.611
16161,3.385
16165,3.55
16168,3.332
16171,3.413
16175,3.397
16178,3.406
16183,4.116
16186,3.275
16189,3.266
16193,3.505
16196,3.348
16199,3.197
16203,3.328
16206,3.223
16209,3.322
16213,3.314
16216,3.303
16219,3.213
16223,3.311
16226,3.57
16230,3.36
16233,3.498
16237,4.261
16241,3.407
16244,3.289
16248,3.466
16251,3.199
16259,7.78
16262,3.312
16266,3.714
16270,3.77
16273,3.703
16277,3.476
16280,3.515
16284,3.416
16287,3.412
16291,3.326
16294,3.3
16297,3.315
16301,3.541
16304,3.182
16307,3.393
16311,3.467
16314,3.278
16318,3.274
16321,3.324
16324,3.403
16328,3.443
16331,3.263
16335,3.794
16338,3.395
16342,3.296
16345,3.359
16348,3.313
16352,3.394
16355,3.246
16358,3.364
16362,3.478
16365,3.312
16369,4.068
16373,3.467
16394,11.759
16398,3.988
16401,3.559
16405,3.788
16409,3.362
16412,3.634
16416,3.622
16419,3.563
16423,3.658
16427,3.634
16430,3.365
16434,3.375
16437,3.443
16441,3.879
16444,3.477
16448,3.495
16451,3.444
16456,4.167
16459,3.453
16463,3.477
16466,3.483
16470,3.385
16473,3.406
16477,3.646
16480,3.378
16484,3.477
16487,3.728
16491,3.663
16494,3.35
16498,3.669
16502,3.428
16505,3.549
16509,3.556
16512,3.65
16516,3.348
16519,3.403
16523,3.457
16526,3.368
16529,3.371
16533,3.383
16536,3.292
16540,3.378
16543,3.403
16547,3.738
16550,3.433
16554,3.342
16557,3.177
16560,3.397
16564,3.439
16567,3.623
16571,4.015
16575,3.348
16578,3.394
16582,3.574
16585,3.401
16589,3.639
16592,3.509
16596,3.301
16599,3.598
16603,3.475
16606,3.449
16610,3.791
16614,3.519
16618,3.846
16621,3.598
16629,7.544
16632,3.484
16637,4.201
16640,3.547
16644,3.421
16647,3.726
16651,3.076
16654,3.489
16657,3.357
16661,3.553
16664,3.198
16667,3.258
16671,3.078
16674,3.499
16677,3.281
16681,3.286
16684,3.287
16687,3.321
16691,3.419
16694,3.089
16698,3.859
16701,2.802
16704,3.228
16707,3.334
16711,3.366
16714,3.328
16717,3.192
16721,3.402
16724,3.583
16727,3.18
16731,3.271
16734,3.168
16737,3.398
16741,3.382
16744,3.312
16748,3.583
16751,3.606
16755,3.555
16758,3.381
16762,3.327
16765,3.304
16768,3.219
16772,3.767
16776,3.504
16779,3.613
16783,3.603
16787,3.67
16790,3.561
16794,3.623
16797,3.609
16801,3.686
16805,3.321
16808,3.75
16812,3.51
16816,4.012
16819,3.538
16823,3.643
16830,7.011
16834,3.732
16837,3.258
16841,3.531
16844,3.62
16848,3.677
16852,3.592
16855,3.354
16858,3.315
16862,3.595
16865,3.366
16869,3.258
16872,3.704
16876,3.367
16880,4.014
16883,3.491
16887,3.539
16890,3.227
16894,3.338
16897,3.23
16900,3.474
16904,3.27
16907,3.453
16911,3.512
16914,3.247
16918,3.751
16921,3.702
16925,3.537
16929,3.543
16932,3.476
16936,4.31
16940,3.346
16949,9.049
16953,3.786
16956,3.458
16960,3.802
16964,3.619
16967,3.514
16971,3.483
16974,3.505
16978,3.672
16981,3.234
16985,3.365
16988,3.292
16991,3.205
16995,3.38
16998,3.276
17002,3.729
17005,3.286
17009,3.601
17012,3.414
17015,3.327
17019,3.29
17022,3.047
17025,2.848
17028,3.526
17032,3.351
17035,3.372
17038,3.187
17042,3.321
17045,3.316
17048,3.263
17051,3.26
17055,3.059
17058,3.403
17062,4.273
17066,3.374
17069,3.416
17073,3.549
17076,3.292
17080,3.407
17083,3.451
17086,3.239
17090,3.657
17094,3.608
17097,3.71
17101,3.585
17105,3.896
17108,3.486
17112,3.569
17116,3.503
17119,3.501
17123,3.593
17126,3.685
17130,3.582
17134,3.714
17137,3.533
17141,3.318
17144,3.267
17148,3.487
17151,3.329
17154,3.261
17158,3.36
17161,3.255
17164,3.26
17167,3.171
17171,3.379
17174,3.384
17178,3.911
17182,3.656
17185,3.519
17189,3.352
17192,3.248
17195,3.282
17198,3.073
17202,3.645
17205,3.332
17209,3.218
17212,3.397
17215,3.354
17219,3.387
17222,3.504
17226,3.374
17229,3.282
17232,3.248
17236,3.352
17240,3.998
17243,3.106
17246,3.274
17249,3.3
17253,3.363
17256,3.177
17260,3.529
17263,3.491
17267,3.57
17270,3.329
17274,3.542
17277,3.411
17280,3.269
17284,3.333
17287,3.555
17290,2.924
17294,3.366
17297,3.306
17301,4.035
17304,3.188
17308,3.495
17311,3.446
17315,3.513
17318,3.621
17322,3.716
17325,3.445
17329,3.541
17332,3.387
17336,3.473
17340,3.58
17343,3.646
17347,3.549
17350,3.614
17354,3.644
17358,3.606
17362,4.37
17366,3.469
17369,3.467
17373,3.536
17376,3.45
17380,3.458
17383,3.473
17387,3.479
17390,3.465
17393,3.355
17397,3.57
17401,3.506
17404,3.42
17408,3.49
17411,3.43
17414,3.404
17419,4.119
17422,3.461
17425,3.358
17429,3.384
17442,12.701
17445,3.452
17449,3.447
17452,3.345
17455,3.345
17459,3.294
17462,3.559
17466,3.451
17469,3.506
17473,3.456
17476,3.314
17480,3.728
17483,3.659
17488,4.552
17492,3.518
17495,3.466
17498,3.299
17502,3.701
17506,3.414
17509,3.491
17513,3.508
17516,3.421
17520,3.498
17523,3.451
17527,3.62
17530,3.641
17534,3.583
17538,3.529
17541,3.416
17545,4.262
17549,3.544
17553,3.611
17556,3.573
17560,3.675
17563,3.586
17567,3.878
17571,3.496
17574,3.508
17578,3.603
17581,3.389
17585,3.437
17588,3.403
17592,3.525
17595,3.447
17599,3.504
17602,3.501
17607,4.334
17610,3.619
17614,3.478
17617,3.358
17621,3.529
17624,3.55
17628,3.471
17631,3.496
17635,3.449
17639,3.518
17642,3.512
17646,3.484
17649,3.347
17653,3.61
17656,3.574
17660,3.441
17664,4.165
17667,3.471
17671,3.733
17675,3.432
17678,3.56
17682,3.473
17685,3.485
17689,3.527
17692,3.745
17696,3.55
17700,3.509
17703,3.499
17706,3.315
17710,3.378
17713,3.458
17717,3.424
17720,3.337
17725,4.382
17728,3.424
17731,3.357
17735,3.241
17738,3.418
17741,3.242
17745,3.409
17748,3.223
17751,3.262
17754,3.182
17758,3.436
17761,3.171
17764,3.091
17768,3.237
17771,3.098
17774,3.151
17778,3.858
17781,3.065
17784,3.437
17787,2.958
17791,3.279
17794,3.029
17797,3.251
17800,3.377
17803,3.16
17807,3.328
17810,3.255
17813,3.172
17817,3.271
17820,3.384
17823,3.225
17827,3.344
17830,3.184
17834,4.093
17837,3.128
17840,3.297
17844,3.275
17847,3.293
17850,3.452
17854,3.183
17857,3.66
17861,3.567
17864,3.533
17868,3.491
17872,3.471
17875,3.515
17878,3.201
17882,3.442
17885,3.573
17889,3.32
17892,3.272
17896,3.663
17899,3.355
17902,2.966
17905,3.033
17908,2.877
17911,3.213
17915,3.298
17918,3.057
17921,3.277
17924,3.116
17927,2.975
17930,3.263
17934,3.128
17936,2.922
17940,3.625
