33,32.533
62,29.708
92,29.3
122,29.991
152,29.576
182,30.029
211,29.663
242,30.398
271,29.291
302,30.074
331,29.305
361,30.488
391,29.808
421,29.97
451,29.774
482,30.205
511,29.596
541,30.1
572,31.064
603,30.166
632,29.613
663,30.123
693,30.052
723,30.535
754,30.358
785,30.733
815,29.983
845,29.883
875,29.837
905,29.809
934,29.112
964,29.986
994,29.566
1023,29.397
1052,29.215
1082,29.802
1113,30.637
1143,29.64
1173,30.34
1204,30.622
1234,29.873
1265,30.758
1294,29.652
1325,30.305
1354,29.088
1385,30.621
1416,30.9
1445,29.463
1476,30.657
1506,30.397
1537,30.924
1567,29.578
1597,30.131
1628,30.88
1659,30.201
1689,29.986
1720,31.036
1751,30.893
1782,31.302
1813,30.817
1844,31.483
1875,30.038
1905,30.79
1936,30.406
1966,30.056
1995,29.196
2026,30.425
2056,29.971
2086,29.66
2116,29.926
2146,30.385
2176,29.779
2208,31.808
2241,32.601
2270,29.58
2300,29.426
2329,29.596
2359,29.549
2389,29.453
2418,29.433
2447,29.13
2476,29.003
2506,29.647
2536,29.684
2565,29.464
2595,29.837
2625,29.661
2655,29.735
2687,32.278
2719,32.031
2749,29.955
2779,29.876
2810,30.143
2840,30.289
2870,30.385
2902,30.996
2931,29.82
2962,30.573
2991,29.194
3022,30.113
3051,29.031
3080,29.456
3110,29.545
3140,29.632
3169,29.496
3199,29.535
3228,29.227
3257,29.27
3287,29.606
3316,29.188
3346,29.344
3375,29.652
3405,29.466
3435,29.796
3465,29.581
3495,30.114
3524,29.319
3554,29.418
3583,29.268
3613,30.014
3643,29.7
3674,30.587
3703,29.779
3734,30.357
3763,29.583
3795,31.826
3825,29.822
3858,32.691
3888,30.145
3918,29.827
3948,29.595
3978,30.443
4008,29.838
4040,31.289
4069,29.71
4099,29.649
4130,30.301
4161,31.405
4191,30.05
4221,29.433
4250,29.168
4280,30.028
4309,29.368
4339,29.162
4366,27.478
4395,28.32
4423,28.345
4451,28.021
4480,28.373
4508,28.373
4536,27.593
4565,29.159
4594,29.269
4624,29.286
4652,28.668
4683,30.067
4713,30.691
4743,29.332
4772,29.684
4802,29.478
4832,29.997
4861,29.274
4891,29.409
4921,29.569
4950,29.821
4980,29.609
5010,29.947
5040,29.317
5069,29.855
5099,29.792
5129,29.281
5158,29.347
5187,28.994
5216,28.581
5245,28.746
5273,28.593
5303,29.449
5332,29.053
5362,30.026
5392,29.513
5421,29.33
5451,29.82
5481,29.492
5510,29.172
5540,29.646
5569,29.443
5598,29.33
5627,28.97
5657,29.479
5687,29.695
5717,30.001
5746,29.549
5776,29.542
5804,28.329
5834,29.258
5863,29.043
5891,28.41
5921,29.784
5950,28.498
5979,29.051
6008,29.135
6038,29.508
6066,28.738
6096,29.055
6126,30.056
6155,29.543
6186,30.309
6215,29.131
6245,30.404
6275,29.504
6305,29.574
6334,28.811
6363,29.579
6392,28.714
6421,28.961
6450,29.256
6480,29.272
6509,29.301
6539,29.641
6568,29.418
6598,29.224
6630,31.916
6662,32.029
6692,30.064
6722,29.996
6752,29.433
6782,30.02
6812,30.484
6844,31.59
6875,31.079
6905,29.275
6935,29.992
6965,29.906
6997,32.08
7027,29.543
7056,29.311
7087,31.185
7117,29.266
7147,30.741
7178,30.696
7209,30.359
7237,27.961
7268,30.919
7297,29.526
7330,32.408
7361,31.448
7390,28.77
7419,28.992
7448,28.727
7477,28.793
7508,30.746
7537,29.107
7566,28.495
7594,28.142
7622,28.526
7651,28.536
7681,29.74
7709,28.622
7739,29.457
7768,29.349
7798,29.753
7828,29.689
7858,29.59
7887,29.693
7917,29.74
7949,31.909
7979,29.985
8010,30.785
8040,29.49
8069,29.418
8099,29.419
8128,29.653
8158,28.996
8186,28.459
8216,29.379
8245,28.986
8274,29.11
8303,28.703
8333,30.184
8362,28.891
8391,29.057
8420,28.813
8452,31.406
8481,29.299
8513,31.507
8541,28.693
8571,29.419
8600,29.369
8630,29.295
8659,29.582
8690,30.107
8719,29.635
8750,30.229
8779,29.691
8809,29.656
8839,29.564
8869,30.034
8898,29.44
8929,30.3
8958,29.624
8989,30.709
9019,29.93
9049,29.13
9078,29.232
9108,29.75
9137,29.339
9167,30.074
9197,29.387
9227,29.797
9257,29.991
9287,30.307
9317,29.63
9347,29.799
9378,31.364
9408,29.483
9437,28.783
9466,29.571
9495,29.074
9526,30.078
9555,29.159
9584,29.251
9614,29.76
9644,30.074
9674,29.509
9704,30.191
9733,29.436
9764,29.978
9793,29.807
9824,30.43
9855,30.5
9885,30.695
9915,30.078
9945,29.737
9978,32.685
10009,31.237
10039,29.877
10071,31.8
10101,29.897
10133,31.589
10163,29.772
10193,30.503
10223,29.92
10254,30.249
10284,30.222
10314,30.231
10344,29.71
10374,30.047
10404,29.519
10433,29.196
10464,30.676
10494,30.382
10524,30.054
10554,29.281
10584,30.046
10614,29.93
10644,30.172
10675,30.228
10705,30.46
10735,30.167
10765,30.041
10798,32.208
10828,30.148
10858,29.933
10888,29.615
10917,29.609
10948,30.224
10978,30.174
11008,30.306
11038,29.81
11069,30.745
11099,29.832
11129,30.223
11159,29.704
11189,30.095
11219,29.681
11249,29.612
11279,30.223
11309,29.801
11339,29.949
11369,29.447
11399,30.185
11428,29.371
11458,29.969
11488,29.311
11517,29.541
11547,29.709
11577,30.088
11607,29.985
11638,30.006
11668,30.008
11699,31.142
11729,30.251
11760,30.906
11790,30.196
11822,31.297
11853,30.705
11883,30.629
11914,30.501
11945,30.702
11975,30.571
12005,30.052
12036,30.016
12065,28.933
12094,29.689
12125,30.285
12155,29.798
12185,30.255
12215,30.203
12247,31.29
12277,30.42
12307,29.492
12337,30.263
12367,30.088
12397,29.307
12426,29.326
12455,29.234
12485,29.185
12515,29.904
12545,30.076
12574,29.255
12605,30.142
12635,30.098
12664,29.654
12695,30.034
12724,29.484
12755,30.541
12785,29.709
12815,29.931
12845,30.243
12875,30.204
12906,30.355
12935,29.477
12965,29.592
12996,30.382
13026,30.239
13056,29.924
13085,29.491
13119,33.259
13149,30.304
13179,29.753
13209,29.609
13238,29.578
13268,29.781
13300,32.004
13331,30.015
13361,30.39
13391,29.905
13420,29.249
13451,30.478
13481,29.671
13511,29.855
13541,30.586
13571,29.706
13602,30.391
13631,29.707
13661,29.482
13693,31.507
13723,29.755
13752,29.765
13782,29.71
13812,29.647
13843,30.599
13873,29.99
13902,29.607
13935,32.733
13966,30.965
13997,30.924
14028,30.77
14058,29.773
14088,29.808
14119,31.301
14149,29.807
14180,30.439
14209,29.413
14242,32.031
14272,30.044
14301,29.533
14333,31.583
14363,30.123
14396,32.366
14426,29.778
14457,30.906
14487,30.034
14517,29.674
14549,32.611
14579,29.628
14609,29.71
14638,29.516
14668,29.41
14698,29.836
14728,29.874
14758,30.198
14790,31.566
14822,32.243
14853,30.217
14883,30.527
14913,29.32
14943,29.98
14973,30.016
15003,30.117
15033,29.872
15064,30.18
15094,30.864
15125,29.953
15155,30.463
15186,30.729
15216,29.715
15247,30.652
15277,30.107
15307,29.878
15336,29.632
15367,30.289
15397,29.731
15427,29.895
15457,29.878
15487,30.172
15517,29.798
15547,29.733
15577,29.817
15607,30.289
15637,30.016
15667,30.249
15698,30.14
15728,29.848
15758,30.445
15789,30.961
15820,30.148
15853,32.887
15883,30.12
15916,33.557
15948,31.72
15978,29.928
16008,29.593
16038,29.958
16068,29.777
16098,30.006
16128,29.559
16158,29.765
16187,29.576
16217,29.561
16247,29.712
16277,29.707
16306,29.566
16336,29.876
16366,29.423
16396,29.627
16425,29.52
16455,29.698
16485,29.865
16515,29.552
16544,29.753
16574,29.635
16604,29.737
16634,29.485
16663,29.671
16693,29.858
16723,29.62
16753,29.756
16783,29.76
16812,29.401
16842,30.093
16872,29.875
16902,29.793
16932,29.58
16962,29.777
16992,29.676
17021,29.682
17051,29.594
17081,30.106
17111,29.753
17141,29.734
17171,29.712
17201,29.789
17231,29.893
17260,29.645
17290,29.897
17320,29.683
17350,29.655
17380,29.602
17410,29.853
17440,29.864
17469,29.579
17499,30.06
17529,29.563
17559,29.891
17589,29.395
17618,29.75
17648,29.399
17686,38.004
17720,33.886
17751,30.965
17784,33.093
17815,30.214
17845,29.86
17879,34.755
17911,31.1
17941,30.255
17972,30.918
18002,30.003
18032,30.037
18063,30.856
18093,30.035
18128,34.308
18158,30.077
18188,30.047
18218,29.783
18247,29.562
18278,30.116
18309,31.183
18339,29.491
18369,29.908
18398,29.773
18429,30.012
18459,29.99
18490,31.772
18520,29.758
18552,31.154
18581,29.849
18612,30.418
18643,30.524
18672,29.778
18703,30.735
18734,30.652
18765,31.078
18798,33.068
18828,29.624
18859,30.84
18890,30.667
18921,31.288
18953,31.337
18987,34.487
19018,30.336
19048,30.665
19079,30.355
19111,31.671
19141,30.31
19171,30.419
19202,30.722
19234,31.156
19264,30.048
19295,31.612
19341,45.337
19372,30.697
19402,29.894
19432,30.822
19464,31.382
19496,31.443
19526,30.58
19558,32.118
19590,31.34
19621,31.585
19652,30.275
19682,30.311
19714,31.184
19744,30.529
19774,30.05
19805,30.18
19834,29.806
19865,30.298
19895,30.003
19925,29.667
19957,32.243
19991,33.636
20022,31.561
20053,30.047
20083,30.797
20113,29.905
20144,30.288
20175,31.114
20205,30.088
20236,30.827
20267,31.06
20299,30.958
20329,30.853
20360,30.032
20390,30.3
20422,32.338
20453,30.054
20485,32.129
20515,30.448
20546,30.29
20577,31.447
20608,30.6
20638,30.169
20669,30.309
20700,31.037
20730,29.9
20760,30.549
20790,29.738
20821,30.377
20851,29.934
20881,29.635
20911,30.399
20941,29.922
20971,30.214
21002,30.113
21031,29.607
21061,29.604
21091,30.088
21121,29.666
21151,29.81
21181,29.746
21210,29.721
21240,29.603
21270,29.696
21301,30.937
21331,29.669
21361,30.32
21391,30.041
21422,30.149
21451,29.722
21481,29.489
21511,30.288
21541,29.487
21571,29.887
21601,29.713
21630,29.563
21660,29.653
21690,29.715
21720,29.64
21750,29.725
21779,29.464
21812,32.478
21842,29.779
21871,29.724
21901,29.932
21931,29.404
21961,29.828
21991,29.767
22021,30.017
22051,29.863
22081,29.675
22111,29.804
22140,29.812
22171,30.264
22201,29.836
22231,29.852
22261,30.476
22292,30.55
22323,30.731
22353,30.492
22384,30.275
22415,30.782
22446,31.54
22477,30.604
22507,30.303
22537,29.623
22567,29.848
22597,29.581
22626,29.636
22656,29.593
22686,29.94
22716,29.629
22746,29.911
22775,29.507
22806,30.134
22835,29.66
22865,29.486
22895,29.663
22924,29.516
22954,29.869
22984,29.838
23015,30.214
23044,29.772
23074,29.683
23104,30.13
23134,29.806
23165,30.2
23195,30.179
23225,30.107
23255,29.687
23285,29.681
23314,29.503
23344,29.712
23374,29.669
23404,29.687
23433,29.606
23463,29.915
23493,29.755
23523,29.974
23553,29.708
23583,29.806
23613,29.651
23643,29.881
23672,29.633
23704,31.052
23733,29.627
23763,29.796
23793,29.962
23826,32.409
23857,30.78
23889,32.356
23920,31.17
23952,31.84
23983,30.827
24020,36.704
24052,31.475
24085,33.473
24116,30.418
24146,30.387
24176,29.749
24206,29.898
24236,30.109
24266,29.906
24298,31.452
24328,30.287
24358,29.27
24387,29.156
24416,29.281
24446,29.609
24476,30.449
24507,30.006
24537,29.949
24567,30.339
24598,30.684
24627,28.972
24657,30.293
24687,29.354
24716,29.668
24746,29.765
24776,29.983
24806,29.878
24837,30.404
24868,31.108
24898,30.159
24929,30.594
24959,30.119
24991,31.243
25022,31.356
25053,31.362
25084,30.888
25116,31.095
25146,30.183
25176,29.879
25206,30.321
25236,29.664
25267,30.786
25298,30.598
25328,30.699
25359,30.217
25390,31.054
25420,29.834
25450,29.642
25480,29.891
25511,30.847
25540,29.788
25570,29.656
25600,29.434
25629,29.457
25660,30.48
25689,29.397
25720,30.586
25750,29.901
25780,30.215
25811,30.371
25843,31.739
25874,31.085
25904,30.295
25935,30.628
25965,30.03
25995,29.984
26025,29.54
26055,30.273
26085,30.037
26115,29.995
26145,29.451
26175,29.887
26205,29.966
26235,29.692
26265,30.148
26295,30.242
26325,29.987
26356,30.225
26387,30.837
26418,31.144
26449,30.573
26479,29.917
26509,29.998
26539,29.839
26569,30.18
26598,29.342
26628,29.173
26658,30.01
26688,29.682
26718,30.048
26748,30.184
26778,29.907
26808,29.905
26838,29.891
26868,29.831
26898,30.244
26928,29.751
26958,29.809
26988,30.014
27018,30.123
27048,29.668
27079,30.637
27109,30.173
27139,29.498
27169,29.765
27199,29.724
27228,29.669
27258,29.684
27289,30.402
27319,29.946
27349,29.744
27379,30.003
27408,29.206
27438,29.6
27468,30.078
27498,29.887
27527,29.579
27557,29.689
27587,29.627
27617,29.579
27646,29.34
27676,29.561
27706,29.673
27735,29.609
27765,29.454
27795,30.091
27825,29.61
27855,30.206
27885,29.791
27915,30.032
27945,29.777
27975,29.868
28005,29.96
28034,29.484
28065,30.395
28095,29.524
28125,29.902
28155,29.931
28186,31.014
28215,29.641
28246,30.095
28276,30.159
28307,30.773
28337,29.665
28367,30.561
28397,29.908
28428,30.774
28459,30.89
28489,29.513
28519,30.465
28549,30.035
28579,29.778
28610,30.914
28640,29.821
28670,29.661
28701,30.589
28731,30.374
28762,30.534
28792,30.108
28822,30.4
28852,30.002
28883,30.036
28913,30.003
28942,29.452
28973,30.152
29003,30.263
29033,29.865
29063,30.057
29093,29.852
29129,35.531
29159,30.098
29189,30.544
29219,29.602
29249,30.142
29279,29.839
29309,29.853
29339,29.743
29369,29.707
29399,30.128
29429,30.049
29459,30.031
29489,30.032
29519,29.9
29550,30.193
29580,29.674
29609,29.83
29640,30.521
29670,29.881
29701,30.428
29732,30.983
29763,30.992
29793,30.454
29823,30.078
29855,31.184
29884,29.577
29915,29.978
29945,29.889
29975,30.331
30005,30.059
30035,29.429
30064,29.523
30094,29.546
30124,30.032
30154,29.545
30184,30.494
30214,29.641
30243,28.971
30273,29.911
30303,29.905
30333,29.498
30362,29.62
30392,29.972
30423,30.516
30453,30.038
30483,29.9
30513,29.711
30543,29.666
30573,29.961
30603,30.01
30632,29.388
30662,29.467
30692,29.819
30723,30.861
30753,30.289
30784,30.66
30814,29.492
30843,29.643
30874,30.498
30904,30.157
30934,29.915
30964,29.674
30994,29.511
31024,30.221
31054,29.414
31083,29.494
31113,30.236
31143,29.878
31174,30.126
31209,35.473
31240,30.993
31270,30.011
31300,29.173
31330,29.837
31360,29.63
31389,28.863
31418,29.515
31447,28.942
31477,29.672
31506,29.334
31536,29.815
31565,29.018
31595,29.184
31624,28.822
31652,28.642
31682,29.806
31712,29.936
31742,29.493
31771,29.216
31801,29.111
31830,29.576
31859,28.932
31889,29.258
31918,29.303
31948,29.508
31977,29.507
32007,29.392
32036,29.515
32065,29.038
32094,28.691
32124,29.566
32153,29.574
32184,29.956
32213,29.588
32243,29.577
32272,29.188
32302,29.585
32331,28.712
32360,28.923
32389,29.287
32419,29.921
32449,29.781
32479,29.706
32509,29.843
32538,29.391
32568,29.467
32597,29.196
32626,29.304
32656,29.43
32686,30.02
32717,30.745
32748,30.672
32779,31.26
32810,31.091
32842,31.161
32871,29.315
32900,29.318
32931,30.667
32963,31.369
32993,30.364
33024,30.594
33055,30.853
33085,30.098
33115,30.11
33145,29.896
33175,29.59
33205,29.962
33235,29.842
33265,29.963
33295,30.365
33324,29.196
33355,30.09
33385,29.739
33415,30.495
33445,29.73
33475,30.036
33505,29.416
33534,29.792
33565,30.354
33595,29.676
33625,29.919
33656,30.821
33685,29.744
33715,29.761
33746,30.875
33777,30.344
33808,30.788
33837,29.703
33867,29.808
33898,30.775
33928,30.199
33959,30.168
33989,30.026
34019,30.004
34049,29.719
34079,29.989
34110,30.837
34139,29.617
34169,29.358
34199,29.8
34228,29.066
34258,29.898
34288,30.455
34318,29.238
34347,29.554
34377,29.926
34407,29.635
34437,30.03
34467,30.018
34497,29.876
34528,30.49
34559,30.575
34589,29.806
34619,30.024
34648,29.58
34678,30.029
34709,30.535
34740,30.541
34770,29.988
34799,29.275
34829,29.443
34858,29.692
34888,29.882
34918,29.806
34948,29.82
34978,29.661
35008,29.962
35038,30.06
35069,30.41
35099,29.746
35129,30.64
35159,30.032
35189,29.445
35224,34.539
35254,29.917
35283,29.645
35314,30.155
35344,30.629
35376,31.704
35406,29.961
35436,29.292
35465,29.661
35495,30.085
35526,30.117
35557,31.163
35587,30.066
35617,29.334
35646,29.341
35675,29.365
35705,29.404
35735,30.376
35767,31.778
35797,29.758
35827,29.86
35859,31.438
35888,29.792
35920,31.262
35950,29.707
35980,29.817
36010,30.05
36042,32.116
36072,29.773
36102,29.682
36132,30.158
36162,29.632
36191,29.686
36221,29.763
36251,29.966
36280,28.978
36310,29.603
36340,29.78
36370,30.121
36400,29.543
36430,30.029
36460,29.623
36490,30.124
36519,29.478
36549,29.398
36579,29.834
36608,29.608
36638,29.197
36668,30.179
36700,31.703
36730,29.896
36760,30.073
36789,29.296
36819,29.397
36848,29.159
36879,30.495
36909,29.752
36939,30.436
36969,29.573
36999,29.713
37028,29.091
37057,29.45
37087,29.612
37117,29.964
37146,29.101
37176,29.499
37206,29.573
37236,30.025
37266,29.821
37295,29.774
37327,30.97
37356,29.813
37388,31.184
37418,29.871
37447,29.518
37477,29.392
37506,29.544
37536,29.37
37565,29.346
37595,29.658
37625,29.508
37654,29.301
37684,29.666
37712,28.441
37741,28.588
37770,28.366
37799,29.59
37828,28.892
37858,29.332
37888,30.017
37917,29.156
37946,29.196
37976,29.362
38005,29.102
38035,29.342
38064,28.913
38093,29.385
38122,29.162
38151,28.911
38180,29.071
38210,29.841
38240,29.25
38269,29.404
38299,29.407
38328,29.443
38358,29.387
38387,29.529
38417,29.602
38447,29.422
38476,29.061
38506,29.687
38536,30.368
38566,29.544
38596,29.868
38625,28.918
38654,29.399
38686,31.374
38715,29.561
38746,30.359
38775,29.52
38805,29.734
38834,28.871
38865,30.636
38894,29.525
38924,28.969
38956,32.018
38985,29.591
39016,30.991
39045,28.836
39075,29.346
39104,29.608
39134,29.74
39164,29.726
39193,29.257
39224,30.461
39254,29.541
39284,29.867
39315,30.978
39345,29.765
39375,29.885
39405,29.933
39434,29.842
39464,29.859
39493,28.837
39523,29.298
39553,29.642
39582,29.328
39612,29.865
39641,29.468
39671,29.185
39701,30.207
39732,30.692
39763,31.14
39793,29.675
39823,30.003
39853,30.24
39883,29.905
39912,28.717
39943,30.623
39974,31.091
40004,30.003
40036,31.373
40066,29.915
40095,29.689
40125,29.829
40155,29.916
40185,29.81
40215,29.885
40245,29.958
40275,29.785
40304,29.17
40334,29.586
40364,29.777
40394,29.531
40423,29.605
40453,29.373
40482,29.517
40512,29.765
40542,29.457
40571,28.683
40600,29.658
40630,29.137
40660,30.166
40691,30.904
40721,29.928
40751,29.939
40781,29.422
40810,29.063
40839,29.016
40868,29.296
40897,28.775
40926,28.607
40954,28.362
40983,28.505
41012,28.59
41041,28.965
41069,28.658
41098,28.981
41127,28.896
41156,28.25
41184,28.451
41213,28.706
41242,29.216
41271,28.532
41300,28.633
41328,28.506
41357,28.873
41386,28.766
41415,28.734
41444,28.661
41473,28.657
41501,28.809
41530,28.9
41559,28.365
41589,29.696
41618,29.691
41647,28.231
41676,28.788
41704,28.076
41733,28.748
41761,28.453
41789,28.007
41817,28.025
41847,29.378
41878,31.374
41908,29.433
41938,29.832
41968,30.354
41998,29.95
42028,29.771
42058,29.663
42088,29.9
42118,30.061
42148,29.867
42186,37.535
42216,29.742
42245,29.806
42276,30.148
42305,29.627
42336,30.008
42367,31.642
42397,29.796
42427,29.999
42457,29.663
42488,30.404
42519,30.885
42556,36.921
42585,29.553
42617,31.235
42647,30.269
42680,33.122
42710,30.004
42743,33.045
42774,30.172
42805,31.655
42838,32.272
42868,30.163
42898,30.03
42928,30.157
42959,30.124
42991,32.557
43023,31.922
43056,32.794
43090,33.439
43123,32.776
43153,30.03
43183,30.223
43215,31.993
43245,30.003
43277,32.11
43307,29.89
43339,31.505
43371,31.504
43400,29.81
43430,29.845
43460,29.887
43490,29.672
43520,29.647
43550,30.02
43580,30.033
43610,29.722
43640,29.797
43672,32.194
43702,29.902
43733,31.234
43764,29.976
43794,29.95
43824,29.89
43853,29.66
43883,29.623
43913,29.686
43943,29.838
43973,29.906
44002,29.577
44032,29.762
44062,29.869
44092,29.502
44121,29.658
44152,29.938
44182,29.941
44211,29.469
44241,29.975
44271,30.154
44301,29.942
44332,30.416
44362,29.68
44392,30.15
44422,29.783
44452,29.711
44481,29.65
44511,29.91
44541,29.983
44571,29.982
44601,29.665
44631,30.176
44661,29.614
44691,29.744
44721,30.007
44751,29.833
44781,29.845
44811,30.088
44841,29.654
44871,30.014
44901,29.734
44931,29.665
44961,30.103
44990,29.673
45020,29.917
45050,29.738
45080,30.065
45111,30.211
45141,30.195
45172,30.943
45202,29.865
45232,29.904
45262,29.986
45292,30.032
45322,30.16
45353,30.161
45383,30.128
45413,29.964
45443,29.937
45473,29.857
45503,29.655
45532,29.763
45565,32.89
45595,29.133
45625,29.709
45654,29.266
45684,29.75
45714,30.513
45745,30.341
45774,29.301
45804,29.628
45834,29.705
45864,30.769
45895,30.088
45925,30.048
45955,30.367
45986,30.228
46016,30.8
46047,29.997
46076,29.84
46106,29.522
46137,30.577
46166,28.864
46195,29.637
46226,30.274
46255,29.254
46285,29.526
46314,29.694
46345,30.469
46376,30.458
46406,30.655
46437,30.203
46466,29.756
46497,30.101
46527,29.935
46557,30.196
46586,29.49
46616,29.825
46646,29.669
46678,31.813
46707,29.327
46737,29.469
46766,29.188
46795,29.125
46826,30.105
46855,28.873
46884,29.221
46913,29.267
46943,29.745
46973,30.028
47003,30.17
47033,29.667
47063,29.958
47093,29.8
47123,30.152
47153,30.077
47185,30.952
47214,29.882
47244,29.792
47274,29.688
47304,29.455
47333,29.309
47363,29.685
47392,29.429
47421,28.933
47450,28.936
47479,28.968
47508,28.777
47538,29.18
47566,28.795
47595,28.78
47624,28.917
47653,28.476
47683,29.743
47712,29.203
47743,30.701
47774,30.722
47804,30.428
47835,30.365
47865,30.024
47895,30.406
47926,30.677
47957,30.629
47987,30.223
48022,35.326
48054,31.644
48085,30.709
48116,30.637
48147,31.344
48180,32.391
48210,29.911
48239,29.339
48268,29.344
48298,29.175
48327,28.861
48355,28.817
48385,29.073
48414,29.617
48445,30.419
48474,29.321
48503,28.764
48535,32.183
48564,28.977
48597,32.838
48627,29.112
48657,30.851
48687,29.099
48717,30.574
48747,29.547
48777,30.275
48807,29.113
48837,29.898
48866,29.284
48896,30.34
48926,29.895
48955,28.919
48984,28.985
49016,31.43
49046,29.833
49077,30.625
49107,30.69
49136,28.936
49166,29.14
49197,30.864
49228,31.396
49259,30.577
49288,29.671
49322,33.981
49353,30.104
49383,30.246
49414,31.059
49445,30.552
49475,30.251
49506,30.909
49540,33.338
49569,29.667
49602,32.476
49633,30.792
49665,32.55
49698,32.915
49729,30.174
49761,32.306
49791,30.298
49821,29.737
49851,30.11
49882,30.177
49912,29.966
49941,29.547
49972,30.816
50007,34.695
50037,30.201
50067,29.418
50097,29.61
50126,29.147
50156,29.901
50185,29.316
50215,29.691
50245,29.806
50275,29.77
50305,30.246
50335,29.814
50365,29.757
50394,29.275
50424,29.644
50454,30.066
50485,30.34
50514,29.779
50544,29.955
50574,29.94
50605,30.386
50635,29.848
50665,30.248
50696,30.719
50727,30.482
50757,30.399
50787,30.094
50819,31.531
50849,30.41
50879,29.992
50909,29.903
50939,29.766
50969,29.935
50999,29.806
51028,28.684
51056,28.436
51085,28.947
51116,30.553
51146,30.196
51177,30.805
51208,30.616
51237,29.555
51268,30.368
51297,29.609
51328,30.043
51358,30.377
51388,30.064
51418,30.164
51448,29.755
51478,29.846
51508,29.711
51538,30.155
51569,30.496
51599,30.451
51630,30.471
51659,29.514
51690,30.328
51721,30.949
51751,30.477
51781,30.063
51812,30.586
51843,31.181
51874,31.021
51905,30.923
51936,30.437
51966,30.456
51997,30.17
52027,30.245
52058,30.461
52087,29.541
52117,29.983
52147,30.082
52177,30.035
52207,29.619
52236,29.25
52266,29.665
52296,29.929
52326,30.051
52356,30.077
52386,29.582
52416,29.358
52445,29.754
52476,30.147
52505,29.301
52535,29.695
52564,29.666
52594,29.285
52624,30.121
52654,29.923
52684,29.576
52713,29.77
52744,30.223
52773,29.482
52803,29.172
52832,29.645
52862,29.849
52892,29.859
52923,30.554
52953,30.141
52983,29.617
53013,29.876
53043,30.256
53073,29.678
53106,33.453
53135,29.166
53166,30.325
53196,30.003
53226,29.612
53255,29.265
53285,29.619
53314,28.995
53343,29.09
53372,29.199
53402,29.523
53431,29.388
53461,29.837
53491,29.864
53521,29.655
53552,30.732
53582,30.174
53612,30.239
53642,29.827
53672,30.016
53702,29.955
53732,30.15
53763,30.143
53793,30.739
53824,30.337
53854,30.439
53885,30.701
53916,30.676
53947,31.18
53978,31.215
54009,30.459
54039,30.14
54070,30.825
54104,34.431
54135,30.53
54166,30.511
54196,30.171
54226,30.505
54257,30.208
54287,30.382
54318,30.784
54349,30.911
54379,30.067
54410,30.721
54441,31.056
54472,30.924
54502,29.977
54532,30.0
54563,31.162
54594,30.335
54625,31.139
54662,36.367
54691,29.886
54722,30.677
54753,31.067
54784,30.616
54815,30.441
54845,30.212
54876,30.885
54907,30.43
54937,30.254
54968,30.846
54998,30.429
55029,30.36
55058,28.993
55087,29.464
55117,29.792
55147,29.963
55177,29.959
55208,30.717
55238,30.194
55268,29.934
55298,29.839
55330,31.51
55360,30.025
55390,30.235
55420,29.727
55450,30.091
55480,30.143
55511,30.261
55540,29.212
55570,29.729
55600,29.581
55629,29.536
55659,29.336
55689,30.505
55720,30.932
55751,30.944
55781,30.093
55812,30.271
55842,30.192
55872,30.437
55903,30.063
55933,30.686
55964,30.18
55994,30.269
56024,29.932
56054,29.975
56084,29.883
56114,29.704
56144,29.865
56174,30.247
56204,29.93
56234,29.591
56264,29.891
56293,29.414
56323,29.714
56353,29.764
56383,30.207
56413,29.592
56443,30.023
56473,30.125
56503,29.938
56533,30.29
56564,30.815
56594,29.675
56624,29.701
56654,29.675
56684,30.014
56713,29.485
56744,30.962
56776,30.988
56806,30.143
56835,29.06
56864,29.446
56894,29.491
56925,31.372
56955,29.682
56985,29.628
57015,29.429
57045,30.011
57074,29.633
57108,33.814
57138,29.687
57168,29.779
57198,29.872
57228,30.084
57257,29.336
57286,28.929
57316,29.832
57346,30.04
57376,29.534
57406,29.614
57436,29.735
57465,29.563
57494,28.938
57523,29.032
57554,30.089
57583,29.348
57613,29.597
57642,29.471
57672,29.771
57701,29.251
57731,29.955
57761,29.194
57790,29.61
57820,29.433
57849,29.33
57880,30.453
57909,29.074
57939,30.398
57970,30.116
58000,30.127
58031,30.622
58061,30.303
58090,29.479
58124,33.0
58153,29.848
58183,29.858
58213,29.504
58243,29.896
58273,30.099
58303,30.055
58333,29.943
58364,30.166
58393,29.737
58423,29.408
58452,29.413
58482,29.197
58511,29.688
58541,29.244
58571,30.198
58601,30.103
58631,29.628
58661,29.651
58690,29.579
58720,30.051
58751,30.134
58781,30.297
58812,31.191
58842,30.063
58875,32.056
58904,29.712
58934,29.766
58964,29.63
58994,29.764
59023,29.563
59053,29.747
59084,30.8
59115,30.611
59144,29.221
59174,29.925
59204,29.43
59233,29.251
59263,29.942
59293,29.556
59323,29.969
59353,29.932
59383,29.715
59411,28.825
59441,29.098
59470,29.332
59500,29.456
59529,29.041
59559,29.772
59589,29.989
59618,29.753
59648,29.806
59679,30.066
59710,31.462
59741,30.754
59771,30.326
59801,29.608
59832,30.512
59863,31.193
59894,30.668
59924,29.843
59954,30.355
59989,34.825
60019,30.338
60050,30.606
60080,29.788
60110,29.81
60139,29.657
60170,30.749
60200,29.938
60230,29.6
60260,29.944
60290,29.573
60320,29.768
60349,29.833
60380,30.003
60409,29.742
60439,29.389
60469,29.881
60498,29.235
60531,32.518
60560,29.636
60589,28.9
60619,29.441
60648,29.254
60678,30.02
60709,30.608
60739,30.268
60770,30.326
60800,30.284
60830,30.089
60860,30.049
60890,29.919
60920,29.947
60950,29.769
60980,29.752
61009,28.957
61039,30.021
61069,29.586
61099,29.884
61129,29.8
61158,29.752
61189,29.932
61218,29.726
61248,30.081
61278,29.807
61308,29.701
61338,29.721
61368,29.684
61397,29.572
61427,29.398
61457,29.798
61486,29.524
61517,30.159
61546,29.536
61576,30.07
61606,29.922
61635,29.116
61665,29.546
61694,29.321
61724,29.361
61753,29.412
61784,30.133
61813,29.718
61843,29.833
61873,29.641
61903,30.22
61933,29.454
61963,29.66
61992,29.306
62021,29.464
62051,29.626
62081,29.699
62111,29.627
62140,29.667
62170,29.869
62200,29.826
62230,29.793
62260,29.766
62290,29.552
62319,29.576
62349,29.54
62379,29.838
62408,29.563
62438,29.346
62468,30.154
62498,29.635
62527,29.435
62557,29.315
62586,29.634
62616,29.621
62646,29.563
62679,33.171
62710,30.54
62740,30.334
62770,30.011
62800,29.754
62830,30.102
62860,29.948
62890,29.96
62920,29.964
62950,30.138
62981,30.102
63010,29.398
63040,29.762
63069,29.35
63099,29.864
63130,30.726
63161,30.998
63191,30.122
63222,30.159
63252,30.843
63283,29.989
63312,29.647
63342,29.805
63372,29.841
63403,30.425
63433,30.064
63462,29.71
63492,29.88
63522,29.553
63552,29.959
63582,29.998
63612,29.521
63642,29.631
63671,29.498
63701,29.435
63730,29.624
63760,29.659
63789,29.263
63819,29.767
63849,29.741
63880,30.759
63910,29.688
63940,30.26
63970,30.051
64001,30.375
64030,29.646
64061,30.892
64091,30.067
64121,29.98
64152,30.148
64183,31.257
64213,29.977
64244,30.63
64274,29.865
64304,29.667
64333,29.87
64364,30.124
64393,28.972
64422,28.954
64452,29.84
64481,28.829
64509,28.774
64539,29.121
64567,28.755
64597,29.097
64626,29.295
64656,30.031
64685,29.326
64715,29.792
64745,29.259
64774,29.31
64803,29.274
64833,29.501
64862,29.175
64892,29.516
64921,29.4
64950,28.932
64980,29.414
65010,29.628
65039,29.736
65069,29.425
65097,28.448
65128,30.171
65157,29.064
65186,29.281
65215,28.492
65244,28.743
65273,29.599
65303,29.13
65331,28.671
65361,29.412
65390,29.218
65419,28.846
65448,29.155
65477,28.855
65507,29.349
65536,28.913
65567,31.645
65598,30.442
65627,28.922
65658,31.145
65688,29.992
65717,28.997
65746,29.111
65776,29.272
65805,29.212
65835,29.422
65864,29.827
65895,30.64
65926,30.307
65958,31.886
65990,32.679
66024,33.838
66053,29.155
66082,28.601
66112,29.763
66141,29.304
66171,29.334
66200,29.396
66229,28.451
66258,29.033
66287,29.157
66315,28.203
66344,28.566
66373,28.861
66402,28.535
66430,28.592
66459,28.798
66488,29.089
66517,28.846
66546,28.345
66576,30.398
66608,31.489
66637,29.56
66666,28.781
66696,29.532
66726,30.066
66756,29.776
66786,30.196
66816,29.422
66845,29.773
66875,29.861
66905,29.995
66934,28.731
66964,29.394
66993,29.532
67023,29.379
67052,29.071
67081,29.187
67111,29.384
67140,29.732
67169,28.944
67198,28.362
67227,28.567
67255,28.851
67285,28.96
67314,29.118
67342,28.498
67371,28.533
67400,28.648
67428,28.703
67457,28.65
67486,28.904
67515,29.216
67544,28.567
67572,28.235
67602,29.479
67631,29.084
67660,29.282
67690,29.709
67720,29.81
67749,28.935
67778,29.265
67807,28.621
67836,28.758
67865,29.241
67895,29.122
67924,29.723
67955,30.124
67986,30.914
68017,31.237
68048,30.6
68078,30.569
68113,34.544
68143,30.318
68175,31.38
68207,31.888
68238,30.986
68268,30.55
68299,30.749
68329,29.595
68359,29.647
68388,29.709
68421,32.383
68451,30.032
68483,32.505
68513,29.879
68544,30.759
68575,30.354
68607,31.955
68637,30.106
68668,31.465
68699,30.439
68730,31.053
68760,30.237
68792,31.479
68822,30.285
68853,30.633
68884,30.391
68915,31.054
68945,30.085
68976,30.619
69006,29.97
69036,30.324
69067,30.559
69098,30.975
69129,31.029
69160,31.016
69190,30.361
69222,31.602
69252,30.141
69283,30.532
69313,30.397
69344,30.225
69374,30.6
69404,29.881
69435,30.225
69466,31.199
69498,31.47
69528,30.121
69557,29.119
69587,30.078
69617,30.263
69647,29.494
69677,30.233
69708,30.477
69738,30.128
69769,30.37
69799,30.302
69830,30.478
69859,29.82
69889,29.839
69919,29.953
69949,29.89
69983,33.531
70014,31.107
70044,30.08
70076,31.272
70107,31.34
70137,30.083
70168,30.218
70199,30.908
70230,31.189
70260,29.939
70290,30.252
70320,29.716
70350,30.306
70381,30.494
70411,29.748
70440,29.603
70470,29.75
70503,32.898
70534,30.686
70563,29.433
70593,29.566
70626,32.444
70656,30.585
70686,29.5
70716,29.574
70745,29.733
70776,30.587
70805,29.303
70835,29.078
70863,28.484
70892,28.393
70920,28.487
70949,28.527
70979,30.334
71008,28.46
71036,28.548
71065,28.112
71093,28.0
71122,28.897
71151,29.243
71180,29.457
71210,29.918
71240,29.552
71270,29.632
71299,29.508
71329,29.457
71358,29.058
71388,29.664
71417,29.616
71447,29.403
71476,29.259
71505,29.164
71534,29.15
71563,28.882
71593,29.211
71622,29.6
71652,29.683
71684,31.763
71714,29.852
71746,31.937
71775,29.208
71805,29.594
71834,28.963
71863,29.585
71893,29.174
71924,31.103
71956,31.839
71985,29.63
72016,30.752
72046,29.445
72075,29.075
72105,29.688
72135,30.08
72165,29.77
72195,29.776
72225,30.343
72256,30.455
72286,30.265
72316,30.029
72346,30.09
72377,29.954
72407,30.028
72437,29.885
72470,33.066
72500,30.055
72532,31.334
72562,30.244
72592,29.654
72621,29.349
72651,29.819
72681,29.485
72712,30.607
72741,29.503
72772,30.222
72802,29.969
72832,30.257
72863,31.056
72893,29.354
72922,29.582
72953,30.321
72983,29.883
73013,29.642
73043,30.48
73073,29.95
73103,29.224
73133,29.718
73161,28.707
73191,29.038
73220,28.923
73249,28.939
73278,28.92
73306,28.727
73335,28.825
73364,28.925
73393,28.964
73423,29.101
73451,28.716
73480,28.943
73510,29.01
73539,29.165
73569,29.584
73597,28.681
73626,28.739
73655,29.121
73685,29.878
73715,29.461
73746,30.812
73776,29.92
73806,29.832
73836,29.701
73866,29.912
73896,30.011
73925,29.103
73954,29.221
73983,29.076
74013,29.191
74042,28.998
74071,29.234
74100,29.056
74130,29.157
74160,30.292
74190,30.253
74220,29.437
74249,29.135
74279,29.359
74308,29.223
74337,29.425
74367,29.761
74397,29.698
74427,29.577
74456,29.412
74485,28.973
74516,30.401
74545,28.906
74574,29.526
74603,28.906
74633,28.996
74662,28.99
74691,28.888
74720,29.437
74750,29.41
74779,29.315
74809,29.678
74839,29.93
74869,29.828
74899,30.07
74929,29.953
74958,29.212
74988,29.602
75018,29.464
75047,29.408
75077,29.841
75106,29.221
75137,30.062
75167,29.976
75197,30.405
75227,30.215
75258,30.075
75287,29.689
75317,29.6
75347,29.754
75377,30.34
75407,29.44
75437,30.024
75466,29.012
75496,29.314
75526,30.303
75556,29.586
75585,28.863
75615,29.891
75645,30.19
75675,29.706
75704,29.364
75734,29.585
75764,29.954
75795,30.613
75825,30.284
75855,30.218
75885,29.521
75915,29.48
75946,31.348
75975,29.285
76006,30.182
76036,30.183
76066,30.196
76095,28.821
76125,29.388
76154,29.395
76183,29.188
76212,28.825
76242,29.968
76272,29.624
76301,28.917
76331,29.508
76360,29.126
76389,29.042
76418,28.854
76448,29.316
76477,28.946
76506,28.874
76535,29.247
76565,29.523
76594,29.665
76624,29.152
76653,29.667
76682,28.91
76711,28.898
76741,29.653
76771,29.528
76802,30.648
76831,29.506
76861,29.736
76893,31.62
76926,32.687
76956,30.308
76985,29.304
77015,29.343
77045,29.659
77074,29.326
77103,29.034
77133,29.399
77162,29.476
77191,28.847
77224,32.308
77253,29.019
77282,29.436
77312,29.911
77341,29.015
77372,30.408
77402,29.923
77431,29.499
77461,29.939
77491,29.338
77521,29.852
77551,29.824
77581,29.997
77610,29.146
77639,29.048
77669,29.507
77699,29.586
77728,29.316
77758,29.45
77787,29.343
77816,28.836
77845,29.253
77875,29.642
77905,29.505
77934,29.435
77964,29.916
77994,29.867
78023,29.098
78053,29.038
78082,29.137
78111,28.843
78140,28.947
78169,29.084
78199,29.888
78229,29.408
78259,30.373
78289,30.139
78319,29.297
78347,28.733
78377,29.553
78407,29.718
78436,28.686
78465,29.395
78495,29.305
78524,29.101
78553,29.038
78583,29.599
78612,29.355
78642,29.428
78671,29.577
78701,29.77
78731,29.228
78760,29.176
78790,29.617
78819,29.146
78848,29.423
78878,29.317
78907,29.517
78937,29.067
78966,29.12
78995,29.15
79024,29.272
79054,29.12
79083,29.262
79112,28.809
79141,28.889
79170,29.137
79200,29.256
79228,28.854
79258,29.139
79287,28.888
79316,29.585
79347,30.158
79376,29.79
79406,29.561
79435,28.775
79464,29.25
79493,29.033
79523,29.138
79552,29.669
79582,29.066
79611,29.375
79640,29.138
79670,29.771
79700,29.201
79730,29.917
79759,29.585
79789,29.654
79819,30.309
79850,30.041
79880,30.115
79909,29.296
79939,29.513
79968,29.267
79998,29.514
80027,29.338
80057,29.523
80086,28.994
80115,29.155
80144,28.909
80173,28.726
80203,29.854
80232,28.983
80261,29.384
80290,28.767
80320,29.228
80349,28.905
80378,29.544
80407,28.776
80436,28.89
80465,29.003
80494,28.924
80523,28.874
80553,29.732
80583,29.552
80612,29.693
80642,29.091
80671,29.33
80700,28.747
80730,29.558
80758,28.705
80787,28.993
80817,29.494
80847,29.683
80876,29.398
80906,29.69
80935,29.098
80965,29.858
80995,29.15
81025,30.098
81054,29.337
81083,29.152
81113,29.032
81142,29.047
81171,29.105
81201,29.699
81230,28.929
81260,29.741
81289,28.925
81318,29.008
81347,28.871
81377,29.987
81406,29.391
81435,29.116
81464,28.669
81493,28.545
81522,29.091
81551,28.565
81581,30.013
81611,29.744
81640,29.324
81669,29.059
81700,30.338
81730,30.194
81760,29.916
81789,29.198
81819,30.051
81850,30.012
81880,30.095
81909,29.242
81939,29.59
81968,29.058
81998,29.821
82027,29.029
82057,29.48
82086,29.628
82116,29.843
82146,29.383
82176,30.344
82206,29.879
82236,29.577
82265,29.067
82295,29.765
82325,29.759
82355,29.799
82384,29.601
82414,29.373
82443,29.516
82474,30.114
82503,29.67
82533,29.916
82563,29.548
82593,29.979
82623,29.959
82653,30.0
82683,29.938
82713,29.99
82743,29.797
82774,30.122
82804,30.07
82834,30.007
82864,29.86
82893,29.167
82922,29.203
82952,29.496
82981,29.429
83011,29.502
83040,29.19
83071,30.305
83101,29.908
83131,29.917
83161,29.905
83191,30.431
83221,29.613
83251,29.906
83281,29.588
83311,29.685
83341,30.356
83371,30.277
83402,30.272
83432,30.518
83462,29.413
83494,32.111
83524,29.37
83556,32.456
83589,33.05
83621,31.437
83651,30.368
83683,31.74
83716,32.642
83746,30.124
83777,30.152
83807,30.516
83838,30.31
83868,30.358
83901,32.441
83931,30.255
83961,29.524
83991,29.83
84021,30.356
84051,30.242
84081,29.868
84112,30.122
84141,29.313
84171,29.656
84200,29.622
84231,29.945
84260,29.614
84290,29.823
84321,30.975
84352,30.685
84383,30.433
84414,31.782
84444,29.501
84475,31.09
84506,30.629
84537,31.311
84567,29.348
84597,30.49
84628,30.352
84660,31.814
84690,30.511
84721,30.539
84752,30.366
84783,31.487
84813,30.112
84844,30.159
84875,31.629
84907,31.011
84937,30.475
84967,29.883
84998,30.7
85029,30.534
85059,30.281
85090,31.038
85120,29.542
85152,31.704
85182,30.598
85214,31.143
85246,32.734
85276,29.792
85307,30.855
85337,30.079
85368,30.107
85398,30.187
85430,31.461
85461,30.908
85490,29.752
85521,30.807
85552,30.58
85581,28.973
85611,29.588
85641,29.665
85670,29.165
85700,29.655
85729,29.497
85760,30.263
85790,30.001
85822,32.613
85852,29.866
85882,29.666
85912,29.194
85941,29.255
85971,29.869
86002,31.286
86032,29.985
86064,31.334
86093,29.575
86125,31.683
86155,29.814
86185,29.942
86215,29.962
86245,29.989
86276,30.563
86306,29.44
86335,29.232
86365,29.631
86394,29.614
86428,33.186
86458,30.593
86490,31.869
86522,31.282
86552,30.328
86584,31.595
86614,30.064
86645,30.48
86676,31.515
86708,31.35
86738,30.28
86768,29.551
86799,31.505
86830,30.492
86863,33.411
86896,32.791
86927,30.486
86957,30.052
86987,30.19
87018,30.471
87048,30.42
87079,30.155
87109,30.015
87141,32.297
87171,29.93
87202,30.834
87232,30.147
87265,32.062
87295,30.323
87325,30.087
87355,29.644
87385,30.038
87415,29.789
87448,32.659
87478,29.719
87507,29.606
87537,29.748
87567,30.022
87597,29.906
87627,29.848
87658,30.143
87688,29.977
87718,30.591
87749,30.647
87780,30.444
87810,30.7
87842,31.909
87874,31.66
87905,30.999
87935,30.08
87966,30.033
87997,31.704
88030,32.336
88060,30.288
88094,33.258
88123,29.826
88153,29.394
88183,29.916
88213,29.572
88243,29.82
88272,29.737
88302,29.611
88332,29.713
88362,30.106
88392,30.029
88422,29.842
88452,29.857
88482,29.868
88512,29.641
88542,29.668
88571,29.724
88601,29.552
88631,30.002
88661,29.673
88691,29.908
88721,29.597
88751,29.889
88781,29.981
88810,29.158
88840,29.77
88870,29.746
88900,29.727
88929,29.851
88959,29.771
88990,30.146
89019,29.766
89050,30.369
89080,30.107
89110,29.852
89140,29.938
89170,29.98
89200,29.681
89230,30.068
89260,29.884
89291,30.645
89321,29.829
89351,29.782
89381,30.423
89412,30.373
89442,30.01
89472,30.018
89504,32.27
89535,30.213
89573,38.235
89603,30.138
89633,29.953
89664,30.594
89694,29.976
89724,29.392
89755,30.916
89784,29.48
89815,30.852
89845,29.772
89876,30.892
89907,30.778
89937,29.417
89968,30.799
89998,30.389
90028,30.269
90058,29.33
90087,29.234
90117,29.358
90146,29.106
90175,29.412
90205,29.792
90235,29.822
90267,31.358
90297,29.797
90328,31.266
90358,29.956
90388,29.764
90419,30.673
90448,29.306
90479,31.196
90512,32.365
90541,29.228
90570,28.992
90601,30.418
90631,30.249
90661,29.65
90691,29.671
90720,29.418
90749,29.048
90779,29.319
90809,29.668
90839,29.915
90869,30.199
90899,29.772
90929,29.788
90958,28.877
90987,28.806
91016,28.75
91045,29.214
91075,29.568
91104,29.318
91133,29.093
91162,28.912
91191,29.001
91222,30.47
91252,30.226
91282,29.958
91314,32.005
91344,29.701
91377,32.146
91407,30.144
91437,29.81
91467,30.664
91498,30.849
91531,32.239
91562,30.762
91592,30.438
91624,32.11
91656,31.907
91689,32.534
91719,29.71
91749,29.971
91779,30.392
91810,30.935
91841,30.863
91873,31.031
91903,29.846
91933,30.685
91963,29.97
91995,31.511
92025,29.717
92055,29.651
92084,29.443
92114,29.431
92144,30.432
92173,28.672
92203,29.747
92233,29.616
92263,29.835
92294,31.778
92323,28.768
92354,30.849
92388,33.997
92418,29.901
92447,28.881
92476,29.116
92507,30.368
92537,30.282
92567,29.228
92597,30.198
92626,29.364
92657,30.675
92700,42.394
92731,30.776
92769,38.41
92799,29.847
92830,31.096
92860,29.73
92890,29.913
92919,29.271
92949,29.224
92977,28.711
93006,28.646
93035,28.567
93064,28.859
93093,28.912
93121,28.499
93152,29.984
93181,29.109
93210,29.101
93241,30.983
93271,30.194
93301,29.378
93331,30.288
93361,29.352
93390,29.061
93419,28.9
93447,28.57
93477,29.323
93506,28.713
93535,29.086
93565,29.661
93593,28.481
93622,28.634
93651,29.219
93680,29.128
93710,29.129
93739,29.051
93768,28.786
93796,28.395
93825,28.544
93853,28.524
93883,29.052
93911,28.236
93940,28.683
93968,28.197
93996,27.719
94024,27.966
94052,28.33
94081,28.172
94109,28.7
94138,29.057
94167,28.757
94196,28.662
94225,28.574
94254,28.925
94283,29.189
94312,28.816
94341,28.774
94370,29.343
94399,28.848
94428,28.865
94457,28.587
94486,29.075
94515,28.584
94544,29.565
94574,29.154
94603,29.245
94632,29.23
94662,29.476
94691,29.4
94720,28.874
94750,29.895
94779,29.066
94809,29.41
94839,29.997
94868,29.269
94898,29.35
94927,29.326
94956,29.093
94986,28.961
95014,28.804
95044,29.128
95073,28.92
95105,31.846
95134,29.249
95163,29.133
95196,32.809
95226,29.482
95255,29.31
95285,29.448
95314,29.357
95344,29.251
95373,28.878
95403,30.126
95433,29.814
95462,29.136
95491,28.987
95520,28.897
95555,34.341
95584,29.315
95614,30.031
95644,30.294
95675,30.687
95706,30.817
95736,29.985
95766,29.443
95795,29.453
95825,29.426
95855,29.903
95884,29.469
95915,30.682
95945,29.435
95974,29.091
96004,29.62
96034,30.018
96063,29.551
96093,29.346
96123,30.435
96153,29.592
96183,29.613
96212,29.57
96242,29.445
96271,29.447
96301,29.188
96330,29.069
96359,29.189
96390,30.267
96419,29.441
96448,28.99
96477,29.139
96507,29.279
96536,29.074
96565,29.488
96595,29.693
96625,29.413
96655,29.937
96684,28.7
96713,29.566
96743,29.443
96773,30.02
96802,29.095
96832,29.445
96862,30.672
96892,29.43
96921,29.178
96951,29.802
96981,29.748
97011,29.81
97040,29.181
97070,30.277
97101,30.174
97130,29.174
97160,29.873
97190,30.465
97220,29.268
97249,29.501
97280,30.224
97310,29.832
97340,29.725
97370,30.267
97400,29.632
97429,29.198
97459,29.853
97488,29.094
97517,29.26
97547,29.271
97576,29.307
97605,28.853
97634,28.892
97663,29.014
97692,28.443
97720,28.671
97750,29.175
97779,29.577
97809,29.552
97838,29.368
97868,29.711
97898,29.611
97927,29.139
97956,29.041
97985,28.853
98014,28.977
98044,29.291
98073,29.156
98102,29.185
98132,29.329
98161,29.086
98190,28.84
98218,28.65
98248,29.204
98276,28.342
98304,27.958
98333,28.507
98361,28.444
98390,28.326
98419,28.784
98447,28.488
98476,28.659
98505,28.382
98533,28.525
98561,28.241
98590,28.366
98619,28.874
98648,29.009
98677,29.053
98706,28.599
98734,28.238
98763,28.782
98792,28.696
98820,28.53
98848,27.732
98877,28.376
98905,28.153
98933,28.003
98961,27.989
98990,28.528
99018,28.386
99048,29.224
99077,29.081
99106,29.113
99135,29.373
99164,28.988
99193,28.681
99222,28.336
99251,28.803
99279,28.718
99308,28.442
99337,28.522
99366,29.359
99395,28.718
99424,28.774
99452,28.357
99481,28.677
99509,28.402
99538,28.703
99567,28.523
99596,28.666
99624,28.134
99653,28.981
99682,28.781
99711,28.875
99739,28.447
99769,29.215
99797,28.21
99825,27.861
99853,28.157
99882,28.547
99910,28.609
99939,28.521
99968,29.038
99997,28.884
100026,28.686
100055,29.015
100084,29.15
100114,29.517
100143,29.548
100172,28.863
100202,29.099
100230,28.561
100260,29.367
100289,29.035
100318,28.685
100346,28.6
100375,28.732
100404,28.485
100432,28.186
100460,28.224
100489,28.019
100517,28.786
100547,29.283
100576,28.984
100606,30.239
100634,27.993
100663,28.541
100691,28.463
100720,28.407
100749,28.473
100777,28.432
100807,29.447
100835,28.789
100867,31.086
100897,30.093
100927,29.805
100958,30.758
100987,29.413
101016,29.021
101046,29.903
101076,29.279
101105,29.359
101136,30.619
101166,29.746
101198,31.869
101228,30.145
101258,30.191
101287,28.856
101317,29.461
101346,29.077
101375,29.013
101404,29.048
101433,29.117
101463,29.394
101492,28.922
101521,29.658
101554,32.609
101584,29.829
101614,29.699
101644,30.239
101674,29.686
101704,29.958
101734,30.033
101765,30.389
101794,29.677
101824,29.528
101854,30.218
101885,30.177
101915,30.03
101945,30.257
101976,30.366
102005,29.821
102035,29.899
102066,29.954
102098,32.506
102128,30.22
102161,32.016
102192,31.353
102222,29.58
102251,29.624
102281,29.593
102311,29.501
102340,29.758
102370,29.561
102400,29.484
102429,29.38
102459,29.397
102488,29.49
102518,29.432
102548,30.032
102584,35.764
102614,30.35
102644,30.379
102676,31.475
102707,30.396
102737,30.33
102767,30.478
102799,30.931
102831,32.001
102863,32.698
102893,29.349
102925,32.33
102957,31.339
102987,30.261
103017,29.864
103047,30.029
103078,30.329
103108,30.532
103138,30.189
103170,31.857
103200,29.988
103233,32.163
103264,31.385
103296,31.927
103328,31.563
103359,31.401
103392,32.346
103422,30.055
103452,30.555
103483,30.183
103512,29.622
103543,30.561
103574,30.5
103604,30.336
103634,29.907
103664,30.029
103694,29.93
103724,29.924
103754,30.148
103784,29.882
103814,29.567
103844,29.835
103875,30.923
103905,29.956
103937,32.128
103970,32.602
104000,30.107
104030,29.836
104060,29.966
104090,29.82
104120,29.604
104149,29.595
104179,29.601
104209,29.634
104239,29.899
104269,29.92
104298,29.313
104328,30.36
104358,29.539
104389,30.405
104419,30.243
104449,29.725
104479,30.366
104509,29.461
104539,29.918
104568,29.713
104598,29.27
104628,29.663
104657,29.845
104688,30.562
104718,29.63
104748,29.996
104778,29.682
104808,29.863
104838,30.483
104868,30.112
104898,29.645
104928,29.823
104958,30.169
104988,29.915
105018,29.666
105048,29.905
105078,29.89
105108,30.361
105139,30.165
105168,29.669
105198,29.993
105228,29.536
105259,30.524
105289,30.065
105319,30.388
105350,30.448
105380,30.042
105410,29.812
105439,29.503
105469,29.867
105500,30.158
105529,29.724
105559,29.614
105589,30.097
105620,30.279
105649,29.316
105680,30.615
105709,29.379
105738,29.189
105768,29.035
105797,29.017
105827,30.157
105856,29.47
105886,29.814
105916,29.25
105950,33.832
105980,30.321
106010,29.897
106039,29.096
106069,29.739
106098,29.245
106129,30.366
106159,30.193
106189,30.059
106219,29.533
106249,30.105
106280,30.491
106309,29.678
106339,29.991
106369,30.011
106399,29.883
106429,29.954
106459,29.846
106489,29.559
106519,29.992
106549,30.131
106579,29.78
106611,32.237
106642,29.952
106672,30.479
106702,29.733
106733,30.952
106763,29.704
106793,30.027
106822,29.486
106853,30.133
106882,29.38
106912,29.599
106942,29.689
106973,31.497
107005,31.331
107037,32.818
107068,30.782
107101,32.382
107132,30.788
107164,32.141
107196,32.194
107226,30.065
107257,30.211
107287,30.192
107319,32.131
107351,32.235
107384,33.038
107414,29.772
107444,29.821
107474,29.354
107503,29.627
107533,30.152
107564,30.061
107593,29.427
107623,29.609
107653,30.0
107683,29.63
107712,29.678
107744,31.757
107778,33.738
107808,29.884
107842,34.046
107876,33.71
107906,29.682
107935,29.798
107965,29.262
107995,30.265
108032,36.692
108062,29.91
108092,29.947
108121,29.5
108151,29.62
108181,29.772
108211,29.737
108241,29.847
108271,30.125
108301,29.773
108331,29.71
108360,29.748
108391,30.409
108421,29.788
108451,29.763
108481,29.983
108511,29.945
108541,30.264
108572,30.519
108601,29.696
108631,29.669
108661,29.416
108690,29.445
108720,29.714
108750,29.784
108779,29.624
108809,29.764
108839,29.625
108870,31.041
108900,29.836
108930,29.59
108960,29.778
108990,29.955
109020,29.865
109050,30.093
109080,30.021
109110,30.234
109140,29.876
109170,29.897
109200,29.988
109230,29.512
109260,30.051
109290,29.691
109319,29.799
109349,29.481
109379,29.458
109409,29.896
109438,29.711
109470,31.696
109501,30.885
109531,29.788
109561,30.023
109592,30.846
109622,29.745
109654,31.869
109684,30.045
109716,32.153
109746,29.819
109776,29.929
109806,29.808
109836,29.819
109866,30.177
109896,29.956
109926,29.671
109955,29.647
109986,30.115
110015,29.762
110046,30.09
110079,33.839
110110,29.982
110141,31.636
110173,31.736
110203,29.83
110235,31.734
110266,31.373
110296,30.022
110328,31.647
110359,30.965
110389,29.747
110420,31.247
110450,29.8
110480,29.518
110512,31.842
110543,31.455
110574,30.373
110606,32.235
110636,29.932
110666,29.664
110697,31.471
110729,31.967
110762,32.791
110795,33.094
110825,29.662
110858,33.331
110893,34.254
110922,29.202
110953,31.316
110985,31.092
111013,28.706
111043,29.291
111072,29.056
111101,28.719
111129,28.72
111160,30.416
111189,28.616
111217,28.763
111248,30.433
111279,30.649
111309,30.241
111339,29.987
111368,28.909
111397,28.799
111426,29.027
111455,28.709
111485,30.124
111515,29.61
111545,29.89
111575,30.675
111605,29.268
111635,29.883
111664,29.352
111695,30.529
111724,29.298
111754,29.554
111783,29.098
111812,29.485
111843,30.158
111873,30.192
111903,30.073
111934,31.083
111964,30.15
111994,29.827
112024,29.655
112054,30.28
112085,30.18
112118,33.632
112148,29.578
112178,30.452
112209,30.592
112240,30.813
112271,31.032
112301,30.267
112331,30.011
112363,31.087
112392,29.702
112422,29.75
112454,31.923
112485,30.273
112514,29.743
112548,33.107
112578,30.046
112609,30.88
112639,30.102
112669,29.901
112699,30.083
112729,30.035
112759,29.797
112789,29.787
112819,29.985
112849,29.92
112879,29.954
112909,29.986
112939,29.903
112969,30.125
112999,30.147
113030,29.977
113060,30.01
113090,30.107
113120,29.712
113151,31.311
113180,29.426
113210,29.543
113241,31.189
113271,29.907
113301,29.745
113331,29.764
113364,33.24
113394,29.601
113425,31.247
113455,30.215
113486,30.436
113517,31.085
113547,30.16
113578,30.626
113609,31.183
113640,30.229
113671,31.102
113701,30.368
113732,30.567
113763,31.217
113794,30.639
113825,31.174
113857,31.502
113888,31.268
113919,30.912
113949,30.512
113982,32.488
114012,30.215
114042,30.157
114074,31.785
114105,30.964
114136,30.414
114168,32.438
114199,30.428
114229,30.755
114262,32.375
114294,32.091
114324,30.257
114356,31.472
114386,29.938
114417,31.076
114451,33.691
114483,31.987
114515,31.539
114547,32.158
114579,31.854
114612,33.436
114643,31.006
114674,30.956
114705,30.738
114735,30.243
114766,30.936
114797,30.895
114829,31.404
114860,31.44
114892,31.383
114922,30.541
114954,31.847
114987,32.518
115019,31.606
115050,31.765
115082,31.681
115114,31.266
115145,31.063
115176,31.088
115206,29.65
115236,29.884
115266,30.019
115297,31.508
115327,29.899
115357,29.925
115387,29.708
115417,29.705
115447,29.834
115477,30.031
115506,29.727
115536,29.863
115566,29.97
115597,29.993
115627,29.943
115656,29.694
115687,30.197
115716,29.717
115746,30.005
115777,30.417
115808,30.562
115838,30.496
115868,30.074
115900,31.311
115930,30.483
115962,31.83
115992,30.005
116024,31.899
116055,30.246
116085,30.15
116120,35.344
116152,31.099
116182,30.742
116213,30.805
116244,30.695
116275,30.403
116305,30.189
116335,30.161
116365,29.969
116395,29.942
116425,30.026
116455,29.863
116486,30.684
116517,30.874
116547,29.475
116578,31.679
116610,31.249
116644,33.939
116678,34.041
116708,30.693
116740,31.62
116770,29.909
116800,30.127
116832,31.323
116862,30.422
116894,31.226
116924,30.593
116955,30.467
116985,29.834
117014,29.741
117045,30.035
117076,31.11
117106,29.997
117136,29.621
117165,29.701
117196,30.589
117229,30.379
117259,30.259
117290,30.73
117320,30.314
117351,30.151
117381,30.217
117411,30.452
117442,30.67
117472,29.98
117502,29.826
117532,29.684
117562,30.363
117593,30.229
117623,30.698
117654,30.644
117684,30.094
117714,29.974
117745,30.423
117777,31.57
117808,31.429
117840,32.323
117872,31.035
117902,30.538
117933,30.719
117963,29.687
117993,29.673
118023,30.473
118053,29.794
118084,30.629
118113,29.672
118145,31.564
118175,29.605
118205,30.345
118235,29.652
118266,31.043
118296,29.732
118326,30.486
118358,31.012
118389,31.001
118419,30.423
118450,30.697
118480,30.207
118512,30.419
118543,30.437
118573,30.307
118605,31.171
118636,31.695
118668,31.462
118698,29.718
118729,30.945
118758,29.342
118788,30.136
118819,30.244
118848,29.406
118879,30.225
118908,29.445
118938,29.736
118970,32.04
119000,29.803
119031,31.038
119063,31.496
119094,30.959
119124,30.739
119155,30.313
119186,31.24
119216,29.82
119247,31.311
119278,30.98
119309,30.384
119339,29.572
119369,30.254
119399,30.151
119429,29.825
119460,30.882
119490,29.838
119520,30.544
119550,29.804
119581,30.72
119612,30.835
119643,30.792
119673,29.934
119703,29.634
119733,30.481
119764,31.07
119794,29.558
119823,29.45
119854,30.03
119885,30.896
119915,30.251
119945,29.876
119975,30.485
120006,30.094
120037,31.753
120068,31.017
120098,29.369
120128,29.673
120158,30.308
120189,31.002
120219,29.473
120248,29.466
120278,29.681
120307,29.451
120339,30.934
120370,31.297
120400,30.11
120430,30.35
120461,30.587
120492,30.762
120522,29.699
120552,30.657
120583,30.947
120614,30.836
120645,30.211
120675,30.239
120705,29.504
120735,30.721
120766,30.582
120798,31.866
120828,29.84
120859,30.608
120889,30.506
120920,30.913
120951,30.681
120982,30.936
121012,30.279
121043,30.238
121074,30.909
121106,31.974
121140,34.297
121172,31.666
121203,31.596
121234,30.284
121266,31.874
121296,30.447
121328,31.576
121359,31.352
121390,31.109
121421,30.638
121452,30.617
121482,30.012
121512,29.754
121542,29.826
121572,30.569
121602,29.791
121633,30.828
121664,30.398
121695,30.867
121724,29.78
121755,30.667
121786,30.923
121816,29.882
121846,30.053
121877,30.709
121907,29.597
121937,30.154
121967,30.33
121997,30.052
122027,29.707
122057,29.892
122088,30.254
122119,30.958
122150,31.262
122180,29.836
122211,30.692
122241,30.77
122273,31.984
122304,30.291
122342,37.729
122372,30.183
122402,29.653
122432,30.688
122463,30.584
122493,30.106
122524,30.965
122555,30.907
122586,31.056
122616,29.579
122646,30.142
122680,33.903
122713,33.147
122743,29.885
122774,30.066
122804,30.119
122834,29.718
122863,29.797
122893,29.374
122922,29.521
122951,29.007
122980,28.161
123008,28.575
123036,27.907
123064,27.938
123092,27.922
123121,28.641
123149,27.742
123177,28.264
123205,27.925
123234,28.623
123262,28.377
123292,29.201
123321,29.462
123351,29.522
123380,28.729
123408,28.104
123436,27.99
123465,29.038
123493,28.137
123522,28.54
123550,28.615
123580,29.325
123609,29.361
123638,29.165
123667,28.807
123697,29.251
123726,29.059
123755,29.416
123784,28.775
123813,29.248
123842,28.538
123871,28.948
123900,28.404
123928,28.392
123956,28.101
123985,28.284
124013,28.158
124041,28.319
124070,28.716
124099,29.235
124128,29.07
124156,27.838
124184,27.734
124212,28.208
124241,28.292
124269,28.261
124297,28.23
124326,28.291
124354,27.814
124384,29.834
124412,28.094
124440,28.102
124467,27.509
124496,28.025
124523,27.516
124551,27.587
124579,27.959
124608,29.396
124637,29.114
124666,28.694
124695,28.369
124723,27.753
124751,28.497
124779,28.095
124808,28.276
124836,28.718
124865,28.551
124894,28.503
124922,27.926
124949,27.386
124977,28.028
125005,27.44
125033,27.655
125060,27.407
125088,27.945
125116,28.336
125145,28.515
125173,28.086
125201,27.975
125229,27.727
125257,28.343
125286,28.708
125314,28.101
125342,27.94
125370,27.654
125398,28.218
125427,28.389
125455,28.135
125483,28.213
125512,28.612
125541,29.256
125570,28.474
125599,28.846
125628,28.957
125656,28.158
125684,28.042
125712,27.263
125739,27.617
125767,27.684
125794,27.406
125822,27.688
125850,27.279
125878,28.632
125906,27.973
125935,28.14
125962,27.411
125990,27.512
126019,29.164
126048,28.742
126077,29.151
126106,29.329
126135,29.138
126164,28.877
126194,29.181
126224,29.751
126253,29.183
126283,29.795
126312,29.137
126342,29.669
126371,29.454
126401,29.61
126431,29.796
126460,29.307
126490,29.625
126519,28.985
126549,30.24
126579,29.737
126609,30.098
126639,30.103
126668,28.932
126697,28.909
126730,32.942
126760,29.525
126790,30.111
126819,29.154
126849,29.255
126878,29.261
126907,28.945
126936,28.891
126965,28.502
126994,29.005
127023,28.94
127052,29.202
127082,30.097
127112,29.77
127141,29.09
127171,29.617
127201,29.678
127231,29.815
127262,30.901
127292,30.045
127322,29.969
127352,29.897
127382,29.754
127411,29.246
127441,29.704
127470,29.47
127500,29.715
127529,29.3
127560,30.445
127591,31.365
127622,30.437
127652,30.228
127682,29.627
127712,30.126
127742,30.024
127772,29.501
127801,29.541
127831,29.312
127860,29.436
127890,29.452
127919,28.78
127948,29.173
127978,30.052
128007,29.219
128037,29.162
128066,29.422
128095,29.233
128126,31.055
128156,29.948
128186,29.908
128216,29.684
128245,28.991
128275,29.338
128304,29.148
128333,28.88
128361,28.372
128390,28.939
128419,28.108
128448,29.403
128482,33.788
128512,29.702
128541,28.925
128571,29.869
128600,29.496
128629,28.594
128657,28.46
128686,28.837
128716,29.065
128745,29.434
128775,29.567
128804,28.786
128833,29.242
128862,29.244
128892,30.01
128922,29.472
128951,29.186
128981,29.596
129011,29.509
129040,29.054
129069,28.994
129098,29.697
129128,28.997
129157,29.278
129187,29.727
129216,29.345
129246,30.059
129276,29.386
129305,29.557
129335,29.082
129364,29.285
129394,29.617
129422,28.694
129451,28.938
129481,29.553
129510,29.203
129540,29.143
129568,28.728
129599,30.983
129630,30.579
129659,28.578
129688,29.449
129718,29.783
129748,29.576
129777,29.002
129806,29.452
129836,29.274
129865,29.56
129895,29.213
129925,29.829
129953,28.647
129982,29.097
130012,29.194
130041,29.27
130070,28.916
130100,29.596
130129,29.664
130159,29.433
130189,29.487
130218,29.561
130248,29.732
130278,30.241
130309,30.941
130339,29.872
130371,31.216
130401,30.234
130431,29.68
130463,31.683
130495,31.92
130532,36.81
130564,31.633
130594,29.966
130623,29.802
130653,29.308
130683,29.553
130713,30.168
130744,30.904
130773,29.174
130803,29.606
130832,29.629
130862,29.577
130891,28.944
130920,29.121
130949,29.046
130979,29.69
131009,29.944
131039,29.434
131069,29.7
131098,29.507
131129,30.861
131165,36.038
131197,31.514
131227,30.168
131257,29.88
131287,29.939
131317,29.591
131346,29.397
131376,29.747
131406,29.707
131437,31.412
131469,31.429
131502,33.562
131535,32.175
131565,29.981
131595,30.054
131626,31.206
131656,29.742
131686,29.79
131716,30.286
131746,29.76
131776,29.799
131807,31.268
131837,29.763
131868,31.082
131898,29.679
131928,29.591
131959,31.097
131989,29.81
132019,29.935
132051,31.587
132082,31.236
132112,29.788
132144,32.225
132174,29.956
132207,32.928
132237,29.898
132267,29.836
132299,31.757
132329,29.807
132363,33.515
132393,30.546
132423,29.542
132452,29.509
132482,29.343
132514,32.313
132544,29.87
132577,32.306
132614,36.936
132644,30.108
132676,32.206
132706,30.126
132737,30.217
132768,31.628
132800,30.986
132832,31.888
132863,31.666
132894,30.925
132924,29.542
132953,29.416
132983,29.401
133012,28.976
133041,29.317
133071,29.251
133100,29.304
133130,29.525
133160,29.846
133190,29.678
133219,29.74
133249,29.566
133279,30.14
133309,29.336
133338,29.423
133368,29.464
133399,31.138
133428,29.316
133458,29.338
133487,29.211
133516,29.188
133546,29.112
133575,29.046
133609,34.197
133639,29.534
133669,30.252
133699,29.529
133729,29.748
133758,29.224
133787,29.354
133817,29.557
133847,29.619
133876,29.15
133905,29.123
133935,29.34
133964,29.1
133994,29.78
134023,29.351
134052,29.29
134082,29.539
134117,35.216
134147,29.631
134178,30.303
134208,30.552
134238,29.892
134268,30.094
134299,30.554
134329,30.053
134359,29.614
134389,30.015
134419,29.819
134449,29.878
134479,30.229
134510,30.675
134540,29.674
134569,29.416
134599,29.561
134629,29.945
134660,30.485
134696,36.193
134726,29.914
134755,29.413
134785,29.663
134815,29.679
134844,28.942
134874,29.479
134903,29.015
134933,29.977
134964,30.847
134993,29.401
135022,29.177
135051,28.943
135081,29.106
135114,32.925
135143,29.266
135172,29.176
135202,29.286
135231,28.94
135262,30.686
135292,30.112
135322,30.31
135352,29.572
135382,30.121
135415,32.522
135445,30.095
135476,30.626
135506,30.433
135536,30.256
135565,28.735
135595,29.302
135624,29.143
135653,29.359
135684,30.401
135714,29.663
135744,29.906
135772,28.652
135802,29.72
135831,29.074
135861,29.718
135890,28.956
135921,30.716
135951,30.129
135981,29.154
136009,28.746
136038,28.199
136066,28.185
136095,28.897
136127,31.652
136156,29.052
136185,28.829
136214,28.687
136242,27.948
136270,28.532
136299,28.081
136328,29.398
136358,29.809
136387,28.884
136416,29.377
136449,32.909
136479,29.639
136509,29.818
136539,29.356
136568,29.841
136602,33.877
136632,29.375
136662,29.562
136691,29.792
136722,29.984
136751,29.801
136781,29.619
136811,29.837
136841,29.395
136871,30.19
136901,29.604
136930,29.004
136959,29.639
136989,29.265
137019,29.951
137052,33.523
137081,28.656
137111,29.579
137140,29.115
137170,29.318
137200,30.293
137229,28.96
137259,29.774
137289,30.042
137319,30.086
137348,29.194
137378,29.498
137408,29.571
137437,29.457
137467,29.558
137497,29.601
137526,29.616
137555,28.949
137584,28.702
137613,29.293
137643,29.561
137673,29.601
137707,34.278
137737,29.532
137766,29.395
137796,29.26
137826,30.567
137856,29.748
137885,29.2
137915,29.574
137945,29.832
137975,29.509
138004,29.539
138033,28.763
138063,29.36
138092,29.826
138123,30.469
138153,29.705
138184,30.865
138214,30.001
138244,30.052
138274,29.453
138304,29.901
138333,29.21
138362,29.524
138392,28.992
138420,28.896
138449,28.783
138479,29.402
138508,28.905
138537,29.365
138567,29.359
138596,29.129
138626,29.713
138655,29.277
138685,29.761
138716,31.011
138745,29.212
138774,28.898
138803,28.781
138833,29.268
138862,29.261
138891,29.004
138920,29.083
138949,28.889
138978,29.016
139008,29.367
139038,30.044
139067,28.702
139097,30.643
139128,31.093
139157,28.648
139186,28.891
139215,28.799
139244,28.928
139273,29.224
139303,29.335
139333,29.784
139362,28.905
139392,29.833
139421,29.875
139452,30.113
139483,30.953
139516,33.128
139546,29.713
139576,30.452
139607,30.452
139637,30.162
139667,30.104
139698,30.2
139729,31.227
139766,36.891
139796,30.077
139826,30.14
139856,30.024
139886,29.87
139917,30.233
139947,29.901
139977,30.179
140007,30.158
140037,29.528
140066,29.634
140096,29.734
140126,29.963
140156,29.332
140186,29.8
140216,29.842
140246,30.008
140275,29.161
140305,29.73
140335,29.864
140365,29.969
140394,29.267
140424,29.764
140454,29.778
140484,29.768
140513,29.755
140544,30.034
140574,30.523
140604,30.263
140634,29.238
140664,30.045
140694,29.821
140724,30.356
140754,30.063
140784,29.926
140814,29.631
140844,29.615
140875,30.574
140905,29.994
140935,29.804
140965,30.196
140995,30.123
141026,31.23
141057,30.222
141087,29.944
141117,30.096
141147,30.019
141177,29.499
141207,29.882
141237,29.963
141266,29.716
141297,30.11
141331,34.562
141361,29.586
141391,29.798
141421,30.449
141451,29.491
141481,29.778
141510,29.443
141540,29.361
141570,30.24
141600,29.875
141630,29.935
141660,29.837
141690,29.883
141720,29.973
141750,29.585
141779,28.976
141808,28.935
141837,29.154
141867,29.347
141896,29.681
141926,29.432
141955,29.446
141985,29.115
142013,28.87
142043,29.687
142072,29.141
142102,29.644
142131,29.246
142161,29.455
142190,29.185
142220,29.424
142250,29.862
142280,30.086
142309,29.164
142339,29.374
142368,29.376
142397,29.171
142427,29.707
142456,29.167
142486,29.568
142515,28.984
142544,29.0
142574,29.298
142606,32.391
142635,29.403
142667,31.643
142696,28.93
142726,29.219
142755,29.301
142784,29.497
142814,29.565
142844,29.663
142873,29.162
142903,29.598
142933,30.225
142963,29.615
142993,30.198
143023,29.429
143053,30.653
143083,29.651
143117,34.263
143147,29.09
143176,29.724
143206,29.58
143236,29.654
143266,29.636
143295,29.241
143325,29.681
143354,28.98
143383,29.001
143412,29.038
143441,29.017
143470,29.111
143500,29.27
143529,29.429
143558,28.793
143588,29.8
143617,28.889
143646,29.137
143675,29.157
143706,30.379
143736,29.881
143765,29.175
143800,34.614
143834,34.372
143864,29.316
143893,29.016
143922,29.502
143951,29.001
143981,29.385
144011,29.712
144040,29.312
144069,28.795
144099,29.729
144128,29.611
144158,29.568
144188,29.805
144218,29.588
144248,30.609
144278,29.79
144308,29.846
144339,30.371
144368,29.146
144397,29.366
144427,29.578
144456,29.359
144486,29.239
144515,29.718
144545,29.233
144574,29.521
144604,29.37
144634,30.326
144664,29.574
144694,29.65
144724,29.913
144753,29.263
144783,29.766
144813,29.771
144843,29.695
144873,30.277
144903,29.905
144933,30.373
144965,31.248
144995,29.904
145026,31.046
145056,29.837
145086,29.907
145119,33.446
145149,29.291
145179,29.865
145208,28.905
145237,29.542
145268,30.266
145297,29.73
145327,30.001
145357,29.554
145386,28.94
145415,29.083
145445,29.505
145475,29.552
145504,29.745
145534,29.731
145564,29.419
145594,30.222
145624,29.923
145655,30.652
145684,29.378
145713,28.979
145744,30.438
145773,29.322
145802,29.161
145833,30.003
145862,29.597
145891,28.77
145920,29.187
145950,29.606
145980,29.856
146009,29.158
146039,29.795
146069,29.989
146103,33.396
146136,33.015
146167,30.756
146197,29.868
146226,29.117
146255,29.144
146285,29.476
146314,29.317
146344,29.589
146374,29.88
146404,30.306
146434,29.599
146463,29.73
146493,29.388
146522,29.492
146552,29.658
146582,29.415
146611,28.967
146640,29.406
146670,29.764
146699,28.961
146729,29.638
146759,29.518
146789,29.942
146818,29.743
146848,29.801
146878,29.626
146908,29.653
146937,29.102
146967,29.681
146996,29.469
147026,29.529
147055,28.898
147084,28.991
147113,28.917
147142,28.604
147171,28.984
147201,29.787
147230,29.448
147260,29.751
147290,29.412
147319,28.997
147348,29.32
147377,29.342
147407,29.065
147436,28.974
147465,29.08
147494,29.532
147524,29.322
147553,29.49
147583,29.479
147612,29.379
147642,29.265
147673,30.616
147704,31.734
147735,30.337
147764,29.606
147794,29.465
147824,29.685
147854,29.872
147884,29.904
147914,30.465
147945,30.478
147975,30.344
148005,29.69
148035,29.396
148067,31.888
148096,29.509
148126,29.736
148155,29.395
148185,29.362
148214,29.0
148243,28.897
148272,28.985
148301,28.994
148330,28.95
148360,29.376
148389,29.519
148419,29.965
148449,29.202
148478,29.664
148508,29.101
148537,29.294
148566,29.52
148596,29.52
148626,29.504
148656,30.114
148685,29.252
148715,29.603
148745,30.047
148775,30.274
148805,29.872
148835,29.849
148865,29.924
148895,29.213
148924,29.535
148954,29.906
148985,30.142
149014,29.173
149044,30.187
149074,30.049
149104,29.918
149134,30.188
149164,29.836
149194,29.85
149224,30.009
149254,29.656
149285,30.517
149315,29.731
149344,29.683
149375,30.12
149403,28.763
149433,29.293
149462,29.297
149491,29.118
149521,29.053
149550,29.673
149580,29.662
149610,29.541
149639,29.071
149669,29.912
149698,29.414
149728,29.615
149758,29.535
149787,28.942
149816,28.794
149845,29.514
149875,29.346
149904,29.157
149933,28.933
149962,28.934
149991,29.239
150021,29.454
150050,29.571
150080,29.578
150113,33.04
150143,30.063
