45,13.405
55,9.89
71,15.957
80,8.789
90,9.794
103,13.346
115,11.863
124,8.952
134,9.79
145,10.467
158,12.725
168,9.747
187,19.356
197,9.624
208,11.455
218,9.045
228,10.508
238,9.691
250,12.052
263,12.814
273,9.837
284,11.024
298,13.595
309,11.006
320,10.977
331,10.506
341,9.909
354,12.715
369,15.315
382,12.514
392,10.748
404,11.151
415,10.913
426,11.636
436,9.329
446,9.641
457,10.846
468,11.698
484,15.187
496,12.596
507,10.41
518,10.911
527,9.188
537,9.432
547,9.864
557,9.775
568,10.919
577,9.558
586,8.886
598,11.416
609,11.429
620,10.768
634,13.943
647,12.413
655,8.427
666,10.496
677,10.831
688,10.76
699,11.182
708,9.145
721,12.327
732,10.743
742,10.58
754,11.651
769,15.229
780,10.823
792,11.402
802,10.046
816,13.421
829,12.906
838,9.445
847,9.285
856,8.811
865,8.704
874,8.786
883,9.291
894,10.435
903,9.198
914,10.164
924,9.825
933,9.206
942,9.123
952,9.534
961,9.249
970,8.657
980,10.291
989,8.905
999,9.57
1008,8.9
1020,12.192
1035,14.427
1045,10.504
1055,9.316
1066,11.028
1075,9.184
1086,10.272
1097,11.265
1106,9.319
1115,8.893
1125,9.311
1136,10.933
1146,9.735
1156,10.423
1167,10.729
1180,12.608
1192,11.752
1201,9.445
1212,10.559
1222,9.628
1231,9.263
1241,10.124
1250,8.87
1259,8.607
1269,10.252
1282,12.706
1295,12.831
1307,11.976
1316,9.025
1326,9.097
1334,8.663
1344,9.574
1353,9.113
1363,9.352
1372,9.228
1382,9.639
1391,8.948
1401,9.657
1409,8.768
1418,8.614
1430,12.236
1439,8.602
1448,9.158
1458,9.355
1467,9.048
1476,9.143
1486,9.359
1495,9.004
1504,8.629
1513,9.046
1522,9.109
1531,8.774
1541,9.766
1549,8.115
1558,8.559
1568,10.656
1580,11.922
1592,11.671
1601,8.71
1610,8.776
1619,9.08
1629,9.824
1639,9.549
1652,13.342
1662,9.392
1671,9.615
1681,9.868
1691,9.364
1699,8.566
1709,9.364
1719,9.559
1727,8.797
1736,8.845
1747,10.732
1756,8.632
1765,9.006
1774,8.73
1783,9.362
1793,9.695
1802,8.388
1810,8.565
1819,9.053
1828,8.856
1838,9.535
1847,9.379
1857,9.244
1866,9.484
1876,9.439
1885,9.195
1895,9.429
1905,9.99
1916,10.644
1929,12.918
1943,14.647
1953,9.007
1961,8.673
1970,8.528
1979,8.769
1987,8.508
1996,8.51
2005,9.302
2014,8.322
2022,8.236
2031,8.772
2040,9.095
2049,8.709
2058,9.208
2067,8.5
2075,8.216
2083,8.234
2092,8.323
2102,10.519
2112,9.52
2122,10.0
2133,10.618
2141,8.234
2149,8.218
2158,8.919
2167,9.185
2178,10.97
2187,9.002
2196,8.875
2205,8.858
2214,8.808
2225,10.905
2234,8.98
2243,8.872
2252,9.117
2261,9.114
2270,8.82
2279,8.764
2288,9.282
2297,8.688
2307,9.608
2317,10.673
2328,11.063
2341,12.699
2356,15.078
2368,11.841
2377,8.445
2385,8.031
2393,8.222
2401,8.407
2410,8.147
2419,9.069
2431,11.721
2442,11.095
2452,9.87
2461,9.755
2471,9.71
2482,11.079
2493,10.015
2503,10.013
2513,10.086
2524,10.741
2533,9.333
2542,9.142
2552,9.261
2565,13.312
2575,10.002
2586,10.762
2597,10.506
2610,13.149
2620,9.815
2630,9.965
2639,9.087
2649,10.043
2659,9.41
2669,9.896
2679,10.85
2692,12.069
2701,9.783
2712,10.117
2723,11.014
2733,10.284
2744,10.524
2754,10.391
2764,9.7
2775,11.161
2786,10.534
2797,10.815
2807,10.34
2819,11.431
2828,9.289
2839,10.338
2849,10.043
2861,12.061
2878,17.101
2891,12.767
2904,12.833
2917,13.591
2928,10.377
2938,9.697
2953,15.292
2963,9.766
2974,11.269
2985,10.831
2996,10.737
3006,10.115
3017,10.586
3027,9.77
3036,9.082
3045,9.134
3055,9.39
3064,9.72
3074,9.293
3083,9.377
3093,9.983
3104,10.798
3114,9.948
3125,10.712
3135,10.027
3145,10.053
3155,9.722
3165,10.188
3176,11.284
3187,10.714
3197,9.89
3211,13.595
3221,10.261
3231,9.455
3240,9.496
3254,13.547
3268,13.6
3281,13.424
3301,19.247
3310,9.498
3320,10.11
3331,10.332
3341,10.569
3351,9.547
3360,9.244
3370,9.239
3379,9.305
3388,9.168
3397,8.951
3407,9.628
3417,9.75
3427,10.151
3438,10.684
3449,10.756
3459,9.976
3469,9.841
3481,12.355
3491,9.505
3500,9.358
3511,11.172
3521,10.007
3532,10.015
3541,9.701
3552,10.803
3562,9.743
3572,10.301
3583,10.454
3593,10.291
3603,9.922
3617,13.595
3627,9.94
3637,9.724
3647,9.971
3662,15.177
3673,11.039
3683,9.858
3694,10.736
3705,11.122
3716,11.191
3728,11.347
3739,11.211
3751,11.33
3762,11.039
3772,10.493
3783,11.146
3798,14.87
3810,11.172
3821,10.879
3832,11.259
3843,11.065
3855,11.347
3867,12.802
3880,12.467
3894,13.941
3909,14.745
3920,11.214
3930,10.304
3941,10.171
3952,10.951
3963,11.346
3974,10.65
3985,10.624
3994,9.763
4004,9.969
4014,9.201
4023,9.281
4032,9.208
4042,9.172
4051,9.263
4060,9.36
4073,12.318
4082,9.605
4092,9.252
4101,9.515
4111,9.364
4120,9.4
4131,10.77
4141,9.608
4150,9.282
4160,9.378
4169,9.452
4180,10.891
4190,9.801
4200,9.465
4210,10.147
4223,13.207
4235,11.399
4246,11.689
4257,10.911
4269,11.316
4280,11.286
4292,11.471
4303,11.722
4315,11.53
4329,14.386
4341,11.475
4351,10.325
4361,9.149
4370,9.602
4380,10.002
4390,9.444
4399,9.565
4410,10.266
4420,10.101
4430,10.366
4441,10.277
4451,9.656
4460,9.58
4470,9.754
4480,9.909
4490,9.907
4501,10.42
4513,12.348
4523,10.221
4534,10.77
4548,13.511
4558,10.318
4568,9.953
4580,11.968
4590,10.098
4601,10.329
4611,10.324
4622,10.393
4632,10.165
4642,10.284
4653,10.451
4663,9.684
4672,9.363
4681,9.411
4691,9.439
4700,9.389
4710,9.421
4720,9.865
4729,9.418
4743,14.02
4754,10.124
4763,9.635
4773,9.793
4783,9.577
4792,9.337
4802,9.472
4813,10.838
4822,9.607
4832,9.844
4842,9.787
4852,9.739
4862,9.887
4872,9.716
4882,9.721
4891,9.669
4901,9.231
4910,9.561
4919,8.958
4928,9.131
4938,9.941
4947,8.92
4959,11.046
4968,8.991
4977,9.462
4987,9.566
4997,9.672
5006,9.48
5019,12.385
5028,9.51
5038,9.603
5047,9.476
5057,9.394
5066,9.289
5076,9.491
5085,9.413
5095,9.736
5105,9.801
5114,9.351
5124,9.652
5134,10.298
5144,9.678
5154,9.301
5165,11.135
5174,9.102
5183,9.327
5193,9.407
5202,9.398
5212,9.387
5226,14.469
5236,9.681
5245,9.163
5256,11.074
5266,9.552
5277,10.41
5286,9.827
5296,9.659
5306,10.146
5316,9.943
5326,9.008
5335,9.772
5345,9.321
5355,9.719
5365,10.786
5382,16.679
5392,9.604
5401,9.45
5411,9.356
5421,9.757
5431,9.779
5441,10.841
5451,9.405
5460,9.315
5470,9.4
5479,9.488
5489,9.887
5499,9.929
5509,9.698
5519,9.541
5529,9.822
5538,9.664
5548,9.495
5562,13.763
5572,9.909
5581,9.386
5591,9.97
5601,9.797
5610,9.392
5620,9.387
5632,12.078
5642,9.945
5652,9.433
5662,10.073
5673,11.065
5684,11.305
5696,11.286
5707,11.506
5717,10.058
5727,9.391
5737,9.798
5748,10.816
5761,13.71
5771,9.878
5782,10.134
5792,10.528
5803,10.333
5813,10.331
5830,17.133
5848,17.915
5860,11.543
5871,10.613
5883,12.115
5894,11.215
5906,11.647
5918,11.636
5929,11.429
5939,9.884
5951,11.712
5962,11.425
5974,11.363
5986,11.504
5997,11.023
6008,11.016
6026,17.884
6046,20.036
6056,9.879
6065,9.332
6075,9.109
6084,9.264
6093,9.476
6105,11.563
6115,9.829
6124,9.355
6134,9.376
6143,8.781
6153,10.48
6162,8.89
6172,9.309
6181,9.608
6193,11.709
6203,10.18
6213,9.6
6224,11.044
6234,9.817
6244,9.802
6254,9.963
6264,10.083
6278,14.317
6289,10.004
6299,9.994
6308,9.716
6318,9.349
6331,12.872
6341,10.212
6351,9.772
6366,15.024
6376,9.329
6385,9.626
6395,9.845
6405,9.543
6414,9.467
6424,9.494
6434,9.364
6443,9.159
6453,9.686
6463,10.637
6473,9.384
6482,9.143
6491,9.287
6501,9.833
6511,10.05
6525,13.153
6538,13.668
6554,15.114
6567,13.161
6580,13.439
6590,9.204
6599,9.661
6608,8.916
6617,8.808
6627,9.412
6636,9.16
6645,9.101
6654,9.194
6664,9.94
6674,9.402
6683,9.436
6694,10.023
6703,9.824
6713,9.336
6722,9.603
6732,9.286
6742,9.987
6752,9.675
6762,10.704
6772,9.234
6781,9.439
6791,9.742
6801,9.933
6811,10.058
6821,9.478
6834,13.515
6844,10.002
6854,9.923
6864,9.579
6874,9.752
6883,9.148
6892,9.011
6901,9.079
6911,9.429
6920,9.418
6930,9.531
6939,9.51
6951,10.953
6961,10.06
6970,9.667
6980,9.253
6989,9.452
6999,9.26
7008,9.461
7017,9.134
7027,9.773
7037,9.924
7047,10.053
7057,9.406
7066,9.255
7076,9.516
7085,9.364
7094,9.083
7106,12.099
7116,9.261
7125,9.0
7136,10.894
7146,10.005
7155,9.413
7165,9.229
7174,9.623
7184,9.371
7193,9.548
7203,9.649
7213,9.367
7222,9.238
7231,9.035
7240,9.148
7249,9.138
7259,9.363
7268,9.443
7278,9.331
7287,9.495
7298,10.155
7311,12.882
7321,10.01
7330,9.04
7339,9.564
7350,10.242
7364,14.341
7374,9.998
7385,10.765
7396,10.802
7407,11.104
7419,11.352
7429,10.153
7440,11.002
7452,11.744
7462,10.122
7472,9.913
7482,10.119
7495,12.498
7505,10.11
7515,9.985
7525,9.684
7535,10.542
7546,10.993
7560,13.472
7571,10.78
7581,10.348
7593,11.263
7603,10.378
7614,10.584
7626,11.386
7635,9.401
7646,11.154
7656,9.182
7666,9.91
7674,8.88
7684,9.283
7693,9.152
7702,9.189
7713,10.688
7724,10.411
7735,11.74
7745,9.322
7755,10.047
7765,9.9
7776,10.615
7788,12.636
7798,9.336
7807,9.288
7816,9.241
7826,8.944
7834,8.864
7843,8.837
7853,9.298
7862,9.058
7871,8.892
7885,14.293
7895,9.195
7906,11.679
7915,8.244
7923,8.688
7932,8.264
7941,9.02
7950,8.93
7959,8.86
7967,8.86
7977,9.004
7985,8.745
7994,8.725
8002,8.116
8011,8.247
8019,8.021
8027,8.428
8035,8.087
8044,8.528
8052,8.145
8060,8.136
8068,8.225
8078,9.664
8086,8.024
8095,8.795
8103,8.163
8111,8.117
8120,8.209
8129,8.877
8137,8.302
8148,11.148
8157,8.532
8166,8.994
8175,9.244
8184,8.932
8193,8.629
8201,8.197
8209,8.28
8218,8.835
8227,8.706
8235,8.448
8246,10.027
8254,8.876
8263,8.693
8272,9.029
8282,9.307
8291,9.34
8301,10.032
8310,8.966
8319,8.399
8327,8.312
8335,8.497
8344,8.889
8353,8.205
8361,8.489
8370,8.387
8378,8.442
8387,9.074
8397,9.273
8406,8.962
8414,8.814
8424,9.252
8432,8.342
8443,10.343
8451,8.439
8460,8.702
8468,8.583
8477,8.334
8485,8.345
8494,9.128
8503,8.388
8511,7.958
8519,8.579
8528,8.18
8536,8.473
8544,8.196
8553,8.294
8561,8.441
8570,8.876
8579,8.46
8587,8.127
8595,8.28
8603,8.267
8612,8.526
8623,11.055
8632,8.34
8640,8.234
8648,8.353
8656,8.015
8665,8.249
8674,9.145
8682,8.281
8690,8.331
8699,8.025
8707,7.983
8715,8.191
8723,8.437
8732,8.215
8740,8.027
8747,7.867
8756,8.052
8764,8.787
8773,8.201
8781,8.07
8789,8.036
8799,9.623
8807,8.038
8815,7.923
8824,8.938
8837,13.81
8849,11.44
8858,9.013
8867,8.769
8876,8.798
8885,8.944
8894,8.945
8903,9.09
8911,8.706
8920,8.178
8928,8.23
8938,9.846
8946,8.23
8954,8.19
8963,8.98
8973,9.283
8982,9.21
8991,8.776
9000,9.46
9009,8.533
9018,9.024
9032,14.043
9041,8.657
9051,10.085
9060,8.848
9068,8.431
9077,8.629
9086,8.946
9096,9.641
9106,9.895
9115,9.52
9125,9.81
9137,11.324
9146,9.38
9155,9.065
9164,8.71
9172,8.263
9181,8.529
9189,7.992
9197,8.131
9205,8.124
9216,10.344
9224,8.104
9232,7.91
9240,8.126
9249,8.731
9257,8.242
9265,8.162
9274,8.357
9282,8.419
9295,12.795
9303,8.116
9311,8.405
9320,8.217
9328,8.259
9337,8.945
9345,8.277
9354,8.29
9362,8.379
9373,10.366
9381,8.641
9389,8.141
9400,10.055
9408,8.487
9417,8.509
9425,8.546
9434,8.851
9443,8.519
9452,9.618
9461,8.892
9470,9.038
9479,8.907
9489,9.301
9497,8.685
9507,9.445
9516,9.251
9526,9.436
9537,11.27
9546,9.2
9557,10.513
9565,8.425
9574,8.787
9583,8.574
9591,8.591
9600,8.591
9609,9.145
9619,9.478
9628,9.016
9637,9.273
9648,10.487
9658,9.744
9667,9.381
9676,9.015
9685,8.544
9694,9.045
9702,8.595
9711,8.695
9720,8.671
9730,10.057
9741,10.992
9751,9.677
9760,9.183
9770,10.29
9780,10.153
9792,11.457
9801,8.921
9815,14.403
9825,9.856
9837,11.691
9848,10.525
9858,9.981
9868,9.749
9877,9.79
9888,10.208
9898,10.232
9908,9.933
9917,8.61
9926,9.099
9934,8.7
9943,8.829
9953,9.235
9962,8.916
9971,8.938
9980,9.278
9991,10.752
10000,9.176
10009,8.505
10017,8.63
10028,10.813
10036,8.274
10045,8.295
10053,8.24
10064,11.001
10073,8.532
10081,8.05
10089,8.114
10097,8.404
10106,8.389
10114,8.505
10123,8.121
10131,8.426
10139,8.084
10147,8.248
10156,8.209
10166,10.443
10176,9.792
10185,8.645
10193,8.154
10201,8.133
10209,8.24
10218,8.499
10227,8.522
10235,8.698
10245,9.523
10254,8.952
10264,10.477
10273,8.459
10281,8.499
10291,10.032
10300,8.471
10310,10.106
10320,9.303
10328,8.607
10339,10.876
10349,9.537
10358,9.042
10366,8.614
10375,8.357
10383,8.183
10392,8.421
10400,8.299
10408,8.431
10417,8.365
10425,8.309
10435,9.846
10444,8.96
10452,8.131
10460,8.017
10468,7.956
10476,8.18
10486,9.02
10494,8.079
10505,11.25
10516,11.297
10525,8.399
10533,8.162
10541,8.216
10549,8.107
10558,8.213
10569,10.767
10577,8.701
10586,8.644
10595,8.725
10603,8.138
10612,8.786
10620,8.449
10629,8.277
10637,8.245
10645,8.387
10654,8.45
10662,8.6
10671,8.549
10680,9.064
10689,8.468
10698,9.114
10708,9.965
10722,14.43
10732,9.267
10740,8.611
10750,9.39
10758,8.316
10767,9.077
10778,10.792
10789,10.56
10799,10.528
10812,12.243
10826,14.337
10839,12.541
10850,11.645
10860,9.837
10872,11.257
10885,13.128
10896,11.099
10905,9.413
10914,9.017
10926,11.159
10936,10.647
10951,14.98
10963,11.391
10974,11.327
10986,11.906
10996,9.723
11005,8.972
11015,9.364
11027,11.974
11037,9.829
11046,9.177
11055,8.943
11065,9.691
11075,10.039
11085,10.382
11094,9.098
11104,10.215
11114,9.637
11124,9.77
11135,10.768
11146,10.761
11156,10.839
11167,10.485
11176,8.669
11185,9.192
11194,9.221
11203,8.358
11211,8.424
11219,8.24
11228,8.077
11241,12.081
11250,9.06
11260,10.374
11270,9.55
11280,10.038
11290,9.814
11298,8.264
11306,8.341
11316,9.167
11326,9.937
11336,10.012
11346,10.044
11356,9.974
11370,14.433
11379,8.319
11387,8.261
11396,8.356
11404,8.751
11413,8.355
11421,8.45
11430,8.561
11438,8.499
11451,12.451
11461,9.671
11470,9.417
11482,11.619
11492,10.086
11500,8.465
11510,9.464
11520,10.183
11529,8.216
11538,9.156
11550,12.481
11559,8.596
11567,8.281
11576,8.473
11588,11.57
11596,8.366
11604,8.126
11612,8.229
11622,9.077
11631,9.146
11640,8.6
11648,8.411
11656,8.398
11665,8.384
11673,8.495
11682,8.175
11691,9.231
11700,8.663
11708,8.279
11716,8.365
11725,8.21
11733,7.891
11741,8.642
11751,9.45
11762,11.269
11771,8.447
11779,8.724
11789,9.694
11799,9.78
11807,8.238
11816,8.353
11824,8.14
11832,8.321
11841,8.333
11849,8.231
11858,8.654
11867,9.54
11877,9.608
11887,10.348
11897,9.54
11907,9.777
11916,9.542
11925,8.495
11933,8.325
11942,9.143
11952,9.651
11961,9.073
11974,13.158
11986,11.931
11998,11.014
12007,9.876
12017,9.275
12026,9.111
12036,9.691
12045,8.888
12053,8.277
12062,9.4
12072,9.464
12080,8.327
12089,8.809
12097,8.071
12105,7.899
12115,9.546
12125,9.634
12135,10.111
12144,9.265
12153,9.134
12163,9.991
12173,9.601
12184,11.26
12195,10.997
12205,10.04
12216,10.583
12226,10.291
12241,14.278
12250,9.77
12260,9.655
12270,10.082
12279,9.083
12289,9.275
12297,8.804
12306,8.211
12314,8.237
12322,8.092
12330,8.085
12339,8.214
12347,8.326
12357,10.385
12383,25.634
12392,8.919
12400,8.105
12408,8.137
12417,8.231
12427,9.904
12435,8.402
12444,9.275
12453,9.033
12463,9.704
12474,11.21
12484,9.844
12494,9.954
12503,9.155
12513,9.509
12523,9.671
12536,13.425
12548,11.935
12563,15.078
12572,8.924
12581,8.376
12590,8.891
12598,8.562
12608,9.108
12616,8.592
12626,10.134
12635,8.184
12643,8.18
12651,8.141
12659,8.216
12667,7.957
12676,8.087
12684,8.256
12692,8.297
12701,9.063
12710,8.395
12718,8.659
12727,8.568
12736,8.582
12744,8.504
12755,10.731
12763,8.183
12771,8.056
12780,8.154
12788,7.973
12796,8.708
12805,8.214
12813,8.371
12821,8.226
12833,11.441
12843,9.757
12852,9.687
12861,8.565
12870,8.968
12878,8.255
12888,9.13
12896,8.34
12904,8.278
12913,8.718
12921,8.3
12930,8.501
12939,8.668
12947,8.354
12956,8.436
12964,8.456
12973,8.973
12985,11.539
12994,9.17
13005,10.679
13014,9.292
13023,9.412
13033,9.921
13044,10.183
13054,10.61
13064,10.155
13314,249.424
13329,14.648
13337,8.642
13346,9.093
13358,11.303
13367,8.905
13375,8.383
13384,8.282
13392,8.375
13401,8.539
13409,8.323
13418,8.908
13426,8.543
13435,8.24
13444,9.007
13453,8.85
13462,9.592
13471,8.341
13479,8.127
13487,8.232
13496,8.896
13505,8.505
13513,8.42
13521,8.415
13530,8.403
13538,8.262
13547,8.424
13555,8.393
13563,8.204
13572,8.105
13580,8.493
13588,8.016
13596,7.946
13604,8.291
13615,10.054
13623,8.832
13634,10.174
13642,8.571
13651,8.88
13660,9.034
13669,8.819
13677,8.169
13686,8.138
13694,8.092
13702,8.292
13711,8.555
13719,8.346
13728,8.427
13737,9.207
13746,8.96
13755,8.576
13763,8.588
13772,8.353
13781,9.001
13790,8.925
13799,8.872
13807,8.442
13817,9.359
13826,8.722
13834,8.71
13843,8.653
13854,11.234
13863,8.486
13872,9.204
13881,8.941
13890,8.928
13900,9.374
13908,8.639
13918,9.897
13927,8.53
13936,8.584
13944,8.785
13953,8.213
13961,8.618
13971,9.476
13979,8.386
13988,8.349
13996,8.437
14005,8.193
14013,8.249
14021,8.235
14030,8.918
14039,8.779
14048,9.184
14057,8.457
14065,8.512
14074,8.557
14083,8.683
14094,10.908
14102,8.562
14111,8.48
14120,9.241
14129,8.794
14138,8.716
14146,8.45
14156,9.094
14164,8.746
14173,8.736
14182,8.676
14193,10.661
14204,11.193
14216,11.567
14227,11.006
14237,10.25
14247,9.49
14257,10.281
14267,9.883
14279,12.106
14290,11.023
14299,8.487
14307,8.451
14316,8.796
14325,9.34
14337,11.398
14351,13.554
14361,10.004
14369,8.455
14377,8.252
14386,8.753
14395,8.396
14405,10.059
14414,9.398
14423,9.0
14434,10.205
14444,9.795
14453,9.288
14462,8.895
14471,9.188
14480,8.559
14491,11.277
14500,9.138
14510,9.418
14519,9.191
14529,9.454
14538,8.828
14547,9.287
14556,9.052
14566,9.815
14576,9.697
14588,12.199
14597,8.937
14606,8.88
14614,8.323
14623,9.162
14633,9.844
14643,9.331
14652,9.175
14661,8.762
14670,8.775
14679,8.92
14688,9.076
14697,9.374
14706,9.018
14718,11.751
14729,10.29
14738,9.284
14748,9.838
14757,8.693
14767,9.764
14775,8.833
14786,10.023
14794,8.836
14806,11.204
14815,9.031
14824,9.56
14833,8.794
14842,8.659
14852,10.095
14861,9.119
14870,8.727
14879,8.822
14888,8.497
14897,8.98
14906,8.945
14916,10.066
14925,9.071
14934,9.249
14943,8.613
14952,8.821
14961,8.481
14969,8.626
14979,9.234
14988,9.136
14996,8.594
15007,10.874
15016,8.501
15024,8.344
15033,8.256
15042,8.802
15050,8.849
15059,8.722
15069,9.496
15077,8.381
15087,9.594
15098,10.842
15107,9.723
15117,9.493
15127,9.596
15136,9.789
15146,9.683
15156,9.615
15166,9.82
15174,8.351
15184,9.593
15193,8.849
15202,9.737
15215,12.459
15225,10.418
15235,9.377
15245,9.709
15254,9.063
15262,8.073
15272,10.451
15283,10.202
15292,9.493
15302,9.451
15313,11.279
15322,9.025
15332,9.609
15342,10.66
15352,9.765
15361,8.703
15371,9.681
15381,9.911
15390,9.583
15399,9.051
15408,8.654
15417,8.573
15428,11.672
15437,8.416
15445,8.375
15456,10.626
15464,8.378
15473,8.441
15481,8.288
15489,8.117
15499,9.607
15511,12.513
15520,8.532
15528,8.254
15538,9.49
15546,8.372
15555,8.957
15564,8.361
15572,8.589
15580,8.129
15589,8.25
15598,9.175
15606,8.363
15615,8.201
15623,8.202
15631,8.071
15639,8.145
15650,11.172
15659,8.299
15668,9.766
15677,8.492
15685,8.241
15694,9.093
15703,8.133
15711,8.262
15719,8.094
15727,8.218
15735,7.986
15746,10.329
15754,8.275
15762,8.291
15771,8.297
15779,8.587
15789,9.436
15797,8.29
15806,8.384
15814,8.47
15824,9.628
15832,8.291
15841,8.802
15849,8.232
15857,8.01
15868,10.487
15876,8.09
15885,9.206
15893,8.026
15902,8.759
15912,9.701
15921,8.622
15929,8.498
15938,8.327
15947,9.313
15957,9.607
15966,9.688
15976,9.858
15986,9.917
15995,8.417
16003,8.449
16012,8.245
16020,8.573
16031,10.647
16040,8.762
16049,8.693
16058,8.867
16066,8.531
16075,8.395
16086,10.91
16094,8.387
16104,9.425
16114,10.515
16123,8.544
16131,8.223
16140,8.52
16149,8.612
16157,8.36
16165,8.29
16174,8.954
16183,8.253
16191,8.403
16200,8.397
16209,8.928
16217,8.627
16226,8.399
16234,8.373
16243,8.964
16252,8.316
16260,8.161
16268,8.467
16276,7.982
16287,10.414
16295,8.209
16304,8.364
16313,9.284
16322,8.484
16331,9.471
16341,9.508
16350,9.078
16358,8.313
16367,8.524
16375,8.257
16384,8.898
16393,8.703
16401,8.149
16411,10.327
16422,10.342
16432,9.674
16442,10.444
16451,8.988
16460,8.697
16468,8.218
16478,9.76
16490,12.084
16501,10.958
16513,11.471
16524,10.478
16543,18.815
16553,10.445
16563,9.33
16571,8.438
16581,9.631
16591,9.85
16601,10.101
16611,9.884
16621,10.354
16632,10.26
16642,9.982
16653,10.93
16664,11.406
16673,8.358
16682,8.83
16692,9.762
16700,8.804
16712,11.203
16720,8.589
16729,8.8
16738,9.071
16747,8.07
16755,8.568
16763,8.18
16772,8.138
16780,8.565
16790,9.304
16798,8.482
16807,8.308
16815,8.768
16824,8.325
16832,8.256
16840,8.26
16848,7.856
16857,8.362
16865,7.938
16874,8.762
16884,10.522
16892,8.131
16901,8.229
16909,7.916
16917,8.162
16925,8.211
16934,8.769
16942,8.103
16950,8.006
16958,7.909
16966,8.139
16974,7.913
16984,9.204
16992,8.139
17000,7.999
17008,8.038
17016,8.127
17024,7.926
17032,7.857
17041,8.924
17050,9.339
17059,8.105
17067,8.607
17076,8.366
17084,7.919
17092,8.114
17100,8.523
17108,7.996
17117,8.02
17124,7.771
17132,7.842
17140,8.093
17149,8.691
17157,7.935
17165,8.131
17173,7.998
17181,8.132
17190,8.178
17198,8.642
17208,9.07
17216,8.28
17224,7.933
17232,8.057
17240,8.179
17249,9.045
17257,7.806
17265,8.159
17274,8.168
17282,8.282
17290,7.869
17300,10.03
17309,8.824
17317,8.028
17325,8.275
17333,8.194
17343,9.165
17352,9.439
17361,9.241
17371,9.304
17380,9.056
17389,8.753
17401,12.621
17410,8.854
17419,8.991
17428,8.888
17438,9.855
17447,8.834
17457,9.699
17466,8.982
17476,10.172
17486,10.141
17496,9.879
17505,8.666
17514,8.933
17522,8.196
17532,9.932
17541,8.709
17554,12.907
17562,8.478
17572,9.434
17581,9.596
17590,8.246
17599,9.411
17607,8.096
17615,8.031
17624,8.268
17632,8.169
17640,7.984
17649,8.895
17658,8.966
17667,8.805
17675,8.792
17685,9.159
17694,8.969
17703,9.19
17712,9.336
17722,10.142
17732,9.301
17741,9.148
17750,9.286
17760,9.162
17770,10.228
17779,9.461
17789,9.528
17798,9.407
17808,9.159
17815,7.94
17826,10.726
17835,8.574
17845,9.891
17853,8.277
17861,7.957
17870,9.022
17879,8.468
17887,8.277
17896,8.881
17905,9.146
17914,8.644
17923,8.936
17932,8.686
17943,10.894
17951,8.451
17959,8.186
17967,8.01
17976,8.395
17984,7.979
17992,8.166
18000,8.395
18008,7.995
18017,8.198
18025,8.213
18033,8.228
18044,11.139
18053,8.185
18061,8.236
18070,9.25
18079,8.349
18087,8.128
18095,8.282
18105,10.083
18113,8.127
18122,8.049
18130,8.014
18139,9.041
18147,8.274
18155,8.159
18163,8.227
18172,8.465
18180,8.1
18190,10.217
18199,9.017
18208,8.234
18216,8.025
18224,8.148
18232,8.29
18241,8.322
18251,10.279
18260,9.065
18268,7.977
18276,8.097
18285,8.426
18293,8.103
18301,8.362
18310,8.319
18319,9.197
18327,8.2
18336,8.656
18344,8.123
18352,7.875
18360,8.009
18368,7.905
18377,8.92
18385,8.341
18394,8.35
18402,8.154
18410,8.399
18419,8.447
18429,9.837
18438,9.487
18449,11.117
18458,9.084
18467,8.892
18476,8.95
18485,8.955
18494,8.896
18504,9.786
18512,8.247
18522,9.278
18530,8.311
18539,8.373
18549,10.506
18560,10.928
18569,8.747
18577,7.948
18585,7.957
18593,8.18
18601,8.301
18610,8.322
18619,9.33
18631,11.366
18641,10.558
18653,12.014
18662,8.738
18671,8.422
18680,9.902
18690,9.294
18698,8.073
18707,8.838
18716,8.967
18725,9.48
18735,9.858
18745,9.304
18753,8.39
18762,9.141
18771,8.402
18780,8.904
18790,10.101
18799,9.006
18808,8.709
18816,8.884
18825,8.188
18833,8.506
18845,11.652
18855,9.747
18864,9.187
18873,8.536
18882,9.13
18890,8.146
18899,9.416
18909,9.485
18918,8.927
18927,8.879
18936,9.184
18947,11.057
18957,9.174
18965,8.85
18975,9.326
18984,9.052
18993,9.152
19003,9.275
19014,11.549
19024,9.156
19033,9.199
19044,10.946
19053,9.322
19062,9.076
19072,8.977
19081,9.061
19090,9.464
19101,10.638
19110,8.884
19119,8.98
19128,9.306
19138,9.252
19148,10.035
19158,9.788
19168,10.313
19178,10.112
19188,10.051
19200,10.98
19209,9.865
19219,9.273
19231,12.115
19240,9.308
19250,9.115
19259,9.156
19268,9.232
19278,9.366
19287,9.45
19297,9.304
19306,9.218
19317,10.658
19326,9.156
19335,9.31
19344,9.049
19353,9.042
19363,9.365
19373,9.589
19382,9.294
19391,9.283
19400,9.077
19411,10.819
19421,9.156
19430,9.071
19439,9.272
19453,13.429
19462,9.778
19472,9.842
19482,9.572
19491,9.376
19501,9.823
19511,10.052
19522,10.241
19532,10.049
19542,9.622
19552,10.057
19562,10.446
19573,10.0
19583,10.747
19597,13.679
19607,10.319
19619,11.617
19632,12.38
19646,14.713
19659,12.764
19672,12.707
19683,11.094
19693,9.971
19704,10.615
19715,11.132
19726,10.6
19735,9.49
19745,9.169
19755,9.874
19764,9.741
19773,8.93
19783,9.829
19793,9.18
19802,9.189
19814,12.398
19824,9.469
19833,9.586
19843,9.241
19852,9.289
19864,12.109
19874,9.573
19885,11.016
19894,9.051
19903,8.869
19913,9.476
19922,9.244
19931,9.064
19941,9.564
19950,9.525
19960,9.228
19969,9.495
19979,9.406
19988,9.093
19997,9.147
20006,8.997
20015,8.885
20024,8.907
20033,9.037
20042,9.024
20053,10.802
20062,9.026
20074,11.153
20083,9.159
20092,9.178
20101,9.307
20111,9.746
20121,9.464
20131,10.228
20142,10.573
20152,10.194
20163,10.91
20173,10.24
20184,10.231
20194,9.917
20204,9.694
20214,10.122
20224,10.265
20235,10.419
20247,12.495
20257,9.845
20267,10.14
20278,10.177
20288,10.187
20298,9.918
20308,9.983
20318,9.929
20331,12.949
20341,10.186
20351,9.567
20361,9.883
20371,9.645
20381,9.942
20391,10.33
20403,11.889
20413,10.196
20423,9.728
20433,9.826
20443,9.667
20455,11.818
20465,10.379
20474,9.274
20485,10.152
20495,10.416
20505,10.124
20517,11.139
20527,10.511
20538,10.614
20554,15.697
20565,11.286
20575,9.662
20585,10.389
20598,12.283
20608,10.21
20619,10.909
20629,9.813
20640,11.234
20654,13.74
20665,10.446
20675,10.34
20687,11.972
20701,13.972
20712,10.785
20723,10.795
20736,13.089
20747,10.734
20761,13.806
20772,10.83
20784,12.269
20798,13.816
20809,11.095
20820,11.009
20834,13.897
20846,11.412
20856,10.312
20870,13.243
20880,10.567
20890,9.434
20900,10.545
20910,9.523
20921,10.596
20930,9.337
20941,10.259
20952,11.32
20962,9.443
20971,9.2
20980,9.151
20989,9.098
20999,9.598
21009,9.64
21018,9.121
21027,9.052
21038,10.617
21047,9.233
21058,11.023
21067,9.02
21077,9.191
21086,9.272
21097,10.43
21106,9.053
21115,9.079
21124,9.146
21133,8.91
21142,9.421
21152,9.009
21161,9.125
21172,10.737
21181,9.284
21190,9.233
21199,9.062
21209,9.165
21218,8.883
21226,8.701
21235,8.808
21244,8.82
21253,8.947
21263,9.636
21272,9.392
21282,9.198
21292,10.642
21303,10.145
21312,8.952
21321,9.003
21330,9.132
21339,9.162
21351,11.711
21361,9.521
21371,10.088
21380,9.416
21390,9.384
21401,10.674
21410,9.726
21420,9.685
21430,9.76
21440,9.739
21449,9.016
21459,9.86
21469,9.99
21479,9.681
21489,9.797
21502,13.721
21513,11.056
21523,9.764
21533,10.005
21543,9.592
21553,9.869
21563,9.701
21572,9.335
21582,9.444
21592,9.987
21602,10.004
21612,9.524
21621,9.861
21631,9.861
21641,10.004
21651,9.69
21664,12.434
21676,12.012
21686,10.188
21699,12.322
21711,12.334
21721,9.51
21731,10.066
21742,11.538
21758,15.147
21767,9.023
21776,9.021
21785,9.258
21794,9.026
21804,9.942
21815,11.108
21825,9.258
21834,9.081
21843,9.288
21853,9.397
21862,9.455
21872,9.217
21882,10.008
21891,9.604
21901,9.428
21910,9.037
21919,9.165
21928,9.127
21938,9.987
21948,9.536
21959,11.335
21969,9.292
21978,9.481
21988,9.946
21998,9.719
22008,9.405
22017,9.395
22027,9.754
22037,10.256
22051,13.828
22063,11.279
22072,9.721
22082,9.558
22092,9.833
22103,11.201
22113,9.621
22122,9.267
22132,9.363
22141,9.157
22150,9.4
22160,9.506
22170,9.971
22180,9.661
22189,9.538
22199,9.749
22209,9.276
22221,12.525
22264,42.851
22275,10.835
22286,10.82
22298,11.689
22308,10.19
22318,9.85
22328,9.816
22338,9.922
22347,9.046
22357,9.387
22366,8.899
22375,9.029
22385,9.524
22394,9.465
22408,13.799
22418,9.913
22428,10.258
22438,9.931
22448,9.716
22458,10.064
22468,9.797
22478,9.797
22488,9.791
22497,9.116
22507,9.95
22517,10.224
22527,9.282
22538,11.001
22548,9.724
22557,9.892
22567,9.77
22578,10.246
22588,9.776
22598,10.24
22607,9.41
22617,9.784
22627,10.073
22637,9.726
22647,9.762
22658,11.228
22669,10.275
22679,10.346
22689,10.157
22698,8.996
22707,8.709
22719,11.762
22728,9.231
22738,9.618
22748,9.521
22758,10.256
22771,13.255
22784,12.656
22793,9.409
22803,9.329
22812,9.411
22821,8.77
22830,8.944
22839,9.123
22848,8.927
22858,9.927
22868,9.799
22878,9.696
22888,9.957
22899,10.375
22908,9.716
22918,9.985
22928,9.913
22939,10.492
22948,9.298
22958,9.402
22967,9.265
22977,9.485
22986,9.017
22998,12.063
23009,11.085
23019,9.386
23028,9.578
23038,9.465
23047,9.152
23056,9.161
23066,9.251
23075,9.131
23085,9.614
23094,9.101
23103,9.373
23113,9.528
23123,10.489
23133,9.559
23143,9.547
23152,9.378
23161,9.287
23171,9.278
23180,9.477
23190,9.504
23199,9.137
23208,9.283
23218,9.505
23229,10.969
23238,9.269
23248,9.247
23257,9.29
23267,9.837
23278,11.195
23288,9.525
23297,9.29
23307,9.378
23316,9.498
23325,8.978
23336,10.337
23345,9.058
23354,9.422
23364,9.801
23376,11.207
23385,9.705
23395,9.657
23405,9.395
23414,9.12
23423,9.33
23436,12.304
23446,10.25
23456,10.022
23466,9.936
23476,10.191
23486,9.499
23497,10.913
23506,9.171
23516,9.354
23525,9.366
23534,9.251
23545,10.119
23554,9.442
23566,11.772
23575,9.25
23588,12.29
23599,11.472
23610,10.553
23622,12.238
23638,15.266
23649,11.199
23658,9.362
23667,8.867
23678,10.729
23688,10.092
23700,12.102
23711,10.891
23722,10.93
23733,10.636
23742,9.071
23753,10.81
23763,9.334
23772,9.096
23781,8.987
23790,9.142
23801,10.426
23810,9.09
23820,10.538
23830,9.928
23840,9.447
23850,10.089
23860,9.83
23872,11.887
23882,10.119
23892,10.106
23903,10.457
23913,10.193
23923,9.767
23933,10.08
23944,11.077
23955,10.165
23965,9.916
23974,9.389
23983,8.949
23992,9.011
24001,8.932
24010,8.778
24021,10.829
24030,9.058
24042,11.29
24052,10.78
24062,8.953
24071,9.582
24080,9.072
24090,9.398
24099,9.126
24108,9.252
24118,9.393
24129,10.801
24139,9.663
24148,9.815
24158,9.641
24168,9.573
24178,9.903
24189,11.412
24199,9.74
24209,9.933
24219,9.463
24229,10.079
24240,10.72
24249,9.628
24259,9.902
24270,10.868
24283,12.177
24292,9.01
24300,8.692
24310,9.077
24320,10.747
24329,8.962
24339,9.017
24348,8.983
24357,9.391
24367,9.338
24376,9.019
24385,8.992
24394,9.006
24403,8.956
24412,8.907
24421,8.647
24431,10.131
24440,8.917
24449,8.907
24457,8.657
24466,8.827
24475,8.925
24484,8.94
24495,10.128
24503,8.762
24513,9.101
24522,9.181
24531,8.987
24540,8.844
24550,10.286
24559,8.878
24568,9.029
24579,9.156
24588,9.088
24597,9.025
24606,8.939
24615,8.824
24624,8.908
24633,8.841
24642,8.874
24651,8.904
24661,10.037
24670,8.634
24678,8.746
24687,8.873
24699,11.453
24708,9.211
24717,8.99
24726,9.062
24736,9.778
24746,9.836
24755,8.903
24765,9.437
24775,10.354
24784,8.852
24793,9.456
24803,9.228
24812,8.925
24822,9.89
24831,9.264
24840,9.133
24849,8.915
24858,9.048
24867,8.822
24878,10.874
24887,8.835
24896,8.814
24906,9.503
24914,8.406
24922,8.307
24931,8.97
24940,8.549
24949,9.348
24958,8.875
24967,8.855
24976,8.831
24985,8.705
24993,8.15
25002,8.925
25010,8.074
25018,8.168
25026,8.044
25035,8.217
25043,8.094
25052,8.566
25060,8.38
25068,8.252
25076,7.992
25085,8.843
25093,8.029
25101,8.171
25110,8.828
25118,8.048
25128,9.292
25136,8.19
25144,8.42
25153,8.601
25162,8.612
25170,8.359
25179,8.351
25187,8.599
25195,8.222
25204,8.082
25212,8.502
25221,8.989
25229,8.171
25238,8.31
25247,9.703
25256,8.135
25264,8.188
25272,8.561
25281,8.884
25291,9.209
25300,9.371
25309,9.047
25318,8.886
25327,9.388
25336,8.721
25345,8.918
25354,9.26
25363,9.077
25372,8.768
25381,8.731
25390,8.854
25399,8.995
25408,8.929
25419,11.416
25429,8.977
25439,10.446
25448,8.904
25457,9.307
25466,8.908
25475,8.819
25485,9.202
25494,9.279
25504,10.461
25514,9.661
25525,10.652
25535,10.005
25546,10.933
25558,12.044
25568,9.74
25578,10.277
25589,10.589
25599,9.903
25613,13.806
25622,9.399
25633,10.182
25643,9.974
25654,11.375
25664,9.718
25677,13.0
25689,11.395
25698,9.728
25708,9.862
25718,9.156
25727,9.75
25737,9.292
25746,9.502
25756,9.129
25765,9.376
25774,9.294
25786,11.155
25797,10.994
25806,9.214
25815,8.952
25824,9.273
25834,9.335
25843,9.041
25853,9.74
25862,9.454
25872,9.442
25882,9.535
25891,9.459
25902,10.542
25911,9.222
25920,9.363
25930,9.119
25939,9.415
25951,11.613
25961,9.576
25970,9.219
25979,9.553
25990,9.939
25998,8.89
26009,10.612
26019,9.932
26029,9.462
26038,9.571
26049,10.583
26058,9.313
26067,8.794
26076,8.7
26085,8.848
26096,11.119
26109,12.724
26123,13.362
26132,9.813
26142,9.469
26151,9.108
26161,9.355
26170,9.478
26180,10.136
26191,10.209
26201,10.608
26211,9.287
26220,9.293
26229,9.3
26241,11.179
26251,9.809
26261,9.815
26270,9.638
26280,9.852
26290,9.275
26299,9.182
26310,11.488
26320,9.516
26330,10.208
26340,9.574
26350,9.624
26360,9.857
26369,9.554
26380,11.061
26390,9.55
26400,10.148
26410,9.243
26419,9.032
26428,9.327
26438,9.566
26448,9.83
26458,9.833
26467,9.598
26477,9.263
26486,9.252
26496,9.326
26508,12.111
26520,12.488
26532,11.054
26541,9.532
26552,11.196
26565,12.821
26575,9.032
26584,9.708
26594,9.301
26638,44.543
26662,23.41
26682,20.416
26698,14.98
26708,10.072
26717,8.881
26726,8.912
26736,10.111
26747,10.676
26758,11.693
26769,10.171
26782,12.707
26800,17.947
26811,11.327
26821,10.08
26832,10.444
26843,11.346
26854,10.708
26868,13.768
26878,10.254
26890,11.598
26901,11.369
26914,12.092
26925,11.779
26935,9.5
26945,9.841
26955,9.539
26965,10.697
26976,10.691
26987,11.038
26997,9.811
27009,12.125
27019,9.398
27031,11.585
27043,12.148
27053,9.85
27063,10.482
27074,10.543
27084,10.265
27096,11.756
27107,10.588
27116,9.355
27126,9.414
27135,9.084
27146,11.293
27156,9.219
27165,9.546
27175,9.201
27184,9.447
27194,9.558
27204,10.109
27213,8.926
27222,9.112
27232,10.0
27242,9.117
27251,9.071
27260,9.185
27270,9.572
27280,9.883
27290,10.395
27301,10.731
27312,10.583
27321,9.539
27332,10.531
27343,10.465
27354,10.917
27364,10.575
27375,10.152
27385,10.446
27396,10.237
27405,9.368
27414,9.061
27424,9.281
27434,10.528
27444,9.859
27455,11.084
27465,9.447
27474,9.533
27485,9.949
27494,9.669
27504,9.605
27515,11.293
27527,11.247
27537,10.045
27548,10.706
27557,9.431
27568,10.281
27577,9.411
27587,10.084
27599,12.099
27610,10.143
27620,10.011
27630,10.173
27639,9.184
27649,9.524
27659,10.02
27671,11.241
27680,9.406
27691,10.433
27701,10.517
27712,10.069
27722,10.424
27733,10.618
27744,11.265
27755,10.649
27767,11.315
27778,10.949
27788,10.256
27799,10.998
27810,10.661
27819,9.369
27829,9.939
27839,9.034
27848,9.04
27857,9.159
27867,10.134
27880,12.351
27890,10.31
27900,10.338
27912,11.213
27921,8.909
27930,9.379
27940,9.717
27949,8.823
27958,8.769
27966,8.549
27976,9.811
27987,10.651
27997,9.51
28006,9.15
28015,9.342
28026,10.477
28035,9.597
28044,8.936
28054,9.927
28063,8.676
28071,8.212
28080,8.714
28088,8.065
28101,13.174
28111,9.844
28121,10.037
28132,10.905
28143,10.126
28151,8.505
28160,8.752
28168,8.192
28176,8.137
28185,8.691
28193,8.023
28201,8.063
28210,8.479
28218,8.377
28227,8.545
28235,8.327
28244,9.15
28253,8.398
28263,10.423
28273,9.505
28282,8.643
28291,9.766
28301,9.715
28311,9.732
28320,9.389
28329,8.214
28337,7.99
28345,8.29
28353,7.997
28362,8.636
28370,8.151
28378,8.134
28387,8.937
28395,8.085
28404,8.855
28415,10.601
28425,9.904
28435,9.657
28466,31.323
28476,9.877
28486,10.026
28496,10.108
28507,10.461
28518,10.871
28528,10.113
28538,10.189
28549,10.748
28559,9.56
28569,10.083
28578,9.304
28589,10.896
28601,11.606
28615,13.75
28626,10.996
28636,10.532
28647,10.521
28659,12.002
28669,10.216
28680,10.224
28690,10.431
28701,10.637
28711,10.01
28722,10.577
28732,10.054
28742,10.181
28752,10.362
28763,10.25
28775,12.365
28786,10.263
28796,10.252
28806,9.903
28816,9.773
28828,12.271
28838,9.988
28849,10.587
28859,10.246
28869,10.229
28882,12.284
28892,10.085
28903,10.471
28913,10.691
28924,10.303
28936,12.459
28948,11.447
28959,11.442
28969,9.253
28981,12.635
28991,9.717
29002,10.997
29015,12.357
29025,10.615
29038,12.788
29049,10.789
29060,11.233
29071,10.516
29082,10.492
29094,12.636
29104,9.763
29115,11.075
29126,10.945
29139,12.28
29149,10.197
29159,10.509
29174,14.645
29183,9.194
29194,10.269
29203,9.234
29212,9.038
29222,9.242
29231,9.293
29240,9.179
29249,8.877
29258,9.086
29269,10.631
29280,11.217
29289,8.784
29301,11.544
29311,10.027
29321,9.551
29330,8.971
29340,10.471
29352,11.328
29361,9.246
29370,8.96
29379,9.149
29388,9.246
29397,8.941
29408,10.847
29418,9.564
29427,8.737
29438,11.275
29450,12.149
29460,9.971
29469,9.021
29479,9.339
29490,11.103
29499,9.198
29508,9.016
29517,9.014
29527,9.514
29537,10.084
29547,10.001
29559,11.819
29569,9.205
29578,9.809
29588,9.271
29598,10.139
29609,11.027
29619,10.023
29631,11.441
29641,10.219
29652,10.81
29666,13.707
29675,8.938
29685,10.105
29694,8.83
29703,9.131
29712,9.116
29721,9.168
29731,9.871
29742,10.368
29752,9.671
29763,10.839
29772,9.475
29783,11.242
29793,9.722
29803,9.59
29813,9.694
29822,9.599
29832,9.193
29841,9.204
29857,15.774
29866,9.443
29875,9.006
29885,9.66
29894,9.092
29904,9.456
29914,9.884
29924,10.562
29934,9.667
29943,9.104
29954,10.715
29964,9.484
29973,9.173
29982,9.334
29991,8.602
30000,9.479
30009,8.544
30018,8.706
30027,8.798
30036,8.918
30047,11.29
30057,9.694
30067,9.691
30076,9.553
30085,8.84
30096,10.777
30106,9.505
30116,9.885
30126,10.083
30135,9.185
30145,10.186
30154,8.87
30163,8.771
30173,10.304
30183,9.719
30192,9.28
30203,10.074
30212,9.651
30222,9.938
30232,9.753
30241,9.067
30250,8.958
30259,8.99
30269,9.037
30278,9.727
30287,9.016
30298,10.704
30307,8.905
30316,9.054
30327,10.731
30336,8.802
30345,8.771
30354,9.009
30363,9.059
30372,9.347
30382,9.326
30391,9.244
30400,8.902
30411,11.235
30421,9.173
30430,9.136
30439,9.112
30448,8.936
30457,8.916
30466,9.063
30475,9.13
30485,9.341
30494,8.989
30503,9.28
30513,9.323
30522,9.185
30531,9.056
30542,10.464
30553,10.853
30562,9.092
30571,8.997
30580,9.141
30589,9.285
30599,9.23
30608,9.17
30617,9.067
30626,8.774
30635,8.859
30644,9.6
30654,9.207
30663,9.163
30672,8.895
30681,8.968
30690,9.086
30700,9.521
30711,11.211
30720,8.894
30730,10.181
30739,8.955
30750,10.767
30759,9.37
30770,10.167
30779,8.912
30788,9.695
30798,9.538
30808,9.715
30817,9.324
30830,12.443
30840,9.887
30849,9.052
30859,9.617
30868,9.552
30879,10.403
30889,9.783
30898,9.306
30909,10.587
30918,9.314
30927,8.909
30938,10.521
30949,10.788
30960,11.033
30969,9.379
30979,9.265
30988,9.114
30998,9.759
31007,9.629
31017,9.15
31026,9.166
31035,9.321
31044,8.9
31053,9.114
31063,9.293
31072,9.351
31082,9.624
31093,10.866
31103,9.914
31114,11.276
31124,9.414
31133,9.091
31142,9.325
31155,12.427
31165,9.724
31174,9.486
31184,9.831
31194,9.379
31203,9.587
31213,9.086
31222,9.237
31231,9.18
31241,9.321
31251,10.038
31261,10.159
31271,9.375
31283,12.197
31292,9.251
31301,8.847
31311,9.349
31322,10.986
31332,10.092
31342,9.232
31353,10.873
31363,9.789
31373,10.067
31382,9.15
31391,8.889
31401,10.045
31412,10.536
31423,10.701
31432,9.108
31442,9.823
31452,9.501
31463,11.44
31473,9.429
31483,9.66
31493,9.906
31502,9.506
31513,10.882
31525,11.361
31535,10.552
31549,13.03
31560,11.164
31570,10.518
31580,9.57
31590,10.076
31600,9.245
31609,9.368
31618,9.084
31627,8.847
31637,9.286
31647,10.522
31657,9.301
31666,9.423
31676,9.204
31685,9.498
31695,9.247
31704,9.214
31713,8.991
31724,10.571
31733,9.166
31744,10.493
31753,8.853
31761,8.645
31770,8.603
31779,8.464
31788,8.725
31797,9.201
31808,10.711
31817,9.233
31828,10.503
31839,11.308
31850,10.322
31862,12.073
31872,10.288
31883,10.189
31895,12.551
31906,11.063
31915,8.583
31925,9.882
31935,9.98
31945,9.373
31954,9.608
31963,8.236
31972,9.67
31982,9.156
31990,8.403
31998,8.101
32007,8.762
32015,8.117
32024,8.272
32032,8.235
32040,8.074
32050,9.205
32058,8.095
32067,8.93
32077,9.814
32087,10.326
32097,9.785
32106,8.424
32115,9.477
32126,10.593
32136,10.254
32145,8.46
32154,9.644
32165,10.006
32174,9.817
32184,9.612
32194,10.036
32206,11.108
32216,9.903
32229,12.972
32240,10.931
32249,8.84
32257,8.603
32266,8.486
32275,8.659
32284,9.697
32293,8.761
32302,8.097
32310,8.738
32319,8.508
32328,8.75
32337,9.088
32348,10.396
32356,8.701
32365,8.1
32373,8.337
32381,8.349
32390,8.643
32399,8.412
32407,8.015
32416,9.461
32427,10.326
32437,9.78
32447,10.04
32456,9.626
32466,9.874
32477,9.991
32489,12.073
32498,9.145
32506,8.047
32516,10.167
32526,9.322
32535,8.625
32545,10.538
32555,10.168
32566,10.61
32576,10.006
32587,10.845
32597,9.559
32606,9.436
32617,10.159
32627,10.221
32639,11.785
32650,10.631
32660,10.671
32671,10.26
32681,10.53
32692,10.649
32703,10.884
32714,11.1
32724,9.629
32734,10.031
32744,9.868
32754,9.753
32762,8.089
32772,9.821
32780,8.311
32789,8.079
32797,7.816
32805,8.126
32813,7.892
32821,7.821
32829,8.036
32837,7.935
32845,8.646
32854,8.196
32862,8.054
32870,8.217
32878,8.092
32888,9.715
32898,9.427
32906,8.236
32916,9.558
32924,8.024
32934,10.398
32943,8.74
32952,8.297
32960,8.514
32970,9.322
32979,8.908
32988,8.933
32996,8.672
33005,8.468
33014,9.07
33023,8.275
33031,8.094
33040,9.314
33048,8.233
33057,8.929
33066,8.859
33076,9.248
33087,10.667
33095,8.49
33104,8.449
33112,8.46
33121,8.244
33129,8.191
33137,8.359
33146,8.511
33155,9.122
33163,7.887
33172,8.379
33180,8.455
33188,8.181
33198,9.73
33212,13.516
33223,10.573
33234,11.292
33245,10.772
33255,10.441
33266,10.545
33277,10.854
33289,12.293
33302,12.387
33312,10.015
33324,11.771
33332,8.281
33342,9.789
33353,10.715
33363,9.536
33373,10.04
33384,11.343
33395,11.06
33406,10.578
33418,11.659
33429,10.841
33439,9.737
33449,10.464
33463,13.671
33474,10.832
33488,14.145
33500,12.211
33511,10.928
33522,10.177
33532,10.317
33542,9.839
33552,9.464
33562,10.107
33572,9.781
33582,9.956
33591,9.451
33602,10.181
33610,8.627
33620,9.388
33629,9.173
33638,8.987
33647,8.775
33657,9.985
33666,8.691
33675,8.588
33683,8.164
33692,9.156
33701,8.503
33710,9.361
33720,9.404
33732,12.002
33741,8.673
33749,8.555
33760,10.65
33770,9.494
33781,10.849
33792,11.075
33803,10.832
33814,10.983
33825,10.882
33835,9.76
33844,9.541
33855,10.412
33864,8.642
33872,8.328
33881,9.223
33891,9.211
33900,9.633
33912,11.296
33924,11.605
33936,12.017
33946,10.636
33956,9.651
33967,11.195
33978,10.239
33988,10.408
34002,13.827
34011,9.093
34022,10.314
34031,9.388
34042,10.47
34053,10.671
34063,10.226
34073,10.315
34083,9.793
34094,10.702
34104,9.623
34114,9.775
34124,10.467
34134,9.813
34144,9.734
34153,9.278
34162,8.645
34172,9.462
34182,10.399
34191,9.17
34202,10.574
34213,10.283
34223,9.887
34233,10.695
34247,13.318
34257,9.651
34267,10.325
34277,10.183
34287,9.896
34298,10.849
34309,10.657
34321,12.261
34333,11.494
34345,11.751
34355,9.889
34366,10.588
34375,9.608
34387,11.35
34397,10.693
34408,10.553
34419,10.261
34429,10.707
34441,11.689
34453,11.575
34463,9.509
34474,11.093
34486,11.913
34499,13.589
34511,11.506
34525,13.808
34537,12.099
34553,15.765
34565,12.204
34576,11.062
34589,12.03
34600,10.957
34609,9.482
34621,11.29
34631,10.06
34644,13.01
34653,8.991
34662,9.016
34672,9.509
34681,8.834
34689,8.683
34698,8.656
34707,8.446
34716,8.881
34724,8.692
34733,8.552
34741,8.288
34750,8.129
34761,11.179
34770,9.029
34779,8.79
34788,9.26
34798,9.053
34806,8.658
34815,8.813
34824,8.409
34832,8.418
34842,9.606
34855,13.219
34866,10.856
34875,8.731
34884,8.774
34893,8.866
34902,8.79
34911,9.136
34920,8.985
34929,9.018
34941,11.133
34950,9.125
34959,8.9
34970,11.168
34980,9.549
34990,9.883
35002,11.761
35012,10.075
35024,12.577
35033,8.489
35042,9.007
35051,8.607
35059,8.332
35068,9.201
35078,9.631
35088,9.819
35099,10.319
35109,9.834
35118,9.473
35131,12.328
35141,9.913
35151,9.864
35166,15.091
35174,8.503
35184,9.807
35194,9.967
35204,9.647
35215,10.304
35225,10.539
35234,8.289
35245,11.018
35254,9.543
35264,9.913
35274,9.743
35284,9.553
35293,8.815
35302,9.152
35312,10.285
35322,9.923
35332,9.151
35342,10.082
35353,10.996
35364,11.26
35374,10.009
35386,11.103
35396,10.535
35407,10.801
35418,10.363
35428,10.602
35439,10.626
35449,9.92
35460,10.356
35470,10.038
35486,15.894
35501,14.988
35520,19.171
35536,15.662
35549,13.008
35569,20.022
35581,11.287
35591,10.367
35602,11.035
35614,11.378
35626,11.789
35639,13.335
35651,11.52
35664,13.352
35675,11.151
35689,13.361
35700,11.01
35709,9.406
35721,11.202
35733,12.283
35745,12.113
35756,10.441
35767,11.174
35779,11.412
35790,11.136
35801,10.905
35813,11.799
35826,12.819
35836,10.422
35846,9.167
35855,9.139
35864,9.199
35874,9.683
35885,10.639
35896,10.663
35907,11.124
35917,9.688
35926,9.054
35935,9.144
35945,9.566
35955,9.958
35970,15.049
35984,14.239
35995,10.109
36007,12.093
36019,12.581
36031,11.024
36044,13.72
36055,10.335
36067,12.4
36077,9.185
36087,10.367
36100,12.415
36111,10.933
36123,11.928
36135,12.033
36146,10.487
36156,10.14
36168,11.69
36181,13.072
36192,11.416
36203,10.273
36213,9.809
36222,8.82
36232,10.362
36242,9.365
36251,9.174
36263,12.225
36275,11.383
36285,10.142
36296,10.811
36310,13.882
36321,10.729
36331,10.538
36340,8.715
36352,12.169
36362,9.464
36371,8.835
36382,10.573
36394,12.185
36409,14.684
36424,14.727
36435,11.5
36448,12.86
36460,12.005
36476,15.207
36486,10.05
36495,8.828
36505,10.08
36522,16.779
36531,8.902
36542,11.007
36552,9.886
36563,10.869
36572,9.041
36581,8.786
36591,9.531
36603,11.735
36613,10.098
36624,10.739
36634,9.719
36646,11.905
36655,9.569
36665,9.797
36676,10.917
36686,10.028
36695,8.877
36705,9.966
36714,8.835
36724,9.238
36732,8.701
36744,11.821
36755,10.722
36765,9.511
36774,9.487
36786,11.02
36797,11.021
36806,9.462
36815,8.672
36825,10.195
36836,10.525
36845,8.699
36854,8.802
36864,9.723
36872,8.691
36882,9.595
36894,11.694
36912,17.92
36922,10.498
36937,14.213
36948,10.649
36961,13.465
36971,9.358
36984,12.976
36996,12.074
37007,10.856
37018,11.426
37031,12.296
37043,11.956
37056,12.749
37068,12.337
37080,11.41
37091,11.158
37101,10.36
37113,11.995
37124,10.389
37135,10.61
37146,11.463
37159,12.507
37170,11.019
37183,12.915
37197,14.191
37209,11.565
37219,10.026
37232,13.244
37244,11.776
37255,10.768
37265,9.673
37277,11.699
37288,11.572
37299,9.96
37311,12.04
37323,12.238
37334,10.929
37345,11.225
37359,13.146
37369,10.33
37379,10.061
37394,14.933
37405,10.577
37415,10.091
37426,10.652
37437,10.757
37447,10.499
37461,13.914
37471,9.376
37481,10.457
37493,11.775
37503,9.812
37515,11.877
37527,11.811
37540,12.256
37550,10.774
37561,10.288
37572,10.871
37582,9.68
37593,11.698
37605,11.781
37617,11.846
37629,11.824
37640,10.823
37650,9.924
37661,11.206
37672,10.166
37682,10.619
37694,11.354
37705,10.776
37716,10.952
37727,11.049
37738,10.787
37749,10.813
37761,12.06
37772,11.316
37783,10.69
37792,9.069
37803,10.499
37814,10.878
37829,14.771
37840,11.534
37852,11.556
37865,12.974
37876,11.0
37886,10.05
37897,10.311
37908,10.586
37918,9.902
37930,12.036
37954,24.346
37965,11.253
37977,11.195
37987,10.407
37996,8.954
38006,9.661
38016,9.832
38026,10.21
38040,13.389
38051,11.378
38062,10.843
38073,10.327
38083,10.55
38093,9.583
38102,8.835
38111,9.191
38121,9.846
38130,9.166
38139,8.906
38148,8.969
38159,10.528
38170,10.582
38180,10.407
38192,11.98
38207,14.416
38219,12.474
38234,14.05
38246,11.916
38258,12.462
38269,10.884
38281,11.329
38291,10.512
38300,9.067
38311,10.172
38321,9.907
38331,10.199
38340,8.935
38351,11.086
38360,8.991
38372,11.475
38381,8.942
38392,10.415
38402,9.855
38411,9.66
38421,9.128
38430,9.537
38439,8.933
38449,9.428
38458,9.326
38467,9.048
38477,9.49
38486,9.233
38496,9.266
38504,8.776
38514,9.061
38523,9.081
38532,8.95
38542,10.134
38551,8.754
38561,10.035
38572,10.418
38582,9.862
38590,8.523
38600,10.132
38609,8.849
38621,11.488
38631,9.517
38640,9.02
38649,8.855
38657,8.699
38667,9.005
38675,8.771
38686,10.383
38696,9.684
38705,8.89
38716,10.912
38725,8.898
38734,9.13
38743,9.084
38752,8.944
38762,9.567
38771,9.044
38780,8.96
38789,8.398
38799,10.657
38808,8.803
38817,8.913
38828,11.047
38838,9.504
38847,9.21
38856,8.876
38868,11.998
38879,10.787
38889,9.515
38899,9.495
38908,9.022
38917,9.381
38927,9.34
38936,8.892
38946,10.778
38958,11.736
38968,9.542
38978,9.758
38988,9.733
38998,10.2
39008,9.438
39017,9.616
39026,9.013
39035,8.923
39046,10.103
39056,10.485
39066,9.768
39076,10.042
39085,8.927
39098,12.573
39108,10.515
39119,10.153
39129,9.779
39138,9.56
39148,9.623
39159,10.457
39169,10.223
39179,9.627
39192,13.328
39204,11.592
39215,10.922
39226,11.551
39235,8.614
39244,8.75
39255,10.5
39265,10.033
39274,8.939
39283,8.977
39294,10.91
39305,10.818
39315,9.583
39325,10.594
39336,10.207
39348,12.138
39357,8.833
39367,10.009
39377,9.672
39386,9.238
39395,8.698
39404,8.607
39413,8.754
39422,8.861
39430,8.521
39439,9.154
39449,9.535
39460,10.649
39470,9.997
39479,9.162
39488,9.057
39498,9.52
39509,10.829
39520,10.388
39528,8.567
39538,9.567
39547,9.183
39556,9.006
39566,9.094
39574,8.838
39584,9.105
39592,8.691
39604,11.803
39614,9.412
39623,9.441
39633,9.409
39642,9.263
39652,9.986
39662,9.753
39673,10.806
39683,9.58
39694,11.033
39703,9.254
39714,10.272
39723,8.93
39733,10.31
39744,10.843
39754,10.081
39764,10.061
39775,10.324
39785,9.86
39795,10.348
39806,10.366
39816,10.543
39828,11.895
39840,11.045
39851,11.112
39862,10.845
39872,10.605
39883,10.263
39892,9.449
39903,10.541
39914,11.043
39926,11.872
39937,10.901
39947,10.203
39958,10.083
39967,9.848
39979,11.41
39990,10.673
40001,10.889
40012,11.008
40023,10.871
40034,10.896
40045,10.861
40055,10.101
40066,10.541
40076,10.746
40087,10.821
40098,10.724
40109,10.784
40120,10.43
40132,12.072
40144,11.812
40155,10.716
40165,10.406
40175,10.225
40186,10.675
40197,10.279
40208,11.381
40218,10.235
40229,10.181
40241,12.39
40251,9.267
40260,8.981
40270,10.189
40279,8.664
40289,9.706
40299,9.838
40308,9.137
40316,8.54
40325,8.778
40334,8.966
40343,8.912
40353,9.024
40361,8.784
40370,8.921
40382,11.755
40393,10.578
40404,11.241
40413,8.68
40423,9.868
40432,9.328
40446,13.358
40459,12.853
40468,9.448
40478,9.723
40487,9.082
40496,8.144
40504,8.294
40515,10.688
40523,8.218
40533,9.795
40541,8.422
40551,9.46
40560,9.238
40569,8.625
40578,8.937
40591,12.703
40600,8.629
40609,9.683
40620,10.404
40630,9.655
40639,9.257
40648,8.92
40659,10.597
40667,8.689
40677,9.721
40687,9.346
40698,10.812
40706,8.667
40715,8.705
40724,8.825
40737,12.934
40747,9.553
40757,10.32
40767,9.266
40781,14.434
40791,9.961
40801,10.161
40811,9.115
40820,9.529
40829,9.005
40839,9.772
40849,9.051
40858,9.384
40868,9.786
40877,9.224
40888,10.372
40897,8.814
40908,10.915
40916,8.535
40926,9.974
40935,8.272
40944,9.126
40954,10.287
40963,8.489
40974,10.463
40982,8.759
40992,9.828
41001,8.397
41010,9.469
41020,9.25
41031,10.889
41040,9.141
41049,9.361
41058,8.797
41067,8.874
41077,9.167
41086,8.857
41094,8.704
41103,8.563
41112,9.127
41122,9.258
41131,9.457
41141,10.124
41150,8.856
41159,8.334
41169,10.015
41178,9.299
41189,10.286
41198,9.106
41207,8.955
41216,8.708
41225,8.756
41235,10.231
41244,8.74
41252,8.497
41264,11.644
41274,9.577
41284,9.897
41293,8.631
41302,9.107
41311,9.003
41320,9.025
41329,8.875
41338,9.117
41349,10.216
41357,8.788
41366,8.327
41375,9.376
41386,10.935
41395,8.351
41404,9.25
41415,10.987
41424,8.984
41436,11.46
41445,8.793
41456,10.881
41465,9.507
41474,8.283
41483,9.169
41495,11.72
41505,10.52
41514,8.471
41523,9.151
41533,10.098
41543,9.1
41551,8.193
41560,8.933
41568,8.133
41577,8.729
41586,8.512
41594,8.195
41603,9.447
41614,10.368
41625,11.272
41634,8.387
41642,8.029
41651,9.254
41660,8.498
41670,10.073
41679,8.568
41687,8.389
41696,8.402
41705,9.817
41715,9.196
41724,9.123
41733,9.223
41743,9.136
41753,10.488
41763,9.339
41771,8.719
41780,8.838
41789,8.644
41798,8.536
41806,8.323
41815,8.405
41823,8.624
41832,8.396
41841,8.865
41849,8.514
41858,8.6
41867,8.736
41876,8.7
41884,8.643
41893,8.96
41904,10.421
41913,8.743
41921,8.43
41932,10.594
41941,9.076
41951,9.37
41959,8.388
41968,8.674
41976,8.451
41985,8.372
41993,8.421
42002,8.57
42011,8.449
42020,9.6
42030,9.83
42040,9.834
42050,9.451
42059,9.107
42068,9.334
42077,8.319
42086,8.915
42097,10.781
42106,9.198
42116,9.562
42125,9.424
42135,9.698
42144,8.976
42153,9.194
42162,9.061
42171,8.487
42181,9.556
42190,9.01
42200,9.981
42209,9.207
42218,8.545
42227,9.069
42239,11.653
42248,9.178
42258,9.7
42268,9.918
42277,9.459
42287,9.227
42300,12.61
42310,10.154
42320,10.014
42330,9.92
42340,9.713
42349,9.587
42359,9.581
42369,9.935
42379,9.642
42390,11.226
42399,8.83
42409,9.286
42417,8.179
42426,9.07
42435,8.557
42443,8.374
42452,8.689
42460,8.463
42470,9.319
42479,8.724
42488,9.437
42499,10.872
42508,8.884
42519,11.153
42530,10.265
42545,14.591
42554,9.185
42564,10.29
42575,10.436
42586,11.026
42596,10.038
42605,9.121
42615,9.231
42624,9.126
42634,9.555
42643,9.529
42654,10.696
42664,9.645
42675,11.113
42685,10.343
42696,10.973
42707,10.303
42717,9.86
42726,8.648
42735,9.655
42745,9.11
42754,9.732
42764,9.222
42772,8.457
42781,8.58
42790,8.756
42799,8.782
42807,8.423
42816,9.028
42827,10.0
42836,9.307
42848,11.5
42857,9.164
42866,8.753
42874,8.532
42883,8.593
42891,8.142
42900,9.122
42909,8.5
42919,9.442
42927,8.799
42937,9.312
42945,8.512
42954,8.934
42965,10.903
42975,9.292
42984,9.512
42993,8.901
43002,8.123
43013,11.622
43023,9.816
43033,9.557
43043,9.49
43052,9.805
43063,10.341
43073,9.74
43083,9.879
43092,9.564
43102,9.599
43111,8.945
43120,9.31
43129,8.393
43140,10.679
43150,10.177
43160,9.422
43168,8.201
43179,11.255
43188,8.604
43196,8.172
43206,9.461
43215,9.118
43224,8.486
43232,8.336
43241,8.897
43250,8.603
43259,8.851
43268,9.227
43277,8.465
43287,10.289
43296,8.605
43306,10.07
43314,8.56
43324,9.718
43333,9.04
43343,9.467
43352,8.623
43364,11.825
43372,8.209
43380,8.227
43389,8.841
43398,8.442
43407,8.812
43416,9.256
43425,8.778
43434,8.776
43442,8.636
43451,8.382
43460,8.738
43470,9.922
43480,9.775
43490,10.36
43501,10.71
43511,9.791
43520,9.505
43529,8.69
43538,9.141
43547,8.701
43559,11.874
43569,10.076
43580,10.384
43589,9.324
43602,12.228
43612,9.82
43622,10.624
43631,8.804
43641,9.52
43653,11.419
43662,8.93
43670,8.884
43680,9.255
43689,9.308
43698,8.844
43707,8.726
43717,9.487
43725,8.648
43735,9.233
43744,9.011
43753,9.267
43763,9.522
43772,9.323
43783,10.27
43792,8.754
43801,8.627
43810,8.787
43819,9.405
43833,13.571
43842,8.903
43851,9.061
43862,10.61
43873,11.193
43881,8.346
43890,8.538
43899,8.857
43909,9.688
43920,10.85
43932,12.264
43943,11.108
43953,10.051
43962,8.461
43970,8.152
43979,8.229
43987,8.157
43995,8.442
44004,8.352
44014,10.519
44024,9.456
44033,8.909
44042,9.069
44053,10.206
44062,9.627
44073,10.519
44083,10.068
44101,18.031
44115,13.662
44127,12.46
44139,11.335
44151,12.14
44162,10.561
44172,9.755
44182,10.31
44194,12.031
44204,10.053
44216,11.489
44227,10.605
44238,10.929
44247,8.63
44256,9.025
44265,9.188
44275,9.446
44285,10.233
44295,9.873
44304,9.479
44316,11.688
44327,10.733
44338,10.906
44348,10.26
44359,10.725
44369,9.899
44378,8.54
44389,10.988
44399,9.893
44409,10.148
44419,10.176
44431,10.992
44440,9.571
44455,14.428
44465,10.05
44476,11.472
44487,10.213
44496,9.585
44507,10.262
44517,9.844
44526,9.239
44535,8.794
44545,10.14
44555,9.978
44565,9.387
44576,10.987
44587,11.348
44598,11.028
44608,9.836
44617,8.867
44629,11.787
44639,10.204
44651,11.169
44662,11.692
44674,11.037
44684,9.841
44692,8.026
44702,10.638
44711,8.528
44721,9.426
44729,8.369
44737,8.214
44746,8.534
44755,9.13
44764,9.146
44776,11.846
44785,8.871
44793,8.049
44802,8.33
44810,8.025
44818,8.348
44827,8.212
44835,8.251
44843,8.055
44851,8.169
44860,8.138
44868,8.245
44876,8.149
44885,8.357
44894,9.065
44902,8.118
44911,8.656
44920,9.224
44928,8.327
44937,8.178
44945,8.736
44954,8.393
44963,9.088
44972,8.86
44980,8.361
44989,8.227
44998,8.743
45006,8.825
45015,7.997
45023,8.669
45032,8.257
45044,11.785
45052,8.154
45060,8.426
45069,9.138
45079,9.917
45089,9.799
45100,10.249
45110,10.003
45121,10.872
45132,10.93
45142,9.859
45150,8.444
45159,8.584
45168,9.05
45177,8.702
45186,8.975
45195,8.674
45203,8.121
45213,9.507
45222,8.938
45233,11.538
45243,10.015
45255,11.435
45264,9.345
45275,10.69
45284,9.002
45295,11.206
45305,9.3
45314,9.507
45329,14.371
45338,9.45
45350,11.812
45360,9.743
45369,9.176
45379,9.835
45390,10.211
45398,8.041
45407,9.01
45415,8.123
45424,8.514
45433,9.027
45441,8.395
45450,8.568
45458,8.147
45466,8.079
45475,8.136
45483,8.081
45492,9.473
45501,8.419
45510,8.73
45519,8.848
45527,8.554
45536,8.548
45545,9.283
45554,8.412
45564,9.813
45572,8.31
45581,8.709
45592,11.02
45603,10.25
45611,8.43
45620,8.487
45629,8.885
45638,9.345
45647,8.698
45656,9.127
45665,9.056
45674,8.601
45683,9.338
45693,9.034
45703,10.631
45712,8.412
45721,9.063
45730,8.969
45739,8.527
45747,8.584
45756,8.317
45765,8.62
45773,8.852
45783,9.144
45793,9.808
45802,9.723
45813,10.237
45821,8.076
45830,9.369
45844,13.501
45854,9.574
45863,9.621
45873,9.953
45883,9.547
45893,10.24
45903,9.948
45913,8.963
45923,10.173
45932,8.711
45941,9.513
45950,8.903
45960,9.465
45969,8.791
45977,8.624
45986,8.705
45995,8.551
46003,8.297
46011,8.203
46021,9.473
46029,8.265
46038,8.424
46046,8.149
46055,8.326
46063,8.343
46072,8.403
46080,8.596
46091,10.408
46099,8.656
46109,9.777
46118,8.345
46127,8.718
46135,8.494
46145,9.434
46153,8.574
46162,8.381
46171,8.799
46180,8.977
46189,8.927
46197,8.514
46207,9.414
46216,8.963
46225,8.502
46233,8.475
46242,8.418
46250,8.109
46260,10.136
46270,9.78
46279,9.286
46288,9.03
46298,9.576
46307,9.084
46319,11.818
46331,11.841
46341,9.967
46351,9.993
46362,10.658
46373,11.292
46385,11.358
46395,10.524
46407,11.333
46418,10.725
46428,10.433
46439,10.952
46450,11.2
46461,10.314
46472,11.286
46484,12.012
46496,11.329
46507,10.981
46519,12.03
46528,8.962
46537,8.638
46546,8.652
46554,8.408
46564,10.201
46575,10.777
46584,8.299
46593,9.393
46602,8.317
46610,8.521
46620,9.717
46629,8.559
46639,10.333
46648,8.677
46657,8.577
46666,9.02
46675,9.587
46684,8.23
46694,9.85
46702,8.193
46712,9.67
46720,8.379
46729,8.78
46738,8.845
46748,9.979
46757,8.427
46765,8.224
46774,8.778
46784,9.952
46793,8.496
46801,8.145
46809,8.307
46818,8.496
46828,9.953
46837,8.641
46845,8.278
46853,8.176
46862,8.729
46871,8.288
46879,8.319
46889,9.524
46897,8.755
46906,8.546
46915,8.829
46924,9.31
46935,10.451
46943,8.275
46952,8.231
46960,8.203
46969,8.388
46979,10.21
46987,8.475
46996,8.941
47005,8.182
47015,10.152
47025,9.799
47034,8.651
47042,8.508
47051,8.68
47060,8.359
47068,8.531
47077,8.392
47085,8.476
47094,8.644
47102,8.011
47111,8.686
47121,10.057
47129,8.18
47138,8.147
47146,8.599
47155,8.808
47165,9.515
47174,9.194
47182,8.145
47191,8.816
47200,8.726
47208,8.012
47219,11.166
47228,8.429
47238,9.516
47246,8.491
47255,8.52
47263,8.06
47271,7.964
47279,8.417
47288,8.611
47299,10.627
47308,8.836
47316,8.064
47325,8.532
47333,8.708
47342,8.526
47352,9.542
47360,8.3
47369,9.278
47378,8.046
47386,8.547
47394,8.089
47403,8.866
47412,8.95
47422,9.344
47431,9.53
47442,10.101
47452,10.157
47461,9.59
47472,10.715
47482,10.147
47494,11.891
47504,9.842
47514,9.275
47524,9.83
47533,9.258
47543,9.545
47551,8.059
47560,9.412
47569,8.475
47578,9.506
47587,9.118
47597,9.249
47606,8.798
47615,8.782
47624,9.247
47633,8.814
47644,10.754
47653,8.892
47661,8.173
47669,8.124
47694,25.021
47703,9.142
47715,11.816
47725,9.281
47733,8.402
47741,8.33
47750,8.476
47758,8.269
47767,8.786
47776,8.789
47785,8.897
47794,8.439
47802,8.633
47811,8.799
47820,8.681
47829,8.604
47839,10.078
47848,8.668
47857,9.042
47865,8.55
47876,10.072
47884,8.694
47892,7.953
47901,8.243
47909,8.598
47918,8.315
47926,8.275
47935,8.84
47943,8.039
47951,8.15
47960,8.222
47968,8.245
47978,9.583
47986,8.571
47996,9.481
48005,8.875
48014,9.129
48023,8.56
48031,8.137
48039,8.049
48047,8.022
48055,7.979
48064,8.208
48072,8.251
48081,8.665
48090,9.25
48098,8.179
48107,8.659
48115,8.223
48124,8.288
48132,8.225
48141,9.337
48150,8.209
48158,8.04
48166,8.24
48175,8.258
48183,8.352
48192,8.673
48201,8.645
48210,9.612
48220,9.621
48229,8.533
48238,9.205
48247,9.219
48258,10.532
48272,14.596
48281,8.808
48290,8.962
48300,8.98
48310,10.198
48320,10.508
48330,9.226
48338,8.635
48348,9.456
48358,9.491
48368,10.301
48380,11.403
48388,8.175
48396,8.238
48405,8.717
48414,8.737
48422,8.615
48431,8.473
48440,9.261
48449,8.697
48458,8.289
48466,8.16
48475,9.441
48484,8.521
48494,9.551
48505,11.373
48516,10.638
48526,10.562
48537,10.046
48545,8.564
48555,9.888
48566,10.477
48576,9.766
48585,9.243
48594,9.094
48603,9.002
48612,8.594
48620,8.356
48631,10.12
48639,8.627
48648,8.281
48657,8.77
48666,9.201
48676,9.887
48685,8.697
48693,8.668
48704,10.027
48713,9.387
48722,9.196
48732,9.578
48741,9.332
48751,8.94
48760,9.158
48768,8.164
48777,8.721
48785,8.4
48794,8.645
48803,8.826
48812,8.543
48821,9.194
48830,9.162
48839,8.565
48848,8.553
48857,9.752
48866,8.306
48875,9.2
48885,9.745
48894,8.766
48904,9.722
48912,8.358
48921,8.947
48930,9.04
48939,8.646
48947,8.382
48956,8.814
48965,8.598
48973,8.331
48984,10.413
48994,9.692
49003,8.903
49012,9.197
49021,9.141
49031,9.43
49039,8.49
49048,8.458
49057,8.848
49066,8.891
49075,9.036
49084,9.131
49094,9.268
49104,10.125
49113,8.603
49122,8.877
49130,8.632
49139,8.87
49148,8.938
49157,8.849
49166,8.681
49175,8.708
49184,9.047
49197,12.357
49206,9.277
49214,8.365
49224,9.294
49234,9.965
49245,11.328
49255,9.21
49264,9.103
49274,10.327
49283,8.604
49293,9.73
49303,10.474
49312,8.844
49322,9.383
49331,9.223
49344,13.32
49356,11.2
49365,9.172
49377,11.33
49387,10.123
49396,9.531
49405,8.561
49414,9.123
49425,10.429
49435,10.269
49444,8.582
