35,35.582
69,33.911
103,33.212
137,34.177
171,33.736
205,33.776
238,33.682
272,33.783
306,33.652
340,34.036
374,33.711
408,33.713
441,33.405
475,33.046
507,31.961
541,33.939
574,33.07
608,33.641
640,32.641
673,32.641
705,32.202
737,31.951
770,32.623
802,32.23
835,32.259
869,33.723
901,32.502
933,32.079
965,32.04
998,32.456
1030,32.309
1063,32.901
1096,32.78
1129,32.646
1162,32.475
1196,34.257
1228,32.342
1261,32.199
1294,33.233
1327,32.612
1359,32.023
1391,32.433
1423,31.858
1456,32.461
1488,32.145
1520,32.02
1552,32.114
1585,32.268
1617,32.091
1650,32.504
1681,31.735
1713,31.851
1746,32.786
1779,33.009
1812,32.174
1845,32.952
1878,32.743
1910,32.606
1943,32.593
1976,33.04
2009,32.791
2041,32.04
2077,36.274
2113,35.162
2147,34.408
2180,32.886
2213,32.485
2246,32.768
2278,32.745
2311,32.626
2344,32.343
2377,33.684
2410,32.834
2445,34.337
2479,33.749
2511,32.431
2543,32.209
2576,32.098
2607,31.697
2646,38.808
2679,32.427
2711,32.362
2744,32.689
2777,32.508
2810,32.957
2842,32.403
2875,32.255
2907,32.313
2939,32.333
2972,32.416
3005,32.816
3038,33.047
3071,32.689
3104,32.748
3136,32.747
3170,33.137
3202,32.105
3237,32.341
3270,32.99
3302,32.45
3335,32.509
3367,32.306
3400,32.254
3432,32.156
3464,32.043
3497,32.271
3529,32.339
3561,32.261
3594,32.975
3627,32.314
3659,32.447
3692,32.233
3724,32.337
3757,32.287
3789,32.174
3821,31.954
3853,32.397
3887,33.45
3923,35.93
3956,33.168
3991,34.936
4025,33.96
4058,32.901
4093,34.76
4127,34.059
4161,33.339
4194,33.692
4228,33.131
4260,32.29
4292,31.98
4324,32.237
4357,32.248
4389,32.016
4421,32.083
4455,34.005
4488,32.945
4520,32.289
4553,32.406
4586,32.513
4620,33.999
4653,32.892
4686,33.791
4719,32.659
4752,32.259
4785,33.081
4817,32.01
4849,32.501
4882,32.095
4914,32.305
4946,32.388
4979,32.587
5012,32.469
5058,46.743
5092,33.594
5125,32.703
5158,32.508
5192,33.956
5225,33.034
5257,32.44
5290,32.569
5322,32.159
5354,32.321
5388,33.079
5419,31.659
5455,35.538
5489,34.354
5522,32.529
5557,34.536
5590,33.324
5623,32.818
5657,33.46
5689,32.029
5721,31.879
5753,31.798
5784,31.598
5816,31.783
5848,31.851
5880,31.842
5912,32.222
5944,32.096
5977,32.301
6009,31.921
6041,32.341
6073,31.81
6105,31.784
6137,31.753
6169,32.279
6201,31.811
6234,32.383
6266,32.128
6298,32.261
6330,32.004
6363,32.336
6394,31.695
6426,31.431
6458,31.633
6490,31.864
6521,31.334
6554,32.48
6587,33.007
6619,31.869
6653,34.208
6685,32.159
6717,31.748
6752,34.971
6784,31.517
6815,31.532
6848,32.179
6879,31.607
6912,32.134
6944,32.635
6977,32.758
7010,32.843
7043,32.367
7076,32.806
7108,32.833
7141,32.673
7174,32.73
7206,31.67
7238,31.908
7270,31.588
7301,31.824
7334,32.004
7366,32.033
7398,31.879
7430,31.981
7462,32.379
7495,32.353
7527,32.196
7560,32.497
7592,32.433
7625,32.495
7657,32.51
7690,32.437
7722,32.212
7755,32.443
7788,32.671
7820,32.207
7852,32.116
7885,32.286
7917,32.325
7951,33.82
7984,32.773
8017,33.04
8049,32.298
8081,31.79
8114,32.679
8147,32.364
8179,32.348
8212,32.497
8244,32.188
8279,34.991
8312,32.465
8344,32.558
8377,32.104
8409,32.496
8442,32.656
8474,32.107
8507,32.284
8538,31.841
8571,32.467
8604,32.73
8636,32.425
8669,32.199
8701,32.453
8733,31.898
8766,32.592
8798,31.899
8830,31.931
8866,35.501
8898,32.518
8931,32.548
8964,32.659
8996,32.185
9029,32.914
9062,32.595
9094,31.875
9126,32.271
9158,32.323
9191,32.307
9223,32.26
9255,32.115
9288,32.569
9320,32.069
9352,31.571
9384,32.151
9416,31.896
9448,32.446
9480,31.895
9512,31.611
9544,31.654
9576,31.617
9609,33.709
9642,32.404
9674,31.818
9705,31.534
9737,31.392
9769,32.362
9801,31.684
9833,31.517
9864,31.572
9898,33.242
9930,32.398
9962,31.808
9994,31.845
10026,31.709
10058,32.174
10090,32.068
10123,32.645
10157,34.464
10190,32.538
10223,32.491
10255,32.081
10287,32.029
10319,31.666
10351,31.872
10383,32.366
10415,31.618
10446,31.508
10478,31.402
10510,32.252
10542,31.744
10574,32.076
10606,31.87
10638,31.452
10670,32.123
10702,32.399
10736,33.451
10768,31.899
10801,32.933
10833,31.765
10865,32.531
10897,31.892
10930,32.3
10961,31.322
10992,31.321
11024,31.809
11056,31.917
11088,31.51
11121,32.705
11153,32.41
11185,31.519
11217,32.561
11249,31.153
11280,31.67
11313,32.66
11345,31.503
11377,31.712
11410,33.456
11441,30.713
11472,31.041
11503,31.346
11535,31.703
11567,31.959
11599,32.055
11633,33.231
11665,32.117
11697,31.55
11729,31.845
11760,31.838
11793,32.049
11824,31.643
11857,33.079
11892,33.927
11924,32.041
11957,33.222
11990,32.494
12023,33.185
12055,32.372
12088,32.889
12121,32.484
12153,31.891
12184,31.564
12216,31.746
12248,31.31
12279,31.7
12311,31.703
12343,31.571
12374,31.504
12408,33.041
12439,31.538
12471,31.599
12502,31.379
12534,31.722
12566,31.28
12597,31.752
12629,31.613
12661,31.565
12693,31.916
12724,31.546
12756,31.424
12787,31.172
12819,31.365
12850,31.542
12885,34.277
12917,32.208
12949,31.689
12981,32.105
13013,31.704
13045,31.981
13077,31.989
13110,32.665
13142,32.565
13174,31.97
13207,32.239
13239,31.853
13272,33.459
13304,32.002
13340,35.465
13372,32.639
13404,31.606
13436,31.765
13468,31.496
13499,31.412
13531,31.773
13563,31.472
13599,35.97
13631,32.126
13663,32.33
13696,32.201
13727,31.598
13759,31.792
13791,31.785
13823,32.14
13856,33.156
13889,32.248
13921,31.851
13953,32.124
13985,32.243
14017,32.021
14049,31.549
14081,31.812
14115,33.518
14147,32.342
14179,31.942
14211,32.053
14244,32.283
14276,32.529
14308,31.761
14341,33.222
14374,32.321
14406,32.393
14438,31.821
14470,32.104
14502,31.914
14535,32.146
14570,34.798
14604,34.745
14637,32.103
14670,33.008
14704,34.112
14736,32.235
14769,32.903
14802,32.354
14835,32.86
14867,32.059
14901,33.687
14933,32.023
14964,31.528
14996,31.759
15028,31.558
15060,31.822
15092,31.773
15123,31.409
15157,33.406
15188,31.675
15220,31.685
15252,31.629
15284,31.522
15316,32.688
15350,33.29
15383,32.705
15415,32.636
15447,31.716
15480,32.389
15512,32.492
15545,32.449
15578,33.295
15611,32.55
15644,33.145
15677,32.827
15709,32.201
15741,32.035
15773,31.982
15806,32.238
15838,32.31
15870,32.174
15902,32.04
15935,32.475
15967,31.922
16000,32.474
16032,32.798
16065,32.182
16097,32.015
16129,31.913
16161,31.671
16193,32.235
16226,32.762
16258,31.988
16290,32.439
16322,32.097
16355,32.185
16387,32.561
16420,32.295
16455,35.347
16489,33.968
16524,34.584
16556,32.196
16588,31.692
16623,34.697
16655,31.879
16688,33.643
16720,31.895
16753,31.965
16785,32.189
16817,32.049
16851,33.513
16883,32.187
16915,32.58
16949,33.691
16983,33.141
17015,32.905
17049,33.275
17081,31.965
17114,32.641
17145,31.472
17177,31.457
17209,31.807
17240,31.598
17273,32.503
17305,31.692
17336,31.664
17368,31.858
17401,32.112
17433,32.107
17465,32.21
17497,31.96
17529,32.196
17564,34.773
17599,34.926
17631,31.762
17663,31.717
17695,31.781
17727,31.861
17759,31.801
17791,31.735
17822,31.228
17853,31.205
17887,33.943
17919,31.759
17952,33.119
17984,31.909
18017,32.117
18048,31.756
18081,32.946
18114,32.708
18146,31.932
18178,32.121
18211,32.183
18243,31.854
18276,33.003
18309,33.038
18341,31.998
18373,31.678
18405,32.08
18437,32.299
18469,31.812
18502,32.142
18533,31.743
18565,31.75
18597,31.855
18629,31.553
18661,31.782
18694,33.61
18727,32.112
18758,31.578
18790,31.648
18821,31.13
18853,31.558
18887,33.622
18920,32.696
18954,34.781
18987,32.321
19019,31.925
19050,31.259
19082,31.403
19113,31.523
19145,31.926
19177,31.803
19211,33.231
19243,32.566
19275,32.049
19307,31.227
19338,31.421
19370,31.282
19402,32.5
19434,31.704
19466,31.654
19499,33.489
19531,31.755
19563,31.387
19594,31.364
19625,31.156
19657,31.291
19689,31.626
19720,31.413
19753,33.229
19785,32.002
19818,32.531
19850,31.389
19882,32.035
19913,31.101
19944,31.334
19976,31.359
20008,32.503
20040,31.015
20070,30.436
20101,30.969
20133,31.313
20164,31.589
20202,38.055
20236,33.637
20270,34.215
20304,33.441
20336,31.966
20369,32.487
20402,32.775
20435,33.047
20469,34.391
20502,33.176
20535,32.629
20568,32.431
20600,32.535
20633,32.337
20665,31.672
20696,31.8
20728,31.707
20760,31.795
20792,32.161
20824,31.637
20856,31.846
20889,32.553
20921,32.464
20954,32.516
20987,32.704
21019,31.735
21051,32.592
21083,31.948
21115,31.671
21147,31.684
21178,31.413
21210,31.645
21241,31.125
21273,31.482
21304,31.381
21338,33.316
21370,32.344
21406,35.829
21439,32.454
21471,32.448
21504,32.315
21536,32.074
21568,32.112
21600,32.168
21632,31.774
21664,31.608
21696,31.929
21728,31.912
21760,31.898
21793,32.576
21825,31.972
21858,32.859
21893,35.022
21927,34.017
21960,32.957
21994,34.118
22026,31.416
22057,31.573
22089,31.591
22121,31.688
22154,32.737
22185,31.258
22220,34.565
22251,31.185
22285,33.503
22317,32.243
22349,31.888
22381,31.361
22413,32.723
22445,31.78
22478,32.593
22510,31.622
22541,31.439
22572,31.086
22605,32.109
22638,32.954
22670,31.874
22702,32.372
22733,31.163
22766,31.98
22797,31.55
22828,31.196
22861,31.944
22892,31.781
22924,31.461
22956,31.55
22987,31.631
23019,31.844
23052,32.246
23083,31.498
23115,31.578
23146,31.224
23177,30.967
23209,31.198
23240,31.256
23271,31.301
23304,32.13
23335,31.521
23367,31.424
23398,31.505
23430,31.297
23461,31.276
23493,31.686
23524,31.407
23556,31.44
23588,31.41
23619,31.608
23651,31.613
23682,31.321
23714,31.512
23746,31.634
23777,31.475
23809,31.661
23841,31.87
23873,31.549
23904,31.298
23936,31.532
23967,31.456
23999,31.955
24031,31.531
24063,31.424
24094,31.334
24127,32.954
24159,31.9
24191,31.524
24223,31.639
24255,32.676
24287,31.78
24322,34.742
24356,33.388
24387,31.446
24419,31.788
24451,31.387
24482,31.669
24514,31.726
24546,32.163
24578,31.822
24612,33.988
24645,32.043
24676,31.62
24708,31.584
24741,32.955
24773,31.346
24804,31.391
24835,31.315
24869,33.082
24901,31.983
24932,31.607
24964,31.654
24996,31.581
25027,31.135
25060,32.987
25092,31.885
25124,31.11
25155,31.189
25186,31.065
25217,31.256
25250,32.698
25282,31.841
25314,31.543
25346,31.929
25377,31.126
25410,33.132
25442,31.925
25474,31.351
25505,31.272
25536,31.186
25568,30.993
25599,31.646
25632,32.9
25664,31.847
25696,31.361
25727,31.553
25759,31.494
25790,30.946
25822,31.435
25853,31.503
25885,31.795
25918,32.26
25949,31.734
25983,33.559
26015,31.89
26047,32.199
26082,35.012
26115,31.96
26147,31.927
26179,31.886
26211,32.053
26243,31.893
26275,32.36
26307,31.359
26338,31.546
26370,31.535
26402,31.779
26434,31.714
26465,31.527
26497,31.279
26528,31.633
26560,31.529
26592,31.485
26623,31.638
26655,31.366
26686,31.512
26718,31.263
26750,31.944
26781,31.087
26812,31.302
26844,31.793
26876,31.348
26907,31.36
26938,31.102
26970,31.603
27006,36.197
27039,32.149
27070,31.593
27102,31.846
27134,31.542
27167,32.498
27199,31.917
27231,32.099
27262,31.29
27294,31.625
27325,31.174
27357,31.921
27389,31.688
27421,31.75
27453,31.734
27486,32.952
27518,32.403
27551,32.061
27583,31.91
27615,32.596
27647,31.521
27678,31.37
27710,31.496
27741,31.456
27773,31.661
27805,31.736
27836,31.23
27869,32.652
27902,32.48
27933,31.221
27965,31.888
27996,31.243
28029,32.566
28062,32.516
28093,31.128
28124,31.375
28156,31.382
28188,31.631
28219,31.572
28251,31.267
28282,31.136
28314,31.511
28344,30.775
28376,30.987
28407,30.952
28438,31.057
28469,31.628
28501,31.148
28532,31.119
28563,31.397
28595,31.025
28626,31.236
28657,31.467
28689,31.093
28720,30.988
28751,31.074
28782,30.892
28813,31.243
28845,31.634
28880,34.921
28912,31.611
28943,31.68
28975,31.358
29007,31.584
29038,31.21
29069,31.405
29102,32.253
29133,31.077
29164,31.3
29197,32.894
29232,34.106
29264,32.535
29296,32.109
29329,32.109
29361,31.916
29392,30.931
29427,35.14
29458,31.349
29491,32.182
29524,32.841
29556,32.717
29588,31.47
29619,31.355
29652,32.033
29683,30.913
29714,31.198
29745,31.433
29777,31.214
29808,30.975
29839,30.845
29870,30.739
29901,31.051
29932,30.866
29968,35.758
29999,31.066
30030,31.543
30062,31.129
30093,31.107
30126,32.696
30158,31.834
30189,31.517
30221,31.535
30252,31.358
30284,31.222
30315,31.494
30347,31.111
30378,31.468
30410,31.992
30441,31.119
30473,31.603
30505,31.47
30539,33.807
30570,31.686
30602,31.129
30633,31.3
30664,30.954
30695,31.052
30727,31.653
30758,31.029
30790,31.126
30821,30.909
30852,31.178
30883,31.471
30915,30.98
30946,31.139
30977,30.98
31008,31.032
31041,32.446
31072,31.047
31103,31.292
31134,30.944
31165,31.004
31197,31.119
31228,30.952
31259,30.992
31290,31.262
31321,31.141
31353,31.275
31384,31.029
31415,31.148
31446,30.923
31479,32.848
31512,33.098
31545,32.935
31577,31.204
31608,30.83
31639,31.147
31670,31.289
31701,30.766
31732,31.121
31764,31.425
31795,31.301
31827,31.676
31859,31.676
31891,31.9
31924,33.289
31958,33.88
31990,31.67
32023,33.384
32056,32.167
32087,31.099
32119,31.47
32150,31.688
32182,31.371
32213,31.141
32244,31.091
32278,33.332
32311,33.262
32343,32.324
32377,33.609
32410,32.951
32441,31.052
32473,31.133
32504,31.007
32535,31.528
32567,31.253
32598,31.279
32631,33.028
32663,31.294
32695,31.995
32726,31.55
32758,31.555
32789,30.965
32821,31.378
32852,31.07
32884,32.188
32915,31.135
32947,31.367
32980,33.576
33012,31.619
33043,31.28
33075,31.058
33105,30.67
33136,30.71
33167,30.903
33198,30.998
33229,30.955
33262,32.763
33294,31.341
33325,30.766
33355,30.762
33386,30.83
33419,32.617
33450,31.237
33485,34.21
33520,35.348
33552,32.241
33585,32.39
33617,32.398
33650,32.012
33683,32.988
33716,33.396
33748,31.732
33779,30.947
33810,31.078
33842,31.483
33873,31.157
33904,31.197
33943,38.018
33974,31.319
34006,32.055
34038,31.377
34069,31.74
34102,32.924
34137,33.932
34169,31.96
34200,31.342
34231,31.213
34267,35.594
34302,34.904
34334,32.031
34367,32.588
34398,30.93
34431,32.547
34463,32.512
34495,31.238
34526,31.095
34557,30.793
34588,30.881
34619,30.906
34650,31.385
34683,32.97
34715,31.448
34746,31.235
34778,31.458
34809,30.999
34840,31.079
34872,31.426
34903,31.012
34934,30.891
34965,30.9
34996,31.335
35027,31.197
35059,31.325
35090,30.96
35121,31.022
35152,31.247
35184,31.213
35215,31.338
35246,31.146
35278,31.729
35309,31.1
35341,31.066
35372,31.217
35404,31.508
35435,31.037
35466,31.483
35497,31.128
35529,31.395
35561,31.724
35592,31.411
35624,31.465
35656,31.849
35687,31.367
35720,32.506
35752,31.71
35783,31.449
35815,31.694
35847,32.152
35879,31.484
35912,33.303
35944,31.448
35975,31.332
36007,31.281
36039,31.827
36070,31.191
36101,31.075
36133,31.615
36164,31.409
36196,31.886
36229,31.991
36260,31.812
36292,31.386
36324,32.383
36357,32.428
36389,31.539
36420,30.998
36451,31.194
36482,31.054
36513,31.145
36545,31.339
36576,30.612
36607,31.063
36638,31.29
36670,31.322
36701,31.039
36733,31.782
36765,32.419
36796,30.836
36827,30.97
36860,32.534
36910,49.742
36954,44.157
36985,31.307
37017,31.659
37048,31.154
37080,31.39
37111,31.275
37142,30.978
37174,31.151
37205,31.399
37236,31.113
37269,32.119
37301,31.924
37333,31.869
37364,31.062
37395,31.5
37429,33.193
37460,31.405
37493,32.515
37525,32.0
37559,33.844
37592,32.917
37624,32.178
37655,31.079
37687,31.322
37717,30.831
37749,31.195
37782,32.71
37813,31.109
37844,31.064
37877,32.933
37908,31.162
37944,35.535
37976,31.651
38007,30.85
38037,30.811
38068,30.762
38101,32.963
38133,31.742
38164,30.932
38195,31.017
38226,30.724
38257,30.952
38288,31.059
38320,31.173
38351,31.702
38385,33.113
38417,31.763
38448,31.25
38479,31.363
38511,31.347
38542,30.727
38575,32.833
38606,31.641
38638,31.163
38670,31.893
38701,31.388
38733,31.606
38768,35.169
38800,31.878
38832,31.724
38864,31.685
38895,31.461
38927,31.996
38959,31.901
38991,31.954
39023,31.128
39054,31.558
39088,33.951
39121,32.255
39153,32.1
39187,33.989
39218,31.349
39253,34.177
39287,34.251
39319,32.205
39351,31.179
39383,32.787
39415,31.95
39450,33.992
39483,32.936
39515,32.024
39546,31.664
39579,32.473
39610,31.26
39643,32.409
39675,32.079
39707,31.4
39738,31.49
39769,31.168
39801,31.837
39835,33.888
39867,31.399
39899,31.655
39930,31.712
39962,31.739
39993,31.139
40025,31.188
40056,31.379
40088,31.412
40119,31.225
40151,31.833
40182,31.225
40214,31.629
40245,31.427
40278,32.186
40310,32.511
40342,31.474
40374,31.748
40406,31.612
40437,31.166
40469,32.187
40501,31.888
40533,31.519
40564,31.261
40595,31.229
40627,31.063
40659,32.599
40692,32.317
40724,31.943
40756,31.872
40787,31.53
40819,32.005
40851,31.457
40883,31.676
40915,31.801
40946,31.829
40980,33.575
41012,31.47
41044,31.874
41076,32.238
41107,31.31
41139,31.28
41172,32.658
41203,31.651
41236,32.919
41269,32.384
41301,32.184
41333,31.807
41365,31.8
41396,31.545
41428,31.245
41460,32.006
41491,31.413
41523,30.99
41554,31.394
41585,30.908
41617,31.411
41648,31.691
41680,31.605
41712,31.518
41743,31.153
41775,31.581
41807,32.34
41838,31.113
41873,34.625
41904,31.162
41936,32.078
41968,31.716
42000,31.194
42033,33.814
42064,30.259
42098,33.871
42128,30.477
42161,32.571
42195,34.486
42226,30.246
42258,32.388
42292,34.252
42324,31.579
42357,33.328
42393,35.138
42425,32.63
42457,32.052
42491,32.996
42522,31.331
42553,31.062
42586,32.723
42617,31.376
42649,31.236
42680,31.148
42712,31.566
42744,32.617
42775,31.009
42808,33.029
42840,31.365
42871,31.458
42905,33.722
42937,32.216
42971,33.932
43003,31.707
43034,31.076
43065,30.834
43096,30.655
43126,30.371
43158,32.057
43190,31.376
43221,31.104
43252,30.863
43282,30.635
43315,32.744
43347,31.64
43378,31.505
43411,32.741
43442,30.873
43472,30.46
43503,30.917
43537,33.495
43569,31.721
43602,32.882
43634,31.886
43667,32.871
43698,31.38
43729,31.191
43761,32.0
43794,32.537
43826,31.777
43857,31.135
43888,31.013
43919,31.091
43950,31.027
43981,30.631
44012,30.545
44042,30.526
44077,34.834
44110,32.156
44140,30.495
44171,30.788
44202,30.997
44234,31.964
44265,30.943
44298,32.631
44330,31.736
44362,32.09
44394,31.686
44425,31.582
44457,31.924
44489,31.587
44520,31.033
44551,30.939
44583,31.85
44615,31.64
44647,32.053
44679,31.661
44711,31.927
44742,31.767
44775,32.638
44814,39.145
44847,32.369
44878,31.227
44911,32.498
44942,31.282
44974,32.421
45006,31.693
45039,32.222
45069,30.631
45100,30.737
45131,31.063
45163,31.781
45195,31.966
45227,32.002
45259,31.78
45291,31.935
45323,31.515
45355,32.106
45386,31.389
45418,31.849
45450,31.854
45481,31.208
45513,31.608
45545,31.687
45576,30.91
45607,30.881
45638,31.002
45669,30.657
45701,32.247
45732,31.421
45763,30.824
45794,31.139
45827,32.042
45866,38.935
45900,33.86
45931,31.74
45963,31.387
45995,32.068
46026,30.787
46056,30.435
46088,31.188
46120,32.041
46151,31.319
46184,32.701
46216,31.621
46248,31.905
46282,34.425
46313,31.012
46344,31.185
46376,31.208
46408,31.72
46439,31.777
46471,31.141
46501,30.629
46532,30.972
46564,31.495
46595,31.332
46626,30.209
46657,31.717
46689,31.806
46721,31.897
46752,30.808
46784,32.26
46816,31.435
46847,30.971
46878,30.519
46909,31.076
46940,30.821
46970,30.07
47008,38.117
47039,30.43
47069,29.972
47101,31.985
47131,30.064
47163,31.755
47193,30.715
47226,32.51
47258,31.847
47290,31.584
47321,31.165
47353,31.865
47386,32.802
47421,35.15
47452,31.592
47483,30.896
47515,31.463
47548,33.009
47580,31.578
47611,30.917
47642,30.966
47675,32.775
47707,32.011
47739,32.366
47770,31.109
47804,33.993
47836,32.117
47867,30.924
47900,32.69
47931,30.888
47962,30.468
47995,32.777
48026,31.734
48059,32.743
48095,35.32
48127,32.738
48158,30.927
48190,30.992
48220,30.767
48251,30.929
48282,30.927
48316,33.41
48347,31.173
48379,31.899
48412,32.95
48443,30.611
48475,32.379
48506,31.054
48537,31.051
48570,31.967
48602,32.035
48634,32.467
48666,31.386
48699,32.839
48731,32.475
48763,31.553
48794,30.756
48825,30.918
48856,31.269
48888,32.482
48919,30.652
48950,30.926
48981,31.36
49013,31.371
49044,31.329
49075,30.641
49105,30.458
49136,30.833
49168,31.242
49200,32.023
49230,30.729
49261,30.96
49292,30.914
49323,31.0
49355,31.31
49386,30.759
49417,30.767
49447,30.875
49479,31.172
49510,31.664
49545,34.024
49576,30.987
49608,32.444
49639,30.904
49670,30.898
49701,31.219
49733,31.11
49764,31.148
49795,31.155
49826,31.13
49857,31.091
49889,31.306
49919,30.621
49951,31.03
49982,30.916
50015,32.95
50046,31.217
50077,31.3
50108,30.818
50140,32.268
50173,32.14
50204,31.574
50237,32.914
50269,31.649
50301,31.588
50334,33.334
50367,32.364
50398,31.622
50430,31.544
50461,30.823
50492,31.211
50524,31.786
50554,30.368
50588,34.071
50621,32.612
50653,32.207
50685,31.333
50717,32.373
50754,36.721
50786,32.341
50820,33.291
50857,37.232
50890,32.274
50922,32.599
50954,31.69
50985,30.856
51017,31.929
51048,31.305
51079,30.86
51110,30.684
51141,30.674
51171,30.496
51203,31.182
51233,30.394
51264,30.487
51294,30.664
51327,32.821
51358,31.066
51389,30.778
51419,30.218
51451,31.559
51483,31.991
51516,32.357
51550,34.77
51584,33.621
51615,30.551
51645,30.391
51676,30.4
51706,30.463
51739,32.598
51771,31.489
51801,30.688
51832,30.514
51865,32.532
51898,33.451
51929,30.633
51962,32.283
51993,31.249
52024,30.98
52055,31.089
52086,31.015
52117,30.718
52150,32.351
52181,31.383
52213,31.078
52244,31.039
52276,31.799
52306,30.392
52338,32.109
52372,33.2
52403,30.619
52434,30.95
52464,30.826
52495,30.531
52526,30.723
52556,30.309
52587,30.487
52617,30.398
52648,30.511
52683,34.612
52713,30.513
52744,30.551
52774,30.228
52805,30.176
52835,30.534
52866,30.59
52896,30.599
52927,30.664
52958,30.792
52989,30.567
53019,30.439
53050,30.5
53082,32.187
53113,30.476
53143,30.455
53174,30.453
53204,30.45
53235,30.566
53267,32.146
53299,31.136
53329,30.43
53360,30.588
53391,30.874
53422,30.854
53453,30.969
53484,30.716
53514,30.755
53545,30.485
53575,30.11
53606,30.53
53636,30.25
53667,30.644
53698,31.111
53729,30.878
53760,30.436
53790,30.536
53821,30.524
53852,30.6
53882,30.373
53913,31.125
53944,31.018
53975,30.918
54006,30.63
54037,30.803
54068,31.144
54099,30.84
54130,30.659
54161,30.971
54192,31.107
54223,30.939
54254,30.817
54285,31.009
54317,31.265
54348,30.717
54379,31.134
54410,31.322
54442,31.171
54472,30.621
54503,30.606
54534,30.677
54565,30.897
54595,30.583
54627,31.073
54657,30.713
54688,30.441
54718,30.177
54748,30.16
54779,30.296
54810,31.149
54841,30.637
54871,30.567
54902,30.341
54938,36.036
54969,30.977
55000,30.612
55031,30.871
55063,32.554
55094,30.922
55126,31.554
55157,31.023
55188,30.695
55222,34.44
55253,30.82
55290,36.781
55322,31.597
55353,31.092
55385,31.887
55417,31.388
55447,30.724
55478,30.694
55508,30.145
55538,29.914
55569,30.082
55599,30.387
55630,30.596
55660,30.342
55691,30.686
55721,30.213
55752,30.923
55783,30.246
55813,30.065
55843,30.05
55873,30.264
55904,30.259
55935,31.11
55965,30.476
55996,30.509
56027,30.696
56057,30.516
56088,30.401
56119,30.453
56149,30.321
56180,30.585
56210,30.422
56241,30.685
56271,30.478
56308,35.985
56338,30.543
56370,31.296
56400,30.733
56431,30.387
56461,30.361
56492,30.639
56523,30.875
56554,31.021
56585,30.563
56615,30.615
56646,30.513
56677,30.569
56707,30.298
56738,30.931
56769,30.325
56801,31.975
56833,32.03
56864,31.351
56895,30.568
56927,31.544
56957,30.684
56991,33.618
57022,30.616
57055,33.241
57087,31.461
57117,29.932
57147,30.343
57180,32.469
57213,33.308
57247,33.513
57279,32.043
57312,32.795
57344,32.261
57375,31.264
57409,33.963
57443,33.549
57475,31.656
57508,32.606
57540,31.873
57572,32.267
57602,30.368
57633,30.303
57663,30.356
57695,31.485
57727,32.254
57760,32.697
57790,30.566
57821,30.258
57851,29.873
57881,30.368
57911,29.808
57942,30.303
57974,32.205
58005,30.629
58037,32.012
58070,32.913
58101,31.116
58132,30.624
58162,30.35
58193,30.518
58224,30.855
58254,30.527
58285,30.694
58316,31.135
58347,30.453
58378,31.278
58409,30.212
58440,30.909
58470,30.788
58501,30.625
58531,30.286
58562,30.521
58594,31.827
58625,30.851
58656,30.601
58686,30.603
58717,30.419
58748,30.714
58778,30.454
58809,30.847
58841,32.007
58872,30.743
58902,30.252
58934,31.568
58965,30.592
58996,30.975
59026,30.553
59057,30.718
59088,30.6
59119,30.642
59151,32.353
59183,31.489
59213,30.437
59244,30.792
59276,32.251
59307,30.835
59340,32.457
59371,31.02
59401,30.337
59432,30.793
59463,30.311
59494,31.338
59525,31.286
59556,30.674
59589,32.791
59621,31.831
59652,31.307
59684,31.207
59715,31.263
59750,34.811
59781,31.348
59813,31.547
59844,31.063
59876,31.899
59907,30.903
59937,30.228
59971,33.821
60005,33.453
60038,32.874
60071,33.417
60105,33.359
60139,33.989
60172,33.344
60204,31.456
60238,33.669
60269,31.63
60300,30.046
60331,31.413
60362,30.69
60393,30.682
60423,30.285
60454,30.433
60483,29.849
60514,30.056
60544,30.453
60575,30.575
60605,30.418
60636,30.414
60666,30.207
60696,30.148
60727,30.115
60757,30.734
60788,30.772
60819,30.78
60849,30.17
60881,31.549
60912,30.321
60943,31.002
60973,30.332
61004,30.583
61034,30.082
61068,34.15
61099,30.692
61133,34.223
61167,33.422
61201,34.589
61237,35.725
61269,32.024
61301,31.547
61333,31.596
61366,33.504
61397,30.886
61431,33.343
61463,31.609
61496,33.492
61530,33.322
61561,31.549
61596,34.343
61629,33.584
61664,34.296
61697,33.649
61732,34.25
61766,33.79
61800,34.568
61834,33.158
61868,34.485
61899,30.363
61935,35.868
61966,31.485
61998,31.872
62030,32.271
62061,30.411
62093,32.262
62126,32.782
62158,31.258
62188,30.256
62218,29.93
62248,30.47
62279,30.437
62310,30.49
62340,30.356
62370,30.4
62401,30.66
62432,31.131
62463,30.331
62495,31.753
62527,32.364
62558,30.42
62589,31.377
62620,31.297
62652,31.134
62683,31.133
62714,31.125
62745,30.884
62776,31.286
62810,32.967
62843,33.649
62875,31.312
62906,31.106
62936,30.11
62967,30.93
62998,30.333
63028,30.417
63059,30.63
63090,30.965
63121,31.395
63154,32.603
63186,31.659
63217,30.796
63248,31.009
63280,31.923
63311,30.792
63342,30.75
63373,31.412
63404,30.655
63435,31.062
63465,30.349
63496,30.951
63529,32.0
63559,30.602
63590,30.249
63620,30.478
63651,30.426
63681,30.2
63713,31.662
63744,31.139
63775,30.996
63805,30.317
63836,30.248
63867,30.655
63898,30.958
63930,32.075
63960,30.577
63990,29.73
64020,29.945
64050,30.011
64081,30.335
64113,31.855
64143,30.408
64173,30.042
64204,30.07
64234,30.41
64264,29.916
64297,32.301
64328,31.036
64358,30.616
64389,30.32
64419,29.892
64450,30.781
64480,30.644
64511,30.355
64541,30.472
64573,31.926
64604,30.58
64634,30.057
64665,30.483
64695,29.872
64725,30.23
64756,30.849
64787,31.13
64819,31.304
64849,30.406
64880,31.024
64911,30.377
64941,30.662
64972,30.793
65003,30.658
65034,30.674
65065,31.029
65096,31.116
65127,30.743
65157,29.681
65188,30.664
65218,30.431
65249,31.051
65281,31.462
65312,31.56
65343,30.705
65374,31.083
65406,31.204
65437,30.714
65467,30.702
65503,35.334
65533,30.361
65563,29.945
65594,30.137
65624,30.095
65662,38.293
65698,35.919
65729,30.93
65762,32.28
65798,36.494
65830,32.002
65861,30.59
65894,32.994
65925,31.065
65956,30.36
65986,30.392
66017,30.533
66047,30.553
66078,30.119
66108,30.231
66138,30.342
66170,31.75
66202,31.651
66233,30.527
66263,30.294
66295,31.859
66326,30.456
66356,30.726
66387,30.452
66417,30.119
66448,30.351
66478,30.805
66511,32.423
66541,30.358
66574,31.998
66604,30.667
66635,30.404
66665,30.096
66695,30.153
66726,30.216
66757,31.414
66788,30.505
66819,30.649
66849,30.7
66882,33.015
66913,30.267
66945,32.207
66977,32.191
67010,32.772
67042,31.768
67073,31.162
67106,32.357
67138,32.34
67169,31.18
67202,32.994
67235,32.312
67266,30.626
67300,34.061
67333,33.255
67366,32.628
67397,30.771
67428,31.057
67460,32.036
67492,31.77
67523,31.245
67555,31.101
67585,30.737
67616,30.595
67649,32.205
67680,30.947
67712,32.0
67744,31.799
67774,30.56
67805,30.532
67836,30.428
67867,31.564
67898,30.215
67929,30.644
67960,31.101
67992,32.282
68023,30.978
68055,31.973
68088,32.453
68120,31.503
68152,32.507
68184,31.439
68215,31.304
68247,31.606
68278,31.001
68309,30.901
68341,31.233
68372,31.037
68403,31.336
68434,30.948
68465,30.436
68495,30.444
68525,29.987
68556,30.358
68586,30.298
68617,30.489
68647,29.767
68677,30.22
68707,30.222
68738,30.146
68768,30.137
68798,30.092
68829,30.667
68860,30.504
68890,30.416
68920,30.325
68950,29.9
68981,30.089
69011,30.445
69042,30.328
69076,34.705
69107,30.212
69138,30.756
69168,30.615
69199,30.712
69230,30.159
69260,29.879
69289,29.636
69319,30.134
69350,30.353
69381,30.695
69411,30.554
69442,30.631
69473,30.405
69505,31.94
69536,31.404
69567,30.284
69597,30.274
69627,30.105
69658,30.286
69688,29.852
69718,30.713
69751,32.248
69781,30.563
69812,30.589
69843,30.496
69873,30.608
69904,30.417
69935,30.58
69965,30.349
69996,30.507
70026,30.219
70056,30.354
70087,30.24
70117,30.413
70148,30.427
70178,30.444
70209,30.576
70240,30.422
70270,30.255
70300,30.098
70330,30.13
70360,29.727
70390,30.087
70422,31.272
70452,30.115
70482,29.79
70512,30.187
70542,30.129
70572,29.991
70603,30.237
70633,30.049
70665,31.754
70696,30.742
70728,31.891
70758,30.103
70788,29.958
70818,30.177
70848,29.797
70878,30.013
70908,30.161
70939,29.952
70969,29.942
70999,29.844
71029,30.712
71061,31.166
71091,30.085
71122,30.786
71152,30.655
71183,30.422
71213,30.26
71244,30.189
71274,30.546
71304,29.795
71334,30.085
71365,30.145
71395,29.986
71425,30.121
71455,30.204
71486,30.448
71516,30.26
71547,30.528
71577,30.427
71608,30.089
71638,29.986
71668,30.202
71698,30.104
71729,30.179
71759,30.123
71789,30.314
71820,31.125
71850,29.952
71880,29.922
71912,31.415
71942,30.169
71972,29.471
72002,29.824
72032,29.829
72062,29.865
72092,30.133
72122,30.166
72152,29.882
72182,29.547
72212,29.614
72241,29.63
72271,29.71
72301,29.792
72332,31.265
72362,29.714
72392,29.88
72422,29.93
72453,30.214
72484,31.693
72516,31.35
72547,31.033
72577,30.042
72607,30.03
72638,30.435
72668,30.175
72698,29.656
72727,29.522
72757,29.768
72790,32.067
72820,30.739
72853,32.495
72884,30.763
72914,30.269
72945,30.36
72975,30.147
73005,30.185
73037,31.442
73068,30.88
73098,30.127
73130,32.131
73160,30.176
73190,29.88
73221,30.017
73250,29.732
73281,30.099
73310,29.821
73341,30.054
73371,30.083
73401,29.672
73431,29.819
73461,30.129
73492,30.964
73525,32.59
73558,33.152
73589,30.981
73621,32.342
73653,31.781
73693,39.9
73725,31.198
73756,31.63
73787,30.422
73817,30.424
73848,30.287
73879,30.884
73910,30.683
73940,30.734
73974,33.232
74005,31.599
74038,32.002
74070,32.181
74101,31.274
74133,32.102
74167,33.712
74199,31.406
74229,30.145
74259,30.159
74290,30.62
74322,32.043
74352,30.162
74383,30.446
74414,30.62
74447,33.373
74480,32.7
74511,31.291
74543,31.928
74576,32.859
74610,33.124
74641,31.545
74672,30.745
74703,30.583
74733,30.022
74763,29.999
74793,30.227
74823,30.12
74854,30.606
74885,30.335
74915,29.871
74945,29.872
74974,29.641
75004,29.943
75035,31.084
75066,30.52
75096,30.252
75127,30.42
75158,30.594
75188,30.154
75219,31.042
75250,30.894
75281,30.526
75314,33.586
75345,30.723
75376,30.567
75406,30.004
75437,30.419
75467,30.604
75498,30.67
75529,30.348
75560,30.903
75590,30.113
75621,31.182
75652,30.437
75683,30.889
75713,30.412
75744,30.908
75775,30.593
75805,30.187
75840,35.01
75872,32.097
75903,30.405
75933,30.271
75964,30.21
75994,30.2
76024,30.166
76056,31.271
76086,30.163
76116,30.229
76147,30.248
76177,29.855
76206,29.805
76240,33.847
76271,30.817
76302,30.246
76333,30.924
76367,34.356
76397,30.001
76427,29.899
76458,30.374
76488,30.2
76518,30.153
76550,31.794
76582,31.797
76613,30.788
76643,30.282
76674,30.543
76706,31.47
76736,30.09
76766,30.139
76798,31.479
76828,30.013
76860,32.476
76891,30.338
76924,32.696
76954,30.549
76987,32.23
77017,30.529
77048,30.867
77079,30.56
77111,32.027
77141,30.375
77172,30.671
77203,30.497
77234,31.497
77265,30.396
77295,30.346
77326,30.145
77356,30.603
77387,30.15
77417,30.171
77447,30.064
77479,31.64
77509,29.908
77539,29.666
77568,29.581
77598,29.696
77629,30.515
77661,31.781
77692,30.937
77722,29.931
77751,29.653
77782,30.142
77812,30.398
77843,30.184
77873,30.142
77903,30.016
77935,31.656
77965,30.473
77996,30.27
78026,29.995
78056,29.907
78086,30.563
78117,30.428
78147,30.096
78177,30.033
78208,30.288
78238,30.05
78268,30.277
78299,30.617
78329,30.154
78360,30.3
78390,30.199
78420,30.013
78450,30.169
78480,29.936
78511,30.183
78541,30.458
78572,30.882
78603,31.093
78634,30.265
78664,29.986
78695,30.688
78725,30.536
78755,30.048
78787,31.159
78818,30.723
78847,29.896
78878,30.9
78909,30.039
78940,30.867
78970,30.324
79001,30.669
79032,30.629
79063,31.748
79094,30.712
79125,30.573
79156,30.687
79186,30.356
79217,30.393
79247,30.215
79278,30.363
79308,30.445
79339,30.837
79369,29.668
79398,29.578
79429,30.772
79460,30.716
79491,30.562
79521,30.35
79552,30.888
79583,30.077
79613,30.258
79644,30.594
79675,30.839
79705,30.294
79735,30.294
79766,30.35
79795,29.539
79826,30.554
79858,31.276
79888,30.405
79918,29.9
79948,30.16
79978,29.354
80008,29.704
80038,30.406
80069,30.617
80099,30.247
80134,34.862
80164,30.079
80194,29.519
80224,29.855
80254,29.917
80284,30.264
80314,29.608
80344,29.862
80374,29.868
80403,29.228
80433,29.937
80463,30.004
80493,29.526
80523,29.673
80552,29.481
80582,29.332
80612,29.576
80641,29.643
80671,29.892
80701,29.833
80731,29.883
80762,30.884
80792,29.781
80822,30.069
80852,29.96
80883,30.15
80913,30.435
80944,30.794
80975,30.429
81005,29.828
81035,30.31
81067,31.519
81097,30.713
81128,30.149
81157,29.746
81188,30.507
81219,31.194
81249,29.982
81279,29.312
81309,30.09
81339,30.272
81371,31.647
81401,29.798
81440,30.001
81471,30.277
81501,30.457
81533,32.038
81565,30.993
81596,30.939
81626,30.024
81656,30.542
81687,30.76
81718,30.282
81748,30.278
81779,31.0
81812,32.566
81843,31.269
81874,30.424
81904,30.451
81935,30.661
81981,46.045
82012,30.645
82043,30.467
82074,31.104
82106,31.854
82136,30.516
82166,29.965
82197,29.987
82227,30.084
82259,31.901
82289,30.532
82319,29.706
82349,29.911
82379,29.419
82408,29.512
82438,29.931
82468,29.275
82499,31.225
82529,29.893
82559,29.278
82588,29.789
82618,29.281
82648,29.809
82677,29.659
82708,30.05
82737,29.689
82769,31.333
82800,31.222
82831,30.623
82861,29.812
82895,33.899
82925,29.84
82955,29.885
82986,30.625
83015,29.183
83045,30.417
83076,30.6
83107,30.492
83137,29.882
83169,31.796
83199,30.199
83230,31.334
83261,30.903
83292,30.498
83322,30.395
83353,30.365
83383,30.362
83414,30.224
83444,30.177
83475,30.762
83505,30.327
83537,31.23
83567,30.319
83597,30.109
83628,30.464
83658,30.278
83691,32.971
83722,30.215
83752,29.788
83783,31.533
83813,29.773
83843,30.08
83876,32.611
83908,32.43
83939,30.126
83969,30.507
83999,29.958
84030,30.03
84059,29.699
84089,29.902
84120,30.396
84150,29.75
84180,30.596
84211,30.288
84242,31.292
84273,30.687
84303,30.069
84333,29.411
84363,29.829
84393,29.748
84423,30.096
84453,29.822
84483,30.161
84513,29.696
84543,29.856
84573,30.149
84603,29.643
84633,29.853
84663,30.18
84693,30.084
84723,29.972
84753,29.982
84783,30.091
84813,29.779
84843,29.822
84873,30.007
84904,30.057
84934,30.392
84964,29.736
84994,30.133
85024,29.82
85054,30.074
85084,30.135
85114,29.977
85145,30.317
85176,30.931
85206,30.127
85236,29.913
85266,29.93
85297,30.762
85327,29.96
85358,31.118
85389,30.153
85419,30.254
85449,30.024
85480,30.387
85510,29.93
85540,30.113
85570,29.767
85600,29.882
85629,29.546
85659,29.189
85689,29.913
85718,29.615
85748,29.522
85777,29.312
85807,29.326
85837,29.775
85866,29.766
85897,30.569
85927,30.157
85957,29.723
85987,29.301
86016,29.718
86048,31.065
86078,30.153
86108,29.752
86137,29.463
86168,31.029
86198,29.66
86228,30.176
86260,31.424
86290,30.273
86321,30.41
86352,31.492
86383,30.807
86414,30.492
86444,29.826
86474,29.686
86504,29.859
86534,29.861
86564,29.691
86593,29.17
86622,29.471
86652,29.7
86682,29.753
86712,29.466
86741,29.289
86771,29.575
86800,29.462
86832,31.291
86862,30.507
86892,29.497
86923,30.352
86953,29.9
86982,29.848
87012,29.827
87042,29.505
87072,29.73
87102,29.898
87132,30.015
87163,30.954
87193,29.779
87223,29.976
87254,31.03
87285,30.308
87315,30.422
87348,32.111
87378,30.197
87408,29.948
87438,29.706
87467,29.14
87497,29.616
87526,29.589
87556,29.501
87586,29.977
87616,29.49
87645,29.478
87675,29.621
87705,29.593
87734,29.667
87764,29.381
87793,29.491
87823,29.644
87853,29.472
87883,29.704
87912,29.554
87942,29.871
87972,29.918
88002,29.419
88031,29.27
88061,30.025
88092,30.397
88122,30.639
88153,30.769
88185,31.114
88215,30.51
88246,30.818
88277,30.529
88307,29.906
88336,29.546
88372,35.276
88401,29.41
88431,29.581
88460,29.327
88490,29.186
88519,29.39
88549,29.737
88579,29.85
88609,29.827
88639,29.844
88669,29.828
88699,29.924
88729,29.671
88758,29.601
88788,29.532
88818,29.662
88847,29.769
88877,29.481
88907,29.75
88936,29.417
88967,30.162
88997,29.923
89027,30.163
89058,30.691
89088,30.479
89118,29.646
89148,29.654
89177,29.532
89208,30.44
89238,30.302
89268,29.814
89298,29.71
89327,29.204
89357,29.537
89387,30.126
89417,29.279
89446,29.518
89477,30.217
89506,29.692
89536,29.608
89566,29.671
89596,29.741
89625,29.285
89655,29.81
89686,30.694
89716,29.936
89746,30.1
89776,30.333
89807,30.521
89838,30.376
89868,30.084
89899,30.77
89929,30.069
89959,30.301
89989,29.992
90020,31.071
90051,30.801
90083,31.386
90114,30.902
90144,30.309
90175,30.827
90206,30.334
90236,30.593
90266,30.08
90296,29.965
90326,29.705
90356,29.899
90386,29.871
90416,29.888
90446,29.759
90476,29.779
90506,29.52
90535,29.476
90565,29.349
90598,33.259
90628,29.822
90658,29.744
90687,29.362
90717,29.874
90747,29.606
90777,30.122
90808,31.206
90840,30.752
90870,30.298
90901,30.113
90931,30.386
90962,31.007
90993,30.437
91025,32.625
91057,31.05
91087,30.633
91118,30.492
91148,30.392
91179,30.549
91208,29.465
91238,29.392
91269,30.945
91299,30.206
91329,29.655
91359,29.898
91389,29.751
91418,29.151
91448,29.675
91478,29.859
91507,29.579
91539,31.318
91569,30.009
91598,29.425
91628,29.668
91658,29.265
91688,29.864
91717,29.33
91746,29.476
91777,30.777
91807,29.426
91837,29.621
91866,29.116
91895,29.446
91926,30.422
91955,29.521
91985,29.341
92015,30.014
92045,30.059
92075,30.169
92106,30.946
92136,29.84
92167,30.593
92197,30.21
92230,32.932
92260,29.901
92290,29.92
92320,29.271
92350,29.82
92379,29.75
92411,31.884
92442,30.324
92471,29.563
92501,29.949
92532,30.124
92563,30.906
92593,30.202
92623,30.024
92653,30.021
92683,29.694
92713,29.944
92743,29.53
92772,29.709
92802,29.299
92833,30.909
92862,29.541
92892,29.501
92922,29.7
92952,29.761
92981,29.391
93012,30.838
93042,29.657
93072,29.788
93102,30.048
93133,30.617
93163,30.257
93193,29.966
93223,30.113
93253,29.672
93283,30.072
93313,29.851
93343,29.874
93373,29.79
93402,29.246
93432,29.721
93462,29.973
93492,29.665
93522,29.89
93552,30.006
93582,30.058
93612,29.98
93642,29.696
93671,29.334
93701,29.572
93731,30.012
93761,29.422
93790,29.225
93820,29.881
93850,29.603
93879,28.954
93908,29.329
93939,31.097
93970,30.336
93999,29.32
94029,29.986
94060,30.872
94091,30.733
94121,30.228
94151,29.579
94181,29.723
94210,29.383
94240,29.82
94269,29.317
94300,30.86
94331,30.372
94360,29.351
94390,29.668
94420,29.456
94450,29.912
94479,29.441
94509,30.029
94539,29.461
94569,29.922
94598,29.323
94628,29.38
94658,29.642
94687,29.671
94717,29.472
94746,29.401
94777,30.118
94806,29.636
94836,29.161
94865,29.376
94895,30.217
94926,30.178
94956,30.088
94987,30.982
95018,30.652
95048,29.88
95078,29.706
95108,30.279
95138,30.326
95168,29.512
95197,29.153
95227,29.785
95257,29.45
95287,29.982
95316,29.533
95346,29.934
95376,29.368
95406,29.639
95435,29.231
95465,29.961
95495,29.678
95525,29.923
95555,29.55
95584,29.445
95614,29.554
95644,29.732
95673,29.016
95702,29.017
95733,30.948
95763,29.614
95793,29.862
95821,28.71
95850,28.966
95882,31.703
95913,30.194
95942,29.097
95971,28.626
95999,28.814
96030,30.538
96060,29.926
96089,29.131
96119,29.535
96149,29.621
96178,29.236
96208,29.534
96239,31.281
96269,30.026
96299,29.858
96329,29.521
96359,29.607
96388,29.553
96418,29.854
96448,29.906
96478,29.361
96509,31.457
96539,30.072
96570,29.997
96599,29.529
96629,29.466
96659,30.07
96690,30.498
96720,30.226
96752,31.639
96782,30.617
96813,30.391
96844,30.702
96874,30.083
96904,29.811
96933,29.544
96963,29.492
96995,31.641
97025,29.679
97055,29.951
97084,29.22
97114,29.647
97143,29.641
97173,29.295
97202,29.438
97234,31.226
97263,29.674
97293,29.435
97322,29.116
97352,29.562
97381,29.305
97410,29.144
97441,30.838
97471,29.767
97501,29.62
97534,32.684
97563,29.24
97593,29.598
97622,29.334
97652,29.987
97682,29.929
97717,35.009
97748,30.217
97777,29.203
97806,29.167
97835,29.231
97865,29.267
97894,29.476
97923,29.112
97953,29.228
97985,32.127
98014,29.237
98049,30.867
98078,28.769
98107,29.376
98137,29.359
98166,29.555
98196,29.662
98225,29.024
98255,30.007
98285,29.327
98314,29.287
98343,29.415
98373,29.28
98402,29.291
98431,28.932
98461,29.892
98492,30.416
98521,29.052
98550,29.329
98579,29.154
98609,29.513
98639,30.394
98669,29.363
98699,29.742
98728,29.36
98757,29.014
98794,37.062
98829,34.044
98864,35.364
98893,29.376
98923,29.405
98952,29.35
98981,28.869
99011,29.561
99040,29.003
99070,29.348
99099,29.391
99128,29.368
99158,29.518
99188,30.013
99217,29.032
99247,29.428
99276,29.275
99307,30.683
99337,29.571
99365,28.591
99395,29.111
99423,28.732
99453,29.242
99482,29.166
99511,29.252
99540,29.112
99570,29.309
99599,29.376
99629,29.358
99659,29.636
99687,28.878
99717,28.927
99745,28.695
99774,28.521
99803,28.696
99831,28.633
99860,28.481
99889,28.6
99918,28.942
99946,28.612
99975,28.668
100004,28.79
100033,28.772
100062,29.118
100091,28.352
100119,28.823
100148,28.97
100177,28.792
100206,28.612
100235,28.817
100264,28.973
100292,28.373
100321,28.716
100350,28.862
100378,28.202
100407,28.434
100435,28.226
100464,28.379
100492,28.577
100521,28.605
100551,29.694
100580,28.86
100609,28.73
100638,29.255
100667,29.132
100696,29.057
100725,29.087
100755,29.347
100783,28.503
100812,28.449
100841,28.492
100869,28.329
100898,28.611
100926,28.702
100955,28.598
100984,29.259
101013,28.851
101043,29.041
101071,28.62
101100,28.997
101129,28.797
101158,28.812
101186,28.38
101217,30.331
101246,29.177
101276,29.32
101305,29.655
101335,29.717
101365,29.655
101394,29.334
101422,28.066
101451,28.71
101480,28.788
101509,29.322
101538,28.374
101568,30.248
101597,29.016
101626,28.437
101654,28.475
101683,28.478
101711,28.558
101740,28.9
101770,29.005
101798,28.833
101827,28.711
101856,28.831
101884,28.212
101913,28.273
101941,28.081
101969,28.603
101998,28.52
102027,28.659
102058,30.661
102087,28.947
102115,28.849
102145,29.069
102174,29.445
102204,29.317
102232,28.305
102262,29.943
102291,28.58
102319,28.409
102348,28.451
102376,28.688
102406,29.634
102435,28.697
102463,28.175
102491,28.022
102520,28.29
102548,28.615
102578,30.0
102607,28.963
102636,28.138
102664,28.468
102693,28.257
102721,28.653
102750,28.679
102780,29.457
102809,29.735
102841,31.139
102877,36.756
102908,30.025
102937,29.336
102967,29.661
102996,29.629
103025,28.997
103055,29.674
103094,39.131
103125,30.385
103155,30.298
103186,30.85
103217,30.361
103247,30.75
103277,29.858
103307,29.408
103337,29.721
103367,30.315
103397,29.425
103426,29.489
103456,29.619
103485,29.427
103515,29.575
103545,29.408
103574,29.545
103603,29.058
103632,28.934
103661,29.075
103691,29.027
103720,29.113
103749,29.316
103779,29.563
103808,28.858
103837,29.0
103866,29.097
103895,29.125
103924,28.915
103953,29.013
103983,29.209
104012,29.492
104041,29.181
104071,29.762
104101,29.512
104130,29.527
104160,29.748
104190,30.017
104220,29.564
104250,30.068
104280,29.429
104309,29.781
104339,29.83
104369,29.427
104402,32.992
104431,29.31
104461,29.599
104491,29.346
104522,31.035
104551,29.738
104581,29.123
104610,29.292
104639,29.283
104670,30.346
104699,29.451
104730,30.696
104760,29.766
104789,29.352
104818,28.768
104847,29.01
104876,29.144
104906,29.776
104936,29.284
104965,29.221
104995,29.5
105024,29.127
105054,30.148
105084,29.936
105113,29.321
105143,29.678
105173,30.044
105203,29.951
105233,29.282
105262,29.182
105291,29.271
105321,29.465
105350,29.584
105380,29.504
105409,29.048
105438,29.048
105467,28.832
105496,28.914
105526,29.467
105555,29.259
105584,29.505
105614,29.418
105643,29.208
105672,28.93
105702,29.544
105731,29.082
105763,31.725
105796,32.656
105828,32.027
105857,29.796
105888,30.149
105918,30.449
105948,29.647
105978,29.809
106008,30.454
106039,30.214
106069,30.463
106099,29.95
106129,29.385
106157,28.778
106187,29.125
106216,29.172
106247,30.992
106277,29.819
106306,29.141
106338,32.243
106368,29.202
106399,31.67
106428,28.892
106463,34.24
106495,32.585
106528,29.979
106560,32.168
106592,32.131
106624,32.146
106659,34.394
106691,32.253
106721,29.703
106754,32.856
106784,29.69
106815,31.226
106846,30.556
106877,31.894
106908,29.988
106937,29.066
106966,29.152
106996,29.689
107025,29.458
107056,30.321
107085,29.04
107113,28.627
107142,28.647
107171,28.678
107200,28.969
107228,28.472
107258,29.276
107288,30.633
107318,29.198
107347,28.965
107376,29.139
107405,28.787
107434,29.17
107463,29.219
107492,29.022
107523,30.588
107552,29.086
107581,28.622
107610,28.939
107640,29.704
107669,29.276
107700,30.749
107729,28.951
107757,28.262
107786,28.418
107815,28.727
107843,28.748
107874,30.461
107903,29.42
107933,29.193
107962,29.137
107991,29.013
108020,29.091
108049,29.137
108079,29.465
108108,29.06
108137,29.129
108166,29.02
108196,29.245
108225,29.479
108254,28.733
108283,28.963
108313,29.799
108342,28.993
108371,28.933
108399,28.539
108428,28.837
108459,30.485
108489,29.916
108519,30.332
108549,29.664
108579,29.996
108609,30.317
108639,29.324
108668,29.005
108697,28.937
108726,29.304
108756,29.552
108785,28.909
108814,29.264
108843,28.908
108875,32.22
108904,28.988
108933,28.987
108963,29.121
108992,29.731
109022,29.111
109051,29.149
109080,29.012
109109,29.042
109140,30.667
109169,29.73
109199,29.257
109228,29.188
109257,29.041
109287,30.235
109318,30.379
109348,29.522
109377,29.82
109407,29.079
109437,30.295
109469,31.351
109498,29.421
109529,30.645
109558,29.012
109587,28.765
109616,28.836
109645,29.305
109674,29.2
109704,29.207
109733,29.249
109762,29.27
109791,28.946
109821,29.146
109850,29.035
109879,28.897
109908,29.384
109937,28.866
109966,28.745
110002,36.067
110035,32.732
110064,28.918
110093,28.642
110122,29.064
110152,30.374
110181,28.862
110210,28.609
110239,28.923
110269,29.532
110300,30.936
110331,31.806
110360,28.907
110391,30.222
110421,30.599
110450,28.709
110479,28.833
110509,29.52
110538,28.989
110567,28.95
110596,29.165
110625,28.872
110654,29.393
110684,29.043
110715,30.999
110744,29.16
110773,29.049
110802,28.969
110831,29.182
110863,31.428
110892,29.5
110921,28.852
110951,29.791
110980,28.675
111010,30.022
111042,31.92
111072,29.485
111101,29.73
111131,29.265
111161,30.604
111192,30.881
111222,29.744
111252,29.528
111281,28.592
111309,28.773
111338,28.848
111369,30.704
111399,29.546
111428,29.138
111457,28.552
111486,29.521
111516,29.86
111547,31.271
111577,29.329
111606,28.75
111634,28.795
111663,28.816
111692,28.93
111724,31.121
111753,29.365
111782,29.012
111811,29.106
111840,28.903
111871,30.269
111901,30.156
111931,30.081
111961,29.739
111992,30.694
112026,34.244
112056,30.011
112085,29.276
112114,28.849
112144,29.183
112173,28.979
112201,28.634
112230,28.62
112260,29.851
112289,28.866
112318,29.188
112347,29.027
112376,28.991
112405,29.061
112435,29.048
112464,29.107
112493,29.06
112522,29.223
112551,29.014
112580,28.611
112609,28.739
112637,28.411
112666,28.39
112694,28.449
112723,29.121
112753,29.385
112782,29.311
112811,28.608
112840,29.346
112869,28.748
112898,28.476
112926,28.677
112956,29.851
112985,29.081
113014,28.857
113043,28.727
113073,29.595
113102,28.869
113132,29.991
113162,30.086
113192,29.644
113221,29.303
113250,29.212
113280,29.37
113309,29.124
113341,31.794
113370,29.279
113400,29.912
113431,30.078
113460,29.535
113489,28.843
113519,29.308
113548,29.478
113578,29.31
113607,29.011
113637,29.895
113666,29.132
113695,29.248
113725,30.11
113757,31.427
113787,29.547
113816,29.714
113846,29.469
113876,29.939
113906,29.707
113936,29.846
113965,29.779
113995,29.362
114025,30.098
114056,30.937
114085,28.69
114114,29.388
114143,28.846
114173,29.676
114202,28.979
114232,29.461
114261,29.04
114290,28.986
114320,30.13
114349,28.931
114379,30.044
114410,30.069
114439,28.962
114469,29.96
114498,29.351
114527,29.24
114557,29.497
114587,29.893
114616,28.932
114645,29.078
114674,29.085
114703,28.804
114732,28.968
114762,29.359
114790,28.631
114819,28.501
114848,28.595
114878,30.557
114907,28.791
114936,28.834
114967,30.586
114997,30.491
115027,30.113
115057,29.867
115088,30.393
115119,31.087
115149,29.657
115178,29.177
115209,30.853
115240,31.068
115270,29.524
115299,29.41
115330,30.707
115360,30.425
115390,29.761
115419,28.858
115448,28.511
115477,29.368
115506,29.135
115536,29.441
115565,29.381
115595,29.394
115624,29.309
115654,29.421
115683,29.285
115712,29.001
115742,29.214
115771,28.868
115800,28.981
115831,31.724
115862,30.309
115892,30.277
115921,28.861
115951,29.299
115980,29.887
116011,30.126
116040,29.332
116070,29.369
116100,30.268
116132,31.957
116165,32.481
116197,32.728
116228,30.28
116258,30.289
116290,31.327
116320,30.529
116350,29.544
116381,30.7
116410,29.769
116440,29.108
116469,28.855
116498,28.937
116527,29.28
116558,31.262
116588,29.633
116617,29.28
116647,29.68
116677,29.327
116706,29.541
116736,29.42
116765,29.467
116795,29.624
116824,29.127
116855,30.701
116884,28.832
116913,28.759
116942,28.951
116973,30.968
117003,29.683
117034,31.515
117065,30.246
117094,29.57
117123,28.988
117153,29.711
117183,29.7
117212,28.924
117241,28.835
117272,31.107
117302,29.658
117331,29.2
117361,29.499
117389,28.714
117419,29.0
117447,28.694
117477,29.252
117507,29.933
117536,29.216
117565,29.379
117594,28.256
117622,27.886
117650,28.346
117679,29.003
117708,28.248
117736,27.998
117764,28.754
117793,28.058
117822,29.295
117851,28.945
117880,29.086
117909,29.126
117939,29.043
117968,29.745
117998,29.304
118027,29.014
118056,28.999
118085,28.625
118114,28.9
118143,29.334
118172,29.193
118201,28.798
118231,29.229
118260,29.294
118289,28.947
118319,29.67
118348,29.566
118378,29.948
118408,29.047
118437,29.376
118466,28.814
118495,29.229
118525,29.519
118554,29.47
118583,28.978
118612,28.656
118647,34.755
118677,29.792
118707,29.499
118739,31.922
118769,30.78
118800,30.042
118831,31.738
118861,29.977
118891,29.237
118920,29.2
118949,28.991
118979,29.667
119008,29.331
119037,28.922
119067,29.184
119096,28.998
119125,28.934
119154,29.117
119183,28.89
119215,31.696
119243,28.375
119272,29.096
119301,28.954
119331,29.777
119365,33.567
119395,29.627
119425,30.605
119454,28.562
119483,28.589
119513,30.295
119543,29.509
119572,29.853
119602,29.155
119632,30.123
119662,29.521
119691,29.772
119720,28.766
119752,31.644
119781,29.163
119812,30.812
119844,31.562
119874,29.896
119904,30.152
119933,29.136
119963,29.957
119993,29.258
120022,29.258
120053,30.606
120082,29.688
120113,30.004
120145,32.023
120175,29.993
120207,31.764
120237,30.096
120269,32.052
120299,30.364
120330,30.28
120361,31.3
120394,32.726
120424,30.364
120454,29.768
120484,29.262
120513,29.516
120544,30.815
120576,31.439
120606,30.459
120638,31.242
120668,30.529
120698,29.549
120727,29.448
120760,32.292
120790,29.971
120819,29.757
120850,30.56
120881,30.709
120911,30.527
120942,30.056
120972,29.843
121001,29.479
121031,29.398
121061,30.394
121090,28.825
121124,33.891
121153,29.452
121183,29.393
121212,29.142
121241,28.926
121270,28.832
121298,28.388
121329,30.462
121359,30.005
121389,29.584
121418,29.002
121447,29.692
121476,28.926
121505,28.931
121534,29.065
121565,30.14
121594,28.77
121623,29.08
121652,29.107
121681,28.992
121709,28.441
121739,29.703
121768,28.906
121796,28.195
121825,28.086
121853,28.7
121882,28.607
121911,28.583
121941,30.181
121970,29.333
121999,28.247
122027,28.456
122056,28.705
122085,28.459
122113,28.564
122142,29.078
122171,28.717
122200,29.239
122229,28.693
122258,28.345
122286,27.897
122316,30.26
122344,28.47
122373,28.749
122403,29.127
122431,28.67
122460,28.278
122488,28.632
122518,29.077
122546,28.183
122575,28.73
122603,28.478
122632,28.904
122661,28.763
122691,29.705
122720,29.442
122748,27.951
122777,28.605
122805,28.247
122833,28.139
122864,30.342
122892,28.723
122921,28.142
122948,27.551
122977,28.594
123007,30.387
123036,29.071
123065,28.606
123094,28.474
123123,28.933
123151,28.739
123181,29.194
123209,28.59
123238,28.462
123266,28.119
123294,28.316
123324,29.155
123352,28.745
123382,29.129
123410,27.897
123439,29.473
123468,29.117
123497,28.764
123527,29.396
123555,28.056
123583,28.247
123612,28.522
123641,28.798
123670,29.199
123701,30.864
123730,28.999
123760,29.632
123789,29.444
123819,29.372
123848,29.016
123877,29.357
123906,28.64
123935,29.174
123965,29.939
123994,29.097
124023,28.795
124052,28.682
124081,29.209
124112,30.509
124142,29.878
124171,29.014
124200,29.364
124229,28.953
124258,28.764
124287,29.011
124317,29.519
124346,29.046
124375,29.057
124404,29.005
124434,29.156
124463,29.298
124492,29.041
124521,29.106
124551,29.475
124580,28.925
124609,29.269
124638,29.189
124668,28.981
124697,28.811
124726,28.962
124755,29.072
124784,29.161
124813,29.047
124842,29.286
124872,29.067
124901,29.426
124930,29.028
124958,28.192
124987,28.367
125015,28.483
125044,28.365
125072,28.558
125101,28.034
125130,28.912
125159,29.796
125189,29.751
125220,30.533
125249,28.754
125282,33.902
125314,31.801
125345,30.298
125374,29.658
125404,29.464
125440,35.527
125469,29.644
125499,29.682
125533,34.312
125563,29.04
125591,28.603
125620,29.206
125650,29.518
125680,30.18
125710,29.817
125740,29.366
125769,28.914
125797,28.508
125826,28.759
125855,28.942
125884,29.297
125914,29.045
125943,28.953
125972,29.128
126001,28.78
126030,28.759
126058,28.729
126087,28.665
126117,29.363
126146,29.036
126176,30.351
126207,30.536
126236,29.368
126266,29.308
126295,29.318
126325,29.642
126357,31.847
126388,30.664
126421,32.837
126449,28.652
126478,28.619
126508,30.057
126537,29.265
126567,29.824
126597,29.399
126626,29.285
126655,28.967
126684,28.358
126712,28.473
126741,28.721
126769,28.111
126801,31.708
126830,28.555
126859,28.896
126890,31.257
126921,30.743
126953,31.384
126982,29.357
127011,28.847
127040,29.08
127070,29.34
127099,29.281
127128,29.264
127158,29.257
127187,28.909
127215,28.612
127245,29.206
127274,29.483
127304,29.222
127333,29.31
127363,29.42
127393,30.669
127424,30.44
127453,29.406
127483,29.876
127513,29.701
127542,28.919
127571,28.877
127600,29.135
127630,29.888
127659,28.805
127688,28.485
127717,29.369
127747,29.256
127775,28.298
127803,28.46
127832,28.942
127861,28.795
127890,28.748
127921,30.431
127950,29.346
127980,29.54
128009,28.943
128038,28.575
128067,28.961
128096,28.91
128125,28.901
128153,28.685
128183,30.03
128213,29.07
128241,28.634
128270,28.93
128300,29.558
128329,28.777
128357,28.586
128386,28.645
128415,28.985
128452,37.092
128481,28.739
128510,28.309
128539,28.977
128568,28.932
128596,28.705
128625,28.818
128654,28.579
128683,28.713
128711,28.405
128740,28.5
128769,28.632
128797,28.305
128825,28.345
128858,32.251
128887,29.414
128917,29.295
128946,29.256
128976,29.489
129005,28.979
129033,28.434
129061,28.122
129090,28.031
129118,28.438
129147,28.682
129175,28.595
129204,28.105
129232,28.725
129262,28.918
129291,29.282
129320,29.521
129350,29.046
129379,29.229
129408,28.564
129436,28.732
129467,30.379
129496,29.055
129525,28.851
129556,31.361
129587,30.615
129616,29.145
129645,28.763
129674,29.158
129703,28.637
129733,30.255
129763,29.299
129792,28.836
129823,31.192
129852,28.792
129881,28.695
129910,29.133
129939,28.783
129968,28.918
129996,28.483
130025,28.447
130053,28.252
130081,27.933
130109,27.752
130137,28.295
130166,28.642
130195,28.29
130223,28.013
130250,27.689
130280,29.521
130308,28.232
130337,28.284
130366,28.929
130395,29.118
130424,28.61
130453,28.938
130481,28.242
130510,28.541
130538,28.618
130567,28.68
130596,28.593
130624,28.607
130654,29.216
130682,28.628
130713,30.49
130744,31.084
130773,29.094
130803,29.127
130831,28.645
130860,28.43
130889,28.813
130917,28.208
130947,30.079
130977,29.426
131006,29.527
131035,28.067
131063,28.212
131091,28.128
131122,30.629
131154,31.973
131182,28.421
131212,29.847
131240,27.893
131269,28.21
131297,28.237
131325,28.251
131354,28.425
131382,28.653
131413,30.004
131441,28.507
131470,28.463
131499,29.412
131528,28.379
131556,28.462
131585,28.856
131614,28.516
131644,30.204
131674,30.263
131704,29.902
131733,28.764
131766,33.181
131795,28.7
131824,28.615
131854,29.874
131883,29.132
131911,28.284
131940,28.041
131968,28.027
131997,28.921
132025,28.061
132053,28.154
132082,28.375
132110,27.995
132138,28.249
132167,28.995
132195,28.126
132224,28.368
132252,28.463
132280,28.089
132309,28.312
132337,28.528
132366,28.228
132394,28.049
132422,28.358
132451,28.708
132479,28.189
132508,28.527
132537,28.686
132565,28.238
132594,28.426
132623,29.089
132651,28.39
132680,28.751
132709,28.446
132737,28.14
132765,28.012
132793,28.101
132822,28.929
132850,28.021
132879,28.774
132908,28.38
132936,28.03
132964,28.532
132994,29.884
133022,27.896
133051,28.854
133081,29.13
133109,28.059
133138,29.23
133167,29.173
133196,28.798
133225,28.973
133254,28.387
133283,29.011
133311,28.362
133339,27.939
133371,31.451
133399,27.899
133427,28.402
133457,29.287
133486,28.997
133515,29.359
133544,28.787
133574,30.071
133603,28.801
133632,28.793
133661,28.792
133690,29.302
133719,28.917
133748,28.849
133778,29.976
133808,29.355
133836,28.579
133865,28.557
133894,29.285
133923,28.97
133952,28.738
133981,28.46
134010,28.698
134039,29.579
134068,28.854
134097,28.852
134126,28.833
134156,30.073
134186,29.554
134214,28.397
134242,27.808
134270,27.426
134299,29.03
134327,27.828
134354,27.131
134382,27.977
134410,27.406
134437,27.24
134464,27.266
134491,26.757
134519,27.446
134546,27.071
134573,27.117
134600,26.778
134627,27.046
134655,27.849
134682,27.371
134711,28.339
134738,27.223
134766,27.649
134793,27.597
134822,27.979
134849,27.754
134877,27.212
134904,27.205
134931,27.078
134959,27.769
134986,27.357
135014,27.253
135041,27.313
135069,27.529
135096,27.517
135124,27.498
135151,27.159
135179,27.499
135207,27.945
135235,28.197
135263,27.504
135291,27.74
135319,28.744
135348,28.251
135376,28.05
135404,28.249
135433,28.412
135461,27.971
135489,28.091
135517,28.068
135545,28.162
135574,28.232
135602,27.956
135630,28.3
135667,36.388
135695,27.908
135723,28.25
135752,28.511
135780,28.198
135808,27.834
135836,27.856
135864,28.198
135893,28.563
135921,28.111
135949,28.095
135977,27.748
136005,28.431
136033,27.695
136061,28.038
136090,28.378
136118,28.191
136146,28.136
136175,28.539
136203,28.581
136231,27.747
136260,28.591
136288,28.026
136316,27.482
136343,27.836
136373,29.626
136401,27.896
136429,27.988
136457,27.753
136485,27.895
136513,28.101
136541,27.948
136569,27.502
136596,27.147
136623,26.987
136650,27.162
136678,27.245
136705,26.832
136732,26.992
136759,27.125
136786,26.706
136813,27.138
136842,29.029
136870,28.185
136898,27.941
136927,28.249
136955,28.922
136984,28.16
137013,28.811
137042,29.183
137072,29.823
137100,28.545
137128,27.743
137157,29.095
137185,27.72
137213,27.81
137242,28.604
137270,28.347
137298,27.755
137326,27.96
137355,29.166
137383,27.789
137411,27.892
137440,28.947
137468,27.683
137497,28.681
137525,27.721
137553,28.593
137581,28.007
137611,29.163
137639,28.199
137667,28.573
137695,27.934
137724,28.727
137752,28.064
137781,28.404
137813,32.418
137844,30.744
137872,27.933
137901,28.327
137928,27.568
137957,28.495
137985,27.676
138015,30.13
138044,28.863
138072,27.925
138101,28.753
138129,28.076
138158,28.681
138185,27.652
138217,31.658
138246,29.429
138277,29.978
138305,28.139
138334,29.06
138364,29.645
138392,28.456
138422,29.746
138451,28.989
138482,30.994
138511,28.984
138540,28.998
138571,30.739
138603,31.407
138633,30.236
138662,29.39
138692,29.25
138720,28.664
138749,28.278
138779,30.077
138807,27.813
138838,31.16
138868,30.179
138897,28.552
138929,32.037
138958,28.702
138987,29.286
139015,27.679
139044,28.858
139072,27.597
139100,28.526
139130,30.018
139160,29.072
139189,29.672
139217,27.851
139247,29.508
139278,31.289
139307,28.344
139335,27.859
139362,27.666
139390,27.922
139418,27.885
139449,30.73
139479,29.831
139507,27.945
139536,28.722
139565,28.665
139595,29.993
139625,30.669
139653,28.083
139681,27.839
139710,28.175
139738,28.001
139766,28.304
139794,27.918
139823,28.701
139851,27.882
139879,27.745
139907,28.27
139935,27.624
139963,27.948
139994,31.321
140022,28.177
140051,28.109
140078,27.489
140106,27.924
140135,28.732
140163,27.77
140191,28.47
140220,28.403
140248,28.132
140276,27.468
140303,27.727
140332,28.071
140359,27.827
140389,29.757
140417,27.737
140446,28.78
140476,30.303
140507,30.898
140536,28.69
140564,27.639
140592,28.072
140621,28.551
140648,27.416
140676,27.897
140705,28.354
140732,27.364
140762,29.642
140790,28.173
140818,27.754
140846,27.85
140874,27.792
140902,27.897
140930,28.035
140958,27.865
140986,28.142
141014,27.701
141042,27.975
141070,28.054
141098,27.934
141126,27.818
141154,27.789
141182,27.957
141209,27.476
141237,27.827
141265,27.831
141294,28.434
141322,28.342
141351,28.513
141380,29.487
141411,31.06
141440,28.302
141469,28.754
141497,28.235
141526,29.091
141554,28.16
141583,29.016
141613,29.695
141642,28.945
141670,27.803
141698,27.628
141725,27.665
141753,27.655
141781,27.873
141809,27.874
141837,27.971
141865,27.658
141893,28.385
141922,28.461
141951,28.978
141979,28.126
142007,28.116
142036,28.204
142064,28.523
142092,28.119
142120,27.916
142149,28.344
142177,28.007
142206,28.795
142234,28.327
142264,29.795
142294,29.949
142323,28.936
142352,29.007
142382,29.575
142411,28.988
142440,28.484
142469,29.057
142499,29.928
142529,29.851
142557,28.558
142587,29.425
142616,28.736
142647,31.034
142678,31.754
142707,28.777
142736,28.447
142765,28.935
142794,28.558
142821,27.889
142850,28.622
142880,29.895
142909,28.59
142937,28.404
142966,28.4
142994,28.113
143023,28.504
143051,28.589
143079,28.137
143108,28.464
143136,28.3
143166,30.016
143195,28.379
143225,30.186
143255,29.347
143283,28.251
143311,28.408
143340,28.111
143368,28.312
143398,29.844
143426,28.469
143455,28.254
143483,28.217
143511,28.245
143539,27.846
143567,27.957
143598,30.734
143627,29.13
143655,27.621
143683,27.747
143711,27.776
143739,27.694
143767,28.02
143795,28.039
143823,27.888
143852,29.493
143881,28.556
143909,27.91
143937,28.167
143966,28.385
143995,29.139
144023,28.461
144051,27.955
144080,28.534
144108,28.052
144137,28.334
144165,28.258
144193,27.949
144221,28.068
144249,28.06
144277,27.743
144305,27.934
144333,27.821
144362,28.465
144390,27.887
144418,28.208
144446,28.023
144474,28.276
144503,28.196
144530,27.768
144558,27.901
144587,28.373
144615,28.011
144643,27.698
144671,28.031
144699,27.908
144730,30.692
144757,27.757
144785,27.759
144813,27.915
144842,28.168
144871,28.962
144900,29.581
144929,28.528
144957,28.064
144986,28.358
145014,28.303
145043,28.434
145071,28.078
145099,28.673
145128,28.203
145156,28.672
145185,28.283
145213,28.202
145241,27.663
145269,28.23
145298,28.514
145329,30.738
145356,27.795
145385,28.273
145413,27.782
145441,28.53
145469,27.32
145496,27.429
145524,27.388
145552,27.935
145582,29.981
145611,28.775
145638,27.571
145666,28.099
145694,27.817
145723,28.174
145750,27.662
145779,28.395
145807,28.061
145835,28.161
145863,28.172
145891,27.896
145919,27.9
145948,28.622
145977,29.376
146007,29.6
146036,28.838
146065,28.527
146093,28.429
146122,28.368
146151,28.827
146180,29.414
146208,27.65
146235,27.617
146263,27.741
146291,28.025
146319,27.976
146348,28.054
146376,27.886
146404,28.598
146433,28.38
146461,28.32
146489,27.879
146517,28.112
146545,27.936
146573,28.153
146602,28.05
146630,27.871
146658,28.092
146686,27.842
146714,27.829
146742,28.194
146770,27.824
146797,27.629
146825,27.495
146854,29.212
146883,28.407
146910,27.518
146938,27.536
146966,27.977
146996,29.985
147025,28.588
147053,27.93
147081,27.986
147109,27.809
147138,29.346
147167,28.208
147195,28.809
147223,27.813
147251,27.446
147279,27.793
147306,27.392
147334,27.791
147361,26.931
147389,27.859
147418,29.164
147446,27.828
147473,26.523
147499,26.574
147527,27.458
147556,29.004
147585,28.902
147612,27.4
147640,27.418
147667,27.518
147697,29.469
147725,28.124
147753,27.81
147781,27.697
147808,27.399
147838,29.51
147869,30.548
147897,27.995
147924,27.828
147953,28.735
147983,29.886
148011,27.482
148038,27.554
148066,27.611
148094,27.932
148122,27.422
148150,27.922
148177,27.709
148205,27.933
148233,27.746
148261,27.841
148289,28.17
148317,27.628
148345,27.761
148373,27.83
148401,27.893
148429,28.182
148457,27.655
148484,27.495
148512,27.559
148550,38.255
148580,29.541
148608,27.948
148636,27.503
148663,27.265
148691,27.541
148718,27.323
148746,27.559
148774,28.032
148801,27.301
148828,27.114
148856,27.805
148884,27.581
148911,27.446
148939,27.398
148966,27.036
148993,27.05
149020,26.933
149053,32.976
149081,28.174
149109,27.59
149137,27.955
149166,28.441
149194,27.845
149221,27.469
149248,27.154
149276,27.291
149305,28.971
149332,27.617
149360,27.683
149388,27.578
149416,27.611
149443,27.19
149471,27.81
149499,28.058
149527,27.682
149554,27.526
149582,27.703
149609,27.247
149637,27.505
149665,27.653
149692,27.649
149720,27.97
149748,27.827
149776,27.813
149804,27.507
149832,28.106
149860,27.876
149888,28.311
149916,27.883
149944,27.815
149972,27.545
150000,28.03
150028,27.9
150055,27.236
150083,27.852
150112,28.674
150140,28.067
150168,27.492
150195,27.3
150225,30.08
150253,27.291
150283,30.599
150313,29.422
150340,27.655
150371,30.588
150399,27.77
150426,27.356
150454,27.687
150482,27.292
150509,27.715
150536,27.072
150564,27.157
150592,28.071
150619,27.186
150647,27.396
150674,27.415
150702,27.422
150729,27.686
150757,27.656
150785,28.029
150813,27.286
150841,27.912
150868,27.522
150896,28.13
150928,31.741
150956,28.022
150984,27.254
151012,27.836
151040,28.155
151069,29.099
151099,29.861
151127,27.996
151155,27.763
151183,27.686
151210,27.344
151238,27.95
151267,29.175
151298,30.859
151326,27.901
151354,27.313
151384,30.031
151412,27.919
151440,27.914
151471,31.319
151499,27.679
151529,30.002
151557,28.005
151585,28.183
151613,27.576
151642,28.755
151671,28.975
151699,28.449
151728,28.352
151756,27.544
151783,27.467
151811,27.717
151839,27.739
151866,27.697
151894,27.363
151922,27.725
151949,27.517
151977,27.242
152004,27.267
152031,27.068
152058,26.69
152087,28.65
152114,27.52
152142,27.426
152169,27.195
152196,27.37
152224,27.047
152251,27.428
152278,27.073
152307,29.062
152339,31.414
152366,26.776
152393,27.06
152420,26.859
152447,26.847
152474,27.132
152501,27.134
152528,26.934
152556,27.688
152583,27.316
152611,27.622
152639,27.438
152667,27.965
152694,27.404
152722,27.501
152749,27.258
152777,27.88
152805,27.992
152833,27.8
