21,15.443
29,7.515
33,4.322
38,4.172
42,4.127
46,3.761
50,4.333
54,3.895
59,4.251
63,4.52
68,4.52
73,4.773
77,4.05
88,10.538
94,5.387
100,6.285
114,13.599
120,5.724
127,7.179
133,5.557
138,5.569
144,5.262
149,5.367
154,5.098
160,5.388
166,5.288
171,4.917
175,4.483
180,4.736
185,4.687
190,4.676
195,4.785
200,4.885
204,4.514
209,4.79
214,4.795
219,4.695
226,6.796
231,4.601
235,4.215
239,4.018
244,4.211
248,4.074
252,4.342
257,4.341
261,4.266
267,5.968
272,4.567
277,4.775
281,4.409
286,4.544
292,5.216
296,4.621
301,4.802
306,4.446
310,3.974
314,4.379
320,5.356
324,4.073
338,13.639
343,4.538
348,4.622
353,5.741
357,3.697
361,4.083
365,3.721
369,3.888
373,3.598
377,3.683
381,3.711
384,3.586
388,3.463
392,3.842
395,3.491
399,3.832
403,3.562
407,3.84
411,3.981
416,4.018
419,3.633
423,3.84
428,4.176
432,4.388
437,4.262
441,4.206
445,4.282
451,5.815
456,4.024
459,3.726
466,6.14
470,4.003
474,3.846
478,3.704
481,3.823
485,3.571
489,3.481
493,3.747
497,3.824
501,3.815
505,3.895
509,3.894
512,3.566
516,3.5
521,4.326
525,4.015
534,9.352
539,4.63
543,4.399
548,4.069
552,3.861
556,3.95
560,3.903
564,3.974
570,5.474
573,3.699
577,3.56
581,4.166
585,3.966
590,3.952
596,5.644
600,3.901
603,3.675
607,3.8
611,3.976
616,4.069
620,3.807
623,3.7
627,3.462
631,3.669
634,3.451
638,3.479
641,3.274
645,3.838
649,3.668
653,3.709
657,3.4
660,3.027
665,5.09
669,3.461
675,5.942
678,3.124
682,3.424
685,3.326
688,2.912
692,3.532
695,3.294
699,3.202
702,3.494
706,3.37
709,3.118
712,3.13
715,3.074
719,3.323
722,3.198
726,3.156
729,3.083
732,3.073
736,3.638
739,3.436
743,3.85
747,3.604
751,3.464
755,3.727
758,3.601
763,5.077
768,4.106
771,3.57
775,3.847
779,3.631
783,3.606
786,3.496
790,3.627
794,4.184
798,3.434
803,5.286
807,3.564
811,3.702
815,3.695
819,3.836
825,5.742
829,3.965
833,3.919
837,3.846
841,4.44
845,3.911
849,3.949
854,4.15
857,3.376
862,4.753
867,4.876
872,4.299
876,3.896
879,3.552
883,3.636
887,3.425
890,3.519
894,3.224
898,3.515
902,3.915
906,3.825
909,3.236
912,3.353
916,3.635
920,3.375
923,3.091
926,3.204
930,3.532
934,3.499
938,3.743
941,3.446
945,3.694
949,3.279
952,3.166
956,3.726
959,3.479
963,3.781
967,3.882
972,4.226
976,4.47
980,3.842
984,3.626
988,3.525
993,4.984
997,3.692
1000,3.358
1004,3.222
1007,3.132
1011,3.358
1014,3.29
1017,3.142
1021,3.457
1024,3.33
1029,4.354
1040,10.728
1044,3.447
1047,3.631
1051,3.393
1054,3.234
1058,3.239
1061,3.375
1065,3.199
1071,5.866
1074,3.037
1077,3.158
1081,3.456
1084,3.054
1087,3.112
1091,3.463
1094,3.27
1098,3.081
1101,3.047
1104,3.032
1107,3.15
1111,2.971
1114,3.053
1122,8.314
1132,9.191
1136,4.636
1140,3.202
1143,3.328
1147,3.195
1150,3.205
1153,3.282
1157,3.136
1160,3.114
1163,3.182
1167,3.271
1170,3.217
1174,3.381
1177,3.113
1180,2.843
1183,2.977
1186,2.999
1189,2.794
1192,2.718
1195,2.78
1198,2.943
1201,2.829
1204,2.982
1207,2.85
1211,2.999
1214,2.889
1217,3.165
1220,3.117
1224,3.073
1227,3.136
1230,3.013
1233,2.846
1236,2.984
1239,2.912
1242,2.831
1245,2.826
1289,43.462
1294,5.034
1298,3.471
1341,42.888
1345,3.803
1348,3.52
1352,3.61
1356,3.424
1359,3.399
1363,3.123
1366,3.14
1409,43.233
1416,6.426
1420,3.637
1423,3.521
1427,3.394
1430,3.22
1434,3.317
1477,43.17
1481,3.772
1485,3.431
1488,3.171
1492,3.446
1495,3.673
1499,3.462
1503,3.611
1506,3.61
1510,3.382
1513,3.146
1517,3.173
1520,3.388
1524,3.34
1527,3.213
1530,3.069
1533,3.068
1577,43.374
1582,5.28
1586,3.596
1590,3.748
1594,3.355
1597,3.156
1600,3.132
1603,3.129
1607,3.09
1610,3.224
1653,42.773
1657,3.988
1661,3.484
1665,3.619
1668,3.405
1672,3.413
1677,5.015
1680,3.187
1725,44.686
1769,43.916
1773,3.974
1777,3.469
1781,3.55
1785,4.686
1789,3.617
1795,5.764
1799,3.417
1802,3.111
1805,3.284
1809,3.194
1812,3.011
1815,2.977
1818,3.025
1821,3.089
1824,3.013
1827,2.915
1832,4.324
1835,3.25
1881,45.775
1925,43.392
1930,5.286
1934,3.398
1937,3.278
1940,3.212
1944,3.304
1947,3.408
1951,3.283
1954,3.152
1997,42.341
2000,3.489
2004,3.379
2007,3.478
2011,3.243
2014,3.272
2018,3.615
2021,3.492
2025,3.303
2028,3.493
2032,3.241
2035,3.506
2039,3.282
2043,3.119
2047,3.372
2050,3.406
2054,3.448
2057,3.251
2061,3.448
2064,3.387
2068,3.159
2071,3.494
2075,3.397
2078,3.117
2083,4.482
2086,3.208
2089,3.242
2093,3.215
2096,3.13
2100,3.378
2141,41.301
2145,3.469
2148,3.231
2152,3.298
2155,3.345
2158,3.289
2201,42.679
2205,3.914
2209,3.762
2213,3.519
2217,3.829
2220,3.274
2224,3.419
2227,3.269
2231,3.251
2234,3.404
2277,42.467
2280,3.331
2284,3.331
2287,3.339
2291,3.679
2337,45.706
2341,3.702
2344,3.396
2347,3.257
2351,3.3
2354,3.242
2358,3.718
2362,3.642
2405,42.648
2410,4.749
2413,3.294
2456,43.397
2460,3.441
2463,3.188
2467,3.493
2470,3.277
2512,41.697
2516,3.458
2519,3.421
2523,3.416
2564,41.279
2568,3.249
2571,3.33
2575,3.512
2578,3.449
2581,3.126
2585,3.172
2588,3.108
2591,3.224
2595,3.29
2598,3.234
2601,3.157
2604,2.927
2607,2.974
2611,3.141
2614,3.204
2618,3.497
2621,3.213
2624,3.174
2627,2.928
2668,40.86
2672,3.696
2676,3.495
2717,40.892
2720,3.512
2766,45.375
2769,3.457
2813,43.296
2817,4.138
2822,4.011
2827,5.011
2831,3.772
2835,3.603
2838,3.485
2842,3.843
2885,42.957
2890,4.121
2894,3.726
2898,3.704
2903,4.921
2907,3.893
2911,3.841
2915,3.934
2919,3.947
2923,3.4
2926,3.5
2930,3.475
2934,3.579
2977,42.753
2981,3.855
2985,3.932
2989,3.635
2993,3.605
2996,3.618
3000,3.593
3004,3.623
3008,3.546
3053,44.808
3056,3.537
3101,44.008
3105,3.995
3110,5.176
3114,3.323
3117,3.32
3121,3.201
3124,3.257
3128,3.32
3131,3.288
3135,3.35
3139,3.796
3142,3.403
3146,3.397
3149,3.41
3153,3.623
3157,3.335
3160,3.414
3205,44.214
3209,3.617
3212,3.753
3257,44.414
3261,4.193
3266,4.041
3269,3.494
3273,3.134
3276,3.546
3281,4.618
3284,3.318
3288,3.285
3291,3.127
3294,3.249
3297,2.898
3300,3.159
3304,3.408
3307,3.249
3311,3.251
3314,3.0
3317,3.303
3321,4.222
3325,3.964
3329,3.278
3373,43.738
3376,3.52
3380,3.304
3383,3.294
3395,3.592
3398,3.369
3402,3.541
3406,3.329
3409,3.133
3412,3.369
3416,3.364
3419,3.158
3422,3.343
3426,3.308
3429,3.215
3432,3.303
3436,3.215
3477,40.849
3480,3.829
3484,3.44
3488,3.538
3491,3.6
3495,3.662
3498,3.182
3502,3.441
3505,3.598
3511,5.057
3514,3.376
3517,3.261
3521,3.301
3524,3.536
3528,3.357
3533,5.053
3536,3.383
3540,3.474
3543,3.178
3585,41.343
3588,3.396
3592,3.227
3595,3.456
3599,3.603
3602,3.449
3606,3.178
3609,2.972
3612,3.109
3615,3.12
3618,3.06
3621,3.111
3625,3.063
3628,3.04
3631,3.407
3634,3.142
3637,2.89
3640,2.984
3685,44.305
3688,3.13
3732,44.29
3736,3.283
3739,3.164
3744,4.471
3747,3.407
3750,2.974
3753,3.128
3757,3.0
3760,2.907
3763,3.124
3805,42.127
3810,5.155
3814,3.606
3818,3.771
3823,4.997
3865,41.134
3869,4.198
3913,43.642
3917,3.824
3921,3.717
3925,3.926
3929,3.811
3973,43.831
3977,3.553
4021,44.563
4026,4.088
4029,3.629
4033,3.591
4037,3.681
4041,3.639
4084,43.342
4089,3.879
4133,44.711
4138,4.179
4142,4.125
4146,3.863
4189,42.761
4199,10.134
4205,5.103
4249,43.831
4253,4.189
4257,3.658
4261,3.418
4264,3.465
4268,3.526
4272,3.641
4276,3.522
4280,4.636
4284,3.113
4287,3.402
4291,3.688
4334,42.291
4338,4.206
4342,3.939
4346,3.888
4350,3.492
4354,3.564
4357,3.487
4361,3.549
4365,3.806
4369,3.539
4413,44.298
4418,4.053
4425,6.819
4429,3.691
4432,3.541
4436,3.399
4481,44.853
4485,3.69
4489,3.516
4533,44.441
4537,3.993
4541,3.631
4545,3.767
4549,3.72
4553,3.765
4557,3.788
4601,43.98
4605,4.02
4610,3.971
4614,3.842
4619,5.282
4623,3.961
4627,3.608
4631,3.776
4635,3.792
4639,3.892
4643,3.552
4646,3.529
4650,3.51
4654,3.402
4658,3.65
4661,3.424
4665,3.43
4668,3.495
4674,5.227
4678,3.453
4681,3.425
4685,3.398
4688,3.263
4692,3.331
4695,3.311
4699,3.314
4741,41.904
4745,3.872
4789,43.736
4793,3.877
4797,3.612
4801,3.725
4847,45.94
4851,4.001
4855,3.619
4860,5.185
4864,3.442
4868,3.745
4871,3.428
4875,3.718
4880,4.842
4925,44.654
4929,3.996
4933,3.892
4938,4.217
4942,4.179
4946,3.981
4951,4.519
4955,4.329
4960,3.973
4964,3.912
4968,3.845
4972,3.649
4976,3.886
4980,3.711
4984,3.777
4988,3.877
4991,3.68
4996,3.993
5000,4.131
5004,3.562
5007,3.586
5011,3.577
5015,3.84
5020,4.266
5024,3.64
5027,3.668
5031,3.374
5035,3.345
5039,3.769
5042,3.412
5046,3.525
5049,3.494
5053,3.416
5057,3.406
5060,3.259
5066,5.588
5070,3.55
5073,3.404
5117,43.539
5121,3.962
5125,3.618
5128,3.457
5132,3.347
5136,3.653
5140,3.758
5143,3.489
5149,3.654
5152,3.456
5156,3.239
5161,4.985
5165,3.357
5168,3.149
5172,3.445
5175,3.466
5180,4.689
5183,3.24
5187,3.219
5190,3.455
5194,3.523
5198,3.33
5201,3.404
5245,43.32
5249,3.97
5253,3.745
5257,3.716
5260,3.585
5264,3.9
5268,3.718
5272,3.825
5276,3.6
5280,3.498
5284,3.806
5289,5.07
5293,3.536
5296,3.424
5300,3.467
5304,3.505
5307,3.44
5311,3.264
5314,3.44
5318,3.229
5321,3.289
5325,3.172
5328,3.326
5332,3.896
5336,3.973
5340,3.194
5343,3.126
5346,3.037
5351,5.162
5355,3.186
5358,3.054
5401,42.532
5445,43.83
5451,5.701
5455,3.941
5497,41.933
5501,3.743
5505,3.746
5509,3.672
5513,3.547
5516,3.673
5520,3.354
5524,3.538
5527,3.224
5577,44.749
5581,3.84
5591,5.69
5595,3.717
5637,42.046
5641,4.058
5687,45.072
5691,4.064
5695,4.191
5699,3.79
5703,3.627
5707,3.499
5711,3.504
5714,3.328
5757,43.058
5761,3.964
5765,3.391
5770,5.194
5774,3.464
5778,3.586
5781,3.407
5785,3.43
5789,3.357
5833,44.148
5837,3.8
5841,3.518
5844,3.441
5891,46.301
5895,4.019
5937,42.156
5942,4.173
5945,3.792
5989,43.61
6033,43.815
6037,3.955
6042,3.918
6047,5.711
6051,3.736
6055,3.628
6059,3.845
6063,3.937
6067,3.76
6071,3.871
6075,3.677
6117,41.985
6122,4.284
6126,4.27
6130,3.751
6134,3.882
6138,3.817
6142,3.821
6146,3.51
6150,3.791
6154,3.358
6157,3.38
6161,3.423
6164,3.259
6168,3.204
6171,3.428
6175,3.635
6179,3.445
6182,3.251
6185,3.271
6230,44.025
6234,3.999
6238,3.695
6242,3.607
6246,3.786
6249,3.706
6253,3.489
6257,3.339
6260,3.425
6264,3.241
6307,43.354
6311,4.02
6316,3.906
6320,3.859
6324,3.909
6327,3.61
6331,3.694
6373,41.745
6417,43.859
6422,4.142
6426,3.786
6429,3.566
6433,3.408
6437,3.502
6481,44.37
6485,3.733
6489,3.672
6493,3.69
6496,3.29
6500,3.261
6503,3.221
6507,3.286
6510,3.478
6514,3.266
6519,4.95
6523,3.561
6565,42.061
6569,3.718
6573,3.467
6576,3.649
6580,3.531
6584,3.722
6587,3.259
6630,42.653
6634,3.975
6639,4.041
6644,5.54
6648,3.831
6652,3.854
6656,3.617
6660,3.488
6663,3.31
6705,41.656
6709,3.881
6713,3.649
6757,43.782
6763,5.761
6767,3.741
6809,41.586
6812,3.351
6857,44.392
6861,3.85
6864,3.489
6870,5.273
6873,3.367
6916,43.167
6920,3.012
6923,3.213
6926,3.327
6930,3.504
6933,3.33
6936,3.019
6981,44.082
6986,5.079
6989,3.288
7033,43.725
7036,3.234
7040,3.445
7043,3.207
7046,3.077
7050,3.435
7055,4.626
7057,2.81
7061,3.126
7105,43.936
7108,3.515
7112,3.357
7115,3.27
7118,3.348
7122,3.447
7125,3.162
7128,2.945
7131,2.871
7134,2.962
7177,42.682
7181,3.399
7184,3.096
7187,3.015
7190,2.866
7233,42.873
7236,3.291
7240,3.282
7243,3.104
7246,3.228
7249,3.067
7252,3.022
7255,2.993
7297,41.777
7302,3.966
7305,3.725
7309,3.592
7313,3.6
7317,3.812
7321,3.75
7325,3.966
7329,3.539
7334,4.894
7339,5.503
7344,3.998
7348,3.795
7351,3.593
7355,3.35
7359,3.556
7362,3.635
7366,3.672
7370,3.454
7374,3.562
7417,42.841
7421,3.935
7425,3.843
7428,3.413
7432,3.646
7436,3.551
7439,3.254
7443,3.191
7446,3.257
7450,3.492
7453,3.477
7457,3.413
7460,3.27
7464,3.283
7468,3.491
7471,3.178
7474,3.385
7478,3.077
7521,42.888
7525,3.819
7569,43.581
7572,3.549
7576,3.512
7580,3.446
7584,3.936
7589,5.343
7593,3.688
7597,3.763
7603,5.275
7606,3.547
7610,3.35
7613,3.259
7617,3.21
7620,3.442
7624,3.409
7627,3.342
7631,3.208
7634,3.426
7638,3.187
7641,3.297
7685,43.798
7689,3.996
7694,3.929
7697,3.751
7701,3.595
7705,3.782
7709,3.413
7712,3.343
7716,3.446
7719,3.407
7723,3.278
7726,3.228
7730,3.44
7734,3.549
7737,3.391
7741,3.347
7744,3.2
7748,3.5
7751,3.413
7755,3.254
7758,3.322
7764,5.273
7767,3.404
7771,3.229
7774,3.123
7777,3.28
7780,3.025
7783,3.137
7825,40.927
7828,3.227
7831,3.289
7873,41.231
7877,4.161
7881,3.621
7884,3.468
7888,3.402
7891,3.27
7894,3.277
7898,3.104
7902,3.888
7905,3.282
7908,3.402
7912,3.322
7915,3.04
7918,3.152
7921,3.118
7924,3.065
7969,44.286
7972,3.243
7975,3.12
7979,3.111
7982,3.222
7985,3.467
7989,2.991
8033,44.072
8036,3.468
8041,4.942
8045,3.48
8049,3.573
8052,3.228
8056,3.573
8059,3.192
8062,3.046
8065,3.117
8068,3.204
8112,43.933
8116,3.4
8119,3.318
8123,3.313
8128,4.719
8169,41.142
8172,3.422
8176,3.327
8179,3.289
8182,3.162
8186,3.251
8189,3.241
8192,3.123
8195,2.872
8198,3.039
8201,3.01
8205,2.983
8208,2.961
8211,3.003
8214,3.015
8257,43.391
8261,3.544
8264,3.521
8268,3.485
8272,3.527
8275,3.362
8281,5.316
8284,3.386
8287,3.2
8329,41.701
8333,3.347
8377,44.021
8380,3.22
8384,3.45
8387,3.532
8391,3.524
8394,3.098
8397,3.162
8400,2.981
8403,2.911
8406,3.077
8409,2.974
8461,41.822
8465,3.631
8509,43.586
8512,3.353
8516,3.318
8520,4.57
8523,3.198
8527,3.362
8569,42.137
8613,43.625
8617,3.582
8662,45.332
8666,3.306
8669,3.371
8672,3.217
8676,3.373
8680,3.823
8683,3.208
8688,4.744
8728,40.553
8773,43.953
8776,3.437
8781,4.731
8825,43.739
8828,3.438
8832,3.174
8835,3.283
8838,3.459
8842,3.201
8845,3.274
8848,3.132
8854,5.638
8858,3.367
8861,3.174
8864,3.02
8904,40.511
8908,3.112
8911,2.949
8953,41.949
8958,5.203
8962,3.533
8965,3.315
9008,43.203
9012,3.229
9015,3.188
9018,3.305
9022,3.048
9065,42.997
9068,3.52
9072,3.57
9075,3.184
9078,3.098
9083,4.734
9087,3.297
9090,3.147
9093,3.486
9097,3.522
9100,2.942
9103,3.189
9106,2.991
9149,42.015
9152,3.462
9155,3.057
9197,41.356
9200,3.462
9204,3.53
9207,3.205
9210,3.087
9214,3.146
9256,42.657
9260,3.513
9305,44.502
9308,3.596
9312,3.282
9315,3.45
9318,3.173
9322,3.373
9325,3.396
9328,2.995
9331,2.924
9373,41.101
9376,3.505
9380,3.388
9383,3.08
9388,4.906
9391,3.237
9395,3.378
9400,5.19
9445,44.437
9489,43.823
9493,4.01
9496,3.284
9501,4.805
9504,3.392
9548,43.974
9552,3.292
9555,3.409
9596,40.959
9600,3.366
9603,3.449
9607,3.246
9610,2.983
9653,42.798
9656,3.373
9701,44.474
9705,3.721
9708,3.318
9712,3.485
9715,3.342
9718,3.273
9722,3.145
9725,3.097
9769,43.673
9772,3.59
9776,3.25
9779,3.023
9782,3.071
9785,2.996
9788,3.151
9791,2.93
9833,41.41
9877,44.524
9883,5.702
9887,3.381
9890,3.201
9893,3.339
9897,3.472
9900,3.241
9904,3.729
9907,3.208
9910,3.03
9913,2.945
9916,2.87
9923,6.946
9927,3.35
9930,3.201
9973,42.65
9976,3.288
9980,3.373
9983,3.1
9988,4.937
9991,3.228
9994,3.235
10037,42.484
10040,3.285
10044,3.184
10047,3.281
10050,2.913
10053,3.069
10056,3.157
10060,3.159
10100,40.79
10104,3.529
10107,3.208
10111,3.116
10114,3.333
10117,3.192
10122,4.592
10125,3.121
10128,3.083
10173,44.281
10176,3.284
10179,3.082
10182,3.186
10186,3.206
10189,2.999
10192,2.969
10233,40.641
10236,3.369
10239,3.283
10243,3.233
10246,3.205
10249,3.137
10253,3.354
10256,3.336
10259,2.924
10262,3.051
10305,42.287
10308,3.678
10312,3.608
10316,3.333
10319,3.204
10361,41.695
10364,3.723
10368,3.351
10413,44.748
10416,3.446
10420,3.408
10423,3.519
10427,3.507
10430,3.437
10434,3.305
10437,3.305
10442,4.799
10485,42.842
10489,4.018
10493,3.639
10497,3.543
10500,3.119
10503,3.111
10507,3.644
10549,42.227
10593,44.0
10597,3.967
10601,3.595
10604,3.331
10608,3.327
10611,3.395
10614,3.104
10619,4.242
10622,3.304
10625,3.251
10629,3.177
10632,3.16
10635,3.022
10638,2.991
10641,3.089
10644,3.188
10648,3.143
10651,3.238
10654,2.914
10697,42.841
10701,3.702
10704,3.61
10708,3.405
10711,3.486
10715,3.695
10719,3.77
10722,3.215
10726,3.282
10732,6.136
10735,3.399
10739,3.445
10742,3.069
10745,3.056
10748,3.041
10751,3.023
10754,3.062
10797,42.585
10801,3.509
10804,3.391
10808,3.45
10811,3.469
10853,41.373
10856,3.426
10861,4.86
10865,3.225
10868,3.125
10871,3.219
10874,3.217
10877,3.03
10880,2.958
10884,3.103
10887,3.058
10890,3.223
10893,3.034
10896,3.103
10899,2.951
10902,2.869
10906,3.317
10909,3.048
10912,3.223
10916,3.432
10919,3.284
10922,3.172
10925,3.029
10931,5.331
10934,3.151
10937,3.06
10940,3.332
10944,3.26
10947,3.468
10951,3.455
10954,3.468
10958,3.211
10961,3.434
10965,3.492
10968,3.327
10971,3.151
10975,3.273
10978,3.119
11021,42.659
11065,44.064
11068,3.41
11072,3.577
11077,5.096
11081,3.576
11085,3.555
11088,3.386
11091,3.291
11095,3.103
11098,3.32
11101,3.334
11105,3.205
11108,3.436
11111,3.217
11115,3.214
11118,3.29
11161,42.611
11164,3.441
11168,3.468
11171,3.263
11177,5.223
11221,44.132
11225,3.676
11228,3.412
11231,3.339
11235,3.392
11238,3.36
11281,42.283
11285,3.834
11288,3.279
11291,3.215
11295,3.138
11298,3.445
11302,3.732
11305,3.289
11349,43.441
11352,3.376
11356,3.365
11359,3.621
11401,41.458
11405,3.695
11408,3.345
11412,3.291
11415,3.275
11418,3.366
11422,3.354
11425,2.909
11428,3.278
11473,44.653
11477,3.626
11521,44.233
11525,3.797
11528,3.403
11532,3.623
11536,3.397
11539,3.37
11543,3.451
11585,41.998
11629,44.383
11633,3.806
11637,3.42
11640,2.998
11643,2.91
11646,2.976
11689,43.357
11733,43.483
11737,4.157
11741,3.424
11744,3.079
11747,3.408
11751,3.253
11754,3.123
11757,3.432
11760,2.804
11763,2.895
11805,41.785
11809,3.545
11853,44.191
11856,3.459
11901,44.475
11905,3.448
11949,44.489
11953,3.733
11957,3.658
11960,3.213
11963,3.269
11967,3.371
11970,3.125
11973,3.065
11977,3.217
12021,44.422
12025,3.618
12028,3.379
12035,6.624
12038,3.482
12042,3.4
12045,3.423
12049,3.428
12052,3.045
12055,3.179
12059,3.633
12062,3.34
12066,3.207
12069,3.404
12072,3.029
12075,3.066
12117,41.374
12121,3.723
12166,44.763
12169,3.803
12173,3.743
12177,3.617
12180,3.239
12184,3.457
12188,4.159
12233,45.313
12238,4.52
12242,3.962
12246,3.636
12250,3.594
12253,3.561
12257,3.529
12261,3.817
12264,3.596
12269,4.547
12272,3.251
12276,3.788
12288,12.044
12292,3.639
12295,3.042
12299,3.75
12341,41.701
12345,4.124
12349,3.526
12353,3.887
12357,4.382
12361,4.018
12366,5.004
12370,4.06
12374,3.672
12378,3.76
12382,3.805
12385,3.428
12389,3.467
12392,3.341
12396,3.834
12400,3.611
12403,3.419
12407,3.0
12449,42.766
12454,4.677
12497,43.075
12501,3.799
12505,3.956
12509,4.006
12513,3.907
12517,3.422
12561,44.074
12565,3.809
12569,4.022
12575,6.139
12579,3.707
12583,3.787
12587,3.702
12590,3.42
12594,3.407
12597,3.381
12600,2.896
12604,3.393
12608,3.998
12612,4.617
12616,3.497
12620,3.803
12623,3.127
12627,3.669
12630,3.526
12634,3.553
12638,3.796
12642,3.675
12645,3.547
12649,3.632
12652,3.392
12656,3.506
12660,3.689
12663,3.504
12667,3.73
12671,3.809
12675,3.619
12678,3.598
12682,3.871
12686,3.366
12689,3.445
12693,3.618
12696,3.414
12702,5.689
12706,3.409
12709,3.621
12713,3.454
12716,3.388
12720,3.936
12724,3.713
12728,4.065
12732,3.261
12734,2.773
12778,42.983
12782,4.451
12787,4.426
12791,4.685
12795,3.834
12799,4.01
12803,3.539
12807,3.999
12811,3.721
12814,3.442
12818,3.364
12821,3.4
12825,3.598
12828,3.253
12834,5.467
12838,4.062
12842,3.806
12846,3.737
12849,3.532
12853,3.887
12857,3.792
12861,3.634
12905,44.474
12913,7.382
12917,3.995
12921,3.809
12966,44.504
12970,4.09
12973,3.564
12977,3.515
12981,3.918
12985,3.883
12989,3.758
12993,3.83
13037,44.619
13042,4.343
13046,4.076
13051,4.645
13055,3.659
13058,3.3
13062,3.943
13066,3.858
13069,3.485
13073,3.872
13077,3.394
13081,3.671
13084,3.713
13088,3.552
13092,3.702
13095,3.429
13099,3.679
13104,5.2
13109,4.346
13113,3.984
13117,4.257
13121,3.711
13127,5.538
13130,3.586
13134,3.404
13137,3.547
13141,3.621
13145,3.653
13149,3.678
13154,5.136
13157,3.58
13161,3.697
13165,3.687
13169,3.597
13172,3.429
13176,3.634
13179,3.454
13183,3.752
13187,3.677
13191,3.63
13194,3.542
13198,3.393
13201,3.472
13205,4.025
13209,3.604
13212,3.143
13216,3.716
13220,3.712
13223,3.457
13227,3.388
13230,3.451
13234,3.068
13237,3.594
13241,3.482
13244,3.229
13248,3.462
13252,3.986
13258,5.898
13261,3.707
13265,3.629
13269,3.67
13314,44.688
13318,3.968
13322,4.252
13326,3.868
13330,3.649
13334,4.147
13338,3.91
13342,3.962
13345,3.243
13349,3.902
13353,3.882
13357,3.419
13360,3.425
13364,3.603
13367,2.865
13410,42.647
13414,3.962
13418,3.843
13421,3.507
13425,3.591
13429,3.941
13433,3.963
13437,3.862
13441,3.749
13444,3.476
13448,3.57
13451,2.73
13454,3.237
13458,4.119
13466,7.201
13469,3.611
13473,3.495
13476,3.283
13480,3.382
13483,3.528
13486,2.777
13489,2.965
13533,44.178
13538,4.687
13542,4.008
13546,3.986
13551,4.079
13554,3.718
13558,3.624
13562,3.553
13565,3.744
13569,3.347
13572,3.16
13575,3.233
13578,2.895
13622,43.009
13626,4.585
13630,3.927
13634,3.389
13638,3.869
13642,3.794
13645,3.223
13649,3.748
13652,3.575
13656,3.705
13659,3.157
13663,3.852
13668,4.277
13710,42.107
13716,5.601
13720,4.09
13723,3.378
13727,3.689
13731,3.74
13735,3.741
13738,3.778
13743,3.996
13746,3.57
13750,3.447
13753,3.103
13798,44.502
13802,4.456
13806,4.107
13810,3.321
13814,4.442
13818,4.129
13822,3.94
13826,3.555
13830,3.512
13833,3.299
13877,43.627
13880,3.48
13884,3.12
13889,5.114
13892,3.546
13937,44.999
13942,4.39
13986,43.579
13991,4.733
13995,3.912
13999,4.139
14005,5.882
14011,6.45
14015,3.814
14019,3.909
14023,3.774
14027,3.486
14030,3.53
14034,3.599
14038,3.738
14041,3.355
14045,3.305
14048,3.254
14051,3.085
14054,2.985
14058,3.432
14061,3.414
14064,3.376
14068,3.439
14071,3.269
14075,3.492
14078,3.348
14082,3.594
14086,3.469
14089,3.505
14093,3.405
14097,3.857
14100,2.917
14103,3.301
14106,3.416
14110,3.627
14113,3.046
14117,3.575
14121,3.901
14124,3.167
14127,3.087
14133,5.807
14137,3.468
14140,3.333
14143,3.154
14146,3.087
14150,3.261
14153,3.417
14157,3.452
14160,3.647
14164,3.875
14168,3.718
14172,3.98
14176,3.509
14180,3.68
14183,3.151
14187,3.612
14190,3.658
14194,3.423
14197,3.036
14200,3.534
14204,3.513
14208,3.941
14212,3.679
14215,3.493
14219,4.006
14223,3.951
14227,3.729
14231,3.887
14235,3.731
14239,3.816
14242,3.359
14286,43.146
14290,4.391
14297,7.255
14302,4.204
14305,3.596
14309,4.004
14314,3.974
14317,3.63
14321,3.659
14325,3.761
14329,3.828
14334,5.142
14338,3.98
14343,4.235
14347,4.429
14352,4.164
14356,4.102
14361,4.484
14365,3.972
14369,4.349
14374,4.319
14378,3.838
14382,3.841
14386,3.724
14389,3.712
14394,4.062
14398,3.994
14402,4.197
14406,3.939
14410,3.724
14414,3.891
14418,4.058
14422,3.47
14466,43.354
14470,4.273
14474,4.171
14479,3.961
14484,5.713
14530,45.362
14535,4.606
14540,4.695
14545,4.876
14550,4.691
14554,4.157
14558,4.236
14562,3.839
14566,3.618
14570,3.896
14574,3.957
14579,4.754
14584,4.22
14588,4.538
14592,3.645
14597,4.41
14641,43.466
14646,5.208
14650,4.148
14654,4.076
14660,5.476
14664,3.663
14676,4.197
14682,6.558
14686,3.749
14691,4.007
14695,3.964
14699,4.034
14744,44.391
14748,4.655
14752,3.807
14756,3.776
14761,4.142
14810,49.278
14816,5.292
14821,4.814
14825,4.171
14829,4.14
14834,4.166
14838,3.816
14842,4.213
14846,4.156
14851,4.098
14855,4.329
14859,3.872
14863,4.046
14867,3.504
14871,3.49
14875,4.014
14923,48.19
14928,4.993
14934,5.05
14938,4.457
14943,4.402
14948,4.52
14953,5.135
14957,4.209
14962,4.106
14966,3.887
14969,3.621
14973,3.415
14977,3.866
14981,4.16
14986,4.057
14990,4.307
14994,4.109
15001,6.709
15006,4.3
15010,3.959
15014,4.215
15018,4.01
15023,4.188
15027,3.704
15031,3.877
15045,14.298
15049,3.907
15054,4.51
15058,3.963
15062,3.96
15068,4.422
15072,4.19
15076,4.141
15081,4.283
15085,4.227
15089,4.2
15094,3.94
15098,4.108
15102,3.935
15106,4.311
15111,4.441
15115,4.115
15120,4.825
15125,4.175
15128,3.77
15173,44.308
15177,3.661
15181,3.974
15186,4.522
15190,4.224
15194,4.004
15202,7.438
15206,3.711
15210,4.396
15214,3.97
15219,4.523
15224,4.361
15228,4.148
15232,4.101
15237,4.13
15241,4.293
15245,4.096
15249,3.965
15253,3.761
15258,4.398
15263,4.588
15266,3.539
15270,3.779
15274,3.66
15278,3.879
15282,4.033
15288,5.126
15292,3.889
15296,4.214
15300,4.1
15305,4.327
15309,4.232
15313,3.984
15318,4.175
15328,9.726
15332,4.252
15336,3.435
15340,3.809
15344,3.938
15348,4.131
15355,6.279
15359,4.345
15364,4.26
15368,4.228
15373,4.445
15377,3.92
15381,4.108
15385,3.703
15389,3.742
15433,44.465
15438,4.388
15442,4.115
15446,3.817
15450,4.033
15455,4.089
15459,3.856
15464,4.811
15467,3.618
15471,4.034
15476,4.006
15479,3.495
15483,3.445
15486,3.352
15490,3.27
15493,3.501
15497,3.989
15501,3.487
15504,2.961
15507,3.182
15511,3.462
15515,3.564
15557,42.655
15563,5.147
15567,4.395
15575,7.267
15580,4.762
15584,4.235
15589,4.694
15633,43.94
15639,5.265
15643,4.425
15648,4.305
15652,4.415
15657,4.382
15661,4.353
15705,43.973
15710,4.652
15716,6.143
15721,4.72
15726,4.535
15731,4.895
15736,4.405
15740,4.137
15745,4.487
15750,4.754
15754,4.345
15759,4.646
15763,4.251
15768,4.045
15772,4.326
15776,4.279
15782,5.441
15786,4.077
15791,4.523
15796,4.486
15800,4.432
15807,6.315
15811,3.916
15815,3.864
15819,4.392
15824,4.375
15828,4.154
15832,3.923
15836,3.805
15841,4.601
15846,4.373
15850,4.17
15854,4.181
15898,43.28
15903,4.717
15907,4.604
15912,3.854
15916,3.959
15920,4.454
15924,3.89
15969,44.679
15973,3.877
15978,4.953
15983,4.309
15987,3.711
15991,4.278
15995,3.861
16000,4.143
16004,3.967
16046,42.392
16051,4.708
16055,3.577
16062,6.581
16066,4.081
16070,4.384
16114,43.895
16119,4.046
16123,4.173
16127,3.968
16131,4.035
16136,4.332
16140,3.987
16144,4.239
16190,44.998
16195,4.779
16199,4.27
16203,4.06
16208,4.141
16212,4.254
16216,4.026
16220,4.165
16225,4.161
16229,4.575
16234,3.899
16238,4.537
16243,4.946
16248,4.412
16252,4.362
16256,3.812
16260,3.907
16265,4.479
16269,4.268
16273,3.757
16281,7.463
16286,4.685
16291,4.731
16295,4.244
16300,4.266
16304,4.195
16307,3.329
16349,41.735
16354,4.125
16358,3.963
16362,3.793
16366,3.822
16369,3.37
16373,3.559
16376,3.442
16380,3.648
16384,3.553
16388,3.643
16391,3.08
16394,3.56
16398,3.312
16402,3.64
16406,4.515
16410,3.728
16414,3.735
16418,3.759
16422,3.996
16426,3.325
16429,3.636
16433,3.546
16437,3.53
16440,3.541
16444,3.541
16450,6.407
16493,42.354
16497,4.041
16501,3.919
16506,4.18
16510,4.198
16514,3.959
16518,3.816
16522,3.652
16565,43.055
16569,3.876
16573,3.978
16577,4.12
16581,3.883
16586,4.365
16629,43.055
16634,4.206
16638,4.566
16643,4.193
16647,4.316
16651,3.852
16656,4.524
16660,4.279
16665,4.313
16669,4.241
16673,4.288
16678,4.279
16682,4.343
16687,4.109
16691,4.005
16695,4.173
16737,42.081
16741,3.74
16747,5.739
16789,42.084
16794,4.346
16798,4.041
16802,4.062
16807,4.599
16811,3.777
16814,3.288
16818,2.998
16821,3.203
16824,3.271
16828,3.368
16831,2.962
16834,3.026
16838,3.671
16841,3.637
16847,4.986
16850,3.572
16855,4.274
16859,4.349
16863,4.068
16868,4.009
16871,3.635
16875,3.884
16879,3.836
16883,3.648
16887,3.77
16892,4.401
16896,3.684
16900,3.994
16904,3.984
16908,3.706
16912,3.736
16918,6.658
16922,3.363
16926,3.546
16930,3.891
16941,11.423
16945,4.031
16949,3.778
16953,3.73
16957,4.038
16961,3.893
16966,4.129
16970,3.985
16974,3.661
16978,3.984
16982,3.87
16985,3.493
16989,3.53
17033,44.147
17037,3.787
17041,4.013
17048,6.238
17051,3.5
17056,4.045
17060,4.105
17064,3.792
17068,4.307
17073,4.211
17077,3.814
17080,3.566
17125,44.704
17129,3.639
17134,5.044
17138,3.525
17142,3.759
17148,5.812
17151,3.504
17155,3.382
17158,3.295
17201,42.745
17205,3.839
17209,3.577
17212,3.723
17216,3.426
17219,3.323
17223,3.52
17265,41.732
17269,3.478
17272,3.212
17275,3.334
17279,3.227
17321,42.126
17325,3.888
17370,44.772
17374,4.429
17379,4.205
17383,4.496
17387,3.778
17392,4.188
17396,3.936
17400,4.036
17404,4.259
17450,45.288
17455,4.698
17459,4.04
17501,42.067
17505,3.7
17509,4.325
17517,7.734
17521,3.83
17526,4.298
17530,3.917
17533,3.479
17577,43.432
17581,3.733
17584,3.519
17588,3.253
17591,3.069
17595,3.64
17599,3.989
17641,42.081
17645,3.907
17689,43.893
17694,4.208
17698,4.339
17702,3.632
17706,4.067
17710,3.817
17753,42.774
17758,5.397
17763,4.059
17766,3.759
17770,3.474
17774,3.696
17778,3.936
17782,3.578
17825,43.067
17829,3.893
17833,4.37
17837,3.823
17844,6.376
17848,3.727
17851,3.529
17893,41.182
17897,3.973
17901,3.792
17945,43.758
17949,4.073
17953,3.824
17957,3.933
17961,3.527
18005,43.791
18009,3.961
18012,3.569
18016,3.338
18019,3.227
18023,3.296
18026,3.066
18069,42.756
18072,3.536
18117,44.038
18120,3.457
18124,3.404
18127,3.117
18130,3.226
18134,3.289
18137,3.062
18181,43.849
18185,3.695
18188,3.617
18233,44.514
18237,3.622
18240,3.238
18244,3.314
18247,3.346
18253,5.913
18256,3.022
18259,3.069
18263,3.15
18266,3.354
18309,42.98
18313,3.948
18320,6.056
18324,4.053
18328,4.297
18333,4.094
18336,3.119
18339,3.315
18343,3.459
18346,3.511
18354,7.669
18358,3.688
18362,3.898
18366,3.755
18370,3.814
18374,3.696
18378,3.907
18381,3.408
18425,43.62
18430,4.552
18434,3.578
18438,3.928
18442,4.036
18446,3.883
18450,3.626
18453,3.508
18457,3.283
18460,3.564
18464,3.414
18470,5.963
18513,42.888
18516,3.28
18561,44.216
18565,3.75
18568,3.357
18572,3.255
18576,3.967
18579,3.442
18583,3.556
18587,3.666
18590,3.494
18594,3.451
18598,3.903
18602,4.177
18607,3.925
18610,3.369
18614,3.429
18617,3.115
18620,3.348
18624,3.461
18627,3.247
18636,7.589
18682,45.15
18686,3.948
18690,3.676
18693,3.561
18698,3.871
18701,3.258
18704,3.129
18708,3.411
18711,3.443
18753,41.495
18757,3.619
18762,4.95
18766,3.605
18771,5.546
18813,41.786
18818,4.18
18821,3.599
18825,3.628
18829,3.582
18839,9.528
18882,42.771
18885,3.434
18929,43.469
18933,3.645
18936,3.619
18940,3.554
18944,4.145
18949,4.044
18953,3.864
18956,3.627
18960,3.372
18964,3.778
18968,4.017
18971,3.327
18975,3.33
19020,44.698
19024,3.548
19028,3.78
19031,3.695
19035,3.429
19039,4.185
19043,3.553
19047,4.073
19052,4.132
19055,3.651
19059,3.546
19064,5.231
19068,3.466
19072,3.604
19076,3.708
19117,41.519
19122,4.991
19127,4.51
19132,4.503
19177,45.334
19182,4.564
19187,4.44
19191,3.848
19195,3.751
19198,3.752
19202,3.759
19206,3.642
19210,3.648
19213,3.42
19217,3.398
19262,45.381
19266,3.514
19270,3.329
19274,3.886
19278,3.795
19281,3.675
19285,3.62
19289,3.599
19333,43.61
19337,3.802
19342,5.188
19346,4.071
19350,3.716
19354,3.615
19359,5.312
19364,4.338
19368,3.755
19372,3.778
19417,45.558
19423,5.3
19427,3.737
19431,3.782
19434,3.373
19438,3.581
19442,3.731
19446,3.962
19450,4.302
19454,3.542
19498,43.346
19501,3.399
19505,3.673
19510,4.88
19514,3.515
19557,43.431
19601,43.844
19607,5.278
19610,3.728
19653,42.517
19657,3.871
19663,5.338
19666,3.498
19670,3.374
19713,43.321
19717,3.806
19721,3.517
19724,3.403
19728,3.582
19732,3.368
19773,41.085
19776,3.396
19782,5.264
19825,42.979
19829,3.948
19833,3.722
19837,3.71
19841,3.744
19844,3.564
19848,3.638
19852,3.404
19855,3.526
19859,3.355
19862,3.311
19865,3.188
19869,3.132
19872,3.235
19882,9.52
19892,10.635
19937,44.527
19941,3.622
19945,3.489
19948,3.469
19951,3.208
19955,3.307
19958,3.067
19962,3.441
19965,3.349
19968,3.292
20013,44.258
20017,3.927
20021,3.452
20024,3.424
20028,3.488
20031,3.508
20037,5.391
20040,3.377
20044,3.253
20047,2.993
20050,3.026
20093,43.355
20097,3.583
20101,3.692
20105,3.509
20108,3.565
20112,3.518
20115,3.261
20119,3.309
20123,3.517
20126,3.508
20130,3.377
20133,3.211
20137,3.397
20140,3.503
20144,3.371
20153,8.918
20157,4.206
20161,3.485
20164,3.207
20209,44.163
20213,4.191
20217,3.822
20220,3.305
20224,3.158
20227,3.401
20231,3.676
20234,3.189
20276,41.938
20280,3.485
20286,6.072
20290,3.637
20294,3.396
20297,3.471
20301,3.486
20306,4.957
20310,3.485
20313,3.322
20316,3.045
20320,3.34
20323,3.139
20326,3.467
20330,3.046
20373,43.151
20377,3.662
20380,3.353
20384,3.301
20388,4.144
20392,3.964
20397,4.477
20400,3.51
20404,3.242
20407,3.453
20411,3.6
20414,3.421
20457,42.646
20461,3.65
20464,3.368
20468,3.565
20472,3.37
20475,3.653
20480,4.083
20484,4.404
20488,3.418
20491,3.144
20494,3.402
20500,5.251
20503,3.27
20506,3.158
20510,3.688
20514,3.714
20518,3.876
20522,3.698
20526,4.26
20530,3.632
20534,3.949
20538,4.016
20542,3.682
20546,3.49
20549,3.397
20593,43.247
20598,4.859
20603,4.677
20606,3.793
20610,3.854
20615,4.028
20618,3.448
20622,3.745
20625,3.293
20629,3.822
20673,43.92
20678,4.858
20683,4.282
20687,4.293
20692,4.574
20696,4.12
20700,3.968
20705,4.251
20709,4.097
20713,4.176
20721,6.973
20725,4.406
20729,4.219
20734,4.132
20738,4.376
20743,4.444
20747,4.462
20752,4.081
20756,4.626
20761,4.481
20765,4.248
20770,4.447
20774,4.097
20779,4.413
20783,3.852
20786,3.371
20791,4.14
20795,3.942
20837,42.58
20842,4.122
20846,4.317
20850,4.282
20855,4.177
20859,3.791
20865,5.695
20869,4.45
20873,3.877
20878,4.471
20882,3.973
20887,4.617
20891,4.319
20896,4.724
20903,6.501
20907,4.025
20912,4.677
20916,4.044
20920,4.079
20924,4.18
20928,3.917
20933,4.464
20937,3.86
20942,4.528
20946,4.34
20951,4.246
20955,4.719
20960,4.287
20964,4.148
20969,4.886
20975,5.345
20980,4.629
20984,4.635
21030,45.099
21034,4.73
21039,4.857
21044,4.452
21048,4.063
21053,4.2
21098,44.968
21103,4.648
21108,4.887
21113,4.562
21117,4.589
21123,5.128
21128,5.009
21133,4.825
21143,9.787
21147,4.383
21152,4.065
21157,5.785
21162,4.456
21166,4.094
21171,4.295
21175,4.054
21179,4.112
21183,4.125
21188,4.153
21192,4.428
21197,4.248
21201,4.149
21205,4.139
21209,4.121
21214,4.495
21218,3.942
21222,3.887
21226,4.092
21230,3.764
21235,3.775
21239,3.986
21281,41.701
21286,4.47
21291,4.597
21295,4.527
21302,6.208
21306,4.569
21311,4.354
21316,4.631
21361,44.677
21365,4.284
21369,3.82
21376,7.242
21380,3.991
21385,4.491
21389,4.107
21394,4.696
21399,4.377
21403,4.104
21407,3.956
21411,3.945
21416,4.64
21420,3.752
21424,4.29
21429,4.551
21433,3.895
21437,3.726
21440,3.53
21444,3.821
21448,3.599
21452,3.805
21456,3.685
21459,3.728
21463,3.722
21467,3.903
21471,3.694
21475,3.731
21517,42.07
21521,3.748
21525,4.017
21529,3.635
21533,3.873
21537,3.65
21581,44.426
21585,3.924
21589,4.049
21596,6.06
21600,4.036
21604,4.048
21608,3.644
21649,41.307
21653,3.749
21657,3.934
21661,3.953
21665,3.857
21669,3.757
21673,3.571
21676,3.751
21680,3.406
21683,3.394
21725,41.413
21729,3.687
21732,3.482
21736,3.434
21740,3.675
21743,3.646
21747,3.576
21789,42.088
21793,3.87
21798,4.632
21803,5.135
21807,3.476
21811,4.146
21815,4.046
21820,4.641
21825,4.424
21829,4.602
21834,4.479
21838,4.205
21846,7.421
21850,4.409
21855,4.352
21859,4.395
21864,4.061
21868,4.163
21872,4.381
21878,5.305
21882,4.176
21886,3.852
21890,4.024
21894,4.276
21899,4.165
21903,4.593
21908,4.774
21913,4.515
21918,4.536
21922,4.147
21927,5.082
21932,4.391
21936,4.608
21940,4.106
21945,4.199
21950,4.602
21954,4.205
21958,4.312
21962,4.086
21967,4.044
21970,3.434
21974,3.373
21977,3.527
21982,4.2
21989,7.576
21994,4.197
21997,3.612
22001,3.944
22006,4.266
22009,3.505
22013,3.552
22057,44.106
22063,5.18
22067,4.653
22072,4.375
22076,4.424
22080,3.889
22084,3.901
22089,4.043
22092,3.449
22097,4.344
22101,4.311
22145,44.22
22150,4.274
22154,3.994
22159,5.195
22163,4.198
22168,4.006
22172,4.055
22176,4.156
22186,9.854
22190,4.157
22194,3.727
22198,3.941
22202,3.759
22206,4.049
22210,3.919
22218,7.185
22222,4.044
22226,3.948
22230,4.188
22234,3.904
22238,3.648
22241,3.43
22246,4.28
22256,9.493
22260,4.34
22264,3.847
22268,3.97
22272,3.817
22276,3.6
22279,3.587
22283,3.256
22325,42.265
22331,5.939
22336,4.147
22340,3.908
22343,3.728
22385,41.631
22390,4.192
22394,3.954
22398,4.392
22403,4.349
22407,3.84
22411,3.951
22414,3.367
22418,3.957
22422,3.46
22425,3.469
22429,3.839
22433,3.683
22440,6.71
22444,3.692
22448,3.981
22451,3.015
22454,3.157
22458,3.768
22462,3.986
22466,3.798
22470,4.039
22474,3.792
22478,3.905
22483,4.382
22487,3.59
22529,42.553
22534,4.364
22538,4.062
22581,42.979
22585,4.091
22590,4.06
22594,3.991
22598,4.156
22602,4.232
22606,3.816
22611,4.145
22615,4.154
22619,3.554
22623,4.374
22627,4.144
22632,4.494
22636,3.612
22640,3.821
22644,3.875
22648,3.959
22652,3.756
22659,6.636
22663,3.954
22667,3.76
22672,5.369
22676,3.906
22680,3.9
22684,4.079
22689,4.033
22693,3.883
22697,3.831
22700,3.8
22704,3.756
22708,3.956
22712,3.768
22716,3.523
22720,3.502
22723,3.357
22726,3.262
22731,4.144
22735,3.889
22739,4.043
22743,4.015
22747,4.089
22751,3.637
22755,3.387
22759,4.181
22763,4.141
22767,4.022
22772,4.079
22813,41.416
22818,4.531
22822,4.247
22826,3.785
22831,4.371
22837,6.569
22842,4.042
22846,4.019
22850,4.203
22854,4.081
22859,4.28
22863,3.879
22867,4.071
22871,4.019
22881,9.825
22886,4.631
22890,4.431
22895,4.304
22900,4.619
22904,4.132
22908,4.257
22913,4.276
22917,4.317
22922,4.384
22926,4.177
22930,3.866
22934,3.559
22938,3.718
22941,3.687
22945,3.588
22949,3.982
22953,3.508
22957,3.672
22960,3.116
22963,3.481
23005,41.32
23009,3.665
23025,16.134
23030,5.14
23034,3.376
23037,3.508
23082,44.545
23086,4.161
23090,4.128
23095,4.187
23099,3.823
23102,3.682
23145,42.698
23149,4.031
23155,5.359
23197,42.047
23202,4.407
23206,4.535
23211,4.368
23216,4.554
23221,5.663
23226,4.102
23230,4.059
23234,3.78
23238,4.069
23242,3.748
23245,3.604
23249,3.901
23253,3.869
23257,3.828
23262,4.21
23266,4.129
23270,3.926
23274,4.127
23278,3.689
23282,3.629
23289,6.502
23292,3.717
23297,4.111
23301,4.261
23304,3.302
23308,3.504
23312,3.529
23316,3.858
23320,3.755
23324,4.029
23328,3.928
23332,4.394
23336,3.645
23340,4.059
23345,4.86
23349,4.045
23353,3.95
23357,3.784
23361,3.947
23365,3.776
23369,3.838
23373,3.603
23418,44.606
23422,4.278
23426,4.013
23430,4.012
23435,4.208
23439,4.149
23443,3.994
23447,3.932
23452,4.026
23456,3.922
23460,3.982
23466,5.75
23470,4.022
23473,3.594
23477,3.696
23481,3.517
23485,3.544
23489,4.071
23493,3.695
23497,3.835
23500,3.505
23504,3.522
23508,3.793
23512,3.652
23515,3.609
23557,41.868
23562,4.629
23566,4.076
23571,4.125
23575,4.374
23579,3.863
23584,4.328
23590,5.868
23594,3.986
23598,4.249
23602,3.87
23606,3.839
23610,3.694
23614,3.867
23617,3.318
23622,4.198
23626,3.993
23629,3.439
23636,6.148
23677,40.812
23681,4.675
23686,4.341
23690,3.923
23694,4.172
23698,3.747
23703,4.157
23707,4.268
23711,4.129
23715,3.842
23719,3.628
23724,4.28
23728,4.485
23732,4.048
23736,3.905
23741,3.94
23745,4.173
23748,3.268
23752,3.408
23756,3.909
23760,3.584
23764,3.845
23767,3.73
23772,4.083
23776,4.089
23780,4.129
23785,4.401
23789,4.059
23793,4.233
23797,3.749
23802,4.418
23805,3.604
23809,3.853
23817,6.933
23822,5.372
23866,43.572
23871,4.804
23875,4.466
23880,4.5
23884,4.277
23889,4.429
23893,3.282
23896,3.485
23902,5.588
23906,3.621
23910,4.018
23914,4.014
23918,3.774
23922,3.765
23926,4.007
23930,3.965
23934,3.864
23938,3.865
23942,3.976
23946,3.978
23951,4.102
23955,4.195
23959,4.354
23963,3.757
23968,3.991
23972,3.873
23976,4.373
23980,3.982
23986,5.567
23990,3.957
23994,4.006
24001,6.692
24005,3.757
24009,3.813
24013,4.191
24017,3.494
24022,4.636
24026,4.147
24030,4.022
24034,3.578
24039,5.295
24043,3.614
24046,3.269
24050,3.289
24053,3.671
24057,3.529
24060,2.931
24063,3.401
24066,2.902
24070,3.44
24073,3.446
24077,3.485
24080,3.17
24092,7.418
24096,3.873
24100,3.582
24103,3.57
24108,4.032
24112,4.031
24116,3.931
24119,3.568
24123,3.758
24128,4.369
24131,3.177
24173,42.348
24181,7.529
24186,4.295
24190,4.502
24195,4.537
24200,4.928
24204,3.991
24208,3.688
24211,3.358
24253,41.891
24258,4.517
24262,4.044
24266,3.953
24270,3.709
24273,3.27
24277,3.435
24281,3.936
24285,3.946
24289,3.506
24292,3.474
24296,3.484
24300,3.939
24304,4.215
24308,3.774
24354,45.34
24358,4.339
24364,5.472
24368,4.042
24371,3.478
24375,3.695
24379,3.688
24383,3.754
24386,3.28
24390,3.98
24394,3.512
24398,3.413
24404,6.219
24407,3.469
24411,3.438
24415,3.874
24419,3.579
24422,3.339
24426,4.186
24430,3.757
24435,4.132
24439,3.894
24442,3.731
24486,43.002
24490,4.02
24494,3.815
24498,4.364
24503,4.319
24506,3.89
24510,3.874
24515,4.248
24519,4.228
24524,4.473
24528,3.85
24532,3.618
24535,3.65
24539,3.789
24543,3.89
24548,4.227
24551,3.652
24595,43.483
24607,11.728
24611,3.66
24614,3.725
24619,4.042
24629,4.617
24636,7.298
24640,4.022
24644,3.767
24649,4.336
24653,4.473
24658,4.574
24662,4.143
24666,3.501
24670,3.54
24673,3.777
24678,4.34
24682,4.07
24686,4.137
24690,3.977
24734,43.069
24740,6.072
24744,3.543
24747,3.427
24751,4.084
24755,3.95
24759,3.569
24762,3.49
24766,3.51
24810,43.491
24814,4.191
24818,4.091
24822,4.089
24828,5.977
24833,4.079
24837,4.037
24841,3.901
24845,3.89
24849,4.243
24853,4.406
24897,43.462
24901,4.219
24945,43.73
24951,5.353
24955,3.967
24959,3.885
24962,3.712
24967,3.945
24971,3.989
24974,3.662
24978,3.905
24982,3.79
24986,3.75
24990,3.661
24994,3.627
24997,3.134
25000,3.031
25048,47.649
25051,3.666
25055,3.344
25058,3.084
25061,3.071
25105,43.488
25149,44.257
25153,3.65
25197,44.057
25200,3.372
25204,3.357
25207,3.123
25211,3.56
25253,42.096
25256,3.309
25260,3.415
25263,3.056
25266,3.012
25271,4.785
25274,3.217
25277,3.233
25280,3.005
25284,3.236
25287,2.9
25290,3.313
25294,3.425
25297,3.548
25300,3.089
25303,2.96
25307,3.32
25310,3.081
25313,3.131
25316,2.943
25319,3.274
25322,2.912
25325,2.854
25328,2.77
25331,2.765
25373,41.939
25377,4.029
25381,3.853
25385,3.66
25388,3.402
25392,3.603
25395,3.436
25399,3.038
25402,3.047
25405,3.439
25449,43.767
25453,3.831
25457,3.955
25461,3.747
25465,3.679
25509,44.24
25513,3.821
25517,3.736
25520,3.519
25524,3.665
25528,3.58
25532,4.216
25536,3.479
25540,3.768
25544,4.058
25548,4.216
25552,4.026
25556,3.51
25559,3.371
25563,3.702
25567,4.026
25571,3.608
25575,3.91
25617,42.406
25622,4.252
25626,3.965
25630,4.293
25637,6.355
25641,3.899
25645,4.486
25650,4.851
25654,4.306
25658,3.513
25662,3.547
25665,3.121
25668,3.475
25672,3.596
25676,3.555
25680,3.765
25685,5.607
25689,3.71
25693,3.634
25697,3.588
25700,3.199
25703,3.442
25707,3.349
25710,3.526
25714,3.33
25718,3.674
25721,2.991
25724,3.146
25727,3.428
25731,3.702
25734,3.23
25738,3.213
25742,3.702
25745,3.533
25749,3.656
25752,3.011
25755,3.275
25758,3.078
25801,42.202
25804,3.656
25808,3.743
25812,3.577
25816,4.062
25861,44.284
25864,3.325
25868,3.63
25871,3.585
25878,6.496
25881,3.422
25885,3.65
25889,3.672
25896,7.446
25900,3.396
25904,3.55
25907,3.243
25910,3.42
25953,42.286
25957,3.893
25960,3.562
25964,3.297
25967,3.135
25970,3.257
26013,42.439
26057,43.765
26060,3.46
26064,3.757
26068,3.511
26071,3.367
26075,3.53
26079,3.634
26082,3.534
26086,3.38
26089,3.188
26133,44.245
26137,3.874
26141,3.712
26145,3.952
26149,3.763
26153,3.42
26157,3.789
26160,3.428
26164,3.438
26205,41.491
26210,4.564
26214,4.047
26220,6.418
26225,4.687
26230,4.568
26234,4.034
26239,4.482
26242,3.617
26247,4.277
26251,3.961
26255,4.105
26259,3.98
26263,3.905
26267,3.76
26271,4.051
26275,4.188
26279,4.2
26283,3.607
26287,4.157
26292,4.037
26296,4.101
26300,4.373
26304,3.936
26308,3.713
26312,3.658
26316,3.955
26320,3.737
26324,4.283
26328,3.476
26332,3.983
26336,3.866
26377,41.467
26381,4.274
26385,3.692
26389,3.783
26396,6.887
26401,4.401
26405,4.44
26409,3.694
26412,3.18
26417,5.246
26421,3.802
26425,3.806
26429,3.654
26433,3.597
26436,3.584
26440,3.723
26444,3.358
26487,43.358
26492,4.792
26496,3.854
26500,4.226
26504,4.019
26508,3.915
26512,4.031
26516,3.768
26520,3.938
26525,4.555
26529,3.94
26533,4.062
26537,3.772
26581,44.121
26585,3.871
26589,3.614
26594,5.114
26597,3.478
26601,3.34
26607,5.603
26649,42.416
26653,3.499
26656,3.562
26660,3.377
26663,3.533
26667,3.313
26671,3.837
26674,3.52
26678,3.612
26681,3.553
26685,3.396
26689,3.555
26733,44.351
26737,3.75
26741,4.349
26745,4.127
26751,5.243
26755,4.379
26797,41.563
26801,4.36
26806,4.084
26810,3.953
26815,5.498
26820,4.358
26823,3.879
26827,3.861
26831,3.393
26835,3.765
26838,3.671
26842,3.473
26846,3.752
26849,3.637
26853,3.563
26859,6.348
26902,41.98
26906,3.882
26949,43.794
26954,4.717
26959,4.439
26963,4.398
26967,3.825
26971,4.11
26976,4.111
26979,3.873
26983,3.672
26987,4.186
26991,3.458
26995,3.916
26999,3.616
27003,4.197
27007,4.072
27011,3.729
27014,3.381
27018,3.685
27022,3.709
27025,3.635
27029,3.928
27033,3.813
27037,3.543
27040,3.386
27044,3.838
27089,44.723
27093,3.722
27096,3.435
27100,3.258
27103,3.522
27107,4.058
27114,6.049
27117,3.773
27163,45.581
27168,4.434
27171,3.848
27176,4.372
27180,4.385
27184,3.963
27189,4.242
27193,3.98
27197,3.946
27201,4.226
27205,4.033
27209,4.202
27213,3.906
27217,3.921
27221,3.93
27265,43.1
27269,4.45
27274,4.363
27278,4.083
27282,3.909
27285,3.677
27289,3.954
27293,3.475
27297,3.689
27301,4.431
27305,3.93
27309,3.785
27313,3.382
27317,4.019
27321,3.893
27324,3.714
27331,6.877
27335,3.46
27338,3.439
27342,3.207
27345,3.269
27348,3.2
27352,3.473
27356,3.869
27360,4.021
27363,3.505
27367,3.964
27371,3.953
27375,3.92
27379,3.884
27420,40.839
27424,3.54
27429,5.312
27433,3.875
27437,3.656
27441,3.542
27444,3.66
27448,3.978
27452,3.873
27456,3.916
27460,3.84
27464,3.826
27468,3.679
27472,3.568
27476,4.057
27479,3.627
27483,3.926
27488,4.307
27491,3.661
27498,6.385
27502,3.685
27545,43.416
27550,4.849
27554,4.129
27597,42.401
27602,4.629
27606,4.608
27612,5.724
27616,3.804
27620,4.271
27624,3.551
27628,4.296
27632,4.148
27637,4.058
27641,3.971
27644,3.494
27648,3.779
27652,3.735
27656,3.853
27659,3.512
27663,3.549
27666,3.194
27669,3.113
27673,3.868
27677,3.855
27681,3.582
27685,3.724
27688,3.408
27691,3.197
27695,3.43
27699,4.063
27703,3.732
27709,6.529
27713,3.661
27716,3.137
27720,3.83
27767,46.28
27770,3.77
27775,4.547
27779,4.297
27784,4.336
27789,4.763
27793,3.969
27797,3.817
27801,4.174
27845,44.526
27850,4.414
27854,4.091
27858,4.037
27862,4.178
27866,3.899
27870,3.614
27877,7.284
27922,44.279
27926,4.467
27931,4.244
27935,4.018
27939,3.86
27943,3.778
27946,3.562
27950,3.359
27954,4.134
27957,3.221
27961,3.701
27965,3.524
27970,5.776
27974,3.433
27978,3.866
27981,3.346
27985,3.369
27990,4.93
27994,3.874
27998,3.835
28002,4.156
28006,3.519
28009,3.652
28013,3.566
28016,3.343
28020,3.357
28024,3.659
28027,3.361
28031,3.735
28034,3.578
28038,3.351
28042,3.826
28046,4.032
28050,4.428
28054,3.803
28058,3.441
28062,4.068
28066,3.771
28069,3.105
28073,3.604
28076,3.601
28080,3.684
28084,3.507
28088,4.186
28093,5.287
28100,6.442
28104,3.591
28108,4.009
28112,4.15
28115,3.207
28119,3.641
28123,3.725
28127,3.973
28131,4.339
28136,4.618
28140,3.963
28144,3.667
28148,3.772
28152,3.899
28156,3.951
28160,3.972
28163,3.692
28167,3.539
28171,3.708
28174,3.456
28178,3.655
28182,3.597
28186,3.863
28190,4.016
28194,3.842
28198,3.663
28201,3.473
28205,3.565
28209,3.968
28212,3.371
28216,3.904
28220,3.65
28265,45.105
28269,4.011
28313,43.043
28358,44.893
28363,5.084
28367,3.617
28370,3.321
28413,42.976
28417,3.736
28461,43.765
28465,3.817
28470,5.387
28474,3.943
28478,3.85
28521,42.755
28525,3.905
28529,3.907
28533,3.547
28537,3.999
28541,4.139
28545,3.744
28548,3.551
28552,3.337
28593,41.107
28597,4.252
28601,4.142
28605,3.654
28609,3.803
28613,3.528
28616,3.592
28620,4.016
28624,3.638
28628,3.894
28632,3.792
28636,3.65
28640,3.669
28645,5.154
28648,3.493
28652,3.252
28655,3.424
28659,3.499
28662,3.374
28705,42.261
28709,3.835
28712,3.424
28716,3.534
28720,3.797
28723,3.395
28726,3.229
28730,3.829
28734,4.016
28738,3.698
28742,3.909
28746,3.41
28750,3.959
28753,3.657
28757,3.836
28762,4.266
28765,3.553
28769,3.717
28773,3.744
28776,3.214
28780,3.427
28783,3.326
28787,3.494
28790,3.428
28794,4.17
28798,3.861
28803,4.226
28807,4.407
28813,6.182
28817,3.579
28820,3.356
28825,4.176
28828,3.771
28832,3.982
28837,4.214
28841,3.791
28844,3.762
28849,4.261
28853,4.334
28857,4.203
28861,3.79
28865,3.673
28869,3.72
28873,3.714
28876,3.717
28881,4.35
28884,3.501
28888,3.576
28892,3.46
28896,4.788
28900,3.065
28941,41.364
28945,4.209
28950,4.178
28954,3.936
28957,3.788
28961,3.848
28965,3.906
28969,3.616
28973,3.834
29020,47.256
29032,11.442
29036,3.673
29040,4.141
29085,45.262
29089,4.205
29094,4.255
29098,4.463
29103,4.392
29145,42.315
29149,3.906
29153,4.084
29158,4.191
29162,4.279
29167,4.376
29171,4.359
29176,4.435
29180,4.297
29184,4.133
29188,4.234
29193,4.476
29198,4.745
29202,4.505
29207,4.262
29210,3.669
29214,3.739
29218,3.647
29222,3.575
29225,3.31
29232,3.429
29277,44.639
29281,4.228
29325,43.636
29329,4.218
29336,6.573
29341,4.532
29345,4.352
29349,4.085
29356,4.617
29360,3.909
29365,5.146
29369,3.419
29372,3.441
29376,3.453
29379,3.685
29383,3.956
29387,3.056
29390,3.53
29394,3.446
29397,3.61
29401,3.262
29404,3.749
29408,3.836
29412,3.685
29416,3.509
29420,3.865
29423,3.776
29465,41.466
29469,4.273
29474,4.407
29478,3.767
29481,3.313
29486,5.251
29491,4.105
29494,3.665
29498,3.551
29505,6.865
29549,43.75
29555,5.883
29559,4.225
29563,3.905
29567,3.491
29609,42.69
29614,4.761
29619,4.407
29623,3.963
29627,4.277
29633,6.113
29638,4.279
29643,4.604
29646,3.812
29651,4.017
29654,3.879
29658,3.815
29663,4.172
29667,4.037
29671,3.914
29675,4.013
29717,42.254
29722,4.219
29726,4.415
29730,4.122
29736,5.642
29740,3.56
29744,3.875
29748,4.521
29753,4.344
29758,5.15
29762,4.477
29770,7.598
29774,3.905
29778,3.87
29782,4.017
29786,3.757
29790,3.718
29794,3.814
29797,3.619
29801,3.839
29805,3.511
29809,3.749
29812,3.583
29816,3.48
29820,3.781
29824,3.725
29828,3.896
29831,3.797
29835,3.5
29839,3.561
29842,3.857
29846,3.589
29850,3.723
29854,3.624
29857,3.748
29861,3.719
29865,3.757
29869,3.517
29873,4.428
29877,4.011
29882,4.22
29886,3.95
29890,3.911
29893,3.806
29898,4.003
29904,6.219
29908,4.458
29912,3.77
29916,3.858
29920,3.957
29924,3.837
29928,3.752
29973,44.923
29977,4.181
29982,4.131
30025,43.691
30030,4.364
30035,5.216
30039,3.797
30042,3.32
30086,43.116
30090,4.513
30094,4.273
30099,4.416
30103,4.311
30107,3.699
30111,4.14
30115,3.971
30119,3.435
30122,3.329
30126,3.816
30130,4.005
30134,3.891
30138,3.864
30142,4.039
30146,3.845
30151,4.59
30155,3.912
30162,6.858
30166,4.204
30170,3.855
30174,4.136
30178,4.027
30183,4.441
30187,4.249
30192,4.791
30196,4.086
30201,4.359
30205,3.998
30209,4.302
30213,3.882
30216,3.329
30220,3.595
30224,3.862
30228,4.055
30232,3.439
30236,4.137
30239,3.393
30243,4.116
30249,5.867
30253,3.525
30257,4.05
30261,4.157
30265,3.961
30269,3.785
30273,3.57
30277,4.219
30281,4.202
30285,3.945
30289,3.814
30296,6.448
30300,3.635
30303,3.794
30307,3.879
30311,3.847
30315,4.061
30319,3.685
30323,3.698
30327,3.793
30331,3.728
30372,41.716
30377,3.954
30421,44.699
30426,4.372
30430,3.761
30434,4.022
30438,4.393
30442,3.943
30446,4.05
30452,5.152
30455,3.398
30459,3.684
30463,3.768
30467,4.094
30470,3.374
30474,3.853
30478,3.461
30482,3.672
30525,43.376
30529,4.349
30534,4.209
30538,3.834
30542,4.059
30550,7.673
30556,5.97
30560,4.603
30564,4.018
30569,4.613
30573,4.279
30577,3.904
30581,3.947
30586,4.144
30590,4.126
30594,4.271
30598,3.956
30602,3.952
30606,3.783
30610,3.747
30614,3.82
30618,3.958
30622,3.891
30625,3.462
30630,4.134
30634,3.94
30637,3.15
30640,3.078
30643,2.787
30646,3.289
30688,42.345
30692,3.45
30696,3.949
30700,3.649
30703,3.211
30708,4.649
30712,4.126
30716,3.592
30757,40.968
30760,3.339
30805,44.677
30809,4.262
30853,43.795
30857,4.477
30866,8.077
30870,4.379
30875,4.704
30879,4.107
30884,4.856
30888,4.11
30892,4.013
30896,4.219
30901,4.156
30904,3.538
30908,4.071
30912,3.138
30915,3.783
30920,4.249
30924,3.824
30928,4.068
30932,4.052
30936,3.844
30939,3.663
30943,3.551
30985,41.999
30989,4.063
30993,3.779
30996,3.219
31000,3.259
31003,3.37
31006,3.32
31049,42.615
31053,3.836
31057,3.748
31061,4.456
31066,4.427
31109,42.634
31113,4.251
31116,3.392
31120,3.573
31124,3.973
31128,3.664
31132,4.334
31139,6.514
31143,3.935
31147,3.86
31151,4.251
31155,3.955
31159,3.928
31163,3.624
31167,3.452
31170,3.529
31175,4.866
31179,3.77
31183,3.985
31187,3.93
31191,3.941
31195,3.94
31199,3.384
31205,6.14
31209,3.875
31212,3.281
31217,4.467
31221,3.649
31265,44.242
31269,4.152
31274,4.371
31278,4.245
31282,3.983
31286,4.113
31329,42.95
31334,4.321
31338,4.416
31343,4.72
31347,4.054
31351,4.105
31355,3.959
31359,3.3
31362,3.394
31406,43.293
31410,4.654
31414,3.98
31421,6.838
31425,3.984
31430,4.261
31434,3.715
31438,3.94
31442,3.951
31446,4.199
31450,3.613
31453,3.6
31497,43.845
31502,4.279
31506,4.241
31510,3.741
31513,3.644
31518,4.343
31522,4.442
31565,42.994
31570,4.448
31575,4.59
31579,4.089
31583,4.212
31587,4.075
31592,4.574
31599,7.074
31604,4.718
31608,3.915
31612,3.743
31615,3.639
31619,3.801
31623,3.871
31627,3.722
31631,3.972
31635,3.55
31638,3.599
31642,3.811
31646,3.4
31649,3.655
31653,3.142
31658,5.318
31662,3.643
31665,3.434
31669,3.396
31672,3.374
31676,3.715
31679,3.303
31683,3.577
31686,3.125
31690,3.77
31694,4.109
31698,3.605
31702,3.713
31706,3.825
31709,3.786
31713,3.675
31717,3.714
31721,3.855
31725,3.691
31728,3.757
31732,3.807
31736,3.541
31740,3.817
31743,3.469
31747,3.643
31750,3.352
31754,3.566
31758,3.757
31761,3.217
31805,43.896
31810,4.687
31815,4.58
31857,42.3
31860,3.38
31864,3.121
31905,40.959
31908,3.541
31911,3.065
31917,5.091
31961,43.956
31964,3.579
31968,3.708
31971,3.306
31975,3.369
32017,42.001
32020,3.373
32024,3.497
32027,3.277
32069,41.214
32072,3.354
32076,3.553
32079,3.535
32121,41.187
32124,3.475
32128,3.363
32131,3.454
32173,41.533
32177,3.528
32180,3.487
32184,3.467
32225,41.035
32228,3.583
32232,3.624
32236,3.452
32277,41.48
32282,4.609
32286,4.403
32291,4.152
32294,3.128
32297,3.32
32301,3.301
32304,3.687
32349,44.348
32353,3.861
32356,3.228
32362,6.148
32367,4.971
32373,5.957
32377,3.174
32380,3.435
32384,3.381
32387,3.162
32390,3.289
32394,3.423
32397,3.134
32400,3.117
32403,3.205
32444,41.118
32448,3.195
32451,3.225
32493,41.582
32496,3.651
32500,3.365
32504,3.573
32507,3.306
32511,3.569
32514,3.6
32557,42.319
32560,3.419
32564,3.468
32567,3.466
32571,3.552
32574,3.33
32578,3.185
32581,3.099
32584,2.721
32625,41.051
32629,3.783
32633,4.108
32637,4.032
32640,3.266
32685,44.315
32690,5.134
32694,3.723
32698,3.706
32701,3.441
32704,3.128
32709,5.075
32713,3.359
32717,3.651
32720,3.299
32723,3.036
32765,42.002
32769,4.165
32773,3.831
32777,3.664
32781,4.008
32785,3.836
32789,3.728
32793,3.672
32797,3.734
32800,3.462
32804,3.784
32808,3.39
32812,4.243
32816,3.817
32819,3.014
32861,42.269
32865,3.79
32869,3.979
32873,3.963
32877,3.553
32880,3.248
32884,3.286
32887,3.634
32929,41.481
32932,3.472
32936,3.913
32981,43.998
33027,46.02
33031,3.716
33034,3.525
33038,3.568
33041,3.384
33085,43.143
33090,5.443
33094,3.779
33098,3.792
33102,4.072
33106,3.965
33110,4.117
33114,3.788
33118,3.697
33122,3.631
33126,3.792
33129,3.712
33133,3.35
33137,3.591
33140,3.538
33146,5.497
33150,3.853
33154,3.991
33157,3.444
33161,3.048
33164,3.075
33167,3.305
33171,3.268
33174,3.043
33177,3.039
33180,2.896
33183,3.22
33186,3.224
33190,3.109
33193,3.801
33237,43.58
33245,7.462
33249,4.534
33253,3.791
33258,4.295
33262,4.075
33265,3.419
33269,3.495
33272,3.423
33275,3.072
33279,3.126
33282,3.748
33286,3.375
33290,3.826
33294,3.809
33298,3.9
33302,4.457
33306,3.796
33310,3.981
33314,3.87
33318,3.544
33323,5.507
33328,4.148
33332,4.213
33335,2.977
33377,41.846
33381,4.304
33386,4.264
33390,4.215
33394,3.83
33397,3.264
33441,43.549
33444,3.368
33449,4.912
33453,3.8
33456,3.032
33460,3.033
33500,40.859
33504,3.72
33508,3.225
33511,3.371
33514,3.163
33518,3.211
33521,3.517
33525,3.25
33528,3.117
33531,3.164
33534,2.986
33537,3.359
33541,3.111
33544,3.007
33547,3.411
33551,3.189
33554,3.116
33557,3.449
33560,2.971
33563,3.03
33567,3.105
33570,3.055
33573,3.495
33577,3.286
33580,3.084
33585,4.751
33588,3.388
33591,2.813
33594,2.824
33597,2.905
33600,3.085
33603,2.872
33608,5.092
33611,2.941
33614,3.108
33617,3.007
33620,3.043
33624,3.07
33626,2.835
33668,41.762
33672,3.72
33677,5.028
33681,3.671
33684,3.204
33688,3.318
33691,3.219
33732,41.377
33739,5.967
33742,3.674
33746,3.425
33749,3.582
33753,3.472
33757,3.413
33760,3.304
33763,3.191
33766,3.025
33810,43.858
33814,3.944
33857,42.307
33861,3.968
33865,3.906
33868,3.409
33875,6.986
33916,40.687
33920,3.796
33924,3.901
33928,3.445
33931,3.715
33937,5.066
33940,3.452
33944,3.664
33947,3.397
33951,3.413
33992,41.497
33996,3.614
34000,3.498
34003,3.598
34008,4.745
34012,3.357
34015,3.114
34056,41.396
34060,3.564
34063,3.395
34067,3.285
34070,3.216
34074,3.431
34078,4.626
34082,3.193
34085,2.882
34128,43.56
34132,3.577
34135,3.081
34177,41.395
34180,3.373
34184,3.558
34225,41.174
34229,4.204
34233,3.787
34236,3.139
34240,3.172
34243,3.095
34246,3.137
34289,42.391
34292,3.593
34296,3.501
34300,3.714
34303,3.722
34307,3.613
34310,3.209
34314,3.245
34317,3.733
34321,3.243
34324,2.913
34327,2.942
34330,2.947
34333,2.891
34336,2.985
34339,2.967
34381,42.043
34384,3.451
34388,3.499
34391,3.334
34395,3.496
34398,3.336
34402,3.511
34405,3.578
34409,3.65
34413,3.295
34457,44.112
34461,3.979
34464,3.478
34468,3.465
34471,3.504
34475,3.521
34478,3.292
34482,3.043
34485,3.189
34488,3.131
34493,5.193
34497,3.468
34500,3.466
34504,3.438
34507,3.331
34549,41.319
34593,43.857
34596,3.275
34599,3.478
34603,3.323
34606,3.275
34610,3.257
34613,3.31
34616,3.327
34619,3.083
34625,5.077
34628,3.333
34632,3.41
34635,3.056
34638,3.158
34641,3.223
34644,3.193
34648,3.107
34651,3.57
34654,2.977
34657,3.055
34662,4.912
34666,3.246
34669,3.268
34713,43.652
34717,3.951
34720,3.329
34765,44.503
34769,3.657
34772,3.731
34776,3.338
34819,42.565
34822,3.569
34826,3.436
34829,3.554
34833,3.516
34836,3.226
34839,3.182
34843,3.311
34846,3.115
34849,3.24
34852,2.899
34855,3.186
34897,41.269
34900,3.322
34904,3.32
34907,2.987
34910,3.289
34913,3.358
34919,5.156
34961,42.314
34965,3.451
34968,3.381
34971,2.865
34974,3.336
34978,3.076
34981,2.868
34983,2.851
34987,3.168
34990,3.071
34993,3.106
35037,43.996
35041,3.606
35044,3.18
35047,2.951
35093,46.0
35097,3.61
35100,3.518
35104,2.99
35108,4.402
35111,3.258
35115,3.175
35118,2.939
35121,3.088
35124,2.969
35127,3.022
35130,3.152
35133,3.076
35136,2.784
35139,2.902
35142,2.759
35145,3.015
35148,2.965
35151,2.73
35154,2.859
35156,2.85
35160,3.364
35202,41.759
35206,4.264
35249,42.871
35253,3.824
35257,4.291
35262,4.139
35265,3.506
35269,3.425
35272,3.464
35276,3.887
35279,3.012
35282,2.99
35325,42.756
35329,3.851
35333,4.042
35337,3.596
35341,3.931
35348,6.984
35351,3.249
35356,4.139
35360,4.385
35364,3.757
35368,4.132
35372,3.913
35376,4.242
35381,4.466
35385,4.311
35389,3.325
35392,3.507
35396,3.507
35401,4.676
35406,4.129
35410,3.539
35413,3.324
35417,3.373
35420,3.722
35424,3.257
35427,3.029
35430,3.21
35435,5.08
35477,41.341
35481,4.098
35484,3.549
35488,3.245
35491,3.561
35495,3.326
35537,42.04
35581,43.84
35625,43.907
35629,3.694
35634,5.496
35638,3.781
35642,3.619
35645,3.496
35649,3.75
35693,43.648
35737,44.082
35741,4.001
35745,3.618
35749,3.454
35754,5.036
35757,3.687
35801,43.713
35805,3.707
35809,4.278
35813,3.369
35818,4.918
35821,3.562
35825,3.401
35828,2.98
35831,3.085
35876,45.151
35880,3.875
35886,5.138
35889,3.799
35893,3.751
35896,3.172
35941,44.357
35946,4.772
35949,3.527
35953,3.341
35956,3.442
36002,45.832
36006,3.635
36049,42.96
36052,3.298
36056,3.516
36061,5.001
36065,3.334
36068,3.132
36071,2.922
36113,42.195
36116,3.344
36120,3.263
36124,3.956
36128,4.015
36132,3.926
36136,3.927
36140,4.29
36144,3.563
36185,41.394
36190,4.321
36194,4.609
36199,4.58
36204,4.458
36208,4.271
36212,4.411
36216,3.396
36220,3.595
36224,4.084
36228,4.345
36232,4.221
36237,4.395
36241,4.064
36245,4.154
36252,6.289
36255,3.727
36259,3.94
36263,3.983
36269,5.471
36273,3.745
36276,3.314
36280,3.739
36284,4.191
36289,4.641
36294,4.982
36299,4.665
36303,4.466
36308,4.164
36311,3.819
36316,4.463
36320,4.389
36326,5.145
36330,4.105
36334,4.278
36338,3.779
36343,4.387
36347,4.272
36352,4.409
36356,4.146
36359,2.946
36362,3.196
36366,4.061
