4,3.281
6,2.17
8,2.138
10,2.117
12,2.109
14,1.82
16,1.853
18,1.974
20,1.886
22,1.881
24,1.947
28,4.395
30,1.841
32,1.878
34,1.87
36,1.857
38,1.903
40,2.039
42,2.004
44,1.978
46,1.891
48,1.808
50,1.84
51,1.813
53,1.769
55,1.728
57,1.791
59,1.755
60,1.693
62,1.684
64,1.716
65,1.649
67,1.627
69,1.582
70,1.689
72,1.652
74,1.63
75,1.694
77,1.579
79,1.7
80,1.607
82,1.555
84,1.585
85,1.558
87,1.554
88,1.554
90,1.623
92,1.72
94,1.793
95,1.78
97,1.614
99,1.742
101,1.726
102,1.734
104,1.782
106,1.724
108,1.615
109,1.627
111,1.85
113,1.82
115,1.846
117,1.75
119,1.803
120,1.733
122,1.796
124,1.741
126,1.693
127,1.628
129,1.692
131,1.649
133,1.759
134,1.599
136,1.743
138,1.652
140,1.746
141,1.681
143,1.725
145,1.775
147,1.745
148,1.767
150,1.723
152,1.726
154,1.793
156,1.758
157,1.746
159,1.65
161,1.627
162,1.605
164,1.603
166,1.584
167,1.595
169,1.653
171,1.645
172,1.667
174,1.838
176,1.716
178,1.65
179,1.651
181,1.768
183,1.739
185,1.727
187,1.72
188,1.812
190,1.734
192,1.738
194,1.717
196,1.685
197,1.611
199,1.65
201,1.642
202,1.526
204,1.528
205,1.71
207,1.695
209,1.65
211,1.631
212,1.739
214,1.618
216,1.641
217,1.626
219,1.696
221,1.694
223,1.768
224,1.689
226,1.665
228,1.694
230,1.698
231,1.66
233,1.703
235,1.626
236,1.765
238,1.651
240,1.63
242,1.689
243,1.622
245,1.632
247,1.697
248,1.703
250,1.675
252,1.691
253,1.615
255,1.745
257,1.789
259,1.789
261,1.781
263,1.756
264,1.827
266,1.789
268,1.808
270,1.757
272,1.855
274,1.808
276,1.86
277,1.702
279,1.748
281,1.784
283,1.847
285,1.791
286,1.774
288,1.813
290,1.684
292,1.714
293,1.581
295,1.67
297,1.617
298,1.625
300,1.643
302,1.621
303,1.532
305,1.647
307,1.778
309,1.652
310,1.581
312,1.67
314,1.687
315,1.579
317,1.57
318,1.63
320,1.56
322,1.584
323,1.588
325,1.589
327,1.559
328,1.561
330,1.505
331,1.574
333,1.618
335,1.602
336,1.603
338,1.577
340,1.574
341,1.578
343,1.589
344,1.616
346,1.546
348,1.892
350,1.799
352,1.845
353,1.763
355,1.815
357,1.93
359,2.015
361,1.98
363,1.992
365,1.895
367,1.978
369,1.94
371,1.946
373,1.931
375,1.967
377,1.911
379,1.966
381,1.863
383,2.006
385,1.85
387,1.962
389,1.847
391,1.963
393,1.909
395,1.896
397,1.913
399,1.94
401,1.762
402,1.627
404,1.579
406,1.797
407,1.747
409,1.681
411,1.679
413,1.776
414,1.692
416,1.89
418,1.742
420,1.77
422,1.739
424,1.881
426,1.969
428,1.927
430,1.945
432,1.918
433,1.798
435,1.862
437,1.897
439,1.774
441,1.766
443,1.684
444,1.663
448,3.251
449,1.765
451,1.711
453,1.746
455,1.754
456,1.667
458,1.709
460,1.685
462,1.736
463,1.65
465,1.782
467,1.917
469,1.91
471,1.916
473,1.853
475,1.894
477,1.877
478,1.724
480,1.572
482,1.561
483,1.651
485,1.713
487,1.574
489,1.758
490,1.715
492,1.711
494,1.695
496,1.743
497,1.704
499,2.143
501,1.706
503,1.742
505,1.675
506,1.672
508,1.624
510,1.719
512,1.884
514,1.812
515,1.632
517,1.689
519,1.703
521,1.737
522,1.611
524,1.728
526,1.635
527,1.796
529,1.651
531,1.742
533,1.69
534,1.67
536,1.579
538,1.638
539,1.567
541,1.558
543,1.618
544,1.694
546,1.492
547,1.569
549,1.689
551,1.754
553,1.59
554,1.661
556,1.584
558,1.702
559,1.599
561,1.61
563,1.567
564,1.57
566,1.522
567,1.544
569,1.529
571,1.653
572,1.606
574,1.702
576,1.731
577,1.716
579,1.715
581,1.67
583,1.821
585,1.752
586,1.685
588,1.819
590,1.8
592,1.782
594,1.784
595,1.765
597,1.766
599,1.794
601,1.819
603,1.823
605,1.71
606,1.808
608,1.761
610,1.905
612,1.743
614,1.883
616,1.765
617,1.774
619,1.822
621,1.794
623,1.792
625,1.742
626,1.67
628,1.863
630,1.621
632,1.809
634,1.834
636,1.903
638,1.796
640,1.81
642,1.757
644,1.808
646,1.755
647,1.844
649,1.71
651,1.732
653,1.668
654,1.719
656,1.87
658,1.686
660,1.611
661,1.712
663,1.72
665,1.748
667,1.787
669,1.77
670,1.755
672,1.659
674,1.661
676,1.69
677,1.607
679,1.614
681,1.628
682,1.593
684,1.564
685,1.619
687,1.628
689,1.579
690,1.607
692,1.615
694,1.615
695,1.59
697,1.57
699,1.596
700,1.662
702,1.622
704,1.614
705,1.565
707,1.652
709,1.704
710,1.515
712,1.522
713,1.52
715,1.53
717,1.558
718,1.616
720,1.593
721,1.59
723,1.601
725,1.585
726,1.639
728,1.592
730,1.588
731,1.559
733,1.599
734,1.567
736,1.76
738,1.732
740,1.829
742,1.753
744,1.865
745,1.818
747,1.86
749,1.832
751,1.938
753,1.926
755,1.882
757,1.905
759,1.884
761,1.938
763,1.909
765,1.976
767,1.915
769,1.972
771,2.018
773,1.938
775,2.017
777,1.989
779,1.966
781,1.976
783,1.971
785,2.095
787,2.074
790,2.115
792,2.088
794,1.985
796,2.007
798,1.952
800,2.008
802,2.071
804,2.082
806,2.085
808,2.132
810,1.836
812,1.707
814,1.814
816,1.721
817,1.788
819,1.664
821,1.682
823,1.635
824,1.768
826,1.599
828,1.674
829,1.55
831,1.657
833,1.699
834,1.674
836,1.548
838,1.731
839,1.591
841,1.679
843,1.731
845,1.657
846,1.637
848,1.743
850,1.707
851,1.62
853,1.555
855,1.573
856,1.596
858,1.602
860,1.654
861,1.616
863,1.572
864,1.573
866,1.576
868,1.714
870,1.668
871,1.729
873,1.617
875,1.74
876,1.627
878,1.746
880,1.575
881,1.62
883,1.59
885,1.589
886,1.549
888,1.635
890,1.566
891,1.563
893,1.512
895,1.782
896,1.647
898,1.731
900,1.674
901,1.75
903,1.613
905,1.581
906,1.545
908,1.7
910,1.663
911,1.651
913,1.629
915,1.756
917,1.596
918,1.645
920,1.625
922,1.641
923,1.595
925,1.71
927,1.635
928,1.734
930,1.634
932,1.574
933,1.669
935,1.641
937,1.602
938,1.609
940,1.636
942,1.669
943,1.603
945,1.597
947,1.538
948,1.617
950,1.582
952,1.614
953,1.579
955,1.62
956,1.655
958,1.795
960,1.666
962,1.731
964,1.877
965,1.711
967,1.662
969,1.677
971,1.693
972,1.74
974,1.665
976,1.783
978,1.689
980,1.795
981,1.666
983,1.821
985,1.708
986,1.577
988,1.628
990,1.567
991,1.605
993,1.582
995,1.578
996,1.601
998,1.539
1000,1.692
1001,1.689
1009,7.195
1010,1.729
1012,1.69
1014,1.637
1015,1.695
1017,1.625
1019,1.686
1020,1.559
1022,1.62
1024,1.589
1025,1.643
1027,1.552
1029,1.62
1030,1.529
1032,1.611
1034,1.615
1035,1.597
1037,1.696
1039,1.653
1040,1.692
1042,1.749
1044,1.773
1046,1.769
1047,1.596
1049,1.622
1051,1.737
1052,1.587
1054,1.624
1056,1.618
1057,1.66
1059,1.649
1061,1.568
1063,1.732
1064,1.792
1066,1.759
1068,1.652
1070,1.739
1071,1.675
1073,1.721
1075,1.717
1077,1.803
1078,1.68
1080,1.757
1082,1.605
1084,1.669
1085,1.613
1087,1.647
1089,1.613
1090,1.641
1092,1.612
1094,1.704
1095,1.636
1097,1.662
1099,1.753
1101,1.656
1102,1.632
1104,1.648
1106,1.634
1107,1.798
1109,1.637
1111,1.843
1113,1.66
1114,1.797
1116,1.752
1118,2.195
1120,1.849
1122,1.85
1124,1.723
1126,1.728
1128,1.749
1129,1.817
1131,1.691
1133,1.673
1135,1.724
1136,1.786
1138,1.673
1140,1.713
1142,1.764
1144,1.785
1145,1.705
1147,1.748
1149,1.753
1151,1.761
1152,1.729
1154,1.734
1156,1.739
1158,1.753
1160,1.944
1162,1.859
1164,1.875
1166,1.844
1167,1.843
1169,1.872
1171,1.918
1173,1.867
1175,1.93
1177,1.931
1179,1.911
1181,1.909
1183,1.962
1185,1.942
1187,1.92
1189,1.911
1191,1.873
1193,1.915
1195,1.767
1197,1.864
1198,1.884
1200,1.929
1202,1.958
1204,1.893
1206,1.939
1208,1.893
1210,1.933
1212,1.799
1214,1.881
1216,1.803
1218,1.807
1220,1.857
1222,1.951
1224,2.043
1226,1.974
1228,1.941
1230,1.861
1232,1.869
1233,1.797
1235,1.899
1237,1.798
1239,2.022
1241,1.841
1243,1.912
1245,1.795
1247,1.886
1249,1.874
1251,1.885
1252,1.725
1254,1.908
1256,1.803
1258,1.968
1260,1.761
1262,2.048
1264,1.757
1266,1.87
1268,1.854
1270,1.906
1272,1.771
1273,1.819
1275,1.72
1277,1.795
1279,1.801
1281,1.828
1283,1.748
1284,1.817
1286,1.86
1288,1.785
1290,1.824
1292,1.835
1294,1.848
1296,1.839
1297,1.786
1299,1.768
1301,1.761
1303,1.769
1305,1.833
1307,1.731
1308,1.822
1310,1.859
1312,1.864
1314,1.902
1316,1.793
1318,1.824
1320,1.871
1322,1.856
1324,1.844
1325,1.798
1327,1.765
1329,1.84
1331,1.838
1333,1.881
1335,1.881
1337,1.88
1339,1.828
1341,1.873
1342,1.799
1344,1.761
1346,1.892
1348,1.76
1350,1.808
1352,1.741
1353,1.809
1355,1.761
1357,1.67
1359,1.695
1360,1.731
1362,1.767
1364,1.698
1366,1.731
1368,1.813
1369,1.734
1371,1.656
1373,1.659
1375,1.777
1376,1.716
1378,1.825
1380,1.66
1382,1.804
1384,1.749
1385,1.804
1387,1.696
1389,1.783
1391,1.628
1393,1.835
1394,1.652
1396,1.801
1398,1.63
1400,1.759
1401,1.687
1403,1.78
1405,1.674
1407,1.797
1408,1.658
1410,1.794
1412,1.677
1414,1.792
1416,1.651
1417,1.772
1419,1.64
1421,1.853
1423,1.622
1424,1.848
1426,1.689
1428,1.806
1430,1.723
1432,2.001
1434,1.86
1436,1.904
1438,1.84
1440,1.979
1441,1.837
1444,2.001
1445,1.855
1447,1.952
1449,1.698
1451,1.867
1453,1.743
1455,1.766
1456,1.679
1458,1.748
1460,1.637
1462,1.844
1463,1.709
1471,7.314
1473,1.834
1475,1.97
1477,1.895
1479,1.973
1480,1.812
1482,1.959
1484,1.815
1486,1.944
1488,1.766
1490,1.909
1492,1.778
1494,2.004
1496,1.821
1498,1.998
1504,6.332
1506,2.128
1508,1.891
1510,2.015
1512,1.81
1514,1.969
1516,1.871
1518,1.974
1520,1.782
1522,2.046
1524,1.776
1526,1.993
1527,1.766
1529,1.95
1531,1.745
1533,1.927
1535,1.74
1537,1.969
1539,1.665
1541,1.939
1542,1.719
1544,1.997
1546,1.736
1548,1.898
1550,1.719
1552,1.912
1554,1.811
1556,2.047
1557,1.657
1559,1.906
1561,1.811
1563,1.962
1565,1.718
1567,1.89
1569,1.712
1570,1.867
1572,1.754
1574,1.966
1576,1.865
1578,1.993
1580,1.936
1582,2.012
1584,1.863
1586,1.984
1588,1.839
1590,1.978
1592,1.98
1594,2.081
1596,1.94
1598,2.041
1600,1.976
1602,2.075
1604,1.927
1606,1.943
1608,1.885
1610,2.006
1612,1.868
1614,1.968
1616,1.808
1618,1.882
1619,1.769
1621,1.884
1623,1.755
1625,1.843
1627,1.753
1634,7.356
1636,2.107
1638,1.928
1640,1.959
1642,1.872
1644,1.944
1646,1.874
1648,1.902
1650,1.939
1652,1.985
1654,1.887
1656,1.965
1658,1.986
1660,2.005
1662,1.829
1664,1.886
1666,1.888
1668,1.844
1669,1.806
1671,1.825
1673,1.795
1675,1.965
1677,1.769
1679,1.751
1680,1.745
1682,1.799
1684,1.807
1686,1.853
1688,1.821
1690,2.022
1692,1.898
1694,1.887
1696,1.847
1697,1.791
1699,1.779
1701,1.919
1703,1.891
1705,1.95
1707,1.946
1709,1.889
1711,1.941
1713,1.907
1715,2.004
1717,1.918
1719,2.014
1721,1.947
1723,1.959
1725,1.946
1727,1.969
1729,1.937
1731,1.952
1733,1.86
1735,1.95
1737,1.857
1739,1.968
1741,1.959
1743,1.958
1745,1.921
1746,1.921
1748,1.939
1750,1.952
1752,2.016
1754,1.956
1757,2.016
1758,1.925
1760,1.936
1762,1.925
1764,1.889
1766,1.945
1768,2.03
1771,2.162
1773,2.082
1775,2.173
1777,2.061
1779,2.224
1781,2.103
1783,2.111
1785,1.92
1788,2.039
1789,1.904
1792,2.118
1794,1.987
1796,2.056
1798,1.891
1800,1.883
1801,1.724
1803,1.898
1805,1.885
1807,1.925
1809,1.918
1811,2.062
1813,1.941
1815,2.069
1817,1.913
1819,1.952
1821,1.894
1823,2.034
1825,1.926
1827,1.976
1829,1.849
1831,1.891
1833,1.957
1835,1.882
1837,1.858
1839,1.793
1840,1.83
1842,1.821
1844,1.88
1846,1.93
1848,1.963
1850,1.982
1852,1.946
1854,1.872
1856,2.045
1858,2.002
1860,2.015
1862,2.058
1864,2.133
1866,1.981
1869,2.075
1871,1.99
1873,2.049
1875,1.936
1877,2.017
1879,1.864
1881,1.955
1882,1.749
1884,1.858
1886,1.738
1888,1.818
1890,1.884
1892,1.982
1894,1.851
1896,1.986
1897,1.738
1899,1.694
1901,1.791
1903,1.815
1905,1.88
1907,1.837
1908,1.793
1910,1.83
1912,1.664
1914,1.736
1915,1.767
1917,1.922
1919,1.869
1921,1.886
1923,1.866
1925,1.885
1927,1.91
1929,1.876
1931,1.867
1933,1.963
1935,1.901
1937,1.886
1939,1.823
1940,1.89
1942,1.851
1944,1.941
1946,1.807
1948,1.801
1950,1.74
1952,1.893
1954,1.868
1955,1.859
1957,1.884
1959,1.839
1961,1.857
1963,1.862
1965,1.844
1967,1.927
1969,1.999
1971,1.96
1973,1.933
1975,1.904
1977,2.04
1979,1.761
1981,1.908
1983,2.025
1985,2.126
1987,1.942
1989,1.876
1991,1.718
1992,1.828
1994,1.65
1996,1.714
1998,1.798
2000,1.926
2001,1.754
2003,1.751
2005,1.677
2007,1.731
2009,1.864
2011,1.977
2012,1.867
2014,1.86
2016,1.889
2018,1.75
2020,1.763
2022,1.886
2024,1.808
2025,1.673
2027,1.562
2029,1.594
2030,1.689
2032,1.815
2034,1.725
2036,1.827
2038,1.84
2039,1.897
2041,1.837
2043,1.838
2045,1.867
2047,1.89
2049,1.848
2051,1.868
2053,1.76
2054,1.849
2056,1.788
2058,1.756
2060,1.677
2062,1.82
2063,1.663
2065,1.759
2067,1.736
2069,1.842
2070,1.69
2072,1.854
2074,1.76
2076,1.814
2078,1.799
2080,1.866
2082,1.851
2083,1.871
2085,1.781
2087,1.746
2089,1.771
2091,1.871
2093,1.739
2094,1.856
2096,1.77
2098,1.733
2100,1.708
2102,1.889
2103,1.729
2105,1.847
2107,1.648
2109,1.799
2110,1.601
2112,1.842
2114,1.639
2116,1.851
2118,1.757
2119,1.828
2121,1.667
2123,1.814
2125,1.654
2127,1.802
2128,1.71
2130,1.791
2132,1.651
2134,1.851
2135,1.693
2137,1.83
2139,1.628
2141,1.811
2142,1.675
2144,1.879
2146,1.785
2148,1.998
2150,1.736
2152,1.939
2154,1.815
2156,2.016
2158,1.829
2160,1.924
2161,1.751
2163,1.867
2165,1.806
2167,1.891
2169,1.802
2171,1.817
2173,1.771
2174,1.765
2176,1.654
2178,1.759
2180,1.649
2181,1.727
2183,1.722
2185,1.85
2187,1.754
2189,1.897
2190,1.778
2192,1.923
2194,1.784
2196,1.952
2198,1.76
2200,1.81
2202,1.835
2204,1.949
2205,1.772
2207,1.879
2209,1.7
2211,1.899
2213,1.738
2215,1.882
2217,1.713
2218,1.895
2220,1.841
2222,1.934
2224,1.761
2226,1.859
2228,1.742
2230,1.96
2231,1.745
2233,1.761
2235,1.77
2237,1.788
2239,1.78
2241,1.811
2242,1.765
2244,1.972
2246,1.812
2248,1.983
2250,1.707
2252,1.917
2254,1.833
2256,2.046
2258,1.817
2260,2.075
2262,1.951
2264,2.054
2266,2.035
2268,2.051
2270,2.009
2272,2.032
2274,2.007
2276,2.084
2278,1.937
2280,1.97
2282,1.839
2284,1.848
2286,1.763
2288,1.905
2290,1.941
2292,2.0
2294,1.959
2296,2.014
2298,1.976
2300,1.95
2302,1.944
2304,2.013
2306,1.932
2308,1.918
2310,1.94
2312,1.98
2314,1.974
2316,2.047
2318,1.907
2320,2.002
2322,1.9
2324,1.959
2326,1.897
2328,1.962
2330,1.865
2332,1.952
2333,1.846
2335,1.919
2337,1.804
2339,1.882
2341,1.804
2343,1.867
2345,1.805
2347,1.869
2348,1.819
2350,1.823
2352,1.787
2354,1.827
2356,1.788
2358,1.888
2359,1.745
2361,1.83
2363,1.716
2365,1.804
2367,1.717
2369,1.818
2370,1.775
2372,1.925
2374,1.803
2376,1.836
2378,1.799
2380,1.84
2382,1.84
2383,1.779
2385,1.75
2387,1.742
2389,1.665
2390,1.666
2392,1.621
2394,1.661
2395,1.61
2397,1.659
2399,1.649
2400,1.649
2402,1.601
2404,1.659
2405,1.577
2407,1.63
2409,1.558
2410,1.634
2412,1.62
2414,1.721
2415,1.618
2417,1.675
2419,1.602
2420,1.715
2422,1.641
2424,1.702
2425,1.602
2427,1.695
2429,1.609
2430,1.68
2432,1.624
2434,1.687
2435,1.617
2437,1.669
2439,1.594
2441,1.692
2442,1.592
2444,1.675
2446,1.72
2447,1.848
2449,1.711
2451,1.714
2453,1.644
2454,1.681
2456,1.62
2458,1.672
2459,1.602
2461,1.694
2463,1.67
2465,1.704
2466,1.596
2468,1.63
2470,1.719
2471,1.644
2473,1.617
2475,1.702
2476,1.63
2478,1.685
2480,1.611
2481,1.681
2483,1.618
2485,1.704
2486,1.602
2488,1.688
2490,1.641
2492,1.708
2493,1.586
2495,1.684
2496,1.585
2498,1.668
2500,1.581
2502,1.753
2503,1.592
2505,1.799
2507,1.645
2508,1.746
2510,1.637
2512,1.779
2514,1.682
2515,1.76
2517,1.632
2519,1.712
2521,1.797
2522,1.737
2524,1.734
2526,1.732
2528,1.649
2530,1.868
2531,1.637
2533,1.793
2535,1.702
2537,1.733
2538,1.646
2540,1.757
2542,1.643
2544,1.691
2546,1.752
2548,1.736
2549,1.655
2551,1.667
2553,1.626
2554,1.682
2556,1.629
2558,1.7
2560,1.652
2561,1.691
2563,1.682
2565,1.741
2567,1.708
2568,1.784
2570,1.703
2572,1.734
2574,1.724
2575,1.732
2577,1.619
2579,1.744
2580,1.602
2582,1.67
2584,1.596
2585,1.708
2587,1.613
2589,1.725
2591,1.673
2592,1.743
2594,1.72
2596,1.75
2598,1.75
2600,1.826
2601,1.808
2603,1.856
2605,1.766
2607,1.905
2609,1.717
2611,1.773
2612,1.774
2614,1.806
2616,1.676
2618,1.745
2619,1.742
2621,1.812
2623,1.755
2625,1.761
2627,1.713
2629,1.876
2630,1.756
2632,1.908
2634,1.727
2636,1.762
2638,1.749
2640,1.948
2641,1.801
2643,1.898
2645,1.828
2647,1.9
2649,1.79
2651,1.972
2653,1.801
2655,1.999
2657,1.894
2659,2.054
2661,1.904
2663,2.008
2665,1.901
2667,1.935
2669,1.955
2671,1.962
2673,1.822
2675,2.02
2676,1.79
2678,1.88
2680,1.881
2682,1.925
2684,1.772
2686,1.867
2688,1.752
2690,1.913
2691,1.694
2693,1.844
2695,1.747
2697,1.826
2699,1.647
2700,1.826
2702,1.594
2704,1.855
2706,1.729
2708,1.917
2709,1.744
2711,1.858
2713,1.68
2715,1.905
2717,1.75
2719,1.814
2720,1.721
2722,1.828
2724,1.757
2726,1.925
2728,1.764
2730,1.903
2731,1.684
2733,1.738
2735,1.684
2737,1.814
2738,1.653
2740,1.682
2742,1.631
2744,1.766
2745,1.718
2747,1.891
2749,1.786
2751,1.896
2753,1.782
2755,2.001
2757,1.754
2759,1.847
2760,1.702
2762,1.811
2764,1.732
2766,1.83
2768,1.724
2770,1.83
2771,1.776
2773,1.965
2775,1.804
2777,1.833
2779,1.849
2781,1.915
2783,1.833
2785,1.882
2787,1.778
2788,1.854
2790,1.803
2792,1.865
2794,1.8
2796,1.874
2798,1.829
2800,1.94
2802,1.875
2804,1.909
2806,1.872
2807,1.856
2809,1.799
2811,1.898
2813,1.823
2815,1.855
2817,1.821
2819,1.88
2821,1.89
2823,1.806
2824,1.747
2826,1.783
2828,1.723
2830,1.751
2832,1.735
2833,1.759
2835,1.71
2837,1.764
2839,1.752
2841,1.816
2842,1.775
2844,1.85
2846,1.725
2848,1.787
2850,1.762
2852,1.792
2853,1.734
2855,1.732
2857,1.764
2859,1.728
2861,1.826
2862,1.729
2864,1.753
2866,1.761
2868,1.758
2870,1.808
2872,1.778
2873,1.786
2875,1.755
2877,1.778
2879,1.851
2881,1.782
2883,1.795
2885,1.782
2886,1.811
2888,1.879
2890,1.771
2892,1.764
2894,1.743
2896,1.872
2898,1.773
2899,1.773
2901,1.627
2903,1.735
2905,1.79
2907,1.782
2908,1.794
2910,1.752
2912,1.891
2914,1.764
2916,1.774
2918,1.858
2920,1.816
2922,1.883
2923,1.788
2925,1.787
2927,1.779
2929,1.822
2931,1.801
2933,1.799
2935,1.812
2937,1.834
2938,1.746
2940,1.816
2942,1.783
2944,1.799
2946,1.747
2948,1.821
2950,1.864
2951,1.795
2953,1.761
2955,1.779
2957,1.804
2959,1.796
2961,1.757
2962,1.786
2964,1.841
2966,1.811
2968,1.683
2970,1.804
2972,1.793
2974,1.81
2975,1.718
2977,1.718
2982,5.257
2985,2.101
2986,1.761
2988,1.872
2990,1.732
2992,1.8
2994,1.73
2996,1.82
2997,1.764
2999,1.778
3001,1.779
3003,1.824
3005,1.763
3006,1.75
3008,1.715
3010,1.757
3012,1.637
3014,1.883
3015,1.777
3017,1.758
3019,1.738
3021,1.744
3023,1.726
3024,1.804
3026,1.729
3028,1.734
3030,1.708
3032,1.781
3033,1.729
3035,1.779
3037,1.713
3039,1.796
3041,1.776
3042,1.759
3044,1.827
3046,1.733
3048,1.622
3050,1.781
3051,1.745
3053,1.753
3055,1.698
3057,1.773
3058,1.635
3060,1.715
3062,1.62
3064,1.718
3065,1.611
3067,1.697
3069,1.651
3070,1.72
3072,1.657
3074,1.732
3076,1.776
3078,1.831
3079,1.725
3081,1.738
3083,1.818
3085,1.805
3087,1.652
3088,1.719
3090,1.599
3092,1.68
3093,1.573
3095,1.696
3097,1.573
3099,1.737
3100,1.696
3102,1.7
3104,1.574
3105,1.748
3107,1.602
3109,1.669
3110,1.572
3112,1.721
3114,1.649
3116,1.712
3117,1.64
3119,1.76
3121,1.66
3123,1.754
3124,1.716
3126,1.753
3128,1.663
3130,1.781
3131,1.696
3133,1.851
3135,1.714
3137,1.829
3139,1.722
3140,1.762
3142,1.654
3144,1.734
3146,1.749
3148,1.839
3149,1.733
3151,1.733
3153,1.787
3155,1.887
3157,1.866
3159,1.956
3161,1.803
3163,1.864
3164,1.853
3167,1.972
3168,1.818
3170,1.821
3172,1.666
3174,1.788
3175,1.673
3177,1.826
3179,1.749
3181,1.823
3183,1.682
3185,1.83
3186,1.694
3188,1.916
3190,1.769
3192,1.921
3194,1.744
3196,1.972
3198,1.754
3200,1.97
3202,1.878
3204,2.038
3205,1.786
3208,1.996
3209,1.848
3211,1.918
3213,1.724
3215,1.895
3217,1.786
3219,1.922
3221,1.781
3223,1.969
3225,1.919
3227,2.015
3229,1.847
3231,2.001
3233,1.871
3235,2.022
3236,1.851
3238,1.846
3240,1.795
3242,1.776
3244,1.642
3246,1.809
3247,1.691
3249,1.786
3251,1.738
3253,1.943
3255,1.875
3257,1.91
3259,1.828
3261,1.877
3262,1.829
3264,1.909
3266,1.875
3268,1.919
3270,1.876
3272,1.893
3274,1.83
3276,1.873
3278,1.859
3280,1.931
3282,1.822
3284,1.874
3285,1.687
3287,1.829
3289,1.821
3291,1.899
3293,1.689
3294,1.678
3296,1.597
3298,1.697
3299,1.601
3301,1.828
3303,1.65
3305,1.818
3307,1.628
3308,1.883
3310,1.707
3312,1.851
3314,1.788
3316,1.856
3318,1.811
3320,1.821
3321,1.797
3323,1.904
3325,1.728
3327,1.752
3328,1.528
3330,1.704
3332,1.588
3334,1.856
3335,1.672
3337,1.839
3339,1.595
3341,1.849
3342,1.613
3344,1.954
3346,1.624
3348,1.814
3350,1.592
3352,1.854
3353,1.601
3355,1.868
3357,1.558
3358,1.753
3360,1.612
3362,1.813
3364,1.766
3366,1.76
3367,1.562
3369,1.709
3371,1.697
3373,1.819
3374,1.677
3376,1.686
3378,1.621
3379,1.73
3381,1.629
3383,1.782
3385,1.783
3387,1.786
3388,1.748
3390,1.868
3392,1.652
3394,1.885
3396,1.685
3397,1.838
3399,1.565
3401,1.733
3402,1.598
3404,1.82
3406,1.592
3408,1.767
3409,1.569
3411,1.645
3413,1.56
3414,1.699
3416,1.54
3418,1.686
3419,1.563
3421,1.697
3423,1.601
3425,1.881
3426,1.65
3428,1.841
3430,1.655
3436,5.779
3438,2.225
3440,1.989
3442,1.776
3444,1.899
3446,1.772
3447,1.788
3449,1.598
3451,1.876
3453,1.621
3455,1.855
3456,1.838
3458,1.842
3460,1.72
3462,1.804
3464,1.824
3466,1.903
3468,1.877
3470,1.944
3471,1.791
3473,1.813
3475,1.803
3477,1.883
3479,1.76
3481,1.895
3483,1.746
3484,1.82
3486,1.72
3488,1.784
3490,1.719
3492,1.857
3493,1.741
3495,1.828
3497,1.751
3499,1.806
3501,1.695
3503,1.759
3504,1.794
3506,1.768
3508,1.728
3510,1.736
3511,1.712
3513,1.736
3515,1.794
3517,1.732
3519,1.789
3521,1.813
3522,1.731
3524,1.737
3526,1.716
3528,1.719
3529,1.709
3531,1.693
3533,1.692
3535,1.858
3536,1.661
3538,1.822
3540,1.709
3542,1.878
3544,1.766
3546,1.822
3547,1.549
3549,1.717
3550,1.553
3552,1.744
3554,1.666
3556,1.704
3557,1.552
3559,1.655
3561,1.531
3562,1.736
3564,1.569
3566,1.857
3568,1.782
3570,1.9
3571,1.765
3573,1.781
3575,1.62
3577,1.748
3578,1.604
3580,1.765
3582,1.615
3584,1.827
3585,1.662
3587,1.761
3589,1.634
3591,1.86
3592,1.641
3594,1.814
3596,1.708
3598,1.791
3600,1.69
3601,1.778
3603,1.639
3605,1.799
3607,1.659
3608,1.802
3610,1.669
3612,1.821
3614,1.643
3616,1.818
3617,1.675
3619,1.772
3621,1.655
3623,1.832
3624,1.707
3626,1.824
3628,1.623
3630,1.742
3631,1.739
3633,1.82
3635,1.721
3637,1.776
3639,1.719
3641,1.804
3642,1.727
3644,1.837
3646,1.665
3648,1.857
3650,1.76
3651,1.813
3653,1.697
3655,1.853
3657,1.684
3659,1.859
3660,1.695
3662,1.767
3664,1.701
3666,1.873
3668,1.757
3670,1.888
3671,1.702
3673,1.819
3675,1.648
3677,1.979
3679,1.782
3681,1.879
3682,1.704
3684,1.899
3686,1.635
3688,1.783
3690,1.659
3691,1.91
3693,1.72
3695,1.826
3697,1.788
3699,1.867
3701,1.725
3702,1.827
3704,1.73
3706,1.77
3708,1.669
3710,1.859
3711,1.703
3713,1.785
3715,1.685
3717,1.84
3719,1.746
3721,1.844
3722,1.726
3724,1.826
3726,1.71
3728,2.016
3730,1.782
3732,2.072
3734,1.797
3736,2.01
3738,1.89
3740,2.059
3742,1.79
3744,1.999
3746,1.871
3748,2.019
3749,1.725
3751,1.983
3753,1.751
3755,1.99
3757,1.712
3759,2.05
3761,1.854
3763,2.016
3765,1.8
3767,1.989
3769,1.781
3771,1.978
3773,1.799
3775,2.041
3776,1.699
3778,1.89
3780,1.941
3782,1.902
3785,3.034
3787,1.818
3789,1.65
3791,1.732
3792,1.609
3794,1.642
3796,1.606
3797,1.718
3799,1.543
3801,1.697
3802,1.539
3804,1.728
3806,1.599
3808,1.736
3809,1.515
3811,1.77
3813,1.752
3814,1.713
3816,1.61
3818,1.75
3820,1.722
3821,1.65
3823,1.619
3825,1.716
3826,1.632
3828,1.742
3830,1.66
3832,1.91
3834,1.703
3835,1.744
3837,1.591
3839,1.771
3841,1.604
3842,1.719
3844,1.622
3846,1.717
3847,1.611
3849,1.705
3851,1.662
3853,1.74
3854,1.574
3856,1.734
3858,1.638
3859,1.743
3861,1.605
3863,1.866
3865,1.703
3867,1.748
3868,1.755
3870,1.783
3872,1.658
3874,1.811
3875,1.654
3877,1.77
3879,1.695
3881,1.792
3883,1.759
3884,1.792
3886,1.675
3888,1.818
3890,1.702
3891,1.781
3893,1.649
3895,1.797
3897,1.737
3899,1.888
3900,1.686
3902,1.816
3904,1.786
3906,1.936
3908,1.748
3910,1.971
3912,1.69
3914,1.927
3915,1.688
3917,1.766
3919,1.772
3921,1.914
3923,1.729
3925,1.869
3926,1.755
3928,1.956
3930,1.729
3932,1.907
3934,1.783
3936,1.921
3938,1.769
3940,1.965
3942,1.832
3944,1.917
3945,1.757
3947,1.942
3949,1.755
3951,1.906
3953,1.726
3955,1.922
3957,1.817
3959,1.883
3960,1.718
3962,1.865
3964,1.683
3966,1.924
3968,1.76
3970,1.905
3971,1.725
3973,1.795
3975,1.772
3977,1.908
3979,1.779
3981,1.86
3983,1.724
3985,1.863
3986,1.733
3988,1.842
3990,1.796
3992,1.832
3994,1.751
3996,1.798
3997,1.763
3999,1.799
4001,1.718
4003,1.783
4005,1.731
4006,1.803
4008,1.763
4010,1.832
4012,1.722
4014,1.77
4015,1.784
4017,1.812
4019,1.713
4021,1.882
4023,1.78
4025,1.83
4026,1.718
4028,1.86
4030,1.689
4032,1.795
4034,1.723
4035,1.795
4039,3.288
4041,1.778
4042,1.673
4044,1.801
4046,1.672
4048,1.815
4050,1.754
4051,1.801
4053,1.636
4055,1.751
4057,1.7
4058,1.792
4060,1.644
4062,1.75
4064,1.702
4066,1.796
4067,1.752
4069,1.781
4071,1.714
4073,1.818
4074,1.599
4076,1.735
4078,1.591
4080,1.792
4081,1.688
4083,1.734
4085,1.598
4087,1.731
4088,1.651
4090,1.697
4092,1.599
4093,1.682
4095,1.669
4097,1.823
4099,1.689
4100,1.778
4102,1.594
4104,1.776
4106,1.658
4107,1.785
4109,1.593
4111,1.801
4113,1.603
4114,1.711
4116,1.577
4118,1.743
4119,1.625
4121,1.741
4123,1.659
4125,1.836
4126,1.568
4128,1.774
4130,1.651
4132,1.832
4133,1.597
4135,1.784
4137,1.717
4139,1.78
4140,1.584
4142,1.734
4144,1.61
4146,1.8
4147,1.597
4149,1.764
4151,1.659
4153,1.79
4154,1.614
4156,1.768
4158,1.692
4160,1.875
4161,1.698
4163,1.743
4165,1.585
4167,1.778
4168,1.709
4170,1.948
4172,1.697
4174,1.929
4176,1.765
4178,1.876
4180,1.649
4181,1.795
4183,1.743
4185,1.813
4187,1.604
4188,1.736
4190,1.643
4192,1.729
4193,1.561
4195,1.688
4197,1.558
4199,1.747
4200,1.722
4202,1.874
4204,1.694
4206,1.828
4208,1.709
4210,1.857
4211,1.622
4213,1.771
4215,1.683
4217,1.823
4218,1.673
4220,2.052
4222,1.806
4224,2.01
4226,1.903
4228,1.956
4230,1.885
4232,1.958
4234,1.773
4236,1.847
4238,1.771
4240,2.036
4242,1.863
4244,1.902
4245,1.745
4247,1.905
4249,1.775
4251,1.865
4253,1.769
4255,1.914
4257,1.749
4259,1.99
4260,1.841
4262,1.926
4264,1.759
4266,1.982
4268,1.776
4270,1.933
4272,1.839
4274,1.95
4276,1.759
4278,1.958
4280,1.772
4282,1.935
4283,1.684
4285,1.921
4287,1.779
4289,1.905
4291,1.882
4293,1.904
4295,1.733
4297,1.89
4298,1.729
4300,1.908
4302,1.736
4304,1.883
4306,1.788
4308,1.97
4310,1.851
4312,1.942
4314,1.823
4316,1.85
4317,1.766
4319,1.945
4321,1.859
4323,1.91
4325,1.828
4327,1.921
4329,1.803
4331,1.995
4333,1.961
4335,1.914
4337,1.859
4339,1.902
4341,1.832
4342,1.851
4344,1.827
4346,1.907
4348,1.845
4350,1.875
4352,1.797
4354,1.841
4356,1.828
4358,1.87
4359,1.857
4361,1.924
4363,1.797
4365,1.954
4367,1.826
4369,2.012
4371,1.859
4373,2.025
4375,1.757
4377,1.857
4379,1.741
4381,1.941
4382,1.741
4384,1.968
4386,1.757
4388,1.881
4390,1.622
4392,1.844
4393,1.659
4395,1.95
4397,1.736
4399,1.937
4401,1.702
4403,2.003
4405,1.729
4407,1.955
4408,1.738
4410,1.917
4412,1.842
4414,1.977
4416,1.652
4418,1.885
4420,1.678
4422,1.91
4423,1.747
4425,1.899
4427,1.725
4429,1.862
4431,1.711
4433,1.9
4435,1.765
4437,2.048
4438,1.773
4441,1.988
4442,1.928
4445,2.114
4447,1.901
4449,1.906
4450,1.788
4452,2.009
4459,6.64
4462,2.67
4464,1.767
4466,2.003
4468,1.777
4469,1.818
4471,1.792
4473,1.742
4475,1.731
4477,1.863
4478,1.684
4480,1.836
4482,1.597
4484,1.791
4486,1.718
4487,1.836
4489,1.7
4491,1.781
4493,1.606
4494,1.768
4496,1.673
4498,1.748
4500,1.579
4501,1.714
4503,1.601
4505,1.74
4507,1.701
4508,1.809
4510,1.726
4512,1.719
4514,1.686
4516,1.822
4517,1.606
4519,1.746
4521,1.699
4522,1.719
4524,1.587
4526,1.705
4528,1.798
4530,1.939
4531,1.743
4533,1.855
4535,1.715
4537,1.813
4539,1.694
4540,1.727
4542,1.569
4544,1.695
4545,1.588
4547,1.665
4549,1.54
4550,1.701
4552,1.583
4554,1.709
4555,1.588
4557,1.716
4559,1.646
4561,1.744
4562,1.604
4564,1.725
4566,1.787
4568,1.779
4569,1.661
4572,1.833
4574,1.625
4575,1.724
4577,1.595
4579,1.755
4580,1.572
4582,1.757
4584,1.579
4586,1.784
4587,1.56
4589,1.704
4591,1.561
4592,1.746
4594,1.61
4596,1.715
4597,1.6
4599,1.706
4601,1.525
4602,1.758
4604,1.532
4606,1.657
4607,1.666
4609,1.802
4611,1.656
4613,1.959
4615,1.737
4617,1.992
4619,1.785
4621,1.953
4622,1.697
4624,1.99
4626,1.707
4628,1.896
4630,1.717
4632,1.895
4634,1.705
4635,1.808
4637,1.58
4639,1.812
4641,1.623
4642,1.759
4644,1.571
4646,1.801
4648,1.674
4649,1.813
4651,1.543
4653,1.814
4655,1.677
4656,1.823
4658,1.748
4660,1.925
4662,1.759
4664,1.803
4666,1.743
4668,1.865
4669,1.671
4671,1.804
4673,1.649
4675,1.798
4677,1.696
4679,1.909
4681,1.759
4683,1.974
4684,1.831
4686,1.986
4688,1.766
4690,1.922
4692,1.687
4694,1.934
4696,1.929
4698,1.972
4700,1.723
4702,1.926
4704,1.765
4706,1.995
4707,1.649
4709,1.892
4711,1.749
4713,1.931
4715,1.72
4717,1.924
4719,1.751
4720,1.87
4722,1.674
4724,1.833
4726,1.693
4728,1.873
4730,1.796
4731,1.771
4733,1.709
4735,1.856
4737,1.695
4739,1.9
4741,1.784
4743,1.906
4744,1.777
4746,1.925
4748,1.853
4750,1.803
4752,1.788
4754,1.857
4756,1.852
4758,1.862
4759,1.712
4761,1.769
4763,1.654
4765,1.755
4767,1.736
4768,1.769
4770,1.514
4772,1.874
4774,1.668
4776,1.895
4777,1.639
4779,1.885
4781,1.601
4783,1.828
4784,1.691
4786,1.816
4788,1.692
4790,1.842
4792,1.735
4794,1.798
4795,1.57
4797,1.738
4799,1.583
4800,1.813
4802,1.547
4804,1.723
4805,1.568
4807,1.773
4809,1.561
4811,1.823
4812,1.604
4814,1.757
4816,1.62
4818,1.79
4819,1.585
4821,1.762
4823,1.715
4825,1.786
4826,1.625
4828,1.742
4830,1.708
4832,1.884
4833,1.673
4835,1.828
4837,1.635
4839,1.817
4841,1.761
4843,1.794
4844,1.657
4846,1.754
4848,1.683
4850,1.935
4851,1.691
4853,1.861
4855,1.614
4857,1.759
4858,1.572
4860,1.788
4862,1.628
4864,1.758
4865,1.581
4867,1.849
4869,1.603
4871,1.791
4872,1.6
4874,1.734
4876,1.642
4878,1.739
4879,1.595
4881,1.696
4883,1.711
4885,1.607
4886,1.662
4888,1.595
4890,1.639
4891,1.601
4893,1.6
4895,1.687
4896,1.68
4898,1.588
4900,1.755
4902,1.691
4903,1.789
4905,1.708
4907,1.867
4909,1.827
4911,1.864
4913,1.893
4914,1.662
4916,1.745
4918,1.825
4920,1.823
4922,1.715
4923,1.673
4925,1.672
4927,1.688
4929,1.783
4931,1.75
4932,1.787
4934,1.708
4936,1.702
4938,1.736
4940,1.834
4941,1.758
4943,1.747
4945,1.694
4947,1.751
4949,1.714
4950,1.722
4952,1.701
4954,1.677
4956,1.666
4957,1.708
4959,1.689
4961,1.761
4963,1.756
4964,1.67
4966,1.667
4968,1.701
4970,1.758
4971,1.785
4973,1.718
4975,1.763
4977,1.672
4979,1.746
4980,1.71
4982,1.71
4984,1.653
4986,1.773
4987,1.67
4989,1.679
4991,1.687
4993,1.667
4994,1.615
4996,1.685
4998,1.805
5000,1.678
5001,1.661
5003,1.663
5005,1.791
5007,1.717
5008,1.818
5010,1.714
5012,1.709
5014,1.825
5016,1.794
5017,1.645
5019,1.652
5021,1.641
5023,1.774
5024,1.826
5026,1.777
5028,1.743
5030,1.792
5032,1.882
5034,1.778
5035,1.661
5037,1.712
5039,1.857
5041,1.695
5042,1.662
5044,1.845
5046,1.642
5048,1.601
5049,1.579
5051,1.556
5053,1.76
5054,1.622
5056,1.659
5058,1.88
5060,1.878
5062,1.868
5064,1.698
5065,1.693
5067,1.816
5069,1.73
5071,1.808
5073,1.743
5074,1.781
5076,1.796
5078,1.774
5080,1.776
5082,1.847
5084,1.882
5086,1.919
5087,1.724
5089,1.746
5091,1.701
5093,1.763
5094,1.66
5096,1.684
5098,1.663
5100,1.669
5101,1.65
5103,1.625
5105,1.66
5106,1.619
5108,1.621
5110,1.651
5111,1.673
5113,1.674
5115,1.628
5117,1.652
5118,1.616
5120,1.75
5122,1.715
5124,1.725
5125,1.713
5127,1.72
5129,1.718
5131,1.803
5133,1.721
5134,1.773
5136,1.701
5138,1.839
5140,1.728
5142,1.824
5144,1.744
5145,1.652
5147,1.616
5149,1.722
5150,1.695
5152,1.723
5154,1.846
5156,1.723
5158,1.795
5160,1.826
5162,1.88
5164,1.833
5165,1.828
5167,1.659
5169,1.782
5171,1.893
5173,1.889
5175,1.939
5177,1.821
5179,1.771
5181,1.887
5183,1.924
5184,1.888
5186,1.926
5188,1.927
5190,1.998
5192,1.856
5194,1.967
5196,1.957
5198,1.939
5200,1.914
5202,2.002
5204,1.935
5206,1.776
5208,1.965
5210,1.913
5212,1.738
5214,1.858
5216,1.763
5218,1.824
5220,1.738
5221,1.766
5223,1.75
5225,1.894
5227,1.795
5229,1.911
5231,1.901
5233,1.995
5235,1.943
5237,1.795
5239,1.764
5240,1.79
5242,1.717
5244,1.796
5246,1.655
5248,1.796
5249,1.784
5251,1.746
5253,1.748
5255,1.752
5257,1.825
5259,1.844
5260,1.876
5262,1.797
5264,1.893
5266,1.842
5268,1.913
5270,1.793
5272,1.991
5274,1.918
5276,1.931
5278,1.877
5280,1.901
5282,1.882
5284,1.982
5286,1.906
5288,1.882
5289,1.831
5291,1.929
5293,1.832
5295,1.884
5297,1.943
5299,1.943
5301,1.907
5303,1.809
5305,1.735
5307,1.721
5308,1.905
5310,1.815
5312,1.85
5314,1.687
5316,1.633
5317,1.591
5319,1.753
5321,1.709
5322,1.708
5324,1.771
5326,1.606
5328,1.575
5329,1.675
5331,1.753
5333,1.949
5335,1.798
5337,1.89
5339,1.751
5340,1.757
5342,1.723
5344,1.703
5346,1.708
5347,1.692
5349,1.657
5351,1.742
5352,1.68
5354,1.678
5356,1.691
5358,1.653
5359,1.586
5361,1.601
5363,1.714
5364,1.743
5366,1.667
5368,1.727
5369,1.63
5371,1.681
5373,1.614
5375,1.712
5376,1.751
5378,1.675
5380,1.701
5381,1.627
5383,1.637
5385,1.623
5386,1.582
5388,1.562
5390,1.688
5391,1.694
5393,1.627
5395,1.652
5396,1.648
5398,1.642
5400,1.657
5401,1.698
5403,1.655
5405,1.632
5407,1.674
5408,1.679
5410,1.609
5412,1.733
5413,1.642
5415,1.633
5417,1.753
5418,1.704
5420,1.868
5422,1.818
5424,1.81
5426,1.691
5428,1.891
5429,1.79
5431,1.75
5433,1.841
5435,1.813
5437,1.891
5439,1.787
5441,1.878
5442,1.818
5444,1.743
5446,1.718
5448,1.723
5450,1.728
5451,1.729
5453,1.735
5455,1.722
5457,1.774
5458,1.677
5460,1.814
5462,1.668
5464,1.724
5465,1.658
5467,1.699
5469,1.696
5471,1.73
5472,1.703
5474,1.543
5476,1.791
5477,1.675
5479,1.634
5481,1.63
5482,1.687
5484,1.628
5486,1.619
5487,1.604
5489,1.612
5491,1.659
5492,1.644
5494,1.628
5496,1.653
5498,1.704
5499,1.737
5501,1.661
5503,1.628
5504,1.594
5506,1.579
5508,1.662
5509,1.606
5511,1.625
5513,1.658
5514,1.653
5516,1.674
5518,1.805
5519,1.606
5521,1.621
5523,1.628
5524,1.697
5526,1.584
5528,1.598
5529,1.564
5531,1.599
5532,1.609
5534,1.677
5536,1.635
5538,1.797
5539,1.654
5541,1.693
5543,1.77
5544,1.594
5546,1.554
5548,1.713
5549,1.661
5551,1.557
5553,1.669
5554,1.641
5556,1.656
5558,1.612
5559,1.589
5561,1.604
5563,1.612
5564,1.79
5566,1.613
5568,1.655
5570,1.803
5571,1.699
5573,1.614
5575,1.721
5576,1.625
5578,1.692
5580,1.649
5582,1.789
5583,1.619
5585,1.718
5587,1.686
5588,1.748
5590,1.667
5592,1.734
5594,1.694
5595,1.758
5597,1.816
5599,1.756
5601,1.8
5603,1.777
5605,1.819
5606,1.766
5608,1.667
5610,1.654
5611,1.758
5613,1.737
5615,1.74
5617,1.651
5619,1.818
5620,1.749
5622,1.677
5624,1.649
5625,1.699
5627,1.663
5629,1.766
5631,1.849
5633,1.837
5635,1.885
5636,1.806
5638,1.783
5640,1.781
5642,1.711
5644,1.74
5645,1.646
5647,1.867
5649,1.739
5651,1.727
5652,1.74
5654,1.645
5656,1.66
5658,1.694
5659,1.659
5661,1.644
5663,1.614
5664,1.685
5666,1.728
5668,1.653
5669,1.745
5671,1.707
5673,1.646
5675,1.636
5676,1.739
5678,1.77
5680,1.739
5682,1.8
5683,1.708
5685,1.677
5687,1.747
5689,1.657
5690,1.628
5692,1.585
5694,1.673
5695,1.619
5697,1.736
5699,1.622
5701,1.856
5702,1.791
5704,1.92
5706,1.839
5708,1.922
5710,1.86
5712,1.887
5714,1.803
5716,1.899
5718,1.851
5720,1.803
5721,1.719
5723,1.813
5725,1.695
5727,1.697
5728,1.664
5730,1.623
5732,1.638
5733,1.641
5735,1.662
5737,1.714
5738,1.695
5740,1.76
5742,1.764
5744,1.712
5746,1.782
5747,1.758
5749,1.808
5751,1.752
5753,1.762
5755,1.887
5757,1.861
5758,1.65
5760,1.79
5762,1.839
5764,1.756
5766,1.902
5768,1.709
5769,1.623
5771,1.685
5773,1.774
5774,1.603
5776,1.71
5778,1.722
5780,1.766
5781,1.676
5783,1.612
5785,1.691
5786,1.694
5788,1.743
5790,1.747
5792,1.72
5794,1.766
5795,1.656
5797,1.637
5799,1.717
5800,1.724
5802,1.726
5804,1.787
5806,1.695
5808,1.821
5809,1.801
5811,1.778
5813,1.786
5815,1.771
5817,1.693
5818,1.66
5820,1.645
5822,1.708
5824,1.781
5825,1.761
5827,1.688
5829,1.786
5831,1.699
5832,1.857
5834,1.745
5836,1.7
5838,1.754
5839,1.691
5841,1.662
5843,1.688
5845,1.767
5846,1.709
5848,1.784
5850,1.804
5852,1.681
5854,1.667
5855,1.682
5857,1.64
5859,1.668
5860,1.728
5862,1.715
5864,1.811
5866,1.733
5868,1.829
5869,1.764
5871,1.801
5873,1.75
5875,1.885
5877,1.727
5879,1.788
5880,1.774
5882,1.748
5884,1.793
5886,1.705
5887,1.612
5889,1.635
5891,1.675
5892,1.719
5894,1.64
5896,1.742
5898,1.71
5899,1.596
5901,1.534
5903,1.698
5904,1.702
5906,1.634
5911,5.3
5913,1.734
5915,1.778
5917,1.621
5918,1.748
5920,1.673
5922,1.708
5923,1.65
5925,1.653
5927,1.648
5929,1.717
5930,1.707
5932,1.616
5934,1.71
5936,1.762
5937,1.686
5939,1.728
5941,1.759
5942,1.637
5944,1.674
5946,1.596
5947,1.602
5949,1.563
5951,1.712
5952,1.584
5954,1.563
5956,1.603
5957,1.712
5959,1.559
5961,1.721
5962,1.562
5964,1.711
5966,1.618
5968,1.789
5969,1.795
5971,1.613
5973,1.574
5974,1.733
5976,1.689
5978,1.731
5980,1.62
5981,1.723
5983,1.708
5985,1.654
5986,1.556
5988,1.611
5990,1.607
5991,1.632
5993,1.605
5995,1.67
5996,1.664
5998,1.578
6000,1.63
6001,1.557
6003,1.756
6005,1.654
6006,1.625
6008,1.684
6010,1.64
6011,1.661
6013,1.594
6015,1.607
6016,1.644
6018,1.626
6020,1.618
6021,1.595
6023,1.642
6025,1.745
6029,4.252
6031,1.723
6032,1.62
6034,1.623
6036,1.603
6037,1.572
6039,1.622
6041,1.599
6042,1.548
6044,1.733
6045,1.536
6047,1.575
6049,1.532
6050,1.525
6052,1.551
6053,1.615
6055,1.539
6057,1.591
6058,1.586
6060,1.585
6061,1.572
6063,1.601
6065,1.661
6066,1.547
6068,1.52
6070,1.712
6071,1.518
6073,1.583
6074,1.553
6076,1.617
6078,1.595
6079,1.58
6081,1.52
6082,1.538
6084,1.511
6086,1.625
6087,1.487
6089,1.647
6090,1.497
6092,1.563
6093,1.49
6095,1.59
6097,1.559
6098,1.754
6100,1.691
6102,1.762
6103,1.605
6105,1.604
6107,1.578
6108,1.599
6110,1.553
6112,1.598
6113,1.474
6115,1.674
6116,1.618
6118,1.594
6120,1.588
6121,1.627
6123,1.586
6125,1.613
6126,1.555
6128,1.629
6129,1.589
6131,1.614
6133,1.719
6135,1.686
6136,1.634
6138,1.619
6140,1.63
6141,1.656
6143,1.592
6145,1.589
6146,1.803
6148,1.712
6150,1.729
6152,1.652
6153,1.658
6155,1.725
6157,1.613
6158,1.646
6160,1.675
6162,1.593
6163,1.661
6165,1.703
6167,1.689
6169,1.725
6170,1.667
6172,1.748
6174,1.683
6175,1.701
6177,1.67
6179,1.719
6181,1.645
6182,1.708
6184,1.758
6186,1.58
6187,1.611
6189,1.654
6191,1.727
6193,1.83
6194,1.669
6196,1.664
6198,1.718
6200,1.676
6201,1.741
6203,1.748
6205,1.665
6207,1.686
6208,1.767
6210,1.7
6212,1.599
6213,1.632
6215,1.63
6217,1.614
6218,1.618
6220,1.656
6222,1.625
6223,1.67
6225,1.6
6227,1.617
6228,1.646
6230,1.604
6232,1.647
6233,1.665
6235,1.662
6237,1.623
6238,1.646
6240,1.687
6242,1.66
6244,1.656
6245,1.659
6247,1.63
6248,1.616
6250,1.601
6252,1.571
6253,1.569
6255,1.602
6257,1.631
6258,1.535
6260,1.709
6262,1.748
6263,1.707
6265,1.661
6267,1.683
6269,1.734
6271,1.952
6272,1.81
6274,1.852
6276,1.806
6278,1.889
6280,1.794
6282,1.929
6284,1.758
6285,1.741
6287,1.642
6289,1.69
6290,1.63
6292,1.718
6294,1.679
6296,1.719
6297,1.657
6299,1.691
6301,1.603
6302,1.732
6304,1.643
6306,1.71
6308,1.666
6309,1.627
6311,1.635
6313,1.671
6314,1.717
6316,1.771
6318,1.647
6320,1.9
6322,1.866
6324,1.869
6325,1.845
6327,1.894
6329,1.8
6331,1.882
6333,1.937
6335,1.849
6337,1.843
6339,1.832
6340,1.819
6342,1.816
6344,1.795
6346,1.797
6348,1.727
6350,1.869
6351,1.789
6353,1.803
6355,1.735
6357,1.702
6359,1.689
6360,1.764
6362,1.659
6364,1.626
6365,1.687
6367,1.635
6369,1.61
6370,1.644
6372,1.645
6374,1.69
6375,1.686
6377,1.684
6379,1.631
6381,1.691
6382,1.608
6384,1.694
6386,1.666
6387,1.573
6389,1.508
6390,1.565
6392,1.511
6393,1.5
6395,1.534
6397,1.733
6398,1.659
6400,1.568
6402,1.559
6403,1.69
6405,1.577
6407,1.683
6408,1.596
6410,1.573
6411,1.505
6413,1.51
6415,1.457
6416,1.491
6418,1.468
6419,1.505
6421,1.54
6422,1.615
6424,1.49
6426,1.683
6427,1.492
6429,1.648
6430,1.515
6432,1.586
6433,1.544
6435,1.522
6437,1.558
6438,1.711
6440,1.598
6442,1.692
6443,1.574
6445,1.706
6447,1.564
6448,1.734
6450,1.568
6452,1.739
6453,1.583
6455,1.724
6457,1.494
6458,1.761
6460,1.705
6462,1.762
6464,1.558
6465,1.735
6467,1.574
6469,1.754
6470,1.668
6472,1.711
6474,1.504
6475,1.706
6477,1.518
6479,1.703
6480,1.635
6482,1.744
6484,1.569
6486,1.755
6487,1.658
6489,1.731
6491,1.652
6492,1.712
6494,1.713
6496,1.807
6498,1.75
6500,1.884
6501,1.649
6503,1.704
6505,1.644
6506,1.69
6508,1.611
6510,1.722
6512,1.688
6513,1.697
6515,1.658
6517,1.763
6518,1.586
6520,1.825
6522,1.748
6524,1.881
6526,1.732
6528,1.911
6529,1.742
6531,1.828
6533,1.675
6535,1.818
6537,1.829
6539,1.805
6540,1.737
6542,1.69
6544,1.574
6545,1.842
6547,1.574
6549,1.793
6551,1.586
6552,1.821
6554,1.55
6556,1.653
6557,1.678
6559,1.757
6561,1.611
6562,1.697
6564,1.721
6566,1.78
6568,1.615
6570,1.827
6571,1.644
6573,1.652
6575,1.584
6576,1.837
6578,1.598
6580,1.664
6581,1.578
6583,1.716
6585,1.621
6587,1.751
6588,1.634
6590,1.787
6592,1.603
6594,1.82
6595,1.665
6597,1.69
6599,1.706
6601,1.862
6602,1.717
6604,1.766
6606,1.718
6608,1.773
6609,1.764
6611,1.753
6613,1.669
6615,1.686
6616,1.692
6618,1.672
6620,1.652
6622,1.706
6623,1.728
6625,1.732
6627,1.68
6628,1.674
6630,1.601
6632,1.684
6634,1.709
6635,1.751
6637,1.743
6639,1.68
6640,1.585
6642,1.797
6644,1.666
6646,1.76
6647,1.65
6649,1.603
6651,1.705
6652,1.603
6654,1.699
6656,1.797
6658,1.706
6659,1.716
6661,1.732
6663,1.64
6665,1.704
6666,1.621
6668,1.692
6670,1.646
6671,1.781
6673,1.707
6675,1.777
6677,1.711
6678,1.718
6680,1.839
6682,1.735
6684,1.711
6686,1.764
6687,1.639
6689,1.642
6691,1.679
6692,1.728
6694,1.671
6696,1.738
6698,1.712
6699,1.704
6701,1.708
6703,1.794
6705,1.695
6706,1.711
6708,1.639
6710,1.782
6712,1.742
6713,1.696
6715,1.665
6717,1.621
6718,1.589
6720,1.624
6722,1.827
6723,1.686
6725,1.704
6727,1.658
6729,1.706
6730,1.629
6732,1.681
6734,1.686
6735,1.72
6737,1.665
6739,1.716
6741,1.621
6742,1.657
6744,1.684
6746,1.696
6747,1.62
6749,1.698
6751,1.774
6753,1.784
6754,1.755
6756,1.765
6758,1.805
6760,1.873
6762,1.723
6764,1.903
6765,1.667
6767,1.83
6769,1.68
6771,1.875
6773,1.728
6775,1.905
6776,1.799
6778,1.851
6780,1.813
6782,1.828
6784,1.749
6786,1.749
6787,1.699
6789,1.695
6791,1.722
6792,1.691
6794,1.66
6796,1.697
6798,1.615
6799,1.694
6801,1.668
6803,1.873
6805,1.843
6806,1.651
6808,1.625
6810,1.747
6812,1.708
6813,1.734
6815,1.663
6817,1.808
6819,1.663
6820,1.771
6822,1.715
6824,1.785
6826,1.674
6827,1.82
6829,1.81
6831,1.751
6833,1.889
6835,1.839
6837,1.87
6839,1.762
6840,1.784
6842,1.678
6844,1.742
6846,1.766
6848,1.793
6849,1.806
6851,1.733
6853,1.761
6855,1.699
6856,1.75
6858,1.777
6860,1.85
6862,1.866
6864,1.847
6866,1.806
6868,1.864
6869,1.718
6871,1.681
6873,1.757
6875,1.865
6877,1.879
6879,1.862
6880,1.794
6882,1.768
6884,1.816
6886,1.822
6888,1.82
6890,1.888
6892,1.785
6893,1.799
6895,1.742
6897,1.813
6899,1.802
6901,1.818
6902,1.748
6904,1.864
6906,1.771
6908,1.754
6910,1.807
6912,1.845
6913,1.774
6915,1.851
6917,1.788
6919,1.831
6921,1.779
6923,1.841
6925,1.795
6926,1.836
6928,1.81
6930,1.797
6932,1.753
6934,1.827
6936,1.831
6937,1.813
6939,1.792
6941,1.86
6943,1.869
6945,1.863
6947,1.825
6949,1.815
6950,1.759
6952,1.847
6954,1.771
6956,1.833
6958,1.777
6960,1.866
6962,1.805
6963,1.825
6965,1.781
6967,1.873
6969,1.793
6971,1.819
6973,1.852
6975,1.86
6976,1.847
6978,1.831
6980,1.78
6982,1.826
6984,1.823
6986,1.862
6988,1.815
6989,1.853
6991,1.774
6993,1.846
6995,1.902
6997,1.789
6999,1.822
7001,1.814
7002,1.777
7004,1.854
7006,1.753
7008,1.857
7010,1.854
7012,1.835
7014,1.885
7015,1.81
7017,1.85
7019,1.82
7021,1.768
7023,1.918
7025,1.825
7027,1.811
7029,1.78
7030,1.819
7032,1.816
7034,1.89
7036,1.697
7038,1.907
7040,1.843
7042,1.809
7043,1.785
7045,1.825
7047,1.75
7049,1.857
7051,1.778
7053,1.83
7054,1.77
7056,1.84
7058,1.834
7060,1.816
7062,1.803
7064,1.858
7066,1.823
7067,1.852
7069,1.691
7071,1.816
7073,1.884
7075,1.848
7077,1.783
7078,1.761
7080,1.858
7082,1.778
7084,1.757
7086,1.773
7087,1.742
7089,1.708
7091,1.743
7093,1.714
7094,1.73
7096,1.736
7098,1.794
7100,1.731
7102,1.756
7103,1.793
7105,1.639
7107,1.715
7109,1.899
7111,1.679
7112,1.891
7114,1.746
7116,1.826
7118,1.764
7120,1.8
7121,1.719
7123,1.798
7125,1.682
7127,1.732
7128,1.637
7130,1.627
7132,1.648
7133,1.654
7135,1.622
7137,1.613
7138,1.615
7140,1.643
7142,1.645
7143,1.614
7145,1.628
7147,1.639
7148,1.632
7150,1.657
7152,1.646
7153,1.705
7155,1.614
7157,1.597
7158,1.605
7160,1.633
7162,1.646
7163,1.62
7165,1.605
7167,1.635
7168,1.678
7170,1.601
7172,1.665
7174,1.828
7175,1.618
7177,1.676
7179,1.677
7180,1.68
7182,1.66
7184,1.702
7186,1.672
7187,1.664
7189,1.687
7191,1.658
7192,1.765
7194,1.626
7196,1.69
7197,1.603
7199,1.707
7201,1.762
7203,1.708
7204,1.723
7206,1.701
7208,1.741
7210,1.839
7212,1.763
7213,1.788
7215,1.776
7217,1.752
7219,1.752
7221,1.855
7223,1.785
7224,1.936
7226,1.799
7228,1.859
7230,1.807
7232,1.876
7234,1.896
7236,1.915
7238,1.835
7239,1.748
7241,1.833
7243,1.734
7245,1.825
7247,1.749
7249,1.774
7250,1.697
7252,1.812
7254,1.744
7256,1.906
7258,1.788
7260,1.859
7261,1.742
7263,1.805
7265,1.758
7267,1.862
7269,1.748
7270,1.706
7272,1.684
7274,1.82
7276,1.819
7278,1.832
7279,1.712
7281,1.758
7283,1.765
7285,1.743
7286,1.685
7288,1.685
7290,1.694
7292,1.747
7293,1.776
7295,1.689
7297,1.753
7299,1.758
7301,1.72
7302,1.749
7304,1.76
7306,1.744
7308,1.751
7309,1.731
7311,1.672
7313,1.704
7315,1.711
7316,1.678
7318,1.693
7320,1.662
7325,5.04
7327,1.796
7328,1.711
7330,1.712
7332,1.76
7334,1.803
7336,1.829
7337,1.774
7339,1.656
7341,1.627
7343,1.815
7345,1.817
7346,1.816
7348,1.846
7350,1.717
7352,1.704
7354,1.764
7355,1.776
7357,1.773
7359,1.715
7361,1.689
7362,1.631
7364,1.754
7366,1.833
7368,1.862
7370,1.734
7371,1.683
7373,1.724
7375,1.785
7377,1.652
7378,1.67
7380,1.658
7382,1.733
7383,1.635
7385,1.697
7387,1.7
7389,1.717
7390,1.831
7392,1.844
7394,1.797
7396,1.976
7398,1.955
7400,1.893
7402,1.936
7404,1.926
7406,1.94
7408,1.932
7410,1.945
7412,1.922
7414,1.843
7416,1.889
7418,1.859
7419,1.813
7421,1.825
7423,1.804
7425,1.929
7427,1.825
7429,1.875
7431,1.847
7433,1.855
7434,1.798
7436,1.866
7438,1.819
7440,1.833
7442,1.806
7444,1.963
7446,1.783
7447,1.788
7449,1.674
7451,1.846
7453,1.785
7455,1.853
7457,1.751
7458,1.819
7460,1.773
7462,1.839
7464,1.768
7466,1.781
7467,1.787
7469,1.786
7471,1.881
7473,1.875
7475,1.997
7477,1.879
7479,1.919
7481,1.752
7483,1.828
7485,2.12
7487,1.97
7489,1.94
7491,1.928
7493,1.895
7495,1.799
7496,1.832
7498,1.849
7500,1.867
7502,1.957
7504,1.95
7506,1.945
7508,2.117
7510,1.844
7512,2.048
7514,1.837
7516,1.856
7518,1.944
7520,2.044
7522,1.735
7524,1.823
7525,1.709
7527,1.778
7529,1.727
7531,1.751
7532,1.752
7534,1.794
7536,1.864
7538,1.815
7540,1.853
7542,1.797
7544,1.834
7545,1.795
7547,1.714
7549,1.777
7551,1.747
7553,1.847
7554,1.666
7556,1.762
7558,1.675
7560,1.87
7562,1.847
7563,1.856
7565,1.749
7567,1.825
7569,1.719
7571,1.809
7572,1.732
7574,1.752
7576,1.787
7578,1.819
7580,1.838
7582,1.812
7583,1.763
7585,1.775
7587,1.843
7589,1.89
7591,1.84
7593,1.907
7595,1.76
7597,1.923
7598,1.789
7600,1.88
7602,1.8
7604,1.736
7606,1.855
7608,1.767
7609,1.835
7611,1.822
7613,1.905
7615,1.846
7617,1.868
7619,1.722
7621,1.781
7622,1.828
7624,1.791
7626,1.703
7628,1.795
7630,1.723
7631,1.815
7633,1.726
7635,1.775
7637,1.755
7638,1.703
7640,1.695
7642,1.673
7644,1.664
7645,1.705
7647,1.717
7649,1.723
7651,1.819
7652,1.784
7654,1.719
7656,1.777
7658,1.683
7660,1.801
7661,1.694
7663,1.734
7665,1.761
7667,1.68
7668,1.722
7670,1.674
7672,2.258
7674,1.806
7676,1.668
7678,1.795
7679,1.682
7681,1.833
7683,1.659
7685,1.827
7686,1.617
7688,1.743
7690,1.593
7692,1.728
7693,1.599
7695,1.8
7697,1.816
7699,1.893
7701,1.838
7702,1.837
7704,1.875
7706,1.857
7708,1.715
7710,1.735
7711,1.653
7713,1.776
7715,1.879
7717,1.896
7719,1.893
7721,1.84
7723,1.807
7724,1.755
7726,1.697
7728,1.741
7730,1.701
7732,1.806
7733,1.685
7735,1.767
7737,1.688
7739,1.754
7740,1.725
7742,1.739
7744,1.707
7746,1.846
7748,1.822
7749,1.736
7751,1.872
7753,1.827
7755,1.738
7757,1.775
7758,1.725
7760,1.735
7762,1.733
7764,1.733
7765,1.698
7767,1.727
7769,1.701
7771,1.818
7773,1.817
7774,1.808
7776,1.904
7778,1.79
7780,1.7
7782,1.804
7784,1.796
7785,1.804
7787,1.815
7789,1.852
7791,1.848
7793,1.855
7795,1.868
7797,1.906
7798,1.745
7800,1.751
7802,1.708
7804,1.752
7805,1.735
7807,1.738
7809,1.676
7811,1.753
7813,1.75
7814,1.777
7816,1.779
7818,1.76
7820,1.68
7821,1.701
7823,1.645
7825,1.749
7826,1.633
7828,1.729
7830,1.579
7832,1.733
7834,2.52
7837,2.554
7839,2.51
7842,2.517
7844,2.608
7847,2.478
7849,2.437
7852,2.61
7855,2.492
7857,2.627
7860,2.585
7863,2.821
7865,2.63
7868,2.789
7871,2.612
7874,2.674
7876,2.774
7879,2.697
7882,2.682
7885,2.797
7887,2.7
7890,2.867
7893,2.689
7896,2.704
7898,2.669
7901,2.663
7904,2.673
7906,2.617
7909,2.598
7912,2.683
7915,2.689
7917,2.666
7920,2.707
7923,2.653
7925,2.756
7928,2.806
7931,2.68
7934,3.075
7937,3.115
7941,3.325
7944,3.231
7947,2.926
7950,2.82
7953,2.887
7955,2.703
7958,2.694
7961,2.74
7964,2.787
7967,2.793
7969,2.824
7972,2.792
7975,2.625
7978,2.62
7980,2.76
7983,2.689
7986,2.619
7988,2.716
7991,2.572
7994,2.727
7997,2.837
7999,2.747
8002,2.711
8005,2.836
8008,2.844
8011,2.634
8013,2.802
8016,2.705
8019,2.848
8022,2.813
8025,2.923
8028,2.695
8031,2.818
8033,2.675
8036,2.76
8039,2.663
8042,2.738
8044,2.611
8047,2.34
8049,2.419
8052,2.622
8054,2.576
8057,2.703
8060,2.732
8063,2.636
8065,2.632
8068,2.617
8071,2.577
8073,2.535
8076,2.477
8078,2.365
8081,2.369
8083,2.366
8085,2.413
8088,2.576
8090,2.34
8093,2.347
8095,2.274
8098,2.415
8100,2.512
8103,2.301
8105,2.297
8107,2.229
8109,2.266
8112,2.4
8114,2.449
8117,2.545
8120,2.589
8122,2.287
8124,2.478
8127,2.416
8129,2.464
8132,2.636
8134,2.303
8137,2.312
8139,2.302
8142,2.467
8144,2.593
8147,2.37
8149,2.38
8152,2.674
8155,2.856
8157,2.553
8160,2.548
8163,2.457
8165,2.346
8167,2.37
8170,2.376
8172,2.479
8175,2.458
8178,2.668
8180,2.542
8183,2.356
8185,2.346
8187,2.281
8190,2.413
8192,2.714
8195,2.614
8198,2.423
8200,2.579
8203,2.628
8205,2.521
8208,2.604
8211,2.514
8213,2.448
8216,2.42
8218,2.273
8220,2.355
8223,2.298
8225,2.381
8227,2.358
8230,2.479
8233,2.581
8235,2.399
8238,2.512
8240,2.683
8243,2.353
8245,2.553
8248,2.698
8251,2.726
8254,2.777
8256,2.729
8259,2.379
8261,2.497
8264,2.729
8267,2.68
8270,2.67
8272,2.753
8275,2.459
8277,2.603
8280,2.657
8283,2.471
8285,2.466
8288,2.546
8290,2.428
8293,2.461
8295,2.38
8298,2.556
8300,2.686
8303,2.482
8305,2.489
8308,2.607
8310,2.371
8313,2.374
8315,2.418
8318,2.615
8321,2.588
8323,2.341
8326,2.593
8328,2.663
8331,2.452
8333,2.222
8335,1.823
8337,1.864
8339,1.782
8340,1.814
8342,1.7
8344,1.71
8346,1.773
8348,1.9
8349,1.693
8351,1.662
8353,1.653
8355,1.746
8356,1.736
8358,1.706
8360,1.631
8361,1.701
8363,1.773
8365,1.69
8367,1.697
8368,1.629
8370,1.617
8372,1.611
8373,1.595
8375,1.624
8377,1.783
8379,1.717
8380,1.809
8382,1.6
8384,1.607
8385,1.738
8387,1.76
8389,1.705
8391,1.693
8392,1.678
8394,1.644
8396,1.64
8397,1.644
8399,1.571
8401,1.578
8402,1.533
8404,1.59
8405,1.686
8407,1.68
8409,1.667
8411,1.615
8412,1.617
8414,1.53
8415,1.648
8417,1.704
8419,1.682
8421,1.673
8422,1.635
8424,1.694
8426,1.671
8427,1.626
8429,1.641
8431,1.622
8432,1.684
8434,1.674
8436,1.602
8438,1.843
8439,1.734
8441,1.65
8443,1.81
8445,1.672
8446,1.655
8448,1.636
8450,1.623
8451,1.584
8453,1.62
8455,1.646
8456,1.536
8458,1.555
8459,1.572
8461,1.604
8463,1.653
8464,1.604
8466,1.548
8468,1.609
8469,1.644
8471,1.608
8473,1.634
8474,1.535
8476,1.591
8477,1.613
8479,1.553
8481,1.594
8482,1.712
8484,1.58
8486,1.731
8487,1.567
8489,1.647
8491,1.691
8492,1.676
8494,1.594
8496,1.634
8497,1.574
8499,1.709
8501,1.537
8502,1.578
8504,1.55
8505,1.532
8507,1.525
8509,1.627
8510,1.613
8512,1.683
8514,1.732
8515,1.653
8517,1.651
8519,1.628
8520,1.62
8522,1.563
8524,1.565
8525,1.556
8527,1.558
8529,1.825
8530,1.688
8532,1.627
8534,1.595
8535,1.598
8537,1.581
8539,1.556
8540,1.567
8542,1.554
8543,1.58
8545,1.579
8547,1.596
8548,1.556
8550,1.523
8551,1.588
8553,1.539
8555,1.595
8556,1.574
8558,1.557
8559,1.586
8561,1.553
8562,1.538
8564,1.551
8566,1.565
8567,1.548
8569,1.546
8570,1.578
8572,1.547
8574,1.59
8575,1.573
8577,1.571
8578,1.567
8580,1.557
8582,1.584
8583,1.564
8585,1.528
8586,1.532
8588,1.526
8589,1.514
8591,1.573
8593,1.496
8594,1.511
8596,1.453
8597,1.586
8599,1.496
8600,1.529
8602,1.513
8603,1.533
8605,1.511
8607,1.597
8608,1.62
8610,1.551
8612,1.688
8613,1.632
8615,1.598
8616,1.563
8618,1.57
8620,1.605
8621,1.648
8623,1.612
8625,1.67
8626,1.697
8628,1.527
8630,1.604
8631,1.611
8633,1.593
8635,1.58
8636,1.612
8638,1.609
8640,1.69
8641,1.772
8643,1.639
8645,1.752
8647,1.848
8648,1.758
8650,1.843
8652,1.645
8654,1.765
8656,1.698
8657,1.763
8659,1.614
8661,1.755
8662,1.651
8664,1.822
8666,1.624
8668,1.752
8669,1.581
8671,1.737
8673,1.625
8675,1.761
8676,1.718
8678,1.776
8680,1.685
8682,1.788
8683,1.692
8685,1.862
8687,1.656
8689,1.729
8690,1.558
8692,1.705
8694,1.553
8695,1.71
8697,1.571
8699,1.682
8700,1.63
8702,1.726
8704,1.836
8706,1.722
8707,1.58
8709,1.67
8711,1.556
8712,1.721
8714,1.542
8716,1.678
8717,1.571
8719,1.703
8721,1.651
8723,1.827
8724,1.787
8726,1.792
8728,1.678
8730,1.762
8732,1.784
8734,2.208
8736,2.079
8738,1.807
8739,1.645
8741,1.78
8743,1.622
8745,1.797
8746,1.647
8748,1.819
8750,1.664
8752,1.81
8754,1.704
8755,1.808
8757,1.655
8759,1.856
8761,1.647
8762,1.699
8764,1.681
8766,1.777
8768,1.791
8770,1.807
8771,1.787
8773,1.797
8775,1.814
8777,1.812
8779,1.749
8780,1.785
8782,1.763
8784,1.738
8786,1.854
8788,1.803
8790,1.862
8791,1.791
8793,1.774
8795,1.756
8797,1.791
8799,1.796
8801,1.771
8802,1.731
8804,1.807
8806,1.746
8808,1.77
8810,1.744
8811,1.751
8813,1.689
8815,1.784
8817,1.694
8818,1.767
8820,1.674
8822,1.727
8824,1.68
8825,1.722
8827,1.675
8829,1.715
8830,1.67
8832,1.826
8834,1.689
8836,1.752
8838,1.692
8839,1.715
8841,1.625
8843,1.715
8844,1.708
8846,1.796
8848,1.64
8850,1.732
8851,1.711
8853,1.732
8855,1.678
8857,1.739
8858,1.701
8860,1.772
8862,1.642
8864,1.77
8865,1.678
8867,1.727
8869,1.596
8871,1.751
8872,1.719
8874,1.679
8876,1.67
8878,1.756
8879,1.71
8881,1.742
8883,1.709
8885,1.751
8886,1.672
8888,1.697
8890,1.631
8891,1.657
8893,1.618
8895,1.599
8896,1.678
8898,1.715
8900,1.635
8902,1.829
8903,1.675
8905,1.751
8907,1.69
8913,6.202
8915,1.712
8917,1.731
8918,1.648
8920,1.711
8922,1.643
8923,1.738
8925,1.682
8927,1.747
8929,1.719
8931,1.77
8932,1.835
8934,1.747
8936,1.706
8938,1.709
8939,1.768
8941,1.748
8943,1.813
8945,1.775
8947,1.788
8948,1.756
8950,1.767
8952,1.661
8954,1.623
8955,1.621
8957,1.642
8959,1.594
8960,1.676
8962,1.583
8964,1.65
8965,1.596
8967,1.628
8969,1.585
8970,1.638
8972,1.607
8973,1.648
8975,1.565
8977,1.585
8979,2.266
8981,1.607
8982,1.722
8984,1.784
8986,1.789
8988,1.735
8990,1.813
8991,1.699
8999,7.324
9001,1.851
9002,1.689
9010,7.794
9012,1.876
9014,1.801
9016,1.905
9018,1.845
9020,1.828
9022,1.877
9023,1.879
9025,1.818
9027,1.836
9029,1.922
9031,1.828
9033,1.793
9035,1.715
9036,1.794
9038,1.735
9040,1.765
9042,1.659
9043,1.653
9045,1.633
9047,1.576
9048,1.554
9050,1.585
9051,1.626
9055,3.974
9057,1.624
9059,1.684
9060,1.61
9062,1.615
9064,1.58
9065,1.736
9067,1.574
9069,1.632
9076,6.857
9078,2.02
9080,1.778
9081,1.895
9083,1.606
9085,1.741
9087,1.68
9088,1.742
9090,1.668
9092,1.661
9093,1.673
9095,1.715
9097,1.629
9099,1.763
9100,1.605
9102,1.631
9104,1.597
9105,1.603
9107,1.526
9108,1.547
9110,1.582
9112,1.579
9113,1.477
9115,1.63
9116,1.511
9118,1.499
9119,1.541
9121,1.521
9123,1.482
9124,1.522
9126,1.497
9127,1.535
9129,1.507
9130,1.533
9132,1.743
9134,1.522
9135,1.456
9137,1.512
9138,1.478
9140,1.486
9141,1.436
9143,1.584
9144,1.518
9146,1.516
9147,1.487
9149,1.504
9150,1.503
9158,7.679
9160,1.909
9162,1.764
9164,1.831
9166,1.654
9167,1.62
9169,1.503
9171,1.71
9172,1.753
9174,1.769
9176,1.658
9178,1.672
9179,1.589
9181,1.717
9183,1.645
