5,4.139
10,5.234
14,4.288
19,4.222
23,3.833
27,4.17
31,4.316
35,4.148
39,3.975
43,3.857
47,3.909
51,3.564
55,3.854
58,3.645
62,3.739
66,3.581
70,3.924
74,4.0
78,4.181
82,3.745
86,3.906
89,3.5
93,3.493
96,3.264
99,3.379
103,3.521
106,3.419
110,3.249
113,3.471
117,3.432
120,3.256
124,3.487
127,3.31
130,3.329
134,3.527
137,3.57
141,3.546
144,3.306
148,3.257
151,3.35
154,3.345
158,3.171
161,3.494
165,3.285
168,3.13
171,3.155
174,3.376
178,3.359
181,3.333
184,3.353
188,3.468
191,3.396
195,3.433
198,3.504
202,3.184
205,3.294
208,3.414
212,3.323
215,3.517
219,3.306
222,3.248
225,3.277
229,3.238
232,3.346
235,3.445
238,2.909
242,3.301
245,3.499
248,3.1
254,5.964
258,3.458
261,3.473
265,3.438
268,3.371
272,3.383
275,3.155
278,3.418
282,3.501
285,3.482
289,3.41
292,3.39
296,3.359
299,3.291
302,3.231
306,3.254
309,3.445
312,3.284
315,3.007
319,3.49
322,3.455
326,3.194
329,3.322
332,3.302
336,3.496
339,3.397
343,3.529
346,3.369
350,3.251
360,9.912
364,3.741
368,3.948
372,3.816
376,3.78
379,3.601
383,3.77
387,3.664
390,3.378
394,3.614
397,3.422
401,3.578
405,3.673
408,3.539
412,3.513
415,3.566
419,3.578
423,3.635
426,3.41
430,3.656
433,3.482
437,3.502
440,3.642
444,3.527
448,3.531
451,3.427
454,3.313
458,3.307
461,3.458
465,3.522
468,3.291
472,3.594
475,3.701
479,3.711
483,3.671
486,3.273
490,3.542
493,3.237
497,3.379
500,3.465
504,3.525
507,3.494
511,3.402
514,3.473
518,3.666
522,3.876
525,3.412
529,3.764
533,3.667
536,3.608
540,3.878
544,3.583
548,3.755
551,3.746
555,3.719
559,3.714
652,93.344
658,5.132
662,4.227
666,3.875
669,3.669
674,3.969
677,3.886
681,3.791
685,4.173
689,3.674
693,3.628
697,3.701
700,3.608
704,3.555
708,3.607
728,20.263
732,4.477
737,4.069
740,3.816
744,3.691
748,3.695
751,3.274
755,3.821
758,3.419
762,3.491
766,3.501
769,3.646
773,3.511
776,3.475
780,3.438
783,3.451
787,3.232
790,3.398
794,3.544
797,3.873
801,3.552
804,3.331
808,3.515
812,3.675
815,3.614
819,3.734
823,3.455
826,3.383
830,3.438
833,3.567
837,3.754
841,3.828
844,3.54
848,3.654
852,3.479
855,3.432
858,3.351
862,3.503
866,3.547
869,3.545
873,3.385
876,3.409
879,3.447
883,3.503
886,3.341
890,3.591
917,26.408
921,4.051
928,6.922
931,3.645
935,3.743
939,3.524
942,3.348
946,3.575
949,3.623
953,3.393
956,3.218
960,3.491
963,3.344
967,3.545
970,3.62
974,3.82
978,3.595
982,3.916
985,3.636
989,3.327
992,3.699
996,3.782
1000,3.76
1004,3.936
1008,3.765
1012,4.227
1016,4.095
1020,3.682
1024,3.771
1027,3.686
1031,3.563
1035,3.849
1039,3.842
1042,3.465
1046,3.652
1050,3.549
1053,3.521
1057,3.64
1061,3.966
1064,3.511
1068,3.696
1071,3.157
1075,3.57
1079,3.785
1082,3.446
1086,3.655
1090,3.782
1094,3.96
1098,3.823
1101,3.704
1105,3.749
1109,3.824
1113,3.862
1116,3.465
1120,3.615
1124,3.506
1127,3.457
1131,3.469
1134,3.596
1138,3.52
1141,3.613
1145,3.722
1149,3.86
1153,3.79
1157,3.583
1160,3.62
1164,3.444
1167,3.515
1171,3.517
1174,3.652
1178,3.749
1182,3.628
1186,3.731
1189,3.696
1193,3.751
1197,3.536
1201,3.715
1204,3.619
1208,3.57
1212,4.099
1216,3.525
1221,5.03
1225,4.336
1229,3.882
1233,3.667
1236,3.596
1240,3.51
1244,3.711
1247,3.639
1251,3.802
1255,3.544
1258,3.653
1262,3.452
1266,3.691
1269,3.78
1273,3.978
1277,3.565
1281,3.889
1285,3.737
1288,3.482
1292,3.705
1296,3.758
1299,3.551
1303,3.745
1306,3.248
1310,3.69
1314,3.497
1317,3.707
1321,3.451
1325,3.779
1329,3.918
1332,3.513
1336,3.528
1339,3.227
1342,3.395
1346,3.271
1349,3.358
1353,3.329
1356,3.331
1359,3.406
1363,3.407
1366,3.527
1369,3.093
1373,3.47
1377,3.552
1380,3.54
1384,3.423
1387,3.508
1391,3.592
1394,3.486
1398,3.447
1402,3.819
1405,3.776
1409,3.409
1413,4.202
1417,3.995
1421,4.195
1425,3.795
1429,3.592
1433,3.586
1436,3.486
1440,3.45
1443,3.569
1446,3.315
1450,3.278
1453,3.457
1457,3.582
1460,3.504
1464,3.539
1467,3.383
1471,3.592
1475,3.637
1478,3.434
1482,3.593
1486,3.687
1489,3.531
1493,3.578
1496,3.607
1500,3.584
1504,3.561
1507,3.733
1511,3.589
1515,3.446
1518,3.315
1521,3.607
1525,3.526
1528,3.283
1532,3.654
1536,3.533
1539,3.394
1543,3.607
1546,3.561
1550,3.619
1554,3.563
1557,3.66
1560,3.058
1564,3.651
1567,3.138
1571,3.669
1575,3.596
1578,3.46
1582,3.698
1585,3.544
1589,3.511
1593,3.78
1596,3.554
1600,3.724
1604,3.57
1607,3.413
1610,3.134
1614,3.496
1617,3.367
1621,3.445
1624,3.48
1628,3.237
1631,3.344
1634,3.553
1638,3.529
1642,3.736
1646,3.667
1649,3.52
1653,3.562
1656,3.608
1660,3.539
1663,3.523
1667,3.421
1670,3.363
1674,3.402
1677,3.274
1680,3.303
1684,3.481
1687,3.341
1691,3.301
1694,3.456
1698,3.472
1701,3.17
1704,3.154
1708,3.719
1711,3.533
1715,3.476
1718,3.513
1722,3.496
1726,3.643
1729,3.528
1733,3.538
1736,3.601
1740,3.823
1744,3.539
1747,3.447
1751,3.424
1754,3.447
1758,3.384
1761,3.568
1765,3.493
1769,3.744
1772,3.65
1776,3.485
1779,3.385
1783,3.457
1786,3.574
1790,3.572
1794,3.671
1797,3.444
1801,3.661
1804,3.494
1808,3.556
1812,3.492
1815,3.502
1819,3.481
1822,3.268
1825,3.421
1829,3.4
1832,3.477
1835,2.948
1839,3.584
1842,3.387
1846,3.224
1849,3.495
1853,3.414
1856,3.423
1859,3.368
1863,3.34
1866,3.634
1870,3.448
1873,3.48
1877,3.359
1880,3.4
1884,3.638
1888,3.498
1891,3.321
1894,3.254
1897,3.126
1901,3.562
1905,3.541
1908,3.603
1912,3.503
1915,3.267
1919,3.584
1922,3.525
1926,3.316
1929,3.271
1932,3.143
1936,3.659
1939,3.218
1942,3.347
1946,3.183
1949,3.33
1952,3.489
1956,3.187
1959,3.18
1962,3.367
1966,3.517
1969,3.431
1973,3.658
1977,3.667
1980,3.482
1984,3.639
1988,3.802
1992,3.832
1995,3.507
1999,3.597
2002,3.665
2006,3.511
2010,3.6
2013,3.611
2017,3.662
2020,3.402
2024,3.636
2028,3.527
2031,3.39
2035,3.389
2038,3.398
2042,3.51
2045,3.369
2048,3.523
2052,3.769
2056,3.596
2059,3.269
2063,3.266
2066,3.31
2070,3.665
2073,3.397
2076,3.392
2080,3.51
2084,3.515
2087,3.378
2090,3.228
2094,3.404
2097,3.216
2100,3.312
2104,3.251
2107,3.421
2110,3.249
2114,3.279
2117,3.364
2120,3.375
2124,3.328
2127,3.234
2130,3.252
2134,3.28
2137,3.278
2140,3.388
2144,3.329
2147,3.28
2150,3.31
2154,3.369
2157,3.388
2161,3.376
2164,3.333
2167,3.303
2171,3.386
2174,3.623
2178,3.315
2181,3.537
2185,3.608
2189,3.534
2192,3.566
2196,3.43
2199,3.547
2203,3.411
2206,3.311
2210,3.61
2213,3.527
2217,3.591
2221,3.787
2225,4.036
2228,3.563
2232,3.297
2235,3.38
2239,3.401
2242,3.39
2245,3.28
2249,3.445
2252,3.397
2256,3.437
2259,3.547
2263,3.523
2266,3.355
2270,3.315
2273,3.526
2276,3.256
2280,3.506
2283,3.526
2287,3.394
2290,3.376
2294,3.461
2297,3.384
2301,3.633
2304,3.472
2308,3.559
2312,3.489
2315,2.949
2332,17.366
2339,7.088
2343,3.915
2347,3.833
2351,3.665
2354,3.637
2358,3.401
2361,3.395
2365,3.575
2368,3.442
2372,3.526
2375,3.622
2379,3.569
2382,3.293
2386,3.322
2389,3.53
2393,3.549
2397,3.558
2400,3.556
2404,3.449
2407,3.344
2410,3.306
2414,3.665
2418,3.575
2421,3.408
2425,3.528
2428,3.75
2432,3.767
2437,4.31
2441,4.015
2445,3.937
2448,3.713
2452,3.475
2456,3.61
2459,3.457
2462,3.325
2466,3.641
2470,3.543
2473,3.545
2477,3.74
2481,3.706
2485,3.767
2488,3.752
2492,3.594
2496,4.245
2500,3.791
2504,3.42
2507,3.685
2511,3.399
2514,3.265
2517,3.437
2521,3.548
2525,3.504
2528,3.523
2532,3.573
2536,3.738
2539,3.561
2542,3.346
2546,3.737
2550,3.422
2554,3.777
2557,3.727
2561,3.644
2564,3.467
2568,3.596
2572,3.633
2575,3.562
2579,3.608
2583,3.57
2586,3.602
2590,3.574
2593,3.232
2597,3.486
2600,3.205
2603,3.242
2607,3.432
2610,3.301
2614,3.691
2617,3.393
2621,3.372
2624,3.638
2628,3.439
2631,3.376
2634,3.198
2637,3.09
2641,3.782
2645,3.49
2648,3.489
2652,3.423
2655,3.454
2659,3.574
2662,3.312
2666,3.511
2669,3.44
2673,3.42
2676,3.576
2680,3.561
2683,3.402
2687,3.463
2690,3.396
2694,3.517
2697,3.393
2701,3.319
2704,3.649
2708,3.642
2712,3.515
2715,3.411
2719,3.443
2722,3.507
2726,3.498
2729,3.358
2733,3.511
2736,3.601
2740,3.604
2744,3.711
2747,3.527
2751,3.533
2754,3.64
2758,3.606
2762,3.699
2765,3.664
2769,3.493
2773,3.633
2776,3.342
2779,3.393
2783,3.437
2786,3.303
2790,3.323
2793,3.195
2796,3.258
2800,3.643
2804,3.698
2807,3.394
2811,3.562
2814,3.509
2818,3.409
2821,3.423
2825,3.432
2828,3.467
2832,3.564
2835,3.411
2839,3.693
2842,3.55
2846,3.597
2850,3.542
2853,3.425
2857,3.458
2860,3.413
2864,3.457
2867,3.515
2871,3.659
2875,3.72
2878,3.741
2882,3.677
2886,3.542
2889,3.478
2892,3.273
2896,3.522
2900,3.522
2903,3.5
2907,3.377
2910,3.413
2913,3.41
2917,3.247
2920,3.244
2923,3.336
2927,3.515
2930,3.482
2934,3.492
2938,4.381
2942,3.426
2945,3.446
2949,3.508
2953,3.616
2956,3.481
2960,3.444
2963,3.587
2967,3.334
2970,3.224
2973,3.212
2977,3.55
2980,3.568
2984,3.468
2987,3.65
2991,3.495
2994,3.49
2998,3.749
3002,3.604
3006,3.872
3010,3.746
3013,3.766
3017,3.522
3021,3.583
3024,3.48
3027,3.326
3031,3.325
3034,3.161
3038,3.535
3041,3.496
3045,3.669
3048,3.645
3052,3.539
3056,3.737
3059,3.494
3063,3.684
3067,3.666
3070,3.421
3074,3.358
3077,3.46
3081,3.508
3084,3.7
3088,3.606
3092,3.427
3095,3.851
3099,3.657
3103,3.687
3107,3.669
3110,3.524
3114,3.513
3117,3.543
3121,3.712
3125,3.893
3129,3.896
3133,4.053
3137,3.78
3141,3.944
3145,3.738
3148,3.496
3151,3.39
3155,3.566
3159,3.691
3162,3.336
3166,3.372
3169,3.229
3172,3.246
3176,3.343
3179,3.318
3182,3.191
3185,3.191
3189,3.303
3192,3.31
3195,3.362
3199,3.484
3202,3.469
3206,3.255
3209,3.487
3213,3.643
3216,3.464
3220,3.548
3224,3.5
3227,3.439
3231,3.527
3234,3.262
3237,3.398
3241,3.298
3246,4.914
3249,3.723
3253,3.757
3257,3.595
3261,3.7
3264,3.519
3268,3.42
3271,3.362
3275,3.531
3278,3.488
3282,3.543
3285,3.633
3289,3.67
3293,3.523
3296,3.483
3300,3.462
3303,3.316
3307,3.598
3310,3.389
3314,3.467
3317,3.489
3321,3.477
3324,3.658
3328,3.762
3332,3.775
3336,3.884
3340,3.953
3344,3.696
3347,3.447
3351,3.642
3354,3.543
3358,3.668
3362,3.532
3365,3.624
3369,3.825
3373,3.66
3376,3.518
3380,3.479
3384,3.757
3387,3.403
3391,3.707
3394,3.547
3398,3.7
3402,3.615
3405,3.486
3409,3.253
3412,3.388
3416,3.57
3419,3.344
3422,3.383
3426,3.319
3429,3.501
3433,3.434
3436,3.436
3440,3.431
3443,3.396
3447,3.38
3450,3.33
3453,3.464
3457,3.381
3460,3.393
3464,3.434
3467,3.344
3471,3.382
3474,3.329
3478,3.604
3481,3.292
3484,3.172
3488,3.491
3491,3.405
3494,3.401
3498,3.502
3501,3.435
3505,3.435
3508,3.372
3512,3.539
3515,3.475
3519,3.644
3523,3.638
3527,3.673
3530,3.64
3534,3.368
3537,3.351
3540,3.454
3544,3.59
3548,3.518
3559,10.85
3562,3.695
3566,3.431
3569,3.402
3573,3.497
3576,3.742
3580,3.897
3584,3.833
3588,3.894
3592,3.815
3596,3.619
3599,3.747
3603,3.602
3607,3.533
3610,3.446
3614,3.529
3617,3.537
3621,3.529
3624,3.577
3628,3.566
3632,3.902
3636,3.867
3639,3.513
3643,3.568
3647,3.656
3650,3.321
3654,3.72
3659,4.827
3664,4.757
3668,4.823
3673,4.77
3679,5.544
3684,4.722
3689,5.207
3694,5.566
3700,5.565
3705,5.223
3711,5.261
3716,5.368
3721,4.786
3726,4.924
3736,10.576
3741,4.765
3750,8.736
3756,5.876
3761,4.78
3765,4.72
3771,5.023
3776,5.151
3781,5.232
3786,4.926
3791,5.277
3796,5.075
3801,4.776
3806,5.088
3811,4.947
3816,4.987
3821,4.976
3826,5.108
3832,5.091
3837,5.062
3842,5.293
3847,5.419
3853,5.457
3858,5.49
3864,5.634
3870,5.419
3879,8.886
3884,5.064
3888,4.805
3894,5.067
3898,4.763
3904,5.128
3908,4.899
3913,4.757
3918,4.682
3923,4.64
3928,5.063
3933,4.91
3938,4.901
3943,5.06
3948,4.92
3953,5.194
3958,5.065
3963,4.878
3968,5.015
3973,4.906
3978,5.301
3984,5.21
3989,5.251
3994,5.374
4000,5.305
4005,5.034
4009,4.79
4015,5.039
4019,4.841
4024,4.862
4029,4.888
4034,4.939
4039,5.228
4045,5.179
4050,5.269
4055,4.911
4060,5.098
4065,4.914
4070,4.972
4075,5.009
4080,4.893
4085,4.613
4090,5.117
4095,5.16
4108,12.726
4113,5.129
4118,4.87
4123,5.271
4131,7.791
4139,8.238
4148,9.197
4153,4.602
4157,3.586
4160,3.35
4164,3.599
4167,3.502
4171,3.482
4174,3.436
4178,3.703
4182,3.645
4185,3.536
4189,3.393
4192,3.5
4196,3.565
4200,3.6
4203,3.503
4206,3.383
4210,3.333
4213,3.57
4217,3.374
4220,3.507
4224,3.659
4228,3.598
4231,3.674
4235,3.669
4239,3.634
4242,3.372
4246,3.534
4290,44.248
4295,4.372
4298,3.704
4302,3.842
4306,3.544
4310,3.749
4314,3.967
4317,3.649
4321,3.513
4324,3.487
4328,3.619
4332,3.499
4335,3.421
4339,3.593
4342,3.418
4346,3.356
4349,3.472
4352,3.385
4356,3.547
4360,3.477
4363,3.412
4367,3.544
4370,3.236
4373,3.446
4377,3.412
4381,3.716
4384,3.709
4412,27.792
4417,4.523
4420,3.663
4424,3.648
4428,3.801
4432,3.87
4436,3.719
4439,3.683
4443,3.548
4447,3.745
4451,3.676
4454,3.534
4458,3.886
4462,3.62
4465,3.733
4469,3.718
4473,3.634
4477,3.642
4480,3.705
4484,3.756
4488,3.646
4492,3.756
4495,3.697
4499,3.632
4503,3.797
4506,3.613
4510,3.72
4514,3.578
4518,3.767
4521,3.594
4525,3.767
4529,3.526
4532,3.567
4536,3.593
4539,3.565
4543,3.486
4546,3.284
4550,3.528
4553,3.502
4557,3.664
4561,3.709
4564,3.55
4568,3.882
4572,3.649
4576,3.525
4579,3.435
4583,3.401
4586,3.287
4590,3.668
4593,3.561
4597,3.41
4600,3.366
4603,3.271
4607,3.603
4610,3.486
4614,3.554
4618,4.301
4622,3.645
4626,3.443
4629,3.475
4633,3.447
4636,3.501
4640,3.549
4643,3.48
4647,3.586
4650,3.533
4654,3.592
4657,3.337
4661,3.72
4665,3.456
4668,3.458
4671,3.358
4675,3.477
4678,3.308
4682,3.484
4685,3.409
4689,3.599
4693,3.617
4696,3.466
4700,3.442
4703,3.468
4707,3.505
4710,3.502
4714,3.724
4718,3.695
4721,3.336
4725,3.554
4728,3.442
4732,3.659
4735,3.606
4739,3.391
4742,3.527
4746,3.627
4750,3.637
4754,3.734
4757,3.639
4761,3.45
4764,3.485
4768,3.481
4772,3.781
4775,3.712
4779,3.606
4782,3.467
4786,3.458
4790,3.576
4793,3.214
4796,3.4
4800,3.455
4803,3.671
4807,3.721
4811,3.646
4815,3.851
4821,6.413
4825,4.195
4829,3.695
4833,3.684
4837,3.743
4840,3.666
4844,3.59
4848,3.675
4851,3.692
4855,3.609
4859,3.492
4862,3.505
4866,3.658
4870,3.75
4873,3.794
4877,3.439
4880,3.406
4884,3.408
4887,3.345
4891,3.483
4896,4.714
4899,3.508
4903,3.562
4906,3.408
4910,3.578
4913,3.709
4917,3.349
4920,3.553
4924,3.318
4927,3.488
4931,3.434
4934,3.373
4938,3.364
4941,3.419
4944,3.393
4948,3.525
4951,3.317
4955,3.442
4958,3.345
4962,3.71
4966,3.683
4969,3.634
4973,3.593
4977,3.669
4980,3.669
4984,3.836
4988,3.647
5021,33.343
5032,10.208
5036,4.504
5040,3.731
5044,3.979
5048,3.502
5051,3.625
5055,3.752
5059,3.647
5062,3.503
5066,3.609
5070,3.593
5073,3.246
5076,3.417
5080,3.491
5083,3.561
5087,3.498
5090,3.339
5094,3.743
5098,3.964
5102,4.039
5106,3.855
5110,3.891
5114,3.79
5118,3.91
5122,3.736
5125,3.681
5129,3.437
5132,3.617
5136,3.697
5140,3.444
5143,3.422
5147,3.387
5150,3.425
5154,3.531
5157,3.599
5161,3.61
5165,3.864
5169,4.121
5173,3.788
5177,3.808
5180,3.705
5184,3.828
5188,3.771
5192,3.985
5196,3.806
5200,3.606
5203,3.721
5207,3.712
5211,3.623
5214,3.41
5218,3.618
5221,3.385
5225,3.534
5228,3.497
5232,3.618
5236,3.811
5239,3.581
5243,3.535
5247,3.568
5250,3.635
5254,3.938
5258,3.621
5261,3.423
5265,3.548
5269,3.702
5272,3.665
5276,3.57
5279,3.428
5283,3.342
5286,3.592
5290,3.33
5294,3.796
5298,3.846
5301,3.554
5305,3.871
5309,3.494
5312,3.514
5316,3.766
5320,3.797
5323,3.361
5327,3.807
5330,3.444
5334,3.728
5338,3.779
5342,3.745
5346,3.917
5350,3.842
5353,3.534
5357,3.629
5360,3.533
5364,3.606
5368,3.775
5372,3.624
5375,3.532
5379,3.581
5382,3.51
5386,3.329
5389,3.604
5393,3.461
5396,3.402
5400,3.54
5403,3.577
5407,3.438
5411,3.571
5414,3.539
5418,3.427
5421,3.557
5425,3.581
5428,3.593
5432,3.525
5435,3.441
5439,3.451
5442,3.497
5446,3.696
5450,3.42
5453,3.519
5457,3.326
5463,6.355
5467,3.72
5470,3.548
5474,3.564
5478,3.875
5482,3.97
5486,3.697
5489,3.543
5493,3.873
5497,3.779
5501,3.783
5505,3.92
5508,3.792
5513,4.016
5516,3.868
5520,3.655
5524,3.805
5528,3.703
5531,3.728
5535,3.477
5539,3.531
5542,3.431
5545,3.422
5549,3.48
5553,3.671
5556,3.505
5560,3.803
5564,3.697
5567,3.543
5571,3.467
5574,2.864
5577,3.511
5581,3.57
5585,3.557
5588,3.799
5592,3.513
5596,3.663
5599,3.721
5603,3.455
5607,3.728
5610,3.526
5614,3.92
5618,3.46
5622,3.826
5625,3.496
5629,3.489
5632,3.821
5636,3.552
5640,3.47
5643,3.439
5647,3.501
5650,3.55
5654,3.366
5657,3.223
5660,3.397
5664,3.246
5667,3.329
5670,3.342
5674,3.848
5678,3.42
5681,3.4
5685,3.889
5689,3.784
5693,3.924
5697,3.871
5701,3.806
5704,3.746
5708,3.735
5712,3.967
5716,3.549
5719,3.65
5723,3.408
5726,3.407
5730,3.419
5733,3.572
5737,3.217
5740,3.444
5744,3.517
5747,3.477
5751,3.347
5754,3.391
5757,3.468
5761,3.549
5764,3.357
5768,3.559
5771,3.283
5775,3.41
5778,3.446
5782,3.348
5785,3.395
5788,3.382
5792,3.327
5795,3.224
5799,3.518
5802,3.336
5806,3.418
5809,3.31
5812,3.454
5816,3.362
5819,3.448
5823,3.437
5826,3.399
5830,3.354
5833,3.447
5837,3.488
5840,3.322
5843,3.384
5847,3.463
5850,3.299
5854,3.585
5858,3.888
5861,3.443
5865,3.616
5869,3.707
5872,3.701
5876,3.697
5880,3.957
5884,4.035
5888,3.783
5892,3.946
5896,4.032
5900,3.985
5904,4.266
5908,4.066
5912,3.828
5916,3.803
5920,3.884
5924,3.877
5928,3.96
5932,3.911
5936,4.123
5940,4.221
5945,4.198
5949,4.389
5953,4.075
5957,4.041
5961,4.148
5965,4.015
5970,4.242
5974,4.199
5978,4.098
5982,3.883
5986,3.84
5990,4.327
5995,4.505
5999,4.287
6003,3.889
6007,4.363
6012,4.889
6017,4.424
6021,4.651
6026,4.2
6030,4.117
6034,4.223
6038,4.274
6043,4.122
6047,4.623
6052,4.697
6057,4.591
6061,4.512
6066,4.556
6070,4.262
6074,4.296
6079,4.779
6084,4.847
6089,4.563
6093,4.644
6098,4.222
6102,4.309
6106,4.271
6111,4.757
6116,4.768
6121,4.551
6125,4.397
6129,4.309
6134,4.503
6138,4.439
6143,4.686
6148,4.454
6152,4.419
6158,5.785
6164,5.996
6170,5.589
6175,5.605
6182,6.703
6188,5.611
6193,5.508
6199,5.685
6205,5.994
6211,5.764
6216,5.685
6223,6.323
6229,6.194
6235,5.638
6248,13.196
6254,5.988
6259,5.246
6265,6.024
6271,5.529
6277,6.308
6283,5.571
6289,6.351
6295,5.699
6301,5.834
6307,5.79
6313,5.895
6318,5.753
6325,6.3
6331,5.73
6337,6.118
6342,5.723
6349,6.068
6354,5.809
6360,5.682
6366,5.941
6374,7.577
6380,6.202
6386,5.901
6392,5.851
6398,5.772
6404,6.378
6410,5.664
6415,5.498
6422,6.522
6428,5.712
6434,6.048
6440,6.494
6447,6.163
6453,6.304
6459,6.19
6466,6.85
6473,6.48
6479,6.479
6485,5.861
6491,5.927
6497,6.541
6503,5.641
6510,6.848
6516,6.104
6522,5.889
6528,5.715
6534,6.025
6540,5.774
6546,6.076
6552,5.831
6558,5.834
6564,6.085
6572,7.917
6578,5.897
6584,5.821
6590,6.12
6596,5.832
6602,6.732
6610,7.655
6617,7.06
6624,7.102
6631,6.739
6638,6.736
6644,6.378
6651,6.75
6657,6.181
6663,5.729
6670,7.037
6677,6.5
6683,6.328
6689,5.994
6695,6.241
6702,6.578
6708,6.128
6714,6.144
6721,6.821
6727,6.04
6734,7.12
6742,7.224
6748,5.879
6754,6.88
6761,6.298
6766,5.453
6773,6.977
6779,5.46
6785,6.176
6791,5.91
6797,6.075
6803,5.684
6809,5.661
6815,6.339
6821,6.093
6827,6.279
6834,6.373
6840,6.33
6847,6.412
6853,5.888
6858,5.69
6864,5.94
6870,5.675
6876,5.655
6881,5.338
6887,5.556
6892,5.474
6898,5.753
6904,5.616
6909,5.579
6915,5.559
6921,5.551
6926,5.585
6932,5.902
6938,5.478
6944,5.882
6949,5.475
6955,5.61
6960,5.562
6966,5.972
6972,5.369
6978,6.016
6984,5.815
6990,6.023
6996,6.566
7002,5.901
7008,5.778
7014,5.57
7019,5.597
7025,5.572
7031,5.752
7037,6.084
7043,5.791
7048,5.484
7054,5.665
7060,5.74
7066,5.792
7072,5.982
7078,6.023
7083,5.48
7089,5.887
7095,5.733
7100,5.612
7106,5.81
7112,5.954
7118,5.567
7124,5.805
7130,5.799
7135,5.666
7141,5.725
7147,5.874
7154,7.068
7159,4.465
7163,4.471
7168,4.439
7172,4.406
7177,4.593
7181,4.298
7186,4.563
7190,4.222
7194,4.32
7199,4.711
7203,4.435
7208,4.292
7212,4.697
7217,4.314
7221,4.331
7226,4.397
7230,4.056
7234,4.335
7239,4.517
7243,4.272
7247,4.173
7251,4.298
7256,4.39
7260,4.382
7265,4.508
7269,4.334
7274,4.335
7278,3.852
7282,4.031
7286,3.901
7290,4.179
7294,4.282
7298,4.393
7303,4.455
7307,4.375
7312,4.372
7316,4.201
7320,4.237
7325,4.41
7329,4.412
7334,4.553
7338,4.301
7342,4.287
7346,3.939
7351,4.189
7355,4.339
7359,4.355
7364,4.374
7368,4.466
7373,4.308
7377,4.486
7382,4.288
7386,4.364
7390,4.5
7395,4.553
7400,4.901
7405,4.885
7410,4.577
7414,4.145
7418,4.253
7422,4.36
7427,4.121
7431,4.097
7435,4.356
7439,4.089
7444,4.645
7448,4.067
7453,4.457
7457,4.607
7461,4.002
7466,4.503
7470,4.51
7475,4.255
7479,4.609
7484,4.725
7488,4.284
7493,4.219
7497,4.199
7501,4.029
7505,3.896
7509,4.546
7514,4.458
7518,4.165
7522,4.315
7527,4.53
7532,4.527
7536,4.426
7540,4.325
7545,4.389
7549,4.465
7554,4.394
7558,4.401
7562,4.198
7567,4.658
7572,4.364
7576,4.436
7580,3.95
7584,3.989
7588,3.969
7592,3.93
7596,4.04
7600,4.372
7605,4.53
7610,4.514
7614,4.067
7618,4.055
7622,4.172
7626,3.817
7630,3.818
7634,3.856
7638,4.087
7642,4.091
7646,3.991
7650,4.034
7655,4.564
7659,3.979
7663,4.0
7667,4.29
7671,4.365
7675,4.052
7682,6.138
7686,4.475
7691,4.374
7695,4.285
7699,4.294
7703,4.202
7708,4.097
7712,4.19
7716,4.175
7720,4.29
7724,4.04
7729,4.214
7733,4.209
7737,4.036
7741,4.128
7745,3.89
7749,4.065
7753,3.873
7757,3.935
7761,3.902
7765,4.036
7769,3.938
7773,4.066
7777,4.085
7781,4.15
7785,3.992
7790,4.058
7794,4.044
7798,3.948
7802,3.869
7806,4.261
7810,4.251
7814,4.302
7818,3.921
7823,4.214
7827,3.893
7831,3.997
7835,4.225
7839,4.412
7845,5.58
7850,4.912
7855,4.635
7859,4.398
7863,4.242
7868,4.275
7872,4.347
7876,4.325
7881,4.11
7885,4.239
7889,4.304
7894,4.45
7898,4.217
7902,4.468
7907,4.41
7912,4.637
7917,5.706
7922,4.472
7926,4.313
7930,4.224
7935,4.41
7939,4.486
7944,4.299
7948,4.17
7952,4.352
7957,4.3
7961,4.224
7965,4.071
7969,3.997
7973,4.118
7978,4.384
7982,4.041
7986,4.158
7990,4.088
7994,3.902
7998,3.995
8002,3.959
8006,4.044
8010,3.861
8014,3.872
8018,4.117
8022,4.14
8026,4.222
8031,4.26
8035,4.21
8039,4.073
8043,3.962
8047,3.892
8051,4.131
8055,4.125
8062,6.671
8067,4.806
8074,6.89
8078,4.443
8083,4.319
8087,4.099
8091,4.019
8095,3.955
8099,4.038
8103,4.268
8109,5.706
8113,3.87
8117,3.884
8121,3.777
8125,3.911
8129,4.024
8133,3.858
8136,3.84
8140,3.742
8144,3.774
8148,3.79
8152,3.815
8156,4.258
8160,4.245
8165,4.426
8169,4.066
8173,4.023
8178,4.632
8182,4.35
8186,3.932
8190,3.935
8193,3.536
8198,4.133
8202,3.906
8205,3.715
8209,3.779
8213,3.547
8216,3.687
8220,3.572
8224,3.534
8227,3.835
8231,3.579
8235,3.673
8239,3.979
8243,4.453
8247,3.988
8253,5.898
8258,4.354
8262,4.316
8266,3.909
8270,3.971
8274,4.022
8278,4.251
8282,3.844
8286,4.131
8290,3.881
8294,3.989
8298,3.868
8302,3.72
8306,3.837
8310,4.195
8314,4.154
8318,4.06
8322,3.984
8326,3.652
8330,3.747
8334,3.799
8338,3.906
8342,3.837
8345,3.906
8349,3.801
8353,4.017
8357,3.893
8361,3.881
8365,4.021
8369,3.951
8373,3.831
8377,3.928
8381,4.128
8385,4.047
8389,3.854
8393,4.042
8398,4.386
8402,4.28
8406,4.125
8410,4.094
8415,4.275
8419,4.349
8432,13.171
8437,4.612
8441,4.077
8445,4.251
8450,4.281
8454,4.222
8459,4.562
8463,4.429
8467,4.415
8473,5.959
8478,4.322
8482,4.205
8487,4.385
8491,4.418
8495,4.225
8500,4.236
8504,4.113
8508,4.195
8512,4.038
8516,4.189
8520,4.096
8524,3.933
8528,3.973
8532,3.758
8536,3.969
8540,3.89
8544,3.721
8548,3.768
8552,3.965
8556,3.869
8559,3.908
8563,3.764
8567,3.767
8571,3.876
8575,3.973
8579,4.029
8583,4.139
8587,4.008
8591,4.117
8597,5.768
8602,4.495
8606,4.557
8611,4.402
8615,4.238
8619,4.2
8626,6.863
8630,4.138
8635,4.138
8639,4.203
8643,4.078
8647,4.105
8651,3.955
8655,3.945
8659,4.105
8663,4.089
8669,5.172
8672,3.766
8676,3.793
8680,3.91
8684,4.351
8689,4.236
8693,3.958
8697,4.216
8701,4.3
8706,4.204
8710,4.132
8714,4.185
8718,4.086
8722,4.063
8726,3.997
8730,4.089
8738,7.971
8743,4.109
8746,3.816
8751,4.107
8755,4.074
8759,3.933
8763,3.903
8766,3.841
8770,3.879
8774,3.505
8778,3.846
8782,3.919
8785,3.635
8789,3.606
8793,3.629
8797,3.851
8801,3.911
8805,3.935
8809,3.97
8813,3.998
8816,3.887
8821,4.071
8825,3.958
8829,3.981
8855,26.061
8860,4.779
8864,4.516
8869,4.303
8873,4.336
8877,4.183
8881,3.724
8884,3.494
8888,3.564
8892,3.636
8895,3.537
8899,3.634
8903,3.738
8906,3.648
8910,3.544
8914,3.56
8917,3.869
8922,3.986
8926,4.072
8930,4.16
8934,3.817
8938,3.855
8941,3.699
8945,3.625
8949,3.731
8953,3.826
8957,3.897
8960,3.885
8964,3.859
8968,3.866
8972,4.011
8976,3.916
8981,4.222
8985,4.306
8989,4.377
8993,4.129
8997,3.836
9001,3.805
9005,3.847
9009,3.934
9013,4.059
9017,4.298
9022,4.305
9026,3.792
9030,3.918
9033,3.742
9037,3.796
9041,3.635
9045,3.753
9049,3.913
9052,3.607
9056,3.953
9061,4.226
9065,3.954
9068,3.897
9072,3.62
9076,3.828
9080,4.078
9084,3.922
9088,3.5
9091,3.765
9095,3.829
9099,3.53
9102,3.419
9106,3.553
9110,3.836
9114,4.049
9118,3.965
9122,3.945
9126,3.924
9130,4.019
9134,3.826
9138,3.909
9142,3.844
9145,3.783
9149,3.737
9163,13.642
9168,4.804
9172,4.181
9176,3.938
9180,4.043
9184,4.337
9189,4.091
9198,9.917
9204,5.827
9209,4.51
9213,4.198
9217,4.259
9222,4.028
9226,3.949
9229,3.868
9233,3.684
9237,3.886
9241,3.998
9245,4.024
9249,3.936
9253,3.962
9257,3.917
9261,3.933
9265,3.857
9269,3.829
9273,3.953
9277,3.886
9281,3.862
9285,3.863
9289,3.914
9292,3.701
9296,3.968
9300,3.82
9304,3.833
9308,3.962
9312,3.948
9317,4.621
9321,4.178
9325,4.107
9329,4.102
9333,3.92
9337,3.812
9341,4.091
9345,3.952
9349,3.824
9352,3.364
9356,3.999
9360,3.739
9364,3.848
9368,3.908
9372,3.833
9376,3.747
9380,4.056
9384,4.141
9388,3.676
9391,3.811
9396,4.098
9400,3.985
9404,3.899
9408,4.035
9411,3.737
9415,3.896
9420,4.258
9423,3.79
9427,3.882
9431,3.841
9435,3.943
9439,3.963
9443,3.899
9447,4.166
9452,4.268
9456,4.449
9460,4.153
9464,4.082
9469,3.985
9472,3.882
9476,3.821
9480,3.943
9484,3.771
9488,4.268
9493,4.118
9497,4.26
9501,3.901
9505,4.193
9509,3.908
9518,9.332
9523,4.298
9527,3.989
9531,4.04
9535,3.855
9539,4.122
9543,4.131
9547,3.824
9551,3.674
9554,3.599
9558,3.712
9562,3.846
9566,3.878
9570,3.901
9574,3.976
9578,3.779
9582,3.971
9585,3.795
9589,4.085
9594,4.09
9598,4.194
9602,3.978
9606,3.996
9610,4.072
9614,3.998
9618,3.979
9622,3.959
9626,3.85
9630,3.979
9634,3.674
9638,3.906
9642,4.006
9646,3.97
9650,4.07
9654,4.046
9658,3.779
9662,4.125
9666,3.795
9670,3.857
9673,3.721
9677,3.929
9681,3.79
9685,4.169
9689,3.889
9694,4.262
9698,4.18
9702,4.176
9706,4.019
9710,3.918
9714,3.716
9718,4.033
9722,3.93
9726,3.943
9730,4.225
9734,4.276
9738,3.91
9742,3.895
9746,4.191
9750,3.98
9754,3.98
9758,3.837
9762,3.883
9766,3.911
9770,3.911
9774,4.24
9779,4.393
9783,4.332
9788,4.72
9792,4.282
9797,4.254
9801,4.333
9805,4.216
9809,4.141
9814,4.113
9818,4.129
9822,4.238
9826,4.182
9830,4.218
9835,4.489
9839,4.424
9844,4.48
9848,4.284
9853,4.208
9857,4.09
9861,4.127
9865,4.306
9869,4.253
9874,4.025
9877,3.829
9881,3.934
9885,3.668
9889,3.587
9892,3.736
9896,3.847
9900,3.772
9904,3.77
9908,3.821
9912,3.829
9915,3.719
9919,3.862
9923,3.77
9927,3.905
9931,3.968
9935,4.149
9939,3.8
9943,3.808
9947,3.869
9951,3.904
9955,3.951
9959,3.769
9963,4.09
9967,4.169
9971,3.758
9975,3.908
9979,3.923
9983,3.901
9987,4.055
9991,3.94
9994,3.637
9998,3.815
10002,4.062
10006,3.931
10010,3.83
10014,4.01
10018,3.839
10022,3.764
10026,4.229
10030,4.057
10034,3.967
10038,3.974
10042,3.989
10046,3.887
10050,3.967
10054,4.152
10058,3.842
10062,3.933
10066,4.007
10070,3.99
10074,4.134
10079,4.125
10083,4.244
10087,4.213
10091,4.055
10095,3.793
10099,4.005
10103,3.939
10107,3.991
10111,3.984
10115,3.906
10119,3.993
10123,3.922
10127,3.875
10131,3.953
10135,4.093
10139,3.79
10143,4.242
10147,3.837
10151,3.984
10155,3.929
10159,3.84
10163,4.07
10167,3.942
10171,4.053
10175,3.79
10179,4.082
10183,4.229
10187,3.896
10191,4.065
10195,4.078
10199,3.997
10203,3.75
10207,4.01
10211,3.806
10215,3.866
10219,3.852
10223,3.958
10227,3.929
10231,3.777
10234,3.693
10238,3.949
10242,3.886
10246,3.855
10250,4.071
10254,3.863
10258,4.074
10263,4.117
10266,3.872
10270,3.797
10274,3.784
10278,3.779
10282,3.798
10286,3.778
10289,3.836
10293,3.897
10297,3.799
10301,4.079
10305,4.095
10309,3.896
10314,4.124
10318,4.2
10322,4.206
10327,4.491
10331,4.053
10335,4.302
10339,4.229
10343,4.223
10348,4.326
10352,4.039
10356,4.402
10361,4.27
10365,4.297
10369,4.425
10373,3.927
10377,3.726
10381,3.869
10385,4.054
10390,4.514
10394,4.107
10399,4.728
10403,4.377
10407,4.161
10413,5.912
10418,4.406
10422,4.227
10426,4.137
10431,4.44
10435,4.412
10439,4.377
10444,4.984
10449,4.124
10453,4.16
10457,4.146
10461,4.359
10466,4.332
10470,4.333
10475,4.356
10479,4.343
10483,4.226
10489,5.803
10493,4.293
10498,4.141
10502,4.154
10506,3.94
10510,4.102
10514,3.937
10518,3.984
10522,4.065
10526,4.243
10530,3.819
10534,4.176
10538,3.902
10542,4.167
10585,42.194
10591,6.194
10595,4.375
10599,3.981
10604,4.341
10608,4.23
10612,4.122
10617,4.41
10621,4.042
10625,4.393
10630,4.52
10634,4.309
10638,3.896
10643,4.755
10647,4.087
10651,4.095
10655,3.987
10659,3.965
10663,4.205
10668,4.115
10672,4.002
10676,4.06
10680,3.992
10684,3.927
10688,3.874
10692,3.992
10696,4.071
10700,4.098
10704,3.976
10708,3.996
10712,4.051
10716,4.059
10720,4.083
10724,3.834
10728,4.237
10733,4.236
10737,4.12
10741,4.173
10745,3.784
10749,3.858
10753,3.888
10757,3.908
10761,3.978
10764,3.73
10768,3.693
10772,3.729
10776,3.722
10779,3.715
10783,3.904
10787,3.925
10791,4.03
10796,4.224
10800,3.991
10804,4.096
10808,4.159
10812,4.183
10816,4.141
10821,4.076
10825,4.107
10829,4.088
10833,4.392
10838,4.178
10842,4.107
10846,4.09
10850,3.927
10854,3.919
10858,3.865
10862,3.998
10866,4.186
10870,3.999
10874,3.943
10878,3.889
10882,4.002
10886,4.036
10890,4.182
10894,4.036
10898,3.933
10902,4.104
10906,3.871
10910,3.897
10914,3.95
10919,4.413
10923,4.178
10927,3.921
10931,4.32
10935,4.152
10940,4.624
10944,4.063
10948,4.18
10953,4.463
10957,3.95
10961,4.327
10966,4.441
10970,4.454
10975,4.317
10979,4.469
10983,4.205
10988,4.271
10993,5.703
10998,4.43
11002,4.109
11006,4.134
11010,4.352
11015,4.03
11019,3.973
11023,3.936
11027,4.126
11031,4.321
11035,4.37
11040,4.614
11045,4.39
11049,4.353
11053,4.221
11058,4.369
11062,4.049
11066,4.14
11070,3.898
11074,4.075
11078,4.216
11082,4.272
11087,4.203
11091,4.058
11095,4.132
11099,3.962
11103,4.07
11107,4.358
11113,5.404
11117,4.355
11122,4.342
11126,4.569
11131,4.328
11135,4.388
11140,4.596
11144,4.415
11149,4.628
11153,4.426
11157,4.121
11162,4.372
11166,4.512
11171,4.221
11175,4.545
11182,6.478
11186,4.073
11190,4.413
11195,4.447
11199,4.369
11204,4.264
11208,3.949
11214,6.91
11219,4.491
11223,4.219
11227,4.163
11234,6.196
11238,4.508
11243,4.291
11247,4.372
11251,4.207
11255,4.205
11261,5.554
11265,4.188
11270,4.236
11274,4.2
11278,4.062
11282,4.039
11286,3.827
11290,3.97
11294,4.005
11298,3.923
11302,3.872
11306,4.075
11310,4.19
11315,4.437
11319,4.331
11323,4.481
11328,4.642
11333,4.483
11337,4.487
11342,4.713
11346,4.424
11351,4.187
11355,4.15
11359,4.26
11363,4.267
11371,7.343
11376,4.708
11381,5.291
11385,4.404
11390,4.378
11394,4.314
11399,4.402
11403,4.461
11407,4.398
11414,6.669
11419,4.629
11423,4.348
11428,4.268
11434,6.216
11461,26.764
11469,8.422
11474,5.152
11479,4.409
11483,4.617
11490,6.61
11494,4.233
11499,4.603
11504,4.535
11511,7.203
11515,4.554
11522,6.886
11527,4.732
11533,6.148
11538,4.498
11542,4.344
11547,4.484
11551,4.425
11558,6.724
11563,4.689
11568,4.756
11572,4.482
11577,4.598
11581,4.047
11585,4.417
11589,3.908
11593,4.005
11597,4.018
11601,4.048
11605,3.947
11609,3.996
11613,3.892
11617,3.937
11621,3.951
11625,3.9
11629,4.016
11634,4.303
11638,4.392
11642,4.103
11646,4.047
11650,4.146
11655,4.172
11659,4.111
11663,4.274
11667,4.292
11674,6.598
11678,4.331
11683,4.143
11687,4.102
11691,4.283
11695,4.167
11700,4.322
11704,4.032
11708,4.224
11712,4.321
11717,4.178
11721,4.375
11725,4.216
11730,4.462
11734,4.223
11738,4.309
11742,4.153
11746,3.926
11751,4.381
11755,4.267
11759,4.179
11766,6.791
11771,4.311
11775,4.266
11779,3.957
11783,4.133
11788,4.418
11794,6.548
11798,4.327
11803,4.409
11807,4.466
11814,6.465
11818,4.486
11823,4.148
11827,4.3
11831,3.927
11835,3.937
11839,4.159
11843,4.06
11851,7.292
11855,4.554
11859,4.24
11863,4.006
11868,4.641
11872,4.18
11876,4.034
11893,16.878
11902,8.832
11907,5.088
11915,7.665
11923,7.767
11928,5.239
11933,4.41
11937,4.594
11942,4.465
11946,4.251
11951,4.444
11955,4.361
11960,4.419
11964,4.47
11969,4.441
11980,8.485
11987,7.019
11992,4.463
12000,7.929
12006,6.605
12011,4.596
12015,4.475
12023,7.193
12027,4.444
12031,4.002
12036,4.482
12040,4.31
12044,4.361
12049,4.313
12053,4.271
12057,4.002
12061,3.746
12065,3.799
12068,3.757
12072,3.73
12076,3.838
12080,3.816
12084,3.864
12088,3.743
12091,3.804
12095,3.922
12099,3.776
12103,3.82
12107,3.764
12111,3.875
12115,3.865
12119,3.925
12123,3.873
12126,3.829
12130,3.838
12134,3.794
12138,3.778
12142,3.78
12146,4.06
12150,4.051
12154,3.86
12158,3.986
12162,4.037
12166,4.454
12170,4.081
12174,3.906
12178,3.988
12183,4.025
12186,3.868
12190,3.683
12194,3.82
12198,3.901
12202,3.902
12206,3.891
12210,3.909
12213,3.673
12217,3.926
12221,4.05
12225,3.985
12229,3.686
12233,3.735
12237,3.742
12240,3.672
12244,3.767
12248,3.957
12252,3.874
12256,4.015
12260,3.935
12264,3.997
12268,4.144
12272,4.004
12276,3.883
12280,3.641
12284,4.039
12288,3.851
12292,3.688
12296,3.977
12300,3.858
12303,3.808
12307,3.795
12311,3.886
12315,3.838
12319,3.925
12323,4.001
12327,3.964
12331,4.066
12335,4.081
12339,4.046
12343,4.09
12348,4.558
12352,3.787
12356,3.829
12360,4.036
12364,3.943
12368,3.859
12372,3.961
12376,4.128
12380,3.953
12384,4.212
12388,3.888
12392,3.941
12396,4.244
12400,4.131
12404,3.803
12408,3.727
12412,3.814
12416,3.959
12420,3.905
12424,4.112
12428,4.081
12432,3.816
12436,3.933
12440,4.145
12444,4.23
12449,4.238
12453,4.064
12457,3.858
12461,4.065
12465,4.167
12469,4.261
12474,4.504
12478,4.355
12482,4.4
12487,4.185
12491,3.84
12495,3.968
12499,4.065
12503,3.832
12507,4.466
12511,3.978
12515,4.056
12519,3.771
12523,3.965
12527,4.002
12531,3.982
12535,3.705
12538,3.671
12543,4.14
12546,3.848
12550,3.719
12554,3.802
12558,3.736
12562,3.827
12565,3.749
12569,3.848
12573,3.963
12577,3.807
12581,3.752
12585,4.084
12589,3.824
12593,3.737
12597,3.872
12600,3.768
12604,3.775
12608,3.843
12612,3.789
12616,4.072
12620,4.422
12625,4.396
12629,4.124
12633,4.427
12638,4.252
12642,4.383
12646,4.012
12650,4.166
12654,3.998
12659,4.137
12663,3.999
12667,4.078
12671,4.183
12675,4.228
12679,3.738
12683,3.9
12687,4.009
12691,3.693
12694,3.821
12698,3.802
12702,3.815
12706,3.691
12710,3.877
12714,3.791
12717,3.845
12721,3.839
12725,3.902
12729,3.996
12738,8.222
12747,9.471
12756,9.321
12761,4.587
12765,4.2
12770,4.378
12774,4.707
12779,4.225
12783,4.465
12789,5.931
12794,4.689
12799,4.701
12803,4.52
12809,5.681
12814,4.94
12819,4.571
12823,4.293
12827,4.168
12831,4.134
12835,4.01
12839,3.703
12843,3.813
12847,4.138
12851,3.829
12855,3.766
12859,4.088
12863,4.277
12867,3.981
12871,4.261
12878,6.528
12882,4.118
12886,3.868
12890,4.059
12894,3.758
12898,4.107
12902,3.968
12906,3.801
12910,3.92
12914,3.965
12918,3.84
12922,4.052
12926,3.941
12930,3.903
12934,3.836
12938,3.868
12941,3.855
12945,3.796
12949,3.889
12953,3.798
12957,3.919
12961,3.836
12965,4.028
12969,3.895
12973,4.06
12977,3.938
12981,3.838
12985,4.085
12989,3.82
13004,3.708
13016,12.196
13021,5.06
13026,4.653
13031,4.908
13040,9.301
13045,4.779
13050,4.534
13054,4.399
13059,4.574
13063,4.071
13067,4.341
13071,4.153
13075,3.891
13079,3.666
13083,4.01
13087,4.119
13091,4.172
13096,4.34
13100,4.325
13105,4.527
13109,4.539
13113,3.918
13118,4.391
13122,4.008
13126,4.151
13130,3.941
13134,4.02
13138,3.954
13142,4.219
13146,4.25
13150,4.176
13155,4.227
13159,4.203
13163,3.945
13167,4.279
13172,4.245
13178,6.79
13183,4.648
13187,4.393
13195,7.126
13199,4.556
13203,4.199
13210,6.856
13215,4.276
13219,4.339
13223,4.386
13229,5.785
13234,4.603
13238,4.373
13243,4.36
13247,4.474
13255,4.541
13268,12.758
13278,9.592
13283,4.924
13287,4.407
13292,4.354
13296,4.454
13300,4.337
13305,4.355
13309,4.39
13314,4.395
13318,4.282
13322,4.414
13327,4.514
13331,4.424
13339,7.324
13343,4.817
13352,8.628
13358,5.355
13362,4.613
13367,4.484
13371,4.378
13375,4.002
13379,3.895
13383,4.291
13387,4.099
13391,3.949
13396,4.331
13400,4.418
13404,3.886
13408,3.711
13412,3.877
13416,3.858
13419,3.804
13423,3.896
13427,3.861
13431,3.853
13435,3.91
13440,5.292
13448,7.434
13453,4.786
13457,4.24
13461,4.197
13465,4.26
13470,4.129
13474,3.916
13477,3.793
13481,3.827
13485,4.183
13490,4.106
13493,3.805
13497,3.951
13501,3.786
13505,4.189
13509,3.775
13513,3.899
13517,3.731
13521,3.822
13525,4.054
13529,4.015
13533,3.93
13537,3.909
13540,3.764
13544,4.045
13548,3.954
13553,4.054
13556,3.712
13560,3.972
13564,3.783
13568,4.028
13572,3.9
13576,3.877
13580,3.653
13584,3.97
13587,3.898
13592,4.722
13596,4.048
13600,3.834
13604,3.845
13608,3.935
13612,4.345
13617,4.46
13621,3.952
13625,3.928
13629,4.242
13634,4.52
13638,4.361
13642,4.217
13646,4.036
13650,4.213
13655,4.386
13659,4.233
13663,3.949
13667,3.848
13671,3.912
13675,3.954
13679,3.785
13683,3.895
13687,3.905
13691,4.042
13694,3.841
13698,3.794
13702,3.691
13706,3.714
13710,3.973
13714,4.075
13718,3.909
13722,4.006
13726,4.116
13730,3.957
13734,3.964
13738,4.058
13742,3.899
13746,4.123
13750,4.205
13754,3.832
13758,4.078
13762,3.792
13766,3.811
13770,3.869
13774,4.116
13778,3.761
13782,4.215
13786,3.89
13790,4.07
13794,4.045
13798,4.163
13802,4.267
13807,4.195
13811,4.382
13815,4.184
13819,4.132
13823,4.033
13828,4.517
13832,3.865
13836,4.198
13840,4.284
13845,4.287
13849,4.325
13853,4.354
13858,4.426
13862,4.216
13867,4.372
13871,4.526
13875,4.203
13880,4.389
13884,4.358
13888,4.201
13892,4.026
13897,4.346
13901,4.18
13905,4.528
13910,4.27
13914,4.178
13918,4.349
13923,4.254
13927,4.44
13932,4.45
13936,4.266
13940,4.361
13944,4.301
13949,4.433
13953,4.328
13958,4.482
13962,4.309
13966,4.199
13971,4.534
13975,4.215
13979,4.279
13984,4.337
13988,4.469
13993,4.386
13997,4.293
14001,4.349
14006,4.307
14010,4.782
14015,4.503
14020,4.506
14024,4.507
14028,4.406
14033,4.338
14037,4.049
14041,4.287
14046,4.338
14050,4.435
14054,4.38
14059,4.425
14063,4.389
14068,4.372
14072,4.557
14077,4.442
14081,4.587
14086,4.66
14090,4.352
14095,4.398
14099,4.371
14103,4.082
14108,4.232
14112,4.699
14116,3.981
14120,4.148
14125,4.244
14129,4.024
14133,4.126
14137,4.24
14142,4.437
14146,4.1
14150,4.315
14154,4.405
14159,4.227
14163,4.209
14167,4.048
14171,4.131
14175,3.952
14179,4.169
14184,4.665
14188,4.25
14193,4.312
14197,4.006
14201,4.16
14205,4.272
14209,4.024
14213,4.048
14217,3.983
14221,3.993
14225,3.956
14229,3.844
14233,3.9
14237,4.133
14241,4.196
14246,4.104
14250,4.182
14254,4.184
14258,4.255
14262,4.229
14266,3.955
14271,4.167
14275,4.064
14279,4.101
14283,4.218
14287,3.935
14291,4.295
14296,4.16
14300,3.99
14304,4.221
14308,3.985
14312,4.156
14316,4.251
14320,4.121
14325,4.348
14329,4.304
14333,4.119
14337,3.935
14341,3.866
14345,3.945
14349,3.91
14353,4.028
14357,3.726
14361,3.885
14365,3.942
14368,3.682
14372,3.916
14376,3.926
14380,3.904
14384,3.937
14388,4.086
14392,3.864
14396,4.421
14401,4.421
14405,3.962
14444,39.278
14450,5.925
14455,4.554
14459,3.913
14463,4.48
14468,4.937
14473,4.297
14477,4.093
14481,4.126
14485,4.307
14514,28.701
14520,5.848
14524,4.554
14529,4.33
14533,4.459
14537,3.944
14541,4.101
14546,4.2
14550,4.216
14554,3.997
14558,3.939
14562,4.079
14566,4.0
14570,3.978
14574,4.191
14578,4.098
14583,4.338
14587,4.421
14591,4.228
14596,4.389
14600,4.266
14604,4.273
14608,4.091
14613,4.335
14617,4.113
14621,4.382
14626,4.235
14630,4.087
14634,4.215
14638,4.52
14643,4.57
14648,4.528
14652,4.43
14656,4.252
14661,4.502
14665,4.28
14669,3.823
14673,4.357
14678,4.228
14682,4.21
14686,4.149
14690,4.164
14694,4.107
14699,4.234
14703,4.072
14707,3.931
14710,3.818
14715,4.216
14719,4.196
14723,4.097
14727,4.055
14732,4.489
14736,4.475
14740,4.373
14745,4.376
14749,4.295
14754,4.508
14758,4.223
14762,3.97
14766,4.026
14770,4.32
14775,4.415
14779,4.408
14784,4.82
14788,4.388
14793,4.184
14797,4.269
14801,4.336
14806,4.254
14810,4.615
14815,4.745
14819,4.127
14823,4.167
14827,4.144
14832,4.461
14836,4.284
14840,4.137
14844,4.005
14849,4.128
14853,4.105
14857,4.175
14861,4.146
14868,7.328
14873,4.094
14877,4.015
14881,4.229
14885,4.356
14890,4.34
14894,4.211
14898,4.154
14902,4.291
14906,3.883
14910,4.177
14914,4.12
14919,4.082
14923,4.297
14927,4.201
14931,4.034
14935,4.073
14940,4.51
14944,4.088
14948,4.092
14952,4.281
14957,4.154
14961,3.971
14965,4.21
14969,4.126
14973,4.14
14977,4.219
14981,3.893
14985,3.921
14989,4.002
14993,3.79
14997,3.9
15001,3.88
15005,3.922
15008,3.753
15012,3.748
15016,3.839
15020,3.761
15024,3.811
15028,3.908
15031,3.845
15035,3.725
15039,3.805
15043,3.954
15047,4.017
15051,4.203
15055,4.131
15060,4.121
15064,4.015
15068,4.098
15072,4.158
15076,4.17
15080,4.121
15085,4.59
15089,4.196
15093,3.919
15097,3.787
15101,3.919
15105,3.89
15109,4.209
15113,4.348
15118,4.252
15122,4.06
15125,3.83
15129,3.979
15134,4.333
15138,4.186
15142,3.822
15146,3.925
15150,4.021
15154,4.066
15158,3.858
15162,3.941
15166,4.023
15170,3.774
15174,3.999
15177,3.83
15188,10.943
15193,4.805
15212,18.896
15217,4.734
15221,3.953
15225,4.179
15229,3.87
15233,4.087
15237,4.068
15241,3.959
15245,3.925
15249,3.944
15253,4.119
15257,3.644
15261,3.707
15265,4.208
15269,3.992
15273,3.849
15277,4.058
15281,4.265
15285,3.933
15289,4.016
15293,3.942
15297,3.942
15301,3.67
15305,3.863
15308,3.738
15312,3.965
15316,3.932
15320,3.707
15324,3.876
15328,4.223
15332,3.868
15336,3.877
15340,3.721
15344,4.008
15348,4.083
15352,3.879
15356,3.917
15360,3.969
15364,4.017
15368,3.968
15372,3.976
15376,3.988
15379,3.736
15383,3.71
15387,3.755
15391,3.973
15395,4.136
15399,4.283
15403,3.747
15407,3.747
15411,3.938
15415,3.763
15418,3.822
15422,3.859
15426,3.801
15430,3.916
15434,4.032
15438,3.921
15442,3.901
15446,3.981
15450,3.973
15454,3.897
15458,3.883
15462,4.049
15466,3.653
15469,3.804
15473,3.781
15477,3.906
15481,3.83
15485,4.06
15489,3.746
15493,4.016
15497,4.036
15502,5.535
15506,3.832
15510,3.658
15514,3.87
15518,3.938
15522,3.927
15526,3.801
15530,4.035
15533,3.783
15537,3.901
15541,3.959
15545,3.777
15549,3.802
15553,3.843
15557,3.945
15561,3.794
15564,3.664
15568,4.125
15572,4.025
15576,3.847
15580,3.623
15584,3.679
15587,3.697
15591,3.941
15595,3.669
15599,3.729
15603,3.912
15607,3.953
15611,3.863
15615,3.82
15619,4.671
15623,3.969
15627,3.969
15631,3.849
15635,4.305
15640,4.873
15644,3.914
15648,3.915
15652,3.869
15664,3.899
15670,6.351
15675,4.344
15679,4.391
15684,4.888
15688,4.224
15693,4.211
15697,4.237
15701,4.076
15705,4.109
15709,4.214
15713,3.844
15717,3.899
15721,3.966
15725,3.982
15729,3.847
15733,3.79
15736,3.759
15741,4.0
15744,3.864
15748,4.07
15753,4.023
15756,3.766
15760,4.156
15765,4.268
15769,4.191
15773,4.017
15778,4.49
15781,3.916
15786,4.176
15790,3.887
15793,3.727
15797,4.136
15802,4.168
15806,4.177
15810,4.31
15814,4.166
15818,4.016
15823,4.255
15827,4.207
15831,4.313
15837,5.323
15842,5.102
15847,5.142
15852,5.154
15856,4.3
15861,4.153
15865,4.13
15877,12.573
15882,4.584
15887,4.778
15892,4.858
15898,6.071
15902,4.736
15907,4.5
15911,4.368
15916,4.983
15921,4.586
15925,4.473
15930,4.424
15934,4.149
15938,4.054
15942,4.143
15947,4.358
15951,4.078
15955,4.022
15959,3.964
15969,10.477
15974,4.657
15979,4.494
15983,4.472
15987,3.825
15991,4.206
15995,4.16
16000,4.213
16005,5.751
16009,4.038
16013,3.639
16017,4.001
16021,3.892
16025,3.781
16028,3.621
16032,4.029
16037,4.225
16041,4.098
16045,3.786
16048,3.881
16052,3.677
16056,3.747
16061,4.624
16065,4.237
16069,4.297
16073,4.17
16077,3.839
16081,3.83
16085,3.868
16089,4.296
16093,4.148
16098,4.155
16102,4.202
16106,4.111
16110,4.124
16114,4.101
16119,4.391
16123,4.295
16127,4.242
16131,4.077
16136,5.098
16140,4.0
16144,3.911
16149,4.205
16153,4.698
16159,5.719
16171,11.615
16181,10.207
16187,6.189
16196,8.944
16202,6.307
16210,7.4
16216,5.992
16222,5.907
16228,5.713
16234,6.456
16240,5.644
16245,5.58
16251,5.624
16258,7.543
16265,6.586
16271,5.906
16278,7.263
16285,6.839
16291,5.702
16298,7.331
16305,6.873
16311,5.863
16318,7.087
16325,6.992
16331,6.018
16339,7.388
16346,7.328
16353,7.535
16359,5.929
16367,7.834
16375,7.992
16382,6.226
16389,6.991
16395,6.698
16410,14.474
16418,7.827
16424,6.271
16430,5.692
16436,6.002
16444,8.723
16451,6.452
16459,8.143
16468,8.887
16474,6.321
16480,6.055
16498,17.132
16507,9.096
16515,8.455
16523,7.441
16528,5.673
16535,6.519
16541,5.711
16547,6.382
16554,7.323
16562,7.35
16568,5.933
16574,5.784
16580,6.15
16590,10.067
16596,5.897
16602,6.093
16608,5.926
16614,6.335
16622,7.533
16628,6.57
16635,6.604
16641,6.131
16647,5.682
16656,9.286
16662,5.904
16670,7.602
16676,6.116
16682,5.854
16688,5.838
16701,13.532
16707,5.838
16714,7.084
16720,5.491
16732,11.946
16739,7.594
16747,7.391
16752,5.377
16758,5.99
16763,5.406
16770,6.543
16776,5.706
16785,9.089
16791,5.952
16799,7.721
16807,7.992
16813,6.148
16819,6.027
16825,5.715
16830,5.72
16836,5.855
16842,5.644
16847,5.633
16855,7.089
16867,12.617
16874,6.739
16880,5.919
16886,5.79
16892,5.805
16897,5.495
16903,5.455
16916,13.361
16922,6.091
16928,5.982
16934,5.632
16939,5.685
16945,5.476
16951,5.626
16956,5.557
16962,5.572
16967,5.48
16973,5.637
16978,5.513
16984,5.65
16990,5.665
16995,5.522
17001,5.226
17006,5.437
17012,5.744
17017,5.356
17023,5.669
17029,5.84
17034,5.675
17040,5.56
17046,5.841
17052,5.645
17057,5.462
17063,5.747
17068,5.503
17074,5.552
17080,5.898
17086,5.757
17091,5.671
17097,5.412
17102,5.469
17108,5.631
17114,6.248
17120,5.785
17126,5.691
17131,5.756
17137,5.497
17142,5.573
17148,5.779
17153,4.972
17158,4.319
17161,3.667
17165,3.81
17169,4.165
17173,4.148
17178,4.052
17182,4.13
17186,4.186
17190,4.062
17194,4.051
17198,4.252
17203,4.209
17207,4.302
17211,4.177
17215,4.182
17219,4.03
17223,4.061
17228,4.117
17232,4.004
17236,4.473
17240,4.358
17245,4.511
17249,4.247
17253,4.121
17258,4.254
17262,4.21
17266,4.185
17270,3.927
17274,3.947
17278,3.801
17282,4.007
17286,3.926
17290,4.119
17294,3.92
17298,4.165
17302,4.02
17306,4.049
17310,4.051
17314,3.991
17318,4.056
17322,3.819
17326,3.941
17330,4.197
17334,3.986
17338,4.132
17343,4.106
17346,3.905
17351,4.089
17355,4.139
17359,4.25
17364,4.596
17368,4.461
17372,4.383
17377,4.201
17381,4.132
17385,4.097
17389,4.117
17393,4.171
17398,4.489
17402,4.472
17406,4.146
17411,4.183
17415,4.053
17419,4.171
17423,4.224
17427,4.209
17432,4.31
17436,4.475
17441,4.329
17445,4.604
17449,4.215
17454,4.139
17458,4.012
17462,4.04
17466,4.093
17470,4.034
17474,4.091
17478,4.206
17482,4.157
17487,4.535
17491,4.223
17495,4.163
17499,4.008
17503,3.828
17507,3.859
17511,4.152
17515,3.94
17519,3.959
17523,4.244
17528,4.32
17532,4.109
17536,3.951
17540,4.001
17544,3.886
17548,4.175
17552,4.311
17557,4.252
17561,4.03
17565,4.19
17569,3.844
17573,4.072
17577,3.891
17581,4.19
17585,4.175
17589,3.793
17593,3.916
17597,4.038
17601,3.903
17605,3.842
17609,4.111
17614,4.722
17618,4.465
17622,4.372
17627,4.156
17631,3.958
17635,4.051
17639,4.102
17643,3.913
17647,3.834
17650,3.878
17655,4.131
17659,3.935
17663,4.195
17667,4.291
17672,4.524
17676,4.164
17680,3.958
17684,4.334
17688,4.05
17692,4.107
17697,4.338
17701,4.484
17706,4.434
17710,4.371
17714,3.946
17718,3.861
17722,3.799
17726,4.102
17730,4.022
17734,3.962
17738,3.785
17742,3.903
17745,3.306
17749,3.763
17752,3.676
17756,4.073
17760,3.898
17764,3.67
17768,3.888
17772,4.085
17776,4.192
17780,3.842
17784,3.791
17788,4.309
17792,4.07
17797,4.241
17801,3.972
17805,3.942
17808,3.88
17813,4.124
17817,4.356
17821,4.111
17825,4.076
17829,4.03
17833,4.214
17838,4.041
17842,4.288
17846,3.887
17850,3.835
17853,3.878
17858,4.248
17862,3.911
17866,4.045
17870,4.192
17874,4.075
17878,3.995
17882,3.937
17886,3.856
17890,3.919
17894,3.849
17898,3.939
17902,4.291
17906,4.007
17910,4.031
17916,5.767
17920,4.333
17924,4.207
17929,4.099
17933,4.47
17937,4.379
17942,4.309
17946,4.224
17950,4.254
17955,4.251
17959,4.486
17963,3.945
17967,4.062
17971,4.034
17975,3.866
17979,3.942
17983,4.086
17987,4.014
17991,4.219
17995,4.052
18000,4.065
18004,4.242
18008,4.177
18012,4.132
18016,4.24
18021,4.191
18025,4.225
18029,3.879
18033,3.843
18037,4.195
18041,4.128
18045,4.084
18049,3.842
18053,3.989
18057,4.063
18061,4.153
18065,4.234
18070,4.058
18074,4.318
18078,3.998
18082,3.948
18086,3.958
18090,3.755
18094,3.915
18098,4.118
18102,4.218
18106,3.941
18110,3.939
18114,4.023
18118,4.009
18122,3.969
18126,4.019
18130,4.003
18134,3.884
18138,3.907
18141,3.456
18145,3.865
18149,3.971
18153,4.382
18158,4.108
18162,3.946
18165,3.844
18169,3.828
18173,4.095
18177,3.828
18181,3.833
18185,3.767
18189,3.959
18193,3.94
18197,4.008
18201,3.916
18205,3.992
18209,3.944
18213,3.985
18217,4.084
18221,4.232
18225,3.961
18229,4.079
18233,4.044
18237,3.93
18241,3.886
18245,3.69
18249,3.85
18252,3.775
18256,4.04
18260,3.933
18264,3.859
18268,3.698
18272,3.895
18276,4.019
18280,3.967
18284,3.772
18288,3.845
18292,3.941
18295,3.822
18299,3.768
18303,3.887
18307,3.824
18311,3.859
18315,3.838
18318,3.694
18322,3.757
18326,3.679
18330,3.88
18334,3.767
18338,4.023
18342,4.225
18346,4.348
18350,4.019
18354,4.111
18358,4.04
18362,3.915
18366,3.992
18370,3.941
18375,4.24
18379,4.305
18383,4.128
18387,3.947
18391,3.92
18395,3.966
18402,6.631
18406,4.001
18409,3.74
18413,4.047
18418,4.181
18422,4.327
18426,4.226
18430,3.978
18434,4.18
18438,3.999
18442,3.908
18446,3.954
18450,3.804
18454,3.906
18458,3.768
18462,4.036
18466,4.019
18470,3.997
18474,3.891
18478,4.051
18482,3.954
18486,4.272
18490,3.898
18494,4.173
18499,4.274
18502,3.82
18506,4.016
18510,3.802
18514,3.94
18518,4.081
18523,4.154
18527,4.151
18531,4.201
18535,4.367
18540,4.33
18543,3.644
18548,4.223
18552,4.221
18556,4.288
18560,4.301
18565,4.668
18569,4.325
18574,4.258
18578,4.281
18582,4.101
18586,3.994
18590,4.178
18595,4.162
18599,4.481
18603,4.382
18608,4.491
18612,4.323
18616,4.071
18621,4.114
18625,4.4
18630,4.574
18634,4.203
18638,4.195
18642,4.18
18646,4.091
18650,4.126
18655,4.105
18659,4.011
18663,3.938
18667,4.103
18671,3.926
18675,4.235
18679,4.148
18683,4.452
18688,4.036
18692,4.293
18696,4.123
18700,4.265
18704,4.083
18708,3.929
18713,4.201
18717,4.679
18722,4.275
18726,4.147
18730,4.007
18734,4.029
18738,3.995
18742,3.78
18745,3.845
18749,3.866
18753,4.024
18757,3.961
18761,3.886
18765,4.015
18769,3.792
18773,3.955
18777,3.914
18781,3.923
18785,3.648
18789,3.883
18793,3.967
18796,3.828
18800,3.903
18804,3.786
18808,3.783
18812,3.795
18816,3.846
18820,3.964
18823,3.807
18827,3.901
18831,3.931
18835,4.003
18839,3.978
18843,4.142
18847,3.987
18852,4.193
18856,4.093
18860,4.328
18864,4.27
18869,4.196
18873,4.303
18877,4.385
18881,3.957
18885,3.896
18889,4.252
18894,4.009
18897,3.87
18901,3.944
18905,4.093
18910,4.064
18914,4.322
18918,4.498
18923,4.257
18927,4.18
18931,4.021
18935,4.003
18939,4.179
18943,4.278
18948,4.258
18952,4.33
18956,4.323
18961,4.185
18965,4.242
18969,4.076
18973,4.233
18978,4.591
18982,4.17
18986,4.325
18991,4.582
18995,4.148
18999,3.916
19003,4.159
19007,3.875
19011,4.126
19015,3.932
19019,3.987
19023,3.951
19027,4.066
19031,3.919
19035,3.851
19039,3.83
19043,3.97
19047,4.005
19051,4.084
19055,3.964
19059,4.03
19063,4.149
19067,4.168
19072,4.355
19076,4.154
19080,3.984
19084,3.883
19088,4.073
19092,3.915
19096,3.95
19100,3.896
19104,3.996
19108,3.948
19112,3.88
19116,4.006
19120,4.115
19124,4.06
19128,3.882
19132,3.901
19136,3.995
19140,3.993
19144,3.96
19147,3.654
19151,3.795
19155,3.87
19159,4.239
19164,4.258
19168,3.948
19172,3.904
19175,3.714
19179,4.079
19183,4.068
19188,4.094
19192,3.985
19196,4.052
19200,4.155
19204,4.012
19208,4.144
19212,4.304
19217,4.188
19221,4.129
19225,4.298
19229,4.276
19233,4.209
19238,4.219
19242,4.139
19246,4.444
19251,4.213
19255,4.468
19260,4.415
19264,4.417
19268,4.299
19273,4.279
19277,4.233
19281,4.094
19285,4.106
19289,4.153
19293,4.092
19297,3.876
19301,4.142
19305,3.904
19310,4.254
19314,4.272
19318,4.005
19322,4.02
19326,3.905
19330,3.844
19334,4.099
19338,4.45
19342,4.146
19347,4.432
19351,4.191
19355,4.308
19360,4.25
19364,4.418
19369,4.335
19373,4.407
19377,4.301
19381,4.135
19386,4.204
19390,4.222
19394,4.026
19398,4.521
19403,4.037
19407,4.103
19411,3.919
19415,4.025
19419,3.914
19422,3.88
19426,3.987
19430,3.823
19434,3.605
19438,3.89
19442,3.744
19445,3.839
19449,3.485
19452,3.475
19456,3.355
19459,3.441
19463,3.733
19467,3.988
19471,4.33
19475,4.03
19480,4.007
19484,4.117
19488,4.161
19492,3.929
19496,4.319
19500,4.147
19504,4.047
19508,3.928
19512,3.89
19516,3.853
19520,4.066
19524,3.975
19528,3.882
19532,3.865
19536,3.846
19540,4.221
19544,4.121
19548,3.961
19552,4.005
19556,4.258
19561,4.207
19565,4.215
19569,3.932
19573,3.945
19577,3.909
19581,3.851
19585,4.026
19590,5.274
19594,4.134
19598,3.68
19602,4.113
19606,4.147
19610,4.343
19614,3.912
19618,4.055
19622,3.971
19628,5.524
19636,7.868
19640,4.412
19644,3.975
19649,4.199
19653,4.209
19657,3.873
19661,4.062
19665,4.297
19669,4.122
19673,4.186
19677,3.838
19682,4.243
19686,4.084
19690,3.856
19693,3.849
19697,3.545
19701,3.747
19705,4.038
19709,4.045
19713,3.885
19717,3.963
19721,4.079
19725,4.205
19729,4.151
19734,4.415
19738,3.95
19742,3.915
19746,3.934
19749,3.868
19754,4.088
19758,3.981
19762,4.582
19766,4.312
19770,3.973
19775,4.623
19779,4.268
19784,4.224
19788,4.256
19792,3.914
19796,4.311
19800,4.048
19804,3.938
19808,3.857
19812,4.157
19816,3.987
19821,4.232
19825,4.337
19829,4.466
19834,4.246
19838,4.249
19842,4.189
19846,3.933
19851,4.448
19855,4.065
19859,4.218
19863,4.042
19869,5.75
19873,4.282
19877,4.142
19881,4.135
19885,3.94
19890,4.278
19894,4.167
19898,4.057
19902,4.299
19906,4.207
19911,4.195
19915,4.07
19919,4.679
19924,4.678
19929,4.623
19933,4.119
19937,4.557
19942,4.429
19946,4.44
19951,4.249
19955,4.177
19959,4.195
19963,4.304
19968,4.241
19972,4.463
19976,4.266
19980,4.09
19984,4.045
19989,4.319
19993,4.493
19998,4.15
20002,4.314
20006,4.331
20010,4.256
20015,4.423
20019,4.125
20023,4.399
20028,4.296
20032,4.353
20037,4.401
20041,4.254
20045,4.169
20050,4.53
20054,4.404
20058,4.369
20063,4.466
20067,4.281
20071,4.233
20076,4.119
20080,4.241
20084,4.021
20088,4.083
20092,3.906
20096,4.054
20100,4.249
20104,3.97
20108,4.225
20112,3.969
20117,4.131
20121,4.32
20125,4.021
20129,4.194
20133,4.028
20137,3.97
20141,4.178
20146,4.09
20150,4.316
20154,3.937
20158,4.184
20162,3.971
20166,3.893
20170,3.944
20174,4.048
20178,4.002
20182,3.872
20186,4.02
20190,3.967
20194,3.988
20198,3.847
20202,4.036
20206,4.046
20210,4.157
20214,4.022
20218,4.025
20222,3.926
20226,3.911
20230,3.8
20234,4.09
20238,3.751
20242,4.033
20246,3.945
20250,4.303
20254,3.994
20258,4.249
20262,3.919
20266,4.043
20270,4.12
20275,4.43
20279,4.234
20283,4.193
20288,4.419
20292,4.184
20296,4.119
20301,4.437
20305,4.132
20309,4.014
20313,4.118
20317,4.143
20321,4.145
20326,4.302
20330,4.26
20334,4.061
20338,4.103
20342,4.415
20347,4.477
20351,4.336
20356,4.394
20360,4.262
20364,4.285
20369,4.3
20373,4.286
20377,4.097
20381,4.19
20385,4.162
20389,4.066
20394,4.241
20398,4.314
20402,4.093
20406,3.957
20410,4.186
20414,4.129
20419,4.264
20423,4.108
20427,4.263
20432,4.325
20436,4.029
20439,3.881
20444,4.088
20448,3.912
20452,4.07
20456,4.211
20460,3.914
20464,3.797
20468,3.968
20471,3.808
20475,3.963
20479,3.94
20483,3.796
20488,4.354
20492,4.159
20496,4.191
20508,12.338
20512,3.985
20516,4.047
20520,4.01
20525,4.117
20529,4.246
20533,4.344
20537,4.094
20542,4.426
20546,4.303
20550,4.337
20555,4.583
20559,4.108
20564,4.432
20568,4.331
20572,4.366
20577,4.521
20581,4.365
20585,4.217
20590,4.009
20594,3.977
20598,3.994
20602,4.148
20605,3.699
20609,3.981
20614,4.458
20618,4.236
20622,4.204
20626,3.979
20631,4.136
20635,4.335
20639,3.99
20643,3.904
20647,3.926
20651,4.267
20655,4.206
20660,4.719
20664,4.487
20669,4.314
20673,4.207
20677,4.075
20681,3.937
20685,4.153
20689,3.992
20693,4.019
20698,4.375
20702,4.207
20706,4.403
20711,4.142
20715,4.158
20719,4.369
20723,3.956
20727,3.854
20731,4.223
20735,4.002
20739,3.94
20743,4.076
20747,4.027
20752,4.43
20756,4.081
20760,4.423
20765,4.37
20769,4.257
20773,4.112
20777,4.168
20781,4.082
20786,4.29
20790,4.136
20794,3.946
20798,4.035
20802,3.972
20806,3.919
20810,3.945
20814,4.1
20818,4.074
20828,10.323
20833,4.567
20837,4.192
20841,4.189
20846,4.262
20850,4.236
20854,4.263
20858,3.971
20862,4.25
20867,4.146
20871,4.141
20875,4.276
20879,4.055
20883,3.953
20887,3.873
20891,4.068
20895,4.118
20899,3.979
20903,3.792
20907,4.129
20911,3.957
20915,4.086
20919,3.905
20923,3.958
20927,3.909
20931,3.988
20935,3.985
20939,4.008
20943,4.092
20947,3.91
20951,3.914
20955,3.89
20959,3.906
20963,3.952
20967,3.892
20971,4.076
20975,3.942
20979,4.011
20983,4.051
20987,4.054
20991,4.037
20995,4.035
20999,3.708
21003,4.189
21007,4.12
21011,4.152
21015,4.054
21019,4.097
21023,3.924
21027,3.862
21031,3.452
21034,3.377
21037,3.157
21041,3.331
21044,3.317
21047,3.386
21051,3.327
21054,3.305
21057,3.317
21061,3.384
21064,3.389
21068,3.356
21071,3.235
21074,3.336
21078,3.444
21081,3.317
21084,3.229
21088,3.302
21092,3.295
21095,3.31
21098,3.342
21102,3.313
21105,3.259
21108,3.338
21111,3.249
21115,3.389
21118,2.86
21121,3.6
21124,2.989
21128,3.339
21131,3.268
21134,3.272
21138,3.331
21141,3.341
21145,3.545
21148,3.39
21151,3.407
21155,3.414
21158,3.331
21161,3.309
21165,3.243
21168,3.294
21171,3.215
21175,3.345
21178,3.315
21181,3.195
21184,3.232
21188,3.248
21191,3.105
21194,3.171
21197,3.298
21201,3.329
21204,3.26
21207,3.206
21210,3.279
21214,3.339
21217,3.289
21221,3.624
21225,3.881
21229,4.019
21233,4.116
21237,4.101
21241,4.183
21245,4.29
21250,4.369
21254,4.255
21258,4.272
21262,3.991
21266,3.876
21270,4.001
21274,3.888
21278,4.025
21282,3.98
21286,3.907
21290,3.811
21294,4.037
21298,4.111
21302,4.059
21306,4.031
21311,4.262
21315,4.156
21319,4.025
21323,4.288
21327,3.931
21331,3.845
21335,3.891
21339,3.895
21342,3.643
21346,3.886
21350,3.692
21354,3.711
21358,3.972
21361,3.695
21365,3.886
21369,4.058
21373,3.958
21377,3.988
21382,4.12
21386,3.969
21389,3.898
21414,24.557
21419,4.433
21423,4.216
21426,3.358
21430,3.465
21433,3.37
