5,5.113
9,3.939
13,3.889
16,3.645
20,3.753
23,3.433
27,3.488
30,3.448
34,3.328
37,3.137
40,3.323
44,3.285
47,3.322
50,3.326
53,3.155
57,3.121
60,3.183
63,3.1
66,3.204
69,2.983
72,3.111
75,2.711
78,2.81
81,2.883
84,3.053
87,3.066
90,3.183
93,2.997
96,3.094
99,3.023
103,3.266
106,3.149
109,2.906
112,2.895
114,2.878
117,2.766
120,2.903
123,2.815
126,2.97
129,2.525
131,2.63
134,2.473
136,2.611
139,2.416
141,2.487
148,7.003
151,2.673
154,2.618
156,2.789
159,2.537
162,2.783
165,2.7
167,2.87
170,2.656
173,2.95
176,2.936
179,3.046
182,3.075
185,2.984
188,2.95
191,2.799
194,2.729
196,2.617
199,2.478
202,2.637
204,2.819
207,2.565
210,2.583
213,2.901
215,2.848
218,2.64
221,2.511
223,2.569
226,2.553
228,2.595
231,2.688
234,2.673
236,2.582
239,2.688
242,2.726
245,2.661
247,2.786
250,2.75
253,2.824
256,2.854
259,2.749
262,2.886
264,2.789
267,2.853
270,2.865
273,2.863
276,2.787
279,2.735
281,2.761
284,2.765
287,2.558
289,2.756
292,2.75
295,2.928
298,2.528
300,2.492
303,2.817
306,3.026
309,3.12
312,3.012
315,2.974
318,3.044
321,2.705
324,2.678
327,2.833
330,2.964
332,2.783
335,2.89
338,2.722
341,2.626
343,2.629
346,2.55
349,2.58
351,2.595
354,2.604
356,2.593
359,2.502
362,2.645
364,2.8
367,2.856
370,2.727
373,2.546
375,2.713
378,2.724
381,2.459
383,2.735
386,2.772
389,2.805
392,2.677
395,2.813
397,2.79
400,2.776
403,2.888
406,2.764
408,2.604
411,2.61
414,2.565
416,2.776
419,2.898
422,2.832
425,3.039
428,3.098
432,3.281
435,3.181
438,3.075
441,3.088
444,3.104
447,2.764
450,2.515
452,2.502
455,2.767
457,2.496
460,2.486
463,2.627
465,2.834
468,2.94
471,2.897
474,3.027
477,2.975
480,2.842
483,2.852
486,2.716
489,2.782
492,3.087
495,3.149
498,2.971
501,2.921
504,2.83
507,2.957
509,2.624
512,2.681
515,2.571
517,2.514
520,2.492
522,2.548
525,2.519
527,2.608
530,2.512
532,2.535
535,2.451
537,2.371
540,2.373
542,2.471
545,2.475
547,2.528
550,2.494
552,2.569
555,2.42
557,2.486
560,2.41
562,2.512
565,2.474
567,2.547
570,2.505
572,2.555
575,2.498
577,2.465
580,2.601
583,2.57
585,2.833
588,2.86
591,2.915
595,3.351
598,3.088
601,3.021
604,2.954
607,2.929
610,2.789
612,2.551
615,2.564
617,2.654
620,2.761
623,2.772
626,2.653
628,2.728
631,2.713
634,2.796
637,2.7
640,2.876
642,2.716
645,2.53
647,2.547
650,2.533
653,2.587
655,2.61
658,2.589
660,2.508
663,2.606
666,2.711
668,2.683
671,2.75
674,2.616
676,2.647
679,2.616
682,2.544
684,2.578
687,2.552
689,2.595
692,2.61
695,2.56
697,2.649
700,2.727
703,2.682
706,2.818
708,2.562
711,2.427
713,2.548
716,2.45
718,2.544
721,2.523
723,2.67
726,2.565
729,2.744
731,2.573
734,2.701
737,2.563
740,2.789
742,2.573
745,2.735
748,2.761
750,2.827
753,2.706
756,2.786
759,2.737
762,2.863
765,3.253
768,3.187
771,3.122
775,3.233
778,3.208
781,2.99
784,2.878
786,2.807
789,2.692
792,2.448
794,2.535
797,2.462
799,2.513
802,2.503
804,2.591
807,2.442
809,2.433
812,2.502
815,2.734
817,2.693
820,2.649
823,2.6
825,2.508
828,2.533
830,2.681
833,2.651
836,2.703
839,2.822
841,2.807
844,2.736
847,2.645
850,2.847
852,2.719
855,2.54
857,2.559
860,2.607
863,2.512
865,2.616
868,2.781
871,2.64
873,2.694
876,2.676
879,2.761
882,2.72
884,2.693
887,2.74
890,2.68
893,2.745
895,2.696
898,2.746
901,2.676
903,2.731
906,2.437
908,2.538
911,2.453
913,2.502
916,2.492
919,2.618
921,2.434
924,2.487
926,2.496
929,2.502
931,2.568
934,2.5
936,2.586
939,2.575
941,2.513
944,2.526
946,2.459
949,2.391
951,2.465
954,2.503
956,2.525
959,2.434
961,2.463
964,2.559
967,2.617
969,2.779
972,2.661
975,2.668
978,2.89
980,2.806
983,2.781
986,2.82
989,2.731
992,2.8
994,2.796
997,2.792
1000,2.881
1003,2.714
1006,2.771
1008,2.754
1011,2.615
1014,2.73
1017,2.663
1019,2.792
1022,2.805
1025,2.775
1028,2.738
1030,2.768
1033,2.695
1036,2.664
1039,2.781
1041,2.754
1044,2.751
1047,2.78
1050,2.715
1052,2.608
1055,2.702
1058,2.787
1061,2.68
1063,2.85
1066,2.865
1069,2.825
1072,2.804
1075,2.765
1078,2.85
1080,2.738
1083,2.758
1086,2.761
1089,2.786
1092,2.777
1094,2.828
1097,2.787
1100,2.671
1103,2.737
1106,2.816
1108,2.74
1111,2.721
1114,2.661
1116,2.714
1119,2.722
1122,2.878
1125,2.857
1128,2.807
1131,2.856
1134,2.842
1136,2.844
1139,2.813
1142,2.88
1145,2.798
1148,2.768
1151,2.844
1153,2.795
1156,2.79
1159,2.82
1162,2.695
1164,2.717
1167,2.842
1170,2.831
1173,2.782
1176,2.811
1179,2.846
1181,2.747
1184,2.78
1187,2.887
1190,2.903
1193,2.846
1196,2.554
1198,2.642
1201,2.585
1204,2.851
1207,2.829
1209,2.579
1212,2.525
1214,2.79
1217,2.614
1220,2.506
1222,2.692
1225,2.576
1228,2.674
1230,2.538
1233,2.724
1236,2.751
1238,2.738
1241,2.749
1244,2.691
1247,2.683
1249,2.659
1252,2.664
1255,3.042
1258,2.454
1260,2.467
1263,2.535
1265,2.663
1268,2.395
1270,2.561
1273,2.439
1275,2.484
1278,2.458
1280,2.529
1283,2.357
1285,2.521
1288,2.557
1290,2.601
1293,2.669
1296,2.619
1299,2.9
1301,2.646
1304,2.803
1307,2.578
1309,2.697
1312,2.534
1315,2.891
1317,2.675
1320,2.733
1323,2.652
1326,2.694
1328,2.732
1331,2.786
1334,2.732
1337,2.712
1339,2.791
1342,2.765
1345,2.773
1348,2.78
1351,2.813
1354,2.821
1356,2.803
1359,2.813
1362,2.794
1365,3.04
1368,2.954
1371,2.827
1374,2.893
1377,2.692
1379,2.956
1382,2.841
1385,2.9
1388,2.998
1391,2.867
1394,2.807
1397,2.909
1400,2.552
1402,2.601
1405,2.769
1408,2.823
1410,2.619
1413,2.787
1416,2.766
1419,2.758
1421,2.626
1424,2.905
1427,2.792
1430,2.91
1433,2.82
1436,2.91
1439,2.839
1442,2.926
1444,2.78
1447,2.87
1450,2.819
1453,2.953
1456,2.932
1459,2.999
1462,2.809
1465,3.023
1468,3.008
1471,2.914
1474,2.999
1477,2.9
1480,2.721
1482,2.799
1485,2.746
1488,2.769
1491,2.94
1494,2.913
1497,2.798
1500,3.034
1502,2.772
1505,2.907
1508,3.025
1511,2.973
1514,2.744
1517,2.907
1520,2.787
1523,2.886
1526,2.835
1528,2.811
1531,2.741
1534,2.863
1537,2.762
1540,2.882
1542,2.679
1545,2.811
1548,2.798
1551,2.747
1554,2.817
1556,2.848
1559,2.847
1562,2.889
1565,2.79
1568,2.94
1571,2.833
1574,2.892
1577,2.902
1579,2.894
1582,2.834
1585,2.803
1588,2.701
1591,2.673
1593,2.545
1596,2.617
1599,2.821
1601,2.623
1604,2.544
1607,2.879
1609,2.604
1612,2.601
1615,2.852
1618,2.934
1621,2.918
1623,2.818
1626,2.744
1634,7.865
1637,2.745
1640,2.903
1643,2.928
1646,2.892
1649,2.993
1652,3.086
1655,2.925
1658,2.998
1661,3.013
1664,3.038
1667,3.018
1670,3.004
1673,2.971
1676,3.041
1679,2.943
1682,2.837
1684,2.84
1687,2.97
1690,2.902
1693,2.884
1696,2.863
1699,2.852
1702,2.903
1712,10.362
1716,3.225
1718,2.824
1721,2.827
1724,2.704
1727,2.784
1729,2.76
1732,2.795
1735,2.819
1738,2.886
1741,2.788
1744,2.862
1746,2.761
1749,2.808
1752,2.796
1755,2.781
1758,2.756
1761,3.013
1763,2.79
1766,2.707
1769,2.893
1772,2.766
1775,2.873
1778,2.78
1780,2.844
1783,2.74
1786,2.676
1789,2.658
1791,2.603
1794,2.607
1796,2.632
1799,2.547
1802,2.65
1804,2.582
1807,2.652
1809,2.53
1812,2.622
1815,2.501
1817,2.562
1820,2.532
1822,2.655
1825,2.646
1828,2.637
1830,2.579
1833,2.515
1835,2.568
1838,2.554
1840,2.559
1843,2.653
1846,2.632
1849,2.726
1851,2.636
1854,2.589
1856,2.635
1859,2.746
1862,2.713
1865,2.811
1868,2.769
1870,2.788
1873,2.672
1876,2.809
1879,2.835
1882,2.885
1884,2.685
1887,2.78
1890,2.594
1892,2.72
1895,2.624
1898,2.623
1900,2.539
1903,2.699
1906,2.874
1909,2.809
1911,2.565
1914,2.569
1917,2.67
1919,2.734
1922,2.69
1925,2.855
1928,2.852
1931,2.847
1933,2.785
1936,2.824
1939,2.734
1942,2.823
1945,2.73
1947,2.886
1950,3.063
1953,2.829
1956,2.907
1959,3.071
1962,2.906
1965,2.933
1968,3.007
1971,2.913
1974,2.983
1977,2.864
1980,2.862
1983,2.834
1986,2.867
1988,2.8
1991,2.737
1994,2.867
1997,2.837
2000,2.885
2003,2.95
2006,2.852
2009,2.888
2011,2.66
2014,2.774
2017,2.963
2020,2.804
2022,2.68
2032,9.863
2035,2.905
2038,2.78
2041,2.613
2043,2.778
2046,2.912
2049,2.81
2052,2.914
2055,2.942
2058,2.931
2061,2.914
2064,2.815
2067,3.077
2070,3.262
2073,3.201
2077,3.22
2080,3.246
2083,3.297
2086,3.204
2090,3.108
2093,3.113
2096,3.198
2099,2.949
2102,2.964
2105,2.921
2108,2.968
2111,2.949
2114,2.952
2117,2.894
2120,3.331
2123,3.268
2126,3.19
2130,3.423
2133,3.259
2136,3.331
2140,3.418
2144,3.583
2147,3.422
2150,3.15
2153,3.04
2156,3.001
2159,3.009
2162,3.002
2165,2.946
2168,2.841
2171,2.965
2174,3.008
2177,3.121
2180,3.09
2183,2.924
2186,3.079
2190,3.102
2193,3.193
2196,3.095
2199,2.877
2202,2.865
2205,2.845
2207,2.782
2210,2.743
2213,2.725
2216,2.769
2219,2.851
2221,2.86
2224,2.791
2227,2.871
2230,2.791
2233,2.819
2236,2.8
2239,2.835
2241,2.789
2244,2.765
2247,2.897
2250,2.821
2253,2.865
2256,2.976
2259,3.027
2262,2.989
2265,2.915
2268,3.004
2271,3.092
2274,3.326
2277,3.01
2281,3.246
2284,3.123
2287,3.42
2290,3.175
2294,3.305
2297,3.46
2301,3.278
2304,3.086
2307,2.95
2310,3.039
2313,3.114
2316,3.068
2319,3.118
2322,3.053
2325,3.067
2328,3.163
2332,3.241
2335,3.073
2338,2.995
2341,2.995
2344,2.922
2347,3.021
2350,2.979
2353,2.941
2356,2.791
2358,2.809
2361,2.856
2364,2.79
2367,2.824
2370,2.777
2373,2.778
2375,2.779
2379,3.048
2381,2.954
2384,2.986
2388,2.989
2391,2.993
2393,2.807
2396,2.788
2399,3.036
2402,2.898
2405,2.854
2408,2.98
2411,2.997
2414,2.797
2417,2.951
2420,3.028
2423,3.087
2426,2.865
2429,2.996
2432,3.291
2435,2.948
2438,3.066
2441,2.987
2444,3.085
2447,2.987
2450,3.011
2454,3.002
2457,3.013
2459,2.893
2463,3.15
2466,3.094
2469,3.128
2472,3.087
2475,3.134
2478,2.81
2481,2.895
2484,3.055
2487,3.073
2490,2.973
2493,3.253
2497,3.38
2500,3.355
2503,3.07
2507,3.305
2510,3.355
2513,3.065
2516,3.038
2519,3.137
2522,3.033
2525,2.91
2528,2.922
2531,3.07
2535,3.182
2538,3.106
2541,3.063
2544,3.211
2547,3.178
2550,3.047
2553,3.072
2557,3.194
2560,3.101
2563,2.943
2566,2.858
2569,2.916
2571,2.829
2574,2.916
2577,2.882
2580,2.929
2583,2.914
2586,2.598
2588,2.543
2591,2.437
2593,2.684
2596,2.805
2599,2.937
2602,2.53
2605,2.692
2607,2.555
2610,2.537
2612,2.495
2615,2.393
2617,2.452
2620,2.622
2622,2.622
2625,2.535
2627,2.516
2630,2.328
2632,2.456
2635,2.653
2637,2.517
2640,2.504
2642,2.524
2645,2.55
2648,2.747
2650,2.742
2653,2.643
2656,2.622
2659,2.837
2661,2.847
2664,2.753
2667,2.763
2670,2.796
2673,2.763
2675,2.854
2678,2.741
2681,2.744
2684,2.737
2686,2.67
2689,2.745
2692,2.852
2695,2.693
2697,2.803
2700,2.712
2703,2.814
2706,2.656
2708,2.679
2711,2.725
2714,2.787
2717,2.678
2719,2.773
2722,2.945
2725,2.757
2728,2.736
2731,2.686
2733,2.712
2736,2.662
2739,2.636
2741,2.551
2744,2.602
2747,2.787
2749,2.688
2752,2.7
2755,2.614
2757,2.503
2760,2.7
2763,2.731
2765,2.693
2768,2.744
2771,2.724
2773,2.698
2776,2.648
2779,2.567
2781,2.696
2784,2.428
2786,2.431
2789,2.575
2791,2.567
2794,2.34
2796,2.35
2798,2.317
2801,2.744
2804,2.966
2807,3.018
2811,3.408
2814,3.03
2817,3.307
2821,3.513
2831,10.056
2834,3.033
2837,2.857
2839,2.756
2842,2.801
2845,2.872
2848,2.996
2851,2.922
2854,3.006
2857,2.947
2860,2.95
2863,2.856
2866,3.0
2869,3.024
2872,3.051
2875,3.117
2878,2.956
2881,2.944
2884,2.939
2887,2.946
2890,2.854
2893,2.881
2895,2.836
2898,3.037
2901,2.963
2904,2.848
2907,2.964
2910,2.876
2913,2.951
2916,2.848
2919,2.717
2922,2.779
2924,2.781
2927,2.713
2930,2.702
2932,2.489
2935,2.445
2937,2.737
2940,2.792
2943,2.766
2946,2.773
2949,2.663
2951,2.678
2954,2.505
2956,2.454
2959,2.745
2962,2.762
2964,2.448
2967,2.559
2969,2.691
2972,2.549
2975,2.541
2977,2.672
2980,2.499
2982,2.632
2985,2.817
2988,2.54
2991,2.788
2994,2.911
2997,3.059
3000,3.061
3003,2.956
3006,2.985
3009,2.926
3011,2.857
3014,2.705
3017,2.925
3020,2.951
3023,2.674
3025,2.757
3028,2.668
3039,10.517
3042,3.265
3045,2.932
3048,2.86
3051,2.896
3054,2.981
3057,2.874
3059,2.886
3062,2.915
3065,2.728
3068,2.709
3071,2.757
3073,2.79
3076,2.826
3079,2.888
3082,2.751
3085,2.83
3088,2.844
3090,2.534
3093,2.609
3095,2.618
3098,2.488
3101,2.571
3103,2.605
3106,2.594
3108,2.696
3111,2.625
3114,2.554
3116,2.511
3119,2.623
3121,2.611
3124,2.6
3127,2.575
3130,2.959
3132,2.559
3135,2.564
3137,2.573
3140,2.616
3143,2.864
3146,2.642
3148,2.54
3151,2.505
3153,2.51
3156,2.485
3158,2.619
3161,2.527
3163,2.504
3166,2.463
3168,2.534
3171,2.443
3173,2.505
3176,2.493
3178,2.644
3181,2.637
3184,2.587
3187,2.881
3190,2.995
3193,2.971
3196,2.982
3199,3.003
3202,2.952
3205,2.969
3208,3.0
3211,3.002
3219,8.027
3222,2.862
3224,2.877
3227,2.85
3230,2.825
3233,2.938
3236,2.799
3239,2.809
3242,2.817
3244,2.864
3247,2.843
3250,2.785
3253,2.802
3256,2.676
3258,2.846
3261,2.958
3264,2.779
3267,2.751
3270,2.72
3279,8.988
3282,3.102
3285,2.814
3288,2.851
3290,2.907
3293,2.88
3296,2.784
3299,2.851
3302,2.9
3305,3.03
3308,2.781
3311,2.996
3314,2.94
3317,3.097
3320,3.001
3323,2.822
3325,2.746
3328,2.747
3331,2.768
3334,2.744
3337,2.823
3339,2.787
3342,2.588
3344,2.547
3347,2.5
3349,2.396
3352,2.392
3354,2.499
3357,2.665
3360,2.63
3362,2.763
3365,2.72
3368,2.651
3371,2.693
3373,2.798
3376,2.713
3379,2.747
3382,2.717
3384,2.794
3387,2.784
3390,2.798
3393,2.794
3396,2.778
3402,6.827
3405,2.985
3408,2.808
3411,2.844
3414,2.738
3416,2.59
3419,2.79
3422,2.813
3425,2.707
3427,2.529
3430,2.53
3432,2.485
3435,2.465
3437,2.417
3440,2.436
3442,2.452
3445,2.432
3447,2.442
3450,2.56
3452,2.402
3455,2.446
3457,2.416
3459,2.384
3462,2.415
3464,2.423
3467,2.298
3469,2.393
3471,2.38
3474,2.44
3476,2.35
3478,2.301
3481,2.29
3483,2.341
3486,2.393
3488,2.368
3490,2.556
3493,2.663
3496,2.488
3498,2.642
3501,2.605
3504,2.582
3506,2.532
3509,2.67
3511,2.721
3514,2.766
3517,2.751
3520,2.838
3523,2.696
3525,2.788
3528,2.749
3531,2.819
3534,2.771
3537,2.818
3540,2.924
3542,2.883
3545,2.747
3548,2.662
3551,2.817
3553,2.765
3556,2.816
3559,2.791
3562,2.793
3565,2.586
3567,2.754
3570,2.809
3573,2.808
3576,2.81
3579,2.857
3581,2.851
3584,2.843
3587,2.781
3590,2.832
3593,2.869
3596,2.792
3599,2.85
3601,2.85
3605,3.169
3607,2.822
3610,2.936
3613,2.792
3616,2.776
3619,2.771
3622,2.86
3624,2.852
3627,2.836
3630,2.848
3633,2.889
3636,2.845
3639,2.852
3642,2.795
3644,2.816
3647,2.729
3650,2.831
3653,3.121
3656,2.909
3659,2.845
3662,2.823
3665,2.843
3667,2.765
3670,2.741
3673,2.763
3676,2.817
3679,2.826
3681,2.791
3684,2.829
3687,2.763
3690,2.68
3692,2.662
3695,2.588
3698,2.69
3701,2.885
3704,2.986
3707,2.932
3709,2.844
3712,2.961
3715,2.892
3718,2.934
3721,2.943
3724,2.854
3727,2.529
3729,2.519
3732,2.399
3734,2.568
3737,2.502
3739,2.621
3742,2.634
3745,2.652
3747,2.581
3750,2.599
3752,2.545
3755,2.466
3757,2.487
3760,2.435
3762,2.468
3765,2.427
3767,2.394
3770,2.54
3772,2.431
3775,2.448
3777,2.374
3779,2.371
3782,2.301
3784,2.408
3786,2.348
3789,2.483
3791,2.388
3794,2.45
3796,2.443
3799,2.393
3801,2.542
3804,2.406
3806,2.395
3808,2.408
3811,2.436
3813,2.431
3816,2.348
3818,2.374
3821,2.804
3824,2.699
3826,2.567
3829,2.668
3831,2.554
3834,2.54
3836,2.47
3839,2.447
3841,2.509
3844,2.485
3846,2.512
3849,2.491
3851,2.461
3854,2.432
3856,2.512
3859,2.468
3861,2.454
3864,2.525
3867,2.688
3869,2.659
3872,2.62
3875,2.637
3877,2.722
3880,2.732
3883,2.732
3886,2.755
3888,2.729
3891,2.773
3894,2.73
3897,2.898
3899,2.703
3902,2.752
3905,2.76
3908,2.728
3910,2.717
3913,2.711
3916,2.648
3919,2.859
3922,2.876
3925,3.154
3928,3.1
3931,3.129
3934,2.96
3937,2.92
3940,2.867
3943,2.924
3946,2.856
3948,2.79
3951,2.981
3954,2.929
3957,2.884
3960,3.096
3963,2.899
3966,2.938
3969,3.045
3972,2.949
3975,2.899
3978,2.716
3981,2.729
3983,2.751
3986,2.746
3989,2.716
3992,2.738
3994,2.8
3997,2.862
4000,2.759
4003,2.768
4006,2.725
4008,2.887
4011,2.763
4014,2.793
4017,2.775
4020,2.813
4022,2.707
4025,2.726
4028,2.673
4031,2.798
4033,2.868
4036,2.722
4039,2.776
4042,2.723
4044,2.704
4047,2.592
4050,2.788
4053,2.736
4055,2.781
4058,2.794
4061,2.712
4064,2.779
4067,2.909
4069,2.704
4072,2.646
4075,2.462
4077,2.493
4080,2.531
4082,2.516
4085,2.452
4087,2.503
4090,2.579
4092,2.525
4095,2.457
4097,2.56
4100,2.473
4102,2.453
4105,2.416
4107,2.491
4110,2.408
4112,2.443
4114,2.473
4117,2.443
4119,2.414
4122,2.42
4124,2.357
4127,2.365
4129,2.336
4131,2.377
4134,2.508
4136,2.517
4139,2.417
4141,2.512
4144,2.689
4146,2.445
4149,2.444
4151,2.372
4154,2.491
4156,2.416
4159,2.364
4161,2.486
4164,2.5
4166,2.54
4169,2.441
4171,2.594
4174,2.637
4177,2.582
4179,2.701
4182,2.579
4185,2.683
4187,2.632
4190,2.777
4193,2.695
4195,2.69
4198,2.54
4200,2.485
4203,2.448
4205,2.459
4208,2.511
4211,2.675
4213,2.737
4216,2.67
4219,2.736
4221,2.744
4224,2.877
4227,2.934
4230,2.859
4233,2.886
4236,2.918
4239,2.789
4242,2.9
4245,2.842
4247,2.812
4250,2.908
4253,2.817
4256,2.717
4259,2.675
4261,2.657
4264,2.741
4267,2.665
4269,2.721
4272,2.74
4275,2.816
4278,2.785
4281,2.768
4283,2.798
4286,2.445
4289,2.656
4291,2.556
4294,2.49
4296,2.483
4299,2.488
4301,2.451
4304,2.487
4306,2.723
4309,2.527
4312,2.765
4314,2.608
4317,2.597
4319,2.488
4322,2.614
4324,2.469
4327,2.551
4329,2.403
4332,2.453
4334,2.505
4337,2.424
4339,2.404
4342,2.478
4344,2.62
4347,2.57
4349,2.464
4352,2.406
4354,2.496
4357,2.51
4360,2.642
4362,2.578
4365,2.697
4368,2.595
4370,2.551
4373,2.678
4376,2.788
4378,2.768
4381,2.606
4384,2.736
4386,2.689
4389,2.467
4391,2.412
4394,2.436
4396,2.419
4399,2.696
4401,2.547
4404,2.644
4407,2.767
4410,2.701
4412,2.668
4415,2.697
4418,2.754
4421,2.807
4423,2.824
4426,2.756
4429,2.745
4432,2.809
4435,2.822
4437,2.655
4440,2.603
4442,2.616
4445,2.445
4447,2.482
4450,2.375
4452,2.514
4455,2.387
4457,2.445
4460,2.43
4462,2.683
4465,2.561
4467,2.427
4470,2.478
4473,2.744
4475,2.749
4478,2.597
4481,2.533
4483,2.605
4486,2.474
4488,2.491
4491,2.531
4493,2.579
4496,2.585
4498,2.615
4501,2.417
4503,2.459
4506,2.445
4508,2.464
4511,2.447
4513,2.461
4516,2.478
4518,2.486
4521,2.447
4523,2.479
4526,2.446
4528,2.481
4531,2.477
4533,2.441
4535,2.396
4538,2.5
4541,2.572
4543,2.732
4546,2.61
4549,2.599
4551,2.647
4554,2.588
4557,2.653
4559,2.653
4562,2.656
4564,2.6
4567,2.543
4569,2.343
4572,2.493
4574,2.401
4577,2.436
4580,2.961
4582,2.64
4585,2.996
4588,2.557
4591,2.856
4594,2.826
4597,3.287
4600,2.568
4602,2.957
4605,2.614
4608,2.608
4610,2.492
4613,2.63
4615,2.544
4618,2.671
4621,2.75
4624,2.788
4626,2.743
4629,2.639
4632,2.706
4635,2.944
4638,3.039
4641,2.936
4644,2.878
4646,2.738
4649,2.759
4652,2.673
4655,2.733
4657,2.775
4660,2.88
4663,2.783
4666,2.898
4669,3.039
4672,2.998
4675,2.981
4678,2.937
4686,7.735
4689,3.134
4692,2.841
4695,2.811
4697,2.858
4700,2.766
4704,3.249
4706,2.928
4709,2.84
4712,2.714
4715,2.922
4718,2.764
4720,2.697
4723,2.887
4726,2.941
4729,2.786
4732,2.833
4735,2.82
4738,2.895
4741,2.786
4743,2.886
4746,2.819
4749,2.927
4752,2.864
4755,2.961
4758,2.753
4761,2.844
4764,2.852
4766,2.846
4769,2.611
4772,2.895
4775,2.902
4778,2.956
4781,2.804
4784,2.97
4786,2.865
4789,2.856
4792,2.693
4795,2.761
4798,2.717
4800,2.8
4803,2.728
4806,2.793
4809,2.765
4811,2.73
4814,2.714
4817,2.655
4820,2.805
4822,2.742
4825,2.845
4828,2.709
4831,2.724
4833,2.641
4836,2.715
4839,2.597
4841,2.748
4844,2.833
4847,2.746
4850,2.59
4852,2.637
4855,2.653
4858,2.672
4860,2.521
4863,2.637
4865,2.55
4868,2.619
4871,2.554
4873,2.734
4876,2.529
4879,2.579
4881,2.536
4884,2.556
4886,2.509
4889,2.514
4891,2.564
4894,2.467
4896,2.444
4899,2.454
4901,2.418
4904,2.553
4906,2.668
4909,2.696
4912,2.504
4914,2.527
4917,2.538
4919,2.555
4922,2.537
4924,2.524
4927,2.543
4929,2.557
4932,2.562
4934,2.426
4937,2.4
4939,2.416
4942,2.486
4944,2.391
4947,2.382
4949,2.472
4951,2.388
4954,2.444
4956,2.485
4959,2.433
4961,2.413
4964,2.586
4966,2.493
4969,2.443
4971,2.57
4974,2.444
4976,2.633
4979,2.621
4982,2.66
4985,2.695
4987,2.748
4990,2.618
4993,2.733
4995,2.764
4998,2.669
5001,2.691
5004,2.725
5006,2.519
5009,2.644
5011,2.656
5014,2.586
5017,2.717
5020,2.851
5022,2.705
5025,2.808
5028,2.732
5031,2.672
5033,2.889
5036,2.854
5039,3.049
5042,2.917
5045,2.944
5048,2.924
5051,2.888
5054,2.804
5057,2.789
5060,2.782
5062,2.695
5065,2.793
5068,2.772
5071,2.812
5073,2.706
5076,2.781
5079,2.721
5082,2.79
5084,2.713
5087,3.005
5090,2.927
5093,2.72
5096,2.544
5098,2.651
5101,2.604
5104,2.636
5107,3.067
5109,2.652
5112,3.01
5115,2.684
5118,3.075
5121,2.608
5124,2.873
5126,2.647
5129,2.845
5132,2.635
5135,3.072
5138,3.074
5141,3.232
5145,3.432
5148,3.084
5151,2.968
5154,2.85
5157,3.057
5160,2.966
5163,2.89
5165,2.651
5168,2.772
5171,2.711
5174,2.782
5176,2.706
5179,2.929
5182,2.77
5185,2.937
5188,2.923
5191,2.935
5194,2.999
5197,3.113
5200,2.902
5203,2.945
5206,2.926
5209,2.903
5212,2.94
5214,2.846
5217,2.94
5220,2.894
5223,3.006
5226,3.002
5229,2.908
5232,2.937
5235,3.068
5238,2.986
5241,2.96
5244,2.791
5247,2.866
5250,2.835
5253,2.98
5256,2.895
5259,2.879
5261,2.798
5264,2.866
5267,2.778
5270,2.871
5273,2.751
5276,2.937
5279,2.974
5282,2.831
5284,2.818
5287,2.813
5290,2.729
5293,2.737
5295,2.618
5298,2.722
5301,2.657
5303,2.729
5306,2.624
5309,2.754
5312,2.642
5314,2.652
5317,2.595
5320,2.71
5322,2.542
5325,2.649
5327,2.642
5330,2.662
5333,2.593
5335,2.735
5338,2.631
5341,2.581
5343,2.659
5346,2.706
5349,2.578
5351,2.815
5354,2.575
5357,2.677
5359,2.61
5362,2.734
5365,2.848
5368,2.826
5371,2.801
5373,2.806
5376,2.773
5379,2.803
5382,2.792
5385,2.753
5387,2.676
5390,2.651
5393,2.629
5396,3.072
5398,2.745
5401,2.64
5404,2.664
5407,2.799
5409,2.781
5412,2.856
5415,3.064
5418,3.09
5421,2.877
5424,2.867
5427,2.897
5430,2.932
5433,2.936
5436,2.771
5438,2.588
5441,2.598
5444,2.569
5446,2.625
5449,2.655
5452,2.602
5454,2.465
5457,2.574
5459,2.594
5462,2.551
5464,2.572
5467,2.713
5470,2.931
5473,2.859
5476,3.019
5479,2.808
5482,2.989
5485,2.825
5488,2.993
5491,2.927
5494,3.068
5496,2.712
5499,2.725
5502,2.834
5505,2.904
5508,2.931
5511,2.925
5514,2.886
5516,2.881
5519,2.824
5522,2.776
5525,2.925
5528,2.86
5531,2.753
5533,2.789
5536,2.833
5539,2.648
5541,2.475
5544,2.49
5547,2.584
5549,2.533
5552,2.418
5554,2.521
5557,2.411
5559,2.491
5561,2.385
5564,2.551
5567,2.562
5569,2.501
5572,2.508
5574,2.502
5577,2.568
5579,2.762
5582,2.622
5585,2.652
5587,2.637
5590,2.452
5592,2.534
5595,2.576
5598,2.614
5600,2.552
5603,2.65
5605,2.561
5608,2.561
5611,2.5
5613,2.658
5616,2.734
5619,2.584
5621,2.57
5624,2.582
5626,2.759
5629,2.651
5632,2.639
5634,2.536
5637,2.642
5640,2.611
5642,2.732
5645,2.586
5648,2.661
5650,2.623
5653,2.635
5656,2.63
5658,2.726
5661,2.618
5664,2.632
5666,2.648
5669,2.652
5671,2.562
5674,2.662
5677,2.586
5679,2.688
5682,2.467
5685,2.579
5687,2.512
5690,2.595
5692,2.584
5695,2.605
5698,2.651
5700,2.746
5703,2.733
5706,2.817
5709,2.801
5712,2.905
5714,2.796
5717,2.912
5720,2.727
5723,2.638
5725,2.741
5728,2.798
5731,2.733
5734,2.947
5737,3.097
5740,2.967
5743,2.961
5746,3.021
5749,3.068
5752,3.075
5755,3.073
5758,3.019
5761,2.945
5764,2.722
5767,2.767
5770,2.867
5772,2.767
5775,2.876
5778,2.91
5781,2.926
5784,2.975
5787,2.796
5790,2.842
5793,2.673
5795,2.853
5798,2.887
5801,3.07
5804,2.911
5807,2.966
5810,2.931
5821,10.47
5824,2.995
5827,2.747
5829,2.813
5832,2.699
5835,3.005
5838,2.931
5841,3.002
5844,2.841
5847,3.035
5850,2.911
5853,2.838
5855,2.781
5858,2.795
5861,2.786
5864,2.852
5867,2.711
5869,2.791
5872,2.67
5875,2.932
5878,2.766
5881,2.69
5883,2.73
5886,2.696
5889,2.628
5891,2.688
5894,2.641
5897,2.625
5899,2.746
5902,2.659
5905,2.633
5907,2.659
5910,2.786
5913,2.733
5916,2.61
5918,2.733
5921,2.651
5924,2.682
5926,2.779
5929,2.788
5932,2.731
5935,2.668
5937,2.698
5940,3.014
5943,2.891
5946,2.929
5949,2.916
5952,2.885
5955,2.929
5958,2.838
5961,2.963
5964,2.847
5966,2.723
5969,2.579
5972,2.662
5974,2.611
5977,2.744
5980,2.522
5982,2.618
5985,2.489
5987,2.59
5990,2.5
5993,2.711
5995,2.544
5998,2.643
6000,2.508
6003,2.712
6006,2.538
6008,2.679
6011,2.628
6014,2.705
6016,2.606
6019,2.709
6022,2.62
6025,2.844
6027,2.613
6030,2.774
6033,2.694
6036,2.967
6038,2.657
6041,3.041
6044,2.743
6047,3.055
6050,2.676
6053,3.018
6056,2.63
6058,2.817
6061,2.606
6064,2.667
6066,2.593
6069,2.784
6072,2.494
6074,2.675
6077,2.5
6079,2.62
6082,2.487
6085,2.592
6087,2.533
6090,2.59
6092,2.548
6095,2.602
6097,2.61
6100,2.835
6103,2.6
6106,2.838
6108,2.599
6111,2.881
6114,2.569
6117,2.814
6119,2.606
6122,2.81
6125,2.583
6128,2.825
6130,2.693
6133,2.96
6136,2.629
6139,2.823
6141,2.669
6144,2.796
6147,2.58
6150,2.879
6152,2.764
6155,2.957
6158,2.841
6161,2.903
6164,2.793
6167,3.035
6170,2.76
6173,2.797
6175,2.775
6178,2.571
6181,2.505
6188,7.78
6191,3.027
6194,2.963
6197,2.966
6201,3.215
6204,3.036
6207,3.028
6210,2.859
6212,2.922
6215,2.872
6219,3.178
6221,2.785
6224,3.044
6227,2.95
6230,2.67
6233,2.574
6235,2.724
6238,2.539
6241,2.708
6243,2.549
6246,2.692
6249,2.582
6251,2.688
6254,2.529
6256,2.616
6259,2.523
6261,2.538
6264,2.385
6267,2.71
6269,2.4
6272,2.688
6274,2.526
6277,2.66
6279,2.507
6282,2.547
6285,2.53
6287,2.642
6290,2.486
6292,2.651
6295,2.512
6297,2.522
6300,2.36
6303,2.69
6305,2.717
6308,2.63
6311,2.648
6313,2.613
6316,2.648
6319,2.844
6321,2.691
6324,2.821
6327,2.727
6330,2.862
6333,2.71
6335,2.889
6338,2.765
6341,2.898
6344,2.735
6347,2.776
6349,2.757
6352,2.579
6355,2.433
6357,2.525
6359,2.324
6362,2.473
6364,2.503
6367,2.835
6370,2.404
6372,2.573
6375,2.754
6378,2.767
6380,2.658
6383,2.733
6386,2.718
6389,2.87
6392,2.737
6394,2.866
6397,2.744
6400,2.943
6403,2.597
6406,2.779
6408,2.749
6411,2.751
6414,2.644
6417,2.826
6419,2.717
6422,2.831
6425,2.69
6428,2.864
6430,2.663
6433,2.766
6436,2.613
6439,2.763
6441,2.489
6444,2.74
6447,2.721
6449,2.817
6452,2.774
6455,2.728
6458,2.653
6460,2.612
6463,2.331
6465,2.668
6468,2.803
6471,2.98
6474,2.571
6476,2.647
6479,2.485
6482,2.886
6484,2.713
6487,3.024
6490,2.82
6493,2.829
6496,2.719
6499,2.774
6501,2.502
6504,2.741
6507,2.642
6509,2.833
6512,2.632
6515,2.649
6518,2.859
6520,2.646
6523,2.468
6526,2.728
6529,2.957
6531,2.748
6534,2.684
6537,2.761
6539,2.648
6542,2.718
6545,2.57
6547,2.642
6550,2.482
6553,2.635
6555,2.583
6558,2.666
6560,2.546
6563,2.737
6566,2.566
6568,2.758
6571,2.416
6573,2.505
6576,2.47
6578,2.591
6581,2.414
6583,2.569
6586,2.52
6589,2.623
6591,2.495
6594,2.589
6596,2.574
6599,2.686
6601,2.364
6604,2.568
6607,2.523
6609,2.88
6612,2.692
6615,2.821
6618,2.562
6621,3.07
6623,2.791
6626,2.987
6629,2.678
6632,3.12
6635,2.698
6638,2.817
6641,2.704
6643,2.875
6646,2.637
6649,2.889
6652,2.567
6654,2.876
6657,2.592
6660,2.908
6662,2.513
6665,2.736
6668,2.536
6671,2.909
6673,2.57
6676,2.808
6679,2.541
6681,2.821
6684,2.645
6687,2.891
6690,2.845
6693,2.843
6696,2.884
6699,2.873
6701,2.865
6704,2.962
6707,2.87
6710,3.104
6713,2.863
6716,3.15
6719,2.92
6722,3.078
6725,2.845
6728,3.067
6731,2.821
6735,3.629
6738,3.0
6741,2.979
6744,2.773
6747,2.998
6749,2.741
6752,2.966
6755,2.629
6758,2.901
6761,2.627
6763,2.88
6766,2.61
6769,2.817
6772,2.674
6775,3.025
6778,2.849
6781,2.99
6783,2.776
6786,2.992
6789,2.686
6792,2.838
6795,2.677
6798,2.979
6800,2.473
6803,2.839
6805,2.496
6808,2.851
6811,2.536
6814,2.735
6816,2.61
6819,2.829
6822,2.579
6824,2.813
6827,2.652
6830,2.775
6832,2.523
6835,2.901
6838,2.865
6841,2.844
6844,2.784
6847,2.837
6849,2.775
6852,2.963
6855,2.667
6858,2.863
6861,2.763
6864,2.852
6866,2.742
6869,2.962
6872,2.633
6875,3.027
6878,2.799
6881,2.917
6884,2.772
6887,3.046
6889,2.628
6892,2.827
6895,2.647
6898,2.781
6900,2.535
6903,2.925
6906,2.474
6908,2.665
6911,2.512
6913,2.655
6916,2.485
6919,2.801
6921,2.621
6924,2.568
6927,2.584
6929,2.666
6932,2.552
6935,2.781
6937,2.639
6940,2.516
6942,2.396
6945,2.558
6947,2.476
6950,2.566
6952,2.358
6955,2.588
6957,2.433
6960,2.592
6962,2.553
6965,2.886
6968,2.547
6971,2.797
6973,2.499
6976,2.802
6979,2.523
6981,2.585
6984,2.473
6986,2.612
6989,2.459
6991,2.597
6994,2.469
6996,2.575
6999,2.51
7001,2.534
7004,2.401
7007,2.691
7009,2.589
7012,2.639
7015,2.664
7017,2.733
7020,2.596
7023,2.771
7025,2.726
7028,2.762
7031,2.739
7034,2.69
7036,2.696
7039,2.746
7042,2.792
7045,2.906
7048,2.875
7051,2.929
7053,2.793
7056,2.798
7059,2.864
7062,2.753
7065,2.714
7067,2.788
7070,2.852
7073,2.74
7076,2.707
7078,2.693
7081,2.672
7084,2.88
7087,2.639
7090,2.827
7092,2.674
7095,2.942
7098,2.62
7101,2.823
7104,2.827
7106,2.908
7109,2.968
7113,3.088
7115,2.837
7118,3.065
7121,2.908
7124,2.918
7127,2.696
7130,2.959
7133,2.898
7136,3.035
7139,2.77
7142,3.169
7145,2.892
7148,2.922
7151,2.796
7153,2.924
7156,2.839
7159,2.989
7162,2.771
7165,2.908
7168,2.815
7171,2.882
7173,2.511
7176,2.708
7179,2.565
7181,2.826
7184,2.62
7187,2.867
7190,2.826
7193,2.962
7196,2.798
7199,2.93
7201,2.703
7204,3.04
7207,2.903
7210,2.94
7213,2.781
7216,2.923
7219,2.799
7222,2.922
7224,2.782
7227,2.908
7230,2.897
7233,2.936
7236,2.785
7239,3.049
7242,2.715
7245,2.874
7247,2.759
7250,2.86
7253,2.67
7256,2.873
7259,2.713
7262,2.955
7264,2.723
7267,2.744
7270,3.063
7273,3.138
7276,3.011
7280,3.273
7283,3.049
7286,3.162
7289,2.893
7292,3.114
7295,2.814
7297,2.77
7300,2.554
7303,2.679
7305,2.579
7308,2.687
7311,2.472
7313,2.77
7316,2.555
7318,2.609
7321,2.487
7324,2.625
7326,2.497
7329,2.971
7332,2.822
7335,2.806
7337,2.647
7340,2.758
7343,2.823
7352,9.11
7355,3.016
7358,2.962
7361,2.7
7364,2.847
7366,2.738
7369,2.855
7372,2.575
7375,2.928
7378,2.875
7381,2.889
7384,2.842
7386,2.941
7389,2.669
7392,2.947
7395,2.822
7398,2.968
7401,2.661
7403,2.86
7406,2.628
7409,2.907
7412,2.728
7415,2.824
7417,2.784
7420,2.827
7423,2.64
7426,3.131
7429,2.764
7432,3.105
7435,2.985
7438,3.071
7441,2.765
7444,3.305
7447,2.718
7450,3.042
7452,2.6
7455,2.943
7458,2.618
7461,2.898
7464,2.583
7466,2.815
7469,2.533
7472,2.928
7475,2.728
7478,3.043
7480,2.818
7484,3.036
7486,2.623
7489,2.918
7492,2.781
7495,3.056
7498,2.757
7501,2.998
7504,2.763
7507,3.012
7509,2.697
7512,2.923
7515,2.822
7518,2.996
7521,2.735
7524,2.94
7526,2.72
7530,3.005
7532,2.714
7535,2.928
7538,2.857
7541,2.91
7544,2.78
7547,2.999
7550,2.74
7552,2.803
7555,2.332
7557,2.661
7560,2.434
7562,2.524
7565,2.533
7568,2.907
7570,2.66
7573,2.815
7576,2.643
7579,2.804
7581,2.629
7584,2.862
7587,2.708
7590,2.676
7592,2.524
7595,2.596
7597,2.589
7600,2.692
7603,2.619
7605,2.686
7608,2.538
7611,2.766
7614,2.738
7616,2.661
7619,2.693
7622,2.908
7625,2.73
7628,2.936
7630,2.557
7633,2.716
7635,2.534
7638,2.651
7641,2.454
7643,2.679
7646,2.545
7649,2.718
7651,2.504
7654,2.648
7656,2.511
7659,2.605
7661,2.563
7672,10.863
7676,3.233
7678,2.784
7681,2.821
7684,2.871
7687,2.855
7690,2.95
7693,2.773
7696,2.967
7699,2.862
7707,8.381
7710,2.874
7713,2.895
7716,2.841
7719,2.933
7721,2.907
7724,2.987
7727,2.726
7731,3.319
7734,3.036
7737,3.095
7740,2.955
7743,2.986
7745,2.54
7748,2.669
7750,2.435
7753,2.629
7755,2.403
7758,2.546
7760,2.395
7763,2.623
7765,2.269
7768,2.514
7770,2.585
7773,2.688
7775,2.316
7778,2.658
7781,2.667
7784,2.825
7786,2.642
7789,2.807
7792,2.695
7795,2.813
7797,2.52
7800,2.619
7802,2.692
7805,2.654
7808,2.497
7810,2.724
7813,2.51
7816,2.625
7818,2.434
7821,2.638
7823,2.476
7826,2.672
7829,2.613
7831,2.81
7834,2.646
7837,2.785
7840,2.712
7842,2.904
7845,2.607
7848,2.807
7850,2.545
7853,2.654
7856,2.419
7858,2.711
7861,2.432
7863,2.676
7866,2.471
7869,2.629
7871,2.529
7874,2.837
7876,2.551
7879,2.946
7882,2.549
7885,2.888
7887,2.59
7890,2.824
7893,2.536
7896,2.823
7898,2.659
7901,2.907
7904,2.581
7907,2.626
7909,2.598
7912,2.641
7915,2.762
7917,2.783
7920,2.724
7923,2.718
7925,2.633
7928,2.685
7931,2.9
7934,2.731
7937,2.786
7939,2.81
7942,2.907
7945,2.832
7948,2.922
7951,2.8
7954,2.92
7957,2.779
7960,2.98
7963,2.808
7965,2.776
7968,2.68
7971,2.709
7973,2.708
7976,2.676
7979,2.69
7982,2.777
7984,2.764
7987,2.708
7990,2.714
7993,2.739
7995,2.73
7998,2.814
8001,3.142
8004,2.964
8007,3.099
8010,2.929
8014,3.143
8016,2.857
8019,3.099
8022,2.954
8025,2.884
8028,2.454
8031,2.909
8033,2.649
8036,2.926
8039,2.434
8042,2.818
8044,2.403
8047,2.774
8049,2.383
8052,2.833
8054,2.41
8057,2.841
8060,2.529
8062,2.561
8065,2.652
8068,2.55
8070,2.665
8073,2.625
8076,2.687
8079,2.87
8081,2.837
8084,2.9
8087,2.932
8090,2.925
8093,2.872
8096,2.944
8099,2.901
8102,2.951
8105,2.971
8108,2.951
8111,3.054
8114,2.708
8116,2.781
8119,2.855
8122,2.982
8125,2.87
8128,3.03
8131,2.827
8134,2.727
8137,2.799
8139,2.715
8142,3.01
8146,3.106
8148,2.893
8151,2.558
8154,2.678
8156,2.57
8159,2.844
8162,2.745
8165,2.765
8167,2.691
8170,2.766
8173,2.748
8176,2.665
8178,2.612
8181,2.646
8183,2.463
8186,2.908
8189,2.553
8192,2.699
8194,2.455
8197,2.603
8199,2.423
8202,2.736
8204,2.505
8207,2.775
8210,2.417
8212,2.633
8215,2.539
8217,2.644
8220,2.54
8223,2.624
8225,2.496
8228,2.655
8230,2.562
8233,2.794
8236,2.475
8238,2.763
8241,2.449
8243,2.479
8246,2.422
8248,2.608
8251,2.44
8253,2.503
8256,2.359
8258,2.651
8261,2.637
8264,2.563
8266,2.666
8269,2.578
8272,2.598
8274,2.593
8277,2.657
8279,2.614
8282,2.605
8285,2.552
8287,2.646
8290,2.699
8293,2.797
8296,3.028
8299,2.895
8302,2.817
8304,2.743
8307,3.112
8310,2.768
8313,2.933
8316,2.811
8319,2.801
8321,2.424
8324,2.865
8327,2.404
8329,2.554
8331,2.373
8334,2.596
8337,2.418
8339,2.584
8341,2.362
8344,2.54
8346,2.389
8349,2.658
8352,2.398
8354,2.498
8356,2.279
8359,2.49
8361,2.38
8364,2.717
8366,2.452
8369,2.599
8371,2.295
8374,2.537
8376,2.363
8379,2.524
8381,2.42
8384,2.655
8386,2.453
8389,2.613
8391,2.334
8394,2.58
8396,2.388
8404,8.067
8407,2.776
8410,2.794
8413,2.556
8415,2.927
8418,2.623
8421,2.605
8423,2.452
8426,2.677
8429,2.646
8431,2.713
8434,2.621
8437,2.586
8439,2.64
8442,2.809
8445,2.556
8447,2.7
8450,2.4
8452,2.703
8455,2.399
8457,2.595
8460,2.435
8462,2.599
8465,2.383
8468,2.606
8470,2.41
8473,2.617
8475,2.444
8478,2.583
8480,2.486
8483,2.931
8486,2.498
8488,2.652
8491,2.356
8493,2.634
8496,2.396
8498,2.741
8501,2.621
8504,2.634
8506,2.428
8509,2.556
8511,2.5
8514,2.74
8517,2.671
8520,2.875
8522,2.718
8525,2.833
8528,2.775
8531,2.768
8533,2.676
8536,2.884
8539,2.78
8542,2.779
8544,2.558
8547,2.825
8550,2.631
8553,2.739
8555,2.522
8558,2.744
8560,2.503
8563,2.833
8566,2.53
8569,2.755
8571,2.653
8574,2.574
8576,2.403
8579,2.554
8581,2.404
8584,2.628
8586,2.416
8589,2.831
8592,2.484
8595,3.181
8598,2.652
8601,3.019
8603,2.664
8606,3.165
8609,2.623
8612,3.0
8615,2.876
8618,3.323
8621,2.652
8624,3.273
8627,2.753
8630,3.042
8633,2.698
8636,2.945
8639,2.711
8642,3.027
8644,2.552
8647,2.962
8650,2.541
8653,2.897
8655,2.651
8658,2.804
8661,2.766
8664,2.832
8666,2.545
8669,2.755
8672,2.593
8675,2.957
8677,2.715
8680,3.006
8683,2.897
8686,3.178
8689,2.76
8692,3.024
8695,2.74
8698,2.937
8701,2.798
8704,3.073
8707,2.965
8710,2.997
8712,2.686
8715,2.946
8718,2.525
8721,2.895
8723,2.595
8726,2.817
8729,2.487
8732,2.845
8734,2.567
8737,2.913
8740,2.597
8743,2.886
8745,2.61
8748,2.857
8751,2.469
8753,2.697
8756,2.373
8758,2.63
8761,2.399
8763,2.667
8766,2.352
8769,2.655
8771,2.482
8774,2.721
8776,2.549
8779,2.913
8782,2.504
8785,2.733
8787,2.448
8790,2.658
8792,2.433
8795,2.651
8797,2.377
8800,2.66
8803,2.732
8806,3.068
8808,2.62
8811,2.793
8813,2.381
8816,2.717
8819,2.419
8821,2.672
8824,2.529
8827,2.675
8829,2.445
8832,2.677
8834,2.686
8837,2.658
8839,2.381
8842,2.786
8845,2.353
8847,2.639
8850,2.455
8852,2.705
8855,2.414
8857,2.532
8860,2.366
8863,2.772
8865,2.501
8868,2.69
8890,22.593
8894,3.263
8897,2.946
8900,3.181
8903,3.068
8906,3.067
8909,2.817
8912,2.937
8915,2.86
8918,2.911
8920,2.765
8923,2.922
8926,2.847
8929,3.153
8932,2.907
8935,3.037
8938,2.766
8941,2.883
8944,2.892
8947,3.149
8950,2.681
8953,2.869
8955,2.795
8959,3.098
8961,2.897
8964,2.959
8967,2.845
8970,3.096
8973,2.981
8976,2.772
8979,2.68
8982,3.048
8985,2.764
8988,2.987
8991,2.811
8994,3.087
8996,2.813
9000,3.031
9002,2.761
9005,3.018
9008,2.606
9011,2.96
9014,2.745
9017,3.067
9020,2.749
9022,2.863
9025,2.847
9028,3.17
9031,2.697
9034,3.081
9059,24.516
9062,3.584
9065,3.021
9069,3.212
9072,2.891
9075,3.151
9078,2.877
9081,3.125
9084,2.855
9087,3.133
9090,2.821
9093,3.12
9096,2.804
9099,3.05
9101,2.789
9104,3.098
9107,2.711
9110,3.029
9113,2.715
9116,2.763
9119,2.784
9122,2.928
9124,2.62
9127,2.96
9130,2.557
9133,2.845
9135,2.683
9138,2.948
9141,2.923
9144,3.316
9147,2.868
9150,3.054
9153,2.693
9156,2.798
9159,2.665
9162,2.935
9164,2.768
9167,2.846
9170,2.776
9173,2.981
9176,2.746
9179,3.036
9182,2.798
9185,3.068
9188,2.849
9190,2.728
9193,2.646
9196,2.905
9199,2.664
9201,2.836
9204,2.83
9207,3.025
9210,2.906
9213,2.988
9216,2.92
9220,3.414
9223,3.058
9226,3.346
9229,3.029
9232,3.374
9236,3.245
9239,3.398
9242,2.922
9257,14.765
9260,2.987
9263,3.293
9266,2.83
9269,2.981
9272,2.74
9275,3.094
9278,2.815
9281,3.033
9284,2.925
9287,2.895
9289,2.872
9292,3.056
9295,2.828
9298,3.069
9301,2.748
9304,2.907
9307,2.694
9310,2.966
9312,2.569
9315,2.836
9318,2.588
9320,2.643
9323,2.582
9326,2.792
9328,2.458
9331,2.713
9333,2.421
9336,2.709
9339,2.463
9341,2.7
9344,2.5
9347,2.688
9349,2.438
9352,2.693
9354,2.53
9357,2.743
9359,2.453
9362,2.713
9365,2.451
9368,2.976
9370,2.457
9373,3.348
9376,2.672
9379,3.152
9382,2.705
9395,13.021
9403,7.484
9405,2.84
9408,2.758
9411,3.011
9414,2.783
9417,3.106
9420,2.747
9423,2.742
9425,2.774
9428,2.957
9431,2.826
9434,2.796
9437,2.629
9440,2.895
9442,2.617
9445,2.795
9448,2.71
9451,2.933
9453,2.566
9456,2.775
9459,2.653
9462,2.833
9464,2.592
9467,2.914
9470,2.586
9473,2.816
9479,6.662
9483,3.399
9486,2.969
9490,3.86
9492,2.899
9496,3.064
9498,2.921
9502,3.303
9505,2.835
9508,3.108
9511,2.948
9514,2.985
9520,6.026
9523,3.078
9526,2.674
9528,2.886
9531,2.953
9534,3.018
9537,2.839
9551,13.441
9554,2.928
9557,3.02
9559,2.668
9562,2.763
9565,2.566
9568,3.002
9570,2.636
9574,3.165
9577,2.951
9580,3.204
9583,2.768
9586,3.188
9589,2.952
9592,2.995
9594,2.741
9598,3.136
9600,2.659
9603,2.885
9606,2.791
9609,2.926
9612,2.758
9615,2.898
9617,2.666
9620,2.915
9623,2.699
9626,2.816
9628,2.659
9631,2.829
9634,2.992
9637,2.909
9640,2.557
9643,2.832
9645,2.574
9648,2.786
9651,2.526
9653,2.816
9656,2.594
9659,2.626
9661,2.437
9664,2.742
9667,2.713
9670,2.965
9672,2.634
9675,3.129
9678,2.656
9681,3.105
9684,2.876
9687,2.931
9690,2.644
9693,2.941
9695,2.545
9698,2.75
9700,2.48
9703,2.78
9706,2.499
9708,2.755
9711,2.541
9714,2.692
9716,2.383
9719,2.761
9721,2.451
9724,2.66
9726,2.391
9729,2.756
9732,2.449
9734,2.808
9737,2.382
9739,2.644
9742,2.428
9745,2.935
9748,2.661
9751,3.056
9753,2.83
9757,3.283
9759,2.565
9762,3.019
9765,2.742
9768,2.899
9771,2.523
9773,2.801
9776,2.615
9779,3.162
9782,2.658
9785,2.856
9787,2.533
9790,2.822
9793,2.62
9796,2.814
9798,2.41
9801,2.924
9803,2.509
9806,2.906
9809,2.469
9812,2.75
9814,2.513
9817,2.817
9819,2.501
9822,2.641
9825,2.458
9827,2.873
9830,2.555
9833,2.851
9835,2.488
9838,2.844
9841,2.593
9844,2.802
9846,2.672
9849,2.805
9852,2.59
9855,2.695
9857,2.584
9860,2.734
9862,2.575
9865,2.715
9868,2.499
9871,2.824
9873,2.537
9876,2.723
9878,2.457
9881,2.786
9884,2.425
9886,2.683
9889,2.629
9892,2.849
9894,2.562
9897,2.805
9900,2.451
9902,2.745
9905,2.397
9908,2.838
9910,2.428
9913,2.768
9915,2.412
9918,2.711
9920,2.372
9923,2.723
9926,2.485
9928,2.753
9931,2.432
9933,2.631
9936,2.511
9939,2.689
9941,2.54
9944,2.716
9946,2.449
9949,2.755
9952,2.624
9955,2.712
9957,2.42
9960,2.665
9962,2.573
9965,2.796
9968,2.606
9971,2.873
9973,2.565
9976,2.813
9978,2.463
9981,2.72
9984,2.465
9987,2.875
9989,2.515
9992,2.759
9994,2.532
9997,2.859
10000,2.528
10003,2.757
10005,2.511
10008,2.781
10010,2.563
10013,2.79
10016,2.54
10019,2.744
10021,2.516
10024,2.705
10026,2.576
10029,2.786
10032,2.543
10035,2.768
10037,2.621
10040,2.846
10043,2.513
10045,2.81
10048,2.564
10051,2.762
10053,2.675
10056,2.811
10059,2.681
10062,2.804
10064,2.595
10067,2.822
10070,2.583
10073,2.744
10075,2.576
10078,2.754
10080,2.459
10083,2.787
10086,2.476
10088,2.773
10091,2.454
10094,2.671
10096,2.425
10099,2.602
10101,2.534
10104,2.747
10106,2.494
10109,2.896
10112,2.682
10115,3.015
10118,2.603
10121,2.842
10123,2.813
10126,2.923
10129,2.602
10132,2.863
10135,2.718
10137,2.896
10140,2.799
10143,2.958
10146,2.75
10149,2.998
10152,2.841
10155,2.759
10157,2.528
10160,2.82
10163,2.475
10165,2.835
10168,2.547
10171,2.821
10174,2.699
10176,2.867
10179,2.588
10182,2.721
10184,2.598
10187,2.8
10190,2.688
10193,2.865
10195,2.727
10198,2.845
10201,2.625
10204,2.874
10207,2.676
10209,2.801
10212,2.663
10215,2.79
10217,2.623
10243,25.418
10259,15.795
10262,3.704
10265,2.876
10268,3.115
10271,2.824
10275,3.178
10277,2.84
10280,3.033
10283,2.745
10286,3.04
10289,2.778
10292,3.018
10295,2.644
10298,2.935
10300,2.804
10303,2.964
10306,2.755
10309,2.892
10312,2.716
10315,2.873
10317,2.634
10320,2.863
10323,2.702
10326,2.835
10328,2.612
10331,2.881
10334,2.611
10337,2.808
10339,2.641
10342,2.873
10345,2.546
10348,2.966
10350,2.572
10353,2.822
10356,2.562
10359,2.924
10361,2.657
10364,3.01
10367,2.792
10370,3.157
10373,2.576
10376,2.886
10378,2.528
10381,2.878
10384,2.484
10387,2.912
10390,2.772
10393,2.908
10395,2.597
10398,2.806
10400,2.497
10403,2.939
10406,2.583
10409,2.854
10411,2.521
10414,2.847
10417,2.362
10419,2.764
10422,2.334
10424,2.708
10427,2.362
10430,2.666
10432,2.467
10435,2.762
10437,2.429
10440,2.755
10442,2.446
10445,2.844
10448,2.374
10451,2.93
10453,2.657
10456,2.858
10459,2.714
10462,3.01
10465,2.683
10468,3.09
10470,2.704
10474,3.167
10476,2.829
10480,3.09
10482,2.601
10485,2.922
10488,2.725
10491,2.94
10494,2.725
10497,3.079
10500,2.861
10503,2.987
10505,2.663
10508,2.85
10511,2.761
10514,2.779
10516,2.653
10519,2.907
10522,2.661
10525,2.899
10527,2.559
10530,2.759
10533,2.417
10535,2.828
10538,2.451
10541,3.064
10544,2.845
10547,2.824
10549,2.515
10552,2.874
10554,2.398
10557,2.879
10560,2.489
10563,2.871
10565,2.702
10568,2.945
10571,2.647
10574,2.894
10576,2.439
10579,2.881
10582,2.724
10585,2.796
10588,2.682
10591,2.941
10593,2.686
10596,2.837
10599,2.529
10601,2.779
10604,2.574
10607,2.784
10609,2.486
10612,2.7
10615,2.516
10617,2.751
10620,2.487
10623,2.729
10625,2.439
10628,2.731
10630,2.453
10633,2.66
10635,2.427
10638,2.883
10641,2.758
10644,2.909
10646,2.548
10649,2.86
10652,2.584
10655,2.869
10657,2.548
10660,2.77
10663,2.573
10666,2.886
10668,2.697
10671,3.059
10674,2.701
10677,3.089
10680,2.755
10683,3.013
10686,2.692
10689,2.972
10692,2.807
10694,2.882
10697,2.562
10700,2.856
10703,2.592
10705,2.845
10708,2.567
10711,2.867
10713,2.49
10716,2.842
10719,2.487
10722,2.831
10724,2.494
10727,2.812
10730,2.676
10733,3.05
10735,2.773
10738,2.916
10741,2.722
10744,3.176
10747,2.966
10750,3.087
10753,2.711
10756,2.793
10759,2.599
10761,2.853
10764,2.542
10767,2.769
10769,2.577
10772,2.786
10775,2.494
10778,2.961
10780,2.776
10783,2.933
10786,2.779
10789,2.93
10792,2.485
10794,2.776
10797,2.712
10800,2.815
10802,2.491
10805,2.827
10808,2.441
10811,2.835
10813,2.464
10816,2.784
10818,2.476
10826,7.926
10829,2.514
10832,2.844
10834,2.555
10837,2.876
10840,2.483
10843,2.906
10845,2.721
10848,2.851
10851,2.487
10854,2.848
10856,2.476
10859,2.736
10861,2.463
10864,2.839
10867,2.476
10869,2.801
10872,2.406
10875,2.835
10877,2.455
10880,2.93
10882,2.406
10885,2.813
10888,2.521
10891,2.865
10893,2.492
10896,2.82
10898,2.377
10901,2.755
10904,2.4
10906,2.852
10909,2.478
10912,2.731
10914,2.411
10917,2.939
10920,2.655
10923,2.845
10925,2.424
10928,2.926
10930,2.432
10933,2.742
10936,2.371
10938,2.698
10941,2.47
10943,2.624
10946,2.447
10949,2.674
10951,2.4
10954,2.67
10956,2.342
10959,2.621
10961,2.527
10964,2.715
10966,2.399
10969,2.752
10971,2.351
10974,2.706
10977,2.382
10979,2.732
10982,2.337
10984,2.849
10987,2.46
10990,2.624
10992,2.418
10995,2.695
10997,2.369
11000,2.663
11002,2.312
11005,2.628
11007,2.342
11010,2.67
11012,2.439
11015,2.814
11018,2.449
11020,2.74
11023,2.334
11025,2.699
11028,2.519
11031,2.683
11033,2.411
11036,2.669
11038,2.395
11041,2.785
11043,2.464
11046,2.777
11049,2.458
11051,2.791
11054,2.424
11057,2.766
11059,2.515
11062,2.8
11064,2.362
11067,2.735
11070,2.421
11072,2.825
11075,2.405
11078,2.775
11080,2.358
11083,2.677
11085,2.451
11088,2.802
11090,2.488
11093,2.784
11096,2.422
11099,2.812
11101,2.402
11104,2.739
11106,2.413
11109,2.771
11111,2.383
11114,2.842
11117,2.352
11119,2.783
11122,2.41
11125,2.881
11127,2.408
11130,2.719
11132,2.374
11135,2.695
11137,2.323
11140,2.852
11143,2.795
11146,2.898
11148,2.493
11151,2.755
11153,2.37
11156,2.756
11159,2.386
11161,2.695
11164,2.403
11167,2.821
11169,2.442
11172,2.778
11174,2.454
11177,2.798
11180,2.557
11183,2.921
11185,2.505
11188,3.067
11191,2.748
11194,2.958
11197,2.75
11200,2.975
11202,2.767
11205,2.828
11208,2.546
11211,2.717
11213,2.425
11216,2.805
11218,2.563
11221,2.774
11224,2.656
11227,2.768
11229,2.693
11232,3.064
11235,2.446
11238,2.879
11240,2.649
11243,2.97
11246,2.553
11249,2.846
11251,2.482
11254,2.78
11257,2.51
11260,2.849
11262,2.553
11265,2.821
11268,2.535
11270,2.792
11273,2.472
11276,2.777
11278,2.478
11281,2.793
11283,2.479
11286,2.694
11289,2.465
11292,3.081
11294,2.679
11297,2.976
11300,2.606
11303,3.058
11306,2.68
11309,2.905
11311,2.731
11315,3.114
11317,2.558
11320,2.938
11323,2.515
11325,2.88
11328,2.626
11331,2.759
11333,2.564
11336,2.983
11339,2.642
11342,2.843
11345,2.587
11347,2.874
11350,2.533
11353,2.816
11355,2.527
11358,2.89
11383,24.949
11399,15.667
11402,3.378
11406,3.386
11409,2.853
11412,3.235
11415,2.718
11418,3.119
11420,2.764
11423,3.055
11426,2.758
11429,2.985
11432,2.6
11435,2.941
11437,2.635
11440,2.915
11443,2.602
11446,2.95
11449,2.521
11451,2.904
11454,2.765
11457,2.954
11460,2.558
11463,2.831
11465,2.503
11468,2.833
11470,2.475
11473,2.82
11476,2.512
11479,2.736
11481,2.401
11484,2.77
11486,2.424
11489,2.693
11491,2.473
11494,2.713
11497,2.416
11499,2.714
11502,2.481
11504,2.712
11507,2.409
11510,2.744
11512,2.576
11515,2.737
11518,2.535
11520,2.754
11523,2.331
11526,2.866
11528,2.633
11531,2.832
11534,2.462
11536,2.698
11539,2.54
11542,2.831
11544,2.59
11547,2.878
11550,2.394
11552,2.829
11555,2.589
11558,2.829
11560,2.485
11563,2.804
11566,2.387
11568,2.823
11571,2.392
11574,2.736
11576,2.442
11579,2.947
11581,2.374
11584,2.739
11587,2.439
11589,2.77
11592,2.475
11595,2.82
11597,2.51
11600,2.775
11602,2.478
11605,2.836
11608,2.516
11611,2.774
11613,2.406
11616,2.738
11618,2.461
11621,2.713
11623,2.369
11626,2.719
11628,2.395
11631,2.721
11634,2.367
11636,2.813
11639,2.481
11642,3.121
11644,2.415
11648,3.085
11650,2.582
11653,2.946
11656,2.374
11658,2.799
11661,2.401
11664,2.747
11666,2.344
11669,2.77
11671,2.416
11674,2.678
11676,2.454
11679,2.859
11682,2.479
11684,2.765
11687,2.359
11690,2.757
11692,2.483
11695,2.73
11697,2.446
11700,2.757
11702,2.414
11705,2.806
11708,2.476
11711,2.809
11713,2.43
11716,2.699
11718,2.422
11721,2.66
11723,2.433
11726,2.818
11728,2.327
11731,2.83
11734,2.388
11736,2.71
11739,2.362
11741,2.694
11744,2.559
11747,2.894
11749,2.384
11752,2.698
11754,2.376
11757,2.79
11760,2.37
11762,2.781
11765,2.431
11768,2.712
11770,2.453
11773,2.778
11775,2.334
11778,2.716
11780,2.432
11783,2.721
11786,2.374
11788,2.794
11791,2.406
11793,2.75
11796,2.391
11799,2.987
11802,2.626
11805,2.996
11807,2.681
11810,2.904
11813,2.598
11816,2.917
11818,2.66
11821,2.897
11824,2.569
11827,2.707
11829,2.5
11832,2.866
11834,2.375
11837,3.031
11840,2.436
11843,2.784
11845,2.474
11848,2.974
11851,2.45
11853,2.726
11856,2.552
11859,2.738
11861,2.511
11864,2.812
11866,2.403
11869,2.807
11872,2.388
11875,2.95
11877,2.481
11880,2.853
11882,2.492
11885,2.87
11888,2.502
11891,2.834
11893,2.458
11896,2.854
11899,2.499
11901,2.869
11904,2.51
11907,2.885
11909,2.546
11912,2.903
11915,2.503
11918,2.969
11920,2.587
11923,2.854
11926,2.496
11929,2.956
11932,2.698
11935,3.09
11937,2.533
11940,2.908
11943,2.545
11946,2.96
11948,2.732
11951,3.081
11954,2.563
11957,2.833
11959,2.546
11962,2.948
11965,2.482
11968,3.115
11971,2.594
11973,2.831
11976,2.499
11979,2.83
11981,2.451
11984,2.813
11987,2.42
11989,2.808
11992,2.481
11995,2.843
11997,2.532
12000,3.084
12003,2.541
12006,3.095
12009,2.608
12012,2.969
12014,2.421
12017,2.931
12020,2.528
12022,2.865
12025,2.377
12028,2.795
12030,2.559
12033,2.788
12036,2.498
12038,2.825
12041,2.506
12044,2.872
12046,2.581
12049,3.052
12052,2.562
12055,2.995
12058,2.523
12060,2.81
12063,2.553
12066,2.818
12068,2.474
12071,2.888
12074,2.561
12077,2.792
12079,2.5
12082,2.892
12084,2.438
12087,2.907
12090,2.508
12093,2.756
12095,2.44
12098,2.815
12100,2.456
12103,2.94
12106,2.526
12109,3.051
12111,2.515
12114,2.952
12117,2.475
12120,2.82
12122,2.466
12125,2.838
12128,2.503
12130,2.885
12133,2.534
12136,2.912
12138,2.516
12141,2.859
12144,2.553
12147,2.869
12149,2.575
12152,2.945
12155,2.509
12158,2.874
12160,2.533
12163,2.877
12166,2.449
12168,2.746
12171,2.547
12174,2.781
12176,2.446
12179,2.849
12182,2.487
12184,2.87
12187,2.469
12190,2.979
12193,2.61
12195,2.818
12198,2.536
12201,2.889
12203,2.519
12206,2.916
12209,2.561
12212,2.819
12214,2.537
12217,2.983
12220,2.733
12223,3.031
12226,2.73
12229,3.001
12232,2.856
12235,3.11
12237,2.532
12240,2.937
12243,2.867
12246,2.98
12249,2.669
12252,3.001
12255,2.759
12258,2.928
12260,2.619
12263,2.91
12266,2.937
12269,3.345
12272,2.811
12275,3.227
12278,2.907
12282,3.284
12285,2.975
12288,3.15
12291,2.739
12294,2.994
12296,2.693
12299,3.046
12302,2.594
12305,3.082
12307,2.416
12310,2.851
12313,2.505
12316,2.877
12318,2.479
12326,7.525
12329,3.049
12332,2.849
12334,2.471
12337,2.948
12340,2.476
12343,2.95
12345,2.599
12348,2.921
12351,2.47
12354,2.932
12356,2.447
12367,10.706
12370,3.128
12373,3.399
12376,3.187
12380,3.171
12383,2.86
12386,3.065
12389,2.913
12392,2.973
12395,3.01
12398,3.417
12401,2.837
12404,3.193
12407,2.481
12409,2.787
12412,2.548
12415,3.226
12418,2.652
12421,3.32
12424,2.743
12427,3.438
12430,2.709
12433,3.417
12436,2.68
12439,3.252
12442,2.799
12446,3.419
12448,2.617
12452,3.282
12454,2.568
12458,3.476
12460,2.527
12464,3.367
12466,2.596
12470,3.432
12472,2.76
12478,5.494
12481,2.816
12484,3.658
12487,2.876
12491,3.688
12494,2.92
12498,3.587
12501,2.991
12504,3.56
12507,2.815
12510,3.505
12514,3.116
12517,3.576
12520,2.886
12524,3.38
12526,2.631
12530,3.378
12532,2.696
12536,3.788
12539,3.309
12543,3.558
12546,3.207
12550,3.511
12553,3.107
12556,3.611
12560,3.278
12563,3.559
12567,3.303
12570,3.556
12573,2.995
12576,3.265
12579,2.993
12583,3.223
12586,2.97
12589,3.239
12592,2.65
12595,3.493
12598,3.251
12602,3.726
12605,3.126
12609,3.26
12612,3.219
12615,3.243
12618,3.187
12622,3.552
12625,3.21
12628,3.284
12631,3.196
12635,3.231
12638,3.201
12641,3.257
12644,3.239
12648,3.32
12651,3.361
12655,3.499
12658,3.318
12661,3.239
12664,3.145
12667,3.063
12671,3.229
12674,3.032
12677,3.037
12680,3.109
12683,3.181
12686,3.274
12690,3.299
12693,3.103
12696,3.17
12699,3.191
12702,3.163
12706,3.268
12709,3.08
12712,3.207
12715,3.087
12718,3.226
12722,3.178
12725,3.13
12728,3.193
12731,3.117
12734,3.073
12737,3.043
12740,3.06
12743,3.108
12747,3.164
12750,3.091
12753,3.13
12756,3.077
12759,3.208
12762,3.139
12765,3.115
12768,3.07
12772,3.135
12775,3.095
12778,3.069
12781,3.067
12784,3.137
12787,3.114
12790,3.118
12794,3.229
12797,3.204
12800,3.166
12803,3.028
12806,3.111
12809,3.257
12813,3.262
12816,3.131
12819,3.189
12822,3.062
12825,3.135
12828,3.087
12831,3.103
12835,3.098
12838,3.155
12841,3.089
12844,3.112
12847,3.242
12851,3.664
12854,3.282
12858,3.667
12861,3.223
12865,3.668
12868,3.269
12872,3.67
12875,3.303
12879,3.48
12881,2.752
12885,3.495
12888,2.793
12891,3.361
12894,2.736
12897,3.488
12900,2.749
12903,3.443
12906,2.765
12910,3.608
12913,2.648
12916,3.496
12919,2.738
12922,3.48
12925,2.836
12929,3.557
12932,2.824
12935,3.412
12938,2.822
12941,3.604
12944,2.823
12948,3.591
12951,2.821
12954,3.584
12957,2.857
12961,3.409
12963,2.711
12967,3.532
12970,2.788
12973,3.374
12978,4.461
12981,3.604
12992,10.89
12996,3.665
12999,3.161
13002,3.335
13005,3.023
13009,3.443
13012,3.091
13015,3.427
13019,3.192
13022,3.482
13025,3.013
13029,3.636
13032,3.061
13035,3.369
13038,2.985
13041,3.344
13044,2.815
13048,3.223
13050,2.732
13053,3.192
13056,2.777
13060,3.328
13062,2.788
13066,3.149
13068,2.733
13072,3.304
13074,2.791
13078,3.303
13080,2.722
13084,3.141
13086,2.694
13090,3.329
13092,2.749
13096,3.221
13098,2.652
13102,3.197
13104,2.663
13107,3.226
13110,2.822
13113,3.097
13116,2.614
13119,3.127
13122,2.56
13125,2.993
13127,2.654
13131,3.102
13133,2.643
13136,3.08
13139,2.654
13142,3.03
13145,2.712
13148,3.207
13151,2.75
13154,3.063
13156,2.702
13160,3.127
13162,2.665
13165,3.161
13168,2.706
13172,3.353
13174,2.742
13178,3.19
13180,2.81
13184,3.208
13186,2.705
13189,3.19
13192,2.718
13195,3.148
13198,2.718
13201,3.098
13204,2.775
13207,3.156
13210,2.916
13213,3.358
13216,3.004
13220,3.483
13223,2.939
13226,3.455
13229,3.022
13233,3.318
13236,2.98
13239,3.366
13242,2.808
13245,3.198
13248,2.858
13251,3.307
13254,2.79
13257,3.28
13260,2.695
13263,3.095
13266,2.72
13269,3.271
13272,2.776
13275,3.258
13278,2.672
13281,3.217
13284,2.728
13287,3.307
13290,2.569
13293,3.052
13296,2.576
13299,3.015
13301,2.589
13304,2.936
13307,2.527
13310,3.225
13312,2.593
13322,9.752
13325,2.631
13328,2.971
13331,2.619
13334,3.075
13336,2.604
13339,3.016
13342,2.546
13345,3.01
13348,2.689
13351,3.074
13353,2.696
13356,3.059
13359,2.599
13362,2.975
13365,2.655
13368,3.102
13371,2.879
13374,3.153
13376,2.629
13380,3.071
13382,2.622
13385,3.05
13388,2.578
13391,2.989
13394,2.741
13396,2.904
13402,5.743
13405,3.0
13408,2.684
13411,2.937
13413,2.478
13416,2.898
13419,2.527
13422,2.931
13424,2.429
13427,3.047
13430,2.466
13433,2.978
13435,2.517
13438,3.011
13441,2.494
13444,3.086
13447,2.86
13450,3.147
13453,2.833
13456,3.152
13459,2.805
13462,3.048
13465,2.736
13468,3.149
13470,2.717
13474,3.326
13477,2.737
13480,3.079
13482,2.659
13485,3.148
13488,2.757
13491,3.106
13494,2.814
13497,3.062
13500,2.613
13503,3.056
13506,2.59
13509,3.084
13511,2.595
13514,3.087
13517,2.662
13520,3.069
13523,2.606
13526,2.985
13528,2.647
13532,3.15
13534,2.68
13537,3.127
13540,2.598
13543,3.123
13546,2.633
13549,3.163
13552,2.6
13555,3.303
13558,2.658
13561,3.259
13564,2.766
13567,3.292
13570,2.812
13573,3.12
13575,2.559
13579,3.073
13581,2.713
13584,3.19
13587,2.885
13590,3.058
13593,2.749
13596,3.086
13599,2.798
13602,3.14
13605,2.763
13608,3.238
13611,2.726
13614,3.225
13617,2.724
13620,3.121
13623,2.787
13626,3.13
13629,2.753
13632,3.2
13635,2.757
13638,3.132
13641,2.73
13644,3.143
13647,2.702
13650,2.989
13652,2.608
13655,2.955
13658,2.56
13661,3.027
13663,2.567
13666,3.067
13669,2.581
13672,3.009
13675,2.561
13678,2.995
13680,2.606
13683,3.141
13686,2.744
13689,3.134
13692,2.861
13695,3.219
13698,2.764
13701,3.21
13704,2.722
13707,3.117
13710,2.879
13713,3.149
13716,2.603
13719,3.069
13722,2.529
13725,3.068
13727,2.717
13730,3.05
13733,2.53
13736,2.999
13739,2.494
13741,2.921
13744,2.602
13747,3.123
13750,2.616
13753,2.994
13755,2.599
13759,3.035
13761,2.615
13764,3.112
13767,2.627
13770,2.936
13772,2.593
13775,3.014
13778,2.526
13781,3.108
13784,2.569
13787,3.058
13789,2.552
13792,3.007
13795,2.628
13798,3.056
13801,2.69
13804,3.056
13806,2.584
13809,3.005
13812,2.497
13815,2.954
13818,2.725
13821,3.05
13823,2.633
13827,3.164
13829,2.711
13832,3.189
13835,2.719
13838,3.188
13841,2.696
13844,3.301
13847,2.705
13850,3.249
13853,2.67
13856,3.175
13859,2.62
13862,3.173
13865,2.699
13868,3.115
13871,2.543
13874,3.303
13877,2.653
13880,3.371
13883,2.777
13886,3.265
13889,2.697
13892,3.221
13895,2.765
13898,3.205
13901,2.759
13904,3.066
13907,2.752
13910,3.102
13912,2.793
13916,3.099
13918,2.539
13921,3.14
13924,2.637
13927,3.081
13930,2.523
13933,3.143
13935,2.731
13939,3.064
13941,2.588
13944,3.155
13947,2.792
13950,3.138
13953,2.628
13956,3.004
13958,2.529
13961,3.027
13964,2.663
13967,2.954
13970,2.43
13973,3.046
13975,2.491
13978,2.95
13980,2.366
13999,18.295
14002,3.028
14005,3.515
14013,7.6
14017,3.708
14020,3.007
14023,3.772
14027,3.131
14030,3.761
14034,3.098
14083,49.211
14086,3.717
14090,3.931
14094,3.14
14097,3.641
14100,3.109
14104,3.887
14108,3.284
14112,3.978
14115,3.19
14119,3.935
14122,2.979
14125,3.675
14128,3.003
14132,3.443
14135,3.036
14138,3.383
14141,2.606
14144,3.048
14147,2.576
14150,3.06
14152,2.585
14155,2.973
14158,2.585
14161,2.938
14163,2.545
14166,3.143
14169,2.684
14172,3.206
14175,2.875
14178,3.187
14181,2.806
14185,3.205
14187,2.801
14191,3.224
14194,2.943
14197,3.18
14200,3.047
14203,3.316
14206,2.779
14209,3.161
14212,2.77
14215,3.062
14218,2.599
14221,2.992
14223,2.602
14226,3.121
14229,2.682
14232,3.054
14235,2.506
14238,3.112
14240,2.561
14243,3.04
14246,2.778
14249,3.0
14252,2.695
14255,3.03
14257,2.526
14260,3.033
14263,2.578
14266,3.01
14269,2.537
14272,3.031
14274,2.55
14277,3.143
14280,2.612
14283,3.016
14286,2.522
14289,3.047
14291,2.617
14294,3.022
14304,9.942
14310,5.282
