5,4.626
9,3.68
13,3.615
16,3.306
20,3.266
23,3.152
26,3.248
30,3.216
33,3.102
36,2.936
40,3.001
43,2.849
46,3.07
49,3.211
53,3.153
56,2.895
59,2.887
62,2.783
65,2.808
68,2.745
71,2.653
74,2.761
77,2.743
80,2.757
82,2.787
85,2.789
89,2.818
92,2.956
95,3.038
98,2.823
101,2.792
104,2.926
107,2.966
110,2.737
113,2.821
116,2.828
119,3.038
122,2.88
126,2.994
128,2.769
132,2.806
134,2.758
137,2.764
140,2.864
143,2.753
146,2.7
149,2.667
152,2.671
160,8.11
164,3.071
167,2.831
170,2.731
173,2.615
176,2.762
178,2.633
181,2.679
184,2.685
187,2.626
190,2.81
193,2.654
196,2.725
199,2.745
202,2.776
205,2.721
208,2.648
211,2.77
214,2.804
217,2.694
219,2.733
223,2.889
226,2.814
229,2.84
232,3.583
236,2.921
239,2.78
242,2.96
245,2.829
248,3.035
254,6.015
258,2.965
261,2.87
264,2.907
267,2.849
270,2.882
273,2.973
276,2.917
279,2.783
282,2.85
285,2.896
288,2.844
291,2.798
294,2.846
297,2.784
300,2.877
303,2.798
306,2.869
311,4.421
322,11.067
326,3.274
329,2.912
332,2.797
335,2.754
338,2.769
340,2.653
343,2.655
346,2.632
349,2.55
351,2.566
354,2.501
357,2.559
360,2.551
362,2.506
365,2.644
368,2.702
372,3.802
375,2.685
379,3.954
382,2.711
390,3.041
393,2.826
396,2.651
399,2.561
402,2.473
404,2.467
407,2.456
410,2.761
413,2.922
416,2.928
419,2.988
422,2.677
425,2.888
428,2.986
431,2.905
438,6.484
441,3.021
444,2.699
447,2.82
450,2.753
453,2.955
456,2.751
459,2.933
462,2.691
465,3.011
468,2.643
471,2.888
474,2.538
477,2.865
480,2.488
483,3.03
486,2.636
489,2.789
492,2.834
495,2.922
498,2.749
501,2.994
504,2.758
507,2.897
510,2.623
513,2.924
516,2.642
519,2.731
530,11.126
533,3.083
542,8.33
545,3.29
548,2.922
552,3.142
555,2.892
558,3.311
565,6.708
569,3.402
572,2.917
575,3.152
578,2.846
581,3.07
584,2.797
588,3.167
591,2.667
594,3.12
597,2.804
600,3.17
603,2.759
606,3.077
609,2.905
613,3.022
616,2.756
619,3.137
622,2.765
625,3.058
631,5.751
635,3.406
638,3.04
641,3.327
645,2.93
648,3.117
651,2.703
654,3.143
657,2.837
660,2.987
663,2.903
666,2.737
669,2.728
672,2.868
675,2.675
678,2.954
681,2.779
685,3.114
688,2.775
691,3.07
694,2.681
697,3.464
700,2.687
704,3.203
706,2.58
710,3.412
713,2.734
716,3.161
719,2.708
723,3.133
725,2.755
729,3.151
732,2.968
735,3.039
738,2.889
746,7.841
750,3.116
753,3.097
756,2.83
759,2.918
762,2.7
765,2.986
768,2.68
775,6.674
778,3.0
781,2.935
784,2.676
796,11.214
799,2.89
802,3.236
805,2.696
808,3.13
811,2.765
815,3.231
817,2.578
820,2.947
823,2.694
826,2.895
829,2.641
832,2.967
835,2.698
838,3.005
841,2.668
844,3.018
847,2.69
850,2.846
862,11.098
865,3.497
868,2.88
872,2.992
877,5.68
881,3.163
884,2.708
887,2.922
890,2.679
893,2.975
896,2.605
899,2.651
901,2.454
904,3.063
907,2.699
910,2.867
914,2.683
917,2.768
920,2.647
923,2.849
926,3.233
929,2.945
932,2.657
935,2.874
938,2.629
942,3.037
945,2.818
948,2.901
951,2.674
954,2.824
956,2.612
961,4.128
964,2.709
967,2.9
970,2.672
973,2.998
976,2.629
979,2.831
982,2.888
992,9.886
995,3.012
998,2.912
1001,2.749
1004,2.781
1007,2.776
1010,2.887
1013,2.614
1016,2.831
1019,2.674
1022,2.832
1024,2.563
1027,2.898
1030,2.764
1033,2.764
1036,2.56
1042,5.468
1045,3.389
1048,2.852
1051,2.633
1054,2.988
1057,2.672
1060,2.917
1063,2.651
1066,2.974
1069,2.632
1072,2.907
1075,2.563
1078,2.902
1081,2.797
1084,3.096
1087,2.689
1090,2.933
1093,2.752
1096,2.765
1099,2.661
1102,2.947
1105,2.764
1108,2.874
1111,2.649
1114,2.921
1117,2.577
1120,2.833
1123,2.828
1126,2.96
1129,2.726
1132,2.802
1135,2.747
1138,2.841
1141,2.711
1144,2.869
1147,2.603
1150,3.013
1153,2.647
1156,2.83
1159,2.614
1162,2.777
1164,2.704
1167,2.897
1170,2.626
1173,2.815
1176,2.883
1179,2.958
1182,2.459
1185,2.889
1188,2.498
1191,2.599
1193,2.578
1196,2.751
1199,2.549
1202,2.671
1205,2.617
1208,2.853
1211,2.583
1214,3.371
1224,9.082
1227,3.029
1231,4.413
1236,4.485
1242,5.464
1245,2.747
1247,2.611
1250,2.751
1253,2.643
1256,2.743
1259,2.788
1262,2.83
1265,2.537
1268,2.811
1271,2.465
1274,2.837
1276,2.458
1279,2.807
1282,2.525
1285,2.913
1288,2.519
1291,2.729
1293,2.502
1296,2.719
1299,2.331
1302,2.7
1304,2.401
1307,2.669
1310,2.394
1312,2.586
1315,2.424
1318,2.636
1320,2.408
1323,2.638
1326,2.346
1328,2.583
1331,2.372
1334,2.658
1336,2.336
1339,2.749
1342,2.432
1345,2.686
1347,2.391
1350,2.68
1353,2.441
1356,2.708
1358,2.409
1361,2.582
1364,2.354
1366,2.634
1369,2.478
1372,2.643
1374,2.365
1377,2.569
1380,2.386
1382,2.492
1385,2.404
1388,2.643
1390,2.318
1393,2.571
1395,2.289
1398,2.655
1400,2.26
1403,2.659
1406,2.281
1408,2.549
1411,2.363
1414,2.519
1416,2.411
1419,2.517
1421,2.304
1424,2.539
1426,2.288
1429,2.639
1432,2.257
1434,2.477
1437,2.417
1440,2.598
1442,2.228
1445,2.544
1447,2.272
1450,2.491
1452,2.218
1455,2.491
1457,2.24
1460,2.515
1462,2.19
1465,2.471
1467,2.312
1470,2.508
1472,2.292
1475,2.494
1478,2.277
1480,2.487
1483,2.258
1485,2.494
1488,2.408
1490,2.495
1493,2.325
1496,2.587
1498,2.273
1501,2.605
1503,2.285
1506,2.613
1509,2.384
1511,2.59
1514,2.296
1517,2.558
1519,2.368
1522,2.539
1524,2.291
1527,2.576
1530,2.359
1532,2.552
1535,2.319
1538,2.588
1540,2.366
1543,2.532
1545,2.378
1548,2.62
1551,2.337
1553,2.598
1556,2.385
1559,2.668
1561,2.423
1564,2.517
1566,2.298
1569,2.442
1572,2.401
1574,2.544
1577,2.321
1580,2.545
1582,2.391
1585,2.643
1587,2.301
1590,2.648
1593,2.414
1596,2.6
1598,2.352
1601,2.59
1603,2.371
1606,2.546
1608,2.244
1611,2.575
1614,2.232
1616,2.542
1619,2.462
1622,2.603
1624,2.263
1627,2.731
1629,2.323
1632,2.572
1635,2.291
1637,2.572
1640,2.431
1643,2.53
1645,2.288
1648,2.562
1650,2.281
1653,2.478
1655,2.268
1658,2.478
1660,2.164
1663,2.53
1665,2.404
1668,2.513
1671,2.277
1673,2.442
1675,2.131
1678,2.564
1681,2.37
1688,7.274
1691,2.427
1694,2.582
1696,2.521
1699,2.453
1701,2.215
1704,2.418
1706,2.22
1709,2.7
1717,7.866
1720,2.455
1722,2.408
1725,2.389
1728,2.567
1730,2.46
1733,2.377
1736,2.746
1738,2.395
1741,2.707
1744,2.432
1747,2.694
1749,2.367
1752,2.702
1755,2.411
1757,2.679
1760,2.377
1763,2.705
1766,2.501
1768,2.717
1771,2.612
1774,2.79
1777,2.558
1780,2.76
1782,2.448
1785,2.763
1788,2.531
1791,2.652
1793,2.317
1796,2.545
1799,2.305
1801,2.502
1804,2.133
1806,2.55
1809,2.3
1811,2.621
1814,2.219
1823,8.996
1826,2.512
1829,2.853
1831,2.432
1834,2.827
1837,2.535
1840,2.771
1842,2.437
1845,2.638
1848,2.479
1851,2.695
1853,2.311
1856,2.649
1859,2.441
1861,2.725
1864,2.514
1867,2.597
1869,2.276
1872,2.666
1874,2.24
1877,2.697
1879,2.275
1882,2.642
1884,2.161
1887,2.676
1889,2.211
1892,2.681
1894,2.35
1897,2.699
1900,2.278
1902,2.657
1905,2.328
1908,2.722
1910,2.343
1913,2.687
1915,2.308
1918,2.717
1921,2.515
1923,2.654
1926,2.36
1928,2.621
1931,2.343
1934,2.648
1936,2.348
1939,2.668
1941,2.288
1944,2.66
1947,2.361
1949,2.44
1951,2.171
1954,2.534
1956,2.309
1959,2.865
1962,2.651
1965,2.843
1968,2.63
1971,2.767
1973,2.591
1976,2.793
1979,2.526
1985,6.184
1995,9.975
1998,2.986
2001,2.611
2004,2.826
2007,2.434
2010,2.849
2012,2.552
2015,2.822
2018,2.781
2021,2.808
2023,2.593
2026,2.832
2029,2.657
2034,2.817
2037,2.638
2040,2.838
2043,2.606
2046,2.807
2048,2.475
2051,2.756
2054,2.484
2056,2.686
2059,2.477
2062,2.804
2064,2.549
2067,2.804
2070,2.42
2073,2.69
2075,2.513
2078,2.592
2080,2.305
2083,2.612
2086,2.561
2088,2.712
2091,2.622
2094,2.705
2097,2.504
2099,2.636
2102,2.412
2104,2.62
2107,2.423
2110,2.644
2112,2.408
2115,2.638
2118,2.433
2120,2.62
2123,2.65
2126,2.901
2129,2.463
2131,2.66
2134,2.424
2137,2.828
2140,2.466
2142,2.634
2145,2.307
2147,2.674
2150,2.389
2153,2.528
2155,2.413
2158,2.608
2160,2.171
2163,2.437
2165,2.081
2168,2.298
2180,11.79
2182,2.748
2185,2.346
2188,2.495
2190,2.284
2193,2.672
2195,2.228
2198,2.605
2200,2.314
2203,2.401
2205,2.08
2208,2.562
2211,2.318
2213,2.391
2215,2.017
2218,2.428
2220,2.012
2223,2.405
2225,2.394
2228,2.524
2230,2.147
2233,2.603
2235,2.121
2238,2.431
2240,2.048
2242,2.372
2244,2.007
2247,2.406
2249,2.016
2251,2.324
2254,1.973
2256,2.422
2258,2.218
2266,7.292
2270,3.672
2272,2.546
2274,2.121
2277,2.263
2279,1.928
2281,2.18
2283,1.934
2286,2.199
2288,1.913
2290,2.25
2292,2.043
2294,2.228
2297,2.136
2299,2.447
2302,2.153
2304,2.383
2306,2.022
2309,2.777
2311,2.214
2314,2.469
2316,2.237
2319,2.32
2321,2.487
2324,2.539
2327,2.341
2329,2.455
2331,2.212
2334,2.504
2336,2.184
2339,2.612
2341,2.239
2344,2.478
2346,2.188
2349,2.416
2351,2.033
2353,2.393
2356,2.161
2359,2.907
2361,2.023
2363,2.268
2365,1.92
2367,2.328
2370,2.052
2372,2.379
2374,2.279
2377,2.342
2379,2.104
2382,2.369
2384,1.966
2386,2.26
2388,1.965
2390,2.234
2392,2.077
2395,2.41
2401,5.55
2403,2.316
2405,2.005
2407,2.267
2409,1.951
2412,2.277
2414,2.023
2416,2.29
2418,2.078
2421,2.305
2423,2.067
2425,2.299
2428,2.037
2430,2.299
2432,2.054
2435,2.733
2437,1.993
2440,2.375
2442,2.062
2444,2.246
2446,1.944
2449,2.315
2451,2.09
2453,2.229
2456,2.416
2458,2.268
2460,2.083
2464,2.965
2466,2.033
2468,2.223
2470,2.03
2473,2.357
2475,2.104
2479,3.852
2481,2.042
2484,2.359
2485,1.803
2488,2.519
2490,2.115
2493,2.543
2495,2.125
2498,2.337
2500,2.026
2502,2.296
2504,1.99
2507,2.29
2509,1.945
2511,2.379
2513,2.109
2516,2.416
2518,1.966
2520,2.215
2522,1.842
2525,2.232
2527,1.958
2530,3.362
2532,1.857
2537,5.188
2539,1.906
2542,2.234
2544,1.951
2546,2.342
2548,2.012
2550,2.325
2552,1.836
2555,2.333
2557,2.103
2560,2.711
2568,8.558
2571,2.425
2573,1.932
2575,2.392
2577,1.93
2580,2.331
2582,1.954
2584,2.38
2596,11.922
2599,2.484
2608,8.763
2611,2.612
2613,2.257
2616,2.625
2618,2.314
2621,2.609
2623,2.219
2626,2.606
2628,2.265
2631,2.599
2633,2.202
2636,2.683
2638,2.223
2641,2.496
2643,2.064
2645,2.509
2648,2.106
2650,2.377
2652,2.077
2655,2.444
2657,2.29
2660,2.54
2662,2.119
2665,2.543
2667,2.192
2669,2.311
2672,2.235
2674,2.569
2677,2.266
2679,2.505
2682,2.26
2684,2.508
2686,2.122
2689,2.519
2691,2.209
2694,2.461
2696,2.127
2699,2.475
2701,2.158
2703,2.585
2706,2.174
2708,2.471
2711,2.195
2713,2.505
2715,2.143
2718,2.741
2720,2.159
2725,4.839
2728,2.335
2730,2.523
2733,2.267
2735,2.488
2738,2.194
2740,2.352
2742,2.04
2744,2.318
2747,1.986
2749,2.327
2751,2.026
2754,2.398
2756,1.961
2758,2.549
2760,1.946
2763,2.409
2765,1.972
2767,2.389
2769,2.047
2772,2.3
2774,2.028
2776,2.325
2779,2.168
2781,2.254
2783,2.061
2785,2.31
2788,2.051
2790,2.309
2792,1.834
2794,2.233
2796,1.857
2798,2.223
2800,1.819
2803,2.195
2804,1.815
2807,2.22
2809,1.951
2811,2.344
2813,1.883
2816,2.265
2818,1.914
2820,2.281
2822,2.039
2824,2.34
2826,1.876
2829,2.263
2831,1.917
2833,2.277
2835,1.878
2837,2.25
2839,1.945
2842,2.253
2844,1.833
2846,2.177
2848,1.802
2850,2.326
2852,1.843
2855,2.298
2857,1.844
2859,2.236
2861,1.808
2863,2.384
2865,1.897
2868,2.48
2870,2.09
2872,2.192
2874,1.885
2877,2.294
2879,1.848
2881,2.226
2883,1.995
2885,2.33
2887,1.96
2894,6.58
2896,2.031
2905,9.214
2917,11.881
2920,2.738
2923,2.305
2925,2.673
2928,2.162
2930,2.511
2932,2.104
2935,2.528
2937,2.144
2940,2.936
2943,2.222
2945,2.262
2947,2.331
2950,2.129
2952,2.029
2954,2.256
2956,1.895
2958,2.225
2960,2.003
2963,2.241
2965,1.943
2967,2.182
2969,1.867
2971,2.252
2973,1.931
2976,2.206
2977,1.885
2980,2.18
2982,2.017
2984,2.196
2986,1.877
2988,2.165
2990,1.957
2993,2.162
2995,1.923
2997,2.136
2999,2.062
3002,2.569
3004,2.077
3006,2.42
3008,2.029
3011,2.532
3013,2.145
3016,2.368
3018,2.061
3020,2.537
3023,2.137
3025,2.236
3027,2.134
3030,2.415
3032,2.357
3034,2.305
3037,2.083
3039,2.284
3041,1.921
3043,2.306
3045,1.923
3048,2.272
3050,1.949
3052,2.224
3054,1.934
3057,2.295
3059,1.957
3061,2.271
3063,2.018
3065,2.29
3067,1.848
3070,2.254
3072,1.963
3074,2.296
3076,1.922
3078,2.279
3081,2.09
3083,2.27
3085,1.932
3087,2.322
3089,1.954
3092,2.288
3094,1.994
3096,2.309
3098,2.11
3102,2.386
3104,2.047
3107,2.383
3109,2.105
3111,2.435
3114,2.103
3116,2.388
3118,2.075
3121,2.516
3123,2.112
3126,2.516
3128,2.045
3130,2.605
3133,2.071
3135,2.525
3137,1.914
3140,2.528
3142,2.061
3144,2.382
3146,1.904
3149,2.425
3151,1.834
3153,2.393
3155,1.889
3158,2.378
3160,1.846
3162,2.442
3164,1.835
3167,2.428
3169,1.969
3171,2.417
3173,1.826
3176,2.492
3177,1.801
3180,2.314
3182,1.988
3184,2.444
3187,1.979
3189,2.595
3191,2.004
3194,2.4
3196,1.907
3198,2.393
3200,1.825
3203,2.343
3205,1.919
3207,2.471
3209,1.792
3211,2.352
3213,1.859
3216,2.339
3218,1.915
3220,2.341
3222,1.803
3225,2.362
3226,1.826
3229,2.388
3231,1.842
3237,6.438
3240,2.244
3242,2.588
3245,2.089
3247,2.411
3249,1.951
3252,2.599
3254,2.006
3256,2.413
3258,1.705
3261,2.589
3263,1.848
3265,2.544
3267,1.824
3270,2.506
3272,1.947
3275,2.642
3277,1.922
3279,2.412
3281,1.885
3284,2.45
3286,2.06
3288,2.429
3290,1.981
3293,2.538
3295,1.936
3298,2.469
3300,1.99
3302,2.478
3304,1.967
3307,2.459
3309,2.028
3311,2.464
3313,1.895
3316,2.408
3318,1.875
3320,2.373
3322,1.963
3325,2.511
3331,2.224
3334,2.449
3343,9.558
3351,7.167
3353,2.237
3356,2.647
3358,2.257
3361,2.596
3363,2.176
3366,2.726
3368,2.219
3371,2.685
3373,2.202
3376,2.698
3378,2.14
3381,2.69
3383,2.181
3386,2.792
3389,2.335
3391,2.601
3394,2.218
3396,2.658
3398,2.085
3401,2.592
3403,2.105
3406,2.597
3408,1.97
3411,2.55
3413,2.036
3415,2.52
3417,2.012
3420,2.495
3422,1.934
3425,2.413
3427,1.961
3429,2.47
3431,1.926
3434,2.456
3436,1.981
3438,2.417
3440,1.946
3443,2.472
3445,1.93
3447,2.369
3449,2.106
3452,2.408
3454,1.931
3456,2.341
3458,1.831
3461,2.49
3463,1.925
3465,2.416
3467,1.97
3470,2.499
3472,1.959
3474,2.481
3476,1.959
3479,2.452
3481,2.02
3484,2.473
3486,1.938
3488,2.41
3490,1.901
3493,2.581
3495,1.943
3497,2.449
3500,2.493
3502,2.41
3505,1.971
3507,2.44
3509,2.046
3512,2.543
3514,1.994
3516,2.466
3518,1.91
3521,2.505
3523,1.878
3525,2.435
3528,1.987
3530,2.513
3532,1.933
3535,2.593
3537,1.932
3539,2.495
3541,1.991
3544,2.399
3546,1.938
3548,2.492
3551,2.004
3553,2.442
3555,1.966
3558,2.439
3560,1.965
3562,2.451
3564,1.887
3567,2.441
3569,1.94
3571,2.431
3573,1.972
3576,2.466
3578,1.996
3580,2.417
3582,1.912
3585,2.52
3587,1.991
3590,2.503
3592,2.116
3594,2.399
3596,1.908
3599,2.452
3601,1.926
3603,2.498
3605,1.944
3608,2.495
3610,2.02
3613,2.449
3615,2.007
3617,2.484
3619,1.976
3622,2.468
3624,1.937
3626,2.455
3628,1.905
3631,2.441
3633,1.949
3635,2.373
3637,1.9
3640,2.339
3642,2.179
3644,2.46
3647,2.104
3649,2.434
3651,2.111
3654,2.634
3656,2.111
3659,2.483
3661,2.002
3663,2.475
3666,2.115
3668,2.388
3670,2.075
3673,2.522
3675,2.061
3680,4.572
3682,2.04
3684,2.447
3686,1.971
3689,2.335
3691,2.015
3693,2.372
3695,2.036
3698,2.319
3700,2.001
3702,2.361
3704,2.022
3707,2.35
3709,2.022
3711,2.424
3714,2.141
3716,2.347
3718,1.952
3720,2.363
3723,2.166
3725,2.37
3727,2.094
3730,2.379
3732,1.987
3734,2.373
3736,2.004
3739,2.384
3762,22.679
3765,2.906
3767,2.524
3770,2.702
3772,2.279
3775,2.649
3777,2.255
3780,2.594
3782,2.317
3785,2.517
3787,2.225
3790,2.431
3792,2.062
3795,2.436
3797,2.162
3799,2.648
3802,2.222
3804,2.599
3807,2.216
3809,2.618
3812,2.219
3814,2.647
3817,2.323
3820,2.67
3822,2.213
3825,2.464
3827,2.306
3830,2.577
3832,2.236
3835,2.599
3837,2.157
3840,2.562
3842,2.141
3844,2.532
3847,2.161
3849,2.545
3851,2.137
3854,2.537
3856,2.201
3859,2.547
3861,2.128
3864,2.584
3866,2.213
3869,2.709
3871,2.191
3874,2.584
3876,2.25
3879,2.642
3881,2.135
3884,2.581
3886,2.049
3888,2.542
3891,2.023
3893,2.534
3895,2.111
3898,2.487
3900,2.025
3902,2.406
3905,2.062
3907,2.598
3910,2.14
3912,2.577
3914,2.052
3917,2.655
3919,2.008
3922,2.747
3924,2.018
3926,2.374
3929,2.015
3931,2.433
3933,2.009
3936,2.432
3938,2.14
3940,2.425
3942,1.943
3945,2.304
3947,1.796
3949,2.293
3951,1.824
3953,2.287
3955,1.86
3958,2.352
3960,1.791
3962,2.297
3964,1.861
3966,2.263
3968,1.819
3970,2.296
3973,2.06
3975,2.233
3977,1.868
3979,2.295
3981,1.834
3983,2.286
3985,1.85
3988,2.291
3990,1.943
3993,3.056
3995,1.995
3997,2.525
4000,1.979
4002,2.452
4004,1.923
4006,2.31
4008,1.849
4011,2.257
4013,1.938
4015,2.296
4017,1.91
4019,2.298
4021,1.878
4024,2.321
4026,1.933
4028,2.279
4030,2.098
4033,2.48
4035,1.941
4037,2.338
4039,1.97
4042,2.328
4044,1.945
4046,2.303
4048,1.908
4051,2.374
4053,1.917
4055,2.317
4057,1.843
4059,2.265
4061,1.795
4064,2.386
4066,1.89
4068,2.266
4070,1.754
4072,2.288
4074,1.775
4077,2.461
4079,1.924
4081,2.335
4083,1.845
4085,2.194
4087,1.69
4089,2.036
4091,1.644
4093,2.077
4095,1.646
4097,2.229
4099,2.123
4102,2.41
4104,1.959
4106,2.318
4108,1.821
4110,2.25
4112,1.945
4115,2.254
4117,2.107
4119,2.298
4121,2.007
4124,2.299
4126,2.037
4128,2.272
4130,2.106
4133,2.422
4135,2.206
4138,2.492
4140,2.006
4142,2.328
4144,2.056
4147,2.345
4149,2.02
4151,2.367
4153,2.053
4156,2.301
4158,2.044
4163,4.893
4165,2.065
4167,2.419
4169,1.911
4172,2.225
4174,2.041
4176,2.282
4178,2.016
4181,2.386
4183,2.026
4185,2.387
4187,2.065
4190,2.152
4192,1.875
4194,2.255
4196,2.269
4199,2.393
4201,1.921
4203,2.264
4205,2.034
4208,2.551
4210,2.105
4213,2.427
4215,2.086
4217,2.368
4221,3.678
4224,2.465
4225,1.814
4228,2.418
4230,1.864
4232,2.301
4234,1.787
4242,7.605
4244,1.859
4251,7.663
4254,2.221
4256,2.35
4265,8.753
4268,2.42
4270,1.849
4272,2.304
4274,1.858
4276,2.297
4278,1.858
4281,2.268
4283,2.047
4285,2.484
4287,2.032
4290,2.244
4292,1.934
4294,2.391
4296,2.077
4299,2.448
4301,1.909
4303,2.293
4305,1.91
4308,2.279
4310,1.887
4312,2.301
4314,1.863
4316,2.232
4318,1.843
4320,2.184
4322,1.925
4325,2.281
4328,1.935
4330,2.335
4332,1.825
4334,2.288
4336,1.951
4339,2.352
4341,1.854
4343,2.39
4345,1.915
4348,2.321
4350,1.93
4352,2.209
4354,1.797
4356,2.246
4358,1.875
4361,2.361
4363,2.54
4366,2.252
4368,2.077
4370,2.445
4373,2.215
4375,2.496
4377,2.128
4380,2.388
4382,2.441
4385,2.288
4387,2.413
4390,2.218
4392,2.226
4394,2.238
4397,2.3
4399,2.075
4401,2.215
4403,2.139
4406,2.216
4408,2.156
4410,2.236
4412,2.174
4415,2.22
4417,2.092
4419,2.327
4422,2.16
4424,2.172
4426,2.103
4428,2.227
4430,2.015
4433,2.17
4435,2.094
4437,2.189
4439,2.038
4441,2.037
4443,1.901
4446,2.039
4448,1.975
4450,2.054
4452,1.929
4454,2.116
4456,1.838
4458,1.979
4460,1.949
4462,2.071
4464,2.052
4467,2.198
4469,2.089
4471,2.052
4473,2.126
4475,2.242
4477,2.005
4480,2.183
4482,2.308
4484,2.266
4487,2.091
4489,2.169
4491,1.987
4493,2.182
4495,2.048
4497,2.048
4499,1.909
4501,1.943
4503,1.834
4505,1.968
4507,1.995
4510,2.039
4512,1.975
4514,2.254
4516,2.053
4518,2.081
4520,1.98
4522,2.031
4524,1.986
4526,1.965
4529,2.287
4531,2.164
4533,2.073
4535,2.081
4537,1.992
4539,1.975
4542,1.96
4544,1.984
4546,2.016
4548,2.193
4550,2.326
4553,2.111
4555,2.04
4557,2.048
4559,1.971
4561,1.992
4563,1.927
4565,2.021
4567,2.0
4569,1.934
4571,1.923
4573,1.921
4575,1.984
4577,1.891
4579,1.913
4581,1.863
4583,1.861
4585,1.865
4587,1.86
4589,1.873
4591,1.859
4593,1.986
4595,2.219
4597,2.086
4600,2.18
4602,1.993
4604,2.076
4606,2.189
4608,2.171
4610,2.132
4613,2.261
4615,2.26
4617,2.165
4620,2.311
4622,2.119
4624,2.191
4626,2.121
4629,2.349
4631,2.124
4633,2.207
4636,2.152
4638,2.156
4640,2.136
4642,2.145
4645,2.149
4647,2.216
4649,2.108
4651,2.245
4654,2.147
4657,2.883
4659,2.294
4661,2.365
4664,2.188
4666,2.277
4668,2.251
4671,2.261
4673,2.158
4676,2.341
4678,2.224
4684,6.52
4687,2.368
4689,2.32
4692,2.179
4694,2.308
4696,2.302
4699,2.303
4701,2.169
4704,2.289
4706,2.183
4709,3.069
4711,2.131
4713,2.209
4716,2.021
4718,2.042
4720,2.105
4722,2.136
4724,2.003
4726,2.088
4729,2.114
4731,2.151
4733,2.127
4735,2.15
4738,2.097
4740,2.003
4742,2.094
4744,2.228
4746,2.156
4749,2.074
4751,2.059
4753,2.121
4755,2.039
4757,2.107
4759,2.061
4762,2.188
4764,2.102
4766,2.255
4768,2.203
4771,2.291
4773,2.226
4776,2.262
4778,2.103
4780,2.063
4782,2.245
4785,2.231
4787,2.217
4789,2.107
4791,2.024
4793,1.969
4795,1.977
4797,2.005
4799,1.95
4802,2.067
4804,1.968
4806,2.002
4808,1.985
4810,2.084
4812,1.962
4814,1.991
4816,2.169
4819,2.01
4821,1.962
4823,1.933
4825,1.935
4827,1.939
4829,1.981
4831,1.997
4833,2.008
4835,2.045
4837,1.911
4839,2.159
4842,2.084
4844,2.169
4846,2.131
4848,2.06
4850,1.987
4853,2.053
4855,1.914
4857,1.979
4859,2.021
4861,2.06
4863,2.048
4865,2.004
4867,2.091
4870,2.282
4872,2.178
4874,2.199
4876,2.013
4879,2.097
4881,2.051
4883,2.2
4885,2.234
4888,2.157
4890,2.37
4892,2.144
4895,2.319
4897,2.117
4899,2.26
4902,2.132
4904,2.18
4906,2.196
4908,2.225
4911,2.105
4913,2.203
4915,1.977
4917,2.232
4919,2.06
4922,2.145
4924,2.003
4926,2.377
4928,2.024
4930,2.051
4933,2.119
4935,2.185
4937,2.063
4939,2.118
4941,2.036
4944,2.165
4946,2.072
4948,2.109
4950,2.083
4952,2.141
4955,2.873
4958,2.067
4960,2.074
4962,2.229
4964,2.075
4966,2.026
4969,2.122
4971,2.116
4973,2.093
4976,2.444
4978,2.099
4980,2.124
4984,3.691
4986,2.23
4988,2.125
4990,2.11
4993,2.126
4995,2.132
4999,3.528
5001,2.213
5003,2.079
5005,2.212
5008,2.258
5010,2.224
5019,9.33
5022,2.349
5024,2.142
5026,2.211
5029,2.288
5031,2.248
5034,2.389
5036,2.285
5038,2.245
5041,2.23
5043,2.183
5045,2.275
5048,2.23
5050,2.339
5053,2.375
5055,2.208
5057,2.207
5060,2.163
5062,2.214
5064,2.231
5066,2.182
5069,2.284
5071,2.23
5073,2.152
5076,2.218
5078,2.193
5080,2.167
5082,2.129
5085,2.562
5087,2.149
5090,2.196
5092,2.064
5094,2.15
5096,2.094
5098,2.154
5101,2.119
5103,2.095
5105,2.062
5107,2.198
5110,2.106
5112,2.013
5114,1.992
5116,2.045
5118,2.155
5120,2.037
5122,1.992
5124,1.974
5127,2.001
5129,2.026
5131,2.053
5133,2.125
5135,2.069
5137,2.055
5139,2.036
5142,2.152
5144,2.249
5146,2.135
5149,2.21
5151,2.125
5153,2.113
5155,2.17
5158,2.288
5160,2.182
5162,2.058
5164,2.115
5167,2.111
5169,2.152
5171,2.285
5173,2.182
5176,2.524
5178,2.099
5180,2.13
5183,2.126
5185,2.135
5187,1.983
5189,2.016
5191,1.986
5193,2.093
5196,2.02
5198,2.019
5200,2.024
5202,2.035
5204,1.907
5206,1.954
5208,1.916
5210,1.998
5212,1.957
5214,1.876
5216,2.113
5218,2.034
5221,2.046
5223,2.168
5225,2.055
5227,2.217
5230,2.191
5232,2.177
5234,2.14
5236,2.157
5238,2.071
5241,2.243
5243,2.094
5245,2.152
5248,2.168
5250,2.295
5252,2.037
5254,2.143
5257,2.14
5259,2.196
5261,2.152
5263,2.178
5265,2.024
5268,2.124
5270,2.053
5272,2.016
5274,1.932
5276,1.945
5278,1.985
5280,2.042
5282,2.144
5285,2.021
5287,1.998
5289,1.888
5291,1.889
5293,1.866
5295,1.912
5297,2.066
5299,2.057
5301,2.056
5303,1.925
5305,1.96
5307,1.915
5309,1.931
5311,1.871
5313,1.929
5315,2.046
5318,2.116
5320,2.019
5322,2.104
5324,2.028
5326,2.276
5329,2.239
5331,2.29
5333,2.32
5336,2.162
5338,1.978
5340,2.082
5342,1.908
5344,1.958
5346,1.967
5348,2.182
5350,1.978
5353,2.079
5355,1.958
5357,2.045
5359,2.001
5361,2.066
5363,2.143
5365,2.029
5373,7.17
5375,2.392
5377,2.126
5380,2.268
5382,2.154
5384,2.225
5387,2.185
5390,2.302
5392,2.273
5394,2.219
5397,2.238
5399,2.258
5401,2.234
5404,2.311
5406,2.25
5408,2.196
5411,2.183
5413,2.223
5415,2.216
5417,2.232
5420,2.253
5422,2.265
5424,2.158
5427,2.281
5429,2.268
5432,2.321
5434,2.273
5436,2.26
5439,2.291
5441,2.231
5443,2.293
5446,2.214
5448,2.241
5450,2.27
5453,2.293
5455,2.202
5457,2.233
5460,2.335
5462,2.222
5464,2.194
5467,2.16
5469,2.115
5471,2.233
5474,2.282
5476,2.195
5478,2.286
5481,2.28
5483,2.308
5485,2.236
5488,2.201
5490,2.118
5492,2.245
5495,2.249
5497,2.267
5499,2.268
5502,2.255
5504,2.231
5506,2.182
5508,2.194
5511,2.267
5513,2.21
5515,2.152
5518,2.202
5520,2.196
5522,2.291
5525,2.105
5527,2.174
5529,2.213
5531,2.112
5534,2.08
5536,2.077
5538,2.108
5540,2.0
5542,1.948
5544,2.244
5547,2.06
5549,2.084
5551,1.992
5553,2.186
5556,2.338
5558,2.245
5560,2.205
5563,2.397
5565,2.274
5567,2.363
5570,2.207
5572,2.205
5574,2.159
5577,2.142
5579,2.148
5581,2.259
5584,2.271
5586,2.229
5588,2.143
5590,2.075
5592,1.998
5594,2.069
5597,2.059
5599,2.004
5601,1.981
5603,2.042
5605,2.192
5607,1.989
5609,2.036
5612,2.122
5614,2.184
5616,2.104
5618,2.09
5620,2.112
5623,2.205
5625,2.166
5627,2.221
5629,2.078
5632,2.234
5634,2.145
5636,2.079
5638,1.935
5640,2.036
5642,2.006
5644,1.862
5646,1.899
5649,2.06
5651,2.051
5653,1.916
5655,2.104
5657,1.886
5659,1.913
5661,1.931
5663,1.908
5665,1.884
5667,1.87
5669,1.924
5671,1.911
5673,1.947
5675,1.973
5677,2.01
5679,1.945
5681,1.967
5683,1.895
5685,1.932
5687,2.029
5689,2.053
5692,2.015
5694,2.04
5696,1.96
5698,2.114
5700,1.877
5702,2.024
5704,1.855
5706,2.089
5708,2.001
5710,2.159
5713,2.195
5715,2.25
5717,2.211
5720,2.227
5722,2.178
5724,2.206
5727,2.172
5729,2.161
5731,2.18
5733,2.108
5736,2.154
5738,2.115
5756,18.357
5763,7.173
5766,2.455
5769,2.348
5771,2.295
5773,2.444
5776,2.228
5778,2.253
5780,2.238
5783,2.195
5785,2.11
5787,2.297
5790,2.173
5792,2.122
5794,2.255
5798,3.742
5800,2.202
5803,2.199
5805,2.092
5807,2.021
5809,2.041
5811,2.102
5813,2.111
5816,2.108
5818,2.239
5820,2.207
5822,2.109
5825,2.067
5827,2.038
5829,2.062
5831,1.997
5833,1.951
5835,1.955
5837,2.046
5839,1.963
5841,2.057
5844,2.113
5846,2.089
5848,2.088
5850,2.051
5852,2.07
5855,2.125
5857,2.048
5859,2.017
5861,2.062
5863,2.297
5866,2.008
5868,2.033
5870,2.082
5873,2.619
5875,2.295
5877,2.283
5879,2.101
5882,2.432
5884,2.136
5887,2.284
5889,2.189
5891,2.383
5894,2.104
5896,2.304
5898,2.124
5901,2.253
5903,2.131
5905,2.264
5907,2.181
5910,2.223
5912,2.059
5914,2.301
5917,2.206
5919,2.159
5921,2.123
5923,2.347
5926,2.063
5928,2.18
5930,2.158
5932,2.246
5935,2.192
5937,2.265
5939,2.199
5942,2.19
5944,2.06
5946,2.23
5948,2.14
5951,2.245
5953,2.086
5955,2.188
5957,2.103
5960,2.23
5962,2.028
5964,2.079
5966,2.145
5968,2.14
5971,2.122
5973,2.323
5975,2.303
5978,2.275
5980,2.19
5982,2.314
5985,2.084
5987,2.27
5992,5.029
5995,2.404
5997,2.344
5999,2.368
6002,2.282
6004,2.458
6007,2.176
6009,2.299
6012,2.354
6014,2.032
6016,2.171
6018,2.094
6020,2.097
6023,2.205
6025,2.128
6027,2.12
6029,2.091
6031,2.156
6034,2.113
6036,2.051
6038,2.118
6040,2.125
6042,1.986
6044,2.054
6047,2.011
6049,2.179
6051,2.056
6053,2.175
6055,2.122
6065,2.544
6068,2.382
6070,2.164
6084,13.196
6086,2.455
6089,2.317
6091,2.267
6093,2.416
6096,2.223
6098,2.307
6100,2.136
6103,2.29
6105,2.122
6107,2.208
6109,2.126
6112,2.33
6114,2.262
6116,2.28
6119,2.21
6121,2.229
6123,2.193
6126,2.335
6128,2.037
6130,2.12
6132,2.088
6134,2.077
6137,2.43
6139,2.054
6141,1.955
6143,2.018
6146,2.414
6148,2.7
6151,2.338
6153,2.251
6158,4.906
6161,2.477
6163,2.364
6165,2.435
6168,2.43
6170,2.372
6174,2.523
6182,7.601
6184,2.509
6187,2.315
6189,2.517
6192,2.475
6194,2.443
6197,2.327
6199,2.519
6202,2.657
6205,2.91
6207,2.471
6210,2.677
6219,8.487
6221,2.375
6224,2.442
6226,2.455
6229,2.353
6231,2.364
6234,2.385
6236,2.606
6239,2.53
6241,2.327
6244,2.418
6246,2.318
6249,2.383
6251,2.333
6254,2.535
6256,2.299
6258,2.342
6260,2.124
6263,2.495
6265,2.146
6268,2.362
6270,2.106
6272,2.258
6274,2.069
6277,2.253
6279,2.065
6281,2.27
6284,2.282
6286,2.346
6288,2.065
6290,2.168
6292,2.09
6299,2.227
6301,2.284
6303,2.327
6306,2.255
6308,2.232
6310,2.104
6312,2.198
6315,2.106
6317,2.455
6319,2.166
6322,2.178
6324,2.269
6326,2.2
6328,2.143
6331,2.225
6333,2.28
6336,2.458
6338,2.201
6340,2.414
6343,2.226
6345,2.177
6347,2.299
6401,53.167
6404,3.218
6407,2.54
6409,2.31
6411,2.328
6414,2.258
6416,2.232
6418,2.321
6421,2.151
6423,2.152
6430,2.199
6432,2.05
6434,2.118
6436,2.087
6439,2.07
6441,1.99
6443,2.069
6445,1.989
6447,2.022
6449,1.84
6451,1.866
6453,1.829
6455,2.004
6457,1.861
6459,1.989
6461,1.948
6463,2.011
6465,1.872
6467,2.007
6469,1.918
6471,1.979
6473,1.881
6475,1.977
6477,1.844
6479,2.055
6481,2.035
6483,2.082
6485,2.022
6488,2.115
6490,2.163
6492,2.097
6502,9.621
6510,3.056
6513,2.332
6515,2.355
6517,2.246
6520,2.371
6522,2.225
6524,2.185
6526,2.034
6528,2.059
6530,1.943
6533,2.036
6535,2.16
6537,2.041
6539,2.004
6541,2.028
6543,2.001
6545,2.026
6547,1.943
6549,2.018
6551,1.965
6553,2.025
6555,2.002
6558,2.03
6560,1.977
6562,1.982
6564,1.975
6566,2.023
6568,1.974
6570,1.948
6572,1.964
6574,1.967
6576,1.981
6578,1.987
6580,2.009
6582,1.996
6584,2.013
6586,2.017
6588,1.985
6590,1.993
6592,1.975
6595,2.012
6596,1.781
6598,1.858
6600,1.83
6602,1.859
6604,1.818
6606,1.873
6608,1.743
6610,1.795
6612,2.026
6614,2.077
6616,1.848
6618,1.801
6620,1.984
6622,1.998
6624,2.023
6626,2.025
6628,1.953
6630,2.03
6632,1.987
6634,1.948
6636,1.934
6638,1.999
6640,1.9
6642,2.079
6648,5.503
6650,2.112
6659,1.921
6661,2.273
6664,2.207
6666,2.053
6668,2.18
6670,2.077
6672,2.134
6674,1.989
6676,1.966
6678,1.903
6680,1.962
6682,1.954
6684,2.039
6687,2.085
6689,2.005
6691,1.972
6693,1.954
6695,1.925
6697,2.524
6699,2.048
6712,3.045
6714,2.184
6716,2.177
6719,2.286
6721,2.223
6723,2.162
6726,2.181
6728,2.09
6730,2.268
6732,2.056
6734,2.033
6736,2.043
6738,2.011
6741,2.087
6743,2.036
6745,2.06
6747,2.05
6749,2.003
6751,1.996
6753,2.015
6755,2.093
6757,1.99
6759,2.017
6761,2.008
6763,1.979
6765,1.932
6767,1.855
6769,1.861
6771,1.885
6773,1.752
6775,1.882
6777,1.797
6779,1.901
6781,1.946
6783,1.974
6785,1.905
6787,1.954
6789,2.009
6791,2.087
6793,2.066
6796,2.238
6798,2.075
6800,2.105
6802,2.084
6804,2.13
6806,2.064
6809,2.227
6811,2.134
6813,2.051
6815,2.192
6817,2.078
6820,2.22
6822,2.103
6824,2.012
6826,2.165
6828,1.974
6830,2.413
6833,2.275
6835,2.022
6837,2.171
6839,2.12
6841,1.98
6843,1.977
6845,1.96
6847,1.895
6850,2.26
6852,2.129
6854,2.154
6856,1.924
6858,2.146
6860,1.902
6862,2.23
6865,2.201
6867,2.191
6869,1.965
6871,2.057
6873,1.96
6875,2.051
6877,1.949
6879,1.974
6881,2.009
6883,1.914
6885,1.95
6887,2.071
6890,2.047
6892,2.114
6894,2.05
6896,2.126
6898,2.059
6900,2.132
6902,1.969
6905,2.205
6907,2.019
6909,2.237
6911,1.992
6913,2.231
6915,1.898
6918,2.116
6919,1.936
6922,2.14
6924,1.955
6926,2.002
6928,1.889
6930,1.968
6932,1.937
6934,1.977
6936,1.944
6938,1.978
6940,1.968
6942,2.012
6944,1.876
6946,1.999
6948,2.17
6950,2.021
6952,2.155
6955,2.075
6957,2.15
6959,2.057
6961,2.045
6963,1.996
6965,2.157
6967,2.06
6970,2.103
6972,2.0
6974,2.06
6976,2.032
6978,2.077
6980,1.954
6982,2.033
6984,1.943
6986,2.048
6988,1.963
6990,2.003
6992,2.076
6995,2.044
6997,2.03
6999,1.972
7001,2.111
7003,2.172
7005,1.975
7007,2.022
7009,1.994
7011,1.887
7013,2.074
7015,1.958
7017,2.077
7019,1.952
7022,2.094
7024,2.064
7026,2.106
7028,2.035
7030,2.041
7032,2.082
7034,2.056
7036,2.069
7039,2.255
7041,1.879
7043,1.911
7045,1.99
7047,2.004
7049,1.834
7051,1.872
7052,1.827
7054,1.856
7056,1.746
7058,1.799
7060,1.862
7062,1.864
7064,1.719
7066,1.797
7067,1.763
7069,1.876
7071,1.941
7073,1.901
7075,1.795
7077,1.794
7079,1.815
7081,1.972
7083,1.825
7085,1.878
7087,1.784
7089,1.881
7090,1.813
7092,1.875
7094,1.732
7096,1.894
7098,1.83
7100,1.835
7102,1.718
7104,1.923
7105,1.778
7107,1.839
7109,1.815
7111,1.9
7113,1.73
7115,1.762
7117,1.788
7119,1.792
7120,1.851
7122,2.011
7124,1.929
7127,2.124
7129,1.901
7131,2.102
7133,2.059
7135,2.076
7137,1.916
7139,2.042
7141,1.873
7143,2.008
7145,1.792
7147,1.989
7149,1.831
7151,1.895
7153,1.815
7155,1.899
7157,1.827
7159,1.903
7160,1.78
7162,1.859
7164,1.759
7166,1.924
7168,1.814
7170,2.02
7172,1.773
7174,1.974
7176,1.763
7178,1.862
7180,1.8
7182,1.946
7183,1.781
7185,1.863
7187,1.862
7189,1.89
7191,1.909
7193,1.856
7195,1.849
7197,1.893
7199,1.792
7201,1.939
7203,1.857
7205,1.947
7207,1.81
7209,1.944
7211,1.852
7213,1.923
7214,1.788
7216,1.801
7218,1.778
7220,1.905
7222,1.847
7224,1.893
7226,1.79
7228,1.904
7230,1.812
7232,1.973
7233,1.81
7235,1.869
7237,1.773
7239,1.828
7241,1.692
7243,1.738
7245,1.807
7246,1.773
7248,1.649
7250,1.964
7252,1.72
7254,1.785
7255,1.732
7257,1.878
7259,1.72
7261,1.703
7263,1.638
7265,1.81
7266,1.679
7268,1.837
7270,1.737
7272,1.797
7274,1.718
7275,1.795
7277,1.697
7279,1.751
7281,1.741
7283,1.725
7284,1.734
7286,1.779
7288,1.697
7290,1.993
7292,1.688
7294,1.714
7295,1.678
7297,1.777
7299,1.748
7301,1.75
7302,1.698
7305,2.096
7306,1.765
7308,1.945
7310,1.836
7312,1.892
7314,1.795
7316,1.898
7318,1.783
7320,2.047
7322,1.78
7324,1.901
7326,1.768
7328,2.124
7330,1.783
7332,1.95
7334,1.894
7336,1.971
7338,1.884
7340,1.967
7342,1.892
7344,2.0
7346,1.959
7348,1.961
7350,1.823
7352,2.001
7353,1.766
7356,2.063
7358,1.894
7360,2.099
7362,1.984
7364,2.115
7366,1.927
7368,2.079
7370,1.965
7372,2.246
7375,2.109
7377,2.29
7379,1.942
7381,2.192
7383,2.132
7386,2.223
7388,1.891
7390,2.137
7392,1.963
7394,2.07
7396,1.955
7398,2.186
7400,1.965
7402,2.07
7404,1.849
7406,1.918
7408,1.834
7410,2.024
7412,1.912
7414,1.998
7416,1.931
7418,1.996
7420,1.924
7422,2.101
7424,1.979
7427,1.997
7428,1.822
7430,1.771
7432,1.912
7434,1.991
7436,1.909
7438,1.935
7440,1.947
7442,1.957
7444,1.852
7446,1.834
7448,1.801
7450,1.798
7452,1.845
7453,1.752
7455,1.884
7457,1.812
7459,1.873
7461,1.84
7463,1.844
7465,1.803
7467,1.815
7469,1.807
7471,1.887
7472,1.827
7474,1.887
7476,1.808
7478,1.874
7480,1.699
7482,2.002
7484,2.015
7486,1.901
7488,1.835
7490,2.001
7492,1.976
7494,1.997
7496,1.965
7498,2.117
7500,1.957
7502,2.017
7504,1.957
7506,1.968
7508,1.948
7510,1.989
7512,1.989
7514,1.98
7517,2.089
7519,2.01
7521,1.952
7523,1.944
7525,1.982
7527,1.898
7529,2.037
7531,1.934
7533,2.014
7535,2.099
7537,2.077
7539,2.073
7541,2.034
7543,1.863
7545,1.956
7547,1.975
7549,2.037
7551,1.771
7553,2.044
7556,2.177
7558,2.028
7560,1.911
7562,1.856
7564,1.838
7565,1.917
7567,1.881
7569,1.876
7571,1.932
7574,2.171
7576,1.923
7578,2.013
7579,1.764
7582,2.05
7584,2.039
7586,1.952
7588,1.981
7590,1.992
7592,2.004
7594,2.325
7596,2.113
7599,2.267
7601,2.227
7604,2.407
7606,2.206
7608,2.263
7610,2.05
7612,2.133
7615,2.096
7617,2.16
7619,2.106
7621,2.173
7623,2.206
7626,2.185
7628,2.043
7630,2.16
7632,1.97
7634,2.077
7636,2.062
7639,2.214
7641,2.103
7643,2.14
7645,2.032
7647,2.167
7649,2.054
7651,1.981
7653,1.806
7655,1.896
7657,1.752
7659,1.927
7661,1.824
7663,1.943
7665,1.85
7667,2.028
7669,1.744
7671,1.851
7673,2.1
7675,2.052
7678,2.951
7680,2.158
7682,2.102
7684,2.109
7686,1.947
7689,2.165
7691,1.954
7693,2.089
7695,2.022
7697,2.159
7699,2.054
7701,2.165
7704,2.03
7706,2.125
7708,2.045
7710,2.173
7712,2.031
7714,2.115
7717,2.118
7719,2.262
7721,1.986
7723,2.046
7725,2.043
7727,2.186
7730,2.189
7732,2.067
7734,2.08
7736,2.006
7738,2.004
7740,2.279
7743,2.235
7745,2.175
7747,2.041
7749,2.139
7751,2.018
7753,2.075
7756,2.077
7760,4.006
7762,1.904
7764,2.017
7766,1.929
7768,1.916
7770,1.874
7772,1.921
7774,1.868
7776,1.989
7778,1.915
7780,1.959
7782,1.937
7784,1.99
7786,1.858
7788,1.95
7789,1.883
7792,2.067
7794,1.951
7796,2.137
7798,1.928
7800,2.095
7802,1.937
7804,2.005
7806,1.922
7808,1.973
7810,1.922
7816,5.986
7818,2.071
7820,1.99
7822,2.037
7825,2.089
7827,2.002
7829,2.019
7831,1.923
7833,1.982
7835,2.071
7837,1.979
7839,1.911
7841,1.976
7843,1.994
7845,2.193
7848,2.192
7850,2.231
7852,2.195
7854,2.136
7856,2.004
7858,2.027
7861,2.202
7863,2.165
7865,2.044
7867,2.203
7869,1.999
7871,2.054
7874,2.043
7876,2.06
7878,1.972
7880,2.041
7882,1.928
7884,2.022
7886,2.06
7888,1.937
7890,1.925
7892,1.96
7894,1.988
7896,2.019
7898,1.996
7900,1.907
7902,1.849
7904,1.895
7906,1.878
7908,1.84
7910,1.8
7912,2.024
7914,1.856
7916,2.452
7918,1.882
7920,1.954
7922,1.869
7924,2.047
7926,1.85
7928,1.966
7930,2.015
7932,1.958
7934,1.906
7936,1.947
7943,6.687
7945,2.068
7947,1.937
7949,2.066
7951,2.109
7953,2.06
7956,2.102
7958,2.061
7960,1.962
7962,2.03
7964,2.053
7966,2.072
7968,2.047
7971,2.432
7979,8.348
7981,1.936
7983,2.173
7986,2.088
7988,2.084
7990,2.208
7992,2.129
7994,2.0
7996,2.116
7998,2.006
8001,2.154
8003,2.028
8005,2.134
8007,1.965
8009,2.093
8019,9.319
8021,2.547
8023,1.974
8033,9.973
8035,1.991
8038,2.157
8040,1.964
8042,2.088
8044,1.902
8048,2.077
8050,1.931
8052,2.021
8054,1.874
8056,2.059
8058,1.852
8060,2.053
8063,1.959
8065,2.052
8066,1.825
8069,2.087
8071,1.839
8073,2.065
8075,1.888
8077,2.046
8079,1.816
8081,2.098
8083,1.775
8085,2.003
8087,1.895
8089,2.092
8091,1.995
8093,2.342
8095,2.057
8098,2.414
8100,2.137
8103,2.357
8105,2.116
8107,2.263
8109,1.997
8111,2.122
8113,1.993
8116,2.165
8118,1.936
8120,2.119
8122,1.972
8124,2.03
8126,1.917
8128,1.988
8130,1.914
8132,1.953
8134,1.982
8136,2.063
8138,1.912
8140,1.948
8142,2.029
8144,2.015
8146,1.963
8148,2.057
8150,1.973
8152,1.988
8154,1.978
8157,2.164
8159,2.01
8161,2.039
8163,1.981
8165,2.137
8167,1.912
8169,2.006
8171,1.95
8173,1.808
8175,1.928
8177,2.033
8179,1.896
8181,1.791
8183,1.955
8185,2.015
8187,1.997
8189,2.194
8191,2.02
8193,2.069
8196,2.054
8198,2.169
8200,1.961
8202,2.223
8204,2.016
8207,2.21
8209,1.946
8211,2.082
8213,2.069
8215,2.12
8223,3.201
8225,2.165
8227,2.099
8230,2.238
8232,2.074
8234,2.086
8236,2.051
8238,2.037
8240,2.025
8242,2.116
8244,1.984
8246,2.02
8248,1.99
8251,2.071
8253,1.996
8255,1.95
8257,2.009
8259,1.995
8261,1.992
8263,2.184
8265,2.027
8267,2.027
8269,2.14
8271,1.984
8274,2.033
8276,2.017
8278,1.901
8279,1.877
8281,1.909
8283,1.964
8285,1.973
8287,1.835
8289,1.827
8291,1.846
8293,1.967
8295,1.845
8297,1.751
8299,1.755
8301,1.868
8302,1.845
8304,1.908
8306,1.713
8308,1.859
8310,1.8
8312,1.676
8313,1.694
8315,1.74
8317,1.697
8319,1.731
8321,1.743
8322,1.764
8324,1.924
8326,1.926
8328,1.818
8330,1.909
8332,1.686
8334,1.765
8336,1.779
8337,1.812
8339,1.895
8341,1.745
8343,1.73
8345,1.842
8347,1.751
8349,1.892
8350,1.708
8352,1.751
8354,1.731
8356,1.736
8357,1.706
8359,1.75
8361,1.684
8363,1.688
8365,1.739
8366,1.766
8368,1.734
8370,1.838
8372,1.751
8374,1.832
8376,1.816
8377,1.837
8379,1.778
8381,1.873
8383,1.928
8391,8.196
8398,6.056
8400,2.27
8402,2.146
8404,2.128
8406,2.054
8409,2.14
8411,2.258
8413,2.139
8415,2.269
8418,2.041
8420,2.177
8422,2.179
8424,2.169
8426,2.149
8429,2.184
8431,2.048
8433,2.095
8435,2.076
8437,2.138
8439,2.135
8442,2.185
8444,2.217
8446,2.121
8448,2.067
8450,1.987
8452,1.843
8454,1.935
8456,1.842
8458,1.991
8460,1.794
8462,1.952
8464,1.81
8466,1.843
8467,1.774
8469,1.903
8471,1.818
8473,1.883
8475,1.911
8477,1.903
8479,1.915
8481,1.916
8483,2.049
8485,2.064
8497,2.504
8500,2.214
8502,2.207
8504,1.992
8506,2.071
8509,2.333
8519,9.44
8521,2.262
8523,2.135
8526,2.025
8528,2.018
8530,2.017
8532,2.056
8534,2.056
8536,1.95
8538,2.05
8540,2.122
8542,2.133
8545,2.016
8546,1.825
8549,2.11
8551,2.008
8553,2.185
8555,2.082
8557,2.042
8559,1.974
8561,1.752
8563,1.984
8565,1.887
8567,1.696
8568,1.722
8570,1.661
8572,1.723
8574,1.938
8576,1.855
8578,1.751
8580,1.933
8581,1.788
8583,1.941
8585,1.943
8588,2.098
8590,1.905
8592,2.084
8594,1.843
8596,1.989
8598,1.842
8600,2.064
8602,2.014
8604,2.144
8606,1.961
8608,2.048
8610,2.014
8612,2.096
8614,2.054
8616,2.073
8618,1.997
8621,2.104
8623,1.921
8625,1.975
8627,2.001
8629,2.074
8631,1.993
8633,2.078
8635,1.992
8637,2.057
8639,2.032
8641,2.061
8643,2.009
8645,1.986
8647,1.956
8649,1.985
8651,1.958
8653,2.021
8655,1.897
8657,1.988
8659,1.956
8661,1.972
8664,2.03
8666,2.157
8668,1.927
8670,2.131
8672,1.98
8674,2.142
8676,2.001
8678,2.269
8680,2.091
8683,2.142
8685,2.209
8687,2.065
8689,2.23
8691,2.093
8694,2.101
8696,2.093
8698,2.166
8700,2.086
8702,2.043
8704,2.005
8706,1.978
8708,2.032
8710,2.033
8712,1.947
8714,1.837
8716,1.881
8718,1.896
8720,1.843
8722,1.792
8724,1.829
8726,1.986
8728,1.977
8730,1.921
8731,1.828
8733,1.83
8735,1.804
8737,1.766
8739,1.778
8741,1.849
8742,1.816
8744,1.797
8746,1.739
8748,1.785
8750,1.769
8751,1.783
8754,2.176
8756,1.958
8758,2.139
8760,1.891
8762,2.03
8764,1.901
8766,2.103
8768,2.016
8770,2.157
8772,2.041
8774,2.189
8777,2.241
8779,2.033
8781,1.909
8783,1.828
8785,1.938
8787,1.979
8789,1.957
8791,1.825
8792,1.806
8794,1.771
8796,1.884
8798,1.974
8800,1.843
8802,1.924
8804,1.746
8806,1.873
8807,1.831
8809,1.965
8811,1.857
8813,2.006
8829,15.639
8831,2.252
8834,2.122
8836,2.14
8838,2.378
8840,2.242
8843,2.331
8845,2.278
8848,2.355
8850,2.245
8852,2.353
8855,2.309
8857,2.321
8859,2.1
8861,2.206
8863,2.163
8866,2.181
8868,2.104
8870,2.192
8872,1.989
8874,2.006
8876,2.156
8878,2.044
8880,1.948
8882,2.007
8884,1.967
8886,2.017
8888,1.953
8891,2.046
8893,1.993
8895,2.015
8897,1.899
8898,1.916
8900,1.855
8902,1.846
8904,1.804
8906,1.867
8908,1.966
8910,1.989
8912,1.768
8914,1.824
8916,1.793
8917,1.905
8919,1.788
8921,1.71
8923,1.756
8925,1.857
8927,2.043
8929,1.99
8931,1.967
8933,1.856
8935,1.898
8936,1.837
8938,1.902
8940,1.852
8942,1.787
8944,1.881
8946,1.902
8948,1.932
8950,1.872
8952,1.897
8954,1.841
8956,1.857
8957,1.818
8959,1.788
8961,1.769
8963,1.869
8965,1.8
8967,1.812
8968,1.782
8970,1.775
8972,1.749
8974,1.833
8976,1.798
8978,1.777
8979,1.775
8981,1.776
8983,1.731
8985,1.794
8987,1.807
8988,1.813
8990,1.779
8992,1.772
8994,1.902
8996,1.81
8998,1.781
8999,1.781
9001,1.819
9003,1.768
9005,1.738
9007,1.748
9009,1.824
9010,1.809
9012,1.803
9014,1.906
9016,1.77
9018,1.884
9020,1.792
9022,1.772
9023,1.791
9025,1.783
9027,1.786
9029,1.845
9031,1.856
9033,1.904
9035,1.919
9037,1.927
9039,2.018
9040,1.802
9042,1.784
9044,1.765
9046,1.887
9048,1.798
9050,1.752
9051,1.767
9053,1.819
9055,1.926
9057,1.741
9059,1.721
9061,1.846
9063,1.837
9064,1.907
9066,1.805
9068,1.854
9070,1.826
9072,1.824
9074,1.799
9076,1.911
9078,1.844
9079,1.891
9081,1.849
9083,1.883
9085,1.915
9087,1.834
9089,1.799
9091,1.821
9093,2.103
9095,1.92
9101,6.076
9106,5.014
9114,7.93
9116,2.253
9118,2.051
9121,2.09
9123,1.963
9125,2.072
9127,2.218
9129,2.056
9131,2.033
9133,2.062
9135,1.965
9137,1.892
9139,1.907
9141,1.932
9143,1.935
9145,1.946
9147,1.856
9149,1.856
9151,1.868
9152,1.792
9154,1.819
9156,1.752
9158,1.838
9160,1.688
9161,1.727
9163,1.747
9165,1.771
9167,1.796
9169,1.752
9170,1.741
9172,1.702
9174,1.737
9176,1.773
9177,1.711
9179,1.784
9181,1.72
9183,1.716
9185,1.828
9187,1.809
9188,1.717
9190,1.779
9192,1.72
9194,1.725
9195,1.764
9197,1.839
9199,1.737
9201,1.734
9202,1.648
9204,1.803
9206,1.798
9208,1.812
9210,1.813
9212,1.745
9213,1.726
9215,1.723
9217,1.695
9219,1.729
9220,1.745
9222,1.756
9224,1.738
9226,1.792
9228,1.731
9229,1.75
9231,1.703
9233,1.683
9235,1.675
9236,1.798
9238,1.741
9240,1.857
9242,1.793
9244,1.74
9245,1.807
9247,1.966
9249,1.821
9251,1.901
9253,1.747
9255,1.871
9257,1.82
9259,1.895
9261,1.83
9263,1.88
9264,1.848
9266,1.919
9268,1.824
9270,1.924
9272,1.786
9274,1.979
9277,1.78
9279,2.024
9281,1.943
9283,1.842
9285,1.894
9287,1.939
9289,1.902
9291,1.885
9293,1.965
9295,1.986
9297,1.934
9299,1.925
9301,1.908
9303,1.874
9305,1.97
9307,1.897
9309,1.855
9310,1.864
9312,1.73
9314,1.955
9316,1.771
9318,1.881
9320,1.838
9322,1.78
9323,1.739
9325,1.87
9327,1.805
9329,1.823
9331,1.741
9333,1.818
9334,1.728
9336,1.772
9338,1.789
9340,1.825
9342,1.775
9344,1.85
9345,1.835
9347,1.855
9349,1.704
9351,1.787
9353,1.768
9355,1.82
9356,1.791
9358,1.747
9360,1.74
9362,1.77
9364,1.757
9365,1.802
9367,1.758
9369,1.71
9371,1.667
9372,1.849
9374,1.937
9376,1.858
9378,1.883
9380,1.852
9382,1.917
9384,1.821
9386,1.932
9388,1.849
9390,1.849
9392,1.837
9394,1.913
9395,1.885
9397,1.903
9399,1.876
9401,1.951
9403,1.887
9405,1.921
9407,1.809
9409,2.081
9411,1.965
9413,2.055
9415,1.907
9417,2.005
9419,2.119
9421,2.054
9423,1.882
9425,1.936
9427,1.866
9429,1.824
9431,1.917
9433,1.834
9435,2.017
9437,1.957
9439,1.932
9441,1.938
9443,1.967
9445,1.934
9447,1.944
9449,1.938
9451,1.927
9453,1.915
9455,1.955
9457,1.91
9459,1.918
9461,2.025
9463,1.937
9465,1.999
9467,1.995
9469,1.9
9471,1.987
9473,1.894
9475,1.942
9477,1.939
9479,2.036
9481,1.975
9483,1.919
9484,1.767
9486,1.98
9488,1.956
9490,1.834
9492,1.768
9494,1.849
9496,1.732
9498,1.87
9499,1.791
9501,1.848
9503,1.905
9505,1.734
9507,1.73
9509,1.849
9511,1.869
9513,1.995
9514,1.772
9516,1.771
9518,1.719
9520,1.787
9522,1.889
9524,1.748
9525,1.717
9527,1.881
9529,1.741
9531,1.757
9533,1.779
9534,1.749
9536,1.804
9538,1.812
9540,1.786
9542,1.804
9543,1.768
9545,1.847
9547,1.818
9549,1.773
9551,1.737
9553,1.84
9555,1.795
9556,1.844
9558,1.815
9560,1.808
9562,1.794
9564,1.764
9565,1.708
9567,1.782
9569,1.774
9571,1.789
9573,1.756
9575,1.81
9576,1.794
9578,1.802
9580,1.82
9582,1.835
9584,1.737
9586,1.774
9587,1.786
9589,1.803
9591,1.774
9593,1.745
9595,1.821
9597,1.89
9598,1.81
9600,1.726
9602,1.786
9604,1.701
9606,1.763
9607,1.803
9609,1.821
9611,1.87
9613,1.835
9615,1.727
9617,1.808
9618,1.694
9620,1.856
9622,1.877
9624,1.973
9626,1.958
9628,1.963
9630,2.151
9632,1.985
9634,2.107
9637,2.008
9639,1.975
9641,1.999
9643,2.021
9645,1.934
9647,1.978
9649,1.999
9651,1.89
9653,1.98
9655,2.036
9657,1.954
9659,1.974
9661,2.011
9663,1.897
9665,1.954
9667,1.899
9669,1.989
9671,1.922
9673,1.982
9675,1.933
9677,1.94
9678,1.883
9680,1.87
9682,1.961
9684,1.995
9686,1.948
9688,2.0
9690,2.023
9692,2.003
9694,1.99
9697,1.976
9699,2.095
9701,2.036
9703,2.106
9705,2.006
9707,2.041
9709,2.065
9711,2.169
9713,2.002
9715,1.916
9717,1.971
9719,1.995
9721,1.987
9723,1.941
9726,2.18
9727,1.863
9730,2.133
9732,1.948
9734,2.0
9736,1.898
9738,1.93
9740,1.983
9742,1.95
9744,1.952
9746,1.964
9747,1.963
9749,1.921
9751,1.937
9753,1.942
9755,1.864
9757,1.706
9759,1.694
9761,1.888
9763,1.915
9765,1.979
9767,1.893
9769,1.959
9770,1.836
9772,1.719
9774,1.791
9776,1.785
9778,1.925
9780,1.847
9781,1.76
9783,1.85
9785,1.769
9787,1.99
9789,1.912
9791,1.929
9793,1.93
9795,1.932
9797,1.993
9799,2.016
9801,1.969
9803,1.934
9805,1.976
9807,1.876
9809,1.955
9811,1.973
9813,1.894
9815,2.081
9817,1.95
9819,1.958
9821,1.952
9823,1.869
9825,1.912
9827,1.934
9829,1.954
9831,2.128
9833,2.028
9835,2.076
9837,1.914
9839,1.998
9841,1.917
9843,1.987
9845,1.972
9847,2.058
9849,2.003
9851,1.922
9853,2.037
9855,2.026
9858,2.062
9860,2.053
9862,2.033
9864,1.964
9866,2.062
9868,2.045
9870,2.106
9872,2.079
9874,1.974
9876,2.068
9878,2.155
9880,1.973
9883,2.146
9885,2.09
9887,2.021
9889,1.957
9891,2.085
9893,2.016
9895,1.933
9897,1.945
9899,1.982
9901,1.865
9903,1.976
9905,1.945
9907,1.958
9909,1.872
9911,1.997
9913,1.94
9915,1.88
9917,1.865
9918,1.821
9922,3.816
9924,1.956
9926,2.147
9928,1.862
9930,2.001
9932,1.845
9934,1.954
9936,1.819
9938,2.239
9940,1.897
9942,2.082
9944,1.891
9946,2.02
9948,1.89
9950,2.074
9952,1.837
9954,2.019
9956,1.879
9958,1.997
9960,1.876
9962,1.988
9964,1.868
9966,1.943
9968,1.836
9970,1.954
9972,1.803
9974,1.831
9976,1.861
9978,1.928
9979,1.919
9981,1.906
9983,1.836
9985,1.841
9987,1.991
9989,1.876
9991,1.953
9993,1.956
9995,1.912
9997,1.976
9999,2.045
10001,1.89
10003,1.924
10005,2.041
10007,1.904
10009,1.804
10011,1.801
10013,1.933
10015,2.112
10017,1.919
10019,1.859
10021,1.932
10023,2.045
10025,2.067
10027,1.96
10029,1.837
10031,1.853
10032,1.851
10034,1.758
10036,1.826
10038,1.964
10040,1.926
10049,9.065
10051,2.135
10053,2.074
10056,2.152
10058,2.103
10060,2.096
10062,1.984
10064,2.108
10066,2.186
10069,2.225
10071,2.28
10073,2.195
10075,2.18
10078,2.285
10080,2.098
10082,2.207
10084,1.922
10086,2.046
10088,1.929
10090,2.134
10092,2.079
10095,2.112
10097,2.221
10099,2.101
10101,2.029
10103,2.294
10105,2.076
10108,2.112
10110,2.068
10112,2.022
10114,1.991
10116,2.041
10118,1.941
10120,2.086
10122,1.99
10124,2.024
10126,1.961
10128,2.018
10130,1.907
10132,2.019
10134,1.983
10136,2.04
10138,1.922
10140,2.03
10142,1.983
10144,2.0
10146,1.945
10148,2.002
10150,1.937
10153,2.128
10155,1.968
10157,2.015
10158,1.883
10161,2.096
10163,1.872
10165,1.987
10167,1.943
10168,1.849
10170,1.865
10172,1.925
10174,1.931
10176,1.961
10178,1.853
10180,1.955
10182,1.939
10184,1.936
10186,1.953
10188,1.938
10190,1.995
10192,1.967
10194,1.944
10196,1.936
10198,1.991
10200,1.862
10202,1.804
10204,1.865
10206,1.878
10207,1.851
10209,1.917
10211,1.852
10213,1.767
10215,1.9
10217,1.878
10219,1.854
10221,1.902
10223,1.84
10225,1.949
10227,1.89
10229,1.898
10230,1.893
10233,2.149
10235,1.97
10237,1.857
10239,1.97
10240,1.846
10242,1.877
10244,1.825
10246,1.869
10248,1.848
10250,1.902
10252,1.773
10253,1.77
10255,1.767
10257,1.715
10259,1.744
10261,1.873
10263,1.858
10265,1.932
10266,1.856
10268,1.872
10270,1.853
10272,1.867
10274,1.888
10276,1.806
10278,1.741
10280,1.869
10281,1.92
10283,1.871
10285,1.845
10287,1.777
10289,1.843
10291,1.878
10293,1.867
10295,2.036
10297,1.835
10299,1.861
10300,1.713
10302,1.777
10304,1.947
10306,2.007
10308,1.947
10310,1.887
10312,1.939
10314,1.92
10316,1.711
10317,1.787
10319,1.785
10321,1.726
10323,1.69
10325,1.845
10326,1.831
10328,1.991
10330,1.773
10332,1.867
10334,1.859
10336,1.804
10338,1.751
10340,1.869
10341,1.828
10343,1.885
10345,2.076
10347,1.938
10349,1.805
10351,1.877
10353,1.732
10362,8.721
10364,2.052
10366,1.938
10368,1.949
10370,2.138
10372,1.761
10373,1.76
10375,1.798
10377,1.788
10379,1.782
10381,2.012
10383,1.913
10385,1.928
10387,1.791
10389,1.968
10391,1.926
10393,1.973
10394,1.799
10396,1.928
10398,1.866
10400,1.873
10402,1.835
10404,1.951
10406,1.879
10408,1.911
10410,1.854
10412,2.016
10414,1.851
10416,2.147
10418,1.879
10420,2.013
10422,1.836
10424,1.978
10426,1.755
10427,1.872
10429,1.785
10431,1.966
10433,1.879
10435,2.011
10437,1.789
10439,1.904
10441,1.808
10443,1.929
10445,1.802
10447,1.946
10449,1.863
10451,1.977
10453,1.911
10454,1.94
10456,1.803
10458,1.92
10460,1.817
10462,1.924
10464,1.821
10466,1.918
10468,1.765
10470,1.988
10472,1.764
10474,1.968
10475,1.851
10477,1.976
10479,1.938
10482,2.1
10484,1.972
10486,1.949
10487,1.797
10489,2.04
10491,1.887
10493,2.002
10495,1.899
10497,2.012
10499,1.9
10501,1.887
10503,1.844
10505,1.955
10507,1.894
10509,1.926
10511,1.83
10513,1.955
10515,1.894
10517,1.978
10519,1.891
10521,1.903
10523,1.807
10525,2.015
10527,1.902
10529,1.969
10530,1.829
10532,1.893
10534,1.82
10536,1.844
10538,1.899
10540,1.911
10542,1.832
10544,1.856
10546,1.793
10548,1.909
10549,1.856
10551,1.895
10553,1.746
10555,1.949
10557,1.855
10559,1.897
10561,1.945
10563,1.903
10565,1.966
10567,2.094
10569,1.922
10571,1.943
10573,1.985
10575,2.03
10577,1.872
10579,1.963
10581,1.919
10583,1.905
10585,2.019
10587,1.875
10589,1.813
10591,1.976
10593,1.91
10595,1.938
10597,2.007
10599,1.97
10601,1.9
10603,1.922
10605,1.961
10607,1.944
10608,1.814
10610,1.873
10612,1.834
10614,1.887
10616,1.958
10618,1.844
10620,1.811
10622,1.884
10624,1.902
10626,1.976
10628,1.979
10630,1.929
10632,1.889
10634,1.96
10635,1.843
10637,1.856
10639,1.869
10641,2.088
10643,1.918
10645,2.004
10647,1.884
10649,2.025
10651,1.847
10653,1.824
10655,1.817
10657,1.926
10659,1.876
10661,1.892
10663,1.866
10665,1.917
10667,1.951
10669,1.927
10671,1.871
10672,1.863
10674,1.884
10676,1.932
10678,1.914
10680,1.916
10682,1.887
10684,2.058
10686,1.85
10688,1.855
10690,1.891
10692,1.967
10694,1.848
10696,2.139
10698,1.901
10700,1.914
10702,1.817
10704,1.925
10706,1.853
10708,1.951
10709,1.843
10711,1.998
10713,1.853
10715,1.971
10717,1.85
10719,1.892
10721,1.914
10728,6.668
10736,8.418
10742,5.18
10746,4.122
10749,3.037
10751,2.162
10753,2.171
10755,2.049
10757,2.1
10760,1.992
10762,2.185
10764,2.05
10766,2.147
10768,2.012
10770,2.161
10772,2.011
10774,2.099
10776,1.947
10778,2.03
10780,1.913
10782,2.01
10784,1.944
10787,2.162
10789,1.957
10791,1.945
10793,1.971
10795,2.045
10797,2.068
10799,2.038
10801,2.019
10803,2.262
10805,2.018
10807,2.14
10810,2.045
10812,2.087
10814,1.884
10816,2.072
10818,1.929
10820,2.047
10822,1.898
10824,2.063
10826,1.928
10828,1.991
10830,1.91
10832,2.044
10834,1.959
10836,2.05
10838,1.893
10840,1.951
10842,2.047
10844,1.958
10846,1.852
10848,1.956
10850,1.879
10852,1.973
10854,1.991
10856,2.019
10858,1.886
10860,2.165
10862,1.845
10864,2.002
10866,1.891
10868,2.002
10870,1.979
10872,2.042
10874,2.083
10876,2.006
10878,1.936
10880,2.006
10882,1.945
10884,1.99
10886,1.966
10888,1.955
10890,1.945
10892,1.994
10894,1.979
10896,1.991
10898,1.944
10900,2.018
10902,1.969
10904,2.026
10906,1.958
10908,2.025
10910,1.898
10912,1.994
10914,1.905
10916,2.013
10918,1.892
10920,2.023
10922,1.957
10924,1.969
10926,1.9
10928,1.954
10930,1.997
10932,1.994
10934,1.878
10936,2.009
10938,1.896
10940,1.999
10942,1.942
10944,1.972
10946,1.915
10948,2.008
10950,1.97
10952,1.962
10954,1.94
10956,2.003
10958,1.921
10960,1.989
10962,1.9
10964,1.994
10966,1.912
10968,1.997
10970,2.018
10972,1.966
10974,1.94
10976,1.961
10978,1.906
10980,2.013
10982,1.936
10984,1.991
10986,2.106
10988,1.956
10990,2.054
10992,2.036
10994,2.124
10997,2.031
10999,1.982
11001,1.997
11003,1.896
11005,2.037
11007,1.924
11009,1.991
11011,1.934
11013,2.015
11015,1.908
11017,2.141
11019,1.899
11021,2.04
11023,1.918
11025,2.088
11027,1.89
11029,2.027
11031,2.024
11033,2.103
11035,2.067
11037,2.013
11039,2.123
11041,2.081
11044,2.108
11046,2.037
11048,2.024
11050,2.033
11052,2.024
11054,2.049
11056,2.006
11060,4.324
11063,2.303
11065,2.071
11067,2.066
11069,2.004
11071,2.039
11073,1.99
11075,2.008
11077,1.984
11079,2.067
11081,1.998
11083,2.074
11085,2.034
11087,2.036
11090,2.013
11092,1.956
11094,2.043
11096,2.005
11099,3.695
11102,2.192
11104,1.927
11106,2.04
11108,1.981
11110,2.023
11112,2.005
11114,2.016
11116,2.028
11118,2.051
11120,1.986
11122,2.045
11124,2.022
11126,2.044
11128,2.022
11130,2.009
11132,1.997
11134,2.073
11137,2.036
11139,1.942
11141,2.053
11143,1.907
11145,2.018
11147,1.953
11149,1.993
11151,2.043
11153,2.072
11155,1.902
11157,2.033
11159,1.932
11161,2.0
11163,1.898
11165,1.995
11167,1.926
11169,1.987
11171,1.898
11173,2.011
11175,1.895
11177,2.032
11179,1.91
11181,2.004
11183,2.051
11185,2.013
11187,1.904
11189,1.987
11191,2.09
11193,2.061
11195,1.906
11197,1.974
11199,2.115
11201,2.057
11203,1.925
11205,2.025
11207,1.919
11209,2.009
11211,1.913
11213,2.037
11215,1.926
11217,2.045
11219,1.915
11221,2.032
11223,1.985
11225,2.045
11227,1.957
11230,2.04
11231,1.895
11234,2.042
11235,1.88
11238,2.087
11240,1.982
11242,1.966
11244,1.902
11246,1.985
11248,1.906
11250,1.989
11251,1.884
11254,1.996
11255,1.956
11258,2.001
11260,2.076
11262,2.01
11264,2.011
11266,2.079
11268,2.023
11270,2.048
11272,2.033
11274,1.949
11276,1.963
11278,2.028
11280,1.961
11282,1.978
11284,1.953
11286,2.0
11288,1.879
11290,1.976
11293,3.023
11295,2.076
11297,1.892
11299,2.05
11301,1.899
11303,2.066
11305,2.063
11307,1.972
11339,31.88
11343,3.098
11345,2.547
11348,2.519
11353,5.087
11355,2.509
11358,2.4
11360,2.447
11363,2.524
11365,2.467
11374,8.382
11377,2.589
11379,2.371
11381,2.413
11384,2.289
11386,2.281
11388,2.313
11394,5.275
11396,2.343
11399,2.413
11401,2.272
11403,2.354
11406,2.377
11408,2.451
11411,2.304
11413,2.337
11415,2.259
11418,2.286
11420,2.193
11422,2.366
11424,2.18
11427,2.321
11429,2.222
11431,2.293
11434,2.255
11436,2.214
11438,2.21
11440,2.211
11448,7.254
11450,2.545
11453,2.237
11455,2.251
11457,2.21
11459,2.255
11462,2.165
11464,2.204
11466,2.261
11468,2.089
11474,5.629
11476,2.208
11478,2.183
11481,2.231
11483,2.156
11485,2.307
11487,2.225
11490,2.362
11492,2.126
11494,2.179
11496,1.957
11498,2.111
11500,1.972
11502,2.179
11505,2.129
11507,2.117
11509,2.127
11511,2.104
11513,1.981
11515,2.222
11517,1.919
11519,2.087
11521,1.921
11524,2.124
11525,1.855
11528,2.114
11530,2.476
11532,2.028
11534,1.806
11536,2.004
11542,5.823
11544,2.117
11551,6.828
11553,2.116
11555,1.775
11557,2.093
11559,1.855
11561,1.964
11563,1.768
11565,2.037
11567,1.823
11569,2.016
11570,1.77
11573,1.972
11574,1.846
11576,1.912
11578,1.786
11580,1.919
11582,1.78
11584,1.928
11586,1.765
11588,1.877
11590,1.865
11592,2.037
11593,1.823
11595,2.019
11597,1.871
11599,1.982
11601,1.794
11603,2.063
11605,1.818
11607,1.915
11609,1.781
11611,1.931
11613,1.733
11615,1.917
11617,1.828
11618,1.925
11620,1.884
11629,8.755
11631,1.961
11633,2.101
11635,2.09
11638,2.113
11640,2.201
11642,2.097
11644,2.175
11646,1.981
11648,2.024
11650,1.981
11652,2.017
11654,2.05
11656,1.93
11658,1.942
11660,1.913
11662,1.938
11664,1.882
11666,1.885
11668,1.949
11670,1.908
11672,1.795
11674,1.93
11676,1.802
11678,1.891
11680,1.808
11682,1.897
11683,1.793
11685,1.918
11687,1.843
11690,1.919
11691,1.785
11693,1.947
11695,1.816
11697,1.89
11699,1.735
11701,1.882
11703,1.804
11705,1.909
11707,1.891
11709,1.92
11710,1.851
11712,1.872
11714,1.966
11716,1.899
11718,1.891
11720,1.984
11722,1.979
11724,2.022
11726,1.918
11728,2.069
11730,2.05
11732,1.979
11734,1.979
11736,1.909
11738,1.943
11740,1.924
11743,1.875
11749,5.998
11752,2.837
11754,2.142
11756,1.915
11758,1.983
11760,1.906
11762,1.907
