17,13.181
27,9.5
31,4.149
35,3.755
39,3.958
43,3.325
49,6.321
53,3.189
56,3.368
59,3.271
63,3.656
68,5.011
72,3.411
75,3.134
79,3.611
86,7.161
90,3.496
94,3.605
98,3.936
102,3.536
105,3.425
109,3.653
112,3.044
116,3.699
119,3.427
123,3.524
127,3.294
130,3.772
134,3.249
137,3.209
140,2.954
144,3.119
147,2.889
150,3.016
153,3.294
157,3.375
160,3.203
164,3.449
167,3.627
171,3.561
174,3.068
180,5.094
183,3.393
187,3.82
190,3.199
194,3.433
198,3.423
208,10.247
215,6.448
219,3.831
222,3.567
226,3.612
229,3.043
233,3.416
236,3.129
239,3.238
247,6.907
251,3.824
263,12.461
268,4.546
272,3.68
276,3.664
279,3.439
283,3.596
290,6.928
294,3.765
298,3.864
302,3.704
305,3.251
309,3.564
312,3.236
316,3.449
320,3.362
323,3.158
326,3.191
330,3.103
333,3.376
337,3.318
340,3.107
343,3.333
347,3.143
350,3.224
353,3.368
357,3.01
360,3.152
363,3.041
366,3.189
370,3.233
373,3.46
377,2.987
380,3.117
383,3.07
386,3.221
390,3.281
394,3.601
397,3.469
401,3.459
404,3.206
408,3.375
412,4.172
417,4.181
420,3.059
423,3.34
528,104.63
539,11.04
551,11.477
555,4.186
560,4.448
564,3.309
569,4.997
573,3.793
577,3.763
580,3.367
584,3.798
588,3.608
592,3.352
595,3.413
599,3.176
602,3.429
606,3.275
611,4.54
631,19.532
635,3.606
639,3.767
642,3.501
646,3.493
650,3.812
654,3.91
658,3.666
661,3.107
664,3.209
667,3.139
670,2.849
675,4.176
687,12.176
691,4.232
695,3.08
698,3.18
701,3.101
704,3.097
708,3.466
712,4.4
717,4.301
721,3.819
725,4.192
729,3.783
732,3.159
736,3.225
739,3.342
742,2.92
745,2.934
759,13.693
763,3.93
767,3.271
773,6.135
803,29.985
807,3.44
810,3.038
814,3.924
817,3.104
820,3.077
824,3.409
828,4.062
832,4.044
836,3.957
840,3.788
844,4.283
849,4.063
852,3.482
856,3.497
860,3.632
864,3.838
868,4.079
873,4.556
877,4.29
881,4.14
885,3.8
889,3.251
892,3.328
897,4.589
900,3.337
904,3.941
908,3.65
911,2.886
914,3.014
917,2.921
920,2.924
923,2.894
927,3.144
931,4.05
935,3.809
941,5.963
952,11.177
967,14.932
972,4.737
977,4.462
981,4.285
986,4.428
990,4.39
994,3.295
997,2.882
1000,3.036
1003,3.072
1007,3.832
1011,4.048
1015,3.238
1018,3.488
1022,3.561
1026,3.597
1036,10.112
1051,14.801
1055,4.358
1060,4.466
1064,4.035
1068,3.265
1071,3.307
1074,2.978
1078,4.156
1091,12.58
1096,4.58
1100,4.013
1103,3.225
1107,3.21
1110,3.235
1114,3.615
1123,8.605
1131,8.253
1136,4.497
1139,2.837
1142,3.097
1145,2.934
1149,3.692
1154,4.369
1175,20.179
1179,3.506
1183,4.654
1195,11.378
1198,3.301
1203,4.166
1207,4.295
1210,3.113
1214,3.894
1227,12.04
1230,3.461
1234,3.436
1238,3.955
1243,4.422
1246,3.241
1250,3.342
1253,3.223
1256,3.161
1261,4.166
1265,4.229
1269,4.18
1274,4.716
1279,4.472
1282,2.955
1285,3.151
1289,3.072
1292,2.881
1296,3.876
1300,4.007
1323,22.861
1327,3.51
1331,3.781
1343,12.205
1347,4.134
1351,3.987
1355,3.129
1358,3.076
1361,3.008
1364,2.973
1368,3.835
1372,3.941
1377,3.889
1380,3.594
1384,3.847
1388,3.915
1392,3.015
1395,2.953
1398,2.926
1401,3.058
1405,3.595
1408,3.178
1412,4.127
1416,3.28
1420,3.536
1424,3.671
1427,2.854
1430,2.972
1433,3.135
1436,3.214
1440,3.93
1444,3.636
1449,4.117
1453,4.384
1458,4.138
1461,3.72
1465,3.118
1468,3.328
1471,3.017
1476,4.244
1480,4.265
1484,4.118
1488,3.596
1492,4.063
1497,3.957
1500,3.254
1504,3.363
1507,3.144
1510,2.982
1531,21.153
1551,19.67
1556,4.346
1559,3.186
1563,4.02
1567,3.994
1571,3.023
1574,3.039
1577,3.008
1580,3.138
1584,3.13
1587,3.606
1591,3.155
1594,3.327
1599,4.4
1603,4.357
1608,4.124
1612,3.848
1616,4.023
1619,3.325
1623,3.114
1626,3.436
1630,3.815
1634,4.15
1638,3.534
1642,3.844
1646,4.229
1667,20.253
1671,3.7
1675,3.871
1679,4.126
1683,4.097
1688,4.373
1691,3.292
1695,3.476
1700,4.536
1703,3.296
1707,3.208
1710,3.294
1714,3.285
1717,3.3
1720,3.078
1723,2.906
1727,3.648
1731,3.306
1735,3.993
1740,5.338
1744,3.626
1749,4.016
1752,3.277
1755,3.23
1758,2.788
1761,2.899
1765,3.466
1770,4.331
1774,3.772
1778,4.329
1782,3.958
1786,3.807
1789,3.099
1793,3.573
1796,2.82
1800,3.522
1804,3.787
1808,4.257
1812,3.397
1816,4.158
1839,23.167
1859,19.641
1863,3.33
1866,3.494
1879,12.419
1883,3.503
1886,3.075
1889,2.984
1892,2.965
1895,2.972
1899,3.323
1903,3.99
1906,2.882
1911,3.336
1914,2.894
1918,3.374
1921,3.164
1924,2.906
1927,2.935
1930,3.185
1934,3.082
1937,3.088
1940,3.149
1943,2.922
1946,2.875
1950,3.103
1953,2.987
1956,3.118
1959,2.937
1962,3.176
1966,3.26
1969,3.059
1972,2.939
1975,2.993
1979,3.112
1982,3.069
1985,3.168
1988,2.842
1992,3.652
1996,3.203
1999,3.132
2003,4.196
2008,4.53
2011,3.265
2015,3.069
2018,3.042
2021,3.274
2025,3.005
2028,2.865
2031,3.129
2034,2.804
2037,3.035
2040,3.012
2043,2.903
2046,2.75
2049,2.962
2052,2.961
2056,2.946
2059,2.776
2062,2.894
2065,3.052
2068,2.888
2071,2.827
2074,2.691
2077,2.795
2080,3.185
2083,2.996
2086,2.983
2089,2.851
2093,3.195
2096,2.97
2099,3.233
2103,3.142
2106,3.159
2109,2.999
2112,2.839
2115,3.056
2118,2.879
2121,2.776
2124,2.959
2127,2.952
2131,2.904
2134,2.868
2136,2.695
2139,2.814
2142,2.857
2146,3.017
2149,3.174
2152,2.973
2155,3.209
2159,3.153
2162,3.022
2165,3.011
2168,2.873
2177,8.452
2187,9.959
2191,3.504
2194,3.157
2199,5.113
2211,11.628
2215,3.664
2218,3.152
2222,3.267
2225,3.087
2228,2.85
2231,2.847
2234,2.815
2237,2.992
2240,3.044
2244,3.234
2247,3.399
2250,2.896
2254,3.216
2257,2.917
2260,2.809
2263,2.847
2266,2.932
2269,2.912
2272,2.913
2275,3.162
2279,2.926
2282,3.04
2285,2.859
2288,3.124
2291,3.206
2295,3.12
2298,2.967
2301,3.011
2304,2.992
2308,3.341
2311,3.214
2314,3.255
2318,3.269
2321,3.328
2325,3.267
2328,3.212
2332,3.389
2335,3.496
2339,3.191
2342,3.188
2346,3.24
2349,3.295
2352,3.1
2355,3.093
2358,2.707
2361,2.984
2365,2.94
2368,3.139
2371,2.971
2374,2.921
2377,2.716
2380,2.905
2383,2.708
2385,2.663
2388,2.64
2391,2.568
2393,2.517
2396,2.786
2399,2.617
2402,2.727
2405,2.697
2408,2.833
2411,2.935
2414,2.909
2417,2.723
2420,2.672
2422,2.678
2425,2.734
2428,2.5
2431,2.757
2434,2.957
2437,2.771
2451,8.224
2454,3.434
2458,3.104
2461,2.876
2464,3.053
2467,3.133
2470,2.881
2474,3.149
2477,3.069
2480,3.046
2483,2.907
2486,3.149
2490,3.21
2493,2.871
2496,2.928
2499,2.977
2502,2.825
2505,3.03
2508,2.869
2511,2.79
2514,2.826
2516,2.672
2520,2.978
2523,2.845
2526,2.895
2528,2.7
2532,3.325
2535,2.973
2538,3.019
2541,2.936
2544,3.146
2548,3.036
2551,2.886
2554,2.83
2557,3.075
2560,2.889
2563,2.646
2565,2.739
2568,2.851
2571,2.927
2575,2.968
2578,2.919
2581,2.947
2584,2.879
2587,2.906
2590,2.911
2593,2.824
2596,3.138
2599,3.138
2602,2.85
2605,2.713
2608,2.656
2611,2.767
2614,2.944
2617,3.03
2620,2.655
2623,2.742
2626,2.883
2636,9.886
2643,6.893
2646,3.135
2649,2.82
2652,3.064
2655,2.561
2658,2.686
2661,2.819
2664,3.016
2667,2.78
2670,2.94
2673,2.854
2676,3.002
2679,2.554
2682,2.735
2685,3.06
2689,3.546
2692,3.149
2695,2.677
2698,2.772
2701,3.421
2705,3.248
2708,2.947
2710,2.507
2713,2.894
2717,3.185
2720,3.629
2724,3.543
2728,3.616
2731,3.463
2735,3.247
2738,3.454
2796,56.995
2800,4.405
2804,3.334
2807,2.917
2810,3.561
2823,12.342
2826,3.375
2830,3.85
2834,3.644
2837,3.038
2841,2.971
2844,2.943
2847,3.1
2850,3.298
2854,3.149
2857,2.995
2860,2.788
2863,2.957
2866,2.809
2869,3.023
2873,3.563
2876,3.006
2879,2.99
2882,2.7
2885,2.774
2888,2.818
2891,2.771
2894,2.899
2897,2.967
2900,2.746
2903,2.625
2906,2.813
2909,3.026
2912,2.656
2915,3.014
2918,2.715
2921,2.856
2924,2.84
2927,2.921
2931,3.126
2934,2.943
2937,2.887
2940,2.791
2943,2.758
2946,2.8
2949,2.799
2952,2.957
2955,2.879
2958,2.878
2961,3.207
2965,3.216
2968,2.945
2971,3.302
2976,4.79
2987,10.712
2991,3.372
2994,3.125
2997,3.244
3000,2.915
3004,3.098
3007,2.908
3010,2.945
3013,3.427
3016,2.892
3020,3.011
3023,3.002
3026,3.219
3030,3.195
3033,3.468
3036,3.039
3040,2.97
3043,2.961
3046,3.103
3049,2.985
3052,2.984
3056,3.072
3059,2.968
3062,3.031
3065,2.891
3068,3.151
3071,2.998
3074,2.743
3077,2.96
3080,2.763
3084,2.955
3086,2.804
3090,3.076
3093,2.836
3096,2.967
3099,2.853
3102,2.809
3105,3.333
3108,2.803
3112,3.007
3115,2.838
3117,2.681
3121,3.2
3124,2.934
3127,2.955
3131,2.794
3134,2.945
3137,2.676
3140,2.934
3143,2.653
3146,2.684
3148,2.693
3152,2.949
3154,2.671
3158,3.175
3161,2.927
3164,2.626
3167,2.856
3170,2.939
3173,2.675
3176,2.876
3183,6.88
3186,3.059
3189,2.899
3192,2.883
3196,3.399
3199,3.067
3202,2.831
3205,2.793
3208,3.3
3211,2.849
3214,2.91
3217,2.944
3220,2.805
3223,2.823
3226,2.941
3229,2.704
3233,3.386
3236,2.706
3279,43.5
3283,3.362
3286,2.779
3289,3.05
3292,3.047
3295,3.006
3299,3.165
3302,3.298
3306,3.079
3309,2.993
3312,2.705
3315,3.167
3318,2.974
3321,2.845
3324,2.81
3327,2.683
3330,2.664
3333,2.522
3336,2.795
3339,2.836
3342,3.039
3345,2.83
3348,2.629
3351,2.823
3353,2.795
3356,2.842
3360,2.952
3363,3.053
3366,2.592
3368,2.644
3371,2.676
3375,3.362
3378,2.737
3381,2.821
3384,2.85
3387,3.123
3390,2.732
3393,2.914
3396,2.539
3398,2.783
3401,2.667
3404,2.894
3407,2.533
3410,2.968
3413,2.64
3416,2.814
3419,2.526
3422,3.078
3425,2.708
3435,10.328
3438,2.798
3441,3.02
3463,18.333
3467,3.648
3470,2.761
3491,18.046
3495,3.352
3498,3.137
3501,2.822
3504,2.933
3507,2.845
3510,2.801
3513,2.961
3516,2.987
3519,2.777
3522,2.917
3527,4.445
3530,2.931
3533,2.698
3536,2.632
3539,3.292
3542,2.593
3545,2.726
3548,2.752
3551,2.674
3554,2.735
3556,2.634
3559,2.645
3562,2.463
3565,2.691
3568,2.892
3571,2.724
3573,2.385
3579,5.321
3581,2.576
3584,2.922
3588,3.509
3592,3.634
3595,3.371
3598,2.734
3601,2.585
3604,3.047
3608,3.083
3611,2.746
3613,2.46
3616,2.665
3619,2.788
3622,2.653
3625,2.574
3628,2.847
3631,3.248
3634,2.656
3637,2.878
3640,3.193
3644,3.257
3647,2.932
3683,36.52
3687,3.72
3691,3.22
3694,3.287
3697,2.887
3700,2.986
3703,2.785
3706,2.62
3709,2.809
3712,2.697
3715,2.885
3718,2.758
3721,2.91
3724,2.79
3727,3.117
3731,3.919
3735,3.183
3738,3.481
3741,2.945
3744,2.949
3748,2.985
3750,2.515
3753,2.55
3759,5.806
3762,2.724
3783,21.237
3787,3.522
3790,2.919
3793,2.565
3796,3.326
3800,3.281
3802,2.419
3805,2.673
3808,2.711
3811,2.623
3814,2.679
3816,2.495
3819,2.687
3822,2.467
3825,3.076
3828,2.715
3830,2.273
3833,2.385
3836,2.706
3838,2.494
3842,3.036
3844,2.801
3847,2.516
3850,2.691
3853,2.609
3856,2.888
3859,2.799
3861,2.508
3864,2.65
3867,2.519
3870,2.732
3872,2.47
3875,2.743
3878,2.581
3881,3.157
3884,2.559
3887,2.87
3890,2.736
3893,2.631
3896,2.577
3898,2.513
3901,2.491
3908,6.912
3923,15.058
3927,3.298
3929,2.685
3932,2.57
3935,2.5
3938,2.631
3940,2.664
3943,2.72
3946,2.499
3949,2.585
3951,2.439
3954,2.553
3957,2.503
3959,2.81
3962,2.572
3965,2.781
3968,2.55
3971,2.517
3973,2.44
3976,2.478
3979,2.655
3981,2.578
3984,2.78
3987,2.544
3990,2.504
3992,2.685
3995,2.683
3998,2.639
4001,2.458
4003,2.643
4006,2.456
4009,2.817
4012,2.581
4014,2.602
4017,2.537
4020,2.796
4023,2.543
4026,2.687
4028,2.463
4031,2.868
4034,2.489
4037,2.578
4039,2.649
4042,2.82
4050,7.428
4054,3.295
4056,2.715
4060,3.093
4065,5.534
4069,3.722
4072,3.014
4108,35.422
4123,14.919
4127,3.388
4130,3.137
4133,3.142
4136,2.997
4140,2.985
4143,3.012
4146,2.67
4149,2.767
4151,2.639
4154,2.66
4157,2.798
4160,2.809
4163,2.732
4166,2.54
4169,2.651
4172,2.876
4174,2.482
4177,2.476
4180,2.771
4182,2.519
4185,2.574
4188,2.706
4191,2.624
4193,2.471
4196,2.551
4199,2.351
4201,2.538
4204,2.363
4207,2.54
4209,2.467
4212,2.67
4215,2.508
4217,2.305
4220,2.757
4223,2.856
4226,2.571
4229,2.623
4231,2.44
4234,2.515
4237,2.532
4239,2.534
4242,2.463
4244,2.476
4247,2.584
4250,2.548
4253,2.461
4255,2.407
4258,2.415
4260,2.696
4263,2.771
4266,2.884
4269,2.406
4272,2.722
4275,2.508
4277,2.73
4280,2.364
4283,2.454
4285,2.44
4288,2.405
4290,2.509
4293,2.638
4296,2.435
4298,2.461
4301,2.422
4304,2.587
4306,2.481
4309,2.524
4311,2.221
4314,2.604
4317,2.564
4319,2.342
4322,2.596
4325,2.789
4328,2.395
4330,2.647
4333,2.506
4336,2.388
4338,2.362
4341,2.669
4344,2.552
4346,2.317
4349,2.403
4351,2.569
4354,2.44
4358,2.61
4376,17.826
4379,3.275
4383,3.112
4386,3.123
4389,2.885
4392,2.874
4395,2.846
4398,2.72
4400,2.432
4403,2.829
4406,2.685
4409,2.676
4412,2.699
4415,2.503
4417,2.621
4420,2.664
4423,2.591
4447,24.114
4451,3.552
4454,2.666
4458,4.113
4461,2.849
4464,2.785
4476,11.49
4483,6.913
4486,3.373
4489,2.91
4492,2.733
4495,2.777
4498,3.029
4501,2.915
4504,2.942
4507,2.532
4510,2.644
4513,2.705
4516,2.692
4519,2.858
4522,2.759
4525,2.801
4528,2.84
4531,2.767
4533,2.788
4536,2.737
4540,3.011
4542,2.787
4545,2.837
4548,2.614
4552,3.17
4554,2.747
4557,2.747
4560,2.554
4563,2.441
4565,2.596
4568,2.71
4571,3.009
4575,3.114
4577,2.648
4580,2.702
4583,2.548
4586,2.722
4588,2.552
4591,2.632
4594,2.593
4597,2.528
4600,2.834
4602,2.702
4605,2.683
4608,2.499
4610,2.568
4613,2.854
4617,3.135
4620,3.143
4623,2.529
4629,6.486
4639,9.23
4642,2.795
4644,2.629
4648,2.911
4651,3.061
4654,3.334
4658,3.319
4661,3.035
4664,3.071
4667,2.596
4669,2.525
4672,2.577
4675,2.485
4677,2.568
4680,2.496
4683,3.117
4687,3.327
4690,2.754
4692,2.494
4695,2.482
4697,2.468
4700,2.516
4703,2.485
4705,2.442
4708,2.433
4710,2.406
4713,2.386
4716,2.688
4718,2.776
4721,2.565
4724,2.502
4727,2.857
4729,2.474
4732,2.696
4735,2.83
4737,2.307
4742,3.899
4744,2.41
4746,2.306
4750,3.071
4753,2.853
4756,3.311
4759,2.494
4762,2.918
4765,3.278
4768,3.154
4771,2.966
4774,2.456
4776,2.531
4779,2.629
4782,2.586
4785,2.638
4787,2.702
4791,3.11
4793,2.569
4796,2.889
4799,2.993
4802,2.869
4806,3.106
4809,2.981
4811,2.571
4814,2.435
4816,2.337
4819,2.268
4822,3.139
4825,3.176
4828,3.081
4831,2.358
4834,2.926
4837,3.217
4840,2.9
4843,2.761
4845,2.316
4848,2.305
4850,2.245
4852,2.327
4855,2.191
4858,2.965
4861,3.076
4866,5.14
4869,3.009
4872,3.017
4876,3.15
4879,3.014
4881,2.273
4884,2.426
4890,6.341
4915,25.228
4922,3.492
4924,2.798
4927,2.799
4930,2.831
4933,2.835
4936,2.884
4939,3.117
4942,2.938
4945,2.586
4948,2.694
4952,4.134
4955,2.554
4957,2.422
4960,2.417
4962,2.234
4965,2.728
4968,2.676
4971,2.937
4973,2.657
4976,2.866
4979,2.86
4983,3.21
4986,3.269
4989,2.707
4991,2.424
4994,2.288
4996,2.594
4999,2.819
5004,4.839
5008,3.669
5011,2.822
5013,2.496
5018,4.899
5021,2.595
5024,2.414
5026,2.443
5029,2.348
5032,3.023
5034,2.475
5037,2.718
5040,2.437
5043,2.958
5045,2.486
5048,2.503
5060,11.55
5080,19.872
5083,3.61
5086,2.594
5089,2.488
5091,2.768
5094,2.447
5097,2.506
5100,3.201
5103,3.388
5106,2.583
5109,2.543
5111,2.571
5119,7.853
5122,2.615
5125,2.645
5127,2.304
5130,2.423
5132,2.308
5135,2.532
5138,2.907
5142,4.221
5145,2.94
5167,21.678
5170,2.913
5173,3.275
5177,3.048
5180,3.144
5183,3.176
5186,3.131
5190,3.172
5193,2.877
5196,3.236
5199,2.575
5205,6.697
5208,2.387
5210,2.262
5213,2.255
5215,2.314
5217,2.172
5220,2.17
5222,2.204
5224,2.196
5226,2.306
5229,2.297
5231,2.291
5234,2.221
5236,2.311
5238,2.334
5241,2.41
5243,2.48
5246,2.457
5248,2.304
5251,2.926
5254,2.455
5257,2.985
5260,3.165
5264,3.227
5266,2.506
5269,2.559
5271,2.225
5274,2.431
5276,2.191
5279,3.048
5283,3.617
5286,2.852
5289,3.054
5292,3.106
5296,3.323
5299,3.048
5301,2.367
5304,2.439
5306,2.394
5309,2.691
5312,2.513
5314,2.681
5318,3.727
5321,3.155
5324,2.676
5327,2.416
5330,3.021
5333,2.951
5336,2.966
5339,2.546
5341,2.329
5344,2.596
5346,2.28
5348,2.372
5351,2.418
5354,2.555
5357,3.106
5360,2.783
5363,3.174
5366,3.13
5370,3.273
5373,2.966
5375,2.455
5377,2.214
5380,2.367
5382,2.46
5385,2.525
5388,3.217
5392,3.113
5395,3.051
5398,3.231
5401,3.138
5404,2.835
5407,2.939
5410,2.224
5412,2.24
5414,2.348
5417,2.517
5419,2.397
5422,2.455
5425,2.877
5427,2.433
5430,2.512
5433,2.384
5435,2.299
5438,2.907
5441,2.993
5444,2.784
5446,2.435
5449,2.383
5451,2.343
5454,2.244
5456,2.423
5459,2.283
5461,2.573
5464,2.52
5467,2.798
5470,3.239
5473,2.86
5476,2.625
5480,4.159
5484,4.432
5487,2.867
5490,2.214
5492,2.175
5495,2.545
5498,2.803
5501,3.071
5504,3.266
5527,22.557
5530,3.15
5533,2.689
5536,2.68
5539,3.007
5542,2.767
5544,2.626
5547,2.68
5550,2.561
5552,2.582
5555,2.553
5558,2.456
5560,2.481
5563,2.524
5566,2.561
5568,2.594
5571,2.503
5573,2.396
5576,2.585
5579,2.478
5581,2.323
5584,2.363
5586,2.426
5588,2.331
5591,2.263
5593,2.381
5596,2.276
5598,2.388
5601,2.585
5603,2.359
5606,2.189
5608,2.31
5610,2.195
5614,3.27
5616,2.223
5618,2.351
5621,2.329
5624,2.528
5626,2.591
5629,2.374
5631,2.239
5633,2.315
5636,2.181
5638,2.502
5641,2.531
5644,2.553
5646,2.485
5649,2.5
5652,2.674
5654,2.637
5657,2.46
5659,2.413
5662,2.373
5664,2.376
5667,2.383
5669,2.309
5672,2.31
5674,2.669
5677,2.435
5680,2.44
5682,2.197
5685,2.652
5687,2.388
5690,2.391
5692,2.355
5695,2.494
5697,2.366
5700,2.424
5702,2.434
5705,2.498
5707,2.356
5710,2.548
5712,2.398
5715,2.527
5718,2.388
5720,2.323
5722,2.217
5725,2.227
5727,2.429
5730,2.334
5732,2.332
5734,2.212
5738,3.091
5740,2.792
5743,2.752
5746,2.405
5748,2.142
5750,2.357
5753,2.417
5756,2.491
5758,2.725
5761,2.822
5765,3.017
5767,2.466
5770,3.027
5774,3.112
5777,3.013
5780,2.713
5782,2.517
5785,2.297
5787,2.366
5790,2.438
5792,2.184
5795,2.996
5798,3.239
5802,3.05
5804,2.78
5808,3.333
5811,3.282
5815,3.358
5817,2.384
5820,2.378
5822,2.183
5825,2.392
5827,2.457
5831,3.12
5834,3.051
5837,2.973
5840,3.048
5844,3.467
5847,3.237
5850,3.161
5853,2.444
5856,2.593
5858,2.229
5861,2.365
5863,2.294
5866,2.653
5869,2.929
5872,2.853
5875,2.621
5879,3.741
5882,3.588
5886,3.544
5889,2.922
5892,2.535
5894,2.516
5897,2.616
5900,2.519
5903,3.007
5906,3.014
5910,3.389
5913,3.252
5917,3.462
5920,3.103
5923,3.063
5926,2.52
5929,2.769
5932,2.796
5935,2.644
5937,2.629
5941,3.043
5944,3.299
5948,3.417
5951,3.352
5954,3.226
5958,3.395
5961,2.722
5964,2.849
5967,2.517
5969,2.563
5972,2.517
5975,2.971
5979,3.304
5982,3.399
5985,3.128
5989,3.437
5992,3.111
5996,3.166
5998,2.758
6001,2.621
6004,2.624
6007,2.39
6009,2.419
6012,3.251
6016,3.451
6019,3.241
6022,2.783
6026,3.556
6030,3.399
6033,2.865
6035,2.466
6038,2.231
6040,2.376
6043,2.433
6046,2.798
6049,3.129
6053,3.377
6056,3.085
6059,3.374
6063,3.095
6066,3.494
6069,2.881
6072,2.55
6074,2.318
6077,2.385
6079,2.238
6082,2.91
6086,3.544
6089,3.322
6093,3.587
6097,3.655
6101,3.72
6104,3.326
6109,4.307
6112,2.683
6135,23.486
6139,3.565
6142,2.686
6144,2.627
6147,2.655
6150,2.477
6153,2.811
6156,3.092
6159,2.993
6162,2.875
6165,3.043
6168,2.983
6172,3.113
6175,3.232
6178,2.426
6180,2.232
6182,2.216
6191,8.651
6207,15.745
6210,2.945
6212,2.282
6235,13.484
6238,2.848
6241,2.756
6244,2.7
6246,2.522
6249,2.481
6251,2.38
6254,2.168
6256,2.376
6258,2.152
6261,2.217
6263,2.396
6265,2.32
6268,2.096
6270,2.197
6272,2.114
6274,2.13
6277,2.1
6279,2.258
6281,2.206
6284,2.278
6287,3.079
6290,2.655
6293,2.938
6295,2.716
6299,3.073
6302,3.078
6305,3.451
6308,2.69
6311,2.354
6313,2.524
6316,2.295
6318,2.28
6320,2.351
6323,2.884
6326,2.841
6329,2.964
6332,2.54
6335,2.807
6338,2.586
6340,2.71
6343,2.77
6345,2.092
6348,2.039
6350,2.18
6352,2.25
6354,2.218
6357,2.443
6360,3.041
6363,2.91
6366,3.154
6370,3.188
6372,2.767
6375,2.884
6378,2.773
6381,2.312
6383,2.226
6385,2.024
6387,2.001
6389,2.186
6392,2.034
6394,2.493
6397,3.143
6400,2.776
6403,2.933
6406,2.661
6409,3.004
6412,2.694
6415,2.882
6417,2.134
6419,2.072
6422,3.167
6425,2.378
6427,2.488
6430,2.702
6433,2.856
6436,2.843
6439,3.015
6442,2.947
6445,3.085
6448,2.984
6452,3.004
6454,2.684
6457,2.362
6459,2.333
6462,2.382
6464,2.306
6467,2.582
6470,2.878
6472,2.579
6475,2.692
6478,2.941
6481,2.69
6484,2.605
6486,2.69
6489,2.392
6491,2.272
6494,2.481
6496,2.242
6498,2.232
6501,2.502
6504,2.927
6507,2.778
6510,2.724
6512,2.564
6515,2.617
6518,2.79
6521,2.55
6524,2.868
6526,2.294
6528,2.365
6531,2.623
6534,2.402
6536,2.538
6539,2.912
6542,2.603
6545,2.732
6547,2.645
6550,2.739
6553,2.729
6556,2.695
6559,2.832
6561,2.298
6564,2.532
6566,2.305
6569,2.447
6571,2.513
6574,2.478
6576,2.171
6578,2.381
6581,2.227
6584,2.814
6587,2.832
6589,2.664
6592,2.728
6595,2.974
6598,2.444
6601,2.731
6603,2.607
6606,2.658
6608,2.282
6611,2.87
6614,3.034
6617,2.966
6620,2.623
6623,2.707
6626,2.735
6629,2.774
6631,2.709
6634,2.427
6636,2.465
6639,2.698
6642,2.694
6645,2.619
6647,2.533
6650,2.431
6652,2.437
6655,2.531
6658,2.42
6660,2.375
6663,2.523
6665,2.793
6668,2.333
6670,2.413
6673,2.443
6675,2.456
6678,2.35
6680,2.32
6683,2.3
6685,2.428
6688,2.427
6690,2.447
6693,2.529
6695,2.36
6698,2.213
6700,2.48
6703,2.363
6705,2.423
6707,2.357
6710,2.437
6712,2.189
6743,30.987
6747,3.871
6750,2.716
6753,2.902
6756,3.006
6759,2.883
6762,2.81
6765,2.448
6767,2.376
6770,2.522
6773,2.751
6775,2.553
6778,2.502
6780,2.445
6783,2.502
6785,2.317
6788,2.166
6790,2.148
6792,2.157
6794,2.095
6797,2.347
6799,2.166
6801,2.152
6803,2.28
6806,2.15
6808,2.06
6810,2.082
6812,2.038
6814,2.296
6817,2.07
6819,2.328
6821,2.319
6824,2.069
6826,2.259
6828,2.152
6830,2.213
6833,2.149
6835,2.367
6838,2.713
6840,2.101
6842,2.349
6845,2.314
6847,2.139
6849,2.138
6852,2.199
6854,2.045
6856,2.059
6858,2.116
6860,2.262
6863,2.333
6865,2.563
6868,2.562
6871,2.807
6874,2.722
6876,2.517
6879,2.774
6882,2.588
6884,2.522
6887,2.512
6889,1.999
6891,2.25
6894,2.652
6896,2.117
6898,2.0
6901,2.288
6904,2.687
6906,2.794
6909,2.689
6912,2.557
6915,2.99
6918,2.829
6921,2.904
6924,2.647
6927,3.083
6930,3.103
6933,2.648
6935,2.2
6937,2.037
6939,2.265
6942,2.496
6945,2.677
6948,2.795
6950,2.711
6953,2.882
6956,2.819
6959,2.955
6962,3.074
6966,3.474
6969,2.475
6971,2.093
6973,2.297
6975,2.241
6978,2.255
6980,2.428
6983,2.372
6985,2.65
6988,2.243
6990,2.435
6993,3.157
6996,2.807
6999,2.806
7002,2.695
7004,2.305
7007,2.185
7009,2.086
7011,2.143
7013,2.256
7016,2.203
7018,2.646
7021,3.041
7024,2.919
7028,3.019
7030,2.762
7033,2.896
7036,3.012
7039,2.693
7041,2.133
7044,2.179
7046,2.034
7050,4.011
7052,2.152
7055,2.889
7058,2.599
7060,2.658
7065,4.176
7068,2.702
7070,2.85
7074,3.076
7076,2.478
7078,2.191
7081,2.161
7083,2.154
7085,2.107
7087,2.297
7090,2.318
7093,2.584
7095,2.502
7115,19.581
7118,2.754
7120,2.364
7123,2.467
7126,3.13
7129,2.706
7132,3.039
7134,2.523
7142,7.099
7173,31.258
7177,3.561
7180,3.428
7183,3.026
7186,2.755
7189,2.646
7192,2.576
7194,2.493
7197,3.206
7201,3.044
7204,2.842
7206,2.336
7208,2.425
7211,2.12
7213,2.043
7215,2.107
7217,2.193
7220,2.343
7222,2.123
7224,2.106
7226,2.088
7229,2.621
7232,2.778
7234,2.486
7237,2.514
7239,2.202
7242,2.474
7244,2.311
7246,1.925
7248,1.999
7250,1.992
7252,2.198
7255,2.092
7257,1.974
7259,2.044
7261,2.177
7263,2.515
7266,2.389
7269,2.646
7271,2.721
7274,2.567
7277,2.591
7279,2.656
7282,2.637
7285,2.763
7288,2.819
7291,2.693
7293,2.082
7295,2.136
7297,2.024
7299,1.911
7301,2.172
7304,2.704
7306,2.062
7308,2.027
7311,2.221
7313,2.233
7315,2.539
7318,2.646
7321,2.973
7324,2.759
7327,2.886
7329,2.212
7332,2.149
7334,2.202
7336,2.408
7339,2.218
7341,2.81
7345,3.197
7348,3.011
7350,2.402
7353,2.566
7356,2.581
7358,2.207
7360,2.219
7363,2.294
7365,2.189
7367,2.095
7369,2.018
7371,2.128
7375,2.532
7377,2.458
7380,2.792
7383,2.644
7386,2.832
7388,2.783
7391,2.05
7393,2.319
7396,2.55
7398,2.17
7400,2.055
7443,43.08
7448,4.42
7451,3.326
7455,3.362
7458,3.514
7461,2.771
7464,2.63
7467,2.559
7469,2.835
7472,2.411
7474,2.326
7477,2.942
7481,3.075
7484,2.906
7486,2.557
7489,2.545
7491,2.463
7494,2.624
7496,2.232
7498,1.955
7501,2.304
7503,2.155
7505,2.275
7508,2.224
7510,2.401
7513,2.574
7516,2.788
7519,2.881
7521,2.628
7524,2.621
7527,2.908
7530,2.76
7533,2.646
7535,2.119
7537,2.354
7540,2.181
7542,2.366
7544,2.136
7547,2.909
7550,2.637
7553,2.866
7556,2.753
7559,2.93
7563,4.495
7566,2.732
7569,2.703
7571,2.141
7573,2.166
7576,2.224
7578,2.155
7580,2.114
7582,2.245
7586,3.068
7588,2.794
7591,2.845
7594,2.199
7596,2.501
7599,2.759
7602,2.64
7604,2.253
7606,1.923
7608,2.013
7610,1.959
7612,1.913
7614,1.973
7616,1.905
7619,2.459
7621,2.505
7624,2.777
7627,2.547
7630,2.845
7633,3.094
7636,2.739
7639,2.742
7641,2.182
7643,2.112
7645,2.254
7648,2.246
7650,2.234
7653,2.619
7656,2.954
7658,2.721
7661,2.897
7664,2.454
7666,2.257
7669,2.96
7672,2.995
7675,2.875
7678,2.292
7680,2.345
7683,2.353
7685,2.235
7687,2.281
7690,2.477
7693,3.029
7696,3.028
7699,2.613
7702,2.779
7705,3.036
7708,3.229
7711,2.949
7713,2.19
7716,2.186
7718,2.109
7720,2.228
7722,2.141
7725,2.306
7728,2.665
7731,2.997
7734,2.958
7736,2.653
7739,2.069
7741,2.835
7745,2.922
7747,2.606
7749,2.043
7752,2.111
7754,2.04
7756,2.083
7758,2.025
7760,2.08
7762,2.297
7765,2.853
7768,2.835
7771,2.683
7773,2.183
7776,2.284
7778,2.768
7781,2.751
7784,2.736
7787,2.797
7790,2.782
7793,2.965
7796,2.692
7798,1.98
7800,2.14
7802,2.231
7805,2.57
7808,2.719
7810,2.625
7813,2.789
7816,2.321
7818,2.176
7820,2.348
7824,3.075
7827,3.099
7830,2.875
7832,2.563
7835,2.127
7837,2.166
7839,2.087
7841,2.205
7844,2.794
7847,2.832
7850,2.658
7853,2.957
7856,3.217
7859,2.846
7862,3.029
7865,3.033
7868,2.485
7870,2.352
7873,2.218
7875,2.54
7878,2.202
7880,2.612
7884,3.087
7887,3.171
7890,2.875
7893,3.012
7896,2.741
7899,2.916
7902,3.064
7905,2.686
7907,2.226
7909,2.366
7912,2.365
7914,2.336
7917,2.649
7920,3.031
7923,2.991
7926,2.737
7929,2.648
7932,2.696
7934,2.729
7938,3.092
7940,2.596
7942,2.172
7945,2.2
7947,2.28
7949,2.132
7952,2.369
7955,3.083
7958,3.14
7961,3.111
7964,2.642
7967,3.316
7970,2.7
7974,3.278
7976,2.623
7979,2.228
7981,2.302
7983,2.279
7986,2.041
7988,2.189
7990,2.55
7993,2.918
7996,2.851
7999,2.724
8002,2.367
8005,2.844
8007,2.561
8010,2.998
8013,2.514
8015,2.392
8018,2.328
8020,2.565
8023,2.499
8025,2.242
8028,2.766
8031,3.253
8035,3.135
8037,2.617
8040,2.565
8043,3.18
8046,2.991
8049,2.623
8052,2.553
8054,2.45
8057,2.389
8060,2.612
8062,2.596
8065,2.528
8067,2.53
8070,2.355
8072,2.499
8075,2.391
8077,2.332
8080,2.473
8082,2.388
8085,2.652
8088,2.473
8090,2.416
8093,2.379
8095,2.275
8097,2.285
8100,2.334
8104,4.347
8108,4.247
8111,2.475
8114,2.426
8116,2.251
8118,2.304
8121,2.312
8123,2.592
8126,2.182
8128,2.204
8130,2.192
8133,2.444
8135,2.585
8138,2.378
8140,2.213
8142,2.202
8145,2.181
8147,2.104
8150,2.689
8152,2.317
8154,2.327
8157,2.402
8159,2.211
8162,2.25
8164,2.275
8166,2.379
8169,2.189
8171,2.424
8174,2.259
8176,2.186
8178,2.406
8181,2.245
8183,2.311
8185,2.349
8188,2.165
8190,2.396
8193,2.479
8195,2.562
8198,2.909
8201,2.836
8204,2.494
8206,2.206
8208,2.249
8211,2.291
8213,2.277
8215,2.291
8218,2.164
8220,2.302
8222,2.245
8225,2.135
8227,2.072
8229,2.17
8231,2.083
8233,2.182
8236,2.274
8238,2.06
8240,2.28
8243,2.143
8245,2.176
8247,2.192
8249,2.033
8251,2.1
8253,2.041
8256,2.113
8259,2.047
8261,2.405
8263,2.213
8266,2.138
8268,2.084
8270,2.065
8272,2.064
8274,2.047
8276,2.158
8279,2.098
8281,2.295
8283,2.016
8285,2.166
8288,2.751
8290,2.06
8293,2.274
8298,2.586
8300,2.617
8303,2.543
8306,2.775
8309,2.513
8311,2.551
8313,2.091
8316,2.116
8318,2.039
8320,2.0
8322,2.411
8325,2.909
8328,2.745
8331,2.821
8334,2.555
8336,2.579
8339,2.55
8346,6.74
8363,17.442
8367,3.375
8375,7.755
8383,7.983
8386,3.09
8389,2.632
8391,2.361
8394,2.518
8397,2.744
8400,3.088
8403,3.391
8406,2.783
8409,3.031
8413,3.358
8416,3.374
8419,2.952
8422,2.581
8425,2.362
8427,2.806
8430,2.379
8433,2.965
8436,3.364
8440,3.117
8443,2.919
8446,2.853
8449,2.878
8452,2.866
8454,2.722
8457,2.181
8459,2.167
8468,8.674
8475,6.865
8478,2.862
8503,21.513
8506,3.076
8514,8.079
8517,2.442
8520,2.362
8522,2.416
8525,2.487
8527,2.438
8530,2.439
8551,14.823
8554,3.103
8558,3.507
8561,2.889
8564,3.112
8566,2.406
8569,2.591
8572,2.55
8575,3.066
8578,2.891
8581,3.212
8585,3.245
8588,3.019
8591,3.033
8594,3.181
8598,3.455
8601,2.99
8603,2.331
8605,2.265
8608,2.128
8610,2.219
8613,2.588
8635,21.669
8638,2.916
8641,2.816
8644,2.483
8646,2.674
8649,2.467
8663,7.495
8666,2.867
8668,2.361
8671,2.27
8673,2.357
8687,13.643
8690,3.037
8692,2.492
8695,2.423
8697,2.235
8700,2.378
8702,2.162
8704,2.253
8706,1.984
8708,2.072
8711,2.185
8713,2.414
8716,2.374
8718,2.193
8720,2.256
8723,2.218
8725,2.617
8728,2.431
8731,2.725
8733,2.28
8736,2.539
8738,2.195
8740,2.156
8742,2.141
8745,2.259
8747,2.365
8749,2.377
8753,2.962
8755,2.618
8758,2.659
8761,2.769
8763,2.585
8766,2.673
8769,2.687
8772,2.772
8774,2.62
8777,2.658
8780,2.53
8782,2.048
8784,2.136
8786,2.064
8789,2.431
8792,2.784
8794,2.658
8797,2.837
8800,2.227
8802,2.521
8804,2.205
8807,2.115
8809,2.114
8811,2.089
8813,2.123
8825,2.247
8839,13.285
8842,3.129
8849,7.17
8858,8.883
8861,2.733
8864,2.766
8867,2.939
8870,2.956
8873,2.825
8876,2.918
8879,2.629
8882,3.029
8885,3.099
8888,2.616
8891,2.526
8893,2.371
8895,2.351
8898,2.371
8901,2.565
8903,2.487
8906,2.521
8908,2.359
8910,2.022
8913,2.54
8916,2.643
8918,2.605
8921,2.548
8924,2.885
8926,2.184
8928,2.2
8931,2.38
8933,2.109
8936,2.743
8938,2.44
8941,2.55
8944,2.481
8946,2.488
8949,2.734
8951,2.345
8954,2.839
8957,2.606
8959,2.188
8961,1.977
8963,2.052
8966,2.352
8968,2.051
8970,2.415
8973,2.277
8975,2.233
8977,2.144
8979,2.098
8982,2.109
8984,2.193
8986,2.116
8988,2.158
8991,2.178
8993,2.306
8996,2.863
8998,2.296
9001,2.327
9003,2.205
9005,2.183
9008,2.677
9011,2.61
9013,2.715
9016,2.538
9018,2.085
9021,2.595
9024,2.797
9026,2.795
9029,2.88
9032,2.42
9034,2.073
9036,2.011
9038,1.966
9040,2.117
9042,2.028
9045,2.694
9048,2.846
9051,2.735
9053,2.414
9056,2.196
9059,2.717
9061,2.697
9064,2.7
9067,2.711
9069,2.101
9071,2.389
9074,2.279
9076,1.98
9078,2.28
9080,2.166
9083,2.562
9086,2.578
9088,2.475
9091,2.651
9093,2.457
9096,2.556
9099,2.618
9102,2.903
9104,2.48
9106,1.965
9108,2.036
9110,1.893
9112,1.96
9114,1.924
9116,1.958
9119,2.3
9122,2.855
9124,2.575
9127,2.6
9129,2.37
9132,2.149
9134,2.021
9136,1.984
9138,2.036
9140,2.127
9142,2.107
9144,2.209
9147,2.129
9149,2.091
9151,2.047
9153,1.96
9156,3.167
9158,2.175
9160,1.9
9163,2.136
9165,2.083
9167,2.123
9169,1.91
9171,2.064
9173,2.028
9175,2.141
9177,1.92
9179,2.032
9181,1.987
9183,1.954
9185,1.93
9187,2.012
9189,1.986
9191,1.906
9193,1.938
9196,2.311
9198,2.106
9200,2.106
9202,1.954
9204,2.078
9206,2.018
9208,2.106
9210,1.922
9213,2.094
9215,1.984
9217,2.172
9219,2.062
9221,2.054
9223,1.995
9225,2.116
9227,2.052
9230,2.1
9232,1.999
9245,13.657
9248,2.911
9251,2.262
9253,2.195
9255,2.113
9257,2.061
9260,2.176
9262,2.187
9264,2.096
9266,2.105
9268,2.164
9270,2.077
9273,2.243
9275,2.213
9277,2.321
9280,2.319
9282,2.131
9284,2.045
9286,2.024
9288,2.191
9291,2.106
9293,2.105
9295,2.09
9297,2.306
9299,2.113
9302,2.183
9304,2.038
9306,2.067
9308,2.045
9310,2.368
9313,2.315
9315,2.322
9317,2.196
9320,2.281
9322,2.108
9324,2.381
9327,2.126
9329,2.309
9331,2.094
9334,2.393
9336,2.088
9338,2.228
9340,2.108
9342,2.212
9345,2.223
9347,2.227
9349,2.019
9351,2.024
9353,2.087
9355,2.038
9358,2.166
9360,2.183
9362,2.347
9365,2.28
9367,2.075
9369,2.01
9371,2.156
9373,2.214
9376,2.246
9378,2.228
9380,2.212
9383,2.401
9385,2.223
9387,2.451
9389,2.08
9392,2.226
9394,2.149
9396,2.267
9398,2.178
9401,2.383
9403,2.11
9405,2.246
9408,2.195
9410,2.201
9412,2.214
9415,2.448
9417,2.294
9419,2.26
9421,2.128
9424,2.253
9426,2.297
9428,2.196
9431,2.146
9433,2.09
9435,2.157
9437,2.139
9439,2.26
9442,2.212
9444,2.27
9446,2.117
9448,2.207
9451,2.023
9453,2.167
9455,2.212
9457,2.101
9459,2.1
9462,2.486
9464,2.278
9466,2.191
9469,2.074
9471,2.048
9473,2.178
9475,2.161
9477,2.029
9479,2.23
9482,2.151
9484,2.18
9486,1.984
9488,2.038
9490,2.137
9493,2.291
9495,2.138
9497,2.063
9499,2.273
9501,2.09
9503,2.086
9506,2.002
9508,2.035
9510,1.971
9512,2.012
9514,2.103
9516,2.135
9518,2.107
9520,2.046
9522,2.134
9525,2.313
9527,2.112
9529,2.048
9531,2.006
9533,2.064
9536,2.202
9538,2.116
9540,2.156
9542,2.163
9544,2.177
9546,1.983
9549,2.24
9551,2.057
9553,2.122
9555,2.168
9558,2.214
9560,2.122
9562,2.192
9564,2.356
9567,2.412
9569,2.03
9571,2.267
9574,2.252
9576,2.462
9578,2.103
9581,2.201
9583,2.041
9585,2.186
9587,2.157
9589,2.216
9592,2.113
9594,2.173
9596,2.137
9598,2.013
9600,2.088
9602,2.16
9605,2.09
9607,2.096
9609,2.309
9612,2.458
9614,2.213
9616,2.255
9618,2.236
9621,2.174
9623,2.118
9625,2.122
9627,2.213
9629,2.04
9632,2.343
9634,2.33
9636,2.22
9639,2.47
9641,2.327
9644,2.367
9646,2.21
9648,2.3
9651,2.105
9653,2.262
9655,2.212
9657,2.16
9660,2.239
9662,1.899
9664,2.144
9666,1.996
9668,2.108
9670,1.951
9672,2.077
9674,2.022
9676,2.134
9679,2.072
9681,2.144
9683,1.988
9685,2.073
9687,2.092
9690,2.329
9692,2.222
9694,2.36
9697,2.363
9699,2.394
9701,2.316
9704,2.093
9706,2.038
9708,2.032
9710,2.02
9712,2.189
9714,2.11
9717,2.315
9719,2.234
9721,2.078
9723,2.146
9726,2.315
9728,2.468
9731,2.299
9733,2.291
9735,2.191
9737,2.271
9740,2.09
9742,2.04
9744,2.169
9746,2.191
9749,2.438
9751,2.403
9754,2.34
9756,2.46
9758,2.221
9761,2.222
9763,2.07
9765,2.295
9768,2.413
9770,2.285
9772,2.146
9775,2.352
9777,2.176
9779,2.183
9781,2.001
9783,2.338
9786,2.304
9788,2.376
9790,2.107
9793,2.181
9795,2.225
9797,2.29
9800,2.313
9802,1.997
9804,2.087
9806,2.046
9808,2.196
9810,2.039
9812,2.112
9814,1.952
9817,2.095
9819,2.022
9821,1.915
9823,1.991
9825,2.053
9827,2.031
9829,2.057
9831,1.97
9833,2.035
9835,2.162
9838,2.188
9840,2.16
9842,2.047
9844,2.116
9846,2.136
9849,2.171
9851,2.599
9853,2.128
9855,1.956
9857,1.886
9859,2.133
9862,2.08
9864,2.549
9866,2.187
9869,2.531
9871,2.262
9873,2.038
9876,1.991
9878,1.961
9880,2.05
9882,2.402
9884,2.293
9887,2.514
9889,2.311
9892,2.839
9895,3.031
9898,2.349
9900,2.36
9903,2.252
9905,2.187
9907,2.148
9909,2.078
9912,2.279
9914,2.222
9917,2.719
9919,2.598
9922,2.315
9924,2.398
9927,2.396
9929,2.724
9932,2.279
9934,2.173
9936,2.064
9938,2.09
9941,2.13
9943,2.088
9945,1.956
9947,2.083
9949,2.202
9951,2.105
9953,2.055
9956,2.575
9958,2.253
9961,2.486
9964,2.916
9967,2.673
9969,2.237
9971,2.182
9973,2.171
9975,2.029
9978,2.317
9980,2.31
9982,2.135
9985,2.816
9988,2.356
9990,2.395
9993,3.147
9996,3.001
9999,2.645
10002,2.627
10004,2.11
10006,2.384
10009,2.167
10011,2.328
10013,1.964
10015,2.038
10017,2.106
10020,2.351
10022,2.463
10025,2.989
10028,2.271
10030,2.091
10032,1.967
10034,2.05
10036,2.052
10038,2.119
10040,1.986
10042,1.983
10044,1.955
10046,2.034
10048,1.956
10051,2.456
10053,2.306
10056,2.223
10058,2.564
10061,2.297
10063,2.152
10066,2.654
10068,2.313
10070,2.351
10073,2.324
10149,75.802
10152,3.437
10156,3.221
10159,2.965
10162,2.878
10165,2.979
10168,3.087
10171,3.007
10174,2.762
10176,2.474
10179,2.366
10181,2.363
10184,2.366
10186,2.395
10188,2.15
10191,2.302
10193,2.177
10195,2.224
10197,2.155
10200,2.289
10202,2.271
10204,2.155
10207,2.332
10209,2.312
10211,2.277
10214,2.162
10216,2.153
10218,2.168
10220,2.009
10222,2.159
10224,1.932
10227,2.135
10229,2.115
10231,2.085
10233,1.892
10235,1.953
10237,2.13
10239,2.225
10242,2.163
10244,2.276
10246,2.14
10249,2.288
10251,2.399
10254,2.473
10256,2.525
10259,2.278
10261,2.667
10264,2.333
10266,2.639
10270,3.71
10273,2.42
10275,2.327
10277,2.361
10280,2.259
10282,2.289
10284,2.116
10286,2.024
10289,2.25
10291,2.259
10293,2.157
10296,2.249
10298,2.249
10300,2.156
10302,2.146
10305,2.36
10307,2.182
10309,2.151
10312,2.185
10314,2.155
10316,2.19
10318,2.222
10321,2.405
10323,2.102
10325,2.029
10327,2.238
10330,2.208
10332,2.326
10334,2.29
10337,2.062
10339,2.404
10342,2.443
10344,2.316
10346,2.187
10349,2.456
10351,2.638
10354,2.518
10357,2.543
10359,2.36
10361,2.182
10364,2.471
10366,2.333
10368,2.165
10371,2.05
10373,2.302
10375,2.115
10378,2.343
10380,2.368
10382,2.421
10385,2.265
10387,2.351
10390,2.245
10393,3.193
10395,2.436
10398,2.343
10400,2.34
10403,2.345
10405,2.291
10407,2.394
10410,2.49
10413,2.717
10415,2.603
10418,2.605
10420,2.372
10423,2.313
10425,2.226
10428,2.47
10430,2.228
10436,5.814
10499,63.161
10503,3.323
10505,2.56
10508,2.582
10510,2.209
10513,2.341
10515,2.416
10518,2.489
10520,2.432
10523,2.274
10525,2.274
10528,2.358
10530,2.386
10533,2.468
10535,2.54
10537,2.275
10540,2.268
10542,2.342
10545,2.282
10547,2.04
10549,2.187
10551,2.349
10554,2.076
10556,2.269
10558,2.196
10561,2.329
10563,2.391
10565,2.127
10567,2.078
10570,2.203
10572,2.052
10574,2.29
10576,2.207
10579,2.384
10581,2.22
10583,2.111
10586,2.069
10588,2.21
10590,2.028
10592,2.131
10594,1.955
10596,2.1
10598,1.95
10601,2.124
10603,2.04
10605,2.251
10607,1.994
10609,2.129
10611,2.059
10614,2.205
10616,2.145
10618,2.062
10620,2.15
10622,2.223
10625,2.125
10627,2.315
10629,2.141
10632,2.271
10634,2.132
10636,2.226
10638,2.051
10641,2.726
10643,2.254
10646,2.096
10648,2.035
10650,2.244
10652,2.296
10655,2.355
10657,2.083
10659,2.33
10662,2.215
10664,2.278
10666,2.052
10668,2.099
10670,2.038
10672,2.075
10675,2.019
10677,2.322
10679,2.367
10682,2.377
10731,48.116
10735,3.579
10738,2.66
10740,2.481
10743,2.452
10745,2.341
10748,2.376
10750,2.426
10753,3.203
10756,2.477
10759,2.742
10763,2.528
10766,2.514
10768,2.425
10779,10.089
10807,28.267
10811,3.271
10814,3.292
10818,3.384
10821,3.312
10825,3.816
10828,3.087
10831,2.824
10833,2.273
10836,2.217
10838,2.369
10843,5.162
10887,43.61
10892,4.312
10896,3.759
10911,15.291
10914,3.133
10917,2.747
10920,2.924
10923,2.89
10926,2.902
10929,2.81
10932,2.654
10935,2.892
10938,2.87
10940,2.853
10943,2.208
10945,2.398
10948,2.229
10950,2.014
10952,2.281
10954,2.185
10957,2.597
10959,2.494
10962,2.365
10964,2.096
10966,2.086
10968,2.059
10970,2.068
10972,2.019
10975,2.021
10977,2.018
10979,2.193
10981,2.056
10983,2.103
10985,2.056
10987,2.084
10989,2.06
10992,2.117
10994,2.093
10996,2.113
10998,2.182
11000,2.176
11003,2.079
11005,2.166
11007,2.154
11009,2.136
11011,2.096
11013,2.036
11015,2.01
11018,2.046
11020,2.24
11022,2.137
11024,2.042
11026,2.191
11029,2.261
11031,2.193
11033,2.092
11035,2.157
11037,2.11
11040,2.192
11042,2.005
11044,2.19
11046,2.07
11048,2.177
11051,2.028
11053,2.135
11055,2.105
11057,2.023
11059,2.001
11061,2.025
11063,2.059
11065,2.116
11068,1.991
11070,2.251
11072,1.997
11074,2.123
11076,1.963
11078,2.019
11080,1.966
11082,2.15
11085,1.972
11087,2.096
11089,2.312
11091,2.233
11094,2.333
11096,2.085
11098,2.184
11100,2.017
11102,2.104
11105,2.747
11108,2.338
11110,2.08
11112,2.048
11114,2.079
11116,2.108
11118,2.016
11121,2.158
11123,2.118
11125,2.167
11127,2.07
11129,2.213
11132,2.153
11134,2.207
11136,2.158
11138,2.064
11140,2.114
11142,2.041
11144,2.044
11146,1.956
11149,2.136
11151,2.039
11153,2.307
11156,2.303
11158,2.321
11160,2.112
11162,2.104
11165,2.159
11167,2.132
11169,2.082
11171,2.17
11173,1.969
11175,1.913
11177,2.076
11179,2.107
11181,1.977
11184,2.081
11186,2.039
11188,2.127
11190,2.125
11192,2.081
11194,2.002
11196,2.058
11198,2.057
11200,1.992
11203,2.258
11205,2.372
11207,2.145
11210,2.245
11212,2.051
11214,1.961
11216,1.979
11218,2.199
11220,2.104
11222,2.218
11247,17.643
11250,3.019
11253,2.316
11255,2.335
11261,6.254
11271,9.358
11274,2.789
11276,2.348
11279,2.305
11281,2.18
11283,2.247
11285,2.153
11288,2.18
11290,2.214
11292,2.202
11295,2.187
11297,2.093
11299,2.37
11302,2.281
11304,2.125
11306,1.973
11309,2.663
11311,2.248
11313,2.08
11335,21.588
11338,2.821
11340,2.423
11343,2.804
11345,2.19
11348,2.294
11350,2.178
11353,2.367
11355,2.221
11357,2.264
11359,2.146
11362,2.181
11364,2.152
11366,2.137
11368,2.083
11371,2.177
11373,2.268
11375,2.253
11377,2.306
11380,2.274
11382,2.212
11385,2.24
11387,2.188
11389,2.285
11391,2.313
11394,2.382
11396,2.254
11399,2.403
11401,2.513
11404,2.448
11406,2.329
11409,2.64
11411,2.449
11414,2.184
11416,2.377
11419,2.417
11421,2.293
11424,2.469
11426,2.532
11428,2.245
11431,2.133
11433,2.402
11436,2.747
11438,2.432
11441,2.437
11443,2.288
11446,2.504
11448,2.284
11451,2.471
11453,2.408
11456,2.5
11458,2.441
11461,2.472
11463,2.315
11466,2.529
11468,2.275
11470,2.173
11473,2.266
11475,2.277
11477,2.172
11480,2.184
11482,2.099
11484,2.239
11486,2.172
11489,2.337
11491,2.263
11493,2.184
11496,2.291
11498,2.362
11500,2.229
11503,2.449
11505,2.347
11508,2.46
11510,2.239
11512,2.228
11515,2.084
11517,2.18
11519,2.317
11522,2.59
11524,2.266
11527,2.288
11529,2.134
11531,2.476
11534,2.124
11536,2.426
11538,2.297
11541,2.23
11543,2.368
11545,2.187
11548,2.226
11550,2.352
11552,2.274
11555,2.211
11557,2.185
11560,2.54
11562,2.256
11564,2.244
11567,2.386
11569,2.28
11571,2.36
11574,2.474
11587,13.143
11590,2.941
11593,2.848
11596,2.49
11598,2.711
11601,2.608
11604,2.632
11606,2.345
11609,2.542
11611,2.191
11614,2.625
11616,2.206
11619,2.746
11622,2.736
11624,2.539
11627,2.474
11629,2.577
11632,2.795
11635,2.365
11637,2.449
11640,2.413
11642,2.229
11645,2.436
11647,2.191
11649,2.35
11651,2.165
11654,2.348
11656,2.238
11659,2.278
11661,2.199
11663,2.364
11665,2.139
11668,2.27
11670,2.256
11673,2.467
11675,2.3
11677,2.262
11680,2.313
11682,2.401
11684,2.246
11687,2.43
11689,2.274
11692,2.454
11694,2.153
11696,2.37
11699,2.139
11701,2.292
11703,2.016
11706,2.413
11708,2.276
11710,2.331
11713,2.156
11715,2.561
11717,2.154
11720,2.315
11722,2.18
11724,2.403
11727,2.123
11729,2.263
11731,2.033
11733,2.32
11736,2.357
11738,2.391
11741,2.199
11743,2.443
11745,2.421
11748,2.17
11750,1.988
11752,2.249
11754,2.029
11756,2.211
11758,2.007
11761,2.174
11763,2.024
11765,2.345
11767,2.36
11770,2.142
11772,2.056
11774,2.223
11776,2.119
11778,2.167
11781,2.15
11783,2.402
11785,2.273
11788,2.29
11790,2.173
11792,2.256
11794,2.107
11797,2.265
11799,2.125
11802,2.423
11804,2.425
11806,2.251
11809,2.227
11811,2.339
11813,2.203
11816,2.22
11818,2.272
11820,2.378
11823,2.24
11825,2.324
11828,2.4
11830,2.327
11832,2.216
11835,2.45
11837,2.583
11840,2.5
11842,2.34
11845,2.39
11847,2.201
11849,2.242
11852,2.194
11854,2.3
11856,2.224
11859,2.248
11861,2.244
11863,2.341
11866,2.257
11868,2.297
11870,2.225
11873,2.341
11875,2.342
11877,2.342
11880,2.303
11882,2.266
11884,2.174
11887,2.374
11889,2.22
11892,2.412
11894,2.61
11897,2.483
11899,2.353
11902,2.44
11904,2.491
11907,2.507
11909,2.376
11912,2.259
11914,2.159
11916,2.253
11918,2.165
11921,2.317
11923,2.237
11925,2.212
11927,2.076
11930,2.15
11932,2.283
11935,2.498
11937,2.285
11939,2.413
11942,2.127
11944,2.17
11946,2.049
11948,2.207
11951,2.257
11953,2.302
11955,2.106
11957,2.204
11960,2.131
11962,2.256
11964,2.135
11966,2.15
11969,2.318
11971,2.357
11973,2.275
11976,2.295
11978,2.244
11980,2.281
11982,2.023
11985,2.3
11987,2.366
11990,2.284
11992,2.207
11994,2.245
11997,2.289
11999,2.512
12001,2.273
12004,2.24
12006,2.165
12008,2.364
12011,2.383
12013,2.332
12016,2.334
12018,2.425
12021,2.405
12023,2.586
12026,2.43
12028,2.408
12031,2.362
12033,2.324
12036,2.274
12038,2.636
12041,2.617
12043,2.424
12046,2.332
12048,2.34
12051,2.408
12053,2.451
12056,2.317
12058,2.212
12060,2.09
12062,2.143
12064,2.013
12067,2.154
12069,2.015
12071,2.203
12073,2.0
12075,2.241
12078,2.115
12080,2.368
12082,2.313
12085,2.297
12087,2.136
12090,2.487
12092,2.394
12095,2.596
12097,2.311
12100,2.464
12102,2.442
12105,2.329
12107,2.291
12110,2.534
12112,2.232
12114,2.391
12117,2.41
12119,2.48
12122,2.176
12124,2.357
12126,2.252
12129,2.554
12131,2.4
12134,2.443
12136,2.21
12138,2.133
12141,2.224
12143,2.548
12146,2.373
12148,2.387
12151,2.333
12153,2.303
12155,2.33
12158,2.23
12160,2.202
12162,2.166
12165,2.329
12167,2.34
12169,2.304
12172,2.19
12174,2.139
12176,2.343
12179,2.225
12181,2.286
12183,2.2
12185,2.197
12187,2.103
12190,2.098
12192,2.179
12194,2.329
12196,2.214
12199,2.584
12201,2.248
12204,2.186
12206,2.07
12208,2.426
12211,2.431
12213,2.318
12215,2.369
12218,2.409
12220,2.233
12223,2.292
12225,2.247
12227,2.403
12230,2.362
12232,2.354
12234,2.309
12237,2.379
12239,2.263
12242,2.54
12244,2.42
12247,2.254
12249,2.25
12251,2.268
12253,2.327
12256,2.327
12258,2.409
12261,2.434
12263,2.317
12266,2.349
12268,2.283
12270,2.195
12272,2.332
12275,2.312
12277,2.415
12280,2.482
12282,2.583
12285,2.513
12288,2.623
12290,2.388
12293,2.34
12295,2.541
12297,2.351
12300,2.307
12302,2.219
12304,2.263
12307,2.152
12309,2.279
12311,2.186
12314,2.344
12316,2.375
12318,2.442
12321,2.395
12323,2.338
12326,2.427
12328,2.428
12331,2.335
12333,2.259
12335,2.114
12337,2.384
12340,2.454
12342,2.252
12344,2.231
12347,2.422
12349,2.245
12352,2.402
12354,2.286
12356,2.255
12359,2.231
12361,2.342
12363,2.371
12366,2.316
12368,2.281
12370,2.255
12372,1.997
12375,2.168
12377,2.061
12379,2.314
12381,2.308
12384,2.162
12386,2.039
12388,2.198
12390,2.13
12393,2.402
12395,2.176
12397,2.189
12399,2.079
12401,2.155
12404,2.209
12406,2.194
12408,2.062
12410,2.12
12412,2.074
12414,2.294
12417,2.408
12419,2.139
12421,1.999
12423,2.282
12426,2.256
12428,2.313
12431,2.381
12433,2.256
12435,2.255
12437,2.175
12440,2.403
12442,2.234
12444,2.226
12447,2.235
12449,2.288
12451,2.094
12453,2.078
12455,2.294
12458,2.457
12461,2.544
12463,2.381
12466,2.559
12468,2.728
12471,2.721
12474,2.833
12476,2.415
12478,1.948
12480,1.885
12482,1.958
12484,2.047
12487,2.181
12489,2.01
12491,2.32
12493,2.099
12495,2.014
12498,2.362
12500,1.948
12502,2.079
12504,1.883
12506,1.783
12508,1.946
12510,2.14
12512,2.068
12514,1.976
12516,2.03
12518,2.161
12520,2.256
12523,2.122
12525,2.068
12527,2.212
12529,2.218
12531,2.015
12533,2.014
12536,2.161
12538,2.048
12540,2.174
12542,2.115
12544,2.213
12547,2.523
12549,2.062
12551,1.991
12553,1.991
12555,2.053
12557,2.018
12559,2.032
12561,2.135
12563,1.912
12565,1.795
12567,1.89
12569,2.243
12572,2.181
12574,1.965
12576,1.944
12578,2.174
12580,1.9
12582,1.863
12584,2.201
12586,2.16
12588,2.13
12590,2.143
12593,2.125
12594,1.917
12597,1.978
12599,1.985
12601,2.015
12603,1.926
12605,2.132
12607,1.988
12609,1.977
12611,1.942
12613,2.002
12615,2.032
12617,2.184
12619,1.948
12621,2.049
12623,2.071
12625,2.062
12627,2.004
12630,2.085
12632,2.034
12634,1.924
12635,1.9
12638,2.051
12640,1.998
12642,2.191
12644,1.985
12646,1.975
12648,1.955
12650,2.115
12652,1.993
12654,2.128
12656,2.136
12658,2.048
12660,1.926
12662,1.96
12664,1.95
12666,1.951
12668,1.993
12671,2.16
12673,2.036
12675,2.044
12677,1.975
12679,2.152
12681,1.943
12683,2.106
12685,1.992
12699,13.441
12701,2.723
12704,2.282
12706,2.302
12709,2.321
12711,2.243
12713,2.318
12716,2.315
12718,2.354
12720,2.221
12723,2.345
12725,2.492
12728,2.536
12730,2.551
12733,2.35
12735,2.322
12737,2.097
12739,2.107
12741,1.945
12743,1.989
12745,1.85
12747,1.951
12749,2.023
12751,2.086
12753,2.035
12755,1.937
12757,1.984
12760,2.075
12762,1.877
12763,1.785
12765,1.901
12767,1.932
12769,1.83
12771,1.875
12773,1.829
12775,1.977
12777,2.018
12780,2.801
12782,1.978
12784,1.954
12786,1.916
12788,2.076
12790,2.474
12793,2.114
12795,2.265
12797,2.109
12799,2.264
12802,2.754
12805,2.451
12807,2.608
12810,2.254
12812,2.281
12814,1.965
12816,1.904
12818,2.068
12820,2.069
12822,2.201
12824,2.172
12827,2.364
12829,2.094
12831,1.926
12833,1.821
12835,2.013
12837,1.998
12839,1.982
12841,1.884
12843,1.962
12845,1.956
12847,1.943
12849,2.169
12851,1.987
12853,2.12
12855,2.028
12857,2.079
12859,1.978
12861,1.902
12863,1.927
12865,1.828
12867,1.883
12869,2.255
12871,2.057
12873,1.925
12876,2.233
12878,1.952
12880,2.114
12882,2.001
12884,2.024
12886,2.247
12888,2.095
12890,1.995
12893,2.171
12894,1.898
12897,2.116
12900,3.177
12902,2.182
12904,2.112
12907,2.365
12909,2.021
12911,1.981
12913,1.999
12915,2.056
12917,2.1
12919,2.083
12921,1.939
12923,1.968
12925,2.13
12928,2.23
12930,2.106
12932,2.223
12934,1.976
12936,2.221
12938,2.214
12941,2.171
12943,2.01
12945,2.072
12947,1.946
12949,2.058
12951,2.163
12953,2.347
12956,2.047
12958,2.582
12960,2.229
12963,2.069
12965,1.993
12967,1.93
12969,2.035
12971,2.133
12973,2.2
12975,1.979
12977,2.247
12979,2.071
12981,1.953
12984,2.067
12986,2.056
12988,2.072
12990,2.018
12992,2.135
12994,2.135
12996,2.104
12998,2.013
13000,2.03
13002,2.024
13004,2.004
13007,2.017
13009,1.982
13011,2.014
13013,2.148
13015,2.022
13017,2.12
13019,2.032
13021,1.974
13023,2.076
13026,2.362
13028,2.147
13030,2.481
13033,2.233
13035,2.082
13037,2.397
13040,2.477
13042,1.948
13044,2.051
13046,2.145
13048,2.106
13050,2.056
13052,2.206
13055,2.239
13057,1.906
13059,2.024
13061,2.104
13063,1.794
13065,1.863
13066,1.914
13069,1.998
13070,1.948
13072,1.965
13074,1.955
13077,2.112
13079,2.345
13081,2.284
13084,2.467
13086,2.267
13088,2.22
13091,2.149
13093,2.46
13095,2.293
13098,2.158
13100,2.096
13102,2.253
13123,20.769
13126,3.143
13129,2.578
13131,2.411
13134,2.299
13136,2.379
13138,2.406
13141,2.34
13143,2.269
13145,2.262
13148,2.361
13150,2.484
13153,2.423
13155,2.384
13158,2.277
13160,2.296
13162,2.242
13164,2.159
13167,2.181
13169,2.152
13171,2.274
13173,2.084
13175,2.257
13178,2.217
13180,2.208
13182,2.089
13184,2.195
13187,2.518
13190,2.965
13193,3.06
13196,2.848
13198,2.189
13200,2.262
13203,2.164
13205,2.27
13207,2.121
13209,2.297
13212,2.144
13214,2.207
13216,2.139
13218,2.235
13220,2.1
13222,2.097
13225,2.091
13227,2.104
13229,2.082
13231,2.121
13234,2.731
13236,2.683
13239,2.867
13242,2.638
13245,2.44
13247,2.105
13249,2.187
13251,2.176
13253,2.248
13256,2.166
13258,2.175
13260,2.116
13262,2.086
13264,2.08
13267,2.275
13269,2.135
13271,2.222
13273,2.21
13275,2.279
13278,2.118
13280,2.205
13282,2.016
13284,2.258
13292,7.352
13294,2.649
13297,2.328
13299,2.209
13301,2.058
13303,2.289
13305,2.093
13308,2.14
13310,2.07
13312,2.08
13314,2.151
13316,2.236
13319,2.207
13321,2.185
13323,2.393
13325,2.157
13328,2.282
13330,2.186
13332,2.148
13334,2.025
13336,2.113
13339,2.134
13341,2.129
13343,1.996
13345,2.111
13347,2.123
13349,2.149
13352,2.376
13354,2.195
13356,2.106
13358,2.054
13360,2.1
13362,2.104
13365,2.172
13367,2.131
13369,2.153
13371,2.077
13373,2.069
13375,2.178
13378,2.229
13380,2.335
13382,2.21
13384,2.188
13387,2.254
13389,2.4
13391,2.22
13394,2.255
13396,2.178
13398,2.171
13400,2.187
13403,2.176
13405,2.144
13407,2.106
13409,2.114
13411,2.189
13414,2.31
13416,2.15
13418,2.161
13420,2.425
13423,2.092
13425,2.232
13427,2.297
13429,2.163
13432,2.177
13434,2.108
13436,2.087
13438,2.25
13440,2.316
13443,2.141
13445,2.216
13447,2.128
13449,1.994
13451,2.065
13453,2.098
13455,2.119
13458,2.108
13460,2.326
13462,2.019
13464,2.049
13466,2.084
13468,2.074
13470,2.061
13473,2.143
13475,2.041
13477,2.21
13479,2.305
13481,2.118
13484,2.308
13486,2.025
13488,2.311
13491,2.424
13493,2.185
13495,2.129
13497,2.079
13499,2.192
13501,2.135
13504,2.026
13506,2.054
13508,1.989
13510,2.129
13512,2.233
13514,2.266
13517,2.136
13519,2.292
13521,2.378
13523,2.151
13526,2.053
13528,2.168
13531,3.47
13534,2.375
13536,2.099
13538,2.232
13540,2.238
13543,2.184
13545,2.172
13547,2.176
13549,2.334
13552,2.395
13554,2.116
13556,2.107
13558,2.23
13561,2.127
13563,2.48
13565,2.11
13567,2.204
13570,2.118
13572,2.302
13574,2.137
13576,2.166
13579,2.185
13581,2.163
13583,2.184
13585,2.1
13587,2.194
13589,2.107
13592,2.311
13594,2.016
13596,2.104
13598,2.028
13600,2.265
13602,2.019
13604,2.075
13607,2.072
13609,2.169
13611,2.108
13613,2.11
13615,2.009
13617,2.066
13619,2.03
13621,2.229
13624,2.072
13626,2.125
13628,2.047
13630,2.063
13632,2.122
13634,2.099
13637,2.279
13639,2.104
13641,2.202
13643,2.139
13645,2.18
13647,2.092
13650,2.083
13652,2.138
13654,2.379
13656,2.334
13659,2.13
13661,2.561
13663,2.141
13665,1.989
13668,2.132
13670,2.158
13672,2.137
13674,2.199
13676,2.209
13679,2.286
13681,2.162
13683,2.172
13685,2.242
13688,2.202
13690,2.217
13692,2.217
13694,2.232
13697,2.254
13699,2.269
13701,2.212
13703,2.195
13706,2.213
13708,2.205
13710,2.237
13713,2.306
13715,2.346
13717,2.334
13720,2.275
13722,2.152
13724,2.238
13726,2.139
13728,2.068
13730,2.078
13733,2.355
13735,2.047
13737,1.998
13739,2.175
13741,2.177
13743,1.986
13745,1.915
13747,1.968
13749,1.921
13752,2.173
13754,2.062
13756,1.966
13758,1.903
13759,1.847
13761,1.864
13763,1.943
13765,2.144
13767,1.93
13769,1.926
13771,1.911
13773,2.024
13776,2.149
13777,1.906
13779,1.949
13782,2.205
13784,1.926
13786,1.884
13788,1.996
13790,2.028
13792,1.944
13794,1.938
13796,2.292
13798,1.847
13800,1.973
13802,2.025
13804,2.078
13806,2.292
13809,2.214
13811,2.043
13813,2.081
13815,2.129
13817,1.894
13819,1.958
13821,1.895
13823,2.078
13825,2.015
13827,1.968
13829,1.96
13831,1.951
13833,1.925
13835,1.932
13837,1.89
13839,2.088
13841,2.093
13843,1.968
13845,2.037
13847,2.009
13849,2.137
13851,1.995
13853,1.873
13855,2.001
13857,2.052
13859,1.899
13861,1.984
13863,1.95
13865,1.891
13867,1.978
13869,1.9
13871,1.94
13873,2.045
13875,2.097
13878,2.227
13880,2.28
13882,2.005
13884,1.886
13886,1.862
13888,1.841
13890,2.041
13892,2.101
13894,2.195
13896,2.035
13898,2.056
13900,2.0
13902,2.011
13905,2.189
13907,2.272
13909,2.242
13911,2.247
13913,2.019
13915,1.951
13917,1.886
13919,1.948
13921,1.988
13923,2.029
13925,1.969
13928,2.04
13930,2.171
13932,2.067
13934,2.019
13936,2.163
13938,2.008
13940,2.272
13943,2.258
13945,2.224
13947,2.294
13949,2.088
13952,2.031
13954,2.099
13956,2.108
13958,2.013
13960,2.048
13962,2.103
13964,2.051
13966,2.108
13968,1.801
13970,1.98
13972,2.116
13974,2.024
13976,1.911
13978,2.006
13980,2.061
13983,2.103
13985,2.144
13987,2.117
13989,2.039
13991,2.103
13993,2.043
13995,2.123
13997,2.098
14000,2.127
14002,2.125
14004,1.987
14006,1.9
14008,2.209
14010,1.906
14012,1.961
14014,1.965
14016,2.027
14018,1.975
14020,2.085
14022,1.913
14024,2.103
14026,1.957
14028,2.134
14030,2.066
14033,2.1
14035,1.986
14037,2.113
14039,2.215
14041,2.171
14043,1.967
14045,2.224
14048,2.075
14050,2.106
14052,1.92
14054,2.021
14056,2.167
14058,2.299
14060,2.221
14063,2.037
14065,2.002
14066,1.906
14068,1.966
14071,1.997
14073,2.184
14075,2.164
14077,2.361
14080,2.249
14082,2.002
14084,2.084
14086,2.481
14089,2.221
14091,2.533
14093,2.341
14096,2.497
14098,2.048
14100,2.017
14102,1.982
14104,2.055
14106,2.237
14109,2.191
14111,2.38
14114,2.816
14117,2.663
14119,2.592
14121,2.114
14124,2.213
14126,2.08
14128,2.555
14131,2.559
14133,2.024
14135,1.997
14137,1.989
14139,2.016
14141,2.231
14144,2.1
14146,2.457
14148,2.25
14151,2.305
14153,2.278
14155,2.415
14158,2.066
14160,2.355
14163,2.687
14165,2.762
14168,2.282
14170,1.908
14172,1.979
14174,2.096
14176,2.073
14178,2.126
14180,2.103
14182,1.901
14184,2.046
14186,2.014
14188,2.025
14190,2.095
14193,2.095
14195,2.027
14197,2.052
14199,2.162
14201,1.997
14203,1.952
14205,1.99
14207,1.934
14209,2.08
14211,1.963
14213,2.216
14216,2.394
14218,2.63
14221,2.71
14224,2.744
14243,18.77
14245,2.59
14248,2.983
14252,3.07
14254,2.919
14257,2.954
14260,2.46
14263,2.856
14265,2.119
14267,2.243
14270,2.198
14272,2.155
14274,2.087
14276,2.167
14278,2.271
14281,2.266
14283,2.608
14286,2.568
14288,2.417
14290,1.991
14292,2.03
14295,2.088
14297,2.163
14299,2.161
14301,2.028
14303,1.942
14305,2.0
14307,2.005
14309,2.17
14311,2.121
14314,2.212
14316,2.363
14319,2.835
14322,2.886
14325,2.769
14327,2.056
14329,2.574
14332,2.37
14335,2.719
14337,2.204
14339,2.092
14341,2.094
14343,2.11
14345,1.989
14347,2.015
14350,2.225
14352,2.653
14355,2.526
14357,2.457
14360,2.322
14362,2.5
14365,2.667
14367,2.491
14370,2.632
14372,2.202
14374,1.949
14376,2.007
14378,2.047
14380,2.003
14383,2.077
14385,2.146
14389,4.269
14392,2.984
14395,2.91
14398,2.543
14400,2.524
14403,2.826
14406,2.627
14408,2.382
14410,2.166
14412,2.101
14414,1.983
14417,2.119
14419,1.996
14421,2.12
14424,2.718
14426,2.722
14430,3.212
14432,2.597
14434,2.163
14437,2.158
14439,2.266
14441,2.398
14443,2.054
14446,2.279
14448,2.225
14450,2.167
14452,2.017
14456,4.083
14459,2.416
14461,2.448
14464,2.242
14466,2.264
14468,2.298
14470,2.096
14473,2.247
14475,2.127
14477,2.065
14479,2.208
14481,2.188
14483,2.142
14486,2.288
14488,2.156
14490,2.262
14492,2.056
14495,2.113
14497,2.003
14499,2.131
14501,2.024
14503,2.199
14505,1.908
14507,2.099
14509,1.925
14511,2.306
14513,1.967
14516,2.178
14518,2.017
14520,2.221
14522,2.152
14524,2.317
14527,2.079
14529,2.243
14531,2.08
14533,2.279
14536,2.219
14538,2.116
14540,2.141
14542,2.297
14544,2.114
14546,2.047
14549,2.161
14551,2.324
14553,2.282
14555,2.104
14558,2.146
14560,1.993
14562,2.055
14564,2.043
14566,2.151
14568,2.075
14570,2.08
14572,2.053
14574,2.132
14577,2.2
14579,2.218
14581,2.122
14583,2.237
14586,2.176
14608,21.924
14610,2.522
14612,2.253
14615,2.127
14617,2.28
14619,2.349
14621,2.116
14624,2.048
14626,2.03
14628,2.08
14630,1.98
14632,2.111
14634,2.022
14636,1.965
14638,2.17
14640,1.997
14642,1.984
14644,1.996
14646,1.994
14648,2.036
14650,2.052
14652,2.0
14655,2.07
14657,1.975
14659,1.974
14661,2.12
14663,1.926
14665,2.136
14667,2.061
14669,1.985
14671,1.963
14673,2.01
14675,1.954
14677,1.947
14679,1.969
14681,2.077
14683,2.041
14686,2.496
14688,2.13
14690,2.03
14693,3.013
14695,2.337
14698,2.167
14700,2.098
14702,1.976
14704,2.055
14706,2.194
14708,2.057
14710,1.962
14712,2.135
14717,4.855
14719,2.174
14721,2.058
14724,2.2
14726,1.899
14728,2.064
14730,2.036
14732,2.311
14734,2.168
14736,2.129
14739,2.492
14741,2.067
14743,1.928
14745,2.149
14750,4.503
14752,2.16
14754,2.107
14756,1.992
14758,1.949
14760,2.131
14762,2.017
14764,2.046
14767,2.065
14768,1.843
14770,1.953
14772,1.872
14774,2.043
14776,1.946
14778,1.931
14780,1.972
14782,1.936
14785,2.047
14789,4.498
14791,2.357
14794,2.176
14796,2.123
14798,2.063
14800,2.066
14803,2.864
14805,2.119
14812,6.657
14831,19.146
14834,2.826
14836,2.364
14839,2.176
14848,9.065
14855,7.067
14857,2.648
14860,2.187
14862,2.248
14864,2.246
14866,2.133
14868,1.999
14871,2.047
14873,2.171
14875,2.494
14877,2.03
14879,1.984
14881,1.942
14903,13.403
14905,2.519
14909,3.453
14911,2.315
14914,2.503
14916,2.256
