4,3.463
7,2.844
10,2.679
13,2.826
15,2.738
18,2.676
21,2.833
24,2.662
27,2.829
30,2.823
32,2.71
35,2.738
38,2.693
41,2.82
44,2.962
47,2.75
50,2.937
55,4.969
58,2.832
60,2.767
63,2.844
66,2.839
69,2.844
72,2.884
75,2.861
78,2.885
81,2.831
84,2.971
87,3.055
90,2.808
93,2.939
96,2.911
99,2.908
102,2.726
104,2.661
107,2.661
110,2.647
112,2.52
115,2.7
118,2.775
121,2.649
123,2.642
126,2.623
129,2.638
132,2.552
134,2.513
137,2.526
139,2.447
142,2.709
145,2.608
147,2.55
150,2.566
152,2.378
155,2.496
157,2.482
160,2.521
162,2.424
165,2.5
167,2.327
170,2.635
173,2.592
176,2.602
178,2.49
181,2.486
183,2.456
186,2.489
188,2.471
191,2.631
194,2.551
196,2.477
199,2.508
201,2.567
204,2.509
206,2.432
209,2.567
212,2.443
214,2.528
217,2.535
219,2.622
222,2.712
225,2.869
228,2.588
230,2.575
233,2.675
236,2.66
239,2.621
241,2.718
244,2.639
247,2.593
249,2.531
252,2.634
255,2.678
258,2.662
260,2.712
263,2.679
266,2.643
268,2.564
271,2.647
274,2.506
276,2.429
279,2.477
281,2.391
284,2.614
287,2.576
289,2.391
292,2.497
294,2.517
297,2.892
300,2.604
303,2.679
305,2.63
308,2.586
311,2.646
313,2.539
316,2.628
319,2.768
322,2.753
325,2.579
327,2.518
330,2.51
332,2.464
335,2.724
338,2.674
340,2.556
343,2.547
346,2.785
349,2.657
351,2.593
354,2.632
357,2.66
360,2.841
362,2.531
365,2.875
368,2.728
371,2.505
373,2.642
376,2.609
379,2.493
381,2.572
385,3.548
387,2.49
390,2.528
393,2.536
395,2.526
398,2.604
401,2.551
403,2.625
406,2.487
409,2.636
411,2.536
414,2.646
420,2.605
422,2.655
425,2.693
428,2.492
430,2.507
433,2.562
436,2.548
438,2.507
441,2.501
443,2.465
446,2.454
448,2.482
451,2.514
454,2.551
456,2.603
459,2.616
462,2.634
464,2.522
467,2.679
470,2.838
473,2.836
476,2.842
479,2.816
482,2.841
484,2.737
487,2.703
490,2.878
493,2.831
496,2.664
499,2.837
502,2.581
504,2.579
507,2.589
510,2.63
512,2.631
515,2.746
518,2.817
521,2.603
524,2.604
526,2.637
529,2.728
532,2.582
534,2.589
537,2.66
540,2.393
542,2.412
545,2.546
547,2.567
550,2.464
552,2.585
555,2.539
558,2.668
561,2.749
563,2.71
566,2.701
569,2.605
572,2.702
574,2.803
577,2.704
580,2.743
583,2.805
586,2.595
588,2.711
591,2.73
594,2.806
597,2.749
600,2.806
603,2.687
605,2.769
608,2.79
611,2.863
614,2.8
617,2.786
620,2.722
623,2.767
626,2.77
629,2.94
631,2.722
634,2.784
637,2.778
640,2.682
643,2.7
645,2.622
648,2.716
651,2.79
654,2.753
657,2.429
659,2.646
662,2.629
665,2.744
667,2.56
670,2.622
673,2.736
676,2.853
679,2.731
682,2.664
684,2.726
687,2.772
690,2.617
693,2.615
695,2.545
698,2.624
701,2.604
703,2.585
706,2.587
711,2.653
713,2.619
716,2.619
720,4.081
723,2.497
726,2.687
728,2.541
731,2.667
734,2.628
736,2.604
739,2.621
742,2.525
744,2.619
747,2.632
750,2.594
752,2.575
755,2.614
758,2.59
760,2.636
763,2.573
766,2.64
768,2.624
771,2.565
774,2.636
777,2.879
779,2.758
782,2.643
785,2.759
788,2.444
790,2.617
793,2.724
795,2.437
798,2.748
801,2.662
804,2.637
807,2.743
809,2.636
812,2.681
815,2.604
817,2.627
820,2.571
823,2.552
825,2.619
828,2.491
831,2.615
833,2.731
836,2.606
839,2.687
841,2.628
844,2.695
847,2.647
850,2.618
852,2.623
855,2.736
858,2.674
861,2.836
863,2.607
866,2.559
869,2.673
871,2.493
874,2.558
877,2.597
879,2.484
882,2.499
889,7.162
891,2.52
894,2.612
897,2.679
900,2.709
902,2.558
905,2.654
908,2.573
910,2.728
913,2.71
916,2.654
919,2.52
921,2.688
924,2.77
927,3.04
930,2.815
933,2.789
936,2.66
938,2.716
941,2.66
944,2.751
947,2.688
949,2.682
952,2.689
955,2.64
958,2.701
961,2.746
963,2.708
966,2.607
969,2.694
971,2.631
974,2.698
977,2.609
980,2.735
982,2.656
985,2.745
988,2.661
991,2.773
994,2.755
1001,7.552
1007,5.313
1010,3.328
1013,2.956
1016,2.806
1019,2.764
1022,2.789
1025,2.984
1027,2.717
1030,2.566
1033,2.571
1035,2.581
1038,2.614
1041,2.642
1044,2.7
1046,2.553
1050,4.071
1053,2.552
1056,2.556
1058,2.496
1061,2.631
1063,2.539
1066,2.751
1069,2.994
1072,2.722
1075,2.718
1077,2.519
1080,2.645
1083,2.517
1085,2.664
1088,2.545
1091,2.694
1094,2.683
1096,2.711
1099,2.662
1102,2.578
1104,2.627
1107,2.563
1110,2.531
1112,2.596
1115,2.537
1118,2.633
1120,2.514
1123,2.635
1125,2.587
1128,2.591
1131,2.536
1133,2.644
1136,2.607
1139,2.639
1141,2.645
1144,2.883
1147,2.724
1150,2.822
1153,2.659
1156,2.689
1158,2.633
1161,2.742
1164,2.556
1166,2.525
1169,2.566
1171,2.48
1174,2.684
1177,2.678
1180,2.676
1182,2.529
1185,2.638
1188,2.467
1190,2.719
1193,2.67
1196,2.695
1199,2.701
1201,2.665
1204,2.686
1207,2.607
1210,2.631
1212,2.573
1215,2.685
1218,2.678
1220,2.578
1223,2.734
1226,2.9
1229,2.766
1232,2.668
1234,2.642
1237,2.542
1240,2.697
1242,2.664
1245,2.682
1248,2.59
1251,2.68
1253,2.679
1256,2.742
1259,2.748
1262,2.763
1265,2.815
1267,2.716
1270,2.769
1273,2.77
1276,2.56
1278,2.696
1281,2.663
1284,2.715
1287,2.789
1289,2.592
1292,2.793
1295,2.69
1298,2.74
1301,2.811
1304,2.859
1306,2.671
1309,2.825
1312,2.739
1315,2.627
1317,2.476
1320,2.638
1323,2.779
1326,2.679
1328,2.675
1331,2.684
1334,2.782
1337,2.698
1339,2.638
1342,2.727
1345,2.848
1348,2.843
1351,2.894
1354,2.885
1356,2.477
1360,3.691
1363,2.728
1366,2.688
1368,2.736
1371,2.703
1374,2.762
1377,2.432
1379,2.734
1382,2.816
1385,2.845
1388,2.863
1391,2.787
1394,2.675
1397,2.81
1399,2.743
1402,2.923
1406,3.579
1410,3.492
1413,3.551
1417,3.573
1420,3.526
1424,3.565
1428,3.468
1431,3.429
1435,3.541
1438,3.685
1442,3.561
1446,3.585
1449,3.649
1453,3.567
1457,3.598
1460,3.524
1464,3.396
1467,3.427
1471,3.467
1474,3.575
1478,3.431
1482,3.488
1485,3.614
1489,3.486
1492,3.484
1496,3.493
1500,3.536
1503,3.595
1507,3.696
1511,3.476
1514,3.317
1518,3.873
1522,3.775
1525,3.512
1529,3.569
1533,3.516
1536,3.433
1540,3.433
1543,3.47
1547,3.455
1550,3.74
1554,3.488
1558,3.546
1561,3.56
1565,3.702
1569,3.509
1572,3.597
1576,3.707
1580,3.541
1583,3.444
1587,3.507
1590,3.577
1594,3.496
1597,3.533
1601,3.587
1605,3.322
1608,3.39
1611,3.318
1615,3.468
1619,3.63
1622,3.423
1626,3.485
1629,3.49
1633,3.443
1636,3.466
1640,4.072
1644,3.377
1647,3.498
1651,3.367
1654,3.364
1658,3.302
1661,3.509
1665,3.771
1669,3.713
1672,3.631
1676,3.578
1680,3.599
1683,3.327
1687,3.48
1690,3.338
1694,3.507
1697,3.568
1701,3.643
1705,3.538
1708,3.662
1712,3.534
1716,3.561
1719,3.564
1723,3.555
1727,3.589
1730,3.497
1734,3.529
1737,3.591
1741,3.603
1745,3.482
1749,4.437
1753,3.733
1757,3.495
1760,3.447
1764,3.397
1767,3.4
1771,3.552
1774,3.453
1778,3.516
1781,3.709
1785,3.513
1789,3.627
1792,3.648
1796,3.605
1800,3.699
1804,3.608
1807,3.696
1811,3.758
1815,3.673
1824,9.191
1828,3.705
1832,3.777
1835,3.614
1839,3.673
1843,3.522
1846,3.573
1850,3.738
1854,3.722
1858,3.438
1861,3.804
1865,3.612
1869,3.71
1873,3.729
1876,3.631
1880,3.659
1884,3.536
1887,3.509
1891,3.547
1895,3.58
1898,3.537
1902,3.582
1905,2.788
1907,2.772
1910,2.728
1913,2.823
1916,2.69
1919,2.636
1921,2.652
1924,2.578
1927,2.642
1929,2.701
1932,2.674
1935,2.791
1938,2.695
1941,2.774
1943,2.614
1946,2.682
1949,2.705
1952,2.701
1954,2.728
1957,2.756
1960,2.827
1963,2.896
1966,2.478
1968,2.693
1971,2.622
1974,2.628
1977,2.773
1979,2.647
1982,2.634
1985,2.593
1987,2.681
1990,2.593
1993,2.717
1995,2.505
1998,2.785
2001,2.626
2003,2.577
2006,2.43
2008,2.352
2011,2.544
2014,2.491
2016,2.357
2019,2.526
2021,2.516
2024,2.464
2026,2.481
2029,2.55
2031,2.539
2034,2.573
2037,2.548
2039,2.525
2042,2.506
2045,2.608
2047,2.508
2050,2.497
2053,2.838
2055,2.651
2059,4.032
2062,2.472
2065,2.592
2067,2.563
2070,2.419
2072,2.274
2075,2.5
2077,2.384
2080,2.503
2082,2.497
2085,2.519
2087,2.471
2091,3.295
2093,2.572
2097,2.615
2100,2.668
2102,2.701
2105,2.724
2108,2.605
2111,2.678
2113,2.711
2116,2.726
2119,2.665
2122,2.538
2124,2.636
2127,2.74
2130,2.702
2133,2.732
2135,2.765
2138,2.788
2141,2.999
2144,2.684
2147,2.649
2150,2.853
2152,2.607
2155,2.556
2158,2.643
2160,2.677
2163,2.604
2166,2.75
2169,2.684
2171,2.691
2174,2.606
2177,2.791
2180,2.659
2182,2.734
2185,2.707
2188,2.563
2190,2.486
2193,2.437
2195,2.424
2198,2.439
2200,2.401
2203,2.466
2205,2.455
2208,2.4
2210,2.479
2213,2.466
2215,2.423
2218,2.459
2220,2.422
2223,2.4
2225,2.5
2228,2.504
2231,2.469
2233,2.475
2236,2.464
2238,2.362
2241,2.415
2243,2.398
2246,2.558
2248,2.501
2251,2.389
2253,2.594
2256,2.361
2258,2.432
2261,2.419
2263,2.403
2266,2.4
2268,2.422
2271,2.446
2273,2.438
2276,2.416
2278,2.467
2281,2.516
2283,2.548
2286,2.549
2288,2.533
2291,2.501
2294,2.507
2296,2.521
2299,2.56
2301,2.498
2304,2.699
2307,2.815
2310,2.554
2312,2.751
2315,2.762
2318,2.743
2321,2.685
2324,2.756
2326,2.645
2329,2.721
2332,2.529
2334,2.651
2337,2.659
2340,2.554
2342,2.556
2345,2.735
2348,2.566
2350,2.68
2353,2.729
2356,2.688
2359,2.602
2361,2.74
2364,2.596
2367,2.785
2370,2.707
2373,3.609
2376,2.813
2379,2.822
2382,2.821
2385,2.754
2388,2.73
2390,2.588
2393,2.773
2396,2.591
2399,2.711
2401,2.657
2404,2.65
2407,2.574
2410,2.872
2412,2.528
2415,2.763
2418,2.708
2420,2.702
2423,2.581
2426,2.729
2429,2.747
2432,2.717
2434,2.594
2437,2.827
2440,2.658
2442,2.612
2445,2.781
2448,2.58
2451,2.689
2453,2.716
2456,2.786
2459,2.761
2462,2.689
2465,2.761
2467,2.782
2470,2.639
2473,2.91
2476,2.715
2479,2.818
2482,2.808
2485,2.821
2487,2.865
2490,2.855
2493,2.685
2496,2.631
2499,2.728
2501,2.778
2504,2.63
2507,2.906
2510,2.708
2513,2.619
2516,2.824
2518,2.779
2521,2.748
2524,2.502
2527,2.734
2529,2.755
2532,2.811
2535,2.733
2538,2.725
2541,2.842
2544,2.746
2546,2.714
2549,2.758
2552,2.679
2555,2.705
2558,2.816
2560,2.726
2563,2.718
2566,2.774
2569,2.751
2571,2.661
2574,2.708
2577,2.723
2580,2.691
2582,2.686
2585,2.696
2588,2.655
2591,2.695
2593,2.696
2596,2.788
2599,2.817
2602,2.809
2605,2.745
2608,2.727
2610,2.73
2613,2.655
2616,2.616
2619,2.644
2621,2.649
2624,2.478
2627,2.65
2629,2.685
2632,2.545
2635,2.691
2637,2.661
2640,2.516
2643,2.784
2646,2.785
2648,2.658
2651,2.697
2654,2.793
2657,2.61
2661,3.969
2664,3.032
2667,2.901
2670,2.897
2672,2.722
2675,2.81
2678,2.869
2681,2.973
2684,2.752
2687,2.765
2690,2.664
2693,2.784
2696,2.744
2698,2.729
2701,2.868
2704,2.737
2707,2.671
2710,2.649
2713,2.811
2715,2.756
2718,2.689
2721,2.706
2724,2.636
2726,2.775
2729,2.848
2732,2.746
2735,2.651
2738,2.641
2740,2.625
2743,2.648
2746,2.693
2748,2.54
2751,2.659
2754,2.712
2756,2.645
2759,2.604
2762,2.601
2764,2.617
2767,2.65
2770,2.67
2773,2.62
2775,2.709
2778,2.592
2781,2.907
2784,2.747
2787,2.801
2789,2.744
2792,2.706
2795,2.652
2798,2.71
2801,2.839
2803,2.748
2806,2.772
2809,2.713
2812,2.753
2815,2.741
2817,2.687
2820,2.717
2823,2.838
2826,2.859
2829,2.84
2832,2.821
2835,2.81
2838,2.861
2840,2.729
2843,2.794
2846,2.813
2849,2.802
2852,2.701
2855,2.903
2857,2.761
2860,2.755
2863,2.838
2866,2.82
2869,2.642
2872,2.72
2874,2.549
2877,2.579
2879,2.551
2882,2.722
2885,2.698
2888,2.667
2890,2.693
2893,2.819
2896,2.608
2899,2.712
2901,2.648
2904,2.729
2907,2.609
2910,2.684
2912,2.605
2915,2.693
2918,2.627
2921,2.698
2923,2.655
2926,2.704
2929,2.735
2932,2.816
2935,2.797
2937,2.765
2940,2.812
2944,3.878
2947,2.853
2950,2.731
2953,2.74
2956,2.7
2958,2.658
2961,2.758
2964,2.805
2967,2.794
2970,2.773
2972,2.79
2975,2.713
2978,2.715
2981,2.927
2984,2.838
2987,2.901
2990,2.824
2993,2.791
2995,2.479
2998,2.938
3001,2.928
3004,2.815
3007,2.81
3010,2.551
3020,3.296
3023,2.657
3026,2.789
3029,2.698
3031,2.665
3034,2.813
3037,2.835
3040,2.7
3043,2.737
3046,2.751
3048,2.864
3052,3.081
3055,3.136
3058,3.001
3061,2.775
3064,2.779
3067,2.945
3069,2.733
3072,2.905
3075,2.706
3078,2.705
3081,2.906
3084,2.877
3087,2.726
3090,2.703
3092,2.792
3095,2.727
3098,2.583
3101,2.757
3104,2.755
3106,2.742
3109,2.841
3112,2.538
3115,2.828
3118,2.847
3121,2.782
3124,2.885
3126,2.425
3129,2.959
3132,2.724
3135,2.791
3138,2.758
3140,2.611
3143,2.727
3146,2.749
3148,2.586
3151,2.584
3154,2.549
3157,2.745
3159,2.681
3162,2.525
3165,2.588
3167,2.548
3170,2.689
3173,2.589
3175,2.633
3178,2.541
3181,2.608
3183,2.661
3186,2.554
3189,2.664
3191,2.527
3194,2.559
3197,2.581
3199,2.481
3202,2.547
3204,2.519
3207,2.763
3210,2.78
3213,2.827
3216,2.769
3219,2.841
3222,2.904
3225,2.669
3227,2.705
3230,2.74
3233,2.754
3236,2.722
3239,2.744
3241,2.721
3244,2.684
3247,2.626
3249,2.504
3252,2.725
3255,2.605
3258,2.619
3260,2.599
3263,2.665
3266,2.6
3269,2.808
3271,2.681
3274,2.506
3277,2.559
3279,2.569
3282,2.828
3285,2.747
3288,2.71
3290,2.59
3293,2.624
3296,2.734
3299,2.584
3301,2.713
3304,2.623
3307,2.665
3309,2.456
3312,2.716
3315,2.61
3317,2.554
3320,2.636
3323,2.793
3326,2.685
3329,2.752
3331,2.696
3334,2.779
3337,2.729
3340,2.605
3342,2.627
3345,2.777
3348,2.681
3351,2.768
3354,2.682
3356,2.613
3359,2.764
3362,2.538
3364,2.627
3367,2.65
3370,2.848
3373,2.945
3376,2.633
3379,2.767
3381,2.782
3384,2.736
3387,2.865
3390,2.805
3393,2.77
3396,2.702
3398,2.69
3401,2.789
3404,2.757
3407,2.789
3410,2.779
3413,2.787
3415,2.668
3418,2.714
3421,2.651
3424,2.601
3426,2.728
3429,2.557
3432,2.728
3434,2.633
3437,2.776
3440,2.65
3443,2.595
3445,2.681
3448,2.626
3451,2.679
3453,2.649
3456,2.741
3459,2.544
3461,2.403
3464,2.619
3467,2.53
3469,2.672
3472,2.554
3475,2.607
3477,2.692
3480,2.691
3483,2.658
3485,2.54
3488,2.666
3491,2.682
3494,2.638
3496,2.595
3499,2.661
3502,2.776
3505,3.538
3508,2.609
3511,2.477
3513,2.566
3516,2.451
3518,2.64
3521,2.539
3524,2.554
3526,2.452
3529,2.508
3531,2.708
3534,2.705
3537,2.647
3540,2.69
3542,2.716
3545,2.707
3548,2.578
3551,2.956
3554,2.689
3556,2.697
3559,2.73
3562,2.754
3565,2.797
3568,2.731
3570,2.794
3573,2.743
3576,2.578
3579,2.8
3581,2.677
3584,2.715
3587,2.742
3590,2.692
3593,2.653
3595,2.591
3598,2.771
3601,2.716
3603,2.67
3606,2.632
3609,2.56
3612,2.634
3614,2.622
3617,2.727
3619,2.46
3622,2.713
3625,2.692
3628,2.683
3630,2.637
3633,2.763
3636,2.742
3639,2.796
3642,2.749
3645,2.799
3647,2.685
3650,2.74
3653,2.749
3656,2.83
3659,2.756
3661,2.766
3664,2.74
3667,2.62
3670,2.876
3677,6.838
3680,2.795
3682,2.727
3685,2.731
3688,2.599
3691,2.61
3693,2.729
3696,2.627
3699,2.746
3702,2.632
3704,2.638
3707,2.647
3710,2.638
3713,2.797
3715,2.657
3718,2.702
3721,2.724
3724,2.708
3726,2.604
3729,2.809
3732,2.695
3735,2.82
3738,2.759
3740,2.847
3743,2.674
3746,2.712
3749,2.673
3752,2.799
3754,2.778
3757,2.683
3760,2.557
3762,2.43
3765,2.647
3768,2.544
3771,3.339
3774,2.723
3777,2.798
3779,2.624
3782,2.799
3785,2.68
3788,2.69
3790,2.654
3793,2.651
3796,2.554
3798,2.584
3801,2.739
3804,2.695
3807,2.638
3809,2.552
3812,2.68
3815,2.595
3817,2.651
3825,7.739
3828,2.594
3831,2.745
3833,2.64
3836,2.549
3839,2.593
3841,2.571
3844,2.646
3847,2.657
3849,2.62
3852,2.727
3855,2.855
3858,2.735
3861,2.888
3864,2.811
3866,2.819
3869,2.846
3872,2.867
3875,2.684
3878,2.772
3881,2.768
3883,2.715
3886,2.751
3889,2.771
3892,2.74
3895,2.728
3897,2.677
3900,2.746
3903,2.697
3906,2.707
3908,2.628
3911,2.581
3914,2.475
3916,2.738
3919,2.674
3922,2.652
3925,2.599
3927,2.326
3930,2.787
3932,2.52
3935,2.562
3938,2.508
3940,2.612
3943,2.557
3946,2.672
3948,2.579
3951,2.67
3953,2.48
3956,2.699
3959,2.694
3962,2.615
3964,2.525
3967,2.474
3970,2.747
3972,2.585
3975,2.647
3977,2.556
3980,2.639
3983,2.657
3986,2.608
3988,2.644
3991,2.677
3994,2.69
3999,5.341
4005,5.715
4008,2.616
4010,2.537
4013,2.774
4016,2.564
4018,2.574
4021,2.776
4024,2.499
4026,2.627
4029,2.697
4032,2.556
4034,2.585
4038,3.844
4041,2.636
4044,2.469
4046,2.525
4049,2.612
4052,2.706
4054,2.56
4057,2.625
4060,2.607
4062,2.571
4065,2.616
4067,2.526
4070,2.581
4073,2.684
4075,2.579
4078,2.611
4081,2.612
4083,2.583
4086,2.628
4089,2.589
4091,2.533
4094,2.541
4097,2.651
4099,2.665
4102,2.692
4106,2.668
4108,2.602
4111,2.545
4113,2.487
4116,2.578
4119,2.505
4121,2.487
4124,2.552
4126,2.672
4129,2.592
4132,2.562
4134,2.58
4137,2.612
4140,2.576
4142,2.617
4145,2.642
4148,2.41
4150,2.687
4153,2.338
4155,2.52
4158,2.362
4160,2.363
4163,2.385
4165,2.425
4167,2.188
4170,2.675
4172,2.323
4175,2.484
4177,2.405
4180,2.592
4183,2.388
4185,2.562
4188,2.449
4190,2.537
4193,2.654
4196,2.61
4198,2.596
4201,2.711
4204,2.548
4206,2.535
4209,2.627
4211,2.503
4214,2.517
4217,2.647
4219,2.622
4222,2.625
4225,2.495
4227,2.621
4230,2.621
4233,2.611
4235,2.607
4238,2.626
4241,2.683
4244,2.671
4246,2.617
4249,2.519
4252,2.605
4254,2.606
4257,2.536
4259,2.673
4262,2.638
4265,2.721
4268,2.625
4270,2.609
4273,2.684
4276,2.637
4279,2.757
4281,2.607
4284,2.804
4287,2.85
4290,2.548
4292,2.689
4295,2.734
4298,2.517
4300,2.728
4303,2.727
4306,2.541
4308,2.532
4311,2.537
4314,2.535
4316,2.618
4319,2.587
4322,2.54
4324,2.563
4335,11.211
4338,2.673
4341,2.737
4344,2.75
4347,2.814
4349,2.753
4352,2.614
4355,2.603
4357,2.532
4360,2.732
4363,2.683
4366,2.764
4369,2.853
4371,2.633
4374,2.604
4377,2.697
4380,2.917
4383,2.857
4386,2.756
4388,2.891
4391,2.586
4394,2.532
4396,2.61
4399,3.022
4402,2.687
4405,2.833
4408,2.618
4410,2.584
4413,2.744
4416,2.517
4418,2.587
4421,2.802
4424,2.566
4427,2.52
4429,2.568
4432,2.49
4434,2.703
4437,2.909
4440,2.705
4443,2.718
4446,2.763
4448,2.546
4451,2.635
4454,2.648
4456,2.604
4459,2.67
4462,2.745
4465,2.717
4472,6.982
4475,2.728
4477,2.603
4480,2.74
4483,2.595
4486,2.733
4488,2.74
4492,2.845
4495,2.618
4498,2.601
4500,2.656
4503,2.678
4506,2.697
4509,2.627
4511,2.616
4514,2.424
4517,2.728
4519,2.753
4522,2.751
4525,2.726
4528,2.629
4530,2.722
4533,2.649
4536,2.535
4538,2.609
4542,3.636
4545,2.623
4548,2.775
4550,2.84
4553,2.849
4556,2.855
4559,2.622
4562,2.743
4565,2.775
4567,2.611
4570,2.878
4573,2.8
4576,2.691
4579,2.738
4581,2.715
4584,2.728
4587,2.699
4590,2.708
4592,2.681
4595,2.594
4598,2.782
4601,2.688
4603,2.638
4606,2.671
4609,2.594
4612,2.752
4614,2.608
4617,2.608
4620,2.798
4622,2.597
4625,2.73
4628,2.677
4631,2.639
4633,2.683
4636,2.489
4639,2.7
4641,2.607
4644,2.52
4646,2.533
4649,2.694
4652,2.679
4655,2.621
4658,2.899
4660,2.722
4665,4.169
4667,2.703
4670,2.932
4673,2.663
4676,2.616
4679,2.758
4682,2.853
4684,2.708
4687,2.862
4690,2.89
4693,2.914
4696,2.842
4699,2.689
4702,2.741
4705,2.879
4710,4.12
4712,2.76
4715,2.843
4718,2.611
4721,2.71
4724,2.855
4726,2.667
4729,2.684
4732,2.65
4735,2.605
4737,2.512
4740,2.521
4742,2.442
4745,2.52
4747,2.506
4750,2.609
4753,2.504
4755,2.596
4758,2.57
4760,2.545
4763,2.432
4765,2.442
4768,2.441
4770,2.514
4773,2.562
4776,2.525
4778,2.555
4781,2.601
4783,2.531
4787,3.584
4790,2.544
4792,2.578
4795,2.52
4797,2.608
4800,2.67
4803,2.617
4805,2.424
4808,2.644
4811,2.856
4813,2.49
4816,2.695
4819,2.589
4821,2.54
4824,2.7
4827,2.593
4829,2.55
4832,2.544
4835,2.628
4837,2.608
4840,2.495
4843,2.737
4845,2.554
4848,2.42
4850,2.709
4853,2.618
4856,2.463
4858,2.544
4861,2.554
4864,2.667
4866,2.652
4869,2.651
4871,2.457
4874,2.631
4877,2.635
4880,2.591
4882,2.592
4885,2.61
4888,2.635
4890,2.631
4893,2.635
4896,2.639
4898,2.654
4901,2.602
4904,2.512
4906,2.538
4909,2.558
4911,2.588
4914,2.578
4917,2.65
4919,2.516
4922,2.507
4925,2.644
4927,2.422
4930,2.525
4932,2.5
4935,2.381
4937,2.53
4940,2.488
4942,2.743
4945,2.719
4948,2.305
4950,2.714
4953,2.787
4956,2.439
4958,2.656
4961,2.756
4964,2.682
4967,2.634
4969,2.713
4972,2.744
4975,2.704
4978,2.707
4981,2.806
4983,2.679
4986,2.66
4989,2.761
4992,2.712
4994,2.656
4997,2.774
5000,2.727
5003,2.629
5005,2.662
5008,2.747
5011,2.717
5014,2.643
5017,3.816
5020,2.778
5023,2.536
5026,2.724
5028,2.623
5031,2.639
5034,2.558
5036,2.589
5039,2.647
5041,2.464
5044,2.642
5047,2.527
5049,2.619
5052,2.625
5055,2.476
5057,2.633
5060,2.616
5063,2.623
5065,2.628
5068,2.623
5071,2.667
5073,2.698
5076,2.712
5079,2.729
5082,2.683
5084,2.629
5087,2.622
5090,2.535
5093,2.838
5095,2.547
5098,2.469
5100,2.446
5103,2.453
5105,2.636
5108,2.449
5110,2.583
5113,2.594
5116,2.354
5118,2.681
5121,2.901
5124,2.741
5127,2.705
5130,2.788
5133,2.805
5135,2.59
5138,2.617
5141,2.822
5144,2.777
5146,2.442
5149,2.708
5151,2.399
5154,2.534
5156,2.478
5159,2.644
5162,2.446
5164,2.635
5167,2.562
5170,2.7
5172,2.688
5175,2.643
5178,2.64
5180,2.602
5183,2.74
5186,2.637
5188,2.617
5191,2.527
5193,2.38
5196,2.591
5199,2.55
5201,2.449
5204,2.539
5207,2.698
5209,2.577
5212,2.516
5214,2.58
5217,2.857
5220,2.793
5223,2.829
5226,2.768
5229,2.681
5231,2.571
5234,2.553
5236,2.618
5239,2.505
5243,3.629
5245,2.715
5248,2.551
5251,2.542
5253,2.541
5256,2.569
5258,2.477
5261,2.559
5263,2.398
5266,2.59
5269,2.526
5271,2.536
5274,2.526
5277,2.638
5279,2.482
5282,2.512
5284,2.516
5287,2.526
5289,2.52
5292,2.518
5295,2.567
5297,2.622
5300,2.494
5302,2.551
5305,2.641
5308,2.511
5310,2.461
5313,2.593
5315,2.457
5318,2.924
5321,2.803
5324,2.659
5327,2.681
5329,2.589
5332,2.811
5335,2.52
5337,2.58
5340,2.702
5343,2.636
5345,2.596
5348,2.495
5351,2.805
5354,2.688
5356,2.599
5359,2.611
5361,2.568
5364,2.686
5367,2.63
5370,2.574
5372,2.716
5375,2.624
5378,2.75
5380,2.528
5383,2.703
5386,2.636
5388,2.651
5391,2.551
5394,2.51
5396,2.558
5399,2.66
5401,2.539
5405,3.253
5407,2.611
5410,2.492
5413,2.543
5415,2.495
5418,2.622
5421,2.727
5423,2.592
5426,2.701
5429,2.633
5431,2.666
5434,2.865
5437,2.933
5440,2.855
5443,2.888
5446,2.565
5449,2.837
5451,2.773
5454,2.68
5457,2.786
5460,2.715
5463,3.518
5466,2.855
5469,2.994
5472,2.383
5475,2.858
5477,2.881
5480,2.954
5483,2.68
5486,2.654
5489,2.786
5492,2.818
5494,2.584
5497,2.891
5500,2.712
5503,2.817
5506,2.787
5508,2.44
5511,2.764
5514,2.632
5516,2.405
5519,2.377
5521,2.6
5524,2.604
5527,2.736
5529,2.669
5532,2.708
5535,2.616
5537,2.612
5540,2.564
5543,2.506
5545,2.503
5548,2.489
5550,2.545
5553,2.763
5556,2.604
5558,2.564
5561,2.726
5564,2.449
5566,2.501
5569,2.505
5571,2.374
5574,2.501
5576,2.484
5579,2.474
5581,2.481
5584,2.713
5587,2.713
5589,2.403
5592,2.543
5594,2.479
5597,2.701
5600,2.541
5602,2.612
5605,2.392
5607,2.516
5610,2.47
5613,2.662
5615,2.46
5618,2.52
5620,2.51
5623,2.51
5625,2.542
5628,2.659
5631,2.474
5633,2.648
5636,2.58
5639,2.744
5641,2.664
5644,2.57
5647,2.515
5649,2.579
5652,2.476
5654,2.501
5657,2.423
5659,2.382
5662,2.615
5664,2.389
5667,2.378
5669,2.517
5672,2.352
5674,2.29
5678,3.471
5680,2.433
5682,2.362
5685,2.627
5687,2.341
5690,2.491
5692,2.405
5695,2.392
5697,2.458
5700,2.585
5703,2.444
5705,2.555
5708,2.336
5710,2.408
5712,2.292
5715,2.474
5717,2.474
5720,2.415
5722,2.121
5725,2.608
5727,2.484
5730,2.514
5732,2.399
5735,2.67
5737,2.434
5740,2.46
5743,2.495
5745,2.362
5747,2.419
5750,2.429
5752,2.298
5755,2.443
5757,2.319
5760,2.623
5762,2.556
5765,2.529
5767,2.501
5770,2.465
5773,2.627
5775,2.585
5778,2.532
5780,2.474
5783,2.638
5785,2.358
5788,2.526
5791,2.413
5793,2.476
5795,2.406
5798,2.53
5801,2.393
5803,2.484
5806,2.548
5808,2.371
5810,2.4
5813,2.424
5815,2.371
5818,2.363
5820,2.61
5823,2.431
5825,2.449
5828,2.514
5831,2.499
5833,2.496
5836,2.415
5838,2.424
5841,2.62
5843,2.484
5846,2.605
5848,2.576
5851,2.41
5853,2.441
5856,2.362
5858,2.455
5861,2.357
5863,2.448
5866,2.334
5868,2.384
5871,2.436
5873,2.497
5876,2.472
5878,2.464
5881,2.468
5883,2.525
5886,2.467
5888,2.531
5891,2.489
5893,2.435
5896,2.438
5898,2.404
5901,2.489
5903,2.298
5905,2.32
5908,2.388
5910,2.394
5913,2.396
5915,2.396
5918,2.396
5920,2.382
5922,2.428
5925,2.537
5927,2.299
5930,2.412
5932,2.48
5935,2.422
5937,2.322
5940,2.495
5942,2.409
5945,2.444
5947,2.751
5950,2.579
5953,2.498
5955,2.556
5958,2.611
5961,2.585
5963,2.501
5966,2.56
5968,2.558
5971,2.515
5973,2.478
5976,2.518
5978,2.459
5981,2.621
5984,2.587
5986,2.556
5989,2.764
5992,2.451
5994,2.605
6005,10.389
6007,2.674
6014,6.27
6016,2.537
6019,2.459
6021,2.479
6024,2.488
6026,2.424
6029,2.522
6031,2.433
6034,2.528
6037,2.526
6039,2.453
6042,2.527
6044,2.487
6047,2.527
6049,2.487
6052,2.298
6054,2.49
6057,2.411
6059,2.453
6062,2.46
6064,2.507
6067,2.548
6069,2.38
6072,2.427
6074,2.3
6077,2.463
6079,2.28
6081,2.465
6084,2.314
6088,3.716
6090,2.312
6092,2.503
6095,2.473
6097,2.358
6100,2.287
6102,2.403
6105,2.38
6107,2.263
6109,2.472
6112,2.233
6114,2.426
6116,2.223
6119,2.461
6121,2.385
6124,2.354
6126,2.464
6129,2.507
6131,2.317
6134,2.597
6136,2.384
6139,2.502
6141,2.514
6144,2.465
6146,2.443
6149,2.487
6151,2.379
6154,2.282
6156,2.569
6159,2.219
6161,2.611
6164,2.249
6166,2.524
6169,2.411
6171,2.32
6174,2.54
6176,2.411
6179,2.394
6181,2.441
6184,2.612
6186,2.524
6189,2.444
6191,2.407
6194,2.439
6196,2.37
6199,2.421
6201,2.344
6204,2.336
6206,2.368
6208,2.303
6211,2.671
6213,2.253
6216,2.596
6218,2.48
6221,2.641
6224,2.583
6227,2.638
6229,2.654
6232,2.41
6234,2.451
6237,2.531
6239,2.438
6242,2.567
6244,2.479
6247,2.494
6249,2.496
6252,2.487
6255,2.688
6257,2.411
6260,2.56
6262,2.484
6265,2.941
6268,2.593
6272,2.643
6275,2.556
6277,2.46
6281,3.704
6284,2.53
6286,2.455
6289,2.668
6291,2.563
6294,2.661
6297,2.521
6299,2.623
6302,2.555
6305,2.581
6307,2.532
6310,2.717
6313,2.599
6315,2.731
6318,2.637
6321,2.655
6324,2.727
6326,2.743
6329,2.663
6332,2.563
6334,2.564
6337,2.7
6340,2.575
6342,2.564
6345,2.616
6348,2.539
6350,2.765
6353,2.685
6356,2.53
6358,2.539
6361,2.682
6364,2.605
6366,2.553
6369,2.585
6372,2.459
6374,2.483
6377,2.555
6379,2.489
6382,2.427
6384,2.577
6387,2.541
6389,2.474
6392,2.425
6394,2.499
6397,2.519
6399,2.211
6402,2.594
6405,2.614
6407,2.538
6410,2.514
6412,2.566
6415,2.665
6418,2.572
6420,2.573
6423,2.61
6425,2.533
6428,2.536
6431,2.52
6433,2.578
6436,2.601
6438,2.55
6441,2.613
6444,2.545
6446,2.532
6449,2.668
6452,2.788
6455,2.776
6457,2.641
6460,2.686
6463,2.657
6466,2.692
6468,2.601
6471,2.668
6474,2.724
6477,2.744
6479,2.716
6483,3.771
6486,2.776
6489,2.871
6492,2.721
6495,2.792
6498,2.816
6500,2.82
6503,2.766
6506,2.724
6509,2.796
6512,2.749
6515,2.679
6517,2.627
6520,2.567
6523,2.561
6525,2.637
6528,2.574
6530,2.558
6533,2.835
6536,2.861
6539,2.85
6542,2.783
6545,2.649
6548,2.694
6550,2.773
6553,2.83
6556,2.772
6559,2.704
6562,2.731
6564,2.622
6567,2.799
6570,2.749
6573,2.698
6575,2.702
6578,2.652
6581,2.628
6583,2.545
6586,2.52
6589,2.499
6591,2.497
6594,2.528
6596,2.52
6599,2.513
6601,2.496
6604,2.573
6607,2.569
6609,2.704
6612,2.496
6614,2.514
6617,2.653
6620,2.585
6622,2.543
6625,2.629
6628,2.498
6630,2.559
6633,2.452
6643,10.504
6646,2.724
6649,2.428
6651,2.409
6654,2.631
6656,2.565
6659,2.594
6662,2.565
6664,2.596
6667,2.601
6670,2.707
6674,4.58
6677,2.808
6680,2.567
6683,2.607
6685,2.574
6688,2.674
6691,2.578
6693,2.585
6696,2.42
6698,2.617
6701,2.479
6704,2.45
6706,2.383
6708,2.471
6711,2.456
6714,2.456
6716,2.456
6719,2.564
6721,2.527
6724,2.569
6726,2.442
6729,2.5
6731,2.429
6734,2.592
6737,2.497
6739,2.436
6742,2.578
6744,2.387
6747,2.395
6749,2.433
6752,2.432
6754,2.467
6757,2.363
6759,2.535
6762,2.469
6764,2.37
6766,2.325
6769,2.516
6771,2.414
6774,2.375
6776,2.468
6779,2.491
6781,2.441
6784,2.416
6786,2.452
6789,2.5
6791,2.351
6794,2.363
6796,2.277
6799,2.351
6801,2.331
6803,2.338
6806,2.477
6808,2.554
6811,2.504
6814,2.667
6816,2.458
6819,2.481
6822,2.707
6824,2.536
6827,2.673
6829,2.535
6832,2.514
6835,2.602
6837,2.585
6840,2.574
6843,2.643
6845,2.557
6848,2.667
6851,2.562
6853,2.616
6856,2.518
6858,2.59
6861,2.668
6864,2.498
6866,2.482
6869,2.456
6871,2.477
6874,2.486
6877,2.614
6880,3.404
6883,2.643
6885,2.545
6888,2.69
6891,2.584
6893,2.694
6896,2.62
6899,2.579
6901,2.504
6904,2.477
6906,2.586
6909,2.516
6911,2.4
6914,2.436
6917,2.525
6919,2.448
6922,2.611
6924,2.472
6927,2.461
6929,2.463
6932,2.52
6934,2.403
6937,2.507
6939,2.195
6942,2.525
6944,2.585
6947,2.473
6949,2.413
6952,2.377
6954,2.38
6957,2.432
6959,2.441
6962,2.435
6964,2.4
6967,2.408
6969,2.512
6972,2.495
6974,2.437
6977,2.392
6979,2.518
6982,2.474
6984,2.41
6987,2.459
6989,2.523
6992,2.445
6994,2.467
6997,2.482
6999,2.511
7002,2.469
7004,2.535
7007,2.512
7009,2.447
7012,2.471
7014,2.451
7017,2.528
7019,2.373
7022,2.4
7025,2.572
7027,2.446
7030,2.458
7032,2.462
7034,2.384
7037,2.619
7040,2.484
7042,2.481
7045,2.648
7047,2.441
7050,2.471
7052,2.454
7055,2.484
7057,2.452
7061,3.633
7064,2.506
7066,2.51
7069,2.599
7072,2.587
7074,2.554
7077,2.61
7079,2.519
7082,2.515
7085,2.492
7087,2.559
7090,2.536
7092,2.514
7095,2.523
7097,2.537
7100,2.574
7103,2.507
7105,2.549
7108,2.464
7110,2.502
7113,2.289
7115,2.501
7118,2.518
7120,2.393
7123,2.468
7125,2.479
7128,2.492
7130,2.387
7133,2.536
7135,2.487
7138,2.526
7141,2.565
7143,2.473
7146,2.603
7149,2.732
7151,2.763
7154,2.566
7156,2.424
7159,2.556
7162,2.451
7164,2.476
7167,2.555
7169,2.524
7172,2.368
7174,2.414
7177,2.53
7179,2.7
7182,2.522
7185,2.427
7187,2.402
7190,2.525
7192,2.419
7194,2.436
7197,2.497
7200,2.471
7202,2.496
7205,2.44
7207,2.43
7209,2.333
7212,2.433
7214,2.396
7217,2.452
7219,2.276
7222,2.453
7224,2.492
7227,2.486
7229,2.471
7232,2.587
7235,2.552
7237,2.624
7241,3.887
7244,2.611
7246,2.593
7249,2.664
7252,2.443
7254,2.511
7257,2.596
7260,2.544
7262,2.556
7265,2.496
7267,2.524
7270,2.55
7272,2.441
7275,2.602
7278,2.562
7280,2.451
7283,2.567
7285,2.548
7288,2.679
7291,2.687
7293,2.542
7296,2.566
7299,2.601
7301,2.549
7304,2.602
7307,2.508
7309,2.521
7312,2.449
7314,2.417
7317,2.552
7319,2.419
7322,2.438
7324,2.529
7327,2.532
7329,2.516
7332,2.325
7334,2.512
7337,2.487
7339,2.492
7342,2.296
7344,2.498
7347,2.489
7349,2.442
7352,2.313
7354,2.453
7357,2.462
7359,2.493
7362,2.413
7364,2.338
7366,2.41
7369,2.543
7371,2.327
7374,2.347
7376,2.332
7379,2.311
7381,2.389
7383,2.165
7386,2.482
7388,2.499
7391,2.445
7393,2.299
7396,2.327
7398,2.306
7400,2.353
7403,2.582
7405,2.369
7408,2.426
7410,2.521
7413,2.472
7415,2.289
7419,3.317
7421,2.354
7424,2.517
7426,2.386
7429,2.461
7431,2.41
7434,2.43
7436,2.416
7438,2.42
7441,2.479
7443,2.408
7446,2.385
7448,2.357
7451,2.441
7453,2.439
7456,2.371
7458,2.395
7461,2.434
7463,2.458
7466,2.408
7468,2.448
7471,2.363
7473,2.487
7475,2.383
7478,2.321
7480,2.346
7483,2.342
7485,2.397
7488,2.448
7490,2.432
7493,2.473
7495,2.469
7497,2.396
7500,2.495
7503,2.449
7505,2.497
7508,2.521
7510,2.496
7513,2.488
7515,2.563
7518,2.528
7520,2.546
7523,2.533
7526,2.492
7528,2.522
7531,2.429
7533,2.48
7536,2.363
7538,2.478
7541,2.382
7543,2.419
7545,2.419
7548,2.429
7550,2.358
7553,2.341
7555,2.354
7558,2.351
7560,2.345
7562,2.316
7565,2.331
7567,2.297
7569,2.366
7572,2.417
7574,2.39
7577,2.46
7579,2.412
7582,2.4
7584,2.36
7588,3.65
7590,2.432
7593,2.527
7596,2.488
7598,2.4
7601,2.487
7603,2.459
7606,2.531
7608,2.48
7611,2.406
7613,2.53
7616,2.379
7618,2.709
7621,2.649
7624,2.696
7627,2.649
7629,2.689
7632,2.729
7635,2.61
7637,2.617
7640,2.632
7643,2.771
7646,2.587
7649,2.966
7651,2.382
7654,2.71
7657,2.762
7659,2.681
7662,2.67
7665,2.699
7667,2.675
7670,2.55
7673,2.553
7675,2.617
7678,2.515
7680,2.547
7683,2.504
7686,2.619
7694,2.644
7697,2.485
7702,5.259
7705,2.588
7707,2.435
7710,2.37
7712,2.459
7714,2.407
7717,2.575
7720,2.431
7722,2.362
7725,2.517
7727,2.411
7729,2.414
7732,2.396
7734,2.493
7737,2.521
7739,2.307
7742,2.394
7744,2.473
7747,2.426
7749,2.497
7752,2.539
7755,2.625
7757,2.525
7760,2.67
7762,2.43
7765,2.559
7767,2.443
7770,2.46
7774,3.544
7776,2.441
7779,2.455
7781,2.489
7784,2.389
7786,2.464
7789,2.504
7791,2.573
7794,2.514
7796,2.502
7799,2.534
7801,2.524
7804,2.553
7807,2.473
7809,2.525
7812,2.492
7814,2.471
7817,2.535
7819,2.493
7822,2.479
7824,2.48
7827,2.498
7829,2.586
7832,2.459
7835,2.482
7837,2.578
7840,2.544
7842,2.506
7845,2.497
7847,2.522
7850,2.547
7853,2.556
7855,2.525
7858,2.56
7860,2.553
7863,2.558
7866,2.546
7868,2.53
7871,2.575
7873,2.52
7876,2.509
7878,2.485
7881,2.483
7884,2.476
7886,2.654
7890,3.284
7892,2.568
7895,2.469
7897,2.552
7900,2.527
7903,2.591
7905,2.56
7908,2.525
7910,2.525
7913,2.567
7915,2.515
7918,2.476
7921,2.514
7923,2.506
7926,2.53
7928,2.522
7931,2.528
7933,2.505
7936,2.552
7939,2.486
7941,2.557
7945,3.888
7948,2.457
7950,2.484
7953,2.414
7955,2.445
7958,2.405
7960,2.488
7963,2.403
7965,2.637
7968,2.508
7970,2.452
7973,2.299
7975,2.443
7978,2.606
7981,2.749
7983,2.564
7986,2.52
7988,2.547
7991,2.574
7994,2.539
7996,2.523
7999,2.583
8001,2.518
8004,2.485
8006,2.483
8009,2.5
8011,2.468
8014,2.451
8017,2.541
8019,2.53
8022,2.51
8024,2.479
8027,2.512
8029,2.388
8032,2.394
8034,2.395
8037,2.477
8039,2.505
8042,2.495
8044,2.526
8047,2.63
8050,2.647
8052,2.437
8055,2.506
8057,2.438
8060,2.418
8062,2.457
8065,2.427
8067,2.518
8070,2.532
8072,2.527
8075,2.48
8077,2.442
8080,2.448
8082,2.424
8085,2.44
8087,2.412
8090,2.571
8093,2.645
8095,2.558
8098,2.69
8101,2.565
8103,2.591
8106,2.524
8108,2.507
8112,3.546
8115,2.614
8117,2.433
8120,2.528
8122,2.605
8125,2.653
8128,2.402
8130,2.529
8133,2.566
8135,2.562
8138,2.535
8141,2.713
8143,2.645
8146,2.639
8149,2.568
8151,2.611
8154,2.595
8157,2.56
8159,2.576
8162,2.644
8165,2.723
8168,2.734
8170,2.669
8173,2.662
8176,2.553
8178,2.559
8181,2.592
8183,2.547
8186,2.544
8189,2.548
8191,2.551
8194,2.548
8196,2.497
8199,2.466
8201,2.496
8204,2.526
8207,2.459
8209,2.562
8212,2.371
8214,2.475
8217,2.481
8219,2.545
8222,2.49
8224,2.586
8227,2.517
8230,2.493
8232,2.486
8235,2.528
8237,2.678
8240,2.455
8242,2.472
8245,2.693
8248,2.444
8250,2.502
8253,2.488
8255,2.515
8258,2.461
8260,2.439
8263,2.479
8265,2.458
8268,2.457
8270,2.324
8273,2.397
8276,3.589
8279,2.357
8281,2.377
8283,2.318
8286,2.353
8288,2.49
8291,2.384
8293,2.359
8296,2.39
8298,2.401
8301,2.415
8303,2.417
8306,2.429
8308,2.391
8310,2.501
8313,2.496
8315,2.278
8318,2.312
8320,2.409
8323,2.501
8326,2.748
8328,2.476
8331,2.483
8333,2.632
8336,2.479
8338,2.472
8341,2.568
8343,2.446
8346,2.52
8348,2.468
8351,2.496
8353,2.358
8356,2.413
8358,2.448
8361,2.447
8363,2.402
8366,2.486
8368,2.432
8371,2.371
8373,2.391
8376,2.415
8378,2.343
8380,2.367
8383,2.406
8385,2.452
8388,2.482
8391,2.472
8393,2.529
8396,2.895
8399,2.739
8401,2.599
8404,2.682
8407,2.686
8410,2.664
8413,2.822
8416,2.905
8418,2.856
8421,2.836
8424,2.834
8427,2.793
8430,2.795
8433,2.858
8436,2.893
8439,2.741
8441,2.772
8444,2.712
8447,2.706
8450,2.704
8453,2.957
8456,2.924
8458,2.83
8461,2.84
8464,2.919
8467,2.912
8470,2.863
8473,2.951
8476,2.752
8479,2.769
8482,2.867
8484,2.676
8487,2.57
8490,2.848
8493,2.821
8495,2.655
8498,2.542
8501,2.642
8503,2.662
8506,2.719
8509,2.777
8512,2.664
8515,2.735
8517,2.654
8520,2.663
8523,2.623
8525,2.661
8528,2.672
8531,2.741
8534,2.751
8536,2.739
8539,2.611
8542,2.718
8545,2.721
8547,2.58
8550,2.629
8553,2.669
8555,2.646
8558,2.697
8561,2.817
8564,2.846
8567,2.74
8570,2.841
8572,2.781
8575,2.645
8578,2.54
8580,2.552
8583,2.52
8585,2.615
8588,2.555
8591,2.593
8593,2.565
8596,2.574
8599,2.613
8601,2.534
8604,2.505
8607,3.458
8610,2.575
8613,2.582
8615,2.751
8618,2.501
8621,2.616
8623,2.479
8626,2.573
8629,2.868
8631,2.641
8634,2.589
8637,2.62
8639,2.657
8642,2.657
8645,2.674
8647,2.674
8650,2.636
8653,2.706
8656,2.666
8658,2.59
8661,2.727
8664,2.637
8666,2.699
8669,2.709
8672,2.686
8675,2.699
8677,2.644
8680,2.573
8683,2.597
8685,2.593
8688,2.618
8691,2.538
8693,2.71
8696,3.033
8699,2.696
8702,2.643
8705,2.748
8707,2.562
8710,2.719
8713,2.652
8715,2.649
8718,2.492
8721,2.646
8723,2.557
8726,2.63
8729,2.59
8731,2.618
8734,2.519
8736,2.606
8739,2.503
8742,2.674
8744,2.65
8747,2.669
8750,2.681
8753,2.608
8755,2.702
8758,2.513
8760,2.541
8763,2.473
8766,2.632
8768,2.475
8772,3.567
8774,2.517
8777,2.647
8780,2.831
8783,2.683
8785,2.748
8788,2.675
8791,2.761
8794,2.666
8796,2.698
8799,2.657
8802,2.651
8812,9.685
8814,2.734
8817,2.72
8820,2.627
8823,2.761
8825,2.776
8828,2.801
8831,2.68
8834,2.687
8837,2.786
8839,2.599
8842,2.755
8845,2.572
8847,2.708
8850,2.688
8853,2.603
8856,2.605
8858,2.733
8861,2.582
8864,2.617
8866,2.579
8869,2.727
8872,2.479
8874,2.662
8877,2.658
8880,2.676
8882,2.713
8885,2.792
8888,2.672
8891,2.756
8893,2.662
8896,2.535
8899,2.701
8901,2.52
8904,2.468
8906,2.518
8909,2.52
8911,2.398
8914,2.483
8917,2.526
8919,2.512
8922,2.649
8925,2.652
8927,2.506
8930,2.462
8932,2.463
8935,2.54
8937,2.462
8941,3.441
8943,2.416
8946,2.515
8948,2.509
8951,2.567
8953,2.442
8956,2.483
8958,2.456
8961,2.414
8963,2.495
8966,2.473
8969,2.542
8971,2.519
8974,2.392
8976,2.424
8978,2.375
8981,2.623
8984,2.443
8986,2.467
8989,2.473
8991,2.479
8994,2.546
8996,2.624
8999,2.622
9002,2.508
9004,2.557
9007,2.569
9009,2.513
9012,2.538
9015,2.524
9017,2.522
9020,2.485
9022,2.464
9025,2.283
9027,2.476
9030,2.519
9032,2.408
9035,2.509
9037,2.432
9040,2.422
9042,2.444
9045,2.467
9047,2.518
9050,2.49
9052,2.549
9055,2.499
9057,2.506
9060,2.492
9063,2.442
9065,2.569
9068,2.514
9070,2.523
9073,2.497
9075,2.447
9078,2.473
9080,2.557
9083,2.482
9086,2.554
9088,2.652
9092,3.597
9095,2.633
9097,2.571
9100,2.645
9103,2.581
9105,2.653
9108,2.639
9111,2.609
9113,2.637
9116,2.559
9119,2.562
9121,2.581
9124,2.494
9126,2.511
9129,2.667
9132,2.546
9134,2.565
9137,2.524
9139,2.592
9142,2.593
9145,2.632
9147,2.586
9150,2.613
9153,2.592
9155,2.53
9158,2.628
9161,2.558
9163,2.558
9166,2.518
9168,2.626
9171,2.81
9174,2.778
9177,2.629
9179,2.64
9182,2.517
9185,2.555
9187,2.522
9190,2.606
9192,2.44
9195,2.49
9197,2.502
9200,2.605
9203,2.518
9205,2.51
9208,2.565
9210,2.414
9213,2.536
9215,2.518
9218,2.505
9221,2.546
9223,2.494
9226,2.553
9228,2.631
9231,2.667
9234,2.67
9236,2.514
9239,2.537
9242,2.463
9244,2.551
9248,3.57
9250,2.557
9253,2.585
9256,2.493
9258,2.495
9261,2.521
9263,2.497
9266,2.481
9268,2.583
9271,2.549
9274,2.517
9276,2.6
9279,2.725
9281,2.477
9284,2.521
9287,2.533
9289,2.456
9292,2.493
9294,2.527
9297,2.442
9299,2.526
9302,2.5
9304,2.514
9307,2.452
9310,2.512
9312,2.549
9315,2.469
9317,2.523
9320,2.519
9322,2.597
9325,2.551
9328,2.546
9330,2.58
9333,2.602
9336,2.556
9338,2.653
9341,2.628
9344,2.682
9346,2.653
9349,2.646
9352,2.556
9355,2.882
9357,2.742
9360,2.655
9363,2.557
9365,2.571
9368,2.554
9371,2.689
9373,2.755
9376,2.632
9379,2.745
9382,2.751
9384,2.47
9387,2.492
9389,2.542
9392,2.522
9395,2.531
9397,2.488
9401,3.719
9403,2.469
9406,2.46
9409,2.575
9411,2.511
9414,2.514
9416,2.47
9419,2.553
9421,2.543
9424,2.626
9427,2.463
9429,2.588
9432,2.452
9434,2.424
9437,2.448
9439,2.469
9442,2.453
9444,2.483
9447,2.488
9449,2.528
9452,2.503
9454,2.446
9457,2.42
9459,2.455
9462,2.443
9464,2.529
9467,2.535
9470,2.51
9472,2.618
9475,2.575
9478,2.584
9480,2.702
9483,2.575
9486,2.572
9488,2.533
9491,2.551
9493,2.61
9496,2.576
9499,2.502
9501,2.736
9504,2.513
9507,2.636
9509,2.621
9512,2.586
9514,2.538
9517,2.593
9520,2.486
9522,2.489
9525,2.584
9528,2.615
9530,2.627
9533,2.767
9535,2.408
9538,2.512
9541,2.498
9543,2.777
9546,2.806
9550,3.73
9553,2.585
9555,2.388
9558,2.59
9560,2.443
9563,2.591
9565,2.572
9568,2.596
9571,2.385
9573,2.614
9576,2.527
9578,2.647
9581,2.601
9584,2.665
9586,2.574
9589,2.668
9592,2.524
9594,2.617
9597,2.513
9600,2.522
9602,2.593
9605,2.744
9608,2.646
9610,2.701
9613,2.761
9616,2.766
9619,2.572
9623,4.025
9626,2.696
9628,2.65
9631,2.391
9633,2.607
9636,2.611
9639,2.542
9641,2.521
9644,2.527
9646,2.581
9649,2.615
9652,2.491
9654,2.47
9657,2.639
9659,2.518
9662,2.577
9665,2.507
9667,2.382
9669,2.416
9672,2.352
9674,2.427
9677,2.739
9680,2.763
9683,2.516
9685,2.532
9688,2.422
9690,2.456
9693,2.485
9695,2.43
9698,2.637
9702,3.758
9704,2.634
9707,2.531
9709,2.459
9712,2.487
9714,2.505
9717,2.496
9720,2.657
9722,2.562
9725,2.693
9728,2.56
9730,2.541
9733,2.538
9735,2.568
9738,2.482
9741,2.663
9743,2.65
9746,2.489
9749,2.651
9751,2.745
9754,2.717
9757,2.806
9760,2.658
9762,2.644
9765,2.729
9768,2.477
9770,2.636
9773,2.965
9776,2.698
9779,2.637
9781,2.59
9784,2.589
9787,2.69
9789,2.567
9792,2.624
9795,2.637
9797,2.704
9800,2.674
9803,2.535
9805,2.478
9808,2.439
9810,2.604
9813,2.607
9816,2.559
9818,2.46
9821,2.62
9824,2.612
9826,2.651
9829,2.599
9832,2.57
9834,2.543
9837,2.563
9839,2.529
9842,2.513
9844,2.607
9847,2.689
9851,3.556
9853,2.59
9856,2.586
9859,2.542
9861,2.579
9864,2.573
9867,2.638
9869,2.634
9872,2.57
9875,2.621
9877,2.567
9880,2.449
9882,2.433
9885,2.539
9887,2.535
9890,2.505
9892,2.381
9895,2.633
9898,2.571
9902,2.466
9905,2.541
9907,2.467
9910,2.492
9912,2.363
9914,2.373
9917,2.526
9920,2.52
9922,2.45
9925,2.478
9927,2.522
9930,2.724
9933,2.576
9935,2.579
9938,2.547
9940,2.389
9943,2.49
9945,2.648
9948,2.542
9951,2.541
9953,2.558
9956,2.524
9958,2.616
9961,2.72
9964,2.586
9966,2.623
9969,2.693
9972,2.549
9974,2.615
9977,2.746
9980,2.609
9983,2.614
9985,2.651
9988,2.53
9990,2.521
9993,2.515
9996,3.432
9999,2.544
10002,2.589
10004,2.569
10007,2.585
10009,2.553
10012,2.622
10015,2.574
10017,2.499
10020,2.399
10022,2.439
10025,2.475
10027,2.498
10030,2.524
10032,2.642
10035,2.556
10038,2.648
10041,2.74
10043,2.586
10046,2.606
10049,2.629
10051,2.581
10054,2.552
10056,2.517
10059,2.547
10061,2.471
10064,2.505
10066,2.448
10069,2.584
10072,2.454
10074,2.565
10077,2.548
10079,2.511
10082,2.414
10085,2.621
10087,2.66
10090,2.572
10092,2.535
10095,2.541
10098,2.611
10100,2.682
10103,2.562
10106,2.622
10108,2.616
10111,2.666
10114,2.613
10116,2.672
10119,2.524
10122,2.54
10124,2.596
10127,2.656
10130,2.978
10133,2.879
10136,2.653
10140,3.854
10142,2.731
10145,2.71
10148,2.575
10150,2.624
10153,2.764
10156,2.859
10159,2.756
10162,2.723
10164,2.747
10167,2.651
10170,2.691
10173,2.682
10175,2.746
10178,2.726
10181,2.797
10184,2.742
10187,2.648
10189,2.662
10192,2.468
10194,2.586
10197,2.627
10200,2.581
10202,2.598
10205,2.698
10208,2.56
10210,2.483
10213,2.611
10215,2.538
10218,2.705
10221,2.574
10223,2.552
10226,2.71
10229,2.718
10232,2.649
10234,2.743
10237,2.779
10240,2.683
10243,2.722
10245,2.665
10248,2.725
10251,2.708
10254,2.71
10256,2.551
10259,2.673
10262,2.613
10264,2.701
10267,2.599
10270,2.614
10273,2.7
10275,2.64
10278,2.568
10280,2.52
10283,2.574
10287,3.58
10289,2.563
10292,2.473
10294,2.575
10297,2.641
10300,2.567
10302,2.527
10305,2.672
10308,2.677
10310,2.631
10313,2.773
10316,2.536
10318,2.583
10321,2.702
10324,2.459
10326,2.511
10329,2.647
10331,2.4
10334,2.516
10337,2.55
10339,2.631
10342,2.526
10344,2.492
10347,2.524
10350,2.593
10352,2.646
10355,2.547
10357,2.448
10360,2.627
10363,2.517
10365,2.517
10368,2.647
10371,2.686
10373,2.712
10376,2.638
10379,2.71
10382,2.697
10384,2.616
10387,2.685
10390,2.741
10392,2.693
10395,2.644
10398,2.666
10401,2.678
10403,2.739
10406,2.659
10409,2.599
10412,2.661
10414,2.655
10417,2.667
10420,2.553
10422,2.63
10425,2.527
10429,3.618
10431,2.496
10434,2.562
10436,2.592
10439,2.577
10442,2.53
10444,2.698
10447,2.652
10450,2.601
10452,2.701
10455,2.727
10458,2.704
10461,2.692
10463,2.661
10466,2.728
10469,2.719
10472,2.627
10474,2.597
10477,2.782
10480,2.53
10483,2.895
10485,2.696
10488,2.717
10491,2.659
10493,2.521
10496,2.684
10500,2.586
10502,2.619
10505,2.432
10507,2.637
10510,2.633
10513,2.607
10516,2.662
10518,2.59
10521,2.594
10523,2.57
10526,2.536
10529,2.55
10531,2.604
10534,2.516
10536,2.524
10539,2.539
10542,2.475
10544,2.498
10547,2.507
10549,2.441
10552,2.417
10554,2.443
10557,2.421
10559,2.491
10562,2.498
10564,2.475
10568,3.41
10570,2.48
10573,2.46
10575,2.556
10578,2.493
10580,2.454
10583,2.458
10585,2.508
10588,2.457
10590,2.52
10593,2.506
10596,2.498
10598,2.37
10601,2.439
10603,2.484
10606,2.464
10608,2.483
10611,2.404
10613,2.541
10616,2.647
10618,2.553
10621,2.683
10624,2.527
10626,2.601
10629,2.63
10632,2.601
10634,2.545
10637,2.53
10639,2.523
10642,2.618
10645,2.613
10647,2.638
10650,2.375
10652,2.529
10655,2.566
10658,2.484
10660,2.342
10662,2.5
10665,2.609
10668,2.465
10670,2.402
10673,2.476
10675,2.42
10678,2.49
10680,2.553
10683,2.441
10685,2.537
10688,2.386
10690,2.434
10693,2.502
10695,2.65
10698,2.491
10702,3.67
10704,2.531
10707,2.527
10709,2.548
10712,2.454
10714,2.465
10717,2.558
10720,2.473
10722,2.467
10725,2.471
10727,2.455
10730,2.384
10732,2.514
10735,2.441
10737,2.529
10740,2.421
10742,2.524
10745,2.424
10747,2.436
10750,2.376
10752,2.403
10754,2.34
10757,2.559
10759,2.442
10762,2.339
10764,2.518
10767,2.6
10770,2.474
10772,2.566
10775,2.553
10777,2.572
10780,2.599
10783,2.664
10785,2.513
10788,2.583
10791,2.58
10793,2.563
10796,2.511
10798,2.536
10801,2.617
10804,2.441
10806,2.425
10809,2.405
10811,2.445
10814,2.537
10816,2.525
10819,2.452
10821,2.462
10824,2.453
10826,2.441
10829,2.609
10833,3.486
10835,2.482
10838,2.545
10840,2.6
10843,2.539
10846,2.551
10848,2.448
10851,2.53
10853,2.62
10856,2.455
10858,2.372
10861,2.488
10863,2.446
10866,2.505
10868,2.493
10871,2.489
10873,2.47
10876,2.515
10879,2.413
10881,2.583
10884,2.528
10886,2.525
10889,2.694
10892,2.571
10894,2.554
10897,2.388
10899,2.525
10902,2.519
10905,2.636
10907,2.518
10910,2.588
10912,2.535
10915,2.542
10924,9.078
10927,2.773
10933,4.019
10936,2.524
10938,2.52
10941,2.585
10943,2.403
10946,2.483
10948,2.462
10951,2.455
10953,2.493
10956,2.489
10958,2.443
10961,2.543
10963,2.415
10966,2.422
10968,2.555
10971,2.515
10974,3.449
10977,2.462
10980,2.483
10982,2.493
10985,2.528
10987,2.587
10990,2.6
10993,2.59
10995,2.637
10998,2.625
11000,2.593
11003,2.553
11006,2.597
11008,2.467
11011,2.569
11013,2.536
11016,2.487
11019,2.562
11021,2.528
11024,2.589
11026,2.518
11029,2.657
11032,2.558
11034,2.672
11037,2.592
11040,2.615
11042,2.604
11045,2.637
11048,2.61
11050,2.533
11053,2.509
11055,2.581
11058,2.625
11061,2.542
11063,2.614
11066,2.596
11069,2.672
11071,2.709
11074,2.723
11077,2.8
11080,2.638
11083,2.795
11085,2.736
11088,2.784
11091,2.808
11094,2.66
11097,2.684
11099,2.794
11102,2.662
11106,4.2
11109,2.57
11112,2.537
11114,2.663
11117,2.686
11120,2.608
11122,2.622
11125,2.646
11128,2.711
11131,2.647
11133,2.776
11136,2.845
11139,2.8
11142,2.67
11145,2.866
11148,2.804
11150,2.768
11153,2.819
11156,2.767
11159,2.815
11162,2.671
11164,2.678
11167,2.685
11170,2.64
11173,2.639
11175,2.645
11178,2.686
11181,2.65
11183,2.636
11186,2.611
11189,2.598
11191,2.65
11194,2.647
11197,2.64
11200,2.644
11202,2.648
11205,2.582
11208,2.63
11210,2.609
11213,2.567
11215,2.661
11218,2.615
11221,2.662
11223,2.555
11226,2.594
11229,2.671
11231,2.563
11234,2.521
11237,2.598
11240,3.579
11243,2.735
11246,2.519
11248,2.673
11251,2.452
11254,2.922
11257,2.556
11259,2.606
11262,2.682
11265,2.631
11267,2.715
11270,2.785
11273,2.742
11276,2.737
11279,2.816
11281,2.699
11284,2.724
11287,2.786
11290,2.773
11293,2.822
11296,2.873
11299,2.932
11301,2.746
11304,2.387
11307,2.574
11309,2.691
11312,2.542
11315,2.676
11317,2.718
11320,2.568
11323,2.701
11326,2.726
11328,2.658
11331,2.676
11334,2.849
11337,2.812
11339,2.65
11342,2.573
11345,2.541
11347,2.593
11350,2.673
11353,2.703
11355,2.582
11358,2.623
11361,2.618
11363,2.618
11366,2.572
11369,2.612
11371,2.622
11375,3.769
11378,2.55
11380,2.377
11383,2.624
11385,2.51
11388,2.436
11391,2.62
11393,2.591
11396,2.572
11398,2.468
11401,2.615
11404,2.442
11406,2.418
11409,2.42
11411,2.395
11414,2.617
11416,2.429
11419,2.489
11421,2.576
11424,2.681
11427,2.474
11429,2.541
11432,2.391
11434,2.549
11437,2.457
11439,2.565
11442,2.77
11445,2.791
11448,2.816
11451,2.791
11454,2.849
11457,2.744
11460,2.892
11463,2.966
11466,3.218
11470,3.186
11473,3.15
11476,2.931
11479,2.898
11482,2.884
11485,2.951
11488,2.824
11491,2.653
11494,2.879
11497,2.998
11499,2.584
11502,2.61
11505,2.493
11507,2.471
11511,3.818
11514,2.62
11516,2.654
11519,2.644
11522,2.63
11525,2.629
11527,2.661
11530,2.66
11533,2.627
11535,2.673
11538,2.585
11541,2.644
11543,2.433
11546,2.556
11549,2.516
11551,2.549
11554,2.532
11557,2.738
11559,2.587
11562,2.646
11564,2.493
11567,2.602
11570,2.54
11572,2.639
11575,2.462
11578,2.525
11580,2.506
11583,2.495
11585,2.513
11588,2.606
11590,2.541
11593,2.627
11596,2.516
11598,2.655
11601,2.493
11603,2.381
11606,2.508
11608,2.428
11611,2.517
11614,2.502
11616,2.58
11619,2.569
11621,2.499
11624,2.459
11626,2.491
11629,2.588
11632,2.5
11635,3.689
11638,2.474
11640,2.648
11643,2.506
11645,2.252
11648,2.507
11650,2.511
11653,2.529
11655,2.436
11658,2.449
11661,2.514
11663,2.636
11666,2.509
11668,2.478
11671,2.426
11673,2.654
11676,2.481
11679,2.658
11681,2.432
11684,2.449
11686,2.476
11689,2.548
11691,2.565
11694,2.528
11697,2.587
11699,2.543
11702,2.511
11704,2.487
11707,2.515
11711,2.58
11713,2.582
11716,2.345
11718,2.32
11721,2.471
11723,2.531
11726,2.48
11728,2.462
11731,2.598
11733,2.505
11736,2.377
11738,2.466
11741,2.36
11744,2.855
11746,2.226
11748,2.557
11751,2.328
11753,2.357
11757,3.706
11759,2.322
11762,2.507
11764,2.533
11767,2.581
11770,2.467
11772,2.504
11775,2.909
11778,2.709
11781,2.736
11784,2.871
11786,2.63
11789,2.635
11792,2.526
11794,2.605
11797,2.474
11799,2.535
11802,2.437
11804,2.474
11807,2.445
11809,2.503
11812,2.421
11814,2.621
11817,2.499
11820,2.735
11822,2.565
11825,2.513
11828,2.455
11830,2.453
11833,2.464
11835,2.421
11838,2.49
11840,2.468
11843,2.546
11845,2.452
11848,2.389
11850,2.4
11852,2.38
11855,2.154
11857,2.417
11860,2.678
11862,2.653
11865,2.647
11868,2.687
11871,2.671
11873,2.668
11877,3.59
11880,2.67
11882,2.608
11890,2.884
11893,2.715
11895,2.571
11898,2.543
11901,2.598
11903,2.64
11906,2.515
11909,2.589
11911,2.508
11914,2.624
11916,2.633
11919,2.481
11921,2.452
11924,2.72
11927,2.79
11930,2.829
11933,2.738
11935,2.692
11938,2.357
11940,2.579
11943,2.652
11946,2.546
11948,2.58
11951,2.522
11954,2.606
11956,2.632
11959,2.535
11961,2.593
11964,2.649
11967,2.503
11969,2.53
11972,2.504
11974,2.631
11977,2.631
11980,2.489
11982,2.554
11985,2.69
11988,2.526
11990,2.641
11993,2.579
11996,2.645
11998,2.753
12001,2.74
12005,3.529
12007,2.602
12010,2.623
12013,2.607
12015,2.553
12018,2.608
12021,2.757
12023,2.678
12026,2.553
12029,2.609
12031,2.534
12034,2.526
12036,2.508
12039,2.612
12042,2.577
12044,2.632
12047,2.586
12049,2.523
12052,2.586
12055,2.701
12057,2.556
12060,2.587
12063,2.565
12065,2.671
12068,2.618
12071,2.582
12073,2.586
12076,2.603
12078,2.574
12081,2.703
12084,2.663
12087,2.737
12089,2.657
12092,2.672
12095,2.511
12098,2.702
12100,2.622
12103,2.554
12106,2.648
12108,2.629
12111,2.558
12113,2.556
12116,2.502
12118,2.431
12121,2.728
12125,3.558
12128,2.657
12130,2.615
12133,2.687
12136,2.569
12138,2.672
12141,2.547
12143,2.439
12146,2.593
12149,2.762
12152,2.907
12155,2.798
12157,2.724
12160,2.48
12163,2.817
12166,2.68
12168,2.389
12171,2.576
12173,2.605
12176,2.693
12179,2.506
12181,2.631
12184,2.475
12186,2.544
12189,2.665
12192,2.628
12194,2.626
12197,2.801
12200,2.718
12203,2.577
12205,2.623
12208,2.606
12211,2.633
12213,2.675
12216,2.652
12219,2.75
12221,2.618
12224,2.683
12227,2.688
12230,2.585
12232,2.712
12235,2.63
12238,2.774
12241,2.702
12243,2.626
12252,8.505
12255,2.888
12258,2.726
12261,3.481
12264,2.586
12273,9.749
12276,2.579
12279,2.466
12281,2.632
12284,2.711
12287,2.652
12289,2.685
12292,2.606
12295,2.519
12297,2.663
12300,2.64
12303,2.643
12305,2.568
12308,2.746
12311,2.747
12314,2.555
12316,2.425
12325,9.346
12328,2.894
12331,2.537
12333,2.515
12336,2.452
12338,2.46
12341,2.476
12344,2.518
12346,2.3
12349,2.597
12351,2.5
12354,2.571
12357,2.881
12359,2.684
12362,2.494
12365,2.754
12367,2.773
12370,2.824
12373,2.769
12376,2.521
12378,2.46
12381,2.494
12383,2.496
12386,2.447
12388,2.489
12391,2.463
12394,3.28
12397,2.442
12399,2.545
12402,2.59
12405,2.911
12408,2.717
12410,2.581
12413,2.543
12415,2.649
12418,2.57
12421,2.598
12423,2.672
12426,2.66
12428,2.312
12431,2.57
12434,2.723
12436,2.502
12439,2.578
12442,2.517
12444,2.579
12447,2.589
12449,2.583
12452,2.935
12455,2.627
12458,2.698
12461,2.575
12463,2.638
12466,2.745
12469,2.66
12471,2.727
12474,2.776
12477,2.678
12480,2.604
12482,2.623
12485,2.771
12488,2.583
12490,2.552
12493,2.685
12496,2.483
12498,2.698
12501,2.835
12503,2.214
12506,2.675
12509,2.652
12513,4.011
12516,2.662
12518,2.605
12521,2.666
12524,2.567
12526,2.576
12529,2.649
12531,2.465
12534,2.588
12537,2.515
12539,2.578
12542,2.512
12544,2.584
12547,2.449
12550,2.599
12552,2.443
12555,3.162
12558,2.633
12561,2.798
12563,2.686
12566,2.598
12569,2.599
12571,2.531
12574,2.736
12577,2.53
12579,2.514
12582,2.555
12584,2.544
12587,2.528
12590,2.44
12592,2.447
12595,2.498
12597,2.466
12599,2.377
12602,2.462
12605,2.553
12607,2.478
12610,2.733
12612,2.529
12615,2.8
12618,2.562
12621,2.633
12623,2.6
12626,2.587
12629,3.372
12632,2.681
12635,2.616
12637,2.739
12640,2.633
12643,2.747
12646,2.596
12648,2.779
12651,2.671
12654,2.839
12657,2.826
12660,2.801
12663,3.075
12666,2.811
12668,2.662
12671,2.685
12674,2.685
12677,2.841
12679,2.647
12682,2.699
12685,2.652
12688,2.655
12697,9.523
12700,2.771
12703,2.861
12706,2.687
12708,2.639
12711,2.779
12714,3.01
12717,3.16
12720,3.034
12723,2.988
12727,3.043
12730,2.923
12733,2.969
12736,3.114
12739,2.894
12742,2.945
12744,2.478
12747,2.986
12750,2.83
12753,3.179
12756,2.714
12759,2.739
12763,3.809
12766,3.241
12769,3.282
12773,3.26
12776,3.139
12779,3.203
12782,3.167
12785,3.061
12788,3.027
12792,3.23
12795,3.246
12798,3.119
12801,3.244
12804,2.958
12808,3.113
12811,3.202
12814,3.267
12817,3.004
12820,3.125
12823,2.671
12826,2.818
12829,2.927
12832,2.866
12835,2.907
12838,2.729
12841,2.982
12843,2.727
12846,2.736
12849,2.913
12852,2.726
12855,2.804
12858,3.014
12861,2.904
12864,3.1
12867,3.003
12870,2.786
12873,3.013
12876,2.979
12879,3.192
12882,2.742
12885,2.92
12888,2.885
12891,3.117
12894,3.009
12898,4.27
12901,3.068
12905,3.252
12907,2.799
12910,2.901
12914,3.104
12917,2.956
12920,2.962
12923,3.061
12926,3.009
12929,2.798
12932,2.913
12934,2.871
12937,2.991
12941,3.013
12943,2.844
12947,3.065
12950,3.032
12953,3.087
12957,3.954
12964,6.891
12967,3.104
12970,2.996
12973,2.816
12975,2.658
12979,3.043
12982,3.111
12985,3.208
12988,3.177
12991,2.934
12994,2.937
12997,3.118
13001,3.164
13004,2.992
13007,3.101
13010,3.274
13013,2.962
13016,2.958
13019,2.948
13022,3.099
13025,2.839
13028,2.998
13031,3.031
13035,4.205
13039,3.183
13042,3.156
13045,2.914
13048,2.842
13051,2.907
13054,2.81
13057,3.12
13059,2.611
13069,10.087
13073,3.016
13076,3.143
13079,3.053
13082,3.112
13085,3.069
13088,2.89
13091,2.932
13094,2.981
13097,2.916
13100,2.837
13103,2.936
13106,2.903
13109,3.133
13112,2.976
13115,2.913
13118,2.8
13121,2.931
13124,2.803
13127,3.159
13130,3.071
13133,3.199
13136,3.149
13139,3.021
13143,3.003
13146,3.05
13149,3.092
13152,3.217
13155,2.993
13158,2.961
13161,2.941
13164,2.785
13167,3.026
13170,2.603
13174,4.041
13177,2.938
13180,2.989
13182,2.734
13186,3.046
13188,2.641
13191,2.835
13194,2.703
13197,2.825
13200,3.111
13203,3.179
13206,3.009
13209,2.994
13212,2.828
13215,2.872
13218,2.965
13221,3.013
13224,2.906
13227,3.072
13230,2.944
13233,3.057
13236,2.953
13239,2.991
13243,3.254
13246,3.181
13249,2.923
13252,3.15
13255,3.091
13258,3.011
13261,2.998
13264,2.999
13267,3.031
13271,3.157
13274,3.065
13277,3.187
13280,3.248
13283,3.157
13287,3.181
13290,3.129
13293,3.104
13296,2.938
13299,3.191
13303,4.137
13307,3.114
13310,3.174
13313,3.134
13316,3.226
13319,3.179
13323,3.271
13326,3.218
13329,3.157
13332,2.972
13335,3.048
13339,3.128
13342,3.284
13345,3.372
13349,3.261
13352,3.381
13355,3.318
13359,3.324
13362,3.362
13366,3.304
13369,2.923
13372,3.19
13375,3.147
13378,3.237
13382,3.33
13385,3.338
13388,3.3
13392,3.148
13395,3.184
13398,3.14
13401,3.038
13404,2.906
13407,3.019
13410,3.18
13414,3.006
13417,3.092
13420,3.059
13423,2.953
13426,2.984
13429,3.139
13432,2.814
13435,3.045
13439,4.212
13442,3.021
13445,3.027
13449,3.193
13452,3.101
13455,2.991
13458,3.051
13461,2.834
13464,3.019
13467,3.051
13470,3.127
13473,2.855
13476,2.72
13479,2.697
13481,2.527
13484,2.689
13487,2.725
13489,2.717
13492,2.701
13495,2.588
13498,2.689
13500,2.482
13503,2.788
13506,2.683
13508,2.595
13511,2.605
13514,2.547
13516,2.589
13519,2.599
13522,2.668
13524,2.71
13527,2.491
13530,2.548
13532,2.591
13535,2.641
13537,2.511
13540,2.519
13543,2.516
13545,2.52
13548,2.488
13550,2.484
13553,2.504
13557,3.775
13559,2.384
13562,2.646
13564,2.651
13567,2.475
13569,2.493
13572,2.579
13575,2.632
13577,2.633
13580,2.676
13583,2.531
13585,2.537
13588,2.498
13591,2.681
13593,2.503
13596,2.475
13598,2.506
13601,2.519
13603,2.592
13606,2.56
13609,2.575
13611,2.78
13614,3.0
13617,2.677
13620,2.717
13623,2.91
13626,2.683
13629,3.06
13632,2.899
13635,2.908
13637,2.741
13640,2.685
13643,3.063
13646,2.845
13649,3.034
13652,2.891
13655,3.065
13658,2.915
13661,2.785
13664,2.678
13667,2.856
13670,3.753
13673,2.649
13676,2.936
13679,2.792
13682,2.872
13685,2.95
13688,3.057
13691,2.699
13693,2.692
13696,2.589
13699,2.571
13701,2.796
13704,2.592
13707,2.521
13709,2.606
13712,2.774
13715,2.647
13718,2.627
13720,2.696
13723,2.682
13726,3.136
13729,3.205
13733,3.165
13736,3.262
13739,3.251
13743,3.197
13746,2.995
13749,2.917
13752,2.936
13755,3.043
